Namespace(data_dir='/data/yihua/dataset/celeba/celeba.hdf5', result_dir='results', checkpoint=None, resume=False, domain_attrs='Male', target_attrs='Heavy_Makeup', exp_name=None, batch_size=512, lr=0.0001, wd=2e-05, epochs=20, seed=2023, num_workers=8, arch='resnet9', evaluate=False, gv=10.0, gr=0.1)
======================================= Epoch 0 =======================================
================= Test Set =================
+++++++++++ Find New Best Min ACC +++++++++++
The acc is 0.5000, 0.5000, 0.5000
Time Consumption for one epoch is 9.19230580329895s
======================================= Epoch 1 =======================================
================= Test Set =================
The acc is 0.5000, 0.5000, 0.5000
Time Consumption for one epoch is 8.748999118804932s
======================================= Epoch 2 =======================================
================= Test Set =================
+++++++++++ Find New Best Min ACC +++++++++++
The acc is 0.5818, 0.5227, 0.5966
Time Consumption for one epoch is 7.684436798095703s
======================================= Epoch 3 =======================================
================= Test Set =================
The acc is 0.5818, 0.5227, 0.5966
Time Consumption for one epoch is 7.345525026321411s
======================================= Epoch 4 =======================================
================= Test Set =================
The acc is 0.5818, 0.5227, 0.5966
Time Consumption for one epoch is 7.22703218460083s
======================================= Epoch 5 =======================================
================= Test Set =================
+++++++++++ Find New Best Min ACC +++++++++++
The acc is 0.6000, 0.5455, 0.6136
Time Consumption for one epoch is 7.997837781906128s
======================================= Epoch 6 =======================================
================= Test Set =================
+++++++++++ Find New Best Min ACC +++++++++++
The acc is 0.6091, 0.5227, 0.6307
Time Consumption for one epoch is 10.786494493484497s
======================================= Epoch 7 =======================================
================= Test Set =================
+++++++++++ Find New Best Min ACC +++++++++++
The acc is 0.6182, 0.4318, 0.6648
Time Consumption for one epoch is 8.32432508468628s
======================================= Epoch 8 =======================================
================= Test Set =================
The acc is 0.6182, 0.4318, 0.6648
Time Consumption for one epoch is 7.4554901123046875s
======================================= Epoch 9 =======================================
================= Test Set =================
+++++++++++ Find New Best Min ACC +++++++++++
The acc is 0.6409, 0.5455, 0.6648
Time Consumption for one epoch is 7.695086717605591s
======================================= Epoch 10 =======================================
================= Test Set =================
The acc is 0.6409, 0.5455, 0.6648
Time Consumption for one epoch is 8.408743381500244s
======================================= Epoch 11 =======================================
================= Test Set =================
The acc is 0.6409, 0.5455, 0.6648
Time Consumption for one epoch is 8.380385637283325s
======================================= Epoch 12 =======================================
================= Test Set =================
The acc is 0.6409, 0.5455, 0.6648
Time Consumption for one epoch is 7.802217245101929s
======================================= Epoch 13 =======================================
================= Test Set =================
The acc is 0.6409, 0.5455, 0.6648
Time Consumption for one epoch is 6.944246053695679s
======================================= Epoch 14 =======================================
================= Test Set =================
The acc is 0.6409, 0.5455, 0.6648
Time Consumption for one epoch is 7.539622068405151s
======================================= Epoch 15 =======================================
================= Test Set =================
The acc is 0.6409, 0.5455, 0.6648
Time Consumption for one epoch is 8.220888376235962s
======================================= Epoch 16 =======================================
================= Test Set =================
The acc is 0.6409, 0.5455, 0.6648
Time Consumption for one epoch is 7.977171897888184s
======================================= Epoch 17 =======================================
================= Test Set =================
The acc is 0.6409, 0.5455, 0.6648
Time Consumption for one epoch is 8.45232892036438s
======================================= Epoch 18 =======================================
================= Test Set =================
The acc is 0.6409, 0.5455, 0.6648
Time Consumption for one epoch is 7.760912895202637s
======================================= Epoch 19 =======================================
================= Test Set =================
The acc is 0.6409, 0.5455, 0.6648
Time Consumption for one epoch is 7.286654949188232s
The final acc is 0.6409, 0.5455, 0.6648
