Namespace(data_dir='/data/yihua/dataset/celeba/celeba.hdf5', result_dir='rotation_study', checkpoint=None, resume=False, domain_attrs='Male', target_attrs='Blond_Hair', exp_name=None, batch_size=512, lr=0.0001, wd=2e-05, epochs=20, seed=2021, num_workers=8, arch='resnet18', evaluate=False, total_num=5000, test_num=1000, gv=180.0, gr=0.5, minor_ratio=0.2, add_aug='rotation')
======================================= Epoch 0 =======================================
================= Test Set =================
+++++++++++ Find New Best Min ACC +++++++++++
The acc is 0.4624, 0.4186, 0.5000
Time Consumption for one epoch is 24.265586376190186s
======================================= Epoch 1 =======================================
================= Test Set =================
+++++++++++ Find New Best Min ACC +++++++++++
The acc is 0.5581, 0.5884, 0.5320
Time Consumption for one epoch is 19.84159207344055s
======================================= Epoch 2 =======================================
================= Test Set =================
The acc is 0.5581, 0.5884, 0.5320
Time Consumption for one epoch is 20.722773790359497s
======================================= Epoch 3 =======================================
================= Test Set =================
The acc is 0.5581, 0.5884, 0.5320
Time Consumption for one epoch is 21.707094192504883s
======================================= Epoch 4 =======================================
================= Test Set =================
+++++++++++ Find New Best Min ACC +++++++++++
The acc is 0.6914, 0.6977, 0.6860
Time Consumption for one epoch is 21.777499198913574s
======================================= Epoch 5 =======================================
================= Test Set =================
+++++++++++ Find New Best Min ACC +++++++++++
The acc is 0.8581, 0.8209, 0.8900
Time Consumption for one epoch is 21.65468192100525s
======================================= Epoch 6 =======================================
================= Test Set =================
+++++++++++ Find New Best Min ACC +++++++++++
The acc is 0.8667, 0.8395, 0.8900
Time Consumption for one epoch is 20.872291564941406s
======================================= Epoch 7 =======================================
================= Test Set =================
The acc is 0.8667, 0.8395, 0.8900
Time Consumption for one epoch is 21.35679316520691s
======================================= Epoch 8 =======================================
================= Test Set =================
The acc is 0.8667, 0.8395, 0.8900
Time Consumption for one epoch is 19.952125310897827s
======================================= Epoch 9 =======================================
================= Test Set =================
+++++++++++ Find New Best Min ACC +++++++++++
The acc is 0.8720, 0.8442, 0.8960
Time Consumption for one epoch is 21.451932907104492s
======================================= Epoch 10 =======================================
================= Test Set =================
The acc is 0.8720, 0.8442, 0.8960
Time Consumption for one epoch is 20.93916368484497s
======================================= Epoch 11 =======================================
================= Test Set =================
The acc is 0.8720, 0.8442, 0.8960
Time Consumption for one epoch is 23.18070340156555s
======================================= Epoch 12 =======================================
================= Test Set =================
+++++++++++ Find New Best Min ACC +++++++++++
The acc is 0.8892, 0.8698, 0.9060
Time Consumption for one epoch is 21.746386528015137s
======================================= Epoch 13 =======================================
================= Test Set =================
The acc is 0.8892, 0.8698, 0.9060
Time Consumption for one epoch is 21.311869144439697s
======================================= Epoch 14 =======================================
================= Test Set =================
The acc is 0.8892, 0.8698, 0.9060
Time Consumption for one epoch is 22.07762861251831s
======================================= Epoch 15 =======================================
================= Test Set =================
The acc is 0.8892, 0.8698, 0.9060
Time Consumption for one epoch is 22.119884729385376s
======================================= Epoch 16 =======================================
================= Test Set =================
+++++++++++ Find New Best Min ACC +++++++++++
The acc is 0.8978, 0.8767, 0.9160
Time Consumption for one epoch is 21.09017014503479s
======================================= Epoch 17 =======================================
================= Test Set =================
+++++++++++ Find New Best Min ACC +++++++++++
The acc is 0.9000, 0.8814, 0.9160
Time Consumption for one epoch is 22.792851209640503s
======================================= Epoch 18 =======================================
================= Test Set =================
+++++++++++ Find New Best Min ACC +++++++++++
The acc is 0.9032, 0.8860, 0.9180
Time Consumption for one epoch is 21.00915265083313s
======================================= Epoch 19 =======================================
================= Test Set =================
The acc is 0.9032, 0.8860, 0.9180
Time Consumption for one epoch is 20.63014578819275s
The final acc is 0.9032, 0.8860, 0.9180
