Namespace(data_dir='/data/yihua/dataset/celeba/celeba.hdf5', result_dir='results', checkpoint=None, resume=False, domain_attrs='Male', target_attrs='Blond_Hair', exp_name=None, batch_size=512, lr=0.0001, wd=2e-05, epochs=20, seed=2021, num_workers=8, arch='resnet18', evaluate=False, gv=0.1, gr=0.5)
======================================= Epoch 0 =======================================
================= Test Set =================
+++++++++++ Find New Best Min ACC +++++++++++
The acc is 0.5000, 0.5000, 0.5000
Time Consumption for one epoch is 46.23873734474182s
======================================= Epoch 1 =======================================
================= Test Set =================
+++++++++++ Find New Best Min ACC +++++++++++
The acc is 0.8744, 0.8056, 0.8917
Time Consumption for one epoch is 44.64729690551758s
======================================= Epoch 2 =======================================
================= Test Set =================
+++++++++++ Find New Best Min ACC +++++++++++
The acc is 0.8906, 0.8639, 0.8972
Time Consumption for one epoch is 45.943649768829346s
======================================= Epoch 3 =======================================
================= Test Set =================
The acc is 0.8906, 0.8639, 0.8972
Time Consumption for one epoch is 43.80027103424072s
======================================= Epoch 4 =======================================
================= Test Set =================
+++++++++++ Find New Best Min ACC +++++++++++
The acc is 0.8950, 0.8806, 0.8986
Time Consumption for one epoch is 44.75391697883606s
======================================= Epoch 5 =======================================
================= Test Set =================
The acc is 0.8950, 0.8806, 0.8986
Time Consumption for one epoch is 44.80664348602295s
======================================= Epoch 6 =======================================
================= Test Set =================
The acc is 0.8950, 0.8806, 0.8986
Time Consumption for one epoch is 44.88707947731018s
======================================= Epoch 7 =======================================
================= Test Set =================
+++++++++++ Find New Best Min ACC +++++++++++
The acc is 0.9011, 0.8861, 0.9049
Time Consumption for one epoch is 45.54259943962097s
======================================= Epoch 8 =======================================
================= Test Set =================
+++++++++++ Find New Best Min ACC +++++++++++
The acc is 0.9056, 0.8806, 0.9118
Time Consumption for one epoch is 44.30437159538269s
======================================= Epoch 9 =======================================
================= Test Set =================
The acc is 0.9056, 0.8806, 0.9118
Time Consumption for one epoch is 42.15998959541321s
======================================= Epoch 10 =======================================
================= Test Set =================
+++++++++++ Find New Best Min ACC +++++++++++
The acc is 0.9078, 0.8861, 0.9132
Time Consumption for one epoch is 46.24882936477661s
======================================= Epoch 11 =======================================
================= Test Set =================
The acc is 0.9078, 0.8861, 0.9132
Time Consumption for one epoch is 44.94303560256958s
======================================= Epoch 12 =======================================
================= Test Set =================
+++++++++++ Find New Best Min ACC +++++++++++
The acc is 0.9156, 0.8972, 0.9201
Time Consumption for one epoch is 46.13175916671753s
======================================= Epoch 13 =======================================
================= Test Set =================
The acc is 0.9156, 0.8972, 0.9201
Time Consumption for one epoch is 44.105668783187866s
======================================= Epoch 14 =======================================
================= Test Set =================
The acc is 0.9156, 0.8972, 0.9201
Time Consumption for one epoch is 43.721603870391846s
======================================= Epoch 15 =======================================
================= Test Set =================
The acc is 0.9156, 0.8972, 0.9201
Time Consumption for one epoch is 43.95254731178284s
======================================= Epoch 16 =======================================
================= Test Set =================
The acc is 0.9156, 0.8972, 0.9201
Time Consumption for one epoch is 43.58056998252869s
======================================= Epoch 17 =======================================
================= Test Set =================
The acc is 0.9156, 0.8972, 0.9201
Time Consumption for one epoch is 43.752811670303345s
======================================= Epoch 18 =======================================
================= Test Set =================
The acc is 0.9156, 0.8972, 0.9201
Time Consumption for one epoch is 43.848565340042114s
======================================= Epoch 19 =======================================
================= Test Set =================
The acc is 0.9156, 0.8972, 0.9201
Time Consumption for one epoch is 44.1676287651062s
The final acc is 0.9156, 0.8972, 0.9201
