Namespace(data_dir='/data/yihua/dataset/celeba/celeba.hdf5', result_dir='results', checkpoint=None, resume=False, domain_attrs='Male', target_attrs='Heavy_Makeup', exp_name=None, batch_size=512, lr=0.0001, wd=2e-05, epochs=20, seed=2023, num_workers=8, arch='resnet9', evaluate=False, gv=10.0, gr=0.3)
======================================= Epoch 0 =======================================
================= Test Set =================
+++++++++++ Find New Best Min ACC +++++++++++
The acc is 0.4955, 0.5000, 0.4943
Time Consumption for one epoch is 9.567315101623535s
======================================= Epoch 1 =======================================
================= Test Set =================
+++++++++++ Find New Best Min ACC +++++++++++
The acc is 0.5045, 0.5227, 0.5000
Time Consumption for one epoch is 8.904324531555176s
======================================= Epoch 2 =======================================
================= Test Set =================
The acc is 0.5045, 0.5227, 0.5000
Time Consumption for one epoch is 7.5031208992004395s
======================================= Epoch 3 =======================================
================= Test Set =================
+++++++++++ Find New Best Min ACC +++++++++++
The acc is 0.5682, 0.5000, 0.5852
Time Consumption for one epoch is 8.615078449249268s
======================================= Epoch 4 =======================================
================= Test Set =================
+++++++++++ Find New Best Min ACC +++++++++++
The acc is 0.6227, 0.5000, 0.6534
Time Consumption for one epoch is 9.360740423202515s
======================================= Epoch 5 =======================================
================= Test Set =================
The acc is 0.6227, 0.5000, 0.6534
Time Consumption for one epoch is 8.540093898773193s
======================================= Epoch 6 =======================================
================= Test Set =================
+++++++++++ Find New Best Min ACC +++++++++++
The acc is 0.6318, 0.4545, 0.6761
Time Consumption for one epoch is 8.667913436889648s
======================================= Epoch 7 =======================================
================= Test Set =================
The acc is 0.6318, 0.4545, 0.6761
Time Consumption for one epoch is 8.064907789230347s
======================================= Epoch 8 =======================================
================= Test Set =================
+++++++++++ Find New Best Min ACC +++++++++++
The acc is 0.6364, 0.5682, 0.6534
Time Consumption for one epoch is 9.525031089782715s
======================================= Epoch 9 =======================================
================= Test Set =================
The acc is 0.6364, 0.5682, 0.6534
Time Consumption for one epoch is 8.486866474151611s
======================================= Epoch 10 =======================================
================= Test Set =================
+++++++++++ Find New Best Min ACC +++++++++++
The acc is 0.6545, 0.5227, 0.6875
Time Consumption for one epoch is 7.376335620880127s
======================================= Epoch 11 =======================================
================= Test Set =================
+++++++++++ Find New Best Min ACC +++++++++++
The acc is 0.6909, 0.5455, 0.7273
Time Consumption for one epoch is 8.155812978744507s
======================================= Epoch 12 =======================================
================= Test Set =================
The acc is 0.6909, 0.5455, 0.7273
Time Consumption for one epoch is 8.210668325424194s
======================================= Epoch 13 =======================================
================= Test Set =================
The acc is 0.6909, 0.5455, 0.7273
Time Consumption for one epoch is 9.803359031677246s
======================================= Epoch 14 =======================================
================= Test Set =================
The acc is 0.6909, 0.5455, 0.7273
Time Consumption for one epoch is 7.8714001178741455s
======================================= Epoch 15 =======================================
================= Test Set =================
The acc is 0.6909, 0.5455, 0.7273
Time Consumption for one epoch is 8.562392711639404s
======================================= Epoch 16 =======================================
================= Test Set =================
The acc is 0.6909, 0.5455, 0.7273
Time Consumption for one epoch is 7.289586782455444s
======================================= Epoch 17 =======================================
================= Test Set =================
The acc is 0.6909, 0.5455, 0.7273
Time Consumption for one epoch is 8.495496273040771s
======================================= Epoch 18 =======================================
================= Test Set =================
The acc is 0.6909, 0.5455, 0.7273
Time Consumption for one epoch is 8.627981901168823s
======================================= Epoch 19 =======================================
================= Test Set =================
The acc is 0.6909, 0.5455, 0.7273
Time Consumption for one epoch is 7.710231304168701s
The final acc is 0.6909, 0.5455, 0.7273
