Namespace(data_dir='/data/yihua/dataset/celeba/celeba.hdf5', result_dir='results', checkpoint=None, resume=False, domain_attrs='Male', target_attrs='Blond_Hair', exp_name=None, batch_size=512, lr=0.0001, wd=2e-05, epochs=20, seed=2020, num_workers=8, arch='resnet9', evaluate=False, gv=0.0001, gr=0.3)
======================================= Epoch 0 =======================================
================= Test Set =================
+++++++++++ Find New Best Min ACC +++++++++++
The acc is 0.6950, 0.6250, 0.7125
Time Consumption for one epoch is 27.034561157226562s
======================================= Epoch 1 =======================================
================= Test Set =================
+++++++++++ Find New Best Min ACC +++++++++++
The acc is 0.8817, 0.8500, 0.8896
Time Consumption for one epoch is 24.951752424240112s
======================================= Epoch 2 =======================================
================= Test Set =================
+++++++++++ Find New Best Min ACC +++++++++++
The acc is 0.8972, 0.8528, 0.9083
Time Consumption for one epoch is 24.065829038619995s
======================================= Epoch 3 =======================================
================= Test Set =================
The acc is 0.8972, 0.8528, 0.9083
Time Consumption for one epoch is 24.1583034992218s
======================================= Epoch 4 =======================================
================= Test Set =================
+++++++++++ Find New Best Min ACC +++++++++++
The acc is 0.9161, 0.9056, 0.9187
Time Consumption for one epoch is 24.7483127117157s
======================================= Epoch 5 =======================================
================= Test Set =================
The acc is 0.9161, 0.9056, 0.9187
Time Consumption for one epoch is 23.501155138015747s
======================================= Epoch 6 =======================================
================= Test Set =================
The acc is 0.9161, 0.9056, 0.9187
Time Consumption for one epoch is 25.534285306930542s
======================================= Epoch 7 =======================================
================= Test Set =================
The acc is 0.9161, 0.9056, 0.9187
Time Consumption for one epoch is 22.52543354034424s
======================================= Epoch 8 =======================================
================= Test Set =================
The acc is 0.9161, 0.9056, 0.9187
Time Consumption for one epoch is 25.33993935585022s
======================================= Epoch 9 =======================================
================= Test Set =================
The acc is 0.9161, 0.9056, 0.9187
Time Consumption for one epoch is 25.95213770866394s
======================================= Epoch 10 =======================================
================= Test Set =================
The acc is 0.9161, 0.9056, 0.9187
Time Consumption for one epoch is 24.065587520599365s
======================================= Epoch 11 =======================================
================= Test Set =================
The acc is 0.9161, 0.9056, 0.9187
Time Consumption for one epoch is 24.277697324752808s
======================================= Epoch 12 =======================================
================= Test Set =================
The acc is 0.9161, 0.9056, 0.9187
Time Consumption for one epoch is 24.09284210205078s
======================================= Epoch 13 =======================================
================= Test Set =================
The acc is 0.9161, 0.9056, 0.9187
Time Consumption for one epoch is 25.65562129020691s
======================================= Epoch 14 =======================================
================= Test Set =================
The acc is 0.9161, 0.9056, 0.9187
Time Consumption for one epoch is 26.11430549621582s
======================================= Epoch 15 =======================================
================= Test Set =================
The acc is 0.9161, 0.9056, 0.9187
Time Consumption for one epoch is 24.782535552978516s
======================================= Epoch 16 =======================================
================= Test Set =================
+++++++++++ Find New Best Min ACC +++++++++++
The acc is 0.9194, 0.9111, 0.9215
Time Consumption for one epoch is 22.94032621383667s
======================================= Epoch 17 =======================================
================= Test Set =================
The acc is 0.9194, 0.9111, 0.9215
Time Consumption for one epoch is 23.28845739364624s
======================================= Epoch 18 =======================================
================= Test Set =================
The acc is 0.9194, 0.9111, 0.9215
Time Consumption for one epoch is 24.841556310653687s
======================================= Epoch 19 =======================================
================= Test Set =================
The acc is 0.9194, 0.9111, 0.9215
Time Consumption for one epoch is 24.145230531692505s
The final acc is 0.9194, 0.9111, 0.9215
