Namespace(data_dir='/data/yihua/dataset/celeba/celeba.hdf5', result_dir='rotation_study', checkpoint=None, resume=False, domain_attrs='Male', target_attrs='Blond_Hair', exp_name=None, batch_size=512, lr=0.0001, wd=2e-05, epochs=20, seed=2020, num_workers=8, arch='resnet18', evaluate=False, total_num=5000, test_num=1000, gv=60.0, gr=0.1, minor_ratio=0.2, add_aug='rotation')
======================================= Epoch 0 =======================================
================= Test Set =================
+++++++++++ Find New Best Min ACC +++++++++++
The acc is 0.4624, 0.4186, 0.5000
Time Consumption for one epoch is 22.3876850605011s
======================================= Epoch 1 =======================================
================= Test Set =================
The acc is 0.4624, 0.4186, 0.5000
Time Consumption for one epoch is 19.758940935134888s
======================================= Epoch 2 =======================================
================= Test Set =================
+++++++++++ Find New Best Min ACC +++++++++++
The acc is 0.5000, 0.5326, 0.4720
Time Consumption for one epoch is 19.415388107299805s
======================================= Epoch 3 =======================================
================= Test Set =================
+++++++++++ Find New Best Min ACC +++++++++++
The acc is 0.6011, 0.6256, 0.5800
Time Consumption for one epoch is 19.335745811462402s
======================================= Epoch 4 =======================================
================= Test Set =================
+++++++++++ Find New Best Min ACC +++++++++++
The acc is 0.6140, 0.6465, 0.5860
Time Consumption for one epoch is 19.461501598358154s
======================================= Epoch 5 =======================================
================= Test Set =================
+++++++++++ Find New Best Min ACC +++++++++++
The acc is 0.8118, 0.7907, 0.8300
Time Consumption for one epoch is 20.403260231018066s
======================================= Epoch 6 =======================================
================= Test Set =================
+++++++++++ Find New Best Min ACC +++++++++++
The acc is 0.8796, 0.8535, 0.9020
Time Consumption for one epoch is 20.18260931968689s
======================================= Epoch 7 =======================================
================= Test Set =================
The acc is 0.8796, 0.8535, 0.9020
Time Consumption for one epoch is 19.46609592437744s
======================================= Epoch 8 =======================================
================= Test Set =================
The acc is 0.8796, 0.8535, 0.9020
Time Consumption for one epoch is 19.79768466949463s
======================================= Epoch 9 =======================================
================= Test Set =================
The acc is 0.8796, 0.8535, 0.9020
Time Consumption for one epoch is 19.198540925979614s
======================================= Epoch 10 =======================================
================= Test Set =================
The acc is 0.8796, 0.8535, 0.9020
Time Consumption for one epoch is 20.253968954086304s
======================================= Epoch 11 =======================================
================= Test Set =================
The acc is 0.8796, 0.8535, 0.9020
Time Consumption for one epoch is 19.153526544570923s
======================================= Epoch 12 =======================================
================= Test Set =================
+++++++++++ Find New Best Min ACC +++++++++++
The acc is 0.8849, 0.8651, 0.9020
Time Consumption for one epoch is 19.204314470291138s
======================================= Epoch 13 =======================================
================= Test Set =================
+++++++++++ Find New Best Min ACC +++++++++++
The acc is 0.8871, 0.8767, 0.8960
Time Consumption for one epoch is 20.245783805847168s
======================================= Epoch 14 =======================================
================= Test Set =================
The acc is 0.8871, 0.8767, 0.8960
Time Consumption for one epoch is 18.763712644577026s
======================================= Epoch 15 =======================================
================= Test Set =================
The acc is 0.8871, 0.8767, 0.8960
Time Consumption for one epoch is 19.22747778892517s
======================================= Epoch 16 =======================================
================= Test Set =================
+++++++++++ Find New Best Min ACC +++++++++++
The acc is 0.8882, 0.8674, 0.9060
Time Consumption for one epoch is 19.3111674785614s
======================================= Epoch 17 =======================================
================= Test Set =================
The acc is 0.8882, 0.8674, 0.9060
Time Consumption for one epoch is 19.944449424743652s
======================================= Epoch 18 =======================================
================= Test Set =================
The acc is 0.8882, 0.8674, 0.9060
Time Consumption for one epoch is 19.015776872634888s
======================================= Epoch 19 =======================================
================= Test Set =================
+++++++++++ Find New Best Min ACC +++++++++++
The acc is 0.8903, 0.8767, 0.9020
Time Consumption for one epoch is 20.871326684951782s
The final acc is 0.8903, 0.8767, 0.9020
