Namespace(data_dir='/data/yihua/dataset/celeba/celeba.hdf5', result_dir='results', checkpoint=None, resume=False, domain_attrs='Male', target_attrs='Heavy_Makeup', exp_name=None, batch_size=512, lr=0.0001, wd=2e-05, epochs=20, seed=42, num_workers=8, arch='resnet9', evaluate=False, gv=0.05, gr=0.3)
======================================= Epoch 0 =======================================
================= Test Set =================
+++++++++++ Find New Best Min ACC +++++++++++
The acc is 0.5000, 0.5000, 0.5000
Time Consumption for one epoch is 9.64330244064331s
======================================= Epoch 1 =======================================
================= Test Set =================
The acc is 0.5000, 0.5000, 0.5000
Time Consumption for one epoch is 7.235496520996094s
======================================= Epoch 2 =======================================
================= Test Set =================
The acc is 0.5000, 0.5000, 0.5000
Time Consumption for one epoch is 8.094162225723267s
======================================= Epoch 3 =======================================
================= Test Set =================
The acc is 0.5000, 0.5000, 0.5000
Time Consumption for one epoch is 7.97278094291687s
======================================= Epoch 4 =======================================
================= Test Set =================
The acc is 0.5000, 0.5000, 0.5000
Time Consumption for one epoch is 7.476983070373535s
======================================= Epoch 5 =======================================
================= Test Set =================
+++++++++++ Find New Best Min ACC +++++++++++
The acc is 0.5045, 0.4773, 0.5114
Time Consumption for one epoch is 9.03779935836792s
======================================= Epoch 6 =======================================
================= Test Set =================
+++++++++++ Find New Best Min ACC +++++++++++
The acc is 0.5273, 0.5455, 0.5227
Time Consumption for one epoch is 8.994652271270752s
======================================= Epoch 7 =======================================
================= Test Set =================
+++++++++++ Find New Best Min ACC +++++++++++
The acc is 0.5727, 0.5227, 0.5852
Time Consumption for one epoch is 9.17290449142456s
======================================= Epoch 8 =======================================
================= Test Set =================
+++++++++++ Find New Best Min ACC +++++++++++
The acc is 0.6182, 0.5682, 0.6307
Time Consumption for one epoch is 8.150270938873291s
======================================= Epoch 9 =======================================
================= Test Set =================
+++++++++++ Find New Best Min ACC +++++++++++
The acc is 0.6727, 0.5455, 0.7045
Time Consumption for one epoch is 8.403898477554321s
======================================= Epoch 10 =======================================
================= Test Set =================
+++++++++++ Find New Best Min ACC +++++++++++
The acc is 0.6773, 0.5682, 0.7045
Time Consumption for one epoch is 8.24604344367981s
======================================= Epoch 11 =======================================
================= Test Set =================
The acc is 0.6773, 0.5682, 0.7045
Time Consumption for one epoch is 8.08956503868103s
======================================= Epoch 12 =======================================
================= Test Set =================
+++++++++++ Find New Best Min ACC +++++++++++
The acc is 0.7000, 0.6591, 0.7102
Time Consumption for one epoch is 8.855053186416626s
======================================= Epoch 13 =======================================
================= Test Set =================
The acc is 0.7000, 0.6591, 0.7102
Time Consumption for one epoch is 8.03056263923645s
======================================= Epoch 14 =======================================
================= Test Set =================
The acc is 0.7000, 0.6591, 0.7102
Time Consumption for one epoch is 8.553300142288208s
======================================= Epoch 15 =======================================
================= Test Set =================
The acc is 0.7000, 0.6591, 0.7102
Time Consumption for one epoch is 8.471943378448486s
======================================= Epoch 16 =======================================
================= Test Set =================
The acc is 0.7000, 0.6591, 0.7102
Time Consumption for one epoch is 7.785438776016235s
======================================= Epoch 17 =======================================
================= Test Set =================
The acc is 0.7000, 0.6591, 0.7102
Time Consumption for one epoch is 7.907451868057251s
======================================= Epoch 18 =======================================
================= Test Set =================
The acc is 0.7000, 0.6591, 0.7102
Time Consumption for one epoch is 8.407280921936035s
======================================= Epoch 19 =======================================
================= Test Set =================
+++++++++++ Find New Best Min ACC +++++++++++
The acc is 0.7091, 0.6591, 0.7216
Time Consumption for one epoch is 10.160001039505005s
The final acc is 0.7091, 0.6591, 0.7216
