Namespace(data_dir='/data/yihua/dataset/celeba/celeba.hdf5', result_dir='rotation_study', checkpoint=None, resume=False, domain_attrs='Male', target_attrs='Blond_Hair', exp_name=None, batch_size=512, lr=0.0001, wd=2e-05, epochs=20, seed=2022, num_workers=8, arch='resnet9', evaluate=False, total_num=5000, test_num=1000, gv=90.0, gr=0.5, minor_ratio=0.2, add_aug='rotation')
======================================= Epoch 0 =======================================
================= Test Set =================
+++++++++++ Find New Best Min ACC +++++++++++
The acc is 0.4624, 0.4186, 0.5000
Time Consumption for one epoch is 16.324957847595215s
======================================= Epoch 1 =======================================
================= Test Set =================
The acc is 0.4624, 0.4186, 0.5000
Time Consumption for one epoch is 14.971533298492432s
======================================= Epoch 2 =======================================
================= Test Set =================
+++++++++++ Find New Best Min ACC +++++++++++
The acc is 0.6548, 0.6000, 0.7020
Time Consumption for one epoch is 14.929067373275757s
======================================= Epoch 3 =======================================
================= Test Set =================
+++++++++++ Find New Best Min ACC +++++++++++
The acc is 0.8269, 0.8047, 0.8460
Time Consumption for one epoch is 14.696583032608032s
======================================= Epoch 4 =======================================
================= Test Set =================
+++++++++++ Find New Best Min ACC +++++++++++
The acc is 0.8419, 0.8326, 0.8500
Time Consumption for one epoch is 14.573830127716064s
======================================= Epoch 5 =======================================
================= Test Set =================
+++++++++++ Find New Best Min ACC +++++++++++
The acc is 0.8806, 0.8628, 0.8960
Time Consumption for one epoch is 14.41086220741272s
======================================= Epoch 6 =======================================
================= Test Set =================
The acc is 0.8806, 0.8628, 0.8960
Time Consumption for one epoch is 14.163353443145752s
======================================= Epoch 7 =======================================
================= Test Set =================
+++++++++++ Find New Best Min ACC +++++++++++
The acc is 0.8817, 0.8628, 0.8980
Time Consumption for one epoch is 15.156924962997437s
======================================= Epoch 8 =======================================
================= Test Set =================
The acc is 0.8817, 0.8628, 0.8980
Time Consumption for one epoch is 14.76391053199768s
======================================= Epoch 9 =======================================
================= Test Set =================
The acc is 0.8817, 0.8628, 0.8980
Time Consumption for one epoch is 14.94190502166748s
======================================= Epoch 10 =======================================
================= Test Set =================
+++++++++++ Find New Best Min ACC +++++++++++
The acc is 0.8839, 0.8721, 0.8940
Time Consumption for one epoch is 14.427903652191162s
======================================= Epoch 11 =======================================
================= Test Set =================
+++++++++++ Find New Best Min ACC +++++++++++
The acc is 0.8871, 0.8744, 0.8980
Time Consumption for one epoch is 15.172286748886108s
======================================= Epoch 12 =======================================
================= Test Set =================
+++++++++++ Find New Best Min ACC +++++++++++
The acc is 0.8957, 0.8837, 0.9060
Time Consumption for one epoch is 14.776012897491455s
======================================= Epoch 13 =======================================
================= Test Set =================
The acc is 0.8957, 0.8837, 0.9060
Time Consumption for one epoch is 14.297124147415161s
======================================= Epoch 14 =======================================
================= Test Set =================
The acc is 0.8957, 0.8837, 0.9060
Time Consumption for one epoch is 14.79642128944397s
======================================= Epoch 15 =======================================
================= Test Set =================
The acc is 0.8957, 0.8837, 0.9060
Time Consumption for one epoch is 14.723615646362305s
======================================= Epoch 16 =======================================
================= Test Set =================
The acc is 0.8957, 0.8837, 0.9060
Time Consumption for one epoch is 14.317448139190674s
======================================= Epoch 17 =======================================
================= Test Set =================
The acc is 0.8957, 0.8837, 0.9060
Time Consumption for one epoch is 14.633070707321167s
======================================= Epoch 18 =======================================
================= Test Set =================
+++++++++++ Find New Best Min ACC +++++++++++
The acc is 0.8989, 0.8907, 0.9060
Time Consumption for one epoch is 14.987649917602539s
======================================= Epoch 19 =======================================
================= Test Set =================
The acc is 0.8989, 0.8907, 0.9060
Time Consumption for one epoch is 14.5571768283844s
The final acc is 0.8989, 0.8907, 0.9060
