Namespace(data_dir='/data/yihua/dataset/celeba/celeba.hdf5', result_dir='results', checkpoint=None, resume=False, domain_attrs='Male', target_attrs='Blond_Hair', exp_name=None, batch_size=512, lr=0.0001, wd=2e-05, epochs=20, seed=2022, num_workers=8, arch='resnet9', evaluate=False, gv=0.1, gr=0.3)
======================================= Epoch 0 =======================================
================= Test Set =================
+++++++++++ Find New Best Min ACC +++++++++++
The acc is 0.5811, 0.5333, 0.5931
Time Consumption for one epoch is 32.75740694999695s
======================================= Epoch 1 =======================================
================= Test Set =================
+++++++++++ Find New Best Min ACC +++++++++++
The acc is 0.8817, 0.8222, 0.8965
Time Consumption for one epoch is 27.346625328063965s
======================================= Epoch 2 =======================================
================= Test Set =================
+++++++++++ Find New Best Min ACC +++++++++++
The acc is 0.8861, 0.8528, 0.8944
Time Consumption for one epoch is 27.519999027252197s
======================================= Epoch 3 =======================================
================= Test Set =================
The acc is 0.8861, 0.8528, 0.8944
Time Consumption for one epoch is 27.135815382003784s
======================================= Epoch 4 =======================================
================= Test Set =================
+++++++++++ Find New Best Min ACC +++++++++++
The acc is 0.9017, 0.8806, 0.9069
Time Consumption for one epoch is 28.68367290496826s
======================================= Epoch 5 =======================================
================= Test Set =================
+++++++++++ Find New Best Min ACC +++++++++++
The acc is 0.9044, 0.8667, 0.9139
Time Consumption for one epoch is 27.937564373016357s
======================================= Epoch 6 =======================================
================= Test Set =================
The acc is 0.9044, 0.8667, 0.9139
Time Consumption for one epoch is 27.358690977096558s
======================================= Epoch 7 =======================================
================= Test Set =================
+++++++++++ Find New Best Min ACC +++++++++++
The acc is 0.9144, 0.8972, 0.9187
Time Consumption for one epoch is 28.054117918014526s
======================================= Epoch 8 =======================================
================= Test Set =================
The acc is 0.9144, 0.8972, 0.9187
Time Consumption for one epoch is 24.85098671913147s
======================================= Epoch 9 =======================================
================= Test Set =================
The acc is 0.9144, 0.8972, 0.9187
Time Consumption for one epoch is 28.823885917663574s
======================================= Epoch 10 =======================================
================= Test Set =================
+++++++++++ Find New Best Min ACC +++++++++++
The acc is 0.9233, 0.9111, 0.9264
Time Consumption for one epoch is 28.56271767616272s
======================================= Epoch 11 =======================================
================= Test Set =================
The acc is 0.9233, 0.9111, 0.9264
Time Consumption for one epoch is 27.180271863937378s
======================================= Epoch 12 =======================================
================= Test Set =================
The acc is 0.9233, 0.9111, 0.9264
Time Consumption for one epoch is 27.6874680519104s
======================================= Epoch 13 =======================================
================= Test Set =================
The acc is 0.9233, 0.9111, 0.9264
Time Consumption for one epoch is 25.550427198410034s
======================================= Epoch 14 =======================================
================= Test Set =================
The acc is 0.9233, 0.9111, 0.9264
Time Consumption for one epoch is 26.9877290725708s
======================================= Epoch 15 =======================================
================= Test Set =================
The acc is 0.9233, 0.9111, 0.9264
Time Consumption for one epoch is 28.224678993225098s
======================================= Epoch 16 =======================================
================= Test Set =================
The acc is 0.9233, 0.9111, 0.9264
Time Consumption for one epoch is 27.695377111434937s
======================================= Epoch 17 =======================================
================= Test Set =================
The acc is 0.9233, 0.9111, 0.9264
Time Consumption for one epoch is 28.465485334396362s
======================================= Epoch 18 =======================================
================= Test Set =================
The acc is 0.9233, 0.9111, 0.9264
Time Consumption for one epoch is 27.265771865844727s
======================================= Epoch 19 =======================================
================= Test Set =================
The acc is 0.9233, 0.9111, 0.9264
Time Consumption for one epoch is 26.585214614868164s
The final acc is 0.9233, 0.9111, 0.9264
