Namespace(data_dir='/data/yihua/dataset/celeba/celeba.hdf5', result_dir='results', checkpoint=None, resume=False, domain_attrs='Male', target_attrs='Blond_Hair', exp_name=None, batch_size=512, lr=0.0001, wd=2e-05, epochs=20, seed=2022, num_workers=8, arch='resnet18', evaluate=False, gv=0.0001, gr=0.5)
======================================= Epoch 0 =======================================
================= Test Set =================
+++++++++++ Find New Best Min ACC +++++++++++
The acc is 0.5000, 0.5000, 0.5000
Time Consumption for one epoch is 48.43872833251953s
======================================= Epoch 1 =======================================
================= Test Set =================
+++++++++++ Find New Best Min ACC +++++++++++
The acc is 0.8183, 0.7389, 0.8382
Time Consumption for one epoch is 44.171175479888916s
======================================= Epoch 2 =======================================
================= Test Set =================
+++++++++++ Find New Best Min ACC +++++++++++
The acc is 0.8972, 0.8806, 0.9014
Time Consumption for one epoch is 45.190032720565796s
======================================= Epoch 3 =======================================
================= Test Set =================
+++++++++++ Find New Best Min ACC +++++++++++
The acc is 0.9122, 0.8944, 0.9167
Time Consumption for one epoch is 44.73260974884033s
======================================= Epoch 4 =======================================
================= Test Set =================
The acc is 0.9122, 0.8944, 0.9167
Time Consumption for one epoch is 43.767555713653564s
======================================= Epoch 5 =======================================
================= Test Set =================
+++++++++++ Find New Best Min ACC +++++++++++
The acc is 0.9183, 0.9028, 0.9222
Time Consumption for one epoch is 43.74850010871887s
======================================= Epoch 6 =======================================
================= Test Set =================
The acc is 0.9183, 0.9028, 0.9222
Time Consumption for one epoch is 43.12691855430603s
======================================= Epoch 7 =======================================
================= Test Set =================
The acc is 0.9183, 0.9028, 0.9222
Time Consumption for one epoch is 44.09237051010132s
======================================= Epoch 8 =======================================
================= Test Set =================
The acc is 0.9183, 0.9028, 0.9222
Time Consumption for one epoch is 43.925196170806885s
======================================= Epoch 9 =======================================
================= Test Set =================
The acc is 0.9183, 0.9028, 0.9222
Time Consumption for one epoch is 43.08633899688721s
======================================= Epoch 10 =======================================
================= Test Set =================
The acc is 0.9183, 0.9028, 0.9222
Time Consumption for one epoch is 43.440964221954346s
======================================= Epoch 11 =======================================
================= Test Set =================
The acc is 0.9183, 0.9028, 0.9222
Time Consumption for one epoch is 44.47305393218994s
======================================= Epoch 12 =======================================
================= Test Set =================
The acc is 0.9183, 0.9028, 0.9222
Time Consumption for one epoch is 44.1221342086792s
======================================= Epoch 13 =======================================
================= Test Set =================
The acc is 0.9183, 0.9028, 0.9222
Time Consumption for one epoch is 44.06117606163025s
======================================= Epoch 14 =======================================
================= Test Set =================
The acc is 0.9183, 0.9028, 0.9222
Time Consumption for one epoch is 45.34869956970215s
======================================= Epoch 15 =======================================
================= Test Set =================
The acc is 0.9183, 0.9028, 0.9222
Time Consumption for one epoch is 43.50131797790527s
======================================= Epoch 16 =======================================
================= Test Set =================
The acc is 0.9183, 0.9028, 0.9222
Time Consumption for one epoch is 43.28186368942261s
======================================= Epoch 17 =======================================
================= Test Set =================
The acc is 0.9183, 0.9028, 0.9222
Time Consumption for one epoch is 46.48690462112427s
======================================= Epoch 18 =======================================
================= Test Set =================
The acc is 0.9183, 0.9028, 0.9222
Time Consumption for one epoch is 44.14305901527405s
======================================= Epoch 19 =======================================
================= Test Set =================
The acc is 0.9183, 0.9028, 0.9222
Time Consumption for one epoch is 43.38300633430481s
The final acc is 0.9183, 0.9028, 0.9222
