Namespace(data_dir='/data/yihua/dataset/celeba/celeba.hdf5', result_dir='results', checkpoint=None, resume=False, domain_attrs='Male', target_attrs='Blond_Hair', exp_name=None, batch_size=512, lr=0.0001, wd=2e-05, epochs=20, seed=2020, num_workers=8, arch='resnet9', evaluate=False, gv=1e-06, gr=0.1)
======================================= Epoch 0 =======================================
================= Test Set =================
+++++++++++ Find New Best Min ACC +++++++++++
The acc is 0.6728, 0.6056, 0.6896
Time Consumption for one epoch is 26.025959253311157s
======================================= Epoch 1 =======================================
================= Test Set =================
+++++++++++ Find New Best Min ACC +++++++++++
The acc is 0.8506, 0.7806, 0.8681
Time Consumption for one epoch is 23.653794050216675s
======================================= Epoch 2 =======================================
================= Test Set =================
+++++++++++ Find New Best Min ACC +++++++++++
The acc is 0.8906, 0.8667, 0.8965
Time Consumption for one epoch is 23.653038501739502s
======================================= Epoch 3 =======================================
================= Test Set =================
+++++++++++ Find New Best Min ACC +++++++++++
The acc is 0.9044, 0.8667, 0.9139
Time Consumption for one epoch is 24.44741654396057s
======================================= Epoch 4 =======================================
================= Test Set =================
The acc is 0.9044, 0.8667, 0.9139
Time Consumption for one epoch is 23.519620180130005s
======================================= Epoch 5 =======================================
================= Test Set =================
+++++++++++ Find New Best Min ACC +++++++++++
The acc is 0.9094, 0.8917, 0.9139
Time Consumption for one epoch is 23.434367895126343s
======================================= Epoch 6 =======================================
================= Test Set =================
The acc is 0.9094, 0.8917, 0.9139
Time Consumption for one epoch is 24.80171775817871s
======================================= Epoch 7 =======================================
================= Test Set =================
+++++++++++ Find New Best Min ACC +++++++++++
The acc is 0.9117, 0.8944, 0.9160
Time Consumption for one epoch is 24.541697025299072s
======================================= Epoch 8 =======================================
================= Test Set =================
The acc is 0.9117, 0.8944, 0.9160
Time Consumption for one epoch is 23.93888568878174s
======================================= Epoch 9 =======================================
================= Test Set =================
The acc is 0.9117, 0.8944, 0.9160
Time Consumption for one epoch is 24.637550354003906s
======================================= Epoch 10 =======================================
================= Test Set =================
+++++++++++ Find New Best Min ACC +++++++++++
The acc is 0.9139, 0.8889, 0.9201
Time Consumption for one epoch is 25.07334876060486s
======================================= Epoch 11 =======================================
================= Test Set =================
+++++++++++ Find New Best Min ACC +++++++++++
The acc is 0.9194, 0.9139, 0.9208
Time Consumption for one epoch is 25.324616193771362s
======================================= Epoch 12 =======================================
================= Test Set =================
The acc is 0.9194, 0.9139, 0.9208
Time Consumption for one epoch is 24.933449506759644s
======================================= Epoch 13 =======================================
================= Test Set =================
The acc is 0.9194, 0.9139, 0.9208
Time Consumption for one epoch is 24.024961948394775s
======================================= Epoch 14 =======================================
================= Test Set =================
The acc is 0.9194, 0.9139, 0.9208
Time Consumption for one epoch is 24.21206259727478s
======================================= Epoch 15 =======================================
================= Test Set =================
The acc is 0.9194, 0.9139, 0.9208
Time Consumption for one epoch is 24.902215003967285s
======================================= Epoch 16 =======================================
================= Test Set =================
+++++++++++ Find New Best Min ACC +++++++++++
The acc is 0.9222, 0.9167, 0.9236
Time Consumption for one epoch is 25.622642517089844s
======================================= Epoch 17 =======================================
================= Test Set =================
The acc is 0.9222, 0.9167, 0.9236
Time Consumption for one epoch is 24.800793409347534s
======================================= Epoch 18 =======================================
================= Test Set =================
The acc is 0.9222, 0.9167, 0.9236
Time Consumption for one epoch is 23.787883043289185s
======================================= Epoch 19 =======================================
================= Test Set =================
The acc is 0.9222, 0.9167, 0.9236
Time Consumption for one epoch is 24.33336114883423s
The final acc is 0.9222, 0.9167, 0.9236
