Namespace(data_dir='/data/yihua/dataset/celeba/celeba.hdf5', result_dir='results', checkpoint=None, resume=False, domain_attrs='Male', target_attrs='Blond_Hair', exp_name=None, batch_size=512, lr=0.0001, wd=2e-05, epochs=20, seed=2022, num_workers=8, arch='resnet18', evaluate=False, gv=1e-06, gr=0.1)
======================================= Epoch 0 =======================================
================= Test Set =================
+++++++++++ Find New Best Min ACC +++++++++++
The acc is 0.5000, 0.5000, 0.5000
Time Consumption for one epoch is 45.6766152381897s
======================================= Epoch 1 =======================================
================= Test Set =================
+++++++++++ Find New Best Min ACC +++++++++++
The acc is 0.5900, 0.5500, 0.6000
Time Consumption for one epoch is 42.811094760894775s
======================================= Epoch 2 =======================================
================= Test Set =================
+++++++++++ Find New Best Min ACC +++++++++++
The acc is 0.8633, 0.8389, 0.8694
Time Consumption for one epoch is 41.1331422328949s
======================================= Epoch 3 =======================================
================= Test Set =================
+++++++++++ Find New Best Min ACC +++++++++++
The acc is 0.9011, 0.9000, 0.9014
Time Consumption for one epoch is 41.8679575920105s
======================================= Epoch 4 =======================================
================= Test Set =================
The acc is 0.9011, 0.9000, 0.9014
Time Consumption for one epoch is 41.108184576034546s
======================================= Epoch 5 =======================================
================= Test Set =================
The acc is 0.9011, 0.9000, 0.9014
Time Consumption for one epoch is 41.036739110946655s
======================================= Epoch 6 =======================================
================= Test Set =================
+++++++++++ Find New Best Min ACC +++++++++++
The acc is 0.9078, 0.8972, 0.9104
Time Consumption for one epoch is 43.04836368560791s
======================================= Epoch 7 =======================================
================= Test Set =================
The acc is 0.9078, 0.8972, 0.9104
Time Consumption for one epoch is 42.317235469818115s
======================================= Epoch 8 =======================================
================= Test Set =================
The acc is 0.9078, 0.8972, 0.9104
Time Consumption for one epoch is 40.833035945892334s
======================================= Epoch 9 =======================================
================= Test Set =================
The acc is 0.9078, 0.8972, 0.9104
Time Consumption for one epoch is 41.39733147621155s
======================================= Epoch 10 =======================================
================= Test Set =================
+++++++++++ Find New Best Min ACC +++++++++++
The acc is 0.9100, 0.8806, 0.9174
Time Consumption for one epoch is 41.05580496788025s
======================================= Epoch 11 =======================================
================= Test Set =================
The acc is 0.9100, 0.8806, 0.9174
Time Consumption for one epoch is 41.905120611190796s
======================================= Epoch 12 =======================================
================= Test Set =================
The acc is 0.9100, 0.8806, 0.9174
Time Consumption for one epoch is 43.41868829727173s
======================================= Epoch 13 =======================================
================= Test Set =================
The acc is 0.9100, 0.8806, 0.9174
Time Consumption for one epoch is 41.21989703178406s
======================================= Epoch 14 =======================================
================= Test Set =================
The acc is 0.9100, 0.8806, 0.9174
Time Consumption for one epoch is 42.3407838344574s
======================================= Epoch 15 =======================================
================= Test Set =================
The acc is 0.9100, 0.8806, 0.9174
Time Consumption for one epoch is 40.07911920547485s
======================================= Epoch 16 =======================================
================= Test Set =================
+++++++++++ Find New Best Min ACC +++++++++++
The acc is 0.9161, 0.8944, 0.9215
Time Consumption for one epoch is 41.952552318573s
======================================= Epoch 17 =======================================
================= Test Set =================
+++++++++++ Find New Best Min ACC +++++++++++
The acc is 0.9178, 0.9028, 0.9215
Time Consumption for one epoch is 42.0492844581604s
======================================= Epoch 18 =======================================
================= Test Set =================
+++++++++++ Find New Best Min ACC +++++++++++
The acc is 0.9206, 0.9028, 0.9250
Time Consumption for one epoch is 42.41015434265137s
======================================= Epoch 19 =======================================
================= Test Set =================
The acc is 0.9206, 0.9028, 0.9250
Time Consumption for one epoch is 42.19548225402832s
The final acc is 0.9206, 0.9028, 0.9250
