Namespace(data_dir='/data/yihua/dataset/celeba/celeba.hdf5', result_dir='results', checkpoint=None, resume=False, domain_attrs='Male', target_attrs='Blond_Hair', exp_name=None, batch_size=512, lr=0.0001, wd=2e-05, epochs=20, seed=2021, num_workers=8, arch='resnet9', evaluate=False, gv=0.5, gr=0.3)
======================================= Epoch 0 =======================================
================= Test Set =================
+++++++++++ Find New Best Min ACC +++++++++++
The acc is 0.7933, 0.7472, 0.8049
Time Consumption for one epoch is 27.80954098701477s
======================================= Epoch 1 =======================================
================= Test Set =================
+++++++++++ Find New Best Min ACC +++++++++++
The acc is 0.8394, 0.8056, 0.8479
Time Consumption for one epoch is 25.59916377067566s
======================================= Epoch 2 =======================================
================= Test Set =================
+++++++++++ Find New Best Min ACC +++++++++++
The acc is 0.8633, 0.8083, 0.8771
Time Consumption for one epoch is 24.11849355697632s
======================================= Epoch 3 =======================================
================= Test Set =================
+++++++++++ Find New Best Min ACC +++++++++++
The acc is 0.8956, 0.8583, 0.9049
Time Consumption for one epoch is 24.588436365127563s
======================================= Epoch 4 =======================================
================= Test Set =================
The acc is 0.8956, 0.8583, 0.9049
Time Consumption for one epoch is 24.56932282447815s
======================================= Epoch 5 =======================================
================= Test Set =================
+++++++++++ Find New Best Min ACC +++++++++++
The acc is 0.9039, 0.8722, 0.9118
Time Consumption for one epoch is 24.335710287094116s
======================================= Epoch 6 =======================================
================= Test Set =================
+++++++++++ Find New Best Min ACC +++++++++++
The acc is 0.9128, 0.8861, 0.9194
Time Consumption for one epoch is 24.780434608459473s
======================================= Epoch 7 =======================================
================= Test Set =================
The acc is 0.9128, 0.8861, 0.9194
Time Consumption for one epoch is 24.224836587905884s
======================================= Epoch 8 =======================================
================= Test Set =================
+++++++++++ Find New Best Min ACC +++++++++++
The acc is 0.9139, 0.8722, 0.9243
Time Consumption for one epoch is 24.970214366912842s
======================================= Epoch 9 =======================================
================= Test Set =================
The acc is 0.9139, 0.8722, 0.9243
Time Consumption for one epoch is 24.162847757339478s
======================================= Epoch 10 =======================================
================= Test Set =================
The acc is 0.9139, 0.8722, 0.9243
Time Consumption for one epoch is 23.311145305633545s
======================================= Epoch 11 =======================================
================= Test Set =================
The acc is 0.9139, 0.8722, 0.9243
Time Consumption for one epoch is 23.20982265472412s
======================================= Epoch 12 =======================================
================= Test Set =================
The acc is 0.9139, 0.8722, 0.9243
Time Consumption for one epoch is 23.47723889350891s
======================================= Epoch 13 =======================================
================= Test Set =================
The acc is 0.9139, 0.8722, 0.9243
Time Consumption for one epoch is 24.02826952934265s
======================================= Epoch 14 =======================================
================= Test Set =================
The acc is 0.9139, 0.8722, 0.9243
Time Consumption for one epoch is 24.751413345336914s
======================================= Epoch 15 =======================================
================= Test Set =================
+++++++++++ Find New Best Min ACC +++++++++++
The acc is 0.9206, 0.9000, 0.9257
Time Consumption for one epoch is 24.532272338867188s
======================================= Epoch 16 =======================================
================= Test Set =================
The acc is 0.9206, 0.9000, 0.9257
Time Consumption for one epoch is 24.472790479660034s
======================================= Epoch 17 =======================================
================= Test Set =================
The acc is 0.9206, 0.9000, 0.9257
Time Consumption for one epoch is 24.850751638412476s
======================================= Epoch 18 =======================================
================= Test Set =================
The acc is 0.9206, 0.9000, 0.9257
Time Consumption for one epoch is 25.345636129379272s
======================================= Epoch 19 =======================================
================= Test Set =================
The acc is 0.9206, 0.9000, 0.9257
Time Consumption for one epoch is 23.003711462020874s
The final acc is 0.9206, 0.9000, 0.9257
