Namespace(data_dir='/data/yihua/dataset/celeba/celeba.hdf5', result_dir='results', checkpoint=None, resume=False, domain_attrs='Male', target_attrs='Blond_Hair', exp_name=None, batch_size=512, lr=0.0001, wd=2e-05, epochs=20, seed=2020, num_workers=8, arch='resnet9', evaluate=False, gv=0.5, gr=0.3)
======================================= Epoch 0 =======================================
================= Test Set =================
+++++++++++ Find New Best Min ACC +++++++++++
The acc is 0.8122, 0.7722, 0.8222
Time Consumption for one epoch is 27.433273553848267s
======================================= Epoch 1 =======================================
================= Test Set =================
+++++++++++ Find New Best Min ACC +++++++++++
The acc is 0.8694, 0.8333, 0.8785
Time Consumption for one epoch is 25.50257444381714s
======================================= Epoch 2 =======================================
================= Test Set =================
+++++++++++ Find New Best Min ACC +++++++++++
The acc is 0.8972, 0.8306, 0.9139
Time Consumption for one epoch is 24.97762179374695s
======================================= Epoch 3 =======================================
================= Test Set =================
The acc is 0.8972, 0.8306, 0.9139
Time Consumption for one epoch is 25.157389640808105s
======================================= Epoch 4 =======================================
================= Test Set =================
The acc is 0.8972, 0.8306, 0.9139
Time Consumption for one epoch is 25.649642944335938s
======================================= Epoch 5 =======================================
================= Test Set =================
The acc is 0.8972, 0.8306, 0.9139
Time Consumption for one epoch is 25.2486572265625s
======================================= Epoch 6 =======================================
================= Test Set =================
+++++++++++ Find New Best Min ACC +++++++++++
The acc is 0.8983, 0.8611, 0.9076
Time Consumption for one epoch is 25.814661741256714s
======================================= Epoch 7 =======================================
================= Test Set =================
+++++++++++ Find New Best Min ACC +++++++++++
The acc is 0.9033, 0.8833, 0.9083
Time Consumption for one epoch is 24.970474004745483s
======================================= Epoch 8 =======================================
================= Test Set =================
The acc is 0.9033, 0.8833, 0.9083
Time Consumption for one epoch is 23.44977355003357s
======================================= Epoch 9 =======================================
================= Test Set =================
+++++++++++ Find New Best Min ACC +++++++++++
The acc is 0.9122, 0.8778, 0.9208
Time Consumption for one epoch is 24.166088342666626s
======================================= Epoch 10 =======================================
================= Test Set =================
+++++++++++ Find New Best Min ACC +++++++++++
The acc is 0.9200, 0.9000, 0.9250
Time Consumption for one epoch is 22.772462368011475s
======================================= Epoch 11 =======================================
================= Test Set =================
The acc is 0.9200, 0.9000, 0.9250
Time Consumption for one epoch is 24.399117946624756s
======================================= Epoch 12 =======================================
================= Test Set =================
The acc is 0.9200, 0.9000, 0.9250
Time Consumption for one epoch is 24.584353923797607s
======================================= Epoch 13 =======================================
================= Test Set =================
The acc is 0.9200, 0.9000, 0.9250
Time Consumption for one epoch is 24.04767680168152s
======================================= Epoch 14 =======================================
================= Test Set =================
The acc is 0.9200, 0.9000, 0.9250
Time Consumption for one epoch is 25.10714554786682s
======================================= Epoch 15 =======================================
================= Test Set =================
The acc is 0.9200, 0.9000, 0.9250
Time Consumption for one epoch is 24.576021671295166s
======================================= Epoch 16 =======================================
================= Test Set =================
The acc is 0.9200, 0.9000, 0.9250
Time Consumption for one epoch is 25.03343367576599s
======================================= Epoch 17 =======================================
================= Test Set =================
+++++++++++ Find New Best Min ACC +++++++++++
The acc is 0.9217, 0.9056, 0.9257
Time Consumption for one epoch is 25.078273057937622s
======================================= Epoch 18 =======================================
================= Test Set =================
The acc is 0.9217, 0.9056, 0.9257
Time Consumption for one epoch is 23.131280660629272s
======================================= Epoch 19 =======================================
================= Test Set =================
The acc is 0.9217, 0.9056, 0.9257
Time Consumption for one epoch is 23.557082891464233s
The final acc is 0.9217, 0.9056, 0.9257
