Namespace(data_dir='/data/yihua/dataset/celeba/celeba.hdf5', result_dir='results', checkpoint=None, resume=False, domain_attrs='Male', target_attrs='Blond_Hair', exp_name=None, batch_size=512, lr=0.0001, wd=2e-05, epochs=20, seed=2020, num_workers=8, arch='resnet9', evaluate=False, gv=0.0001, gr=0.5)
======================================= Epoch 0 =======================================
================= Test Set =================
+++++++++++ Find New Best Min ACC +++++++++++
The acc is 0.6883, 0.6194, 0.7056
Time Consumption for one epoch is 28.21365237236023s
======================================= Epoch 1 =======================================
================= Test Set =================
+++++++++++ Find New Best Min ACC +++++++++++
The acc is 0.8878, 0.8528, 0.8965
Time Consumption for one epoch is 25.418954372406006s
======================================= Epoch 2 =======================================
================= Test Set =================
+++++++++++ Find New Best Min ACC +++++++++++
The acc is 0.8978, 0.8500, 0.9097
Time Consumption for one epoch is 26.23107147216797s
======================================= Epoch 3 =======================================
================= Test Set =================
+++++++++++ Find New Best Min ACC +++++++++++
The acc is 0.8989, 0.8833, 0.9028
Time Consumption for one epoch is 27.056877851486206s
======================================= Epoch 4 =======================================
================= Test Set =================
+++++++++++ Find New Best Min ACC +++++++++++
The acc is 0.9033, 0.8861, 0.9076
Time Consumption for one epoch is 25.55033779144287s
======================================= Epoch 5 =======================================
================= Test Set =================
The acc is 0.9033, 0.8861, 0.9076
Time Consumption for one epoch is 25.768760204315186s
======================================= Epoch 6 =======================================
================= Test Set =================
+++++++++++ Find New Best Min ACC +++++++++++
The acc is 0.9078, 0.8889, 0.9125
Time Consumption for one epoch is 26.32941508293152s
======================================= Epoch 7 =======================================
================= Test Set =================
+++++++++++ Find New Best Min ACC +++++++++++
The acc is 0.9128, 0.8944, 0.9174
Time Consumption for one epoch is 25.60895347595215s
======================================= Epoch 8 =======================================
================= Test Set =================
The acc is 0.9128, 0.8944, 0.9174
Time Consumption for one epoch is 24.718538999557495s
======================================= Epoch 9 =======================================
================= Test Set =================
The acc is 0.9128, 0.8944, 0.9174
Time Consumption for one epoch is 25.288517475128174s
======================================= Epoch 10 =======================================
================= Test Set =================
+++++++++++ Find New Best Min ACC +++++++++++
The acc is 0.9144, 0.8972, 0.9187
Time Consumption for one epoch is 25.981539487838745s
======================================= Epoch 11 =======================================
================= Test Set =================
The acc is 0.9144, 0.8972, 0.9187
Time Consumption for one epoch is 25.920664310455322s
======================================= Epoch 12 =======================================
================= Test Set =================
The acc is 0.9144, 0.8972, 0.9187
Time Consumption for one epoch is 25.643053770065308s
======================================= Epoch 13 =======================================
================= Test Set =================
+++++++++++ Find New Best Min ACC +++++++++++
The acc is 0.9167, 0.9056, 0.9194
Time Consumption for one epoch is 24.38168740272522s
======================================= Epoch 14 =======================================
================= Test Set =================
The acc is 0.9167, 0.9056, 0.9194
Time Consumption for one epoch is 26.64138388633728s
======================================= Epoch 15 =======================================
================= Test Set =================
The acc is 0.9167, 0.9056, 0.9194
Time Consumption for one epoch is 25.066378593444824s
======================================= Epoch 16 =======================================
================= Test Set =================
The acc is 0.9167, 0.9056, 0.9194
Time Consumption for one epoch is 25.11481523513794s
======================================= Epoch 17 =======================================
================= Test Set =================
The acc is 0.9167, 0.9056, 0.9194
Time Consumption for one epoch is 25.05293560028076s
======================================= Epoch 18 =======================================
================= Test Set =================
The acc is 0.9167, 0.9056, 0.9194
Time Consumption for one epoch is 24.927753448486328s
======================================= Epoch 19 =======================================
================= Test Set =================
The acc is 0.9167, 0.9056, 0.9194
Time Consumption for one epoch is 26.162839889526367s
The final acc is 0.9167, 0.9056, 0.9194
