Namespace(data_dir='/data/yihua/dataset/celeba/celeba.hdf5', result_dir='rotation_study', checkpoint=None, resume=False, domain_attrs='Male', target_attrs='Blond_Hair', exp_name=None, batch_size=512, lr=0.0001, wd=2e-05, epochs=20, seed=2022, num_workers=8, arch='resnet9', evaluate=False, total_num=5000, test_num=1000, gv=120.0, gr=0.1, minor_ratio=0.2, add_aug='rotation')
======================================= Epoch 0 =======================================
================= Test Set =================
+++++++++++ Find New Best Min ACC +++++++++++
The acc is 0.4624, 0.4186, 0.5000
Time Consumption for one epoch is 15.760802030563354s
======================================= Epoch 1 =======================================
================= Test Set =================
The acc is 0.4624, 0.4186, 0.5000
Time Consumption for one epoch is 13.98922348022461s
======================================= Epoch 2 =======================================
================= Test Set =================
+++++++++++ Find New Best Min ACC +++++++++++
The acc is 0.4989, 0.4302, 0.5580
Time Consumption for one epoch is 13.966352462768555s
======================================= Epoch 3 =======================================
================= Test Set =================
+++++++++++ Find New Best Min ACC +++++++++++
The acc is 0.7151, 0.6512, 0.7700
Time Consumption for one epoch is 14.488763570785522s
======================================= Epoch 4 =======================================
================= Test Set =================
+++++++++++ Find New Best Min ACC +++++++++++
The acc is 0.8333, 0.8070, 0.8560
Time Consumption for one epoch is 14.34552264213562s
======================================= Epoch 5 =======================================
================= Test Set =================
+++++++++++ Find New Best Min ACC +++++++++++
The acc is 0.8559, 0.8256, 0.8820
Time Consumption for one epoch is 14.638066530227661s
======================================= Epoch 6 =======================================
================= Test Set =================
+++++++++++ Find New Best Min ACC +++++++++++
The acc is 0.8785, 0.8535, 0.9000
Time Consumption for one epoch is 13.747402906417847s
======================================= Epoch 7 =======================================
================= Test Set =================
The acc is 0.8785, 0.8535, 0.9000
Time Consumption for one epoch is 14.071643590927124s
======================================= Epoch 8 =======================================
================= Test Set =================
The acc is 0.8785, 0.8535, 0.9000
Time Consumption for one epoch is 13.853145360946655s
======================================= Epoch 9 =======================================
================= Test Set =================
The acc is 0.8785, 0.8535, 0.9000
Time Consumption for one epoch is 14.071269273757935s
======================================= Epoch 10 =======================================
================= Test Set =================
The acc is 0.8785, 0.8535, 0.9000
Time Consumption for one epoch is 14.041818857192993s
======================================= Epoch 11 =======================================
================= Test Set =================
+++++++++++ Find New Best Min ACC +++++++++++
The acc is 0.8892, 0.8698, 0.9060
Time Consumption for one epoch is 14.5636465549469s
======================================= Epoch 12 =======================================
================= Test Set =================
The acc is 0.8892, 0.8698, 0.9060
Time Consumption for one epoch is 14.381479024887085s
======================================= Epoch 13 =======================================
================= Test Set =================
+++++++++++ Find New Best Min ACC +++++++++++
The acc is 0.8925, 0.8791, 0.9040
Time Consumption for one epoch is 14.184442520141602s
======================================= Epoch 14 =======================================
================= Test Set =================
The acc is 0.8925, 0.8791, 0.9040
Time Consumption for one epoch is 14.125378370285034s
======================================= Epoch 15 =======================================
================= Test Set =================
The acc is 0.8925, 0.8791, 0.9040
Time Consumption for one epoch is 13.883727788925171s
======================================= Epoch 16 =======================================
================= Test Set =================
The acc is 0.8925, 0.8791, 0.9040
Time Consumption for one epoch is 13.899840116500854s
======================================= Epoch 17 =======================================
================= Test Set =================
The acc is 0.8925, 0.8791, 0.9040
Time Consumption for one epoch is 14.634455919265747s
======================================= Epoch 18 =======================================
================= Test Set =================
+++++++++++ Find New Best Min ACC +++++++++++
The acc is 0.8946, 0.8814, 0.9060
Time Consumption for one epoch is 14.383744955062866s
======================================= Epoch 19 =======================================
================= Test Set =================
+++++++++++ Find New Best Min ACC +++++++++++
The acc is 0.8957, 0.8837, 0.9060
Time Consumption for one epoch is 13.966444492340088s
The final acc is 0.8957, 0.8837, 0.9060
