Namespace(data_dir='/data/yihua/dataset/celeba/celeba.hdf5', result_dir='results', checkpoint=None, resume=False, domain_attrs='Male', target_attrs='Heavy_Makeup', exp_name=None, batch_size=512, lr=0.0001, wd=2e-05, epochs=20, seed=2021, num_workers=8, arch='resnet9', evaluate=False, gv=0.1, gr=0.5)
======================================= Epoch 0 =======================================
================= Test Set =================
+++++++++++ Find New Best Min ACC +++++++++++
The acc is 0.5000, 0.5000, 0.5000
Time Consumption for one epoch is 9.126425504684448s
======================================= Epoch 1 =======================================
================= Test Set =================
+++++++++++ Find New Best Min ACC +++++++++++
The acc is 0.5045, 0.5227, 0.5000
Time Consumption for one epoch is 10.201477527618408s
======================================= Epoch 2 =======================================
================= Test Set =================
The acc is 0.5045, 0.5227, 0.5000
Time Consumption for one epoch is 9.120277404785156s
======================================= Epoch 3 =======================================
================= Test Set =================
The acc is 0.5045, 0.5227, 0.5000
Time Consumption for one epoch is 8.37284231185913s
======================================= Epoch 4 =======================================
================= Test Set =================
The acc is 0.5045, 0.5227, 0.5000
Time Consumption for one epoch is 8.94163465499878s
======================================= Epoch 5 =======================================
================= Test Set =================
The acc is 0.5045, 0.5227, 0.5000
Time Consumption for one epoch is 8.667722225189209s
======================================= Epoch 6 =======================================
================= Test Set =================
The acc is 0.5045, 0.5227, 0.5000
Time Consumption for one epoch is 7.324406623840332s
======================================= Epoch 7 =======================================
================= Test Set =================
+++++++++++ Find New Best Min ACC +++++++++++
The acc is 0.5364, 0.5227, 0.5398
Time Consumption for one epoch is 9.753953218460083s
======================================= Epoch 8 =======================================
================= Test Set =================
+++++++++++ Find New Best Min ACC +++++++++++
The acc is 0.5591, 0.5000, 0.5739
Time Consumption for one epoch is 8.268074750900269s
======================================= Epoch 9 =======================================
================= Test Set =================
+++++++++++ Find New Best Min ACC +++++++++++
The acc is 0.5955, 0.5455, 0.6080
Time Consumption for one epoch is 9.437389850616455s
======================================= Epoch 10 =======================================
================= Test Set =================
+++++++++++ Find New Best Min ACC +++++++++++
The acc is 0.6591, 0.6136, 0.6705
Time Consumption for one epoch is 10.949294328689575s
======================================= Epoch 11 =======================================
================= Test Set =================
The acc is 0.6591, 0.6136, 0.6705
Time Consumption for one epoch is 8.781960010528564s
======================================= Epoch 12 =======================================
================= Test Set =================
+++++++++++ Find New Best Min ACC +++++++++++
The acc is 0.6682, 0.5682, 0.6932
Time Consumption for one epoch is 8.875037908554077s
======================================= Epoch 13 =======================================
================= Test Set =================
The acc is 0.6682, 0.5682, 0.6932
Time Consumption for one epoch is 9.35314416885376s
======================================= Epoch 14 =======================================
================= Test Set =================
+++++++++++ Find New Best Min ACC +++++++++++
The acc is 0.6909, 0.5909, 0.7159
Time Consumption for one epoch is 8.33114767074585s
======================================= Epoch 15 =======================================
================= Test Set =================
The acc is 0.6909, 0.5909, 0.7159
Time Consumption for one epoch is 9.57675051689148s
======================================= Epoch 16 =======================================
================= Test Set =================
+++++++++++ Find New Best Min ACC +++++++++++
The acc is 0.6955, 0.5909, 0.7216
Time Consumption for one epoch is 9.308242797851562s
======================================= Epoch 17 =======================================
================= Test Set =================
The acc is 0.6955, 0.5909, 0.7216
Time Consumption for one epoch is 8.31814193725586s
======================================= Epoch 18 =======================================
================= Test Set =================
The acc is 0.6955, 0.5909, 0.7216
Time Consumption for one epoch is 9.35079288482666s
======================================= Epoch 19 =======================================
================= Test Set =================
The acc is 0.6955, 0.5909, 0.7216
Time Consumption for one epoch is 8.65294361114502s
The final acc is 0.6955, 0.5909, 0.7216
