Namespace(data_dir='/data/yihua/dataset/celeba/celeba.hdf5', result_dir='results', checkpoint=None, resume=False, domain_attrs='Male', target_attrs='Heavy_Makeup', exp_name=None, batch_size=512, lr=0.0001, wd=2e-05, epochs=20, seed=2024, num_workers=8, arch='resnet9', evaluate=False, gv=1.0, gr=0.1)
======================================= Epoch 0 =======================================
================= Test Set =================
+++++++++++ Find New Best Min ACC +++++++++++
The acc is 0.5000, 0.5000, 0.5000
Time Consumption for one epoch is 9.451498746871948s
======================================= Epoch 1 =======================================
================= Test Set =================
The acc is 0.5000, 0.5000, 0.5000
Time Consumption for one epoch is 8.381625413894653s
======================================= Epoch 2 =======================================
================= Test Set =================
+++++++++++ Find New Best Min ACC +++++++++++
The acc is 0.5455, 0.4773, 0.5625
Time Consumption for one epoch is 8.486167430877686s
======================================= Epoch 3 =======================================
================= Test Set =================
The acc is 0.5455, 0.4773, 0.5625
Time Consumption for one epoch is 7.338809490203857s
======================================= Epoch 4 =======================================
================= Test Set =================
The acc is 0.5455, 0.4773, 0.5625
Time Consumption for one epoch is 7.221263408660889s
======================================= Epoch 5 =======================================
================= Test Set =================
The acc is 0.5455, 0.4773, 0.5625
Time Consumption for one epoch is 7.89082670211792s
======================================= Epoch 6 =======================================
================= Test Set =================
The acc is 0.5455, 0.4773, 0.5625
Time Consumption for one epoch is 9.05190634727478s
======================================= Epoch 7 =======================================
================= Test Set =================
+++++++++++ Find New Best Min ACC +++++++++++
The acc is 0.5500, 0.5227, 0.5568
Time Consumption for one epoch is 8.136499881744385s
======================================= Epoch 8 =======================================
================= Test Set =================
+++++++++++ Find New Best Min ACC +++++++++++
The acc is 0.6000, 0.5227, 0.6193
Time Consumption for one epoch is 8.795483827590942s
======================================= Epoch 9 =======================================
================= Test Set =================
+++++++++++ Find New Best Min ACC +++++++++++
The acc is 0.6091, 0.4773, 0.6420
Time Consumption for one epoch is 9.097208738327026s
======================================= Epoch 10 =======================================
================= Test Set =================
The acc is 0.6091, 0.4773, 0.6420
Time Consumption for one epoch is 8.51523733139038s
======================================= Epoch 11 =======================================
================= Test Set =================
+++++++++++ Find New Best Min ACC +++++++++++
The acc is 0.6545, 0.5455, 0.6818
Time Consumption for one epoch is 8.67176103591919s
======================================= Epoch 12 =======================================
================= Test Set =================
The acc is 0.6545, 0.5455, 0.6818
Time Consumption for one epoch is 8.082486152648926s
======================================= Epoch 13 =======================================
================= Test Set =================
The acc is 0.6545, 0.5455, 0.6818
Time Consumption for one epoch is 7.8413097858428955s
======================================= Epoch 14 =======================================
================= Test Set =================
The acc is 0.6545, 0.5455, 0.6818
Time Consumption for one epoch is 8.299854755401611s
======================================= Epoch 15 =======================================
================= Test Set =================
The acc is 0.6545, 0.5455, 0.6818
Time Consumption for one epoch is 7.785915374755859s
======================================= Epoch 16 =======================================
================= Test Set =================
The acc is 0.6545, 0.5455, 0.6818
Time Consumption for one epoch is 8.723927974700928s
======================================= Epoch 17 =======================================
================= Test Set =================
The acc is 0.6545, 0.5455, 0.6818
Time Consumption for one epoch is 8.522234916687012s
======================================= Epoch 18 =======================================
================= Test Set =================
The acc is 0.6545, 0.5455, 0.6818
Time Consumption for one epoch is 7.2630369663238525s
======================================= Epoch 19 =======================================
================= Test Set =================
The acc is 0.6545, 0.5455, 0.6818
Time Consumption for one epoch is 7.210399866104126s
The final acc is 0.6545, 0.5455, 0.6818
