Namespace(data_dir='/data/yihua/dataset/celeba/celeba.hdf5', result_dir='results', checkpoint=None, resume=False, domain_attrs='Male', target_attrs='High_Cheekbones', exp_name=None, batch_size=512, lr=0.0001, wd=2e-05, epochs=20, seed=42, num_workers=8, arch='resnet18', evaluate=False, gv=0.2, gr=0.5)
======================================= Epoch 0 =======================================
================= Test Set =================
+++++++++++ Find New Best Min ACC +++++++++++
The acc is 0.8352, 0.7991, 0.8443
Time Consumption for one epoch is 284.2676856517792s
======================================= Epoch 1 =======================================
================= Test Set =================
+++++++++++ Find New Best Min ACC +++++++++++
The acc is 0.8606, 0.8152, 0.8720
Time Consumption for one epoch is 282.68917512893677s
======================================= Epoch 2 =======================================
================= Test Set =================
The acc is 0.8606, 0.8152, 0.8720
Time Consumption for one epoch is 280.3856770992279s
======================================= Epoch 3 =======================================
================= Test Set =================
+++++++++++ Find New Best Min ACC +++++++++++
The acc is 0.8648, 0.8236, 0.8751
Time Consumption for one epoch is 282.0117211341858s
======================================= Epoch 4 =======================================
================= Test Set =================
The acc is 0.8648, 0.8236, 0.8751
Time Consumption for one epoch is 281.2674865722656s
======================================= Epoch 5 =======================================
================= Test Set =================
+++++++++++ Find New Best Min ACC +++++++++++
The acc is 0.8708, 0.8224, 0.8829
Time Consumption for one epoch is 281.3124225139618s
======================================= Epoch 6 =======================================
================= Test Set =================
+++++++++++ Find New Best Min ACC +++++++++++
The acc is 0.8712, 0.8268, 0.8822
Time Consumption for one epoch is 282.25777220726013s
======================================= Epoch 7 =======================================
================= Test Set =================
The acc is 0.8712, 0.8268, 0.8822
Time Consumption for one epoch is 281.60369062423706s
======================================= Epoch 8 =======================================
================= Test Set =================
+++++++++++ Find New Best Min ACC +++++++++++
The acc is 0.8750, 0.8308, 0.8860
Time Consumption for one epoch is 280.22012186050415s
======================================= Epoch 9 =======================================
================= Test Set =================
The acc is 0.8750, 0.8308, 0.8860
Time Consumption for one epoch is 281.19249081611633s
======================================= Epoch 10 =======================================
================= Test Set =================
The acc is 0.8750, 0.8308, 0.8860
Time Consumption for one epoch is 279.7591791152954s
======================================= Epoch 11 =======================================
================= Test Set =================
The acc is 0.8750, 0.8308, 0.8860
Time Consumption for one epoch is 281.34135389328003s
======================================= Epoch 12 =======================================
================= Test Set =================
The acc is 0.8750, 0.8308, 0.8860
Time Consumption for one epoch is 282.0800907611847s
======================================= Epoch 13 =======================================
================= Test Set =================
The acc is 0.8750, 0.8308, 0.8860
Time Consumption for one epoch is 281.2719666957855s
======================================= Epoch 14 =======================================
================= Test Set =================
+++++++++++ Find New Best Min ACC +++++++++++
The acc is 0.8773, 0.8296, 0.8893
Time Consumption for one epoch is 282.4205183982849s
======================================= Epoch 15 =======================================
================= Test Set =================
The acc is 0.8773, 0.8296, 0.8893
Time Consumption for one epoch is 280.34736227989197s
======================================= Epoch 16 =======================================
================= Test Set =================
+++++++++++ Find New Best Min ACC +++++++++++
The acc is 0.8781, 0.8348, 0.8890
Time Consumption for one epoch is 281.5617461204529s
======================================= Epoch 17 =======================================
================= Test Set =================
The acc is 0.8781, 0.8348, 0.8890
Time Consumption for one epoch is 279.41597867012024s
======================================= Epoch 18 =======================================
================= Test Set =================
+++++++++++ Find New Best Min ACC +++++++++++
The acc is 0.8793, 0.8392, 0.8894
Time Consumption for one epoch is 279.8115043640137s
======================================= Epoch 19 =======================================
================= Test Set =================
The acc is 0.8793, 0.8392, 0.8894
Time Consumption for one epoch is 279.75603127479553s
The final acc is 0.8793, 0.8392, 0.8894
