Namespace(data_dir='/data/yihua/dataset/celeba/celeba.hdf5', result_dir='results', checkpoint=None, resume=False, domain_attrs='Male', target_attrs='Blond_Hair', exp_name=None, batch_size=512, lr=0.0001, wd=2e-05, epochs=20, seed=2020, num_workers=8, arch='resnet9', evaluate=False, gv=0.1, gr=0.1)
======================================= Epoch 0 =======================================
================= Test Set =================
+++++++++++ Find New Best Min ACC +++++++++++
The acc is 0.7389, 0.6722, 0.7556
Time Consumption for one epoch is 30.133569478988647s
======================================= Epoch 1 =======================================
================= Test Set =================
+++++++++++ Find New Best Min ACC +++++++++++
The acc is 0.8156, 0.7417, 0.8340
Time Consumption for one epoch is 27.003458976745605s
======================================= Epoch 2 =======================================
================= Test Set =================
+++++++++++ Find New Best Min ACC +++++++++++
The acc is 0.8878, 0.8583, 0.8951
Time Consumption for one epoch is 26.75935459136963s
======================================= Epoch 3 =======================================
================= Test Set =================
+++++++++++ Find New Best Min ACC +++++++++++
The acc is 0.9017, 0.8583, 0.9125
Time Consumption for one epoch is 27.02949547767639s
======================================= Epoch 4 =======================================
================= Test Set =================
The acc is 0.9017, 0.8583, 0.9125
Time Consumption for one epoch is 25.578316926956177s
======================================= Epoch 5 =======================================
================= Test Set =================
+++++++++++ Find New Best Min ACC +++++++++++
The acc is 0.9072, 0.8861, 0.9125
Time Consumption for one epoch is 26.86121416091919s
======================================= Epoch 6 =======================================
================= Test Set =================
+++++++++++ Find New Best Min ACC +++++++++++
The acc is 0.9128, 0.8917, 0.9181
Time Consumption for one epoch is 26.64528489112854s
======================================= Epoch 7 =======================================
================= Test Set =================
+++++++++++ Find New Best Min ACC +++++++++++
The acc is 0.9183, 0.9083, 0.9208
Time Consumption for one epoch is 26.573743104934692s
======================================= Epoch 8 =======================================
================= Test Set =================
The acc is 0.9183, 0.9083, 0.9208
Time Consumption for one epoch is 27.02784299850464s
======================================= Epoch 9 =======================================
================= Test Set =================
The acc is 0.9183, 0.9083, 0.9208
Time Consumption for one epoch is 23.30980348587036s
======================================= Epoch 10 =======================================
================= Test Set =================
The acc is 0.9183, 0.9083, 0.9208
Time Consumption for one epoch is 26.22531771659851s
======================================= Epoch 11 =======================================
================= Test Set =================
The acc is 0.9183, 0.9083, 0.9208
Time Consumption for one epoch is 26.61808466911316s
======================================= Epoch 12 =======================================
================= Test Set =================
The acc is 0.9183, 0.9083, 0.9208
Time Consumption for one epoch is 26.10306406021118s
======================================= Epoch 13 =======================================
================= Test Set =================
The acc is 0.9183, 0.9083, 0.9208
Time Consumption for one epoch is 26.675505876541138s
======================================= Epoch 14 =======================================
================= Test Set =================
The acc is 0.9183, 0.9083, 0.9208
Time Consumption for one epoch is 25.81282353401184s
======================================= Epoch 15 =======================================
================= Test Set =================
The acc is 0.9183, 0.9083, 0.9208
Time Consumption for one epoch is 25.832857131958008s
======================================= Epoch 16 =======================================
================= Test Set =================
+++++++++++ Find New Best Min ACC +++++++++++
The acc is 0.9244, 0.9167, 0.9264
Time Consumption for one epoch is 25.905134677886963s
======================================= Epoch 17 =======================================
================= Test Set =================
The acc is 0.9244, 0.9167, 0.9264
Time Consumption for one epoch is 26.928637981414795s
======================================= Epoch 18 =======================================
================= Test Set =================
The acc is 0.9244, 0.9167, 0.9264
Time Consumption for one epoch is 25.471759796142578s
======================================= Epoch 19 =======================================
================= Test Set =================
The acc is 0.9244, 0.9167, 0.9264
Time Consumption for one epoch is 27.505882024765015s
The final acc is 0.9244, 0.9167, 0.9264
