Namespace(data_dir='/data/yihua/dataset/celeba/celeba.hdf5', result_dir='results', checkpoint=None, resume=False, domain_attrs='Male', target_attrs='Heavy_Makeup', exp_name=None, batch_size=512, lr=0.0001, wd=2e-05, epochs=20, seed=2021, num_workers=8, arch='resnet9', evaluate=False, gv=0.01, gr=0.5)
======================================= Epoch 0 =======================================
================= Test Set =================
+++++++++++ Find New Best Min ACC +++++++++++
The acc is 0.5000, 0.5000, 0.5000
Time Consumption for one epoch is 10.023114681243896s
======================================= Epoch 1 =======================================
================= Test Set =================
The acc is 0.5000, 0.5000, 0.5000
Time Consumption for one epoch is 7.992508172988892s
======================================= Epoch 2 =======================================
================= Test Set =================
The acc is 0.5000, 0.5000, 0.5000
Time Consumption for one epoch is 10.191660642623901s
======================================= Epoch 3 =======================================
================= Test Set =================
The acc is 0.5000, 0.5000, 0.5000
Time Consumption for one epoch is 8.578963279724121s
======================================= Epoch 4 =======================================
================= Test Set =================
+++++++++++ Find New Best Min ACC +++++++++++
The acc is 0.5045, 0.5227, 0.5000
Time Consumption for one epoch is 8.726813554763794s
======================================= Epoch 5 =======================================
================= Test Set =================
The acc is 0.5045, 0.5227, 0.5000
Time Consumption for one epoch is 10.110989093780518s
======================================= Epoch 6 =======================================
================= Test Set =================
The acc is 0.5045, 0.5227, 0.5000
Time Consumption for one epoch is 9.288319826126099s
======================================= Epoch 7 =======================================
================= Test Set =================
+++++++++++ Find New Best Min ACC +++++++++++
The acc is 0.5227, 0.5682, 0.5114
Time Consumption for one epoch is 8.978143453598022s
======================================= Epoch 8 =======================================
================= Test Set =================
The acc is 0.5227, 0.5682, 0.5114
Time Consumption for one epoch is 9.232889890670776s
======================================= Epoch 9 =======================================
================= Test Set =================
+++++++++++ Find New Best Min ACC +++++++++++
The acc is 0.5364, 0.5227, 0.5398
Time Consumption for one epoch is 9.13574504852295s
======================================= Epoch 10 =======================================
================= Test Set =================
+++++++++++ Find New Best Min ACC +++++++++++
The acc is 0.6091, 0.5682, 0.6193
Time Consumption for one epoch is 8.14879298210144s
======================================= Epoch 11 =======================================
================= Test Set =================
+++++++++++ Find New Best Min ACC +++++++++++
The acc is 0.6545, 0.5909, 0.6705
Time Consumption for one epoch is 9.405248641967773s
======================================= Epoch 12 =======================================
================= Test Set =================
The acc is 0.6545, 0.5909, 0.6705
Time Consumption for one epoch is 8.507402181625366s
======================================= Epoch 13 =======================================
================= Test Set =================
The acc is 0.6545, 0.5909, 0.6705
Time Consumption for one epoch is 8.669220685958862s
======================================= Epoch 14 =======================================
================= Test Set =================
+++++++++++ Find New Best Min ACC +++++++++++
The acc is 0.6818, 0.6136, 0.6989
Time Consumption for one epoch is 10.806604862213135s
======================================= Epoch 15 =======================================
================= Test Set =================
The acc is 0.6818, 0.6136, 0.6989
Time Consumption for one epoch is 9.015517950057983s
======================================= Epoch 16 =======================================
================= Test Set =================
+++++++++++ Find New Best Min ACC +++++++++++
The acc is 0.6864, 0.5909, 0.7102
Time Consumption for one epoch is 9.268987894058228s
======================================= Epoch 17 =======================================
================= Test Set =================
+++++++++++ Find New Best Min ACC +++++++++++
The acc is 0.7045, 0.6591, 0.7159
Time Consumption for one epoch is 10.098435640335083s
======================================= Epoch 18 =======================================
================= Test Set =================
The acc is 0.7045, 0.6591, 0.7159
Time Consumption for one epoch is 7.286679267883301s
======================================= Epoch 19 =======================================
================= Test Set =================
+++++++++++ Find New Best Min ACC +++++++++++
The acc is 0.7136, 0.6591, 0.7273
Time Consumption for one epoch is 9.660714149475098s
The final acc is 0.7136, 0.6591, 0.7273
