Namespace(data_dir='/data/yihua/dataset/celeba/celeba.hdf5', result_dir='results', checkpoint=None, resume=False, domain_attrs='Male', target_attrs='Blond_Hair', exp_name=None, batch_size=512, lr=0.0001, wd=2e-05, epochs=20, seed=2021, num_workers=8, arch='resnet9', evaluate=False, gv=0.0001, gr=0.3)
======================================= Epoch 0 =======================================
================= Test Set =================
+++++++++++ Find New Best Min ACC +++++++++++
The acc is 0.5900, 0.5556, 0.5986
Time Consumption for one epoch is 28.08683204650879s
======================================= Epoch 1 =======================================
================= Test Set =================
+++++++++++ Find New Best Min ACC +++++++++++
The acc is 0.8856, 0.8611, 0.8917
Time Consumption for one epoch is 25.25171709060669s
======================================= Epoch 2 =======================================
================= Test Set =================
The acc is 0.8856, 0.8611, 0.8917
Time Consumption for one epoch is 23.783859968185425s
======================================= Epoch 3 =======================================
================= Test Set =================
The acc is 0.8856, 0.8611, 0.8917
Time Consumption for one epoch is 24.928743839263916s
======================================= Epoch 4 =======================================
================= Test Set =================
+++++++++++ Find New Best Min ACC +++++++++++
The acc is 0.8889, 0.8583, 0.8965
Time Consumption for one epoch is 23.870603322982788s
======================================= Epoch 5 =======================================
================= Test Set =================
+++++++++++ Find New Best Min ACC +++++++++++
The acc is 0.9094, 0.8917, 0.9139
Time Consumption for one epoch is 24.16098666191101s
======================================= Epoch 6 =======================================
================= Test Set =================
The acc is 0.9094, 0.8917, 0.9139
Time Consumption for one epoch is 25.24348759651184s
======================================= Epoch 7 =======================================
================= Test Set =================
+++++++++++ Find New Best Min ACC +++++++++++
The acc is 0.9106, 0.9083, 0.9111
Time Consumption for one epoch is 24.734005451202393s
======================================= Epoch 8 =======================================
================= Test Set =================
+++++++++++ Find New Best Min ACC +++++++++++
The acc is 0.9167, 0.8972, 0.9215
Time Consumption for one epoch is 24.552955627441406s
======================================= Epoch 9 =======================================
================= Test Set =================
The acc is 0.9167, 0.8972, 0.9215
Time Consumption for one epoch is 26.023828268051147s
======================================= Epoch 10 =======================================
================= Test Set =================
The acc is 0.9167, 0.8972, 0.9215
Time Consumption for one epoch is 24.15561580657959s
======================================= Epoch 11 =======================================
================= Test Set =================
The acc is 0.9167, 0.8972, 0.9215
Time Consumption for one epoch is 23.69452714920044s
======================================= Epoch 12 =======================================
================= Test Set =================
The acc is 0.9167, 0.8972, 0.9215
Time Consumption for one epoch is 25.051491260528564s
======================================= Epoch 13 =======================================
================= Test Set =================
The acc is 0.9167, 0.8972, 0.9215
Time Consumption for one epoch is 25.317749738693237s
======================================= Epoch 14 =======================================
================= Test Set =================
The acc is 0.9167, 0.8972, 0.9215
Time Consumption for one epoch is 24.61927556991577s
======================================= Epoch 15 =======================================
================= Test Set =================
The acc is 0.9167, 0.8972, 0.9215
Time Consumption for one epoch is 24.04158854484558s
======================================= Epoch 16 =======================================
================= Test Set =================
+++++++++++ Find New Best Min ACC +++++++++++
The acc is 0.9194, 0.9028, 0.9236
Time Consumption for one epoch is 23.927562475204468s
======================================= Epoch 17 =======================================
================= Test Set =================
The acc is 0.9194, 0.9028, 0.9236
Time Consumption for one epoch is 24.201212406158447s
======================================= Epoch 18 =======================================
================= Test Set =================
The acc is 0.9194, 0.9028, 0.9236
Time Consumption for one epoch is 24.801946878433228s
======================================= Epoch 19 =======================================
================= Test Set =================
The acc is 0.9194, 0.9028, 0.9236
Time Consumption for one epoch is 24.917177438735962s
The final acc is 0.9194, 0.9028, 0.9236
