Namespace(data_dir='/data/yihua/dataset/celeba/celeba.hdf5', result_dir='results', checkpoint=None, resume=False, domain_attrs='Male', target_attrs='Blond_Hair', exp_name=None, batch_size=512, lr=0.0001, wd=2e-05, epochs=20, seed=2022, num_workers=8, arch='resnet18', evaluate=False, gv=1e-06, gr=0.5)
======================================= Epoch 0 =======================================
================= Test Set =================
+++++++++++ Find New Best Min ACC +++++++++++
The acc is 0.5000, 0.5000, 0.5000
Time Consumption for one epoch is 47.19192147254944s
======================================= Epoch 1 =======================================
================= Test Set =================
+++++++++++ Find New Best Min ACC +++++++++++
The acc is 0.7978, 0.7222, 0.8167
Time Consumption for one epoch is 44.35716247558594s
======================================= Epoch 2 =======================================
================= Test Set =================
+++++++++++ Find New Best Min ACC +++++++++++
The acc is 0.9006, 0.8889, 0.9035
Time Consumption for one epoch is 44.757458448410034s
======================================= Epoch 3 =======================================
================= Test Set =================
+++++++++++ Find New Best Min ACC +++++++++++
The acc is 0.9067, 0.8889, 0.9111
Time Consumption for one epoch is 44.416709661483765s
======================================= Epoch 4 =======================================
================= Test Set =================
The acc is 0.9067, 0.8889, 0.9111
Time Consumption for one epoch is 44.222265005111694s
======================================= Epoch 5 =======================================
================= Test Set =================
The acc is 0.9067, 0.8889, 0.9111
Time Consumption for one epoch is 43.138636350631714s
======================================= Epoch 6 =======================================
================= Test Set =================
+++++++++++ Find New Best Min ACC +++++++++++
The acc is 0.9078, 0.8833, 0.9139
Time Consumption for one epoch is 44.6251916885376s
======================================= Epoch 7 =======================================
================= Test Set =================
The acc is 0.9078, 0.8833, 0.9139
Time Consumption for one epoch is 45.203893423080444s
======================================= Epoch 8 =======================================
================= Test Set =================
+++++++++++ Find New Best Min ACC +++++++++++
The acc is 0.9106, 0.8944, 0.9146
Time Consumption for one epoch is 44.79567289352417s
======================================= Epoch 9 =======================================
================= Test Set =================
The acc is 0.9106, 0.8944, 0.9146
Time Consumption for one epoch is 42.82951235771179s
======================================= Epoch 10 =======================================
================= Test Set =================
The acc is 0.9106, 0.8944, 0.9146
Time Consumption for one epoch is 44.94662070274353s
======================================= Epoch 11 =======================================
================= Test Set =================
+++++++++++ Find New Best Min ACC +++++++++++
The acc is 0.9122, 0.8944, 0.9167
Time Consumption for one epoch is 46.08121037483215s
======================================= Epoch 12 =======================================
================= Test Set =================
The acc is 0.9122, 0.8944, 0.9167
Time Consumption for one epoch is 44.31089687347412s
======================================= Epoch 13 =======================================
================= Test Set =================
The acc is 0.9122, 0.8944, 0.9167
Time Consumption for one epoch is 45.21293091773987s
======================================= Epoch 14 =======================================
================= Test Set =================
The acc is 0.9122, 0.8944, 0.9167
Time Consumption for one epoch is 43.828453063964844s
======================================= Epoch 15 =======================================
================= Test Set =================
The acc is 0.9122, 0.8944, 0.9167
Time Consumption for one epoch is 44.02470779418945s
======================================= Epoch 16 =======================================
================= Test Set =================
The acc is 0.9122, 0.8944, 0.9167
Time Consumption for one epoch is 44.49385380744934s
======================================= Epoch 17 =======================================
================= Test Set =================
The acc is 0.9122, 0.8944, 0.9167
Time Consumption for one epoch is 44.61557722091675s
======================================= Epoch 18 =======================================
================= Test Set =================
+++++++++++ Find New Best Min ACC +++++++++++
The acc is 0.9128, 0.8972, 0.9167
Time Consumption for one epoch is 44.281508684158325s
======================================= Epoch 19 =======================================
================= Test Set =================
The acc is 0.9128, 0.8972, 0.9167
Time Consumption for one epoch is 44.352922677993774s
The final acc is 0.9128, 0.8972, 0.9167
