Namespace(data_dir='/data/yihua/dataset/celeba/celeba.hdf5', result_dir='results', checkpoint=None, resume=False, domain_attrs='Male', target_attrs='Blond_Hair', exp_name=None, batch_size=512, lr=0.0001, wd=2e-05, epochs=20, seed=2021, num_workers=8, arch='resnet9', evaluate=False, gv=0.3, gr=0.1)
======================================= Epoch 0 =======================================
================= Test Set =================
+++++++++++ Find New Best Min ACC +++++++++++
The acc is 0.5672, 0.5500, 0.5715
Time Consumption for one epoch is 31.020107746124268s
======================================= Epoch 1 =======================================
================= Test Set =================
+++++++++++ Find New Best Min ACC +++++++++++
The acc is 0.8872, 0.8500, 0.8965
Time Consumption for one epoch is 27.123985528945923s
======================================= Epoch 2 =======================================
================= Test Set =================
+++++++++++ Find New Best Min ACC +++++++++++
The acc is 0.8911, 0.8556, 0.9000
Time Consumption for one epoch is 27.005184173583984s
======================================= Epoch 3 =======================================
================= Test Set =================
The acc is 0.8911, 0.8556, 0.9000
Time Consumption for one epoch is 26.215242385864258s
======================================= Epoch 4 =======================================
================= Test Set =================
+++++++++++ Find New Best Min ACC +++++++++++
The acc is 0.9017, 0.8861, 0.9056
Time Consumption for one epoch is 25.522422075271606s
======================================= Epoch 5 =======================================
================= Test Set =================
The acc is 0.9017, 0.8861, 0.9056
Time Consumption for one epoch is 26.20984649658203s
======================================= Epoch 6 =======================================
================= Test Set =================
The acc is 0.9017, 0.8861, 0.9056
Time Consumption for one epoch is 27.425317525863647s
======================================= Epoch 7 =======================================
================= Test Set =================
+++++++++++ Find New Best Min ACC +++++++++++
The acc is 0.9094, 0.8778, 0.9174
Time Consumption for one epoch is 25.22001361846924s
======================================= Epoch 8 =======================================
================= Test Set =================
The acc is 0.9094, 0.8778, 0.9174
Time Consumption for one epoch is 26.903157949447632s
======================================= Epoch 9 =======================================
================= Test Set =================
The acc is 0.9094, 0.8778, 0.9174
Time Consumption for one epoch is 25.80187678337097s
======================================= Epoch 10 =======================================
================= Test Set =================
The acc is 0.9094, 0.8778, 0.9174
Time Consumption for one epoch is 25.694438934326172s
======================================= Epoch 11 =======================================
================= Test Set =================
+++++++++++ Find New Best Min ACC +++++++++++
The acc is 0.9161, 0.9000, 0.9201
Time Consumption for one epoch is 26.9966881275177s
======================================= Epoch 12 =======================================
================= Test Set =================
The acc is 0.9161, 0.9000, 0.9201
Time Consumption for one epoch is 26.933728218078613s
======================================= Epoch 13 =======================================
================= Test Set =================
The acc is 0.9161, 0.9000, 0.9201
Time Consumption for one epoch is 25.80378246307373s
======================================= Epoch 14 =======================================
================= Test Set =================
+++++++++++ Find New Best Min ACC +++++++++++
The acc is 0.9228, 0.9056, 0.9271
Time Consumption for one epoch is 24.996274948120117s
======================================= Epoch 15 =======================================
================= Test Set =================
The acc is 0.9228, 0.9056, 0.9271
Time Consumption for one epoch is 24.93531036376953s
======================================= Epoch 16 =======================================
================= Test Set =================
+++++++++++ Find New Best Min ACC +++++++++++
The acc is 0.9256, 0.9083, 0.9299
Time Consumption for one epoch is 27.55928683280945s
======================================= Epoch 17 =======================================
================= Test Set =================
The acc is 0.9256, 0.9083, 0.9299
Time Consumption for one epoch is 27.443403720855713s
======================================= Epoch 18 =======================================
================= Test Set =================
The acc is 0.9256, 0.9083, 0.9299
Time Consumption for one epoch is 26.964964628219604s
======================================= Epoch 19 =======================================
================= Test Set =================
The acc is 0.9256, 0.9083, 0.9299
Time Consumption for one epoch is 26.370548486709595s
The final acc is 0.9256, 0.9083, 0.9299
