Namespace(data_dir='/data/yihua/dataset/celeba/celeba.hdf5', result_dir='rotation_study', checkpoint=None, resume=False, domain_attrs='Male', target_attrs='Blond_Hair', exp_name=None, batch_size=512, lr=0.0001, wd=2e-05, epochs=20, seed=2021, num_workers=8, arch='resnet9', evaluate=False, total_num=5000, test_num=1000, gv=120.0, gr=0.5, minor_ratio=0.2, add_aug='rotation')
======================================= Epoch 0 =======================================
================= Test Set =================
+++++++++++ Find New Best Min ACC +++++++++++
The acc is 0.4624, 0.4186, 0.5000
Time Consumption for one epoch is 16.533321142196655s
======================================= Epoch 1 =======================================
================= Test Set =================
The acc is 0.4624, 0.4186, 0.5000
Time Consumption for one epoch is 14.739198207855225s
======================================= Epoch 2 =======================================
================= Test Set =================
+++++++++++ Find New Best Min ACC +++++++++++
The acc is 0.6452, 0.6488, 0.6420
Time Consumption for one epoch is 14.230117559432983s
======================================= Epoch 3 =======================================
================= Test Set =================
The acc is 0.6452, 0.6488, 0.6420
Time Consumption for one epoch is 14.914772987365723s
======================================= Epoch 4 =======================================
================= Test Set =================
+++++++++++ Find New Best Min ACC +++++++++++
The acc is 0.8333, 0.8116, 0.8520
Time Consumption for one epoch is 15.037882566452026s
======================================= Epoch 5 =======================================
================= Test Set =================
+++++++++++ Find New Best Min ACC +++++++++++
The acc is 0.8645, 0.8326, 0.8920
Time Consumption for one epoch is 14.917272329330444s
======================================= Epoch 6 =======================================
================= Test Set =================
The acc is 0.8645, 0.8326, 0.8920
Time Consumption for one epoch is 14.492908954620361s
======================================= Epoch 7 =======================================
================= Test Set =================
The acc is 0.8645, 0.8326, 0.8920
Time Consumption for one epoch is 14.740467548370361s
======================================= Epoch 8 =======================================
================= Test Set =================
+++++++++++ Find New Best Min ACC +++++++++++
The acc is 0.8774, 0.8512, 0.9000
Time Consumption for one epoch is 14.995719194412231s
======================================= Epoch 9 =======================================
================= Test Set =================
The acc is 0.8774, 0.8512, 0.9000
Time Consumption for one epoch is 15.014360189437866s
======================================= Epoch 10 =======================================
================= Test Set =================
+++++++++++ Find New Best Min ACC +++++++++++
The acc is 0.8871, 0.8698, 0.9020
Time Consumption for one epoch is 15.294326543807983s
======================================= Epoch 11 =======================================
================= Test Set =================
+++++++++++ Find New Best Min ACC +++++++++++
The acc is 0.8914, 0.8744, 0.9060
Time Consumption for one epoch is 15.093010902404785s
======================================= Epoch 12 =======================================
================= Test Set =================
The acc is 0.8914, 0.8744, 0.9060
Time Consumption for one epoch is 14.390740394592285s
======================================= Epoch 13 =======================================
================= Test Set =================
The acc is 0.8914, 0.8744, 0.9060
Time Consumption for one epoch is 14.494798421859741s
======================================= Epoch 14 =======================================
================= Test Set =================
+++++++++++ Find New Best Min ACC +++++++++++
The acc is 0.9000, 0.8884, 0.9100
Time Consumption for one epoch is 14.451111793518066s
======================================= Epoch 15 =======================================
================= Test Set =================
The acc is 0.9000, 0.8884, 0.9100
Time Consumption for one epoch is 14.722872734069824s
======================================= Epoch 16 =======================================
================= Test Set =================
+++++++++++ Find New Best Min ACC +++++++++++
The acc is 0.9032, 0.8884, 0.9160
Time Consumption for one epoch is 14.68032455444336s
======================================= Epoch 17 =======================================
================= Test Set =================
The acc is 0.9032, 0.8884, 0.9160
Time Consumption for one epoch is 14.953328132629395s
======================================= Epoch 18 =======================================
================= Test Set =================
The acc is 0.9032, 0.8884, 0.9160
Time Consumption for one epoch is 15.0277259349823s
======================================= Epoch 19 =======================================
================= Test Set =================
The acc is 0.9032, 0.8884, 0.9160
Time Consumption for one epoch is 14.422658443450928s
The final acc is 0.9032, 0.8884, 0.9160
