Namespace(data_dir='/data/yihua/dataset/celeba/celeba.hdf5', result_dir='rotation_study', checkpoint=None, resume=False, domain_attrs='Male', target_attrs='Blond_Hair', exp_name=None, batch_size=512, lr=0.0001, wd=2e-05, epochs=20, seed=2020, num_workers=8, arch='resnet18', evaluate=False, total_num=5000, test_num=1000, gv=60.0, gr=0.3, minor_ratio=0.2, add_aug='rotation')
======================================= Epoch 0 =======================================
================= Test Set =================
+++++++++++ Find New Best Min ACC +++++++++++
The acc is 0.4624, 0.4186, 0.5000
Time Consumption for one epoch is 22.68618369102478s
======================================= Epoch 1 =======================================
================= Test Set =================
+++++++++++ Find New Best Min ACC +++++++++++
The acc is 0.5215, 0.5698, 0.4800
Time Consumption for one epoch is 19.808555603027344s
======================================= Epoch 2 =======================================
================= Test Set =================
+++++++++++ Find New Best Min ACC +++++++++++
The acc is 0.5247, 0.5814, 0.4760
Time Consumption for one epoch is 20.209142208099365s
======================================= Epoch 3 =======================================
================= Test Set =================
+++++++++++ Find New Best Min ACC +++++++++++
The acc is 0.5806, 0.6233, 0.5440
Time Consumption for one epoch is 19.120691299438477s
======================================= Epoch 4 =======================================
================= Test Set =================
+++++++++++ Find New Best Min ACC +++++++++++
The acc is 0.7118, 0.6953, 0.7260
Time Consumption for one epoch is 20.78881597518921s
======================================= Epoch 5 =======================================
================= Test Set =================
+++++++++++ Find New Best Min ACC +++++++++++
The acc is 0.8086, 0.7651, 0.8460
Time Consumption for one epoch is 20.95516014099121s
======================================= Epoch 6 =======================================
================= Test Set =================
+++++++++++ Find New Best Min ACC +++++++++++
The acc is 0.8839, 0.8605, 0.9040
Time Consumption for one epoch is 20.772237300872803s
======================================= Epoch 7 =======================================
================= Test Set =================
The acc is 0.8839, 0.8605, 0.9040
Time Consumption for one epoch is 20.507816314697266s
======================================= Epoch 8 =======================================
================= Test Set =================
The acc is 0.8839, 0.8605, 0.9040
Time Consumption for one epoch is 20.59103012084961s
======================================= Epoch 9 =======================================
================= Test Set =================
+++++++++++ Find New Best Min ACC +++++++++++
The acc is 0.8978, 0.8860, 0.9080
Time Consumption for one epoch is 21.09251093864441s
======================================= Epoch 10 =======================================
================= Test Set =================
The acc is 0.8978, 0.8860, 0.9080
Time Consumption for one epoch is 20.58268094062805s
======================================= Epoch 11 =======================================
================= Test Set =================
The acc is 0.8978, 0.8860, 0.9080
Time Consumption for one epoch is 20.08572292327881s
======================================= Epoch 12 =======================================
================= Test Set =================
The acc is 0.8978, 0.8860, 0.9080
Time Consumption for one epoch is 21.232043266296387s
======================================= Epoch 13 =======================================
================= Test Set =================
The acc is 0.8978, 0.8860, 0.9080
Time Consumption for one epoch is 19.411696434020996s
======================================= Epoch 14 =======================================
================= Test Set =================
The acc is 0.8978, 0.8860, 0.9080
Time Consumption for one epoch is 21.617188453674316s
======================================= Epoch 15 =======================================
================= Test Set =================
The acc is 0.8978, 0.8860, 0.9080
Time Consumption for one epoch is 20.939571380615234s
======================================= Epoch 16 =======================================
================= Test Set =================
The acc is 0.8978, 0.8860, 0.9080
Time Consumption for one epoch is 20.705001831054688s
======================================= Epoch 17 =======================================
================= Test Set =================
The acc is 0.8978, 0.8860, 0.9080
Time Consumption for one epoch is 21.36482334136963s
======================================= Epoch 18 =======================================
================= Test Set =================
The acc is 0.8978, 0.8860, 0.9080
Time Consumption for one epoch is 19.545270204544067s
======================================= Epoch 19 =======================================
================= Test Set =================
The acc is 0.8978, 0.8860, 0.9080
Time Consumption for one epoch is 21.779676914215088s
The final acc is 0.8978, 0.8860, 0.9080
