Namespace(data_dir='/data/yihua/dataset/celeba/celeba.hdf5', result_dir='results', checkpoint=None, resume=False, domain_attrs='Male', target_attrs='Blond_Hair', exp_name=None, batch_size=512, lr=0.0001, wd=2e-05, epochs=20, seed=2021, num_workers=8, arch='resnet18', evaluate=False, gv=0.001, gr=0.1)
======================================= Epoch 0 =======================================
================= Test Set =================
+++++++++++ Find New Best Min ACC +++++++++++
The acc is 0.7828, 0.7000, 0.8035
Time Consumption for one epoch is 45.80662536621094s
======================================= Epoch 1 =======================================
================= Test Set =================
+++++++++++ Find New Best Min ACC +++++++++++
The acc is 0.8522, 0.7806, 0.8701
Time Consumption for one epoch is 42.28599143028259s
======================================= Epoch 2 =======================================
================= Test Set =================
+++++++++++ Find New Best Min ACC +++++++++++
The acc is 0.8961, 0.8611, 0.9049
Time Consumption for one epoch is 43.79931020736694s
======================================= Epoch 3 =======================================
================= Test Set =================
The acc is 0.8961, 0.8611, 0.9049
Time Consumption for one epoch is 39.9598331451416s
======================================= Epoch 4 =======================================
================= Test Set =================
The acc is 0.8961, 0.8611, 0.9049
Time Consumption for one epoch is 40.56896376609802s
======================================= Epoch 5 =======================================
================= Test Set =================
The acc is 0.8961, 0.8611, 0.9049
Time Consumption for one epoch is 40.902984380722046s
======================================= Epoch 6 =======================================
================= Test Set =================
The acc is 0.8961, 0.8611, 0.9049
Time Consumption for one epoch is 42.35921049118042s
======================================= Epoch 7 =======================================
================= Test Set =================
The acc is 0.8961, 0.8611, 0.9049
Time Consumption for one epoch is 42.506550550460815s
======================================= Epoch 8 =======================================
================= Test Set =================
+++++++++++ Find New Best Min ACC +++++++++++
The acc is 0.8967, 0.8889, 0.8986
Time Consumption for one epoch is 40.431713342666626s
======================================= Epoch 9 =======================================
================= Test Set =================
The acc is 0.8967, 0.8889, 0.8986
Time Consumption for one epoch is 39.81210207939148s
======================================= Epoch 10 =======================================
================= Test Set =================
+++++++++++ Find New Best Min ACC +++++++++++
The acc is 0.9100, 0.8944, 0.9139
Time Consumption for one epoch is 41.06979751586914s
======================================= Epoch 11 =======================================
================= Test Set =================
The acc is 0.9100, 0.8944, 0.9139
Time Consumption for one epoch is 40.78926968574524s
======================================= Epoch 12 =======================================
================= Test Set =================
The acc is 0.9100, 0.8944, 0.9139
Time Consumption for one epoch is 41.49091553688049s
======================================= Epoch 13 =======================================
================= Test Set =================
The acc is 0.9100, 0.8944, 0.9139
Time Consumption for one epoch is 42.36411762237549s
======================================= Epoch 14 =======================================
================= Test Set =================
The acc is 0.9100, 0.8944, 0.9139
Time Consumption for one epoch is 40.84240245819092s
======================================= Epoch 15 =======================================
================= Test Set =================
The acc is 0.9100, 0.8944, 0.9139
Time Consumption for one epoch is 42.36590838432312s
======================================= Epoch 16 =======================================
================= Test Set =================
The acc is 0.9100, 0.8944, 0.9139
Time Consumption for one epoch is 42.440632820129395s
======================================= Epoch 17 =======================================
================= Test Set =================
+++++++++++ Find New Best Min ACC +++++++++++
The acc is 0.9117, 0.8861, 0.9181
Time Consumption for one epoch is 43.346076250076294s
======================================= Epoch 18 =======================================
================= Test Set =================
The acc is 0.9117, 0.8861, 0.9181
Time Consumption for one epoch is 40.32997465133667s
======================================= Epoch 19 =======================================
================= Test Set =================
The acc is 0.9117, 0.8861, 0.9181
Time Consumption for one epoch is 40.47998356819153s
The final acc is 0.9117, 0.8861, 0.9181
