Namespace(data_dir='/data/yihua/dataset/celeba/celeba.hdf5', result_dir='results', checkpoint=None, resume=False, domain_attrs='Male', target_attrs='Heavy_Makeup', exp_name=None, batch_size=512, lr=0.0001, wd=2e-05, epochs=20, seed=2023, num_workers=8, arch='resnet9', evaluate=False, gv=1e-06, gr=0.5)
======================================= Epoch 0 =======================================
================= Test Set =================
+++++++++++ Find New Best Min ACC +++++++++++
The acc is 0.5000, 0.5000, 0.5000
Time Consumption for one epoch is 10.124308586120605s
======================================= Epoch 1 =======================================
================= Test Set =================
+++++++++++ Find New Best Min ACC +++++++++++
The acc is 0.5045, 0.5227, 0.5000
Time Consumption for one epoch is 8.291654109954834s
======================================= Epoch 2 =======================================
================= Test Set =================
The acc is 0.5045, 0.5227, 0.5000
Time Consumption for one epoch is 7.326239109039307s
======================================= Epoch 3 =======================================
================= Test Set =================
The acc is 0.5045, 0.5227, 0.5000
Time Consumption for one epoch is 9.909758567810059s
======================================= Epoch 4 =======================================
================= Test Set =================
The acc is 0.5045, 0.5227, 0.5000
Time Consumption for one epoch is 8.184750318527222s
======================================= Epoch 5 =======================================
================= Test Set =================
The acc is 0.5045, 0.5227, 0.5000
Time Consumption for one epoch is 7.844969272613525s
======================================= Epoch 6 =======================================
================= Test Set =================
The acc is 0.5045, 0.5227, 0.5000
Time Consumption for one epoch is 7.3413567543029785s
======================================= Epoch 7 =======================================
================= Test Set =================
+++++++++++ Find New Best Min ACC +++++++++++
The acc is 0.5273, 0.5455, 0.5227
Time Consumption for one epoch is 8.676054239273071s
======================================= Epoch 8 =======================================
================= Test Set =================
+++++++++++ Find New Best Min ACC +++++++++++
The acc is 0.6000, 0.5682, 0.6080
Time Consumption for one epoch is 9.290120124816895s
======================================= Epoch 9 =======================================
================= Test Set =================
The acc is 0.6000, 0.5682, 0.6080
Time Consumption for one epoch is 8.508702516555786s
======================================= Epoch 10 =======================================
================= Test Set =================
+++++++++++ Find New Best Min ACC +++++++++++
The acc is 0.6364, 0.6136, 0.6420
Time Consumption for one epoch is 9.474912643432617s
======================================= Epoch 11 =======================================
================= Test Set =================
+++++++++++ Find New Best Min ACC +++++++++++
The acc is 0.6545, 0.5227, 0.6875
Time Consumption for one epoch is 9.449554681777954s
======================================= Epoch 12 =======================================
================= Test Set =================
+++++++++++ Find New Best Min ACC +++++++++++
The acc is 0.6864, 0.5682, 0.7159
Time Consumption for one epoch is 8.638685703277588s
======================================= Epoch 13 =======================================
================= Test Set =================
The acc is 0.6864, 0.5682, 0.7159
Time Consumption for one epoch is 8.746646404266357s
======================================= Epoch 14 =======================================
================= Test Set =================
The acc is 0.6864, 0.5682, 0.7159
Time Consumption for one epoch is 7.782274484634399s
======================================= Epoch 15 =======================================
================= Test Set =================
The acc is 0.6864, 0.5682, 0.7159
Time Consumption for one epoch is 8.149348258972168s
======================================= Epoch 16 =======================================
================= Test Set =================
The acc is 0.6864, 0.5682, 0.7159
Time Consumption for one epoch is 7.862736225128174s
======================================= Epoch 17 =======================================
================= Test Set =================
The acc is 0.6864, 0.5682, 0.7159
Time Consumption for one epoch is 8.134907484054565s
======================================= Epoch 18 =======================================
================= Test Set =================
The acc is 0.6864, 0.5682, 0.7159
Time Consumption for one epoch is 9.99975323677063s
======================================= Epoch 19 =======================================
================= Test Set =================
The acc is 0.6864, 0.5682, 0.7159
Time Consumption for one epoch is 7.496194124221802s
The final acc is 0.6864, 0.5682, 0.7159
