Namespace(data_dir='/data/yihua/dataset/celeba/celeba.hdf5', result_dir='results', checkpoint=None, resume=False, domain_attrs='Male', target_attrs='Blond_Hair', exp_name=None, batch_size=512, lr=0.0001, wd=2e-05, epochs=20, seed=2021, num_workers=8, arch='resnet9', evaluate=False, gv=1e-06, gr=0.5)
======================================= Epoch 0 =======================================
================= Test Set =================
+++++++++++ Find New Best Min ACC +++++++++++
The acc is 0.6211, 0.5833, 0.6306
Time Consumption for one epoch is 29.58022975921631s
======================================= Epoch 1 =======================================
================= Test Set =================
+++++++++++ Find New Best Min ACC +++++++++++
The acc is 0.8794, 0.8583, 0.8847
Time Consumption for one epoch is 25.566391229629517s
======================================= Epoch 2 =======================================
================= Test Set =================
The acc is 0.8794, 0.8583, 0.8847
Time Consumption for one epoch is 24.797271013259888s
======================================= Epoch 3 =======================================
================= Test Set =================
The acc is 0.8794, 0.8583, 0.8847
Time Consumption for one epoch is 26.10958743095398s
======================================= Epoch 4 =======================================
================= Test Set =================
+++++++++++ Find New Best Min ACC +++++++++++
The acc is 0.9039, 0.8889, 0.9076
Time Consumption for one epoch is 25.71118187904358s
======================================= Epoch 5 =======================================
================= Test Set =================
The acc is 0.9039, 0.8889, 0.9076
Time Consumption for one epoch is 25.41309881210327s
======================================= Epoch 6 =======================================
================= Test Set =================
The acc is 0.9039, 0.8889, 0.9076
Time Consumption for one epoch is 27.095338106155396s
======================================= Epoch 7 =======================================
================= Test Set =================
+++++++++++ Find New Best Min ACC +++++++++++
The acc is 0.9083, 0.8917, 0.9125
Time Consumption for one epoch is 25.91228938102722s
======================================= Epoch 8 =======================================
================= Test Set =================
The acc is 0.9083, 0.8917, 0.9125
Time Consumption for one epoch is 25.64003324508667s
======================================= Epoch 9 =======================================
================= Test Set =================
The acc is 0.9083, 0.8917, 0.9125
Time Consumption for one epoch is 25.244900226593018s
======================================= Epoch 10 =======================================
================= Test Set =================
+++++++++++ Find New Best Min ACC +++++++++++
The acc is 0.9122, 0.9056, 0.9139
Time Consumption for one epoch is 25.677699089050293s
======================================= Epoch 11 =======================================
================= Test Set =================
The acc is 0.9122, 0.9056, 0.9139
Time Consumption for one epoch is 25.864606857299805s
======================================= Epoch 12 =======================================
================= Test Set =================
+++++++++++ Find New Best Min ACC +++++++++++
The acc is 0.9128, 0.9083, 0.9139
Time Consumption for one epoch is 25.799129247665405s
======================================= Epoch 13 =======================================
================= Test Set =================
The acc is 0.9128, 0.9083, 0.9139
Time Consumption for one epoch is 24.80906581878662s
======================================= Epoch 14 =======================================
================= Test Set =================
+++++++++++ Find New Best Min ACC +++++++++++
The acc is 0.9144, 0.8750, 0.9243
Time Consumption for one epoch is 25.96633267402649s
======================================= Epoch 15 =======================================
================= Test Set =================
The acc is 0.9144, 0.8750, 0.9243
Time Consumption for one epoch is 24.98104977607727s
======================================= Epoch 16 =======================================
================= Test Set =================
+++++++++++ Find New Best Min ACC +++++++++++
The acc is 0.9194, 0.9000, 0.9243
Time Consumption for one epoch is 25.695218563079834s
======================================= Epoch 17 =======================================
================= Test Set =================
+++++++++++ Find New Best Min ACC +++++++++++
The acc is 0.9239, 0.9000, 0.9299
Time Consumption for one epoch is 26.670166015625s
======================================= Epoch 18 =======================================
================= Test Set =================
The acc is 0.9239, 0.9000, 0.9299
Time Consumption for one epoch is 26.595970153808594s
======================================= Epoch 19 =======================================
================= Test Set =================
The acc is 0.9239, 0.9000, 0.9299
Time Consumption for one epoch is 25.541523694992065s
The final acc is 0.9239, 0.9000, 0.9299
