Namespace(data_dir='/data/yihua/dataset/celeba/celeba.hdf5', result_dir='crop_study', checkpoint=None, resume=False, domain_attrs='Male', target_attrs='Blond_Hair', exp_name=None, batch_size=512, lr=0.0001, wd=2e-05, epochs=20, seed=2022, num_workers=8, arch='resnet9', evaluate=False, total_num=5000, test_num=1000, gv=160.0, gr=0.3, minor_ratio=0.2, add_aug='crop')
======================================= Epoch 0 =======================================
================= Test Set =================
+++++++++++ Find New Best Min ACC +++++++++++
The acc is 0.4624, 0.4186, 0.5000
Time Consumption for one epoch is 16.74603533744812s
======================================= Epoch 1 =======================================
================= Test Set =================
The acc is 0.4624, 0.4186, 0.5000
Time Consumption for one epoch is 14.687847137451172s
======================================= Epoch 2 =======================================
================= Test Set =================
+++++++++++ Find New Best Min ACC +++++++++++
The acc is 0.4720, 0.4233, 0.5140
Time Consumption for one epoch is 15.070972442626953s
======================================= Epoch 3 =======================================
================= Test Set =================
+++++++++++ Find New Best Min ACC +++++++++++
The acc is 0.7731, 0.7302, 0.8100
Time Consumption for one epoch is 14.750094175338745s
======================================= Epoch 4 =======================================
================= Test Set =================
+++++++++++ Find New Best Min ACC +++++++++++
The acc is 0.7871, 0.7512, 0.8180
Time Consumption for one epoch is 14.684292316436768s
======================================= Epoch 5 =======================================
================= Test Set =================
+++++++++++ Find New Best Min ACC +++++++++++
The acc is 0.8710, 0.8558, 0.8840
Time Consumption for one epoch is 14.971236944198608s
======================================= Epoch 6 =======================================
================= Test Set =================
The acc is 0.8710, 0.8558, 0.8840
Time Consumption for one epoch is 14.973820924758911s
======================================= Epoch 7 =======================================
================= Test Set =================
The acc is 0.8710, 0.8558, 0.8840
Time Consumption for one epoch is 14.67017126083374s
======================================= Epoch 8 =======================================
================= Test Set =================
+++++++++++ Find New Best Min ACC +++++++++++
The acc is 0.8839, 0.8581, 0.9060
Time Consumption for one epoch is 14.936227321624756s
======================================= Epoch 9 =======================================
================= Test Set =================
+++++++++++ Find New Best Min ACC +++++++++++
The acc is 0.8925, 0.8698, 0.9120
Time Consumption for one epoch is 14.436094045639038s
======================================= Epoch 10 =======================================
================= Test Set =================
The acc is 0.8925, 0.8698, 0.9120
Time Consumption for one epoch is 14.728464603424072s
======================================= Epoch 11 =======================================
================= Test Set =================
The acc is 0.8925, 0.8698, 0.9120
Time Consumption for one epoch is 14.596286058425903s
======================================= Epoch 12 =======================================
================= Test Set =================
The acc is 0.8925, 0.8698, 0.9120
Time Consumption for one epoch is 14.196645975112915s
======================================= Epoch 13 =======================================
================= Test Set =================
The acc is 0.8925, 0.8698, 0.9120
Time Consumption for one epoch is 14.65238881111145s
======================================= Epoch 14 =======================================
================= Test Set =================
The acc is 0.8925, 0.8698, 0.9120
Time Consumption for one epoch is 14.629434823989868s
======================================= Epoch 15 =======================================
================= Test Set =================
The acc is 0.8925, 0.8698, 0.9120
Time Consumption for one epoch is 14.305334568023682s
======================================= Epoch 16 =======================================
================= Test Set =================
+++++++++++ Find New Best Min ACC +++++++++++
The acc is 0.8978, 0.8767, 0.9160
Time Consumption for one epoch is 14.411558628082275s
======================================= Epoch 17 =======================================
================= Test Set =================
The acc is 0.8978, 0.8767, 0.9160
Time Consumption for one epoch is 14.245837926864624s
======================================= Epoch 18 =======================================
================= Test Set =================
+++++++++++ Find New Best Min ACC +++++++++++
The acc is 0.9000, 0.8837, 0.9140
Time Consumption for one epoch is 14.961815357208252s
======================================= Epoch 19 =======================================
================= Test Set =================
The acc is 0.9000, 0.8837, 0.9140
Time Consumption for one epoch is 15.117270231246948s
The final acc is 0.9000, 0.8837, 0.9140
