Namespace(data_dir='/data/yihua/dataset/celeba/celeba.hdf5', result_dir='results', checkpoint=None, resume=False, domain_attrs='Male', target_attrs='Blond_Hair', exp_name=None, batch_size=512, lr=0.0001, wd=2e-05, epochs=20, seed=2021, num_workers=8, arch='resnet9', evaluate=False, gv=0.15, gr=0.5)
======================================= Epoch 0 =======================================
================= Test Set =================
+++++++++++ Find New Best Min ACC +++++++++++
The acc is 0.7917, 0.7583, 0.8000
Time Consumption for one epoch is 30.48176598548889s
======================================= Epoch 1 =======================================
================= Test Set =================
+++++++++++ Find New Best Min ACC +++++++++++
The acc is 0.8822, 0.8556, 0.8889
Time Consumption for one epoch is 29.550631523132324s
======================================= Epoch 2 =======================================
================= Test Set =================
The acc is 0.8822, 0.8556, 0.8889
Time Consumption for one epoch is 27.863558292388916s
======================================= Epoch 3 =======================================
================= Test Set =================
+++++++++++ Find New Best Min ACC +++++++++++
The acc is 0.8917, 0.8417, 0.9042
Time Consumption for one epoch is 28.586687803268433s
======================================= Epoch 4 =======================================
================= Test Set =================
+++++++++++ Find New Best Min ACC +++++++++++
The acc is 0.9028, 0.8722, 0.9104
Time Consumption for one epoch is 28.2084801197052s
======================================= Epoch 5 =======================================
================= Test Set =================
The acc is 0.9028, 0.8722, 0.9104
Time Consumption for one epoch is 28.772067546844482s
======================================= Epoch 6 =======================================
================= Test Set =================
The acc is 0.9028, 0.8722, 0.9104
Time Consumption for one epoch is 28.50189447402954s
======================================= Epoch 7 =======================================
================= Test Set =================
+++++++++++ Find New Best Min ACC +++++++++++
The acc is 0.9094, 0.8917, 0.9139
Time Consumption for one epoch is 29.14654278755188s
======================================= Epoch 8 =======================================
================= Test Set =================
+++++++++++ Find New Best Min ACC +++++++++++
The acc is 0.9161, 0.8972, 0.9208
Time Consumption for one epoch is 28.55036211013794s
======================================= Epoch 9 =======================================
================= Test Set =================
The acc is 0.9161, 0.8972, 0.9208
Time Consumption for one epoch is 28.941600561141968s
======================================= Epoch 10 =======================================
================= Test Set =================
The acc is 0.9161, 0.8972, 0.9208
Time Consumption for one epoch is 29.618682146072388s
======================================= Epoch 11 =======================================
================= Test Set =================
The acc is 0.9161, 0.8972, 0.9208
Time Consumption for one epoch is 29.267945528030396s
======================================= Epoch 12 =======================================
================= Test Set =================
The acc is 0.9161, 0.8972, 0.9208
Time Consumption for one epoch is 28.152101755142212s
======================================= Epoch 13 =======================================
================= Test Set =================
The acc is 0.9161, 0.8972, 0.9208
Time Consumption for one epoch is 28.190998792648315s
======================================= Epoch 14 =======================================
================= Test Set =================
The acc is 0.9161, 0.8972, 0.9208
Time Consumption for one epoch is 29.395941734313965s
======================================= Epoch 15 =======================================
================= Test Set =================
+++++++++++ Find New Best Min ACC +++++++++++
The acc is 0.9183, 0.9111, 0.9201
Time Consumption for one epoch is 29.440837383270264s
======================================= Epoch 16 =======================================
================= Test Set =================
+++++++++++ Find New Best Min ACC +++++++++++
The acc is 0.9206, 0.9056, 0.9243
Time Consumption for one epoch is 27.001773357391357s
======================================= Epoch 17 =======================================
================= Test Set =================
The acc is 0.9206, 0.9056, 0.9243
Time Consumption for one epoch is 28.002197265625s
======================================= Epoch 18 =======================================
================= Test Set =================
The acc is 0.9206, 0.9056, 0.9243
Time Consumption for one epoch is 28.339184045791626s
======================================= Epoch 19 =======================================
================= Test Set =================
The acc is 0.9206, 0.9056, 0.9243
Time Consumption for one epoch is 28.722883224487305s
The final acc is 0.9206, 0.9056, 0.9243
