Namespace(data_dir='/data/yihua/dataset/celeba/celeba.hdf5', result_dir='crop_study', checkpoint=None, resume=False, domain_attrs='Male', target_attrs='Blond_Hair', exp_name=None, batch_size=512, lr=0.0001, wd=2e-05, epochs=20, seed=2021, num_workers=8, arch='resnet18', evaluate=False, total_num=5000, test_num=1000, gv=140.0, gr=0.5, minor_ratio=0.2, add_aug='crop')
======================================= Epoch 0 =======================================
================= Test Set =================
+++++++++++ Find New Best Min ACC +++++++++++
The acc is 0.5602, 0.5163, 0.5980
Time Consumption for one epoch is 21.41311001777649s
======================================= Epoch 1 =======================================
================= Test Set =================
The acc is 0.5602, 0.5163, 0.5980
Time Consumption for one epoch is 21.597745656967163s
======================================= Epoch 2 =======================================
================= Test Set =================
The acc is 0.5602, 0.5163, 0.5980
Time Consumption for one epoch is 21.87202262878418s
======================================= Epoch 3 =======================================
================= Test Set =================
The acc is 0.5602, 0.5163, 0.5980
Time Consumption for one epoch is 20.129700899124146s
======================================= Epoch 4 =======================================
================= Test Set =================
+++++++++++ Find New Best Min ACC +++++++++++
The acc is 0.5656, 0.5977, 0.5380
Time Consumption for one epoch is 20.39136266708374s
======================================= Epoch 5 =======================================
================= Test Set =================
+++++++++++ Find New Best Min ACC +++++++++++
The acc is 0.8151, 0.7698, 0.8540
Time Consumption for one epoch is 20.75591731071472s
======================================= Epoch 6 =======================================
================= Test Set =================
The acc is 0.8151, 0.7698, 0.8540
Time Consumption for one epoch is 20.28532385826111s
======================================= Epoch 7 =======================================
================= Test Set =================
The acc is 0.8151, 0.7698, 0.8540
Time Consumption for one epoch is 21.490384101867676s
======================================= Epoch 8 =======================================
================= Test Set =================
The acc is 0.8151, 0.7698, 0.8540
Time Consumption for one epoch is 21.75682544708252s
======================================= Epoch 9 =======================================
================= Test Set =================
The acc is 0.8151, 0.7698, 0.8540
Time Consumption for one epoch is 21.24353051185608s
======================================= Epoch 10 =======================================
================= Test Set =================
+++++++++++ Find New Best Min ACC +++++++++++
The acc is 0.8742, 0.8512, 0.8940
Time Consumption for one epoch is 19.862623691558838s
======================================= Epoch 11 =======================================
================= Test Set =================
The acc is 0.8742, 0.8512, 0.8940
Time Consumption for one epoch is 20.40231704711914s
======================================= Epoch 12 =======================================
================= Test Set =================
The acc is 0.8742, 0.8512, 0.8940
Time Consumption for one epoch is 20.730104684829712s
======================================= Epoch 13 =======================================
================= Test Set =================
The acc is 0.8742, 0.8512, 0.8940
Time Consumption for one epoch is 21.173079252243042s
======================================= Epoch 14 =======================================
================= Test Set =================
The acc is 0.8742, 0.8512, 0.8940
Time Consumption for one epoch is 20.939104318618774s
======================================= Epoch 15 =======================================
================= Test Set =================
+++++++++++ Find New Best Min ACC +++++++++++
The acc is 0.8903, 0.8651, 0.9120
Time Consumption for one epoch is 19.742159605026245s
======================================= Epoch 16 =======================================
================= Test Set =================
+++++++++++ Find New Best Min ACC +++++++++++
The acc is 0.8978, 0.8814, 0.9120
Time Consumption for one epoch is 19.948474645614624s
======================================= Epoch 17 =======================================
================= Test Set =================
The acc is 0.8978, 0.8814, 0.9120
Time Consumption for one epoch is 19.758954763412476s
======================================= Epoch 18 =======================================
================= Test Set =================
+++++++++++ Find New Best Min ACC +++++++++++
The acc is 0.8989, 0.8791, 0.9160
Time Consumption for one epoch is 21.722580909729004s
======================================= Epoch 19 =======================================
================= Test Set =================
+++++++++++ Find New Best Min ACC +++++++++++
The acc is 0.9000, 0.8814, 0.9160
Time Consumption for one epoch is 21.707698345184326s
The final acc is 0.9000, 0.8814, 0.9160
