Namespace(data_dir='/data/yihua/dataset/celeba/celeba.hdf5', result_dir='results', checkpoint=None, resume=False, domain_attrs='Male', target_attrs='Blond_Hair', exp_name=None, batch_size=512, lr=0.0001, wd=2e-05, epochs=20, seed=2022, num_workers=8, arch='resnet9', evaluate=False, gv=0.01, gr=0.5)
======================================= Epoch 0 =======================================
================= Test Set =================
+++++++++++ Find New Best Min ACC +++++++++++
The acc is 0.5661, 0.5139, 0.5792
Time Consumption for one epoch is 28.27646541595459s
======================================= Epoch 1 =======================================
================= Test Set =================
+++++++++++ Find New Best Min ACC +++++++++++
The acc is 0.8833, 0.8528, 0.8910
Time Consumption for one epoch is 25.942437648773193s
======================================= Epoch 2 =======================================
================= Test Set =================
The acc is 0.8833, 0.8528, 0.8910
Time Consumption for one epoch is 25.947371244430542s
======================================= Epoch 3 =======================================
================= Test Set =================
+++++++++++ Find New Best Min ACC +++++++++++
The acc is 0.9056, 0.8806, 0.9118
Time Consumption for one epoch is 25.340118646621704s
======================================= Epoch 4 =======================================
================= Test Set =================
+++++++++++ Find New Best Min ACC +++++++++++
The acc is 0.9106, 0.9056, 0.9118
Time Consumption for one epoch is 25.21522831916809s
======================================= Epoch 5 =======================================
================= Test Set =================
The acc is 0.9106, 0.9056, 0.9118
Time Consumption for one epoch is 25.375597715377808s
======================================= Epoch 6 =======================================
================= Test Set =================
+++++++++++ Find New Best Min ACC +++++++++++
The acc is 0.9139, 0.8833, 0.9215
Time Consumption for one epoch is 26.621166467666626s
======================================= Epoch 7 =======================================
================= Test Set =================
The acc is 0.9139, 0.8833, 0.9215
Time Consumption for one epoch is 26.041135549545288s
======================================= Epoch 8 =======================================
================= Test Set =================
The acc is 0.9139, 0.8833, 0.9215
Time Consumption for one epoch is 24.16224479675293s
======================================= Epoch 9 =======================================
================= Test Set =================
The acc is 0.9139, 0.8833, 0.9215
Time Consumption for one epoch is 25.888022661209106s
======================================= Epoch 10 =======================================
================= Test Set =================
+++++++++++ Find New Best Min ACC +++++++++++
The acc is 0.9161, 0.8889, 0.9229
Time Consumption for one epoch is 26.568946599960327s
======================================= Epoch 11 =======================================
================= Test Set =================
+++++++++++ Find New Best Min ACC +++++++++++
The acc is 0.9194, 0.9111, 0.9215
Time Consumption for one epoch is 26.052445650100708s
======================================= Epoch 12 =======================================
================= Test Set =================
The acc is 0.9194, 0.9111, 0.9215
Time Consumption for one epoch is 24.844616651535034s
======================================= Epoch 13 =======================================
================= Test Set =================
The acc is 0.9194, 0.9111, 0.9215
Time Consumption for one epoch is 25.966495990753174s
======================================= Epoch 14 =======================================
================= Test Set =================
The acc is 0.9194, 0.9111, 0.9215
Time Consumption for one epoch is 25.467193126678467s
======================================= Epoch 15 =======================================
================= Test Set =================
The acc is 0.9194, 0.9111, 0.9215
Time Consumption for one epoch is 26.10491943359375s
======================================= Epoch 16 =======================================
================= Test Set =================
The acc is 0.9194, 0.9111, 0.9215
Time Consumption for one epoch is 26.09766936302185s
======================================= Epoch 17 =======================================
================= Test Set =================
The acc is 0.9194, 0.9111, 0.9215
Time Consumption for one epoch is 25.530089616775513s
======================================= Epoch 18 =======================================
================= Test Set =================
The acc is 0.9194, 0.9111, 0.9215
Time Consumption for one epoch is 25.84347367286682s
======================================= Epoch 19 =======================================
================= Test Set =================
The acc is 0.9194, 0.9111, 0.9215
Time Consumption for one epoch is 26.501410961151123s
The final acc is 0.9194, 0.9111, 0.9215
