Namespace(data_dir='/data/yihua/dataset/celeba/celeba.hdf5', result_dir='crop_study', checkpoint=None, resume=False, domain_attrs='Male', target_attrs='Blond_Hair', exp_name=None, batch_size=512, lr=0.0001, wd=2e-05, epochs=20, seed=2020, num_workers=8, arch='resnet18', evaluate=False, total_num=5000, test_num=1000, gv=220.0, gr=0.5, minor_ratio=0.2, add_aug='crop')
======================================= Epoch 0 =======================================
================= Test Set =================
+++++++++++ Find New Best Min ACC +++++++++++
The acc is 0.4624, 0.4186, 0.5000
Time Consumption for one epoch is 22.29018521308899s
======================================= Epoch 1 =======================================
================= Test Set =================
The acc is 0.4624, 0.4186, 0.5000
Time Consumption for one epoch is 21.06313180923462s
======================================= Epoch 2 =======================================
================= Test Set =================
+++++++++++ Find New Best Min ACC +++++++++++
The acc is 0.5860, 0.5558, 0.6120
Time Consumption for one epoch is 20.086992740631104s
======================================= Epoch 3 =======================================
================= Test Set =================
+++++++++++ Find New Best Min ACC +++++++++++
The acc is 0.7226, 0.6953, 0.7460
Time Consumption for one epoch is 20.74571704864502s
======================================= Epoch 4 =======================================
================= Test Set =================
The acc is 0.7226, 0.6953, 0.7460
Time Consumption for one epoch is 21.877999544143677s
======================================= Epoch 5 =======================================
================= Test Set =================
+++++++++++ Find New Best Min ACC +++++++++++
The acc is 0.8785, 0.8581, 0.8960
Time Consumption for one epoch is 21.090349197387695s
======================================= Epoch 6 =======================================
================= Test Set =================
The acc is 0.8785, 0.8581, 0.8960
Time Consumption for one epoch is 19.809387683868408s
======================================= Epoch 7 =======================================
================= Test Set =================
+++++++++++ Find New Best Min ACC +++++++++++
The acc is 0.8828, 0.8605, 0.9020
Time Consumption for one epoch is 19.945873260498047s
======================================= Epoch 8 =======================================
================= Test Set =================
The acc is 0.8828, 0.8605, 0.9020
Time Consumption for one epoch is 22.361226320266724s
======================================= Epoch 9 =======================================
================= Test Set =================
+++++++++++ Find New Best Min ACC +++++++++++
The acc is 0.8839, 0.8651, 0.9000
Time Consumption for one epoch is 20.64413022994995s
======================================= Epoch 10 =======================================
================= Test Set =================
The acc is 0.8839, 0.8651, 0.9000
Time Consumption for one epoch is 19.524999618530273s
======================================= Epoch 11 =======================================
================= Test Set =================
The acc is 0.8839, 0.8651, 0.9000
Time Consumption for one epoch is 23.38616418838501s
======================================= Epoch 12 =======================================
================= Test Set =================
The acc is 0.8839, 0.8651, 0.9000
Time Consumption for one epoch is 19.69165802001953s
======================================= Epoch 13 =======================================
================= Test Set =================
The acc is 0.8839, 0.8651, 0.9000
Time Consumption for one epoch is 21.307351112365723s
======================================= Epoch 14 =======================================
================= Test Set =================
The acc is 0.8839, 0.8651, 0.9000
Time Consumption for one epoch is 21.77815008163452s
======================================= Epoch 15 =======================================
================= Test Set =================
The acc is 0.8839, 0.8651, 0.9000
Time Consumption for one epoch is 21.40911054611206s
======================================= Epoch 16 =======================================
================= Test Set =================
+++++++++++ Find New Best Min ACC +++++++++++
The acc is 0.8860, 0.8651, 0.9040
Time Consumption for one epoch is 22.137112617492676s
======================================= Epoch 17 =======================================
================= Test Set =================
+++++++++++ Find New Best Min ACC +++++++++++
The acc is 0.8882, 0.8744, 0.9000
Time Consumption for one epoch is 19.83499264717102s
======================================= Epoch 18 =======================================
================= Test Set =================
The acc is 0.8882, 0.8744, 0.9000
Time Consumption for one epoch is 22.935561180114746s
======================================= Epoch 19 =======================================
================= Test Set =================
The acc is 0.8882, 0.8744, 0.9000
Time Consumption for one epoch is 20.226997137069702s
The final acc is 0.8882, 0.8744, 0.9000
