Namespace(data_dir='/data/yihua/dataset/celeba/celeba.hdf5', result_dir='results', checkpoint=None, resume=False, domain_attrs='Male', target_attrs='High_Cheekbones', exp_name=None, batch_size=512, lr=0.0001, wd=2e-05, epochs=20, seed=42, num_workers=8, arch='resnet18', evaluate=False, gv=0.05, gr=0.1)
======================================= Epoch 0 =======================================
================= Test Set =================
+++++++++++ Find New Best Min ACC +++++++++++
The acc is 0.84, 0.79, 0.85
Time Consumption for one epoch is 261.60301756858826s
======================================= Epoch 1 =======================================
================= Test Set =================
The acc is 0.84, 0.79, 0.85
Time Consumption for one epoch is 257.31372904777527s
======================================= Epoch 2 =======================================
================= Test Set =================
+++++++++++ Find New Best Min ACC +++++++++++
The acc is 0.85, 0.81, 0.86
Time Consumption for one epoch is 258.20593333244324s
======================================= Epoch 3 =======================================
================= Test Set =================
+++++++++++ Find New Best Min ACC +++++++++++
The acc is 0.86, 0.81, 0.87
Time Consumption for one epoch is 258.6458201408386s
======================================= Epoch 4 =======================================
================= Test Set =================
The acc is 0.86, 0.81, 0.87
Time Consumption for one epoch is 257.5162453651428s
======================================= Epoch 5 =======================================
================= Test Set =================
The acc is 0.86, 0.81, 0.87
Time Consumption for one epoch is 257.5467441082001s
======================================= Epoch 6 =======================================
================= Test Set =================
The acc is 0.86, 0.81, 0.87
Time Consumption for one epoch is 257.78992891311646s
======================================= Epoch 7 =======================================
================= Test Set =================
+++++++++++ Find New Best Min ACC +++++++++++
The acc is 0.87, 0.83, 0.88
Time Consumption for one epoch is 259.2283375263214s
======================================= Epoch 8 =======================================
================= Test Set =================
The acc is 0.87, 0.83, 0.88
Time Consumption for one epoch is 257.60248255729675s
======================================= Epoch 9 =======================================
================= Test Set =================
The acc is 0.87, 0.83, 0.88
Time Consumption for one epoch is 257.81202030181885s
======================================= Epoch 10 =======================================
================= Test Set =================
The acc is 0.87, 0.83, 0.88
Time Consumption for one epoch is 257.4740834236145s
======================================= Epoch 11 =======================================
================= Test Set =================
+++++++++++ Find New Best Min ACC +++++++++++
The acc is 0.87, 0.83, 0.88
Time Consumption for one epoch is 258.4985249042511s
======================================= Epoch 12 =======================================
================= Test Set =================
The acc is 0.87, 0.83, 0.88
Time Consumption for one epoch is 258.040974855423s
======================================= Epoch 13 =======================================
================= Test Set =================
The acc is 0.87, 0.83, 0.88
Time Consumption for one epoch is 258.15731167793274s
======================================= Epoch 14 =======================================
================= Test Set =================
+++++++++++ Find New Best Min ACC +++++++++++
The acc is 0.87, 0.83, 0.88
Time Consumption for one epoch is 259.08115577697754s
======================================= Epoch 15 =======================================
================= Test Set =================
The acc is 0.87, 0.83, 0.88
Time Consumption for one epoch is 258.14993047714233s
======================================= Epoch 16 =======================================
================= Test Set =================
+++++++++++ Find New Best Min ACC +++++++++++
The acc is 0.88, 0.84, 0.89
Time Consumption for one epoch is 259.20364236831665s
======================================= Epoch 17 =======================================
================= Test Set =================
The acc is 0.88, 0.84, 0.89
Time Consumption for one epoch is 257.86798667907715s
======================================= Epoch 18 =======================================
================= Test Set =================
+++++++++++ Find New Best Min ACC +++++++++++
The acc is 0.88, 0.84, 0.89
Time Consumption for one epoch is 258.7406527996063s
======================================= Epoch 19 =======================================
================= Test Set =================
+++++++++++ Find New Best Min ACC +++++++++++
The acc is 0.88, 0.84, 0.89
Time Consumption for one epoch is 258.23406314849854s
The final acc is 0.88, 0.84, 0.89
