Namespace(data_dir='/data/yihua/dataset/celeba/celeba.hdf5', result_dir='results', checkpoint=None, resume=False, domain_attrs='Male', target_attrs='Blond_Hair', exp_name=None, batch_size=512, lr=0.0001, wd=2e-05, epochs=20, seed=2022, num_workers=8, arch='resnet9', evaluate=False, gv=1e-05, gr=0.1)
======================================= Epoch 0 =======================================
================= Test Set =================
+++++++++++ Find New Best Min ACC +++++++++++
The acc is 0.6378, 0.5972, 0.6479
Time Consumption for one epoch is 27.628737211227417s
======================================= Epoch 1 =======================================
================= Test Set =================
+++++++++++ Find New Best Min ACC +++++++++++
The acc is 0.8411, 0.7889, 0.8542
Time Consumption for one epoch is 24.78896713256836s
======================================= Epoch 2 =======================================
================= Test Set =================
+++++++++++ Find New Best Min ACC +++++++++++
The acc is 0.8678, 0.8111, 0.8819
Time Consumption for one epoch is 24.99199390411377s
======================================= Epoch 3 =======================================
================= Test Set =================
+++++++++++ Find New Best Min ACC +++++++++++
The acc is 0.9017, 0.8611, 0.9118
Time Consumption for one epoch is 24.284328937530518s
======================================= Epoch 4 =======================================
================= Test Set =================
The acc is 0.9017, 0.8611, 0.9118
Time Consumption for one epoch is 23.48041796684265s
======================================= Epoch 5 =======================================
================= Test Set =================
The acc is 0.9017, 0.8611, 0.9118
Time Consumption for one epoch is 23.842524528503418s
======================================= Epoch 6 =======================================
================= Test Set =================
The acc is 0.9017, 0.8611, 0.9118
Time Consumption for one epoch is 25.140868186950684s
======================================= Epoch 7 =======================================
================= Test Set =================
The acc is 0.9017, 0.8611, 0.9118
Time Consumption for one epoch is 24.016435623168945s
======================================= Epoch 8 =======================================
================= Test Set =================
The acc is 0.9017, 0.8611, 0.9118
Time Consumption for one epoch is 24.05390429496765s
======================================= Epoch 9 =======================================
================= Test Set =================
+++++++++++ Find New Best Min ACC +++++++++++
The acc is 0.9122, 0.8778, 0.9208
Time Consumption for one epoch is 23.611531972885132s
======================================= Epoch 10 =======================================
================= Test Set =================
+++++++++++ Find New Best Min ACC +++++++++++
The acc is 0.9172, 0.8833, 0.9257
Time Consumption for one epoch is 23.846031665802002s
======================================= Epoch 11 =======================================
================= Test Set =================
The acc is 0.9172, 0.8833, 0.9257
Time Consumption for one epoch is 23.10260534286499s
======================================= Epoch 12 =======================================
================= Test Set =================
The acc is 0.9172, 0.8833, 0.9257
Time Consumption for one epoch is 22.926963806152344s
======================================= Epoch 13 =======================================
================= Test Set =================
The acc is 0.9172, 0.8833, 0.9257
Time Consumption for one epoch is 24.713504314422607s
======================================= Epoch 14 =======================================
================= Test Set =================
The acc is 0.9172, 0.8833, 0.9257
Time Consumption for one epoch is 22.930368423461914s
======================================= Epoch 15 =======================================
================= Test Set =================
The acc is 0.9172, 0.8833, 0.9257
Time Consumption for one epoch is 24.351478338241577s
======================================= Epoch 16 =======================================
================= Test Set =================
+++++++++++ Find New Best Min ACC +++++++++++
The acc is 0.9217, 0.8972, 0.9278
Time Consumption for one epoch is 25.140744924545288s
======================================= Epoch 17 =======================================
================= Test Set =================
+++++++++++ Find New Best Min ACC +++++++++++
The acc is 0.9239, 0.9056, 0.9285
Time Consumption for one epoch is 24.751133680343628s
======================================= Epoch 18 =======================================
================= Test Set =================
The acc is 0.9239, 0.9056, 0.9285
Time Consumption for one epoch is 24.251567840576172s
======================================= Epoch 19 =======================================
================= Test Set =================
The acc is 0.9239, 0.9056, 0.9285
Time Consumption for one epoch is 24.993839025497437s
The final acc is 0.9239, 0.9056, 0.9285
