Namespace(data_dir='/data/yihua/dataset/celeba/celeba.hdf5', result_dir='rotation_study', checkpoint=None, resume=False, domain_attrs='Male', target_attrs='Blond_Hair', exp_name=None, batch_size=512, lr=0.0001, wd=2e-05, epochs=20, seed=2021, num_workers=8, arch='resnet9', evaluate=False, total_num=5000, test_num=1000, gv=120.0, gr=0.3, minor_ratio=0.2, add_aug='rotation')
======================================= Epoch 0 =======================================
================= Test Set =================
+++++++++++ Find New Best Min ACC +++++++++++
The acc is 0.4624, 0.4186, 0.5000
Time Consumption for one epoch is 16.33526301383972s
======================================= Epoch 1 =======================================
================= Test Set =================
The acc is 0.4624, 0.4186, 0.5000
Time Consumption for one epoch is 14.174442052841187s
======================================= Epoch 2 =======================================
================= Test Set =================
+++++++++++ Find New Best Min ACC +++++++++++
The acc is 0.7011, 0.6674, 0.7300
Time Consumption for one epoch is 14.959860563278198s
======================================= Epoch 3 =======================================
================= Test Set =================
+++++++++++ Find New Best Min ACC +++++++++++
The acc is 0.7570, 0.7442, 0.7680
Time Consumption for one epoch is 14.688532829284668s
======================================= Epoch 4 =======================================
================= Test Set =================
+++++++++++ Find New Best Min ACC +++++++++++
The acc is 0.8452, 0.8279, 0.8600
Time Consumption for one epoch is 15.234596729278564s
======================================= Epoch 5 =======================================
================= Test Set =================
The acc is 0.8452, 0.8279, 0.8600
Time Consumption for one epoch is 14.669925212860107s
======================================= Epoch 6 =======================================
================= Test Set =================
The acc is 0.8452, 0.8279, 0.8600
Time Consumption for one epoch is 14.06173324584961s
======================================= Epoch 7 =======================================
================= Test Set =================
+++++++++++ Find New Best Min ACC +++++++++++
The acc is 0.8516, 0.8326, 0.8680
Time Consumption for one epoch is 14.808095216751099s
======================================= Epoch 8 =======================================
================= Test Set =================
+++++++++++ Find New Best Min ACC +++++++++++
The acc is 0.8817, 0.8512, 0.9080
Time Consumption for one epoch is 15.018404245376587s
======================================= Epoch 9 =======================================
================= Test Set =================
The acc is 0.8817, 0.8512, 0.9080
Time Consumption for one epoch is 14.842544317245483s
======================================= Epoch 10 =======================================
================= Test Set =================
+++++++++++ Find New Best Min ACC +++++++++++
The acc is 0.8828, 0.8651, 0.8980
Time Consumption for one epoch is 14.686016321182251s
======================================= Epoch 11 =======================================
================= Test Set =================
The acc is 0.8828, 0.8651, 0.8980
Time Consumption for one epoch is 14.36584210395813s
======================================= Epoch 12 =======================================
================= Test Set =================
The acc is 0.8828, 0.8651, 0.8980
Time Consumption for one epoch is 14.068926811218262s
======================================= Epoch 13 =======================================
================= Test Set =================
+++++++++++ Find New Best Min ACC +++++++++++
The acc is 0.8839, 0.8698, 0.8960
Time Consumption for one epoch is 14.42548418045044s
======================================= Epoch 14 =======================================
================= Test Set =================
+++++++++++ Find New Best Min ACC +++++++++++
The acc is 0.8860, 0.8721, 0.8980
Time Consumption for one epoch is 15.059711933135986s
======================================= Epoch 15 =======================================
================= Test Set =================
+++++++++++ Find New Best Min ACC +++++++++++
The acc is 0.8882, 0.8698, 0.9040
Time Consumption for one epoch is 14.630269289016724s
======================================= Epoch 16 =======================================
================= Test Set =================
+++++++++++ Find New Best Min ACC +++++++++++
The acc is 0.8925, 0.8814, 0.9020
Time Consumption for one epoch is 14.880311489105225s
======================================= Epoch 17 =======================================
================= Test Set =================
The acc is 0.8925, 0.8814, 0.9020
Time Consumption for one epoch is 14.402436971664429s
======================================= Epoch 18 =======================================
================= Test Set =================
The acc is 0.8925, 0.8814, 0.9020
Time Consumption for one epoch is 14.11319088935852s
======================================= Epoch 19 =======================================
================= Test Set =================
The acc is 0.8925, 0.8814, 0.9020
Time Consumption for one epoch is 14.865006685256958s
The final acc is 0.8925, 0.8814, 0.9020
