Namespace(data_dir='/data/yihua/dataset/celeba/celeba.hdf5', result_dir='results', checkpoint=None, resume=False, domain_attrs='Male', target_attrs='Blond_Hair', exp_name=None, batch_size=512, lr=0.0001, wd=2e-05, epochs=20, seed=2022, num_workers=8, arch='resnet9', evaluate=False, gv=0.2, gr=0.1)
======================================= Epoch 0 =======================================
================= Test Set =================
+++++++++++ Find New Best Min ACC +++++++++++
The acc is 0.5439, 0.5194, 0.5500
Time Consumption for one epoch is 29.59912133216858s
======================================= Epoch 1 =======================================
================= Test Set =================
+++++++++++ Find New Best Min ACC +++++++++++
The acc is 0.8489, 0.7833, 0.8653
Time Consumption for one epoch is 27.181729078292847s
======================================= Epoch 2 =======================================
================= Test Set =================
The acc is 0.8489, 0.7833, 0.8653
Time Consumption for one epoch is 26.699429512023926s
======================================= Epoch 3 =======================================
================= Test Set =================
+++++++++++ Find New Best Min ACC +++++++++++
The acc is 0.9017, 0.8583, 0.9125
Time Consumption for one epoch is 26.474714040756226s
======================================= Epoch 4 =======================================
================= Test Set =================
+++++++++++ Find New Best Min ACC +++++++++++
The acc is 0.9039, 0.8500, 0.9174
Time Consumption for one epoch is 26.765915632247925s
======================================= Epoch 5 =======================================
================= Test Set =================
The acc is 0.9039, 0.8500, 0.9174
Time Consumption for one epoch is 25.436577558517456s
======================================= Epoch 6 =======================================
================= Test Set =================
The acc is 0.9039, 0.8500, 0.9174
Time Consumption for one epoch is 27.29469323158264s
======================================= Epoch 7 =======================================
================= Test Set =================
The acc is 0.9039, 0.8500, 0.9174
Time Consumption for one epoch is 26.587745666503906s
======================================= Epoch 8 =======================================
================= Test Set =================
The acc is 0.9039, 0.8500, 0.9174
Time Consumption for one epoch is 27.05116581916809s
======================================= Epoch 9 =======================================
================= Test Set =================
+++++++++++ Find New Best Min ACC +++++++++++
The acc is 0.9144, 0.8944, 0.9194
Time Consumption for one epoch is 25.012552738189697s
======================================= Epoch 10 =======================================
================= Test Set =================
+++++++++++ Find New Best Min ACC +++++++++++
The acc is 0.9189, 0.9000, 0.9236
Time Consumption for one epoch is 26.180254697799683s
======================================= Epoch 11 =======================================
================= Test Set =================
The acc is 0.9189, 0.9000, 0.9236
Time Consumption for one epoch is 26.839864015579224s
======================================= Epoch 12 =======================================
================= Test Set =================
The acc is 0.9189, 0.9000, 0.9236
Time Consumption for one epoch is 26.602123975753784s
======================================= Epoch 13 =======================================
================= Test Set =================
The acc is 0.9189, 0.9000, 0.9236
Time Consumption for one epoch is 26.353508710861206s
======================================= Epoch 14 =======================================
================= Test Set =================
The acc is 0.9189, 0.9000, 0.9236
Time Consumption for one epoch is 26.72661828994751s
======================================= Epoch 15 =======================================
================= Test Set =================
The acc is 0.9189, 0.9000, 0.9236
Time Consumption for one epoch is 27.069856643676758s
======================================= Epoch 16 =======================================
================= Test Set =================
The acc is 0.9189, 0.9000, 0.9236
Time Consumption for one epoch is 26.684066772460938s
======================================= Epoch 17 =======================================
================= Test Set =================
+++++++++++ Find New Best Min ACC +++++++++++
The acc is 0.9228, 0.9083, 0.9264
Time Consumption for one epoch is 27.201467752456665s
======================================= Epoch 18 =======================================
================= Test Set =================
The acc is 0.9228, 0.9083, 0.9264
Time Consumption for one epoch is 26.597522735595703s
======================================= Epoch 19 =======================================
================= Test Set =================
The acc is 0.9228, 0.9083, 0.9264
Time Consumption for one epoch is 26.666972398757935s
The final acc is 0.9228, 0.9083, 0.9264
