Namespace(data_dir='/data/yihua/dataset/celeba/celeba.hdf5', result_dir='rotation_study', checkpoint=None, resume=False, domain_attrs='Male', target_attrs='Blond_Hair', exp_name=None, batch_size=512, lr=0.0001, wd=2e-05, epochs=20, seed=2022, num_workers=8, arch='resnet18', evaluate=False, total_num=5000, test_num=1000, gv=90.0, gr=0.3, minor_ratio=0.2, add_aug='rotation')
======================================= Epoch 0 =======================================
================= Test Set =================
+++++++++++ Find New Best Min ACC +++++++++++
The acc is 0.5376, 0.5814, 0.5000
Time Consumption for one epoch is 22.249654531478882s
======================================= Epoch 1 =======================================
================= Test Set =================
+++++++++++ Find New Best Min ACC +++++++++++
The acc is 0.7441, 0.7186, 0.7660
Time Consumption for one epoch is 20.003719329833984s
======================================= Epoch 2 =======================================
================= Test Set =================
The acc is 0.7441, 0.7186, 0.7660
Time Consumption for one epoch is 19.691067218780518s
======================================= Epoch 3 =======================================
================= Test Set =================
The acc is 0.7441, 0.7186, 0.7660
Time Consumption for one epoch is 21.223896265029907s
======================================= Epoch 4 =======================================
================= Test Set =================
+++++++++++ Find New Best Min ACC +++++++++++
The acc is 0.8258, 0.7884, 0.8580
Time Consumption for one epoch is 21.178592443466187s
======================================= Epoch 5 =======================================
================= Test Set =================
The acc is 0.8258, 0.7884, 0.8580
Time Consumption for one epoch is 21.384191036224365s
======================================= Epoch 6 =======================================
================= Test Set =================
The acc is 0.8258, 0.7884, 0.8580
Time Consumption for one epoch is 20.368845224380493s
======================================= Epoch 7 =======================================
================= Test Set =================
+++++++++++ Find New Best Min ACC +++++++++++
The acc is 0.8677, 0.8419, 0.8900
Time Consumption for one epoch is 19.780929803848267s
======================================= Epoch 8 =======================================
================= Test Set =================
+++++++++++ Find New Best Min ACC +++++++++++
The acc is 0.8742, 0.8442, 0.9000
Time Consumption for one epoch is 19.817436695098877s
======================================= Epoch 9 =======================================
================= Test Set =================
The acc is 0.8742, 0.8442, 0.9000
Time Consumption for one epoch is 19.726818323135376s
======================================= Epoch 10 =======================================
================= Test Set =================
The acc is 0.8742, 0.8442, 0.9000
Time Consumption for one epoch is 22.352699041366577s
======================================= Epoch 11 =======================================
================= Test Set =================
+++++++++++ Find New Best Min ACC +++++++++++
The acc is 0.8860, 0.8628, 0.9060
Time Consumption for one epoch is 20.492300033569336s
======================================= Epoch 12 =======================================
================= Test Set =================
The acc is 0.8860, 0.8628, 0.9060
Time Consumption for one epoch is 19.296446323394775s
======================================= Epoch 13 =======================================
================= Test Set =================
+++++++++++ Find New Best Min ACC +++++++++++
The acc is 0.8925, 0.8791, 0.9040
Time Consumption for one epoch is 19.19568943977356s
======================================= Epoch 14 =======================================
================= Test Set =================
The acc is 0.8925, 0.8791, 0.9040
Time Consumption for one epoch is 22.46431827545166s
======================================= Epoch 15 =======================================
================= Test Set =================
+++++++++++ Find New Best Min ACC +++++++++++
The acc is 0.9011, 0.8930, 0.9080
Time Consumption for one epoch is 21.367982387542725s
======================================= Epoch 16 =======================================
================= Test Set =================
The acc is 0.9011, 0.8930, 0.9080
Time Consumption for one epoch is 22.043089151382446s
======================================= Epoch 17 =======================================
================= Test Set =================
The acc is 0.9011, 0.8930, 0.9080
Time Consumption for one epoch is 20.78487205505371s
======================================= Epoch 18 =======================================
================= Test Set =================
+++++++++++ Find New Best Min ACC +++++++++++
The acc is 0.9022, 0.8837, 0.9180
Time Consumption for one epoch is 20.255177974700928s
======================================= Epoch 19 =======================================
================= Test Set =================
The acc is 0.9022, 0.8837, 0.9180
Time Consumption for one epoch is 20.07452368736267s
The final acc is 0.9022, 0.8837, 0.9180
