Namespace(data_dir='/data/yihua/dataset/celeba/celeba.hdf5', result_dir='rotation_study', checkpoint=None, resume=False, domain_attrs='Male', target_attrs='Blond_Hair', exp_name=None, batch_size=512, lr=0.0001, wd=2e-05, epochs=20, seed=2022, num_workers=8, arch='resnet18', evaluate=False, total_num=5000, test_num=1000, gv=0.0, gr=0.3, minor_ratio=0.2, add_aug='rotation')
======================================= Epoch 0 =======================================
================= Test Set =================
+++++++++++ Find New Best Min ACC +++++++++++
The acc is 0.5376, 0.5814, 0.5000
Time Consumption for one epoch is 22.705016613006592s
======================================= Epoch 1 =======================================
================= Test Set =================
+++++++++++ Find New Best Min ACC +++++++++++
The acc is 0.5645, 0.5977, 0.5360
Time Consumption for one epoch is 19.87051010131836s
======================================= Epoch 2 =======================================
================= Test Set =================
The acc is 0.5645, 0.5977, 0.5360
Time Consumption for one epoch is 20.137434482574463s
======================================= Epoch 3 =======================================
================= Test Set =================
The acc is 0.5645, 0.5977, 0.5360
Time Consumption for one epoch is 20.307178735733032s
======================================= Epoch 4 =======================================
================= Test Set =================
+++++++++++ Find New Best Min ACC +++++++++++
The acc is 0.6978, 0.6326, 0.7540
Time Consumption for one epoch is 19.567542791366577s
======================================= Epoch 5 =======================================
================= Test Set =================
The acc is 0.6978, 0.6326, 0.7540
Time Consumption for one epoch is 20.69679594039917s
======================================= Epoch 6 =======================================
================= Test Set =================
+++++++++++ Find New Best Min ACC +++++++++++
The acc is 0.7452, 0.7186, 0.7680
Time Consumption for one epoch is 19.75300168991089s
======================================= Epoch 7 =======================================
================= Test Set =================
+++++++++++ Find New Best Min ACC +++++++++++
The acc is 0.8473, 0.8116, 0.8780
Time Consumption for one epoch is 19.989899158477783s
======================================= Epoch 8 =======================================
================= Test Set =================
+++++++++++ Find New Best Min ACC +++++++++++
The acc is 0.8548, 0.8140, 0.8900
Time Consumption for one epoch is 21.78801965713501s
======================================= Epoch 9 =======================================
================= Test Set =================
The acc is 0.8548, 0.8140, 0.8900
Time Consumption for one epoch is 19.92500329017639s
======================================= Epoch 10 =======================================
================= Test Set =================
The acc is 0.8548, 0.8140, 0.8900
Time Consumption for one epoch is 19.36789608001709s
======================================= Epoch 11 =======================================
================= Test Set =================
+++++++++++ Find New Best Min ACC +++++++++++
The acc is 0.8839, 0.8651, 0.9000
Time Consumption for one epoch is 20.752184629440308s
======================================= Epoch 12 =======================================
================= Test Set =================
The acc is 0.8839, 0.8651, 0.9000
Time Consumption for one epoch is 20.106741428375244s
======================================= Epoch 13 =======================================
================= Test Set =================
+++++++++++ Find New Best Min ACC +++++++++++
The acc is 0.8871, 0.8698, 0.9020
Time Consumption for one epoch is 21.13591432571411s
======================================= Epoch 14 =======================================
================= Test Set =================
The acc is 0.8871, 0.8698, 0.9020
Time Consumption for one epoch is 19.28486204147339s
======================================= Epoch 15 =======================================
================= Test Set =================
+++++++++++ Find New Best Min ACC +++++++++++
The acc is 0.8914, 0.8698, 0.9100
Time Consumption for one epoch is 20.611356258392334s
======================================= Epoch 16 =======================================
================= Test Set =================
The acc is 0.8914, 0.8698, 0.9100
Time Consumption for one epoch is 19.740379095077515s
======================================= Epoch 17 =======================================
================= Test Set =================
+++++++++++ Find New Best Min ACC +++++++++++
The acc is 0.8925, 0.8744, 0.9080
Time Consumption for one epoch is 20.23791265487671s
======================================= Epoch 18 =======================================
================= Test Set =================
+++++++++++ Find New Best Min ACC +++++++++++
The acc is 0.8935, 0.8767, 0.9080
Time Consumption for one epoch is 21.126203536987305s
======================================= Epoch 19 =======================================
================= Test Set =================
The acc is 0.8935, 0.8767, 0.9080
Time Consumption for one epoch is 21.772404670715332s
The final acc is 0.8935, 0.8767, 0.9080
