Namespace(data_dir='/data/yihua/dataset/celeba/celeba.hdf5', result_dir='results', checkpoint=None, resume=False, domain_attrs='Male', target_attrs='Blond_Hair', exp_name=None, batch_size=512, lr=0.0001, wd=2e-05, epochs=20, seed=2020, num_workers=8, arch='resnet9', evaluate=False, gv=0.2, gr=0.5)
======================================= Epoch 0 =======================================
================= Test Set =================
+++++++++++ Find New Best Min ACC +++++++++++
The acc is 0.7900, 0.7444, 0.8014
Time Consumption for one epoch is 30.780736207962036s
======================================= Epoch 1 =======================================
================= Test Set =================
+++++++++++ Find New Best Min ACC +++++++++++
The acc is 0.8772, 0.8083, 0.8944
Time Consumption for one epoch is 29.719366312026978s
======================================= Epoch 2 =======================================
================= Test Set =================
+++++++++++ Find New Best Min ACC +++++++++++
The acc is 0.8961, 0.8500, 0.9076
Time Consumption for one epoch is 27.898584365844727s
======================================= Epoch 3 =======================================
================= Test Set =================
+++++++++++ Find New Best Min ACC +++++++++++
The acc is 0.8967, 0.8861, 0.8993
Time Consumption for one epoch is 28.997298002243042s
======================================= Epoch 4 =======================================
================= Test Set =================
The acc is 0.8967, 0.8861, 0.8993
Time Consumption for one epoch is 28.196305513381958s
======================================= Epoch 5 =======================================
================= Test Set =================
+++++++++++ Find New Best Min ACC +++++++++++
The acc is 0.9006, 0.8750, 0.9069
Time Consumption for one epoch is 27.592642784118652s
======================================= Epoch 6 =======================================
================= Test Set =================
The acc is 0.9006, 0.8750, 0.9069
Time Consumption for one epoch is 28.939267873764038s
======================================= Epoch 7 =======================================
================= Test Set =================
+++++++++++ Find New Best Min ACC +++++++++++
The acc is 0.9072, 0.8778, 0.9146
Time Consumption for one epoch is 29.03938126564026s
======================================= Epoch 8 =======================================
================= Test Set =================
+++++++++++ Find New Best Min ACC +++++++++++
The acc is 0.9111, 0.9028, 0.9132
Time Consumption for one epoch is 28.443708658218384s
======================================= Epoch 9 =======================================
================= Test Set =================
The acc is 0.9111, 0.9028, 0.9132
Time Consumption for one epoch is 27.77336621284485s
======================================= Epoch 10 =======================================
================= Test Set =================
+++++++++++ Find New Best Min ACC +++++++++++
The acc is 0.9122, 0.8917, 0.9174
Time Consumption for one epoch is 27.467478275299072s
======================================= Epoch 11 =======================================
================= Test Set =================
+++++++++++ Find New Best Min ACC +++++++++++
The acc is 0.9150, 0.9028, 0.9181
Time Consumption for one epoch is 28.88833975791931s
======================================= Epoch 12 =======================================
================= Test Set =================
The acc is 0.9150, 0.9028, 0.9181
Time Consumption for one epoch is 29.54966926574707s
======================================= Epoch 13 =======================================
================= Test Set =================
The acc is 0.9150, 0.9028, 0.9181
Time Consumption for one epoch is 28.76472043991089s
======================================= Epoch 14 =======================================
================= Test Set =================
The acc is 0.9150, 0.9028, 0.9181
Time Consumption for one epoch is 28.342522859573364s
======================================= Epoch 15 =======================================
================= Test Set =================
The acc is 0.9150, 0.9028, 0.9181
Time Consumption for one epoch is 25.743743419647217s
======================================= Epoch 16 =======================================
================= Test Set =================
+++++++++++ Find New Best Min ACC +++++++++++
The acc is 0.9183, 0.8917, 0.9250
Time Consumption for one epoch is 29.71468210220337s
======================================= Epoch 17 =======================================
================= Test Set =================
The acc is 0.9183, 0.8917, 0.9250
Time Consumption for one epoch is 28.754089832305908s
======================================= Epoch 18 =======================================
================= Test Set =================
+++++++++++ Find New Best Min ACC +++++++++++
The acc is 0.9200, 0.8944, 0.9264
Time Consumption for one epoch is 29.237245082855225s
======================================= Epoch 19 =======================================
================= Test Set =================
The acc is 0.9200, 0.8944, 0.9264
Time Consumption for one epoch is 28.71869659423828s
The final acc is 0.9200, 0.8944, 0.9264
