Namespace(data_dir='/data/yihua/dataset/celeba/celeba.hdf5', result_dir='results', checkpoint=None, resume=False, domain_attrs='Male', target_attrs='Heavy_Makeup', exp_name=None, batch_size=512, lr=0.0001, wd=2e-05, epochs=20, seed=2020, num_workers=8, arch='resnet9', evaluate=False, gv=1.0, gr=0.3)
======================================= Epoch 0 =======================================
================= Test Set =================
+++++++++++ Find New Best Min ACC +++++++++++
The acc is 0.5000, 0.5000, 0.5000
Time Consumption for one epoch is 8.785703420639038s
======================================= Epoch 1 =======================================
================= Test Set =================
The acc is 0.5000, 0.5000, 0.5000
Time Consumption for one epoch is 8.564754247665405s
======================================= Epoch 2 =======================================
================= Test Set =================
The acc is 0.5000, 0.5000, 0.5000
Time Consumption for one epoch is 9.181581735610962s
======================================= Epoch 3 =======================================
================= Test Set =================
The acc is 0.5000, 0.5000, 0.5000
Time Consumption for one epoch is 7.339510679244995s
======================================= Epoch 4 =======================================
================= Test Set =================
The acc is 0.5000, 0.5000, 0.5000
Time Consumption for one epoch is 9.435264825820923s
======================================= Epoch 5 =======================================
================= Test Set =================
+++++++++++ Find New Best Min ACC +++++++++++
The acc is 0.5273, 0.5000, 0.5341
Time Consumption for one epoch is 9.622987985610962s
======================================= Epoch 6 =======================================
================= Test Set =================
+++++++++++ Find New Best Min ACC +++++++++++
The acc is 0.5591, 0.4545, 0.5852
Time Consumption for one epoch is 7.609583854675293s
======================================= Epoch 7 =======================================
================= Test Set =================
+++++++++++ Find New Best Min ACC +++++++++++
The acc is 0.6000, 0.5455, 0.6136
Time Consumption for one epoch is 9.144697427749634s
======================================= Epoch 8 =======================================
================= Test Set =================
+++++++++++ Find New Best Min ACC +++++++++++
The acc is 0.6182, 0.5455, 0.6364
Time Consumption for one epoch is 10.000046014785767s
======================================= Epoch 9 =======================================
================= Test Set =================
+++++++++++ Find New Best Min ACC +++++++++++
The acc is 0.6318, 0.5455, 0.6534
Time Consumption for one epoch is 7.737530469894409s
======================================= Epoch 10 =======================================
================= Test Set =================
+++++++++++ Find New Best Min ACC +++++++++++
The acc is 0.6455, 0.6136, 0.6534
Time Consumption for one epoch is 8.341624736785889s
======================================= Epoch 11 =======================================
================= Test Set =================
The acc is 0.6455, 0.6136, 0.6534
Time Consumption for one epoch is 8.778419971466064s
======================================= Epoch 12 =======================================
================= Test Set =================
+++++++++++ Find New Best Min ACC +++++++++++
The acc is 0.6727, 0.6591, 0.6761
Time Consumption for one epoch is 7.483946323394775s
======================================= Epoch 13 =======================================
================= Test Set =================
The acc is 0.6727, 0.6591, 0.6761
Time Consumption for one epoch is 8.095024347305298s
======================================= Epoch 14 =======================================
================= Test Set =================
The acc is 0.6727, 0.6591, 0.6761
Time Consumption for one epoch is 8.459069013595581s
======================================= Epoch 15 =======================================
================= Test Set =================
The acc is 0.6727, 0.6591, 0.6761
Time Consumption for one epoch is 9.011014461517334s
======================================= Epoch 16 =======================================
================= Test Set =================
+++++++++++ Find New Best Min ACC +++++++++++
The acc is 0.6818, 0.6136, 0.6989
Time Consumption for one epoch is 10.197402715682983s
======================================= Epoch 17 =======================================
================= Test Set =================
The acc is 0.6818, 0.6136, 0.6989
Time Consumption for one epoch is 8.393156051635742s
======================================= Epoch 18 =======================================
================= Test Set =================
The acc is 0.6818, 0.6136, 0.6989
Time Consumption for one epoch is 8.072834014892578s
======================================= Epoch 19 =======================================
================= Test Set =================
The acc is 0.6818, 0.6136, 0.6989
Time Consumption for one epoch is 9.013044834136963s
The final acc is 0.6818, 0.6136, 0.6989
