Namespace(data_dir='/data/yihua/dataset/celeba/celeba.hdf5', result_dir='results', checkpoint=None, resume=False, domain_attrs='Male', target_attrs='Heavy_Makeup', exp_name=None, batch_size=512, lr=0.0001, wd=2e-05, epochs=20, seed=2024, num_workers=8, arch='resnet9', evaluate=False, gv=0.001, gr=0.3)
======================================= Epoch 0 =======================================
================= Test Set =================
+++++++++++ Find New Best Min ACC +++++++++++
The acc is 0.5000, 0.5000, 0.5000
Time Consumption for one epoch is 8.98317575454712s
======================================= Epoch 1 =======================================
================= Test Set =================
+++++++++++ Find New Best Min ACC +++++++++++
The acc is 0.5045, 0.5227, 0.5000
Time Consumption for one epoch is 8.327571630477905s
======================================= Epoch 2 =======================================
================= Test Set =================
The acc is 0.5045, 0.5227, 0.5000
Time Consumption for one epoch is 9.19393277168274s
======================================= Epoch 3 =======================================
================= Test Set =================
The acc is 0.5045, 0.5227, 0.5000
Time Consumption for one epoch is 9.084673643112183s
======================================= Epoch 4 =======================================
================= Test Set =================
The acc is 0.5045, 0.5227, 0.5000
Time Consumption for one epoch is 7.959531545639038s
======================================= Epoch 5 =======================================
================= Test Set =================
The acc is 0.5045, 0.5227, 0.5000
Time Consumption for one epoch is 8.331097602844238s
======================================= Epoch 6 =======================================
================= Test Set =================
+++++++++++ Find New Best Min ACC +++++++++++
The acc is 0.5091, 0.5227, 0.5057
Time Consumption for one epoch is 8.5179762840271s
======================================= Epoch 7 =======================================
================= Test Set =================
The acc is 0.5091, 0.5227, 0.5057
Time Consumption for one epoch is 9.308546543121338s
======================================= Epoch 8 =======================================
================= Test Set =================
The acc is 0.5091, 0.5227, 0.5057
Time Consumption for one epoch is 7.7175071239471436s
======================================= Epoch 9 =======================================
================= Test Set =================
+++++++++++ Find New Best Min ACC +++++++++++
The acc is 0.5727, 0.5227, 0.5852
Time Consumption for one epoch is 7.934204339981079s
======================================= Epoch 10 =======================================
================= Test Set =================
+++++++++++ Find New Best Min ACC +++++++++++
The acc is 0.5909, 0.5227, 0.6080
Time Consumption for one epoch is 8.099705934524536s
======================================= Epoch 11 =======================================
================= Test Set =================
+++++++++++ Find New Best Min ACC +++++++++++
The acc is 0.6318, 0.5227, 0.6591
Time Consumption for one epoch is 8.236234188079834s
======================================= Epoch 12 =======================================
================= Test Set =================
+++++++++++ Find New Best Min ACC +++++++++++
The acc is 0.6955, 0.6136, 0.7159
Time Consumption for one epoch is 8.900257587432861s
======================================= Epoch 13 =======================================
================= Test Set =================
The acc is 0.6955, 0.6136, 0.7159
Time Consumption for one epoch is 9.840132236480713s
======================================= Epoch 14 =======================================
================= Test Set =================
The acc is 0.6955, 0.6136, 0.7159
Time Consumption for one epoch is 7.8793418407440186s
======================================= Epoch 15 =======================================
================= Test Set =================
The acc is 0.6955, 0.6136, 0.7159
Time Consumption for one epoch is 7.94098162651062s
======================================= Epoch 16 =======================================
================= Test Set =================
The acc is 0.6955, 0.6136, 0.7159
Time Consumption for one epoch is 8.301541090011597s
======================================= Epoch 17 =======================================
================= Test Set =================
+++++++++++ Find New Best Min ACC +++++++++++
The acc is 0.7000, 0.6136, 0.7216
Time Consumption for one epoch is 9.17622184753418s
======================================= Epoch 18 =======================================
================= Test Set =================
The acc is 0.7000, 0.6136, 0.7216
Time Consumption for one epoch is 7.836527585983276s
======================================= Epoch 19 =======================================
================= Test Set =================
The acc is 0.7000, 0.6136, 0.7216
Time Consumption for one epoch is 8.641419887542725s
The final acc is 0.7000, 0.6136, 0.7216
