Namespace(data_dir='/data/yihua/dataset/celeba/celeba.hdf5', result_dir='results', checkpoint=None, resume=False, domain_attrs='Male', target_attrs='Blond_Hair', exp_name=None, batch_size=512, lr=0.0001, wd=2e-05, epochs=20, seed=2022, num_workers=8, arch='resnet9', evaluate=False, gv=0.5, gr=0.3)
======================================= Epoch 0 =======================================
================= Test Set =================
+++++++++++ Find New Best Min ACC +++++++++++
The acc is 0.6811, 0.6111, 0.6986
Time Consumption for one epoch is 27.817547082901s
======================================= Epoch 1 =======================================
================= Test Set =================
+++++++++++ Find New Best Min ACC +++++++++++
The acc is 0.8817, 0.8222, 0.8965
Time Consumption for one epoch is 24.907556295394897s
======================================= Epoch 2 =======================================
================= Test Set =================
The acc is 0.8817, 0.8222, 0.8965
Time Consumption for one epoch is 26.16326093673706s
======================================= Epoch 3 =======================================
================= Test Set =================
The acc is 0.8817, 0.8222, 0.8965
Time Consumption for one epoch is 24.26584792137146s
======================================= Epoch 4 =======================================
================= Test Set =================
+++++++++++ Find New Best Min ACC +++++++++++
The acc is 0.9050, 0.8556, 0.9174
Time Consumption for one epoch is 24.80688500404358s
======================================= Epoch 5 =======================================
================= Test Set =================
The acc is 0.9050, 0.8556, 0.9174
Time Consumption for one epoch is 24.008895874023438s
======================================= Epoch 6 =======================================
================= Test Set =================
The acc is 0.9050, 0.8556, 0.9174
Time Consumption for one epoch is 25.567881107330322s
======================================= Epoch 7 =======================================
================= Test Set =================
The acc is 0.9050, 0.8556, 0.9174
Time Consumption for one epoch is 23.974830150604248s
======================================= Epoch 8 =======================================
================= Test Set =================
+++++++++++ Find New Best Min ACC +++++++++++
The acc is 0.9067, 0.8722, 0.9153
Time Consumption for one epoch is 24.62462830543518s
======================================= Epoch 9 =======================================
================= Test Set =================
+++++++++++ Find New Best Min ACC +++++++++++
The acc is 0.9200, 0.9000, 0.9250
Time Consumption for one epoch is 24.14825463294983s
======================================= Epoch 10 =======================================
================= Test Set =================
The acc is 0.9200, 0.9000, 0.9250
Time Consumption for one epoch is 25.305103063583374s
======================================= Epoch 11 =======================================
================= Test Set =================
The acc is 0.9200, 0.9000, 0.9250
Time Consumption for one epoch is 23.597484588623047s
======================================= Epoch 12 =======================================
================= Test Set =================
The acc is 0.9200, 0.9000, 0.9250
Time Consumption for one epoch is 23.946821928024292s
======================================= Epoch 13 =======================================
================= Test Set =================
+++++++++++ Find New Best Min ACC +++++++++++
The acc is 0.9206, 0.9111, 0.9229
Time Consumption for one epoch is 25.625874519348145s
======================================= Epoch 14 =======================================
================= Test Set =================
The acc is 0.9206, 0.9111, 0.9229
Time Consumption for one epoch is 23.899956464767456s
======================================= Epoch 15 =======================================
================= Test Set =================
The acc is 0.9206, 0.9111, 0.9229
Time Consumption for one epoch is 25.239835262298584s
======================================= Epoch 16 =======================================
================= Test Set =================
The acc is 0.9206, 0.9111, 0.9229
Time Consumption for one epoch is 25.13487410545349s
======================================= Epoch 17 =======================================
================= Test Set =================
The acc is 0.9206, 0.9111, 0.9229
Time Consumption for one epoch is 25.374353647232056s
======================================= Epoch 18 =======================================
================= Test Set =================
The acc is 0.9206, 0.9111, 0.9229
Time Consumption for one epoch is 25.900538444519043s
======================================= Epoch 19 =======================================
================= Test Set =================
The acc is 0.9206, 0.9111, 0.9229
Time Consumption for one epoch is 25.60921883583069s
The final acc is 0.9206, 0.9111, 0.9229
