Namespace(data_dir='/data/yihua/dataset/celeba/celeba.hdf5', result_dir='rotation_study', checkpoint=None, resume=False, domain_attrs='Male', target_attrs='Blond_Hair', exp_name=None, batch_size=512, lr=0.0001, wd=2e-05, epochs=20, seed=2021, num_workers=8, arch='resnet9', evaluate=False, total_num=5000, test_num=1000, gv=90.0, gr=0.5, minor_ratio=0.2, add_aug='rotation')
======================================= Epoch 0 =======================================
================= Test Set =================
+++++++++++ Find New Best Min ACC +++++++++++
The acc is 0.4624, 0.4186, 0.5000
Time Consumption for one epoch is 16.944275856018066s
======================================= Epoch 1 =======================================
================= Test Set =================
The acc is 0.4624, 0.4186, 0.5000
Time Consumption for one epoch is 14.476322174072266s
======================================= Epoch 2 =======================================
================= Test Set =================
+++++++++++ Find New Best Min ACC +++++++++++
The acc is 0.6946, 0.6721, 0.7140
Time Consumption for one epoch is 14.699452638626099s
======================================= Epoch 3 =======================================
================= Test Set =================
The acc is 0.6946, 0.6721, 0.7140
Time Consumption for one epoch is 14.68224573135376s
======================================= Epoch 4 =======================================
================= Test Set =================
+++++++++++ Find New Best Min ACC +++++++++++
The acc is 0.8538, 0.8395, 0.8660
Time Consumption for one epoch is 15.150733232498169s
======================================= Epoch 5 =======================================
================= Test Set =================
+++++++++++ Find New Best Min ACC +++++++++++
The acc is 0.8710, 0.8488, 0.8900
Time Consumption for one epoch is 14.819798707962036s
======================================= Epoch 6 =======================================
================= Test Set =================
The acc is 0.8710, 0.8488, 0.8900
Time Consumption for one epoch is 14.675782203674316s
======================================= Epoch 7 =======================================
================= Test Set =================
The acc is 0.8710, 0.8488, 0.8900
Time Consumption for one epoch is 14.456242084503174s
======================================= Epoch 8 =======================================
================= Test Set =================
+++++++++++ Find New Best Min ACC +++++++++++
The acc is 0.8720, 0.8488, 0.8920
Time Consumption for one epoch is 15.281920194625854s
======================================= Epoch 9 =======================================
================= Test Set =================
The acc is 0.8720, 0.8488, 0.8920
Time Consumption for one epoch is 14.993316173553467s
======================================= Epoch 10 =======================================
================= Test Set =================
+++++++++++ Find New Best Min ACC +++++++++++
The acc is 0.8892, 0.8721, 0.9040
Time Consumption for one epoch is 15.291525602340698s
======================================= Epoch 11 =======================================
================= Test Set =================
The acc is 0.8892, 0.8721, 0.9040
Time Consumption for one epoch is 15.02233338356018s
======================================= Epoch 12 =======================================
================= Test Set =================
The acc is 0.8892, 0.8721, 0.9040
Time Consumption for one epoch is 14.730947494506836s
======================================= Epoch 13 =======================================
================= Test Set =================
The acc is 0.8892, 0.8721, 0.9040
Time Consumption for one epoch is 14.649646520614624s
======================================= Epoch 14 =======================================
================= Test Set =================
+++++++++++ Find New Best Min ACC +++++++++++
The acc is 0.8935, 0.8814, 0.9040
Time Consumption for one epoch is 14.505659341812134s
======================================= Epoch 15 =======================================
================= Test Set =================
The acc is 0.8935, 0.8814, 0.9040
Time Consumption for one epoch is 14.53403091430664s
======================================= Epoch 16 =======================================
================= Test Set =================
+++++++++++ Find New Best Min ACC +++++++++++
The acc is 0.9032, 0.8907, 0.9140
Time Consumption for one epoch is 14.780731916427612s
======================================= Epoch 17 =======================================
================= Test Set =================
The acc is 0.9032, 0.8907, 0.9140
Time Consumption for one epoch is 15.047581195831299s
======================================= Epoch 18 =======================================
================= Test Set =================
The acc is 0.9032, 0.8907, 0.9140
Time Consumption for one epoch is 15.16183853149414s
======================================= Epoch 19 =======================================
================= Test Set =================
The acc is 0.9032, 0.8907, 0.9140
Time Consumption for one epoch is 14.338472366333008s
The final acc is 0.9032, 0.8907, 0.9140
