Namespace(data_dir='/data/yihua/dataset/celeba/celeba.hdf5', result_dir='rotation_study', checkpoint=None, resume=False, domain_attrs='Male', target_attrs='Blond_Hair', exp_name=None, batch_size=512, lr=0.0001, wd=2e-05, epochs=20, seed=2022, num_workers=8, arch='resnet18', evaluate=False, total_num=5000, test_num=1000, gv=30.0, gr=0.3, minor_ratio=0.2, add_aug='rotation')
======================================= Epoch 0 =======================================
================= Test Set =================
+++++++++++ Find New Best Min ACC +++++++++++
The acc is 0.5376, 0.5814, 0.5000
Time Consumption for one epoch is 23.561611890792847s
======================================= Epoch 1 =======================================
================= Test Set =================
+++++++++++ Find New Best Min ACC +++++++++++
The acc is 0.6667, 0.6744, 0.6600
Time Consumption for one epoch is 21.048524618148804s
======================================= Epoch 2 =======================================
================= Test Set =================
The acc is 0.6667, 0.6744, 0.6600
Time Consumption for one epoch is 20.596983671188354s
======================================= Epoch 3 =======================================
================= Test Set =================
The acc is 0.6667, 0.6744, 0.6600
Time Consumption for one epoch is 19.786766529083252s
======================================= Epoch 4 =======================================
================= Test Set =================
+++++++++++ Find New Best Min ACC +++++++++++
The acc is 0.7817, 0.7674, 0.7940
Time Consumption for one epoch is 19.85489273071289s
======================================= Epoch 5 =======================================
================= Test Set =================
The acc is 0.7817, 0.7674, 0.7940
Time Consumption for one epoch is 20.78596043586731s
======================================= Epoch 6 =======================================
================= Test Set =================
+++++++++++ Find New Best Min ACC +++++++++++
The acc is 0.8226, 0.7814, 0.8580
Time Consumption for one epoch is 21.03187370300293s
======================================= Epoch 7 =======================================
================= Test Set =================
+++++++++++ Find New Best Min ACC +++++++++++
The acc is 0.8484, 0.8233, 0.8700
Time Consumption for one epoch is 22.136022567749023s
======================================= Epoch 8 =======================================
================= Test Set =================
+++++++++++ Find New Best Min ACC +++++++++++
The acc is 0.8785, 0.8535, 0.9000
Time Consumption for one epoch is 20.7543363571167s
======================================= Epoch 9 =======================================
================= Test Set =================
The acc is 0.8785, 0.8535, 0.9000
Time Consumption for one epoch is 20.780138969421387s
======================================= Epoch 10 =======================================
================= Test Set =================
The acc is 0.8785, 0.8535, 0.9000
Time Consumption for one epoch is 20.88927674293518s
======================================= Epoch 11 =======================================
================= Test Set =================
+++++++++++ Find New Best Min ACC +++++++++++
The acc is 0.8957, 0.8744, 0.9140
Time Consumption for one epoch is 19.564061641693115s
======================================= Epoch 12 =======================================
================= Test Set =================
The acc is 0.8957, 0.8744, 0.9140
Time Consumption for one epoch is 21.64732313156128s
======================================= Epoch 13 =======================================
================= Test Set =================
The acc is 0.8957, 0.8744, 0.9140
Time Consumption for one epoch is 21.10492992401123s
======================================= Epoch 14 =======================================
================= Test Set =================
The acc is 0.8957, 0.8744, 0.9140
Time Consumption for one epoch is 20.89130425453186s
======================================= Epoch 15 =======================================
================= Test Set =================
The acc is 0.8957, 0.8744, 0.9140
Time Consumption for one epoch is 20.321555852890015s
======================================= Epoch 16 =======================================
================= Test Set =================
The acc is 0.8957, 0.8744, 0.9140
Time Consumption for one epoch is 21.332164525985718s
======================================= Epoch 17 =======================================
================= Test Set =================
The acc is 0.8957, 0.8744, 0.9140
Time Consumption for one epoch is 20.58398199081421s
======================================= Epoch 18 =======================================
================= Test Set =================
The acc is 0.8957, 0.8744, 0.9140
Time Consumption for one epoch is 20.84895348548889s
======================================= Epoch 19 =======================================
================= Test Set =================
The acc is 0.8957, 0.8744, 0.9140
Time Consumption for one epoch is 21.168761253356934s
The final acc is 0.8957, 0.8744, 0.9140
