Namespace(data_dir='/data/yihua/dataset/celeba/celeba.hdf5', result_dir='rotation_study', checkpoint=None, resume=False, domain_attrs='Male', target_attrs='Blond_Hair', exp_name=None, batch_size=512, lr=0.0001, wd=2e-05, epochs=20, seed=2021, num_workers=8, arch='resnet9', evaluate=False, total_num=5000, test_num=1000, gv=90.0, gr=0.1, minor_ratio=0.2, add_aug='rotation')
======================================= Epoch 0 =======================================
================= Test Set =================
+++++++++++ Find New Best Min ACC +++++++++++
The acc is 0.4624, 0.4186, 0.5000
Time Consumption for one epoch is 16.542017936706543s
======================================= Epoch 1 =======================================
================= Test Set =================
The acc is 0.4624, 0.4186, 0.5000
Time Consumption for one epoch is 13.997345209121704s
======================================= Epoch 2 =======================================
================= Test Set =================
+++++++++++ Find New Best Min ACC +++++++++++
The acc is 0.6462, 0.6070, 0.6800
Time Consumption for one epoch is 13.878381252288818s
======================================= Epoch 3 =======================================
================= Test Set =================
+++++++++++ Find New Best Min ACC +++++++++++
The acc is 0.6505, 0.6605, 0.6420
Time Consumption for one epoch is 13.774343252182007s
======================================= Epoch 4 =======================================
================= Test Set =================
+++++++++++ Find New Best Min ACC +++++++++++
The acc is 0.7785, 0.7512, 0.8020
Time Consumption for one epoch is 14.714792251586914s
======================================= Epoch 5 =======================================
================= Test Set =================
+++++++++++ Find New Best Min ACC +++++++++++
The acc is 0.8495, 0.8302, 0.8660
Time Consumption for one epoch is 14.642541646957397s
======================================= Epoch 6 =======================================
================= Test Set =================
+++++++++++ Find New Best Min ACC +++++++++++
The acc is 0.8742, 0.8558, 0.8900
Time Consumption for one epoch is 14.489030599594116s
======================================= Epoch 7 =======================================
================= Test Set =================
+++++++++++ Find New Best Min ACC +++++++++++
The acc is 0.8796, 0.8581, 0.8980
Time Consumption for one epoch is 14.542556047439575s
======================================= Epoch 8 =======================================
================= Test Set =================
+++++++++++ Find New Best Min ACC +++++++++++
The acc is 0.8839, 0.8628, 0.9020
Time Consumption for one epoch is 14.656676292419434s
======================================= Epoch 9 =======================================
================= Test Set =================
The acc is 0.8839, 0.8628, 0.9020
Time Consumption for one epoch is 13.713277816772461s
======================================= Epoch 10 =======================================
================= Test Set =================
The acc is 0.8839, 0.8628, 0.9020
Time Consumption for one epoch is 14.472662925720215s
======================================= Epoch 11 =======================================
================= Test Set =================
The acc is 0.8839, 0.8628, 0.9020
Time Consumption for one epoch is 13.8665189743042s
======================================= Epoch 12 =======================================
================= Test Set =================
The acc is 0.8839, 0.8628, 0.9020
Time Consumption for one epoch is 14.462204694747925s
======================================= Epoch 13 =======================================
================= Test Set =================
The acc is 0.8839, 0.8628, 0.9020
Time Consumption for one epoch is 14.048440217971802s
======================================= Epoch 14 =======================================
================= Test Set =================
The acc is 0.8839, 0.8628, 0.9020
Time Consumption for one epoch is 13.890679359436035s
======================================= Epoch 15 =======================================
================= Test Set =================
The acc is 0.8839, 0.8628, 0.9020
Time Consumption for one epoch is 13.816072463989258s
======================================= Epoch 16 =======================================
================= Test Set =================
+++++++++++ Find New Best Min ACC +++++++++++
The acc is 0.8903, 0.8721, 0.9060
Time Consumption for one epoch is 14.707768440246582s
======================================= Epoch 17 =======================================
================= Test Set =================
The acc is 0.8903, 0.8721, 0.9060
Time Consumption for one epoch is 14.31233835220337s
======================================= Epoch 18 =======================================
================= Test Set =================
+++++++++++ Find New Best Min ACC +++++++++++
The acc is 0.8957, 0.8744, 0.9140
Time Consumption for one epoch is 14.110399723052979s
======================================= Epoch 19 =======================================
================= Test Set =================
The acc is 0.8957, 0.8744, 0.9140
Time Consumption for one epoch is 14.317733764648438s
The final acc is 0.8957, 0.8744, 0.9140
