Namespace(data_dir='/data/yihua/dataset/celeba/celeba.hdf5', result_dir='crop_study', checkpoint=None, resume=False, domain_attrs='Male', target_attrs='Blond_Hair', exp_name=None, batch_size=512, lr=0.0001, wd=2e-05, epochs=20, seed=2020, num_workers=8, arch='resnet9', evaluate=False, total_num=5000, test_num=1000, gv=120.0, gr=0.5, minor_ratio=0.2, add_aug='crop')
======================================= Epoch 0 =======================================
================= Test Set =================
+++++++++++ Find New Best Min ACC +++++++++++
The acc is 0.4624, 0.4186, 0.5000
Time Consumption for one epoch is 17.11547040939331s
======================================= Epoch 1 =======================================
================= Test Set =================
+++++++++++ Find New Best Min ACC +++++++++++
The acc is 0.4925, 0.4372, 0.5400
Time Consumption for one epoch is 14.897554159164429s
======================================= Epoch 2 =======================================
================= Test Set =================
+++++++++++ Find New Best Min ACC +++++++++++
The acc is 0.7763, 0.7465, 0.8020
Time Consumption for one epoch is 14.397586345672607s
======================================= Epoch 3 =======================================
================= Test Set =================
+++++++++++ Find New Best Min ACC +++++++++++
The acc is 0.8323, 0.8047, 0.8560
Time Consumption for one epoch is 14.780824899673462s
======================================= Epoch 4 =======================================
================= Test Set =================
+++++++++++ Find New Best Min ACC +++++++++++
The acc is 0.8710, 0.8535, 0.8860
Time Consumption for one epoch is 15.251448631286621s
======================================= Epoch 5 =======================================
================= Test Set =================
+++++++++++ Find New Best Min ACC +++++++++++
The acc is 0.8720, 0.8488, 0.8920
Time Consumption for one epoch is 14.361310720443726s
======================================= Epoch 6 =======================================
================= Test Set =================
The acc is 0.8720, 0.8488, 0.8920
Time Consumption for one epoch is 14.715601921081543s
======================================= Epoch 7 =======================================
================= Test Set =================
The acc is 0.8720, 0.8488, 0.8920
Time Consumption for one epoch is 14.91824460029602s
======================================= Epoch 8 =======================================
================= Test Set =================
+++++++++++ Find New Best Min ACC +++++++++++
The acc is 0.8796, 0.8674, 0.8900
Time Consumption for one epoch is 14.487560272216797s
======================================= Epoch 9 =======================================
================= Test Set =================
+++++++++++ Find New Best Min ACC +++++++++++
The acc is 0.8925, 0.8744, 0.9080
Time Consumption for one epoch is 14.817622900009155s
======================================= Epoch 10 =======================================
================= Test Set =================
The acc is 0.8925, 0.8744, 0.9080
Time Consumption for one epoch is 14.44605803489685s
======================================= Epoch 11 =======================================
================= Test Set =================
+++++++++++ Find New Best Min ACC +++++++++++
The acc is 0.8946, 0.8791, 0.9080
Time Consumption for one epoch is 14.696045398712158s
======================================= Epoch 12 =======================================
================= Test Set =================
The acc is 0.8946, 0.8791, 0.9080
Time Consumption for one epoch is 14.476520299911499s
======================================= Epoch 13 =======================================
================= Test Set =================
The acc is 0.8946, 0.8791, 0.9080
Time Consumption for one epoch is 14.867876768112183s
======================================= Epoch 14 =======================================
================= Test Set =================
The acc is 0.8946, 0.8791, 0.9080
Time Consumption for one epoch is 13.980940341949463s
======================================= Epoch 15 =======================================
================= Test Set =================
The acc is 0.8946, 0.8791, 0.9080
Time Consumption for one epoch is 14.961089849472046s
======================================= Epoch 16 =======================================
================= Test Set =================
+++++++++++ Find New Best Min ACC +++++++++++
The acc is 0.8989, 0.8907, 0.9060
Time Consumption for one epoch is 14.602838039398193s
======================================= Epoch 17 =======================================
================= Test Set =================
+++++++++++ Find New Best Min ACC +++++++++++
The acc is 0.9000, 0.8814, 0.9160
Time Consumption for one epoch is 15.521297216415405s
======================================= Epoch 18 =======================================
================= Test Set =================
The acc is 0.9000, 0.8814, 0.9160
Time Consumption for one epoch is 15.02172064781189s
======================================= Epoch 19 =======================================
================= Test Set =================
The acc is 0.9000, 0.8814, 0.9160
Time Consumption for one epoch is 14.990053653717041s
The final acc is 0.9000, 0.8814, 0.9160
