Namespace(data_dir='/data/yihua/dataset/celeba/celeba.hdf5', result_dir='crop_study', checkpoint=None, resume=False, domain_attrs='Male', target_attrs='Blond_Hair', exp_name=None, batch_size=512, lr=0.0001, wd=2e-05, epochs=20, seed=2020, num_workers=8, arch='resnet18', evaluate=False, total_num=5000, test_num=1000, gv=180.0, gr=0.1, minor_ratio=0.2, add_aug='crop')
======================================= Epoch 0 =======================================
================= Test Set =================
+++++++++++ Find New Best Min ACC +++++++++++
The acc is 0.4624, 0.4186, 0.5000
Time Consumption for one epoch is 21.214492082595825s
======================================= Epoch 1 =======================================
================= Test Set =================
The acc is 0.4624, 0.4186, 0.5000
Time Consumption for one epoch is 21.11141300201416s
======================================= Epoch 2 =======================================
================= Test Set =================
+++++++++++ Find New Best Min ACC +++++++++++
The acc is 0.5366, 0.5233, 0.5480
Time Consumption for one epoch is 20.431299686431885s
======================================= Epoch 3 =======================================
================= Test Set =================
+++++++++++ Find New Best Min ACC +++++++++++
The acc is 0.6946, 0.7093, 0.6820
Time Consumption for one epoch is 19.18039631843567s
======================================= Epoch 4 =======================================
================= Test Set =================
+++++++++++ Find New Best Min ACC +++++++++++
The acc is 0.7763, 0.7442, 0.8040
Time Consumption for one epoch is 18.505136728286743s
======================================= Epoch 5 =======================================
================= Test Set =================
+++++++++++ Find New Best Min ACC +++++++++++
The acc is 0.7892, 0.7302, 0.8400
Time Consumption for one epoch is 20.3263943195343s
======================================= Epoch 6 =======================================
================= Test Set =================
+++++++++++ Find New Best Min ACC +++++++++++
The acc is 0.8602, 0.8256, 0.8900
Time Consumption for one epoch is 19.621864318847656s
======================================= Epoch 7 =======================================
================= Test Set =================
+++++++++++ Find New Best Min ACC +++++++++++
The acc is 0.8645, 0.8419, 0.8840
Time Consumption for one epoch is 20.507506847381592s
======================================= Epoch 8 =======================================
================= Test Set =================
The acc is 0.8645, 0.8419, 0.8840
Time Consumption for one epoch is 19.947842359542847s
======================================= Epoch 9 =======================================
================= Test Set =================
The acc is 0.8645, 0.8419, 0.8840
Time Consumption for one epoch is 18.68416738510132s
======================================= Epoch 10 =======================================
================= Test Set =================
+++++++++++ Find New Best Min ACC +++++++++++
The acc is 0.8677, 0.8442, 0.8880
Time Consumption for one epoch is 19.33206605911255s
======================================= Epoch 11 =======================================
================= Test Set =================
+++++++++++ Find New Best Min ACC +++++++++++
The acc is 0.8785, 0.8581, 0.8960
Time Consumption for one epoch is 19.66634464263916s
======================================= Epoch 12 =======================================
================= Test Set =================
The acc is 0.8785, 0.8581, 0.8960
Time Consumption for one epoch is 18.906233310699463s
======================================= Epoch 13 =======================================
================= Test Set =================
+++++++++++ Find New Best Min ACC +++++++++++
The acc is 0.8903, 0.8721, 0.9060
Time Consumption for one epoch is 18.649843215942383s
======================================= Epoch 14 =======================================
================= Test Set =================
+++++++++++ Find New Best Min ACC +++++++++++
The acc is 0.8957, 0.8721, 0.9160
Time Consumption for one epoch is 18.744524002075195s
======================================= Epoch 15 =======================================
================= Test Set =================
The acc is 0.8957, 0.8721, 0.9160
Time Consumption for one epoch is 19.241069316864014s
======================================= Epoch 16 =======================================
================= Test Set =================
The acc is 0.8957, 0.8721, 0.9160
Time Consumption for one epoch is 19.742076635360718s
======================================= Epoch 17 =======================================
================= Test Set =================
The acc is 0.8957, 0.8721, 0.9160
Time Consumption for one epoch is 20.652239084243774s
======================================= Epoch 18 =======================================
================= Test Set =================
The acc is 0.8957, 0.8721, 0.9160
Time Consumption for one epoch is 20.552760124206543s
======================================= Epoch 19 =======================================
================= Test Set =================
The acc is 0.8957, 0.8721, 0.9160
Time Consumption for one epoch is 20.150080680847168s
The final acc is 0.8957, 0.8721, 0.9160
