Namespace(data_dir='/data/yihua/dataset/celeba/celeba.hdf5', result_dir='crop_study', checkpoint=None, resume=False, domain_attrs='Male', target_attrs='Blond_Hair', exp_name=None, batch_size=512, lr=0.0001, wd=2e-05, epochs=20, seed=2020, num_workers=8, arch='resnet9', evaluate=False, total_num=5000, test_num=1000, gv=200.0, gr=0.5, minor_ratio=0.2, add_aug='crop')
======================================= Epoch 0 =======================================
================= Test Set =================
+++++++++++ Find New Best Min ACC +++++++++++
The acc is 0.4624, 0.4186, 0.5000
Time Consumption for one epoch is 16.09027361869812s
======================================= Epoch 1 =======================================
================= Test Set =================
+++++++++++ Find New Best Min ACC +++++++++++
The acc is 0.4796, 0.4326, 0.5200
Time Consumption for one epoch is 14.381060123443604s
======================================= Epoch 2 =======================================
================= Test Set =================
+++++++++++ Find New Best Min ACC +++++++++++
The acc is 0.7462, 0.7093, 0.7780
Time Consumption for one epoch is 14.599817514419556s
======================================= Epoch 3 =======================================
================= Test Set =================
+++++++++++ Find New Best Min ACC +++++++++++
The acc is 0.8301, 0.8163, 0.8420
Time Consumption for one epoch is 15.249014854431152s
======================================= Epoch 4 =======================================
================= Test Set =================
+++++++++++ Find New Best Min ACC +++++++++++
The acc is 0.8613, 0.8395, 0.8800
Time Consumption for one epoch is 14.74013900756836s
======================================= Epoch 5 =======================================
================= Test Set =================
The acc is 0.8613, 0.8395, 0.8800
Time Consumption for one epoch is 14.250388860702515s
======================================= Epoch 6 =======================================
================= Test Set =================
The acc is 0.8613, 0.8395, 0.8800
Time Consumption for one epoch is 14.216942310333252s
======================================= Epoch 7 =======================================
================= Test Set =================
+++++++++++ Find New Best Min ACC +++++++++++
The acc is 0.8688, 0.8419, 0.8920
Time Consumption for one epoch is 14.620107412338257s
======================================= Epoch 8 =======================================
================= Test Set =================
+++++++++++ Find New Best Min ACC +++++++++++
The acc is 0.8871, 0.8814, 0.8920
Time Consumption for one epoch is 15.109869003295898s
======================================= Epoch 9 =======================================
================= Test Set =================
The acc is 0.8871, 0.8814, 0.8920
Time Consumption for one epoch is 14.95722484588623s
======================================= Epoch 10 =======================================
================= Test Set =================
The acc is 0.8871, 0.8814, 0.8920
Time Consumption for one epoch is 14.728386640548706s
======================================= Epoch 11 =======================================
================= Test Set =================
+++++++++++ Find New Best Min ACC +++++++++++
The acc is 0.8935, 0.8791, 0.9060
Time Consumption for one epoch is 14.662216424942017s
======================================= Epoch 12 =======================================
================= Test Set =================
The acc is 0.8935, 0.8791, 0.9060
Time Consumption for one epoch is 14.626560688018799s
======================================= Epoch 13 =======================================
================= Test Set =================
The acc is 0.8935, 0.8791, 0.9060
Time Consumption for one epoch is 14.94759750366211s
======================================= Epoch 14 =======================================
================= Test Set =================
The acc is 0.8935, 0.8791, 0.9060
Time Consumption for one epoch is 15.200024366378784s
======================================= Epoch 15 =======================================
================= Test Set =================
The acc is 0.8935, 0.8791, 0.9060
Time Consumption for one epoch is 14.68705129623413s
======================================= Epoch 16 =======================================
================= Test Set =================
The acc is 0.8935, 0.8791, 0.9060
Time Consumption for one epoch is 14.49135971069336s
======================================= Epoch 17 =======================================
================= Test Set =================
+++++++++++ Find New Best Min ACC +++++++++++
The acc is 0.8978, 0.8814, 0.9120
Time Consumption for one epoch is 14.924396991729736s
======================================= Epoch 18 =======================================
================= Test Set =================
The acc is 0.8978, 0.8814, 0.9120
Time Consumption for one epoch is 15.035652875900269s
======================================= Epoch 19 =======================================
================= Test Set =================
The acc is 0.8978, 0.8814, 0.9120
Time Consumption for one epoch is 15.01128101348877s
The final acc is 0.8978, 0.8814, 0.9120
