Namespace(data_dir='/data/yihua/dataset/celeba/celeba.hdf5', result_dir='results', checkpoint=None, resume=False, domain_attrs='Male', target_attrs='Blond_Hair', exp_name=None, batch_size=512, lr=0.0001, wd=2e-05, epochs=20, seed=2022, num_workers=8, arch='resnet9', evaluate=False, gv=1e-06, gr=0.1)
======================================= Epoch 0 =======================================
================= Test Set =================
+++++++++++ Find New Best Min ACC +++++++++++
The acc is 0.6378, 0.5972, 0.6479
Time Consumption for one epoch is 27.620052337646484s
======================================= Epoch 1 =======================================
================= Test Set =================
+++++++++++ Find New Best Min ACC +++++++++++
The acc is 0.8350, 0.7806, 0.8486
Time Consumption for one epoch is 22.830902576446533s
======================================= Epoch 2 =======================================
================= Test Set =================
+++++++++++ Find New Best Min ACC +++++++++++
The acc is 0.8656, 0.7972, 0.8826
Time Consumption for one epoch is 25.4233820438385s
======================================= Epoch 3 =======================================
================= Test Set =================
+++++++++++ Find New Best Min ACC +++++++++++
The acc is 0.8989, 0.8611, 0.9083
Time Consumption for one epoch is 22.93880581855774s
======================================= Epoch 4 =======================================
================= Test Set =================
+++++++++++ Find New Best Min ACC +++++++++++
The acc is 0.9044, 0.8556, 0.9167
Time Consumption for one epoch is 25.09510588645935s
======================================= Epoch 5 =======================================
================= Test Set =================
The acc is 0.9044, 0.8556, 0.9167
Time Consumption for one epoch is 24.134122133255005s
======================================= Epoch 6 =======================================
================= Test Set =================
The acc is 0.9044, 0.8556, 0.9167
Time Consumption for one epoch is 23.43207812309265s
======================================= Epoch 7 =======================================
================= Test Set =================
The acc is 0.9044, 0.8556, 0.9167
Time Consumption for one epoch is 25.2545223236084s
======================================= Epoch 8 =======================================
================= Test Set =================
The acc is 0.9044, 0.8556, 0.9167
Time Consumption for one epoch is 23.649949073791504s
======================================= Epoch 9 =======================================
================= Test Set =================
+++++++++++ Find New Best Min ACC +++++++++++
The acc is 0.9122, 0.8917, 0.9174
Time Consumption for one epoch is 23.71484637260437s
======================================= Epoch 10 =======================================
================= Test Set =================
+++++++++++ Find New Best Min ACC +++++++++++
The acc is 0.9167, 0.8917, 0.9229
Time Consumption for one epoch is 24.308613777160645s
======================================= Epoch 11 =======================================
================= Test Set =================
The acc is 0.9167, 0.8917, 0.9229
Time Consumption for one epoch is 24.27056908607483s
======================================= Epoch 12 =======================================
================= Test Set =================
The acc is 0.9167, 0.8917, 0.9229
Time Consumption for one epoch is 24.507973194122314s
======================================= Epoch 13 =======================================
================= Test Set =================
The acc is 0.9167, 0.8917, 0.9229
Time Consumption for one epoch is 24.568419694900513s
======================================= Epoch 14 =======================================
================= Test Set =================
The acc is 0.9167, 0.8917, 0.9229
Time Consumption for one epoch is 24.83599352836609s
======================================= Epoch 15 =======================================
================= Test Set =================
The acc is 0.9167, 0.8917, 0.9229
Time Consumption for one epoch is 24.197697639465332s
======================================= Epoch 16 =======================================
================= Test Set =================
+++++++++++ Find New Best Min ACC +++++++++++
The acc is 0.9206, 0.8917, 0.9278
Time Consumption for one epoch is 23.897307634353638s
======================================= Epoch 17 =======================================
================= Test Set =================
+++++++++++ Find New Best Min ACC +++++++++++
The acc is 0.9250, 0.9056, 0.9299
Time Consumption for one epoch is 24.657289743423462s
======================================= Epoch 18 =======================================
================= Test Set =================
The acc is 0.9250, 0.9056, 0.9299
Time Consumption for one epoch is 24.309999465942383s
======================================= Epoch 19 =======================================
================= Test Set =================
The acc is 0.9250, 0.9056, 0.9299
Time Consumption for one epoch is 24.515088319778442s
The final acc is 0.9250, 0.9056, 0.9299
