Namespace(data_dir='/data/yihua/dataset/celeba/celeba.hdf5', result_dir='crop_study', checkpoint=None, resume=False, domain_attrs='Male', target_attrs='Blond_Hair', exp_name=None, batch_size=512, lr=0.0001, wd=2e-05, epochs=20, seed=2022, num_workers=8, arch='resnet9', evaluate=False, total_num=5000, test_num=1000, gv=100.0, gr=0.3, minor_ratio=0.2, add_aug='crop')
======================================= Epoch 0 =======================================
================= Test Set =================
+++++++++++ Find New Best Min ACC +++++++++++
The acc is 0.4624, 0.4186, 0.5000
Time Consumption for one epoch is 17.21234965324402s
======================================= Epoch 1 =======================================
================= Test Set =================
The acc is 0.4624, 0.4186, 0.5000
Time Consumption for one epoch is 14.259179592132568s
======================================= Epoch 2 =======================================
================= Test Set =================
+++++++++++ Find New Best Min ACC +++++++++++
The acc is 0.4667, 0.4233, 0.5040
Time Consumption for one epoch is 14.967581033706665s
======================================= Epoch 3 =======================================
================= Test Set =================
+++++++++++ Find New Best Min ACC +++++++++++
The acc is 0.7065, 0.6605, 0.7460
Time Consumption for one epoch is 14.61527395248413s
======================================= Epoch 4 =======================================
================= Test Set =================
+++++++++++ Find New Best Min ACC +++++++++++
The acc is 0.7753, 0.7372, 0.8080
Time Consumption for one epoch is 14.958001852035522s
======================================= Epoch 5 =======================================
================= Test Set =================
+++++++++++ Find New Best Min ACC +++++++++++
The acc is 0.8591, 0.8465, 0.8700
Time Consumption for one epoch is 14.982035875320435s
======================================= Epoch 6 =======================================
================= Test Set =================
The acc is 0.8591, 0.8465, 0.8700
Time Consumption for one epoch is 14.356414794921875s
======================================= Epoch 7 =======================================
================= Test Set =================
+++++++++++ Find New Best Min ACC +++++++++++
The acc is 0.8828, 0.8558, 0.9060
Time Consumption for one epoch is 15.000084400177002s
======================================= Epoch 8 =======================================
================= Test Set =================
The acc is 0.8828, 0.8558, 0.9060
Time Consumption for one epoch is 14.041058778762817s
======================================= Epoch 9 =======================================
================= Test Set =================
+++++++++++ Find New Best Min ACC +++++++++++
The acc is 0.8882, 0.8721, 0.9020
Time Consumption for one epoch is 14.27915620803833s
======================================= Epoch 10 =======================================
================= Test Set =================
The acc is 0.8882, 0.8721, 0.9020
Time Consumption for one epoch is 14.369743585586548s
======================================= Epoch 11 =======================================
================= Test Set =================
The acc is 0.8882, 0.8721, 0.9020
Time Consumption for one epoch is 15.068868398666382s
======================================= Epoch 12 =======================================
================= Test Set =================
The acc is 0.8882, 0.8721, 0.9020
Time Consumption for one epoch is 14.212587594985962s
======================================= Epoch 13 =======================================
================= Test Set =================
The acc is 0.8882, 0.8721, 0.9020
Time Consumption for one epoch is 14.821167469024658s
======================================= Epoch 14 =======================================
================= Test Set =================
The acc is 0.8882, 0.8721, 0.9020
Time Consumption for one epoch is 14.970336198806763s
======================================= Epoch 15 =======================================
================= Test Set =================
The acc is 0.8882, 0.8721, 0.9020
Time Consumption for one epoch is 14.09997296333313s
======================================= Epoch 16 =======================================
================= Test Set =================
+++++++++++ Find New Best Min ACC +++++++++++
The acc is 0.8935, 0.8767, 0.9080
Time Consumption for one epoch is 14.401216506958008s
======================================= Epoch 17 =======================================
================= Test Set =================
The acc is 0.8935, 0.8767, 0.9080
Time Consumption for one epoch is 14.86717963218689s
======================================= Epoch 18 =======================================
================= Test Set =================
+++++++++++ Find New Best Min ACC +++++++++++
The acc is 0.9000, 0.8837, 0.9140
Time Consumption for one epoch is 15.067532300949097s
======================================= Epoch 19 =======================================
================= Test Set =================
The acc is 0.9000, 0.8837, 0.9140
Time Consumption for one epoch is 14.585686206817627s
The final acc is 0.9000, 0.8837, 0.9140
