Namespace(data_dir='/data/yihua/dataset/celeba/celeba.hdf5', result_dir='results', checkpoint=None, resume=False, domain_attrs='Male', target_attrs='Heavy_Makeup', exp_name=None, batch_size=512, lr=0.0001, wd=2e-05, epochs=20, seed=2024, num_workers=8, arch='resnet9', evaluate=False, gv=0.01, gr=0.1)
======================================= Epoch 0 =======================================
================= Test Set =================
+++++++++++ Find New Best Min ACC +++++++++++
The acc is 0.5000, 0.5000, 0.5000
Time Consumption for one epoch is 10.568552732467651s
======================================= Epoch 1 =======================================
================= Test Set =================
The acc is 0.5000, 0.5000, 0.5000
Time Consumption for one epoch is 8.705866813659668s
======================================= Epoch 2 =======================================
================= Test Set =================
The acc is 0.5000, 0.5000, 0.5000
Time Consumption for one epoch is 8.260496139526367s
======================================= Epoch 3 =======================================
================= Test Set =================
+++++++++++ Find New Best Min ACC +++++++++++
The acc is 0.5045, 0.5227, 0.5000
Time Consumption for one epoch is 8.579025268554688s
======================================= Epoch 4 =======================================
================= Test Set =================
The acc is 0.5045, 0.5227, 0.5000
Time Consumption for one epoch is 7.318717002868652s
======================================= Epoch 5 =======================================
================= Test Set =================
The acc is 0.5045, 0.5227, 0.5000
Time Consumption for one epoch is 9.90700650215149s
======================================= Epoch 6 =======================================
================= Test Set =================
The acc is 0.5045, 0.5227, 0.5000
Time Consumption for one epoch is 8.209728002548218s
======================================= Epoch 7 =======================================
================= Test Set =================
The acc is 0.5045, 0.5227, 0.5000
Time Consumption for one epoch is 7.966651439666748s
======================================= Epoch 8 =======================================
================= Test Set =================
The acc is 0.5045, 0.5227, 0.5000
Time Consumption for one epoch is 7.869543552398682s
======================================= Epoch 9 =======================================
================= Test Set =================
+++++++++++ Find New Best Min ACC +++++++++++
The acc is 0.6227, 0.5227, 0.6477
Time Consumption for one epoch is 8.484522581100464s
======================================= Epoch 10 =======================================
================= Test Set =================
The acc is 0.6227, 0.5227, 0.6477
Time Consumption for one epoch is 8.74818754196167s
======================================= Epoch 11 =======================================
================= Test Set =================
+++++++++++ Find New Best Min ACC +++++++++++
The acc is 0.6318, 0.5000, 0.6648
Time Consumption for one epoch is 8.64577341079712s
======================================= Epoch 12 =======================================
================= Test Set =================
The acc is 0.6318, 0.5000, 0.6648
Time Consumption for one epoch is 8.045242309570312s
======================================= Epoch 13 =======================================
================= Test Set =================
+++++++++++ Find New Best Min ACC +++++++++++
The acc is 0.6591, 0.5909, 0.6761
Time Consumption for one epoch is 7.977808237075806s
======================================= Epoch 14 =======================================
================= Test Set =================
The acc is 0.6591, 0.5909, 0.6761
Time Consumption for one epoch is 7.113570690155029s
======================================= Epoch 15 =======================================
================= Test Set =================
The acc is 0.6591, 0.5909, 0.6761
Time Consumption for one epoch is 9.07712459564209s
======================================= Epoch 16 =======================================
================= Test Set =================
The acc is 0.6591, 0.5909, 0.6761
Time Consumption for one epoch is 7.5215654373168945s
======================================= Epoch 17 =======================================
================= Test Set =================
+++++++++++ Find New Best Min ACC +++++++++++
The acc is 0.6682, 0.5455, 0.6989
Time Consumption for one epoch is 7.944308519363403s
======================================= Epoch 18 =======================================
================= Test Set =================
The acc is 0.6682, 0.5455, 0.6989
Time Consumption for one epoch is 7.15288233757019s
======================================= Epoch 19 =======================================
================= Test Set =================
+++++++++++ Find New Best Min ACC +++++++++++
The acc is 0.6727, 0.5682, 0.6989
Time Consumption for one epoch is 7.960997581481934s
The final acc is 0.6727, 0.5682, 0.6989
