Namespace(data_dir='/data/yihua/dataset/celeba/celeba.hdf5', result_dir='rotation_study', checkpoint=None, resume=False, domain_attrs='Male', target_attrs='Blond_Hair', exp_name=None, batch_size=512, lr=0.0001, wd=2e-05, epochs=20, seed=2022, num_workers=8, arch='resnet18', evaluate=False, total_num=5000, test_num=1000, gv=120.0, gr=0.3, minor_ratio=0.2, add_aug='rotation')
======================================= Epoch 0 =======================================
================= Test Set =================
+++++++++++ Find New Best Min ACC +++++++++++
The acc is 0.5376, 0.5814, 0.5000
Time Consumption for one epoch is 22.74417543411255s
======================================= Epoch 1 =======================================
================= Test Set =================
+++++++++++ Find New Best Min ACC +++++++++++
The acc is 0.7527, 0.7093, 0.7900
Time Consumption for one epoch is 21.484628438949585s
======================================= Epoch 2 =======================================
================= Test Set =================
The acc is 0.7527, 0.7093, 0.7900
Time Consumption for one epoch is 20.594316720962524s
======================================= Epoch 3 =======================================
================= Test Set =================
The acc is 0.7527, 0.7093, 0.7900
Time Consumption for one epoch is 20.757245779037476s
======================================= Epoch 4 =======================================
================= Test Set =================
The acc is 0.7527, 0.7093, 0.7900
Time Consumption for one epoch is 20.720575094223022s
======================================= Epoch 5 =======================================
================= Test Set =================
The acc is 0.7527, 0.7093, 0.7900
Time Consumption for one epoch is 19.250572443008423s
======================================= Epoch 6 =======================================
================= Test Set =================
+++++++++++ Find New Best Min ACC +++++++++++
The acc is 0.8301, 0.7930, 0.8620
Time Consumption for one epoch is 21.673179626464844s
======================================= Epoch 7 =======================================
================= Test Set =================
+++++++++++ Find New Best Min ACC +++++++++++
The acc is 0.8366, 0.7953, 0.8720
Time Consumption for one epoch is 21.008230924606323s
======================================= Epoch 8 =======================================
================= Test Set =================
+++++++++++ Find New Best Min ACC +++++++++++
The acc is 0.8699, 0.8488, 0.8880
Time Consumption for one epoch is 21.773622751235962s
======================================= Epoch 9 =======================================
================= Test Set =================
The acc is 0.8699, 0.8488, 0.8880
Time Consumption for one epoch is 20.75294828414917s
======================================= Epoch 10 =======================================
================= Test Set =================
The acc is 0.8699, 0.8488, 0.8880
Time Consumption for one epoch is 19.30745816230774s
======================================= Epoch 11 =======================================
================= Test Set =================
+++++++++++ Find New Best Min ACC +++++++++++
The acc is 0.8849, 0.8721, 0.8960
Time Consumption for one epoch is 21.16987156867981s
======================================= Epoch 12 =======================================
================= Test Set =================
The acc is 0.8849, 0.8721, 0.8960
Time Consumption for one epoch is 21.420615196228027s
======================================= Epoch 13 =======================================
================= Test Set =================
+++++++++++ Find New Best Min ACC +++++++++++
The acc is 0.8978, 0.8814, 0.9120
Time Consumption for one epoch is 21.40536117553711s
======================================= Epoch 14 =======================================
================= Test Set =================
The acc is 0.8978, 0.8814, 0.9120
Time Consumption for one epoch is 20.51914095878601s
======================================= Epoch 15 =======================================
================= Test Set =================
The acc is 0.8978, 0.8814, 0.9120
Time Consumption for one epoch is 19.41335678100586s
======================================= Epoch 16 =======================================
================= Test Set =================
+++++++++++ Find New Best Min ACC +++++++++++
The acc is 0.9011, 0.8860, 0.9140
Time Consumption for one epoch is 21.790897369384766s
======================================= Epoch 17 =======================================
================= Test Set =================
The acc is 0.9011, 0.8860, 0.9140
Time Consumption for one epoch is 19.744139432907104s
======================================= Epoch 18 =======================================
================= Test Set =================
+++++++++++ Find New Best Min ACC +++++++++++
The acc is 0.9032, 0.8907, 0.9140
Time Consumption for one epoch is 21.199602127075195s
======================================= Epoch 19 =======================================
================= Test Set =================
The acc is 0.9032, 0.8907, 0.9140
Time Consumption for one epoch is 21.47222065925598s
The final acc is 0.9032, 0.8907, 0.9140
