Namespace(data_dir='/data/yihua/dataset/celeba/celeba.hdf5', result_dir='results', checkpoint=None, resume=False, domain_attrs='Male', target_attrs='Heavy_Makeup', exp_name=None, batch_size=512, lr=0.0001, wd=2e-05, epochs=20, seed=2020, num_workers=8, arch='resnet9', evaluate=False, gv=1e-06, gr=0.5)
======================================= Epoch 0 =======================================
================= Test Set =================
+++++++++++ Find New Best Min ACC +++++++++++
The acc is 0.5000, 0.5000, 0.5000
Time Consumption for one epoch is 9.072726726531982s
======================================= Epoch 1 =======================================
================= Test Set =================
+++++++++++ Find New Best Min ACC +++++++++++
The acc is 0.5045, 0.5227, 0.5000
Time Consumption for one epoch is 8.782644748687744s
======================================= Epoch 2 =======================================
================= Test Set =================
The acc is 0.5045, 0.5227, 0.5000
Time Consumption for one epoch is 9.640988826751709s
======================================= Epoch 3 =======================================
================= Test Set =================
The acc is 0.5045, 0.5227, 0.5000
Time Consumption for one epoch is 7.412845849990845s
======================================= Epoch 4 =======================================
================= Test Set =================
The acc is 0.5045, 0.5227, 0.5000
Time Consumption for one epoch is 9.48699426651001s
======================================= Epoch 5 =======================================
================= Test Set =================
The acc is 0.5045, 0.5227, 0.5000
Time Consumption for one epoch is 8.671751022338867s
======================================= Epoch 6 =======================================
================= Test Set =================
The acc is 0.5045, 0.5227, 0.5000
Time Consumption for one epoch is 7.632422208786011s
======================================= Epoch 7 =======================================
================= Test Set =================
+++++++++++ Find New Best Min ACC +++++++++++
The acc is 0.5091, 0.5000, 0.5114
Time Consumption for one epoch is 10.890883445739746s
======================================= Epoch 8 =======================================
================= Test Set =================
+++++++++++ Find New Best Min ACC +++++++++++
The acc is 0.5455, 0.5455, 0.5455
Time Consumption for one epoch is 9.066681623458862s
======================================= Epoch 9 =======================================
================= Test Set =================
+++++++++++ Find New Best Min ACC +++++++++++
The acc is 0.6136, 0.5455, 0.6307
Time Consumption for one epoch is 9.249418258666992s
======================================= Epoch 10 =======================================
================= Test Set =================
+++++++++++ Find New Best Min ACC +++++++++++
The acc is 0.6227, 0.5227, 0.6477
Time Consumption for one epoch is 9.826102018356323s
======================================= Epoch 11 =======================================
================= Test Set =================
+++++++++++ Find New Best Min ACC +++++++++++
The acc is 0.6955, 0.6591, 0.7045
Time Consumption for one epoch is 8.162110805511475s
======================================= Epoch 12 =======================================
================= Test Set =================
The acc is 0.6955, 0.6591, 0.7045
Time Consumption for one epoch is 10.043676376342773s
======================================= Epoch 13 =======================================
================= Test Set =================
The acc is 0.6955, 0.6591, 0.7045
Time Consumption for one epoch is 9.277297735214233s
======================================= Epoch 14 =======================================
================= Test Set =================
The acc is 0.6955, 0.6591, 0.7045
Time Consumption for one epoch is 9.259330987930298s
======================================= Epoch 15 =======================================
================= Test Set =================
The acc is 0.6955, 0.6591, 0.7045
Time Consumption for one epoch is 9.917407035827637s
======================================= Epoch 16 =======================================
================= Test Set =================
The acc is 0.6955, 0.6591, 0.7045
Time Consumption for one epoch is 9.270665645599365s
======================================= Epoch 17 =======================================
================= Test Set =================
The acc is 0.6955, 0.6591, 0.7045
Time Consumption for one epoch is 9.31195616722107s
======================================= Epoch 18 =======================================
================= Test Set =================
The acc is 0.6955, 0.6591, 0.7045
Time Consumption for one epoch is 8.962790966033936s
======================================= Epoch 19 =======================================
================= Test Set =================
+++++++++++ Find New Best Min ACC +++++++++++
The acc is 0.7136, 0.6364, 0.7330
Time Consumption for one epoch is 9.32114863395691s
The final acc is 0.7136, 0.6364, 0.7330
