Namespace(data_dir='/data/yihua/dataset/celeba/celeba.hdf5', result_dir='rotation_study', checkpoint=None, resume=False, domain_attrs='Male', target_attrs='Blond_Hair', exp_name=None, batch_size=512, lr=0.0001, wd=2e-05, epochs=20, seed=2022, num_workers=8, arch='resnet9', evaluate=False, total_num=5000, test_num=1000, gv=180.0, gr=0.1, minor_ratio=0.2, add_aug='rotation')
======================================= Epoch 0 =======================================
================= Test Set =================
+++++++++++ Find New Best Min ACC +++++++++++
The acc is 0.4624, 0.4186, 0.5000
Time Consumption for one epoch is 15.763221025466919s
======================================= Epoch 1 =======================================
================= Test Set =================
The acc is 0.4624, 0.4186, 0.5000
Time Consumption for one epoch is 14.224868535995483s
======================================= Epoch 2 =======================================
================= Test Set =================
+++++++++++ Find New Best Min ACC +++++++++++
The acc is 0.5032, 0.4372, 0.5600
Time Consumption for one epoch is 14.062002658843994s
======================================= Epoch 3 =======================================
================= Test Set =================
+++++++++++ Find New Best Min ACC +++++++++++
The acc is 0.7237, 0.6605, 0.7780
Time Consumption for one epoch is 14.53114628791809s
======================================= Epoch 4 =======================================
================= Test Set =================
+++++++++++ Find New Best Min ACC +++++++++++
The acc is 0.8344, 0.8093, 0.8560
Time Consumption for one epoch is 14.20156455039978s
======================================= Epoch 5 =======================================
================= Test Set =================
+++++++++++ Find New Best Min ACC +++++++++++
The acc is 0.8591, 0.8419, 0.8740
Time Consumption for one epoch is 14.836797952651978s
======================================= Epoch 6 =======================================
================= Test Set =================
+++++++++++ Find New Best Min ACC +++++++++++
The acc is 0.8860, 0.8674, 0.9020
Time Consumption for one epoch is 15.097283124923706s
======================================= Epoch 7 =======================================
================= Test Set =================
The acc is 0.8860, 0.8674, 0.9020
Time Consumption for one epoch is 14.034632682800293s
======================================= Epoch 8 =======================================
================= Test Set =================
The acc is 0.8860, 0.8674, 0.9020
Time Consumption for one epoch is 14.264106035232544s
======================================= Epoch 9 =======================================
================= Test Set =================
The acc is 0.8860, 0.8674, 0.9020
Time Consumption for one epoch is 14.661312103271484s
======================================= Epoch 10 =======================================
================= Test Set =================
The acc is 0.8860, 0.8674, 0.9020
Time Consumption for one epoch is 14.509724140167236s
======================================= Epoch 11 =======================================
================= Test Set =================
The acc is 0.8860, 0.8674, 0.9020
Time Consumption for one epoch is 13.864856719970703s
======================================= Epoch 12 =======================================
================= Test Set =================
+++++++++++ Find New Best Min ACC +++++++++++
The acc is 0.8903, 0.8814, 0.8980
Time Consumption for one epoch is 14.962316751480103s
======================================= Epoch 13 =======================================
================= Test Set =================
+++++++++++ Find New Best Min ACC +++++++++++
The acc is 0.8935, 0.8791, 0.9060
Time Consumption for one epoch is 14.075614213943481s
======================================= Epoch 14 =======================================
================= Test Set =================
+++++++++++ Find New Best Min ACC +++++++++++
The acc is 0.8946, 0.8907, 0.8980
Time Consumption for one epoch is 14.260319232940674s
======================================= Epoch 15 =======================================
================= Test Set =================
The acc is 0.8946, 0.8907, 0.8980
Time Consumption for one epoch is 14.104616403579712s
======================================= Epoch 16 =======================================
================= Test Set =================
The acc is 0.8946, 0.8907, 0.8980
Time Consumption for one epoch is 14.292289018630981s
======================================= Epoch 17 =======================================
================= Test Set =================
The acc is 0.8946, 0.8907, 0.8980
Time Consumption for one epoch is 14.724638223648071s
======================================= Epoch 18 =======================================
================= Test Set =================
+++++++++++ Find New Best Min ACC +++++++++++
The acc is 0.8957, 0.8837, 0.9060
Time Consumption for one epoch is 14.973428964614868s
======================================= Epoch 19 =======================================
================= Test Set =================
The acc is 0.8957, 0.8837, 0.9060
Time Consumption for one epoch is 14.117543935775757s
The final acc is 0.8957, 0.8837, 0.9060
