Namespace(data_dir='/data/yihua/dataset/celeba/celeba.hdf5', result_dir='results', checkpoint=None, resume=False, domain_attrs='Male', target_attrs='High_Cheekbones', exp_name=None, batch_size=512, lr=0.0001, wd=2e-05, epochs=20, seed=2021, num_workers=8, arch='resnet9', evaluate=False, gv=0.35, gr=0.5)
======================================= Epoch 0 =======================================
================= Test Set =================
+++++++++++ Find New Best Min ACC +++++++++++
The acc is 0.8272, 0.7895, 0.8366
Time Consumption for one epoch is 141.36025643348694s
======================================= Epoch 1 =======================================
================= Test Set =================
+++++++++++ Find New Best Min ACC +++++++++++
The acc is 0.8601, 0.8156, 0.8712
Time Consumption for one epoch is 139.07006454467773s
======================================= Epoch 2 =======================================
================= Test Set =================
The acc is 0.8601, 0.8156, 0.8712
Time Consumption for one epoch is 140.15357422828674s
======================================= Epoch 3 =======================================
================= Test Set =================
+++++++++++ Find New Best Min ACC +++++++++++
The acc is 0.8663, 0.8176, 0.8785
Time Consumption for one epoch is 140.50125861167908s
======================================= Epoch 4 =======================================
================= Test Set =================
The acc is 0.8663, 0.8176, 0.8785
Time Consumption for one epoch is 139.53513145446777s
======================================= Epoch 5 =======================================
================= Test Set =================
+++++++++++ Find New Best Min ACC +++++++++++
The acc is 0.8703, 0.8200, 0.8828
Time Consumption for one epoch is 140.12053871154785s
======================================= Epoch 6 =======================================
================= Test Set =================
The acc is 0.8703, 0.8200, 0.8828
Time Consumption for one epoch is 138.91532802581787s
======================================= Epoch 7 =======================================
================= Test Set =================
The acc is 0.8703, 0.8200, 0.8828
Time Consumption for one epoch is 139.742258310318s
======================================= Epoch 8 =======================================
================= Test Set =================
+++++++++++ Find New Best Min ACC +++++++++++
The acc is 0.8704, 0.8228, 0.8823
Time Consumption for one epoch is 138.45113396644592s
======================================= Epoch 9 =======================================
================= Test Set =================
+++++++++++ Find New Best Min ACC +++++++++++
The acc is 0.8732, 0.8272, 0.8847
Time Consumption for one epoch is 140.9609923362732s
======================================= Epoch 10 =======================================
================= Test Set =================
The acc is 0.8732, 0.8272, 0.8847
Time Consumption for one epoch is 137.5183141231537s
======================================= Epoch 11 =======================================
================= Test Set =================
The acc is 0.8732, 0.8272, 0.8847
Time Consumption for one epoch is 139.57895374298096s
======================================= Epoch 12 =======================================
================= Test Set =================
+++++++++++ Find New Best Min ACC +++++++++++
The acc is 0.8740, 0.8232, 0.8868
Time Consumption for one epoch is 137.5249879360199s
======================================= Epoch 13 =======================================
================= Test Set =================
The acc is 0.8740, 0.8232, 0.8868
Time Consumption for one epoch is 138.56730604171753s
======================================= Epoch 14 =======================================
================= Test Set =================
The acc is 0.8740, 0.8232, 0.8868
Time Consumption for one epoch is 140.64278507232666s
======================================= Epoch 15 =======================================
================= Test Set =================
The acc is 0.8740, 0.8232, 0.8868
Time Consumption for one epoch is 137.68279814720154s
======================================= Epoch 16 =======================================
================= Test Set =================
+++++++++++ Find New Best Min ACC +++++++++++
The acc is 0.8789, 0.8364, 0.8896
Time Consumption for one epoch is 139.4401924610138s
======================================= Epoch 17 =======================================
================= Test Set =================
+++++++++++ Find New Best Min ACC +++++++++++
The acc is 0.8795, 0.8388, 0.8897
Time Consumption for one epoch is 140.2583920955658s
======================================= Epoch 18 =======================================
================= Test Set =================
+++++++++++ Find New Best Min ACC +++++++++++
The acc is 0.8807, 0.8392, 0.8911
Time Consumption for one epoch is 139.10356283187866s
======================================= Epoch 19 =======================================
================= Test Set =================
The acc is 0.8807, 0.8392, 0.8911
Time Consumption for one epoch is 139.294842004776s
The final acc is 0.8807, 0.8392, 0.8911
