Namespace(data_dir='/data/yihua/dataset/celeba/celeba.hdf5', result_dir='results', checkpoint=None, resume=False, domain_attrs='Male', target_attrs='Heavy_Makeup', exp_name=None, batch_size=512, lr=0.0001, wd=2e-05, epochs=20, seed=42, num_workers=8, arch='resnet9', evaluate=False, gv=0.3, gr=0.1)
======================================= Epoch 0 =======================================
================= Test Set =================
+++++++++++ Find New Best Min ACC +++++++++++
The acc is 0.5000, 0.5000, 0.5000
Time Consumption for one epoch is 8.481123447418213s
======================================= Epoch 1 =======================================
================= Test Set =================
The acc is 0.5000, 0.5000, 0.5000
Time Consumption for one epoch is 7.769459247589111s
======================================= Epoch 2 =======================================
================= Test Set =================
The acc is 0.5000, 0.5000, 0.5000
Time Consumption for one epoch is 7.167821645736694s
======================================= Epoch 3 =======================================
================= Test Set =================
The acc is 0.5000, 0.5000, 0.5000
Time Consumption for one epoch is 6.768621206283569s
======================================= Epoch 4 =======================================
================= Test Set =================
The acc is 0.5000, 0.5000, 0.5000
Time Consumption for one epoch is 8.253578186035156s
======================================= Epoch 5 =======================================
================= Test Set =================
The acc is 0.5000, 0.5000, 0.5000
Time Consumption for one epoch is 7.304464101791382s
======================================= Epoch 6 =======================================
================= Test Set =================
The acc is 0.5000, 0.5000, 0.5000
Time Consumption for one epoch is 7.042271852493286s
======================================= Epoch 7 =======================================
================= Test Set =================
+++++++++++ Find New Best Min ACC +++++++++++
The acc is 0.5136, 0.5227, 0.5114
Time Consumption for one epoch is 7.74929141998291s
======================================= Epoch 8 =======================================
================= Test Set =================
+++++++++++ Find New Best Min ACC +++++++++++
The acc is 0.6091, 0.5682, 0.6193
Time Consumption for one epoch is 8.069029331207275s
======================================= Epoch 9 =======================================
================= Test Set =================
The acc is 0.6091, 0.5682, 0.6193
Time Consumption for one epoch is 8.29368281364441s
======================================= Epoch 10 =======================================
================= Test Set =================
+++++++++++ Find New Best Min ACC +++++++++++
The acc is 0.6136, 0.5227, 0.6364
Time Consumption for one epoch is 7.871601104736328s
======================================= Epoch 11 =======================================
================= Test Set =================
+++++++++++ Find New Best Min ACC +++++++++++
The acc is 0.6455, 0.5682, 0.6648
Time Consumption for one epoch is 7.346670150756836s
======================================= Epoch 12 =======================================
================= Test Set =================
The acc is 0.6455, 0.5682, 0.6648
Time Consumption for one epoch is 8.377110719680786s
======================================= Epoch 13 =======================================
================= Test Set =================
The acc is 0.6455, 0.5682, 0.6648
Time Consumption for one epoch is 9.454659223556519s
======================================= Epoch 14 =======================================
================= Test Set =================
The acc is 0.6455, 0.5682, 0.6648
Time Consumption for one epoch is 7.64850378036499s
======================================= Epoch 15 =======================================
================= Test Set =================
The acc is 0.6455, 0.5682, 0.6648
Time Consumption for one epoch is 8.332796335220337s
======================================= Epoch 16 =======================================
================= Test Set =================
+++++++++++ Find New Best Min ACC +++++++++++
The acc is 0.6727, 0.5682, 0.6989
Time Consumption for one epoch is 8.134033918380737s
======================================= Epoch 17 =======================================
================= Test Set =================
The acc is 0.6727, 0.5682, 0.6989
Time Consumption for one epoch is 7.906037330627441s
======================================= Epoch 18 =======================================
================= Test Set =================
The acc is 0.6727, 0.5682, 0.6989
Time Consumption for one epoch is 9.066987752914429s
======================================= Epoch 19 =======================================
================= Test Set =================
The acc is 0.6727, 0.5682, 0.6989
Time Consumption for one epoch is 6.965476036071777s
The final acc is 0.6727, 0.5682, 0.6989
