Namespace(data_dir='/data/yihua/dataset/celeba/celeba.hdf5', result_dir='results', checkpoint=None, resume=False, domain_attrs='Male', target_attrs='Blond_Hair', exp_name=None, batch_size=512, lr=0.0001, wd=2e-05, epochs=20, seed=42, num_workers=8, arch='resnet9', evaluate=False, gv=0.2, gr=0.3)
======================================= Epoch 0 =======================================
================= Test Set =================
+++++++++++ Find New Best Min ACC +++++++++++
The acc is 0.7283, 0.6972, 0.7361
Time Consumption for one epoch is 28.57449746131897s
======================================= Epoch 1 =======================================
================= Test Set =================
+++++++++++ Find New Best Min ACC +++++++++++
The acc is 0.8822, 0.8389, 0.8931
Time Consumption for one epoch is 24.86429786682129s
======================================= Epoch 2 =======================================
================= Test Set =================
+++++++++++ Find New Best Min ACC +++++++++++
The acc is 0.8911, 0.8333, 0.9056
Time Consumption for one epoch is 26.46911931037903s
======================================= Epoch 3 =======================================
================= Test Set =================
The acc is 0.8911, 0.8333, 0.9056
Time Consumption for one epoch is 25.072362422943115s
======================================= Epoch 4 =======================================
================= Test Set =================
The acc is 0.8911, 0.8333, 0.9056
Time Consumption for one epoch is 25.10192894935608s
======================================= Epoch 5 =======================================
================= Test Set =================
+++++++++++ Find New Best Min ACC +++++++++++
The acc is 0.9039, 0.9000, 0.9049
Time Consumption for one epoch is 25.519110441207886s
======================================= Epoch 6 =======================================
================= Test Set =================
The acc is 0.9039, 0.9000, 0.9049
Time Consumption for one epoch is 25.1057231426239s
======================================= Epoch 7 =======================================
================= Test Set =================
The acc is 0.9039, 0.9000, 0.9049
Time Consumption for one epoch is 25.86013650894165s
======================================= Epoch 8 =======================================
================= Test Set =================
+++++++++++ Find New Best Min ACC +++++++++++
The acc is 0.9150, 0.9000, 0.9187
Time Consumption for one epoch is 25.00084161758423s
======================================= Epoch 9 =======================================
================= Test Set =================
The acc is 0.9150, 0.9000, 0.9187
Time Consumption for one epoch is 25.794079780578613s
======================================= Epoch 10 =======================================
================= Test Set =================
The acc is 0.9150, 0.9000, 0.9187
Time Consumption for one epoch is 26.157830476760864s
======================================= Epoch 11 =======================================
================= Test Set =================
+++++++++++ Find New Best Min ACC +++++++++++
The acc is 0.9161, 0.8972, 0.9208
Time Consumption for one epoch is 24.457712650299072s
======================================= Epoch 12 =======================================
================= Test Set =================
The acc is 0.9161, 0.8972, 0.9208
Time Consumption for one epoch is 24.570431232452393s
======================================= Epoch 13 =======================================
================= Test Set =================
The acc is 0.9161, 0.8972, 0.9208
Time Consumption for one epoch is 25.772297382354736s
======================================= Epoch 14 =======================================
================= Test Set =================
The acc is 0.9161, 0.8972, 0.9208
Time Consumption for one epoch is 23.97173810005188s
======================================= Epoch 15 =======================================
================= Test Set =================
The acc is 0.9161, 0.8972, 0.9208
Time Consumption for one epoch is 23.92522382736206s
======================================= Epoch 16 =======================================
================= Test Set =================
+++++++++++ Find New Best Min ACC +++++++++++
The acc is 0.9189, 0.8972, 0.9243
Time Consumption for one epoch is 26.44264578819275s
======================================= Epoch 17 =======================================
================= Test Set =================
+++++++++++ Find New Best Min ACC +++++++++++
The acc is 0.9200, 0.8972, 0.9257
Time Consumption for one epoch is 25.064698934555054s
======================================= Epoch 18 =======================================
================= Test Set =================
The acc is 0.9200, 0.8972, 0.9257
Time Consumption for one epoch is 24.416656255722046s
======================================= Epoch 19 =======================================
================= Test Set =================
The acc is 0.9200, 0.8972, 0.9257
Time Consumption for one epoch is 25.799477577209473s
The final acc is 0.9200, 0.8972, 0.9257
