Namespace(data_dir='/data/yihua/dataset/celeba/celeba.hdf5', result_dir='results', checkpoint=None, resume=False, domain_attrs='Male', target_attrs='Blond_Hair', exp_name=None, batch_size=512, lr=0.0001, wd=2e-05, epochs=20, seed=2022, num_workers=8, arch='resnet9', evaluate=False, gv=0.0001, gr=0.5)
======================================= Epoch 0 =======================================
================= Test Set =================
+++++++++++ Find New Best Min ACC +++++++++++
The acc is 0.5150, 0.4972, 0.5194
Time Consumption for one epoch is 28.085055589675903s
======================================= Epoch 1 =======================================
================= Test Set =================
+++++++++++ Find New Best Min ACC +++++++++++
The acc is 0.8822, 0.8333, 0.8944
Time Consumption for one epoch is 25.53427267074585s
======================================= Epoch 2 =======================================
================= Test Set =================
+++++++++++ Find New Best Min ACC +++++++++++
The acc is 0.8928, 0.8389, 0.9062
Time Consumption for one epoch is 24.80369210243225s
======================================= Epoch 3 =======================================
================= Test Set =================
+++++++++++ Find New Best Min ACC +++++++++++
The acc is 0.9033, 0.8917, 0.9062
Time Consumption for one epoch is 25.360721588134766s
======================================= Epoch 4 =======================================
================= Test Set =================
The acc is 0.9033, 0.8917, 0.9062
Time Consumption for one epoch is 25.7504723072052s
======================================= Epoch 5 =======================================
================= Test Set =================
+++++++++++ Find New Best Min ACC +++++++++++
The acc is 0.9067, 0.8917, 0.9104
Time Consumption for one epoch is 25.772743225097656s
======================================= Epoch 6 =======================================
================= Test Set =================
+++++++++++ Find New Best Min ACC +++++++++++
The acc is 0.9117, 0.8972, 0.9153
Time Consumption for one epoch is 25.69817614555359s
======================================= Epoch 7 =======================================
================= Test Set =================
The acc is 0.9117, 0.8972, 0.9153
Time Consumption for one epoch is 25.11344814300537s
======================================= Epoch 8 =======================================
================= Test Set =================
The acc is 0.9117, 0.8972, 0.9153
Time Consumption for one epoch is 27.682441234588623s
======================================= Epoch 9 =======================================
================= Test Set =================
+++++++++++ Find New Best Min ACC +++++++++++
The acc is 0.9144, 0.8972, 0.9187
Time Consumption for one epoch is 25.082033157348633s
======================================= Epoch 10 =======================================
================= Test Set =================
+++++++++++ Find New Best Min ACC +++++++++++
The acc is 0.9161, 0.9000, 0.9201
Time Consumption for one epoch is 25.90708088874817s
======================================= Epoch 11 =======================================
================= Test Set =================
The acc is 0.9161, 0.9000, 0.9201
Time Consumption for one epoch is 25.032981395721436s
======================================= Epoch 12 =======================================
================= Test Set =================
+++++++++++ Find New Best Min ACC +++++++++++
The acc is 0.9194, 0.8917, 0.9264
Time Consumption for one epoch is 24.63098931312561s
======================================= Epoch 13 =======================================
================= Test Set =================
The acc is 0.9194, 0.8917, 0.9264
Time Consumption for one epoch is 26.33556866645813s
======================================= Epoch 14 =======================================
================= Test Set =================
The acc is 0.9194, 0.8917, 0.9264
Time Consumption for one epoch is 25.996591567993164s
======================================= Epoch 15 =======================================
================= Test Set =================
The acc is 0.9194, 0.8917, 0.9264
Time Consumption for one epoch is 24.436610221862793s
======================================= Epoch 16 =======================================
================= Test Set =================
The acc is 0.9194, 0.8917, 0.9264
Time Consumption for one epoch is 25.314197540283203s
======================================= Epoch 17 =======================================
================= Test Set =================
The acc is 0.9194, 0.8917, 0.9264
Time Consumption for one epoch is 25.006151914596558s
======================================= Epoch 18 =======================================
================= Test Set =================
+++++++++++ Find New Best Min ACC +++++++++++
The acc is 0.9217, 0.9056, 0.9257
Time Consumption for one epoch is 26.886985540390015s
======================================= Epoch 19 =======================================
================= Test Set =================
The acc is 0.9217, 0.9056, 0.9257
Time Consumption for one epoch is 25.05502223968506s
The final acc is 0.9217, 0.9056, 0.9257
