Namespace(data_dir='/data/yihua/dataset/celeba/celeba.hdf5', result_dir='rotation_study', checkpoint=None, resume=False, domain_attrs='Male', target_attrs='Blond_Hair', exp_name=None, batch_size=512, lr=0.0001, wd=2e-05, epochs=20, seed=2020, num_workers=8, arch='resnet18', evaluate=False, total_num=5000, test_num=1000, gv=120.0, gr=0.5, minor_ratio=0.2, add_aug='rotation')
======================================= Epoch 0 =======================================
================= Test Set =================
+++++++++++ Find New Best Min ACC +++++++++++
The acc is 0.4624, 0.4186, 0.5000
Time Consumption for one epoch is 22.959798574447632s
======================================= Epoch 1 =======================================
================= Test Set =================
+++++++++++ Find New Best Min ACC +++++++++++
The acc is 0.5452, 0.5767, 0.5180
Time Consumption for one epoch is 20.660957098007202s
======================================= Epoch 2 =======================================
================= Test Set =================
+++++++++++ Find New Best Min ACC +++++++++++
The acc is 0.5462, 0.5930, 0.5060
Time Consumption for one epoch is 23.089133501052856s
======================================= Epoch 3 =======================================
================= Test Set =================
+++++++++++ Find New Best Min ACC +++++++++++
The acc is 0.5903, 0.6163, 0.5680
Time Consumption for one epoch is 21.37782597541809s
======================================= Epoch 4 =======================================
================= Test Set =================
+++++++++++ Find New Best Min ACC +++++++++++
The acc is 0.8258, 0.7930, 0.8540
Time Consumption for one epoch is 19.6313738822937s
======================================= Epoch 5 =======================================
================= Test Set =================
The acc is 0.8258, 0.7930, 0.8540
Time Consumption for one epoch is 20.589972257614136s
======================================= Epoch 6 =======================================
================= Test Set =================
The acc is 0.8258, 0.7930, 0.8540
Time Consumption for one epoch is 21.501569271087646s
======================================= Epoch 7 =======================================
================= Test Set =================
+++++++++++ Find New Best Min ACC +++++++++++
The acc is 0.8731, 0.8512, 0.8920
Time Consumption for one epoch is 20.999038219451904s
======================================= Epoch 8 =======================================
================= Test Set =================
The acc is 0.8731, 0.8512, 0.8920
Time Consumption for one epoch is 20.360148668289185s
======================================= Epoch 9 =======================================
================= Test Set =================
The acc is 0.8731, 0.8512, 0.8920
Time Consumption for one epoch is 20.863322734832764s
======================================= Epoch 10 =======================================
================= Test Set =================
The acc is 0.8731, 0.8512, 0.8920
Time Consumption for one epoch is 22.819318294525146s
======================================= Epoch 11 =======================================
================= Test Set =================
+++++++++++ Find New Best Min ACC +++++++++++
The acc is 0.8742, 0.8465, 0.8980
Time Consumption for one epoch is 21.262619256973267s
======================================= Epoch 12 =======================================
================= Test Set =================
+++++++++++ Find New Best Min ACC +++++++++++
The acc is 0.8925, 0.8698, 0.9120
Time Consumption for one epoch is 22.209036350250244s
======================================= Epoch 13 =======================================
================= Test Set =================
+++++++++++ Find New Best Min ACC +++++++++++
The acc is 0.9054, 0.9000, 0.9100
Time Consumption for one epoch is 20.388178825378418s
======================================= Epoch 14 =======================================
================= Test Set =================
The acc is 0.9054, 0.9000, 0.9100
Time Consumption for one epoch is 19.583529233932495s
======================================= Epoch 15 =======================================
================= Test Set =================
The acc is 0.9054, 0.9000, 0.9100
Time Consumption for one epoch is 20.46299147605896s
======================================= Epoch 16 =======================================
================= Test Set =================
The acc is 0.9054, 0.9000, 0.9100
Time Consumption for one epoch is 19.47266721725464s
======================================= Epoch 17 =======================================
================= Test Set =================
The acc is 0.9054, 0.9000, 0.9100
Time Consumption for one epoch is 22.732152700424194s
======================================= Epoch 18 =======================================
================= Test Set =================
The acc is 0.9054, 0.9000, 0.9100
Time Consumption for one epoch is 21.887656211853027s
======================================= Epoch 19 =======================================
================= Test Set =================
The acc is 0.9054, 0.9000, 0.9100
Time Consumption for one epoch is 21.174143075942993s
The final acc is 0.9054, 0.9000, 0.9100
