Namespace(data_dir='/data/yihua/dataset/celeba/celeba.hdf5', result_dir='results', checkpoint=None, resume=False, domain_attrs='Male', target_attrs='Blond_Hair', exp_name=None, batch_size=512, lr=0.0001, wd=2e-05, epochs=20, seed=2021, num_workers=8, arch='resnet18', evaluate=False, gv=0.001, gr=0.5)
======================================= Epoch 0 =======================================
================= Test Set =================
+++++++++++ Find New Best Min ACC +++++++++++
The acc is 0.4994, 0.5000, 0.4993
Time Consumption for one epoch is 46.67966151237488s
======================================= Epoch 1 =======================================
================= Test Set =================
+++++++++++ Find New Best Min ACC +++++++++++
The acc is 0.8767, 0.8028, 0.8951
Time Consumption for one epoch is 45.4207878112793s
======================================= Epoch 2 =======================================
================= Test Set =================
+++++++++++ Find New Best Min ACC +++++++++++
The acc is 0.8844, 0.8500, 0.8931
Time Consumption for one epoch is 44.75918459892273s
======================================= Epoch 3 =======================================
================= Test Set =================
+++++++++++ Find New Best Min ACC +++++++++++
The acc is 0.9028, 0.8778, 0.9090
Time Consumption for one epoch is 43.97080898284912s
======================================= Epoch 4 =======================================
================= Test Set =================
The acc is 0.9028, 0.8778, 0.9090
Time Consumption for one epoch is 43.88460373878479s
======================================= Epoch 5 =======================================
================= Test Set =================
The acc is 0.9028, 0.8778, 0.9090
Time Consumption for one epoch is 43.804786682128906s
======================================= Epoch 6 =======================================
================= Test Set =================
The acc is 0.9028, 0.8778, 0.9090
Time Consumption for one epoch is 43.48218393325806s
======================================= Epoch 7 =======================================
================= Test Set =================
+++++++++++ Find New Best Min ACC +++++++++++
The acc is 0.9111, 0.9000, 0.9139
Time Consumption for one epoch is 45.38398003578186s
======================================= Epoch 8 =======================================
================= Test Set =================
The acc is 0.9111, 0.9000, 0.9139
Time Consumption for one epoch is 43.0493438243866s
======================================= Epoch 9 =======================================
================= Test Set =================
+++++++++++ Find New Best Min ACC +++++++++++
The acc is 0.9117, 0.9111, 0.9118
Time Consumption for one epoch is 45.89767789840698s
======================================= Epoch 10 =======================================
================= Test Set =================
+++++++++++ Find New Best Min ACC +++++++++++
The acc is 0.9156, 0.8944, 0.9208
Time Consumption for one epoch is 45.52272272109985s
======================================= Epoch 11 =======================================
================= Test Set =================
The acc is 0.9156, 0.8944, 0.9208
Time Consumption for one epoch is 45.46737504005432s
======================================= Epoch 12 =======================================
================= Test Set =================
The acc is 0.9156, 0.8944, 0.9208
Time Consumption for one epoch is 43.50273060798645s
======================================= Epoch 13 =======================================
================= Test Set =================
The acc is 0.9156, 0.8944, 0.9208
Time Consumption for one epoch is 43.63150501251221s
======================================= Epoch 14 =======================================
================= Test Set =================
The acc is 0.9156, 0.8944, 0.9208
Time Consumption for one epoch is 44.22094941139221s
======================================= Epoch 15 =======================================
================= Test Set =================
The acc is 0.9156, 0.8944, 0.9208
Time Consumption for one epoch is 44.87844371795654s
======================================= Epoch 16 =======================================
================= Test Set =================
The acc is 0.9156, 0.8944, 0.9208
Time Consumption for one epoch is 43.487977504730225s
======================================= Epoch 17 =======================================
================= Test Set =================
+++++++++++ Find New Best Min ACC +++++++++++
The acc is 0.9183, 0.9000, 0.9229
Time Consumption for one epoch is 44.42416048049927s
======================================= Epoch 18 =======================================
================= Test Set =================
The acc is 0.9183, 0.9000, 0.9229
Time Consumption for one epoch is 42.81180024147034s
======================================= Epoch 19 =======================================
================= Test Set =================
The acc is 0.9183, 0.9000, 0.9229
Time Consumption for one epoch is 42.43710231781006s
The final acc is 0.9183, 0.9000, 0.9229
