Namespace(data_dir='/data/yihua/dataset/celeba/celeba.hdf5', result_dir='results', checkpoint=None, resume=False, domain_attrs='Male', target_attrs='Heavy_Makeup', exp_name=None, batch_size=512, lr=0.0001, wd=2e-05, epochs=20, seed=2021, num_workers=8, arch='resnet9', evaluate=False, gv=1e-05, gr=0.5)
======================================= Epoch 0 =======================================
================= Test Set =================
+++++++++++ Find New Best Min ACC +++++++++++
The acc is 0.5000, 0.5000, 0.5000
Time Consumption for one epoch is 8.98642086982727s
======================================= Epoch 1 =======================================
================= Test Set =================
The acc is 0.5000, 0.5000, 0.5000
Time Consumption for one epoch is 8.412574529647827s
======================================= Epoch 2 =======================================
================= Test Set =================
The acc is 0.5000, 0.5000, 0.5000
Time Consumption for one epoch is 8.561719417572021s
======================================= Epoch 3 =======================================
================= Test Set =================
The acc is 0.5000, 0.5000, 0.5000
Time Consumption for one epoch is 8.395002126693726s
======================================= Epoch 4 =======================================
================= Test Set =================
The acc is 0.5000, 0.5000, 0.5000
Time Consumption for one epoch is 9.974299907684326s
======================================= Epoch 5 =======================================
================= Test Set =================
+++++++++++ Find New Best Min ACC +++++++++++
The acc is 0.5045, 0.5227, 0.5000
Time Consumption for one epoch is 9.09047818183899s
======================================= Epoch 6 =======================================
================= Test Set =================
The acc is 0.5045, 0.5227, 0.5000
Time Consumption for one epoch is 9.426013946533203s
======================================= Epoch 7 =======================================
================= Test Set =================
The acc is 0.5045, 0.5227, 0.5000
Time Consumption for one epoch is 9.31505560874939s
======================================= Epoch 8 =======================================
================= Test Set =================
The acc is 0.5045, 0.5227, 0.5000
Time Consumption for one epoch is 9.186853885650635s
======================================= Epoch 9 =======================================
================= Test Set =================
+++++++++++ Find New Best Min ACC +++++++++++
The acc is 0.5409, 0.5000, 0.5511
Time Consumption for one epoch is 8.412845134735107s
======================================= Epoch 10 =======================================
================= Test Set =================
+++++++++++ Find New Best Min ACC +++++++++++
The acc is 0.6182, 0.5682, 0.6307
Time Consumption for one epoch is 8.863506078720093s
======================================= Epoch 11 =======================================
================= Test Set =================
+++++++++++ Find New Best Min ACC +++++++++++
The acc is 0.6682, 0.5682, 0.6932
Time Consumption for one epoch is 9.07199501991272s
======================================= Epoch 12 =======================================
================= Test Set =================
The acc is 0.6682, 0.5682, 0.6932
Time Consumption for one epoch is 9.775060653686523s
======================================= Epoch 13 =======================================
================= Test Set =================
+++++++++++ Find New Best Min ACC +++++++++++
The acc is 0.6727, 0.6364, 0.6818
Time Consumption for one epoch is 9.321594476699829s
======================================= Epoch 14 =======================================
================= Test Set =================
The acc is 0.6727, 0.6364, 0.6818
Time Consumption for one epoch is 8.464423656463623s
======================================= Epoch 15 =======================================
================= Test Set =================
The acc is 0.6727, 0.6364, 0.6818
Time Consumption for one epoch is 10.003342151641846s
======================================= Epoch 16 =======================================
================= Test Set =================
The acc is 0.6727, 0.6364, 0.6818
Time Consumption for one epoch is 9.204095840454102s
======================================= Epoch 17 =======================================
================= Test Set =================
+++++++++++ Find New Best Min ACC +++++++++++
The acc is 0.6955, 0.6136, 0.7159
Time Consumption for one epoch is 8.031679391860962s
======================================= Epoch 18 =======================================
================= Test Set =================
+++++++++++ Find New Best Min ACC +++++++++++
The acc is 0.7045, 0.6364, 0.7216
Time Consumption for one epoch is 9.320423126220703s
======================================= Epoch 19 =======================================
================= Test Set =================
The acc is 0.7045, 0.6364, 0.7216
Time Consumption for one epoch is 9.444966793060303s
The final acc is 0.7045, 0.6364, 0.7216
