Namespace(data_dir='/data/yihua/dataset/celeba/celeba.hdf5', result_dir='results', checkpoint=None, resume=False, domain_attrs='Male', target_attrs='High_Cheekbones', exp_name=None, batch_size=512, lr=0.0001, wd=2e-05, epochs=20, seed=42, num_workers=8, arch='resnet9', evaluate=False, gv=0.25, gr=0.3)
======================================= Epoch 0 =======================================
================= Test Set =================
+++++++++++ Find New Best Min ACC +++++++++++
The acc is 0.8481, 0.7991, 0.8604
Time Consumption for one epoch is 136.92972445487976s
======================================= Epoch 1 =======================================
================= Test Set =================
The acc is 0.8481, 0.7991, 0.8604
Time Consumption for one epoch is 134.06585669517517s
======================================= Epoch 2 =======================================
================= Test Set =================
+++++++++++ Find New Best Min ACC +++++++++++
The acc is 0.8601, 0.8144, 0.8715
Time Consumption for one epoch is 133.84709405899048s
======================================= Epoch 3 =======================================
================= Test Set =================
The acc is 0.8601, 0.8144, 0.8715
Time Consumption for one epoch is 134.03669786453247s
======================================= Epoch 4 =======================================
================= Test Set =================
+++++++++++ Find New Best Min ACC +++++++++++
The acc is 0.8606, 0.8111, 0.8730
Time Consumption for one epoch is 132.99459266662598s
======================================= Epoch 5 =======================================
================= Test Set =================
The acc is 0.8606, 0.8111, 0.8730
Time Consumption for one epoch is 134.57921528816223s
======================================= Epoch 6 =======================================
================= Test Set =================
+++++++++++ Find New Best Min ACC +++++++++++
The acc is 0.8755, 0.8340, 0.8858
Time Consumption for one epoch is 133.48104572296143s
======================================= Epoch 7 =======================================
================= Test Set =================
The acc is 0.8755, 0.8340, 0.8858
Time Consumption for one epoch is 133.9531648159027s
======================================= Epoch 8 =======================================
================= Test Set =================
The acc is 0.8755, 0.8340, 0.8858
Time Consumption for one epoch is 134.25842237472534s
======================================= Epoch 9 =======================================
================= Test Set =================
+++++++++++ Find New Best Min ACC +++++++++++
The acc is 0.8763, 0.8296, 0.8880
Time Consumption for one epoch is 134.94065189361572s
======================================= Epoch 10 =======================================
================= Test Set =================
The acc is 0.8763, 0.8296, 0.8880
Time Consumption for one epoch is 134.1935727596283s
======================================= Epoch 11 =======================================
================= Test Set =================
The acc is 0.8763, 0.8296, 0.8880
Time Consumption for one epoch is 134.66727089881897s
======================================= Epoch 12 =======================================
================= Test Set =================
The acc is 0.8763, 0.8296, 0.8880
Time Consumption for one epoch is 133.66334915161133s
======================================= Epoch 13 =======================================
================= Test Set =================
The acc is 0.8763, 0.8296, 0.8880
Time Consumption for one epoch is 133.37265729904175s
======================================= Epoch 14 =======================================
================= Test Set =================
The acc is 0.8763, 0.8296, 0.8880
Time Consumption for one epoch is 135.20931220054626s
======================================= Epoch 15 =======================================
================= Test Set =================
The acc is 0.8763, 0.8296, 0.8880
Time Consumption for one epoch is 134.70609188079834s
======================================= Epoch 16 =======================================
================= Test Set =================
The acc is 0.8763, 0.8296, 0.8880
Time Consumption for one epoch is 135.26504707336426s
======================================= Epoch 17 =======================================
================= Test Set =================
The acc is 0.8763, 0.8296, 0.8880
Time Consumption for one epoch is 135.52941989898682s
======================================= Epoch 18 =======================================
================= Test Set =================
+++++++++++ Find New Best Min ACC +++++++++++
The acc is 0.8787, 0.8344, 0.8898
Time Consumption for one epoch is 134.56660175323486s
======================================= Epoch 19 =======================================
================= Test Set =================
The acc is 0.8787, 0.8344, 0.8898
Time Consumption for one epoch is 134.63211870193481s
The final acc is 0.8787, 0.8344, 0.8898
