Namespace(data_dir='/data/yihua/dataset/celeba/celeba.hdf5', result_dir='rotation_study', checkpoint=None, resume=False, domain_attrs='Male', target_attrs='Blond_Hair', exp_name=None, batch_size=512, lr=0.0001, wd=2e-05, epochs=20, seed=2020, num_workers=8, arch='resnet18', evaluate=False, total_num=5000, test_num=1000, gv=60.0, gr=0.5, minor_ratio=0.2, add_aug='rotation')
======================================= Epoch 0 =======================================
================= Test Set =================
+++++++++++ Find New Best Min ACC +++++++++++
The acc is 0.4624, 0.4186, 0.5000
Time Consumption for one epoch is 23.167227745056152s
======================================= Epoch 1 =======================================
================= Test Set =================
+++++++++++ Find New Best Min ACC +++++++++++
The acc is 0.5344, 0.5791, 0.4960
Time Consumption for one epoch is 21.95982813835144s
======================================= Epoch 2 =======================================
================= Test Set =================
+++++++++++ Find New Best Min ACC +++++++++++
The acc is 0.6570, 0.6674, 0.6480
Time Consumption for one epoch is 21.193475008010864s
======================================= Epoch 3 =======================================
================= Test Set =================
The acc is 0.6570, 0.6674, 0.6480
Time Consumption for one epoch is 20.94646430015564s
======================================= Epoch 4 =======================================
================= Test Set =================
+++++++++++ Find New Best Min ACC +++++++++++
The acc is 0.7667, 0.7651, 0.7680
Time Consumption for one epoch is 21.949608087539673s
======================================= Epoch 5 =======================================
================= Test Set =================
+++++++++++ Find New Best Min ACC +++++++++++
The acc is 0.8516, 0.8140, 0.8840
Time Consumption for one epoch is 21.344016790390015s
======================================= Epoch 6 =======================================
================= Test Set =================
+++++++++++ Find New Best Min ACC +++++++++++
The acc is 0.8667, 0.8419, 0.8880
Time Consumption for one epoch is 22.765217781066895s
======================================= Epoch 7 =======================================
================= Test Set =================
+++++++++++ Find New Best Min ACC +++++++++++
The acc is 0.8774, 0.8581, 0.8940
Time Consumption for one epoch is 21.153279542922974s
======================================= Epoch 8 =======================================
================= Test Set =================
The acc is 0.8774, 0.8581, 0.8940
Time Consumption for one epoch is 21.403377294540405s
======================================= Epoch 9 =======================================
================= Test Set =================
+++++++++++ Find New Best Min ACC +++++++++++
The acc is 0.8935, 0.8721, 0.9120
Time Consumption for one epoch is 20.224104404449463s
======================================= Epoch 10 =======================================
================= Test Set =================
The acc is 0.8935, 0.8721, 0.9120
Time Consumption for one epoch is 21.00894284248352s
======================================= Epoch 11 =======================================
================= Test Set =================
The acc is 0.8935, 0.8721, 0.9120
Time Consumption for one epoch is 22.746294021606445s
======================================= Epoch 12 =======================================
================= Test Set =================
The acc is 0.8935, 0.8721, 0.9120
Time Consumption for one epoch is 20.821563720703125s
======================================= Epoch 13 =======================================
================= Test Set =================
The acc is 0.8935, 0.8721, 0.9120
Time Consumption for one epoch is 20.932502508163452s
======================================= Epoch 14 =======================================
================= Test Set =================
The acc is 0.8935, 0.8721, 0.9120
Time Consumption for one epoch is 21.965639114379883s
======================================= Epoch 15 =======================================
================= Test Set =================
The acc is 0.8935, 0.8721, 0.9120
Time Consumption for one epoch is 21.961578845977783s
======================================= Epoch 16 =======================================
================= Test Set =================
The acc is 0.8935, 0.8721, 0.9120
Time Consumption for one epoch is 21.355434894561768s
======================================= Epoch 17 =======================================
================= Test Set =================
The acc is 0.8935, 0.8721, 0.9120
Time Consumption for one epoch is 21.170630931854248s
======================================= Epoch 18 =======================================
================= Test Set =================
The acc is 0.8935, 0.8721, 0.9120
Time Consumption for one epoch is 20.775259494781494s
======================================= Epoch 19 =======================================
================= Test Set =================
The acc is 0.8935, 0.8721, 0.9120
Time Consumption for one epoch is 21.66326594352722s
The final acc is 0.8935, 0.8721, 0.9120
