Namespace(data_dir='/data/yihua/dataset/celeba/celeba.hdf5', result_dir='rotation_study', checkpoint=None, resume=False, domain_attrs='Male', target_attrs='Blond_Hair', exp_name=None, batch_size=512, lr=0.0001, wd=2e-05, epochs=20, seed=2020, num_workers=8, arch='resnet9', evaluate=False, total_num=5000, test_num=1000, gv=150.0, gr=0.1, minor_ratio=0.2, add_aug='rotation')
======================================= Epoch 0 =======================================
================= Test Set =================
+++++++++++ Find New Best Min ACC +++++++++++
The acc is 0.4624, 0.4186, 0.5000
Time Consumption for one epoch is 16.000120878219604s
======================================= Epoch 1 =======================================
================= Test Set =================
The acc is 0.4624, 0.4186, 0.5000
Time Consumption for one epoch is 13.821253776550293s
======================================= Epoch 2 =======================================
================= Test Set =================
+++++++++++ Find New Best Min ACC +++++++++++
The acc is 0.6387, 0.6233, 0.6520
Time Consumption for one epoch is 13.653941869735718s
======================================= Epoch 3 =======================================
================= Test Set =================
+++++++++++ Find New Best Min ACC +++++++++++
The acc is 0.7527, 0.7512, 0.7540
Time Consumption for one epoch is 14.439850568771362s
======================================= Epoch 4 =======================================
================= Test Set =================
+++++++++++ Find New Best Min ACC +++++++++++
The acc is 0.8441, 0.8116, 0.8720
Time Consumption for one epoch is 14.516782522201538s
======================================= Epoch 5 =======================================
================= Test Set =================
+++++++++++ Find New Best Min ACC +++++++++++
The acc is 0.8667, 0.8442, 0.8860
Time Consumption for one epoch is 13.754853010177612s
======================================= Epoch 6 =======================================
================= Test Set =================
+++++++++++ Find New Best Min ACC +++++++++++
The acc is 0.8710, 0.8535, 0.8860
Time Consumption for one epoch is 14.100038528442383s
======================================= Epoch 7 =======================================
================= Test Set =================
The acc is 0.8710, 0.8535, 0.8860
Time Consumption for one epoch is 14.235898494720459s
======================================= Epoch 8 =======================================
================= Test Set =================
The acc is 0.8710, 0.8535, 0.8860
Time Consumption for one epoch is 13.855445384979248s
======================================= Epoch 9 =======================================
================= Test Set =================
The acc is 0.8710, 0.8535, 0.8860
Time Consumption for one epoch is 14.326454401016235s
======================================= Epoch 10 =======================================
================= Test Set =================
+++++++++++ Find New Best Min ACC +++++++++++
The acc is 0.8828, 0.8581, 0.9040
Time Consumption for one epoch is 14.478551864624023s
======================================= Epoch 11 =======================================
================= Test Set =================
+++++++++++ Find New Best Min ACC +++++++++++
The acc is 0.8989, 0.8860, 0.9100
Time Consumption for one epoch is 14.091556787490845s
======================================= Epoch 12 =======================================
================= Test Set =================
The acc is 0.8989, 0.8860, 0.9100
Time Consumption for one epoch is 13.787846565246582s
======================================= Epoch 13 =======================================
================= Test Set =================
The acc is 0.8989, 0.8860, 0.9100
Time Consumption for one epoch is 13.637338638305664s
======================================= Epoch 14 =======================================
================= Test Set =================
The acc is 0.8989, 0.8860, 0.9100
Time Consumption for one epoch is 13.65367579460144s
======================================= Epoch 15 =======================================
================= Test Set =================
The acc is 0.8989, 0.8860, 0.9100
Time Consumption for one epoch is 13.677670240402222s
======================================= Epoch 16 =======================================
================= Test Set =================
The acc is 0.8989, 0.8860, 0.9100
Time Consumption for one epoch is 14.487884283065796s
======================================= Epoch 17 =======================================
================= Test Set =================
+++++++++++ Find New Best Min ACC +++++++++++
The acc is 0.9000, 0.8930, 0.9060
Time Consumption for one epoch is 14.511808156967163s
======================================= Epoch 18 =======================================
================= Test Set =================
+++++++++++ Find New Best Min ACC +++++++++++
The acc is 0.9011, 0.8930, 0.9080
Time Consumption for one epoch is 14.445229530334473s
======================================= Epoch 19 =======================================
================= Test Set =================
+++++++++++ Find New Best Min ACC +++++++++++
The acc is 0.9022, 0.8953, 0.9080
Time Consumption for one epoch is 14.744479656219482s
The final acc is 0.9022, 0.8953, 0.9080
