Namespace(data_dir='/data/yihua/dataset/celeba/celeba.hdf5', result_dir='results', checkpoint=None, resume=False, domain_attrs='Male', target_attrs='High_Cheekbones', exp_name=None, batch_size=512, lr=0.0001, wd=2e-05, epochs=20, seed=42, num_workers=8, arch='resnet18', evaluate=False, gv=0.1, gr=0.5)
======================================= Epoch 0 =======================================
================= Test Set =================
+++++++++++ Find New Best Min ACC +++++++++++
The acc is 0.8518, 0.8035, 0.8639
Time Consumption for one epoch is 281.69473481178284s
======================================= Epoch 1 =======================================
================= Test Set =================
+++++++++++ Find New Best Min ACC +++++++++++
The acc is 0.8573, 0.8172, 0.8673
Time Consumption for one epoch is 281.57707118988037s
======================================= Epoch 2 =======================================
================= Test Set =================
The acc is 0.8573, 0.8172, 0.8673
Time Consumption for one epoch is 280.170090675354s
======================================= Epoch 3 =======================================
================= Test Set =================
+++++++++++ Find New Best Min ACC +++++++++++
The acc is 0.8594, 0.8148, 0.8705
Time Consumption for one epoch is 280.7190270423889s
======================================= Epoch 4 =======================================
================= Test Set =================
The acc is 0.8594, 0.8148, 0.8705
Time Consumption for one epoch is 277.43094754219055s
======================================= Epoch 5 =======================================
================= Test Set =================
The acc is 0.8594, 0.8148, 0.8705
Time Consumption for one epoch is 279.0712957382202s
======================================= Epoch 6 =======================================
================= Test Set =================
+++++++++++ Find New Best Min ACC +++++++++++
The acc is 0.8675, 0.8276, 0.8774
Time Consumption for one epoch is 283.78651309013367s
======================================= Epoch 7 =======================================
================= Test Set =================
+++++++++++ Find New Best Min ACC +++++++++++
The acc is 0.8716, 0.8272, 0.8827
Time Consumption for one epoch is 284.28042554855347s
======================================= Epoch 8 =======================================
================= Test Set =================
+++++++++++ Find New Best Min ACC +++++++++++
The acc is 0.8738, 0.8320, 0.8842
Time Consumption for one epoch is 284.7943696975708s
======================================= Epoch 9 =======================================
================= Test Set =================
The acc is 0.8738, 0.8320, 0.8842
Time Consumption for one epoch is 282.44690585136414s
======================================= Epoch 10 =======================================
================= Test Set =================
+++++++++++ Find New Best Min ACC +++++++++++
The acc is 0.8751, 0.8344, 0.8852
Time Consumption for one epoch is 286.20521807670593s
======================================= Epoch 11 =======================================
================= Test Set =================
The acc is 0.8751, 0.8344, 0.8852
Time Consumption for one epoch is 283.38424134254456s
======================================= Epoch 12 =======================================
================= Test Set =================
The acc is 0.8751, 0.8344, 0.8852
Time Consumption for one epoch is 284.2100760936737s
======================================= Epoch 13 =======================================
================= Test Set =================
+++++++++++ Find New Best Min ACC +++++++++++
The acc is 0.8755, 0.8336, 0.8859
Time Consumption for one epoch is 284.8341908454895s
======================================= Epoch 14 =======================================
================= Test Set =================
The acc is 0.8755, 0.8336, 0.8859
Time Consumption for one epoch is 283.9526906013489s
======================================= Epoch 15 =======================================
================= Test Set =================
The acc is 0.8755, 0.8336, 0.8859
Time Consumption for one epoch is 283.84383392333984s
======================================= Epoch 16 =======================================
================= Test Set =================
+++++++++++ Find New Best Min ACC +++++++++++
The acc is 0.8784, 0.8360, 0.8890
Time Consumption for one epoch is 284.9674873352051s
======================================= Epoch 17 =======================================
================= Test Set =================
The acc is 0.8784, 0.8360, 0.8890
Time Consumption for one epoch is 285.1117117404938s
======================================= Epoch 18 =======================================
================= Test Set =================
The acc is 0.8784, 0.8360, 0.8890
Time Consumption for one epoch is 284.67553639411926s
======================================= Epoch 19 =======================================
================= Test Set =================
The acc is 0.8784, 0.8360, 0.8890
Time Consumption for one epoch is 282.7953782081604s
The final acc is 0.8784, 0.8360, 0.8890
