Namespace(data_dir='/data/yihua/dataset/celeba/celeba.hdf5', result_dir='results', checkpoint=None, resume=False, domain_attrs='Male', target_attrs='Heavy_Makeup', exp_name=None, batch_size=512, lr=0.0001, wd=2e-05, epochs=20, seed=42, num_workers=8, arch='resnet9', evaluate=False, gv=0.1, gr=0.3)
======================================= Epoch 0 =======================================
================= Test Set =================
+++++++++++ Find New Best Min ACC +++++++++++
The acc is 0.5000, 0.5000, 0.5000
Time Consumption for one epoch is 9.64507007598877s
======================================= Epoch 1 =======================================
================= Test Set =================
The acc is 0.5000, 0.5000, 0.5000
Time Consumption for one epoch is 8.09758448600769s
======================================= Epoch 2 =======================================
================= Test Set =================
The acc is 0.5000, 0.5000, 0.5000
Time Consumption for one epoch is 8.192436456680298s
======================================= Epoch 3 =======================================
================= Test Set =================
The acc is 0.5000, 0.5000, 0.5000
Time Consumption for one epoch is 8.29793119430542s
======================================= Epoch 4 =======================================
================= Test Set =================
The acc is 0.5000, 0.5000, 0.5000
Time Consumption for one epoch is 8.207064151763916s
======================================= Epoch 5 =======================================
================= Test Set =================
+++++++++++ Find New Best Min ACC +++++++++++
The acc is 0.5091, 0.5000, 0.5114
Time Consumption for one epoch is 8.51036787033081s
======================================= Epoch 6 =======================================
================= Test Set =================
+++++++++++ Find New Best Min ACC +++++++++++
The acc is 0.5273, 0.5227, 0.5284
Time Consumption for one epoch is 8.08722972869873s
======================================= Epoch 7 =======================================
================= Test Set =================
+++++++++++ Find New Best Min ACC +++++++++++
The acc is 0.5818, 0.4773, 0.6080
Time Consumption for one epoch is 8.676584243774414s
======================================= Epoch 8 =======================================
================= Test Set =================
+++++++++++ Find New Best Min ACC +++++++++++
The acc is 0.5955, 0.5000, 0.6193
Time Consumption for one epoch is 8.394779443740845s
======================================= Epoch 9 =======================================
================= Test Set =================
+++++++++++ Find New Best Min ACC +++++++++++
The acc is 0.6727, 0.5000, 0.7159
Time Consumption for one epoch is 8.782235383987427s
======================================= Epoch 10 =======================================
================= Test Set =================
+++++++++++ Find New Best Min ACC +++++++++++
The acc is 0.6773, 0.5455, 0.7102
Time Consumption for one epoch is 9.279021501541138s
======================================= Epoch 11 =======================================
================= Test Set =================
The acc is 0.6773, 0.5455, 0.7102
Time Consumption for one epoch is 8.20059061050415s
======================================= Epoch 12 =======================================
================= Test Set =================
+++++++++++ Find New Best Min ACC +++++++++++
The acc is 0.7045, 0.6364, 0.7216
Time Consumption for one epoch is 8.28964900970459s
======================================= Epoch 13 =======================================
================= Test Set =================
The acc is 0.7045, 0.6364, 0.7216
Time Consumption for one epoch is 8.917351484298706s
======================================= Epoch 14 =======================================
================= Test Set =================
The acc is 0.7045, 0.6364, 0.7216
Time Consumption for one epoch is 7.993584394454956s
======================================= Epoch 15 =======================================
================= Test Set =================
The acc is 0.7045, 0.6364, 0.7216
Time Consumption for one epoch is 7.269936800003052s
======================================= Epoch 16 =======================================
================= Test Set =================
The acc is 0.7045, 0.6364, 0.7216
Time Consumption for one epoch is 7.917558908462524s
======================================= Epoch 17 =======================================
================= Test Set =================
+++++++++++ Find New Best Min ACC +++++++++++
The acc is 0.7136, 0.6591, 0.7273
Time Consumption for one epoch is 7.819471120834351s
======================================= Epoch 18 =======================================
================= Test Set =================
The acc is 0.7136, 0.6591, 0.7273
Time Consumption for one epoch is 7.5872087478637695s
======================================= Epoch 19 =======================================
================= Test Set =================
+++++++++++ Find New Best Min ACC +++++++++++
The acc is 0.7182, 0.6818, 0.7273
Time Consumption for one epoch is 7.981068849563599s
The final acc is 0.7182, 0.6818, 0.7273
