Namespace(data_dir='/data/yihua/dataset/celeba/celeba.hdf5', result_dir='results', checkpoint=None, resume=False, domain_attrs='Male', target_attrs='Heavy_Makeup', exp_name=None, batch_size=512, lr=0.0001, wd=2e-05, epochs=20, seed=2021, num_workers=8, arch='resnet9', evaluate=False, gv=1e-05, gr=0.1)
======================================= Epoch 0 =======================================
================= Test Set =================
+++++++++++ Find New Best Min ACC +++++++++++
The acc is 0.5000, 0.5000, 0.5000
Time Consumption for one epoch is 9.133159875869751s
======================================= Epoch 1 =======================================
================= Test Set =================
The acc is 0.5000, 0.5000, 0.5000
Time Consumption for one epoch is 9.109247922897339s
======================================= Epoch 2 =======================================
================= Test Set =================
+++++++++++ Find New Best Min ACC +++++++++++
The acc is 0.5045, 0.5227, 0.5000
Time Consumption for one epoch is 9.145841598510742s
======================================= Epoch 3 =======================================
================= Test Set =================
The acc is 0.5045, 0.5227, 0.5000
Time Consumption for one epoch is 7.148777484893799s
======================================= Epoch 4 =======================================
================= Test Set =================
The acc is 0.5045, 0.5227, 0.5000
Time Consumption for one epoch is 7.972281455993652s
======================================= Epoch 5 =======================================
================= Test Set =================
The acc is 0.5045, 0.5227, 0.5000
Time Consumption for one epoch is 8.988017797470093s
======================================= Epoch 6 =======================================
================= Test Set =================
The acc is 0.5045, 0.5227, 0.5000
Time Consumption for one epoch is 7.861418008804321s
======================================= Epoch 7 =======================================
================= Test Set =================
The acc is 0.5045, 0.5227, 0.5000
Time Consumption for one epoch is 8.66440725326538s
======================================= Epoch 8 =======================================
================= Test Set =================
+++++++++++ Find New Best Min ACC +++++++++++
The acc is 0.5227, 0.5455, 0.5170
Time Consumption for one epoch is 9.358182907104492s
======================================= Epoch 9 =======================================
================= Test Set =================
+++++++++++ Find New Best Min ACC +++++++++++
The acc is 0.5682, 0.5000, 0.5852
Time Consumption for one epoch is 8.506747484207153s
======================================= Epoch 10 =======================================
================= Test Set =================
+++++++++++ Find New Best Min ACC +++++++++++
The acc is 0.6045, 0.5227, 0.6250
Time Consumption for one epoch is 8.912174463272095s
======================================= Epoch 11 =======================================
================= Test Set =================
+++++++++++ Find New Best Min ACC +++++++++++
The acc is 0.6500, 0.5682, 0.6705
Time Consumption for one epoch is 8.572511196136475s
======================================= Epoch 12 =======================================
================= Test Set =================
The acc is 0.6500, 0.5682, 0.6705
Time Consumption for one epoch is 7.304999828338623s
======================================= Epoch 13 =======================================
================= Test Set =================
The acc is 0.6500, 0.5682, 0.6705
Time Consumption for one epoch is 7.9093992710113525s
======================================= Epoch 14 =======================================
================= Test Set =================
The acc is 0.6500, 0.5682, 0.6705
Time Consumption for one epoch is 8.42527985572815s
======================================= Epoch 15 =======================================
================= Test Set =================
+++++++++++ Find New Best Min ACC +++++++++++
The acc is 0.6773, 0.5682, 0.7045
Time Consumption for one epoch is 8.392267227172852s
======================================= Epoch 16 =======================================
================= Test Set =================
+++++++++++ Find New Best Min ACC +++++++++++
The acc is 0.6818, 0.5909, 0.7045
Time Consumption for one epoch is 9.518433094024658s
======================================= Epoch 17 =======================================
================= Test Set =================
The acc is 0.6818, 0.5909, 0.7045
Time Consumption for one epoch is 8.754230737686157s
======================================= Epoch 18 =======================================
================= Test Set =================
The acc is 0.6818, 0.5909, 0.7045
Time Consumption for one epoch is 8.665029287338257s
======================================= Epoch 19 =======================================
================= Test Set =================
The acc is 0.6818, 0.5909, 0.7045
Time Consumption for one epoch is 8.292448997497559s
The final acc is 0.6818, 0.5909, 0.7045
