Namespace(data_dir='/data/yihua/dataset/celeba/celeba.hdf5', result_dir='results', checkpoint=None, resume=False, domain_attrs='Male', target_attrs='Blond_Hair', exp_name=None, batch_size=512, lr=0.0001, wd=2e-05, epochs=20, seed=2022, num_workers=8, arch='resnet18', evaluate=False, gv=1e-05, gr=0.3)
======================================= Epoch 0 =======================================
================= Test Set =================
+++++++++++ Find New Best Min ACC +++++++++++
The acc is 0.5000, 0.5000, 0.5000
Time Consumption for one epoch is 46.27803087234497s
======================================= Epoch 1 =======================================
================= Test Set =================
+++++++++++ Find New Best Min ACC +++++++++++
The acc is 0.7722, 0.6778, 0.7958
Time Consumption for one epoch is 42.72747206687927s
======================================= Epoch 2 =======================================
================= Test Set =================
+++++++++++ Find New Best Min ACC +++++++++++
The acc is 0.8911, 0.8750, 0.8951
Time Consumption for one epoch is 41.811145067214966s
======================================= Epoch 3 =======================================
================= Test Set =================
The acc is 0.8911, 0.8750, 0.8951
Time Consumption for one epoch is 41.12950015068054s
======================================= Epoch 4 =======================================
================= Test Set =================
+++++++++++ Find New Best Min ACC +++++++++++
The acc is 0.9083, 0.8972, 0.9111
Time Consumption for one epoch is 43.390989780426025s
======================================= Epoch 5 =======================================
================= Test Set =================
The acc is 0.9083, 0.8972, 0.9111
Time Consumption for one epoch is 42.65148210525513s
======================================= Epoch 6 =======================================
================= Test Set =================
The acc is 0.9083, 0.8972, 0.9111
Time Consumption for one epoch is 41.64470314979553s
======================================= Epoch 7 =======================================
================= Test Set =================
The acc is 0.9083, 0.8972, 0.9111
Time Consumption for one epoch is 43.839892625808716s
======================================= Epoch 8 =======================================
================= Test Set =================
The acc is 0.9083, 0.8972, 0.9111
Time Consumption for one epoch is 41.9273521900177s
======================================= Epoch 9 =======================================
================= Test Set =================
The acc is 0.9083, 0.8972, 0.9111
Time Consumption for one epoch is 43.62200880050659s
======================================= Epoch 10 =======================================
================= Test Set =================
The acc is 0.9083, 0.8972, 0.9111
Time Consumption for one epoch is 43.359713077545166s
======================================= Epoch 11 =======================================
================= Test Set =================
+++++++++++ Find New Best Min ACC +++++++++++
The acc is 0.9128, 0.8972, 0.9167
Time Consumption for one epoch is 43.584787130355835s
======================================= Epoch 12 =======================================
================= Test Set =================
The acc is 0.9128, 0.8972, 0.9167
Time Consumption for one epoch is 41.092926263809204s
======================================= Epoch 13 =======================================
================= Test Set =================
The acc is 0.9128, 0.8972, 0.9167
Time Consumption for one epoch is 42.96349477767944s
======================================= Epoch 14 =======================================
================= Test Set =================
The acc is 0.9128, 0.8972, 0.9167
Time Consumption for one epoch is 43.27786326408386s
======================================= Epoch 15 =======================================
================= Test Set =================
The acc is 0.9128, 0.8972, 0.9167
Time Consumption for one epoch is 42.93474841117859s
======================================= Epoch 16 =======================================
================= Test Set =================
+++++++++++ Find New Best Min ACC +++++++++++
The acc is 0.9161, 0.9000, 0.9201
Time Consumption for one epoch is 43.88453555107117s
======================================= Epoch 17 =======================================
================= Test Set =================
The acc is 0.9161, 0.9000, 0.9201
Time Consumption for one epoch is 43.992703914642334s
======================================= Epoch 18 =======================================
================= Test Set =================
The acc is 0.9161, 0.9000, 0.9201
Time Consumption for one epoch is 42.30066156387329s
======================================= Epoch 19 =======================================
================= Test Set =================
The acc is 0.9161, 0.9000, 0.9201
Time Consumption for one epoch is 42.22224450111389s
The final acc is 0.9161, 0.9000, 0.9201
