Namespace(data_dir='/data/yihua/dataset/celeba/celeba.hdf5', result_dir='rotation_study', checkpoint=None, resume=False, domain_attrs='Male', target_attrs='Blond_Hair', exp_name=None, batch_size=512, lr=0.0001, wd=2e-05, epochs=20, seed=2021, num_workers=8, arch='resnet9', evaluate=False, total_num=5000, test_num=1000, gv=150.0, gr=0.3, minor_ratio=0.2, add_aug='rotation')
======================================= Epoch 0 =======================================
================= Test Set =================
+++++++++++ Find New Best Min ACC +++++++++++
The acc is 0.4624, 0.4186, 0.5000
Time Consumption for one epoch is 17.036216020584106s
======================================= Epoch 1 =======================================
================= Test Set =================
The acc is 0.4624, 0.4186, 0.5000
Time Consumption for one epoch is 14.217922925949097s
======================================= Epoch 2 =======================================
================= Test Set =================
+++++++++++ Find New Best Min ACC +++++++++++
The acc is 0.7269, 0.6814, 0.7660
Time Consumption for one epoch is 14.982504606246948s
======================================= Epoch 3 =======================================
================= Test Set =================
+++++++++++ Find New Best Min ACC +++++++++++
The acc is 0.7742, 0.7488, 0.7960
Time Consumption for one epoch is 14.913603782653809s
======================================= Epoch 4 =======================================
================= Test Set =================
+++++++++++ Find New Best Min ACC +++++++++++
The acc is 0.8398, 0.8163, 0.8600
Time Consumption for one epoch is 14.62152910232544s
======================================= Epoch 5 =======================================
================= Test Set =================
The acc is 0.8398, 0.8163, 0.8600
Time Consumption for one epoch is 14.126116037368774s
======================================= Epoch 6 =======================================
================= Test Set =================
The acc is 0.8398, 0.8163, 0.8600
Time Consumption for one epoch is 13.926255464553833s
======================================= Epoch 7 =======================================
================= Test Set =================
+++++++++++ Find New Best Min ACC +++++++++++
The acc is 0.8613, 0.8442, 0.8760
Time Consumption for one epoch is 14.596594095230103s
======================================= Epoch 8 =======================================
================= Test Set =================
+++++++++++ Find New Best Min ACC +++++++++++
The acc is 0.8785, 0.8535, 0.9000
Time Consumption for one epoch is 14.736843347549438s
======================================= Epoch 9 =======================================
================= Test Set =================
The acc is 0.8785, 0.8535, 0.9000
Time Consumption for one epoch is 14.663880586624146s
======================================= Epoch 10 =======================================
================= Test Set =================
The acc is 0.8785, 0.8535, 0.9000
Time Consumption for one epoch is 14.523037195205688s
======================================= Epoch 11 =======================================
================= Test Set =================
The acc is 0.8785, 0.8535, 0.9000
Time Consumption for one epoch is 14.776211977005005s
======================================= Epoch 12 =======================================
================= Test Set =================
The acc is 0.8785, 0.8535, 0.9000
Time Consumption for one epoch is 14.748070478439331s
======================================= Epoch 13 =======================================
================= Test Set =================
The acc is 0.8785, 0.8535, 0.9000
Time Consumption for one epoch is 14.709394931793213s
======================================= Epoch 14 =======================================
================= Test Set =================
+++++++++++ Find New Best Min ACC +++++++++++
The acc is 0.8925, 0.8791, 0.9040
Time Consumption for one epoch is 14.614814758300781s
======================================= Epoch 15 =======================================
================= Test Set =================
The acc is 0.8925, 0.8791, 0.9040
Time Consumption for one epoch is 14.758599996566772s
======================================= Epoch 16 =======================================
================= Test Set =================
The acc is 0.8925, 0.8791, 0.9040
Time Consumption for one epoch is 14.751742839813232s
======================================= Epoch 17 =======================================
================= Test Set =================
The acc is 0.8925, 0.8791, 0.9040
Time Consumption for one epoch is 15.045199871063232s
======================================= Epoch 18 =======================================
================= Test Set =================
+++++++++++ Find New Best Min ACC +++++++++++
The acc is 0.8978, 0.8860, 0.9080
Time Consumption for one epoch is 14.354833364486694s
======================================= Epoch 19 =======================================
================= Test Set =================
The acc is 0.8978, 0.8860, 0.9080
Time Consumption for one epoch is 14.463370323181152s
The final acc is 0.8978, 0.8860, 0.9080
