Namespace(data_dir='/data/yihua/dataset/celeba/celeba.hdf5', result_dir='rotation_study', checkpoint=None, resume=False, domain_attrs='Male', target_attrs='Blond_Hair', exp_name=None, batch_size=512, lr=0.0001, wd=2e-05, epochs=20, seed=2022, num_workers=8, arch='resnet9', evaluate=False, total_num=5000, test_num=1000, gv=150.0, gr=0.1, minor_ratio=0.2, add_aug='rotation')
======================================= Epoch 0 =======================================
================= Test Set =================
+++++++++++ Find New Best Min ACC +++++++++++
The acc is 0.4624, 0.4186, 0.5000
Time Consumption for one epoch is 16.030439615249634s
======================================= Epoch 1 =======================================
================= Test Set =================
The acc is 0.4624, 0.4186, 0.5000
Time Consumption for one epoch is 14.346112728118896s
======================================= Epoch 2 =======================================
================= Test Set =================
+++++++++++ Find New Best Min ACC +++++++++++
The acc is 0.5011, 0.4395, 0.5540
Time Consumption for one epoch is 14.357736110687256s
======================================= Epoch 3 =======================================
================= Test Set =================
+++++++++++ Find New Best Min ACC +++++++++++
The acc is 0.7151, 0.6465, 0.7740
Time Consumption for one epoch is 14.662322759628296s
======================================= Epoch 4 =======================================
================= Test Set =================
+++++++++++ Find New Best Min ACC +++++++++++
The acc is 0.8290, 0.8000, 0.8540
Time Consumption for one epoch is 14.226118803024292s
======================================= Epoch 5 =======================================
================= Test Set =================
+++++++++++ Find New Best Min ACC +++++++++++
The acc is 0.8613, 0.8349, 0.8840
Time Consumption for one epoch is 14.01409912109375s
======================================= Epoch 6 =======================================
================= Test Set =================
+++++++++++ Find New Best Min ACC +++++++++++
The acc is 0.8753, 0.8512, 0.8960
Time Consumption for one epoch is 13.900381803512573s
======================================= Epoch 7 =======================================
================= Test Set =================
The acc is 0.8753, 0.8512, 0.8960
Time Consumption for one epoch is 14.016269207000732s
======================================= Epoch 8 =======================================
================= Test Set =================
The acc is 0.8753, 0.8512, 0.8960
Time Consumption for one epoch is 13.840713739395142s
======================================= Epoch 9 =======================================
================= Test Set =================
The acc is 0.8753, 0.8512, 0.8960
Time Consumption for one epoch is 14.843268156051636s
======================================= Epoch 10 =======================================
================= Test Set =================
The acc is 0.8753, 0.8512, 0.8960
Time Consumption for one epoch is 14.475402355194092s
======================================= Epoch 11 =======================================
================= Test Set =================
+++++++++++ Find New Best Min ACC +++++++++++
The acc is 0.8806, 0.8581, 0.9000
Time Consumption for one epoch is 14.048660516738892s
======================================= Epoch 12 =======================================
================= Test Set =================
+++++++++++ Find New Best Min ACC +++++++++++
The acc is 0.8892, 0.8791, 0.8980
Time Consumption for one epoch is 14.448184251785278s
======================================= Epoch 13 =======================================
================= Test Set =================
+++++++++++ Find New Best Min ACC +++++++++++
The acc is 0.8925, 0.8767, 0.9060
Time Consumption for one epoch is 14.203679084777832s
======================================= Epoch 14 =======================================
================= Test Set =================
The acc is 0.8925, 0.8767, 0.9060
Time Consumption for one epoch is 13.651660203933716s
======================================= Epoch 15 =======================================
================= Test Set =================
The acc is 0.8925, 0.8767, 0.9060
Time Consumption for one epoch is 14.225538730621338s
======================================= Epoch 16 =======================================
================= Test Set =================
The acc is 0.8925, 0.8767, 0.9060
Time Consumption for one epoch is 13.34009337425232s
======================================= Epoch 17 =======================================
================= Test Set =================
The acc is 0.8925, 0.8767, 0.9060
Time Consumption for one epoch is 13.95930290222168s
======================================= Epoch 18 =======================================
================= Test Set =================
+++++++++++ Find New Best Min ACC +++++++++++
The acc is 0.8957, 0.8837, 0.9060
Time Consumption for one epoch is 13.975092887878418s
======================================= Epoch 19 =======================================
================= Test Set =================
+++++++++++ Find New Best Min ACC +++++++++++
The acc is 0.8968, 0.8860, 0.9060
Time Consumption for one epoch is 14.200831174850464s
The final acc is 0.8968, 0.8860, 0.9060
