Namespace(data_dir='/data/yihua/dataset/celeba/celeba.hdf5', result_dir='results', checkpoint=None, resume=False, domain_attrs='Male', target_attrs='Blond_Hair', exp_name=None, batch_size=512, lr=0.0001, wd=2e-05, epochs=20, seed=2020, num_workers=8, arch='resnet9', evaluate=False, gv=0.15, gr=0.1)
======================================= Epoch 0 =======================================
================= Test Set =================
+++++++++++ Find New Best Min ACC +++++++++++
The acc is 0.7344, 0.6833, 0.7472
Time Consumption for one epoch is 29.804137229919434s
======================================= Epoch 1 =======================================
================= Test Set =================
+++++++++++ Find New Best Min ACC +++++++++++
The acc is 0.8361, 0.7722, 0.8521
Time Consumption for one epoch is 27.711962461471558s
======================================= Epoch 2 =======================================
================= Test Set =================
+++++++++++ Find New Best Min ACC +++++++++++
The acc is 0.8856, 0.8556, 0.8931
Time Consumption for one epoch is 26.939613819122314s
======================================= Epoch 3 =======================================
================= Test Set =================
+++++++++++ Find New Best Min ACC +++++++++++
The acc is 0.9017, 0.8639, 0.9111
Time Consumption for one epoch is 28.16729474067688s
======================================= Epoch 4 =======================================
================= Test Set =================
The acc is 0.9017, 0.8639, 0.9111
Time Consumption for one epoch is 27.21627402305603s
======================================= Epoch 5 =======================================
================= Test Set =================
+++++++++++ Find New Best Min ACC +++++++++++
The acc is 0.9078, 0.8917, 0.9118
Time Consumption for one epoch is 25.12615203857422s
======================================= Epoch 6 =======================================
================= Test Set =================
The acc is 0.9078, 0.8917, 0.9118
Time Consumption for one epoch is 27.29642391204834s
======================================= Epoch 7 =======================================
================= Test Set =================
+++++++++++ Find New Best Min ACC +++++++++++
The acc is 0.9167, 0.9028, 0.9201
Time Consumption for one epoch is 26.915754556655884s
======================================= Epoch 8 =======================================
================= Test Set =================
The acc is 0.9167, 0.9028, 0.9201
Time Consumption for one epoch is 27.042797803878784s
======================================= Epoch 9 =======================================
================= Test Set =================
The acc is 0.9167, 0.9028, 0.9201
Time Consumption for one epoch is 24.500672340393066s
======================================= Epoch 10 =======================================
================= Test Set =================
The acc is 0.9167, 0.9028, 0.9201
Time Consumption for one epoch is 27.163440227508545s
======================================= Epoch 11 =======================================
================= Test Set =================
The acc is 0.9167, 0.9028, 0.9201
Time Consumption for one epoch is 25.485933303833008s
======================================= Epoch 12 =======================================
================= Test Set =================
The acc is 0.9167, 0.9028, 0.9201
Time Consumption for one epoch is 26.0137722492218s
======================================= Epoch 13 =======================================
================= Test Set =================
The acc is 0.9167, 0.9028, 0.9201
Time Consumption for one epoch is 26.66087317466736s
======================================= Epoch 14 =======================================
================= Test Set =================
The acc is 0.9167, 0.9028, 0.9201
Time Consumption for one epoch is 26.12118434906006s
======================================= Epoch 15 =======================================
================= Test Set =================
The acc is 0.9167, 0.9028, 0.9201
Time Consumption for one epoch is 25.856685638427734s
======================================= Epoch 16 =======================================
================= Test Set =================
+++++++++++ Find New Best Min ACC +++++++++++
The acc is 0.9267, 0.9222, 0.9278
Time Consumption for one epoch is 26.83800196647644s
======================================= Epoch 17 =======================================
================= Test Set =================
The acc is 0.9267, 0.9222, 0.9278
Time Consumption for one epoch is 26.718175172805786s
======================================= Epoch 18 =======================================
================= Test Set =================
The acc is 0.9267, 0.9222, 0.9278
Time Consumption for one epoch is 26.513580083847046s
======================================= Epoch 19 =======================================
================= Test Set =================
The acc is 0.9267, 0.9222, 0.9278
Time Consumption for one epoch is 27.065343141555786s
The final acc is 0.9267, 0.9222, 0.9278
