Namespace(data_dir='/data/yihua/dataset/celeba/celeba.hdf5', result_dir='results', checkpoint=None, resume=False, domain_attrs='Male', target_attrs='Blond_Hair', exp_name=None, batch_size=512, lr=0.0001, wd=2e-05, epochs=20, seed=2022, num_workers=8, arch='resnet9', evaluate=False, gv=1e-05, gr=0.3)
======================================= Epoch 0 =======================================
================= Test Set =================
+++++++++++ Find New Best Min ACC +++++++++++
The acc is 0.6561, 0.5889, 0.6729
Time Consumption for one epoch is 28.194206714630127s
======================================= Epoch 1 =======================================
================= Test Set =================
+++++++++++ Find New Best Min ACC +++++++++++
The acc is 0.8789, 0.8556, 0.8847
Time Consumption for one epoch is 24.29361605644226s
======================================= Epoch 2 =======================================
================= Test Set =================
The acc is 0.8789, 0.8556, 0.8847
Time Consumption for one epoch is 25.63759684562683s
======================================= Epoch 3 =======================================
================= Test Set =================
+++++++++++ Find New Best Min ACC +++++++++++
The acc is 0.8967, 0.8806, 0.9007
Time Consumption for one epoch is 24.824378728866577s
======================================= Epoch 4 =======================================
================= Test Set =================
+++++++++++ Find New Best Min ACC +++++++++++
The acc is 0.9006, 0.8556, 0.9118
Time Consumption for one epoch is 25.364805459976196s
======================================= Epoch 5 =======================================
================= Test Set =================
+++++++++++ Find New Best Min ACC +++++++++++
The acc is 0.9017, 0.8667, 0.9104
Time Consumption for one epoch is 25.520989894866943s
======================================= Epoch 6 =======================================
================= Test Set =================
+++++++++++ Find New Best Min ACC +++++++++++
The acc is 0.9128, 0.8833, 0.9201
Time Consumption for one epoch is 25.704680681228638s
======================================= Epoch 7 =======================================
================= Test Set =================
The acc is 0.9128, 0.8833, 0.9201
Time Consumption for one epoch is 25.224233865737915s
======================================= Epoch 8 =======================================
================= Test Set =================
The acc is 0.9128, 0.8833, 0.9201
Time Consumption for one epoch is 25.2674298286438s
======================================= Epoch 9 =======================================
================= Test Set =================
The acc is 0.9128, 0.8833, 0.9201
Time Consumption for one epoch is 25.322036027908325s
======================================= Epoch 10 =======================================
================= Test Set =================
The acc is 0.9128, 0.8833, 0.9201
Time Consumption for one epoch is 24.279693126678467s
======================================= Epoch 11 =======================================
================= Test Set =================
The acc is 0.9128, 0.8833, 0.9201
Time Consumption for one epoch is 25.149990797042847s
======================================= Epoch 12 =======================================
================= Test Set =================
+++++++++++ Find New Best Min ACC +++++++++++
The acc is 0.9172, 0.9167, 0.9174
Time Consumption for one epoch is 25.32450771331787s
======================================= Epoch 13 =======================================
================= Test Set =================
The acc is 0.9172, 0.9167, 0.9174
Time Consumption for one epoch is 23.706530809402466s
======================================= Epoch 14 =======================================
================= Test Set =================
The acc is 0.9172, 0.9167, 0.9174
Time Consumption for one epoch is 23.962839365005493s
======================================= Epoch 15 =======================================
================= Test Set =================
The acc is 0.9172, 0.9167, 0.9174
Time Consumption for one epoch is 24.048933744430542s
======================================= Epoch 16 =======================================
================= Test Set =================
The acc is 0.9172, 0.9167, 0.9174
Time Consumption for one epoch is 25.525986671447754s
======================================= Epoch 17 =======================================
================= Test Set =================
+++++++++++ Find New Best Min ACC +++++++++++
The acc is 0.9183, 0.8889, 0.9257
Time Consumption for one epoch is 23.478249311447144s
======================================= Epoch 18 =======================================
================= Test Set =================
The acc is 0.9183, 0.8889, 0.9257
Time Consumption for one epoch is 24.131502628326416s
======================================= Epoch 19 =======================================
================= Test Set =================
The acc is 0.9183, 0.8889, 0.9257
Time Consumption for one epoch is 24.30549645423889s
The final acc is 0.9183, 0.8889, 0.9257
