Namespace(data_dir='/data/yihua/dataset/celeba/celeba.hdf5', result_dir='rotation_study', checkpoint=None, resume=False, domain_attrs='Male', target_attrs='Blond_Hair', exp_name=None, batch_size=512, lr=0.0001, wd=2e-05, epochs=20, seed=2022, num_workers=8, arch='resnet9', evaluate=False, total_num=5000, test_num=1000, gv=0.0, gr=0.1, minor_ratio=0.2, add_aug='rotation')
======================================= Epoch 0 =======================================
================= Test Set =================
+++++++++++ Find New Best Min ACC +++++++++++
The acc is 0.4624, 0.4186, 0.5000
Time Consumption for one epoch is 16.378270626068115s
======================================= Epoch 1 =======================================
================= Test Set =================
The acc is 0.4624, 0.4186, 0.5000
Time Consumption for one epoch is 14.111436367034912s
======================================= Epoch 2 =======================================
================= Test Set =================
+++++++++++ Find New Best Min ACC +++++++++++
The acc is 0.4989, 0.4326, 0.5560
Time Consumption for one epoch is 14.366658449172974s
======================================= Epoch 3 =======================================
================= Test Set =================
+++++++++++ Find New Best Min ACC +++++++++++
The acc is 0.7108, 0.6442, 0.7680
Time Consumption for one epoch is 14.425373792648315s
======================================= Epoch 4 =======================================
================= Test Set =================
+++++++++++ Find New Best Min ACC +++++++++++
The acc is 0.8355, 0.8047, 0.8620
Time Consumption for one epoch is 14.162464618682861s
======================================= Epoch 5 =======================================
================= Test Set =================
+++++++++++ Find New Best Min ACC +++++++++++
The acc is 0.8656, 0.8419, 0.8860
Time Consumption for one epoch is 14.270238637924194s
======================================= Epoch 6 =======================================
================= Test Set =================
+++++++++++ Find New Best Min ACC +++++++++++
The acc is 0.8828, 0.8674, 0.8960
Time Consumption for one epoch is 14.419806957244873s
======================================= Epoch 7 =======================================
================= Test Set =================
The acc is 0.8828, 0.8674, 0.8960
Time Consumption for one epoch is 14.197541952133179s
======================================= Epoch 8 =======================================
================= Test Set =================
The acc is 0.8828, 0.8674, 0.8960
Time Consumption for one epoch is 14.170578718185425s
======================================= Epoch 9 =======================================
================= Test Set =================
The acc is 0.8828, 0.8674, 0.8960
Time Consumption for one epoch is 13.465649843215942s
======================================= Epoch 10 =======================================
================= Test Set =================
The acc is 0.8828, 0.8674, 0.8960
Time Consumption for one epoch is 14.221005201339722s
======================================= Epoch 11 =======================================
================= Test Set =================
+++++++++++ Find New Best Min ACC +++++++++++
The acc is 0.8968, 0.8837, 0.9080
Time Consumption for one epoch is 14.309651613235474s
======================================= Epoch 12 =======================================
================= Test Set =================
The acc is 0.8968, 0.8837, 0.9080
Time Consumption for one epoch is 13.930308103561401s
======================================= Epoch 13 =======================================
================= Test Set =================
The acc is 0.8968, 0.8837, 0.9080
Time Consumption for one epoch is 14.195241689682007s
======================================= Epoch 14 =======================================
================= Test Set =================
The acc is 0.8968, 0.8837, 0.9080
Time Consumption for one epoch is 13.89353060722351s
======================================= Epoch 15 =======================================
================= Test Set =================
The acc is 0.8968, 0.8837, 0.9080
Time Consumption for one epoch is 14.57632827758789s
======================================= Epoch 16 =======================================
================= Test Set =================
The acc is 0.8968, 0.8837, 0.9080
Time Consumption for one epoch is 14.129245042800903s
======================================= Epoch 17 =======================================
================= Test Set =================
The acc is 0.8968, 0.8837, 0.9080
Time Consumption for one epoch is 14.273985147476196s
======================================= Epoch 18 =======================================
================= Test Set =================
The acc is 0.8968, 0.8837, 0.9080
Time Consumption for one epoch is 14.07883095741272s
======================================= Epoch 19 =======================================
================= Test Set =================
The acc is 0.8968, 0.8837, 0.9080
Time Consumption for one epoch is 14.428368091583252s
The final acc is 0.8968, 0.8837, 0.9080
