Namespace(data_dir='/data/yihua/dataset/celeba/celeba.hdf5', result_dir='results', checkpoint=None, resume=False, domain_attrs='Male', target_attrs='Blond_Hair', exp_name=None, batch_size=512, lr=0.0001, wd=2e-05, epochs=20, seed=2022, num_workers=8, arch='resnet18', evaluate=False, gv=0.01, gr=0.1)
======================================= Epoch 0 =======================================
================= Test Set =================
+++++++++++ Find New Best Min ACC +++++++++++
The acc is 0.5000, 0.5000, 0.5000
Time Consumption for one epoch is 46.094088077545166s
======================================= Epoch 1 =======================================
================= Test Set =================
+++++++++++ Find New Best Min ACC +++++++++++
The acc is 0.6361, 0.5806, 0.6500
Time Consumption for one epoch is 42.51107716560364s
======================================= Epoch 2 =======================================
================= Test Set =================
+++++++++++ Find New Best Min ACC +++++++++++
The acc is 0.8539, 0.8417, 0.8569
Time Consumption for one epoch is 43.48191690444946s
======================================= Epoch 3 =======================================
================= Test Set =================
+++++++++++ Find New Best Min ACC +++++++++++
The acc is 0.9061, 0.9000, 0.9076
Time Consumption for one epoch is 41.7511682510376s
======================================= Epoch 4 =======================================
================= Test Set =================
The acc is 0.9061, 0.9000, 0.9076
Time Consumption for one epoch is 40.93694806098938s
======================================= Epoch 5 =======================================
================= Test Set =================
The acc is 0.9061, 0.9000, 0.9076
Time Consumption for one epoch is 42.118685722351074s
======================================= Epoch 6 =======================================
================= Test Set =================
The acc is 0.9061, 0.9000, 0.9076
Time Consumption for one epoch is 40.700506925582886s
======================================= Epoch 7 =======================================
================= Test Set =================
The acc is 0.9061, 0.9000, 0.9076
Time Consumption for one epoch is 39.87833213806152s
======================================= Epoch 8 =======================================
================= Test Set =================
The acc is 0.9061, 0.9000, 0.9076
Time Consumption for one epoch is 40.11394929885864s
======================================= Epoch 9 =======================================
================= Test Set =================
The acc is 0.9061, 0.9000, 0.9076
Time Consumption for one epoch is 40.63111329078674s
======================================= Epoch 10 =======================================
================= Test Set =================
+++++++++++ Find New Best Min ACC +++++++++++
The acc is 0.9150, 0.9000, 0.9187
Time Consumption for one epoch is 41.52854776382446s
======================================= Epoch 11 =======================================
================= Test Set =================
The acc is 0.9150, 0.9000, 0.9187
Time Consumption for one epoch is 42.13530611991882s
======================================= Epoch 12 =======================================
================= Test Set =================
The acc is 0.9150, 0.9000, 0.9187
Time Consumption for one epoch is 41.2596070766449s
======================================= Epoch 13 =======================================
================= Test Set =================
The acc is 0.9150, 0.9000, 0.9187
Time Consumption for one epoch is 40.68300437927246s
======================================= Epoch 14 =======================================
================= Test Set =================
The acc is 0.9150, 0.9000, 0.9187
Time Consumption for one epoch is 41.78443789482117s
======================================= Epoch 15 =======================================
================= Test Set =================
The acc is 0.9150, 0.9000, 0.9187
Time Consumption for one epoch is 41.55470824241638s
======================================= Epoch 16 =======================================
================= Test Set =================
+++++++++++ Find New Best Min ACC +++++++++++
The acc is 0.9183, 0.9028, 0.9222
Time Consumption for one epoch is 41.973846673965454s
======================================= Epoch 17 =======================================
================= Test Set =================
The acc is 0.9183, 0.9028, 0.9222
Time Consumption for one epoch is 42.926469564437866s
======================================= Epoch 18 =======================================
================= Test Set =================
The acc is 0.9183, 0.9028, 0.9222
Time Consumption for one epoch is 42.081103801727295s
======================================= Epoch 19 =======================================
================= Test Set =================
The acc is 0.9183, 0.9028, 0.9222
Time Consumption for one epoch is 41.6094913482666s
The final acc is 0.9183, 0.9028, 0.9222
