Namespace(data_dir='/data/yihua/dataset/celeba/celeba.hdf5', result_dir='results', checkpoint=None, resume=False, domain_attrs='Male', target_attrs='Blond_Hair', exp_name=None, batch_size=512, lr=0.0001, wd=2e-05, epochs=20, seed=2020, num_workers=8, arch='resnet9', evaluate=False, gv=0.05, gr=0.3)
======================================= Epoch 0 =======================================
================= Test Set =================
+++++++++++ Find New Best Min ACC +++++++++++
The acc is 0.7239, 0.6500, 0.7424
Time Consumption for one epoch is 30.22965955734253s
======================================= Epoch 1 =======================================
================= Test Set =================
+++++++++++ Find New Best Min ACC +++++++++++
The acc is 0.8889, 0.8528, 0.8979
Time Consumption for one epoch is 27.77851676940918s
======================================= Epoch 2 =======================================
================= Test Set =================
+++++++++++ Find New Best Min ACC +++++++++++
The acc is 0.9000, 0.8500, 0.9125
Time Consumption for one epoch is 28.025335788726807s
======================================= Epoch 3 =======================================
================= Test Set =================
The acc is 0.9000, 0.8500, 0.9125
Time Consumption for one epoch is 28.17663288116455s
======================================= Epoch 4 =======================================
================= Test Set =================
+++++++++++ Find New Best Min ACC +++++++++++
The acc is 0.9039, 0.8833, 0.9090
Time Consumption for one epoch is 27.433143377304077s
======================================= Epoch 5 =======================================
================= Test Set =================
The acc is 0.9039, 0.8833, 0.9090
Time Consumption for one epoch is 26.612548112869263s
======================================= Epoch 6 =======================================
================= Test Set =================
+++++++++++ Find New Best Min ACC +++++++++++
The acc is 0.9161, 0.8917, 0.9222
Time Consumption for one epoch is 27.352468490600586s
======================================= Epoch 7 =======================================
================= Test Set =================
+++++++++++ Find New Best Min ACC +++++++++++
The acc is 0.9200, 0.9056, 0.9236
Time Consumption for one epoch is 27.936386346817017s
======================================= Epoch 8 =======================================
================= Test Set =================
The acc is 0.9200, 0.9056, 0.9236
Time Consumption for one epoch is 26.75664520263672s
======================================= Epoch 9 =======================================
================= Test Set =================
The acc is 0.9200, 0.9056, 0.9236
Time Consumption for one epoch is 26.71849775314331s
======================================= Epoch 10 =======================================
================= Test Set =================
The acc is 0.9200, 0.9056, 0.9236
Time Consumption for one epoch is 27.198155164718628s
======================================= Epoch 11 =======================================
================= Test Set =================
The acc is 0.9200, 0.9056, 0.9236
Time Consumption for one epoch is 27.185734748840332s
======================================= Epoch 12 =======================================
================= Test Set =================
The acc is 0.9200, 0.9056, 0.9236
Time Consumption for one epoch is 27.00619912147522s
======================================= Epoch 13 =======================================
================= Test Set =================
The acc is 0.9200, 0.9056, 0.9236
Time Consumption for one epoch is 26.713185787200928s
======================================= Epoch 14 =======================================
================= Test Set =================
The acc is 0.9200, 0.9056, 0.9236
Time Consumption for one epoch is 27.038541316986084s
======================================= Epoch 15 =======================================
================= Test Set =================
The acc is 0.9200, 0.9056, 0.9236
Time Consumption for one epoch is 24.80210256576538s
======================================= Epoch 16 =======================================
================= Test Set =================
The acc is 0.9200, 0.9056, 0.9236
Time Consumption for one epoch is 27.89355993270874s
======================================= Epoch 17 =======================================
================= Test Set =================
+++++++++++ Find New Best Min ACC +++++++++++
The acc is 0.9217, 0.9111, 0.9243
Time Consumption for one epoch is 27.35202646255493s
======================================= Epoch 18 =======================================
================= Test Set =================
The acc is 0.9217, 0.9111, 0.9243
Time Consumption for one epoch is 27.02134609222412s
======================================= Epoch 19 =======================================
================= Test Set =================
The acc is 0.9217, 0.9111, 0.9243
Time Consumption for one epoch is 27.416613578796387s
The final acc is 0.9217, 0.9111, 0.9243
