Namespace(data_dir='/data/yihua/dataset/celeba/celeba.hdf5', result_dir='crop_study', checkpoint=None, resume=False, domain_attrs='Male', target_attrs='Blond_Hair', exp_name=None, batch_size=512, lr=0.0001, wd=2e-05, epochs=20, seed=2021, num_workers=8, arch='resnet18', evaluate=False, total_num=5000, test_num=1000, gv=140.0, gr=0.1, minor_ratio=0.2, add_aug='crop')
======================================= Epoch 0 =======================================
================= Test Set =================
+++++++++++ Find New Best Min ACC +++++++++++
The acc is 0.4849, 0.4442, 0.5200
Time Consumption for one epoch is 20.26501965522766s
======================================= Epoch 1 =======================================
================= Test Set =================
+++++++++++ Find New Best Min ACC +++++++++++
The acc is 0.5376, 0.5814, 0.5000
Time Consumption for one epoch is 20.43414306640625s
======================================= Epoch 2 =======================================
================= Test Set =================
The acc is 0.5376, 0.5814, 0.5000
Time Consumption for one epoch is 19.599923133850098s
======================================= Epoch 3 =======================================
================= Test Set =================
The acc is 0.5376, 0.5814, 0.5000
Time Consumption for one epoch is 20.600976943969727s
======================================= Epoch 4 =======================================
================= Test Set =================
+++++++++++ Find New Best Min ACC +++++++++++
The acc is 0.5624, 0.6000, 0.5300
Time Consumption for one epoch is 18.812604904174805s
======================================= Epoch 5 =======================================
================= Test Set =================
+++++++++++ Find New Best Min ACC +++++++++++
The acc is 0.7462, 0.7233, 0.7660
Time Consumption for one epoch is 20.668734550476074s
======================================= Epoch 6 =======================================
================= Test Set =================
+++++++++++ Find New Best Min ACC +++++++++++
The acc is 0.8688, 0.8395, 0.8940
Time Consumption for one epoch is 20.923452377319336s
======================================= Epoch 7 =======================================
================= Test Set =================
+++++++++++ Find New Best Min ACC +++++++++++
The acc is 0.8731, 0.8488, 0.8940
Time Consumption for one epoch is 21.59049153327942s
======================================= Epoch 8 =======================================
================= Test Set =================
The acc is 0.8731, 0.8488, 0.8940
Time Consumption for one epoch is 20.2403244972229s
======================================= Epoch 9 =======================================
================= Test Set =================
The acc is 0.8731, 0.8488, 0.8940
Time Consumption for one epoch is 20.196457862854004s
======================================= Epoch 10 =======================================
================= Test Set =================
+++++++++++ Find New Best Min ACC +++++++++++
The acc is 0.8742, 0.8442, 0.9000
Time Consumption for one epoch is 21.52195954322815s
======================================= Epoch 11 =======================================
================= Test Set =================
The acc is 0.8742, 0.8442, 0.9000
Time Consumption for one epoch is 20.740665197372437s
======================================= Epoch 12 =======================================
================= Test Set =================
The acc is 0.8742, 0.8442, 0.9000
Time Consumption for one epoch is 19.851221561431885s
======================================= Epoch 13 =======================================
================= Test Set =================
The acc is 0.8742, 0.8442, 0.9000
Time Consumption for one epoch is 19.222875356674194s
======================================= Epoch 14 =======================================
================= Test Set =================
The acc is 0.8742, 0.8442, 0.9000
Time Consumption for one epoch is 19.916562795639038s
======================================= Epoch 15 =======================================
================= Test Set =================
+++++++++++ Find New Best Min ACC +++++++++++
The acc is 0.8763, 0.8674, 0.8840
Time Consumption for one epoch is 21.545116901397705s
======================================= Epoch 16 =======================================
================= Test Set =================
+++++++++++ Find New Best Min ACC +++++++++++
The acc is 0.8935, 0.8884, 0.8980
Time Consumption for one epoch is 21.033809423446655s
======================================= Epoch 17 =======================================
================= Test Set =================
+++++++++++ Find New Best Min ACC +++++++++++
The acc is 0.8957, 0.8791, 0.9100
Time Consumption for one epoch is 19.75926637649536s
======================================= Epoch 18 =======================================
================= Test Set =================
The acc is 0.8957, 0.8791, 0.9100
Time Consumption for one epoch is 20.945205211639404s
======================================= Epoch 19 =======================================
================= Test Set =================
The acc is 0.8957, 0.8791, 0.9100
Time Consumption for one epoch is 18.980669260025024s
The final acc is 0.8957, 0.8791, 0.9100
