Namespace(data_dir='/data/yihua/dataset/celeba/celeba.hdf5', result_dir='crop_study', checkpoint=None, resume=False, domain_attrs='Male', target_attrs='Blond_Hair', exp_name=None, batch_size=512, lr=0.0001, wd=2e-05, epochs=20, seed=2021, num_workers=8, arch='resnet18', evaluate=False, total_num=5000, test_num=1000, gv=180.0, gr=0.3, minor_ratio=0.2, add_aug='crop')
======================================= Epoch 0 =======================================
================= Test Set =================
+++++++++++ Find New Best Min ACC +++++++++++
The acc is 0.5409, 0.4884, 0.5860
Time Consumption for one epoch is 24.00694441795349s
======================================= Epoch 1 =======================================
================= Test Set =================
The acc is 0.5409, 0.4884, 0.5860
Time Consumption for one epoch is 21.288214921951294s
======================================= Epoch 2 =======================================
================= Test Set =================
The acc is 0.5409, 0.4884, 0.5860
Time Consumption for one epoch is 20.036608457565308s
======================================= Epoch 3 =======================================
================= Test Set =================
The acc is 0.5409, 0.4884, 0.5860
Time Consumption for one epoch is 19.487488985061646s
======================================= Epoch 4 =======================================
================= Test Set =================
+++++++++++ Find New Best Min ACC +++++++++++
The acc is 0.7086, 0.7023, 0.7140
Time Consumption for one epoch is 21.8276469707489s
======================================= Epoch 5 =======================================
================= Test Set =================
+++++++++++ Find New Best Min ACC +++++++++++
The acc is 0.8301, 0.8000, 0.8560
Time Consumption for one epoch is 22.157705545425415s
======================================= Epoch 6 =======================================
================= Test Set =================
+++++++++++ Find New Best Min ACC +++++++++++
The acc is 0.8677, 0.8395, 0.8920
Time Consumption for one epoch is 19.583935022354126s
======================================= Epoch 7 =======================================
================= Test Set =================
The acc is 0.8677, 0.8395, 0.8920
Time Consumption for one epoch is 20.84483790397644s
======================================= Epoch 8 =======================================
================= Test Set =================
The acc is 0.8677, 0.8395, 0.8920
Time Consumption for one epoch is 20.52077555656433s
======================================= Epoch 9 =======================================
================= Test Set =================
The acc is 0.8677, 0.8395, 0.8920
Time Consumption for one epoch is 20.905015230178833s
======================================= Epoch 10 =======================================
================= Test Set =================
+++++++++++ Find New Best Min ACC +++++++++++
The acc is 0.8882, 0.8791, 0.8960
Time Consumption for one epoch is 20.38002920150757s
======================================= Epoch 11 =======================================
================= Test Set =================
The acc is 0.8882, 0.8791, 0.8960
Time Consumption for one epoch is 20.900470495224s
======================================= Epoch 12 =======================================
================= Test Set =================
The acc is 0.8882, 0.8791, 0.8960
Time Consumption for one epoch is 20.399437189102173s
======================================= Epoch 13 =======================================
================= Test Set =================
The acc is 0.8882, 0.8791, 0.8960
Time Consumption for one epoch is 21.431386709213257s
======================================= Epoch 14 =======================================
================= Test Set =================
The acc is 0.8882, 0.8791, 0.8960
Time Consumption for one epoch is 19.43640899658203s
======================================= Epoch 15 =======================================
================= Test Set =================
The acc is 0.8882, 0.8791, 0.8960
Time Consumption for one epoch is 20.097676277160645s
======================================= Epoch 16 =======================================
================= Test Set =================
The acc is 0.8882, 0.8791, 0.8960
Time Consumption for one epoch is 21.147767782211304s
======================================= Epoch 17 =======================================
================= Test Set =================
The acc is 0.8882, 0.8791, 0.8960
Time Consumption for one epoch is 21.30810308456421s
======================================= Epoch 18 =======================================
================= Test Set =================
+++++++++++ Find New Best Min ACC +++++++++++
The acc is 0.8903, 0.8744, 0.9040
Time Consumption for one epoch is 20.46103286743164s
======================================= Epoch 19 =======================================
================= Test Set =================
+++++++++++ Find New Best Min ACC +++++++++++
The acc is 0.8914, 0.8767, 0.9040
Time Consumption for one epoch is 20.140941619873047s
The final acc is 0.8914, 0.8767, 0.9040
