Namespace(data_dir='/data/yihua/dataset/celeba/celeba.hdf5', result_dir='results', checkpoint=None, resume=False, domain_attrs='Male', target_attrs='Blond_Hair', exp_name=None, batch_size=512, lr=0.0001, wd=2e-05, epochs=20, seed=2022, num_workers=8, arch='resnet9', evaluate=False, gv=0.001, gr=0.3)
======================================= Epoch 0 =======================================
================= Test Set =================
+++++++++++ Find New Best Min ACC +++++++++++
The acc is 0.5728, 0.5250, 0.5847
Time Consumption for one epoch is 27.904951333999634s
======================================= Epoch 1 =======================================
================= Test Set =================
+++++++++++ Find New Best Min ACC +++++++++++
The acc is 0.8783, 0.8528, 0.8847
Time Consumption for one epoch is 25.17892861366272s
======================================= Epoch 2 =======================================
================= Test Set =================
+++++++++++ Find New Best Min ACC +++++++++++
The acc is 0.8861, 0.8333, 0.8993
Time Consumption for one epoch is 25.222582817077637s
======================================= Epoch 3 =======================================
================= Test Set =================
+++++++++++ Find New Best Min ACC +++++++++++
The acc is 0.8939, 0.8750, 0.8986
Time Consumption for one epoch is 24.7664692401886s
======================================= Epoch 4 =======================================
================= Test Set =================
+++++++++++ Find New Best Min ACC +++++++++++
The acc is 0.9100, 0.8778, 0.9181
Time Consumption for one epoch is 25.455248832702637s
======================================= Epoch 5 =======================================
================= Test Set =================
The acc is 0.9100, 0.8778, 0.9181
Time Consumption for one epoch is 24.512638568878174s
======================================= Epoch 6 =======================================
================= Test Set =================
+++++++++++ Find New Best Min ACC +++++++++++
The acc is 0.9128, 0.9028, 0.9153
Time Consumption for one epoch is 24.914884567260742s
======================================= Epoch 7 =======================================
================= Test Set =================
+++++++++++ Find New Best Min ACC +++++++++++
The acc is 0.9161, 0.9083, 0.9181
Time Consumption for one epoch is 25.536548137664795s
======================================= Epoch 8 =======================================
================= Test Set =================
The acc is 0.9161, 0.9083, 0.9181
Time Consumption for one epoch is 24.83310556411743s
======================================= Epoch 9 =======================================
================= Test Set =================
The acc is 0.9161, 0.9083, 0.9181
Time Consumption for one epoch is 25.208388566970825s
======================================= Epoch 10 =======================================
================= Test Set =================
+++++++++++ Find New Best Min ACC +++++++++++
The acc is 0.9172, 0.9028, 0.9208
Time Consumption for one epoch is 25.29387927055359s
======================================= Epoch 11 =======================================
================= Test Set =================
The acc is 0.9172, 0.9028, 0.9208
Time Consumption for one epoch is 24.526462078094482s
======================================= Epoch 12 =======================================
================= Test Set =================
+++++++++++ Find New Best Min ACC +++++++++++
The acc is 0.9183, 0.9222, 0.9174
Time Consumption for one epoch is 24.76655340194702s
======================================= Epoch 13 =======================================
================= Test Set =================
+++++++++++ Find New Best Min ACC +++++++++++
The acc is 0.9189, 0.9000, 0.9236
Time Consumption for one epoch is 25.35968804359436s
======================================= Epoch 14 =======================================
================= Test Set =================
The acc is 0.9189, 0.9000, 0.9236
Time Consumption for one epoch is 25.796526670455933s
======================================= Epoch 15 =======================================
================= Test Set =================
The acc is 0.9189, 0.9000, 0.9236
Time Consumption for one epoch is 24.193775177001953s
======================================= Epoch 16 =======================================
================= Test Set =================
The acc is 0.9189, 0.9000, 0.9236
Time Consumption for one epoch is 24.17155647277832s
======================================= Epoch 17 =======================================
================= Test Set =================
The acc is 0.9189, 0.9000, 0.9236
Time Consumption for one epoch is 25.387781143188477s
======================================= Epoch 18 =======================================
================= Test Set =================
The acc is 0.9189, 0.9000, 0.9236
Time Consumption for one epoch is 23.596151113510132s
======================================= Epoch 19 =======================================
================= Test Set =================
The acc is 0.9189, 0.9000, 0.9236
Time Consumption for one epoch is 24.70298194885254s
The final acc is 0.9189, 0.9000, 0.9236
