Namespace(data_dir='/data/yihua/dataset/celeba/celeba.hdf5', result_dir='rotation_study', checkpoint=None, resume=False, domain_attrs='Male', target_attrs='Blond_Hair', exp_name=None, batch_size=512, lr=0.0001, wd=2e-05, epochs=20, seed=2021, num_workers=8, arch='resnet9', evaluate=False, total_num=5000, test_num=1000, gv=30.0, gr=0.5, minor_ratio=0.2, add_aug='rotation')
======================================= Epoch 0 =======================================
================= Test Set =================
+++++++++++ Find New Best Min ACC +++++++++++
The acc is 0.4624, 0.4186, 0.5000
Time Consumption for one epoch is 16.69895911216736s
======================================= Epoch 1 =======================================
================= Test Set =================
The acc is 0.4624, 0.4186, 0.5000
Time Consumption for one epoch is 14.90317964553833s
======================================= Epoch 2 =======================================
================= Test Set =================
+++++++++++ Find New Best Min ACC +++++++++++
The acc is 0.6634, 0.6465, 0.6780
Time Consumption for one epoch is 14.781014680862427s
======================================= Epoch 3 =======================================
================= Test Set =================
The acc is 0.6634, 0.6465, 0.6780
Time Consumption for one epoch is 15.003885507583618s
======================================= Epoch 4 =======================================
================= Test Set =================
+++++++++++ Find New Best Min ACC +++++++++++
The acc is 0.8333, 0.8093, 0.8540
Time Consumption for one epoch is 14.748767852783203s
======================================= Epoch 5 =======================================
================= Test Set =================
+++++++++++ Find New Best Min ACC +++++++++++
The acc is 0.8656, 0.8349, 0.8920
Time Consumption for one epoch is 15.172788381576538s
======================================= Epoch 6 =======================================
================= Test Set =================
The acc is 0.8656, 0.8349, 0.8920
Time Consumption for one epoch is 14.99721097946167s
======================================= Epoch 7 =======================================
================= Test Set =================
The acc is 0.8656, 0.8349, 0.8920
Time Consumption for one epoch is 14.332183837890625s
======================================= Epoch 8 =======================================
================= Test Set =================
+++++++++++ Find New Best Min ACC +++++++++++
The acc is 0.8753, 0.8558, 0.8920
Time Consumption for one epoch is 15.312649011611938s
======================================= Epoch 9 =======================================
================= Test Set =================
The acc is 0.8753, 0.8558, 0.8920
Time Consumption for one epoch is 14.723710536956787s
======================================= Epoch 10 =======================================
================= Test Set =================
+++++++++++ Find New Best Min ACC +++++++++++
The acc is 0.8796, 0.8628, 0.8940
Time Consumption for one epoch is 15.386983394622803s
======================================= Epoch 11 =======================================
================= Test Set =================
The acc is 0.8796, 0.8628, 0.8940
Time Consumption for one epoch is 15.043829679489136s
======================================= Epoch 12 =======================================
================= Test Set =================
+++++++++++ Find New Best Min ACC +++++++++++
The acc is 0.8860, 0.8791, 0.8920
Time Consumption for one epoch is 15.020282506942749s
======================================= Epoch 13 =======================================
================= Test Set =================
The acc is 0.8860, 0.8791, 0.8920
Time Consumption for one epoch is 14.063418865203857s
======================================= Epoch 14 =======================================
================= Test Set =================
+++++++++++ Find New Best Min ACC +++++++++++
The acc is 0.8892, 0.8767, 0.9000
Time Consumption for one epoch is 14.724198579788208s
======================================= Epoch 15 =======================================
================= Test Set =================
The acc is 0.8892, 0.8767, 0.9000
Time Consumption for one epoch is 14.405152797698975s
======================================= Epoch 16 =======================================
================= Test Set =================
+++++++++++ Find New Best Min ACC +++++++++++
The acc is 0.8946, 0.8791, 0.9080
Time Consumption for one epoch is 14.905502080917358s
======================================= Epoch 17 =======================================
================= Test Set =================
The acc is 0.8946, 0.8791, 0.9080
Time Consumption for one epoch is 14.398606538772583s
======================================= Epoch 18 =======================================
================= Test Set =================
The acc is 0.8946, 0.8791, 0.9080
Time Consumption for one epoch is 14.214997053146362s
======================================= Epoch 19 =======================================
================= Test Set =================
The acc is 0.8946, 0.8791, 0.9080
Time Consumption for one epoch is 14.350468873977661s
The final acc is 0.8946, 0.8791, 0.9080
