Namespace(data_dir='/data/yihua/dataset/celeba/celeba.hdf5', result_dir='results', checkpoint=None, resume=False, domain_attrs='Male', target_attrs='Blond_Hair', exp_name=None, batch_size=512, lr=0.0001, wd=2e-05, epochs=20, seed=2022, num_workers=8, arch='resnet18', evaluate=False, gv=0.1, gr=0.3)
======================================= Epoch 0 =======================================
================= Test Set =================
+++++++++++ Find New Best Min ACC +++++++++++
The acc is 0.5033, 0.5056, 0.5028
Time Consumption for one epoch is 45.918251276016235s
======================================= Epoch 1 =======================================
================= Test Set =================
+++++++++++ Find New Best Min ACC +++++++++++
The acc is 0.8706, 0.8000, 0.8882
Time Consumption for one epoch is 42.17995643615723s
======================================= Epoch 2 =======================================
================= Test Set =================
The acc is 0.8706, 0.8000, 0.8882
Time Consumption for one epoch is 41.103777170181274s
======================================= Epoch 3 =======================================
================= Test Set =================
The acc is 0.8706, 0.8000, 0.8882
Time Consumption for one epoch is 41.97168207168579s
======================================= Epoch 4 =======================================
================= Test Set =================
+++++++++++ Find New Best Min ACC +++++++++++
The acc is 0.8967, 0.8917, 0.8979
Time Consumption for one epoch is 44.74793362617493s
======================================= Epoch 5 =======================================
================= Test Set =================
+++++++++++ Find New Best Min ACC +++++++++++
The acc is 0.9028, 0.8750, 0.9097
Time Consumption for one epoch is 42.074037313461304s
======================================= Epoch 6 =======================================
================= Test Set =================
The acc is 0.9028, 0.8750, 0.9097
Time Consumption for one epoch is 43.59694766998291s
======================================= Epoch 7 =======================================
================= Test Set =================
The acc is 0.9028, 0.8750, 0.9097
Time Consumption for one epoch is 43.60593867301941s
======================================= Epoch 8 =======================================
================= Test Set =================
+++++++++++ Find New Best Min ACC +++++++++++
The acc is 0.9106, 0.9000, 0.9132
Time Consumption for one epoch is 42.80685496330261s
======================================= Epoch 9 =======================================
================= Test Set =================
The acc is 0.9106, 0.9000, 0.9132
Time Consumption for one epoch is 42.0837082862854s
======================================= Epoch 10 =======================================
================= Test Set =================
The acc is 0.9106, 0.9000, 0.9132
Time Consumption for one epoch is 43.44544506072998s
======================================= Epoch 11 =======================================
================= Test Set =================
The acc is 0.9106, 0.9000, 0.9132
Time Consumption for one epoch is 42.158260107040405s
======================================= Epoch 12 =======================================
================= Test Set =================
The acc is 0.9106, 0.9000, 0.9132
Time Consumption for one epoch is 42.479639768600464s
======================================= Epoch 13 =======================================
================= Test Set =================
The acc is 0.9106, 0.9000, 0.9132
Time Consumption for one epoch is 42.80895018577576s
======================================= Epoch 14 =======================================
================= Test Set =================
+++++++++++ Find New Best Min ACC +++++++++++
The acc is 0.9144, 0.8972, 0.9187
Time Consumption for one epoch is 45.03687310218811s
======================================= Epoch 15 =======================================
================= Test Set =================
The acc is 0.9144, 0.8972, 0.9187
Time Consumption for one epoch is 42.65361571311951s
======================================= Epoch 16 =======================================
================= Test Set =================
+++++++++++ Find New Best Min ACC +++++++++++
The acc is 0.9156, 0.8889, 0.9222
Time Consumption for one epoch is 43.25619077682495s
======================================= Epoch 17 =======================================
================= Test Set =================
+++++++++++ Find New Best Min ACC +++++++++++
The acc is 0.9161, 0.8889, 0.9229
Time Consumption for one epoch is 43.71366882324219s
======================================= Epoch 18 =======================================
================= Test Set =================
+++++++++++ Find New Best Min ACC +++++++++++
The acc is 0.9178, 0.8972, 0.9229
Time Consumption for one epoch is 45.1907320022583s
======================================= Epoch 19 =======================================
================= Test Set =================
+++++++++++ Find New Best Min ACC +++++++++++
The acc is 0.9211, 0.9000, 0.9264
Time Consumption for one epoch is 44.88931703567505s
The final acc is 0.9211, 0.9000, 0.9264
