Namespace(data_dir='/data/yihua/dataset/celeba/celeba.hdf5', result_dir='results', checkpoint=None, resume=False, domain_attrs='Male', target_attrs='Blond_Hair', exp_name=None, batch_size=512, lr=0.0001, wd=2e-05, epochs=20, seed=2021, num_workers=8, arch='resnet9', evaluate=False, gv=0.4, gr=0.1)
======================================= Epoch 0 =======================================
================= Test Set =================
+++++++++++ Find New Best Min ACC +++++++++++
The acc is 0.5761, 0.5500, 0.5826
Time Consumption for one epoch is 27.05706262588501s
======================================= Epoch 1 =======================================
================= Test Set =================
+++++++++++ Find New Best Min ACC +++++++++++
The acc is 0.8872, 0.8472, 0.8972
Time Consumption for one epoch is 22.861248254776s
======================================= Epoch 2 =======================================
================= Test Set =================
The acc is 0.8872, 0.8472, 0.8972
Time Consumption for one epoch is 23.408411026000977s
======================================= Epoch 3 =======================================
================= Test Set =================
+++++++++++ Find New Best Min ACC +++++++++++
The acc is 0.8900, 0.8417, 0.9021
Time Consumption for one epoch is 23.59775948524475s
======================================= Epoch 4 =======================================
================= Test Set =================
+++++++++++ Find New Best Min ACC +++++++++++
The acc is 0.9022, 0.8861, 0.9062
Time Consumption for one epoch is 24.027721643447876s
======================================= Epoch 5 =======================================
================= Test Set =================
+++++++++++ Find New Best Min ACC +++++++++++
The acc is 0.9056, 0.8806, 0.9118
Time Consumption for one epoch is 23.74005126953125s
======================================= Epoch 6 =======================================
================= Test Set =================
The acc is 0.9056, 0.8806, 0.9118
Time Consumption for one epoch is 22.423370838165283s
======================================= Epoch 7 =======================================
================= Test Set =================
+++++++++++ Find New Best Min ACC +++++++++++
The acc is 0.9117, 0.8917, 0.9167
Time Consumption for one epoch is 23.08272123336792s
======================================= Epoch 8 =======================================
================= Test Set =================
The acc is 0.9117, 0.8917, 0.9167
Time Consumption for one epoch is 24.202766180038452s
======================================= Epoch 9 =======================================
================= Test Set =================
The acc is 0.9117, 0.8917, 0.9167
Time Consumption for one epoch is 24.197269678115845s
======================================= Epoch 10 =======================================
================= Test Set =================
The acc is 0.9117, 0.8917, 0.9167
Time Consumption for one epoch is 24.05238652229309s
======================================= Epoch 11 =======================================
================= Test Set =================
The acc is 0.9117, 0.8917, 0.9167
Time Consumption for one epoch is 23.5341215133667s
======================================= Epoch 12 =======================================
================= Test Set =================
The acc is 0.9117, 0.8917, 0.9167
Time Consumption for one epoch is 23.760039806365967s
======================================= Epoch 13 =======================================
================= Test Set =================
The acc is 0.9117, 0.8917, 0.9167
Time Consumption for one epoch is 23.90699052810669s
======================================= Epoch 14 =======================================
================= Test Set =================
+++++++++++ Find New Best Min ACC +++++++++++
The acc is 0.9194, 0.9000, 0.9243
Time Consumption for one epoch is 22.70171046257019s
======================================= Epoch 15 =======================================
================= Test Set =================
The acc is 0.9194, 0.9000, 0.9243
Time Consumption for one epoch is 23.135902881622314s
======================================= Epoch 16 =======================================
================= Test Set =================
+++++++++++ Find New Best Min ACC +++++++++++
The acc is 0.9211, 0.8972, 0.9271
Time Consumption for one epoch is 24.73796033859253s
======================================= Epoch 17 =======================================
================= Test Set =================
+++++++++++ Find New Best Min ACC +++++++++++
The acc is 0.9222, 0.9056, 0.9264
Time Consumption for one epoch is 24.791667222976685s
======================================= Epoch 18 =======================================
================= Test Set =================
The acc is 0.9222, 0.9056, 0.9264
Time Consumption for one epoch is 24.44948697090149s
======================================= Epoch 19 =======================================
================= Test Set =================
The acc is 0.9222, 0.9056, 0.9264
Time Consumption for one epoch is 23.612568378448486s
The final acc is 0.9222, 0.9056, 0.9264
