Namespace(data_dir='/data/yihua/dataset/celeba/celeba.hdf5', result_dir='results', checkpoint=None, resume=False, domain_attrs='Male', target_attrs='Heavy_Makeup', exp_name=None, batch_size=512, lr=0.0001, wd=2e-05, epochs=20, seed=2023, num_workers=8, arch='resnet9', evaluate=False, gv=0.01, gr=0.5)
======================================= Epoch 0 =======================================
================= Test Set =================
+++++++++++ Find New Best Min ACC +++++++++++
The acc is 0.5364, 0.5227, 0.5398
Time Consumption for one epoch is 8.888930320739746s
======================================= Epoch 1 =======================================
================= Test Set =================
The acc is 0.5364, 0.5227, 0.5398
Time Consumption for one epoch is 8.63679814338684s
======================================= Epoch 2 =======================================
================= Test Set =================
The acc is 0.5364, 0.5227, 0.5398
Time Consumption for one epoch is 8.908674716949463s
======================================= Epoch 3 =======================================
================= Test Set =================
The acc is 0.5364, 0.5227, 0.5398
Time Consumption for one epoch is 8.282853126525879s
======================================= Epoch 4 =======================================
================= Test Set =================
The acc is 0.5364, 0.5227, 0.5398
Time Consumption for one epoch is 8.455899715423584s
======================================= Epoch 5 =======================================
================= Test Set =================
The acc is 0.5364, 0.5227, 0.5398
Time Consumption for one epoch is 8.466861724853516s
======================================= Epoch 6 =======================================
================= Test Set =================
The acc is 0.5364, 0.5227, 0.5398
Time Consumption for one epoch is 8.776453256607056s
======================================= Epoch 7 =======================================
================= Test Set =================
+++++++++++ Find New Best Min ACC +++++++++++
The acc is 0.5545, 0.5455, 0.5568
Time Consumption for one epoch is 9.55176591873169s
======================================= Epoch 8 =======================================
================= Test Set =================
+++++++++++ Find New Best Min ACC +++++++++++
The acc is 0.6455, 0.5455, 0.6705
Time Consumption for one epoch is 8.923004388809204s
======================================= Epoch 9 =======================================
================= Test Set =================
The acc is 0.6455, 0.5455, 0.6705
Time Consumption for one epoch is 8.783677577972412s
======================================= Epoch 10 =======================================
================= Test Set =================
The acc is 0.6455, 0.5455, 0.6705
Time Consumption for one epoch is 9.0836341381073s
======================================= Epoch 11 =======================================
================= Test Set =================
The acc is 0.6455, 0.5455, 0.6705
Time Consumption for one epoch is 9.078953981399536s
======================================= Epoch 12 =======================================
================= Test Set =================
+++++++++++ Find New Best Min ACC +++++++++++
The acc is 0.6591, 0.5455, 0.6875
Time Consumption for one epoch is 9.679989099502563s
======================================= Epoch 13 =======================================
================= Test Set =================
+++++++++++ Find New Best Min ACC +++++++++++
The acc is 0.6727, 0.6136, 0.6875
Time Consumption for one epoch is 8.43104887008667s
======================================= Epoch 14 =======================================
================= Test Set =================
The acc is 0.6727, 0.6136, 0.6875
Time Consumption for one epoch is 8.60895299911499s
======================================= Epoch 15 =======================================
================= Test Set =================
+++++++++++ Find New Best Min ACC +++++++++++
The acc is 0.6818, 0.5909, 0.7045
Time Consumption for one epoch is 8.740060329437256s
======================================= Epoch 16 =======================================
================= Test Set =================
+++++++++++ Find New Best Min ACC +++++++++++
The acc is 0.7000, 0.5909, 0.7273
Time Consumption for one epoch is 8.97045350074768s
======================================= Epoch 17 =======================================
================= Test Set =================
The acc is 0.7000, 0.5909, 0.7273
Time Consumption for one epoch is 9.371752262115479s
======================================= Epoch 18 =======================================
================= Test Set =================
The acc is 0.7000, 0.5909, 0.7273
Time Consumption for one epoch is 7.880869388580322s
======================================= Epoch 19 =======================================
================= Test Set =================
The acc is 0.7000, 0.5909, 0.7273
Time Consumption for one epoch is 8.629540205001831s
The final acc is 0.7000, 0.5909, 0.7273
