Namespace(data_dir='/data/yihua/dataset/celeba/celeba.hdf5', result_dir='results', checkpoint=None, resume=False, domain_attrs='Male', target_attrs='High_Cheekbones', exp_name=None, batch_size=512, lr=0.0001, wd=2e-05, epochs=20, seed=2022, num_workers=8, arch='resnet9', evaluate=False, gv=0.1, gr=0.3)
======================================= Epoch 0 =======================================
================= Test Set =================
+++++++++++ Find New Best Min ACC +++++++++++
The acc is 0.8384, 0.7919, 0.8500
Time Consumption for one epoch is 136.42432379722595s
======================================= Epoch 1 =======================================
================= Test Set =================
+++++++++++ Find New Best Min ACC +++++++++++
The acc is 0.8530, 0.8148, 0.8626
Time Consumption for one epoch is 135.20595288276672s
======================================= Epoch 2 =======================================
================= Test Set =================
+++++++++++ Find New Best Min ACC +++++++++++
The acc is 0.8668, 0.8188, 0.8788
Time Consumption for one epoch is 135.11816596984863s
======================================= Epoch 3 =======================================
================= Test Set =================
The acc is 0.8668, 0.8188, 0.8788
Time Consumption for one epoch is 134.6213195323944s
======================================= Epoch 4 =======================================
================= Test Set =================
The acc is 0.8668, 0.8188, 0.8788
Time Consumption for one epoch is 133.29551553726196s
======================================= Epoch 5 =======================================
================= Test Set =================
+++++++++++ Find New Best Min ACC +++++++++++
The acc is 0.8741, 0.8292, 0.8853
Time Consumption for one epoch is 134.63792490959167s
======================================= Epoch 6 =======================================
================= Test Set =================
The acc is 0.8741, 0.8292, 0.8853
Time Consumption for one epoch is 133.7209668159485s
======================================= Epoch 7 =======================================
================= Test Set =================
The acc is 0.8741, 0.8292, 0.8853
Time Consumption for one epoch is 133.76109647750854s
======================================= Epoch 8 =======================================
================= Test Set =================
The acc is 0.8741, 0.8292, 0.8853
Time Consumption for one epoch is 135.25814628601074s
======================================= Epoch 9 =======================================
================= Test Set =================
The acc is 0.8741, 0.8292, 0.8853
Time Consumption for one epoch is 135.16377472877502s
======================================= Epoch 10 =======================================
================= Test Set =================
The acc is 0.8741, 0.8292, 0.8853
Time Consumption for one epoch is 134.01176047325134s
======================================= Epoch 11 =======================================
================= Test Set =================
+++++++++++ Find New Best Min ACC +++++++++++
The acc is 0.8756, 0.8312, 0.8867
Time Consumption for one epoch is 135.02520036697388s
======================================= Epoch 12 =======================================
================= Test Set =================
The acc is 0.8756, 0.8312, 0.8867
Time Consumption for one epoch is 134.66015672683716s
======================================= Epoch 13 =======================================
================= Test Set =================
+++++++++++ Find New Best Min ACC +++++++++++
The acc is 0.8768, 0.8364, 0.8869
Time Consumption for one epoch is 135.69573545455933s
======================================= Epoch 14 =======================================
================= Test Set =================
The acc is 0.8768, 0.8364, 0.8869
Time Consumption for one epoch is 133.84868001937866s
======================================= Epoch 15 =======================================
================= Test Set =================
+++++++++++ Find New Best Min ACC +++++++++++
The acc is 0.8780, 0.8384, 0.8880
Time Consumption for one epoch is 133.96419548988342s
======================================= Epoch 16 =======================================
================= Test Set =================
The acc is 0.8780, 0.8384, 0.8880
Time Consumption for one epoch is 134.5506751537323s
======================================= Epoch 17 =======================================
================= Test Set =================
The acc is 0.8780, 0.8384, 0.8880
Time Consumption for one epoch is 134.41267251968384s
======================================= Epoch 18 =======================================
================= Test Set =================
The acc is 0.8780, 0.8384, 0.8880
Time Consumption for one epoch is 135.0334243774414s
======================================= Epoch 19 =======================================
================= Test Set =================
+++++++++++ Find New Best Min ACC +++++++++++
The acc is 0.8788, 0.8364, 0.8895
Time Consumption for one epoch is 133.99237275123596s
The final acc is 0.8788, 0.8364, 0.8895
