Namespace(data_dir='/data/yihua/dataset/celeba/celeba.hdf5', result_dir='results', checkpoint=None, resume=False, domain_attrs='Male', target_attrs='Blond_Hair', exp_name=None, batch_size=512, lr=0.0001, wd=2e-05, epochs=20, seed=2022, num_workers=8, arch='resnet9', evaluate=False, gv=0.15, gr=0.1)
======================================= Epoch 0 =======================================
================= Test Set =================
+++++++++++ Find New Best Min ACC +++++++++++
The acc is 0.5417, 0.5167, 0.5479
Time Consumption for one epoch is 30.66986346244812s
======================================= Epoch 1 =======================================
================= Test Set =================
+++++++++++ Find New Best Min ACC +++++++++++
The acc is 0.8600, 0.8083, 0.8729
Time Consumption for one epoch is 26.684837102890015s
======================================= Epoch 2 =======================================
================= Test Set =================
The acc is 0.8600, 0.8083, 0.8729
Time Consumption for one epoch is 25.682182788848877s
======================================= Epoch 3 =======================================
================= Test Set =================
+++++++++++ Find New Best Min ACC +++++++++++
The acc is 0.8978, 0.8500, 0.9097
Time Consumption for one epoch is 26.640772104263306s
======================================= Epoch 4 =======================================
================= Test Set =================
+++++++++++ Find New Best Min ACC +++++++++++
The acc is 0.9089, 0.8611, 0.9208
Time Consumption for one epoch is 28.277753353118896s
======================================= Epoch 5 =======================================
================= Test Set =================
The acc is 0.9089, 0.8611, 0.9208
Time Consumption for one epoch is 26.973292350769043s
======================================= Epoch 6 =======================================
================= Test Set =================
The acc is 0.9089, 0.8611, 0.9208
Time Consumption for one epoch is 27.07037901878357s
======================================= Epoch 7 =======================================
================= Test Set =================
The acc is 0.9089, 0.8611, 0.9208
Time Consumption for one epoch is 25.730880975723267s
======================================= Epoch 8 =======================================
================= Test Set =================
The acc is 0.9089, 0.8611, 0.9208
Time Consumption for one epoch is 25.712271213531494s
======================================= Epoch 9 =======================================
================= Test Set =================
+++++++++++ Find New Best Min ACC +++++++++++
The acc is 0.9128, 0.8917, 0.9181
Time Consumption for one epoch is 27.202397346496582s
======================================= Epoch 10 =======================================
================= Test Set =================
+++++++++++ Find New Best Min ACC +++++++++++
The acc is 0.9189, 0.9000, 0.9236
Time Consumption for one epoch is 26.95837426185608s
======================================= Epoch 11 =======================================
================= Test Set =================
The acc is 0.9189, 0.9000, 0.9236
Time Consumption for one epoch is 26.26136589050293s
======================================= Epoch 12 =======================================
================= Test Set =================
The acc is 0.9189, 0.9000, 0.9236
Time Consumption for one epoch is 25.95395803451538s
======================================= Epoch 13 =======================================
================= Test Set =================
The acc is 0.9189, 0.9000, 0.9236
Time Consumption for one epoch is 27.025081396102905s
======================================= Epoch 14 =======================================
================= Test Set =================
The acc is 0.9189, 0.9000, 0.9236
Time Consumption for one epoch is 25.22464156150818s
======================================= Epoch 15 =======================================
================= Test Set =================
The acc is 0.9189, 0.9000, 0.9236
Time Consumption for one epoch is 26.911081552505493s
======================================= Epoch 16 =======================================
================= Test Set =================
+++++++++++ Find New Best Min ACC +++++++++++
The acc is 0.9194, 0.9028, 0.9236
Time Consumption for one epoch is 27.4629225730896s
======================================= Epoch 17 =======================================
================= Test Set =================
+++++++++++ Find New Best Min ACC +++++++++++
The acc is 0.9211, 0.9111, 0.9236
Time Consumption for one epoch is 26.367832899093628s
======================================= Epoch 18 =======================================
================= Test Set =================
+++++++++++ Find New Best Min ACC +++++++++++
The acc is 0.9228, 0.9083, 0.9264
Time Consumption for one epoch is 26.748114347457886s
======================================= Epoch 19 =======================================
================= Test Set =================
The acc is 0.9228, 0.9083, 0.9264
Time Consumption for one epoch is 27.41754937171936s
The final acc is 0.9228, 0.9083, 0.9264
