Namespace(data_dir='/data/yihua/dataset/celeba/celeba.hdf5', result_dir='crop_study', checkpoint=None, resume=False, domain_attrs='Male', target_attrs='Blond_Hair', exp_name=None, batch_size=512, lr=0.0001, wd=2e-05, epochs=20, seed=2020, num_workers=8, arch='resnet9', evaluate=False, total_num=5000, test_num=1000, gv=200.0, gr=0.1, minor_ratio=0.2, add_aug='crop')
======================================= Epoch 0 =======================================
================= Test Set =================
+++++++++++ Find New Best Min ACC +++++++++++
The acc is 0.4624, 0.4186, 0.5000
Time Consumption for one epoch is 15.701009273529053s
======================================= Epoch 1 =======================================
================= Test Set =================
+++++++++++ Find New Best Min ACC +++++++++++
The acc is 0.5086, 0.4465, 0.5620
Time Consumption for one epoch is 14.518372774124146s
======================================= Epoch 2 =======================================
================= Test Set =================
+++++++++++ Find New Best Min ACC +++++++++++
The acc is 0.6290, 0.6442, 0.6160
Time Consumption for one epoch is 14.400681257247925s
======================================= Epoch 3 =======================================
================= Test Set =================
+++++++++++ Find New Best Min ACC +++++++++++
The acc is 0.7785, 0.7558, 0.7980
Time Consumption for one epoch is 14.22852349281311s
======================================= Epoch 4 =======================================
================= Test Set =================
+++++++++++ Find New Best Min ACC +++++++++++
The acc is 0.8409, 0.8047, 0.8720
Time Consumption for one epoch is 14.17914366722107s
======================================= Epoch 5 =======================================
================= Test Set =================
+++++++++++ Find New Best Min ACC +++++++++++
The acc is 0.8495, 0.8140, 0.8800
Time Consumption for one epoch is 13.729878902435303s
======================================= Epoch 6 =======================================
================= Test Set =================
+++++++++++ Find New Best Min ACC +++++++++++
The acc is 0.8806, 0.8581, 0.9000
Time Consumption for one epoch is 14.035053014755249s
======================================= Epoch 7 =======================================
================= Test Set =================
The acc is 0.8806, 0.8581, 0.9000
Time Consumption for one epoch is 13.865013122558594s
======================================= Epoch 8 =======================================
================= Test Set =================
+++++++++++ Find New Best Min ACC +++++++++++
The acc is 0.8828, 0.8651, 0.8980
Time Consumption for one epoch is 14.165198564529419s
======================================= Epoch 9 =======================================
================= Test Set =================
The acc is 0.8828, 0.8651, 0.8980
Time Consumption for one epoch is 14.164644956588745s
======================================= Epoch 10 =======================================
================= Test Set =================
+++++++++++ Find New Best Min ACC +++++++++++
The acc is 0.8871, 0.8651, 0.9060
Time Consumption for one epoch is 13.970097064971924s
======================================= Epoch 11 =======================================
================= Test Set =================
+++++++++++ Find New Best Min ACC +++++++++++
The acc is 0.8935, 0.8698, 0.9140
Time Consumption for one epoch is 14.57566213607788s
======================================= Epoch 12 =======================================
================= Test Set =================
The acc is 0.8935, 0.8698, 0.9140
Time Consumption for one epoch is 13.797140121459961s
======================================= Epoch 13 =======================================
================= Test Set =================
The acc is 0.8935, 0.8698, 0.9140
Time Consumption for one epoch is 13.913103580474854s
======================================= Epoch 14 =======================================
================= Test Set =================
The acc is 0.8935, 0.8698, 0.9140
Time Consumption for one epoch is 13.651971340179443s
======================================= Epoch 15 =======================================
================= Test Set =================
The acc is 0.8935, 0.8698, 0.9140
Time Consumption for one epoch is 13.547258377075195s
======================================= Epoch 16 =======================================
================= Test Set =================
The acc is 0.8935, 0.8698, 0.9140
Time Consumption for one epoch is 13.748618602752686s
======================================= Epoch 17 =======================================
================= Test Set =================
+++++++++++ Find New Best Min ACC +++++++++++
The acc is 0.8989, 0.8907, 0.9060
Time Consumption for one epoch is 14.175283193588257s
======================================= Epoch 18 =======================================
================= Test Set =================
The acc is 0.8989, 0.8907, 0.9060
Time Consumption for one epoch is 14.72921371459961s
======================================= Epoch 19 =======================================
================= Test Set =================
The acc is 0.8989, 0.8907, 0.9060
Time Consumption for one epoch is 14.704711437225342s
The final acc is 0.8989, 0.8907, 0.9060
