Namespace(data_dir='/data/yihua/dataset/celeba/celeba.hdf5', result_dir='crop_study', checkpoint=None, resume=False, domain_attrs='Male', target_attrs='Blond_Hair', exp_name=None, batch_size=512, lr=0.0001, wd=2e-05, epochs=20, seed=2022, num_workers=8, arch='resnet9', evaluate=False, total_num=5000, test_num=1000, gv=200.0, gr=0.3, minor_ratio=0.2, add_aug='crop')
======================================= Epoch 0 =======================================
================= Test Set =================
+++++++++++ Find New Best Min ACC +++++++++++
The acc is 0.4624, 0.4186, 0.5000
Time Consumption for one epoch is 16.57665467262268s
======================================= Epoch 1 =======================================
================= Test Set =================
The acc is 0.4624, 0.4186, 0.5000
Time Consumption for one epoch is 14.150498628616333s
======================================= Epoch 2 =======================================
================= Test Set =================
+++++++++++ Find New Best Min ACC +++++++++++
The acc is 0.4774, 0.4279, 0.5200
Time Consumption for one epoch is 14.590061664581299s
======================================= Epoch 3 =======================================
================= Test Set =================
+++++++++++ Find New Best Min ACC +++++++++++
The acc is 0.7882, 0.7512, 0.8200
Time Consumption for one epoch is 14.930604457855225s
======================================= Epoch 4 =======================================
================= Test Set =================
+++++++++++ Find New Best Min ACC +++++++++++
The acc is 0.8108, 0.7744, 0.8420
Time Consumption for one epoch is 14.767562866210938s
======================================= Epoch 5 =======================================
================= Test Set =================
+++++++++++ Find New Best Min ACC +++++++++++
The acc is 0.8763, 0.8651, 0.8860
Time Consumption for one epoch is 14.707449436187744s
======================================= Epoch 6 =======================================
================= Test Set =================
The acc is 0.8763, 0.8651, 0.8860
Time Consumption for one epoch is 14.488332748413086s
======================================= Epoch 7 =======================================
================= Test Set =================
The acc is 0.8763, 0.8651, 0.8860
Time Consumption for one epoch is 14.21313190460205s
======================================= Epoch 8 =======================================
================= Test Set =================
The acc is 0.8763, 0.8651, 0.8860
Time Consumption for one epoch is 14.892380237579346s
======================================= Epoch 9 =======================================
================= Test Set =================
+++++++++++ Find New Best Min ACC +++++++++++
The acc is 0.8892, 0.8698, 0.9060
Time Consumption for one epoch is 15.003065347671509s
======================================= Epoch 10 =======================================
================= Test Set =================
The acc is 0.8892, 0.8698, 0.9060
Time Consumption for one epoch is 14.185707807540894s
======================================= Epoch 11 =======================================
================= Test Set =================
The acc is 0.8892, 0.8698, 0.9060
Time Consumption for one epoch is 15.061858892440796s
======================================= Epoch 12 =======================================
================= Test Set =================
The acc is 0.8892, 0.8698, 0.9060
Time Consumption for one epoch is 14.533541440963745s
======================================= Epoch 13 =======================================
================= Test Set =================
The acc is 0.8892, 0.8698, 0.9060
Time Consumption for one epoch is 14.265626907348633s
======================================= Epoch 14 =======================================
================= Test Set =================
The acc is 0.8892, 0.8698, 0.9060
Time Consumption for one epoch is 14.715072870254517s
======================================= Epoch 15 =======================================
================= Test Set =================
+++++++++++ Find New Best Min ACC +++++++++++
The acc is 0.8946, 0.8814, 0.9060
Time Consumption for one epoch is 14.525142669677734s
======================================= Epoch 16 =======================================
================= Test Set =================
The acc is 0.8946, 0.8814, 0.9060
Time Consumption for one epoch is 14.277666568756104s
======================================= Epoch 17 =======================================
================= Test Set =================
The acc is 0.8946, 0.8814, 0.9060
Time Consumption for one epoch is 14.893330335617065s
======================================= Epoch 18 =======================================
================= Test Set =================
The acc is 0.8946, 0.8814, 0.9060
Time Consumption for one epoch is 14.778641700744629s
======================================= Epoch 19 =======================================
================= Test Set =================
The acc is 0.8946, 0.8814, 0.9060
Time Consumption for one epoch is 14.72358775138855s
The final acc is 0.8946, 0.8814, 0.9060
