Namespace(data_dir='/data/yihua/dataset/celeba/celeba.hdf5', result_dir='results', checkpoint=None, resume=False, domain_attrs='Male', target_attrs='Blond_Hair', exp_name=None, batch_size=512, lr=0.0001, wd=2e-05, epochs=20, seed=2020, num_workers=8, arch='resnet9', evaluate=False, gv=1.0, gr=0.1)
======================================= Epoch 0 =======================================
================= Test Set =================
+++++++++++ Find New Best Min ACC +++++++++++
The acc is 0.7989, 0.7333, 0.8153
Time Consumption for one epoch is 26.638526916503906s
======================================= Epoch 1 =======================================
================= Test Set =================
+++++++++++ Find New Best Min ACC +++++++++++
The acc is 0.8867, 0.8472, 0.8965
Time Consumption for one epoch is 25.035422325134277s
======================================= Epoch 2 =======================================
================= Test Set =================
The acc is 0.8867, 0.8472, 0.8965
Time Consumption for one epoch is 23.224464654922485s
======================================= Epoch 3 =======================================
================= Test Set =================
+++++++++++ Find New Best Min ACC +++++++++++
The acc is 0.8989, 0.8667, 0.9069
Time Consumption for one epoch is 24.105045557022095s
======================================= Epoch 4 =======================================
================= Test Set =================
The acc is 0.8989, 0.8667, 0.9069
Time Consumption for one epoch is 23.955870151519775s
======================================= Epoch 5 =======================================
================= Test Set =================
+++++++++++ Find New Best Min ACC +++++++++++
The acc is 0.9050, 0.8722, 0.9132
Time Consumption for one epoch is 24.346598625183105s
======================================= Epoch 6 =======================================
================= Test Set =================
The acc is 0.9050, 0.8722, 0.9132
Time Consumption for one epoch is 22.853548288345337s
======================================= Epoch 7 =======================================
================= Test Set =================
+++++++++++ Find New Best Min ACC +++++++++++
The acc is 0.9094, 0.9028, 0.9111
Time Consumption for one epoch is 25.142958879470825s
======================================= Epoch 8 =======================================
================= Test Set =================
The acc is 0.9094, 0.9028, 0.9111
Time Consumption for one epoch is 24.384499311447144s
======================================= Epoch 9 =======================================
================= Test Set =================
+++++++++++ Find New Best Min ACC +++++++++++
The acc is 0.9128, 0.8806, 0.9208
Time Consumption for one epoch is 24.91728377342224s
======================================= Epoch 10 =======================================
================= Test Set =================
The acc is 0.9128, 0.8806, 0.9208
Time Consumption for one epoch is 24.84773349761963s
======================================= Epoch 11 =======================================
================= Test Set =================
+++++++++++ Find New Best Min ACC +++++++++++
The acc is 0.9133, 0.8944, 0.9181
Time Consumption for one epoch is 24.79801058769226s
======================================= Epoch 12 =======================================
================= Test Set =================
The acc is 0.9133, 0.8944, 0.9181
Time Consumption for one epoch is 21.91624927520752s
======================================= Epoch 13 =======================================
================= Test Set =================
+++++++++++ Find New Best Min ACC +++++++++++
The acc is 0.9144, 0.8972, 0.9187
Time Consumption for one epoch is 24.06067419052124s
======================================= Epoch 14 =======================================
================= Test Set =================
The acc is 0.9144, 0.8972, 0.9187
Time Consumption for one epoch is 23.57098388671875s
======================================= Epoch 15 =======================================
================= Test Set =================
The acc is 0.9144, 0.8972, 0.9187
Time Consumption for one epoch is 22.616201639175415s
======================================= Epoch 16 =======================================
================= Test Set =================
+++++++++++ Find New Best Min ACC +++++++++++
The acc is 0.9200, 0.9056, 0.9236
Time Consumption for one epoch is 23.046229362487793s
======================================= Epoch 17 =======================================
================= Test Set =================
The acc is 0.9200, 0.9056, 0.9236
Time Consumption for one epoch is 24.332138776779175s
======================================= Epoch 18 =======================================
================= Test Set =================
+++++++++++ Find New Best Min ACC +++++++++++
The acc is 0.9211, 0.9000, 0.9264
Time Consumption for one epoch is 24.638572454452515s
======================================= Epoch 19 =======================================
================= Test Set =================
The acc is 0.9211, 0.9000, 0.9264
Time Consumption for one epoch is 24.861539602279663s
The final acc is 0.9211, 0.9000, 0.9264
