Namespace(data_dir='/data/yihua/dataset/celeba/celeba.hdf5', result_dir='results', checkpoint=None, resume=False, domain_attrs='Male', target_attrs='Blond_Hair', exp_name=None, batch_size=512, lr=0.0001, wd=2e-05, epochs=20, seed=2020, num_workers=8, arch='resnet9', evaluate=False, gv=0.25, gr=0.1)
======================================= Epoch 0 =======================================
================= Test Set =================
+++++++++++ Find New Best Min ACC +++++++++++
The acc is 0.7456, 0.7028, 0.7562
Time Consumption for one epoch is 30.248130798339844s
======================================= Epoch 1 =======================================
================= Test Set =================
+++++++++++ Find New Best Min ACC +++++++++++
The acc is 0.8633, 0.8028, 0.8785
Time Consumption for one epoch is 26.188483715057373s
======================================= Epoch 2 =======================================
================= Test Set =================
+++++++++++ Find New Best Min ACC +++++++++++
The acc is 0.8872, 0.8444, 0.8979
Time Consumption for one epoch is 24.83463215827942s
======================================= Epoch 3 =======================================
================= Test Set =================
+++++++++++ Find New Best Min ACC +++++++++++
The acc is 0.8978, 0.8556, 0.9083
Time Consumption for one epoch is 26.581660747528076s
======================================= Epoch 4 =======================================
================= Test Set =================
The acc is 0.8978, 0.8556, 0.9083
Time Consumption for one epoch is 26.24466109275818s
======================================= Epoch 5 =======================================
================= Test Set =================
+++++++++++ Find New Best Min ACC +++++++++++
The acc is 0.9039, 0.8806, 0.9097
Time Consumption for one epoch is 27.307331800460815s
======================================= Epoch 6 =======================================
================= Test Set =================
The acc is 0.9039, 0.8806, 0.9097
Time Consumption for one epoch is 26.4462149143219s
======================================= Epoch 7 =======================================
================= Test Set =================
+++++++++++ Find New Best Min ACC +++++++++++
The acc is 0.9161, 0.9000, 0.9201
Time Consumption for one epoch is 26.5607807636261s
======================================= Epoch 8 =======================================
================= Test Set =================
The acc is 0.9161, 0.9000, 0.9201
Time Consumption for one epoch is 26.082425594329834s
======================================= Epoch 9 =======================================
================= Test Set =================
The acc is 0.9161, 0.9000, 0.9201
Time Consumption for one epoch is 26.8106632232666s
======================================= Epoch 10 =======================================
================= Test Set =================
The acc is 0.9161, 0.9000, 0.9201
Time Consumption for one epoch is 27.25782608985901s
======================================= Epoch 11 =======================================
================= Test Set =================
The acc is 0.9161, 0.9000, 0.9201
Time Consumption for one epoch is 26.6767315864563s
======================================= Epoch 12 =======================================
================= Test Set =================
The acc is 0.9161, 0.9000, 0.9201
Time Consumption for one epoch is 25.58867645263672s
======================================= Epoch 13 =======================================
================= Test Set =================
The acc is 0.9161, 0.9000, 0.9201
Time Consumption for one epoch is 26.575966119766235s
======================================= Epoch 14 =======================================
================= Test Set =================
The acc is 0.9161, 0.9000, 0.9201
Time Consumption for one epoch is 27.58105969429016s
======================================= Epoch 15 =======================================
================= Test Set =================
The acc is 0.9161, 0.9000, 0.9201
Time Consumption for one epoch is 26.46782660484314s
======================================= Epoch 16 =======================================
================= Test Set =================
+++++++++++ Find New Best Min ACC +++++++++++
The acc is 0.9239, 0.9139, 0.9264
Time Consumption for one epoch is 28.27061700820923s
======================================= Epoch 17 =======================================
================= Test Set =================
The acc is 0.9239, 0.9139, 0.9264
Time Consumption for one epoch is 26.853931665420532s
======================================= Epoch 18 =======================================
================= Test Set =================
The acc is 0.9239, 0.9139, 0.9264
Time Consumption for one epoch is 24.887520790100098s
======================================= Epoch 19 =======================================
================= Test Set =================
The acc is 0.9239, 0.9139, 0.9264
Time Consumption for one epoch is 27.905651807785034s
The final acc is 0.9239, 0.9139, 0.9264
