Namespace(data_dir='/data/yihua/dataset/celeba/celeba.hdf5', result_dir='crop_study', checkpoint=None, resume=False, domain_attrs='Male', target_attrs='Blond_Hair', exp_name=None, batch_size=512, lr=0.0001, wd=2e-05, epochs=20, seed=2022, num_workers=8, arch='resnet18', evaluate=False, total_num=5000, test_num=1000, gv=120.0, gr=0.3, minor_ratio=0.2, add_aug='crop')
======================================= Epoch 0 =======================================
================= Test Set =================
+++++++++++ Find New Best Min ACC +++++++++++
The acc is 0.5376, 0.5814, 0.5000
Time Consumption for one epoch is 22.236327409744263s
======================================= Epoch 1 =======================================
================= Test Set =================
+++++++++++ Find New Best Min ACC +++++++++++
The acc is 0.6151, 0.6116, 0.6180
Time Consumption for one epoch is 20.63241744041443s
======================================= Epoch 2 =======================================
================= Test Set =================
The acc is 0.6151, 0.6116, 0.6180
Time Consumption for one epoch is 21.266259908676147s
======================================= Epoch 3 =======================================
================= Test Set =================
+++++++++++ Find New Best Min ACC +++++++++++
The acc is 0.6409, 0.6674, 0.6180
Time Consumption for one epoch is 20.090442180633545s
======================================= Epoch 4 =======================================
================= Test Set =================
+++++++++++ Find New Best Min ACC +++++++++++
The acc is 0.8000, 0.7628, 0.8320
Time Consumption for one epoch is 19.298197269439697s
======================================= Epoch 5 =======================================
================= Test Set =================
The acc is 0.8000, 0.7628, 0.8320
Time Consumption for one epoch is 19.487590789794922s
======================================= Epoch 6 =======================================
================= Test Set =================
+++++++++++ Find New Best Min ACC +++++++++++
The acc is 0.8613, 0.8326, 0.8860
Time Consumption for one epoch is 21.06698966026306s
======================================= Epoch 7 =======================================
================= Test Set =================
The acc is 0.8613, 0.8326, 0.8860
Time Consumption for one epoch is 18.967358827590942s
======================================= Epoch 8 =======================================
================= Test Set =================
+++++++++++ Find New Best Min ACC +++++++++++
The acc is 0.8860, 0.8744, 0.8960
Time Consumption for one epoch is 20.363425731658936s
======================================= Epoch 9 =======================================
================= Test Set =================
The acc is 0.8860, 0.8744, 0.8960
Time Consumption for one epoch is 22.493151664733887s
======================================= Epoch 10 =======================================
================= Test Set =================
The acc is 0.8860, 0.8744, 0.8960
Time Consumption for one epoch is 20.15514039993286s
======================================= Epoch 11 =======================================
================= Test Set =================
The acc is 0.8860, 0.8744, 0.8960
Time Consumption for one epoch is 20.570100784301758s
======================================= Epoch 12 =======================================
================= Test Set =================
The acc is 0.8860, 0.8744, 0.8960
Time Consumption for one epoch is 21.342573404312134s
======================================= Epoch 13 =======================================
================= Test Set =================
The acc is 0.8860, 0.8744, 0.8960
Time Consumption for one epoch is 20.43221402168274s
======================================= Epoch 14 =======================================
================= Test Set =================
The acc is 0.8860, 0.8744, 0.8960
Time Consumption for one epoch is 21.146991968154907s
======================================= Epoch 15 =======================================
================= Test Set =================
The acc is 0.8860, 0.8744, 0.8960
Time Consumption for one epoch is 20.259318828582764s
======================================= Epoch 16 =======================================
================= Test Set =================
+++++++++++ Find New Best Min ACC +++++++++++
The acc is 0.9022, 0.8860, 0.9160
Time Consumption for one epoch is 20.986606121063232s
======================================= Epoch 17 =======================================
================= Test Set =================
The acc is 0.9022, 0.8860, 0.9160
Time Consumption for one epoch is 22.92901086807251s
======================================= Epoch 18 =======================================
================= Test Set =================
The acc is 0.9022, 0.8860, 0.9160
Time Consumption for one epoch is 21.17615842819214s
======================================= Epoch 19 =======================================
================= Test Set =================
The acc is 0.9022, 0.8860, 0.9160
Time Consumption for one epoch is 23.704554319381714s
The final acc is 0.9022, 0.8860, 0.9160
