Namespace(data_dir='/data/yihua/dataset/celeba/celeba.hdf5', result_dir='crop_study', checkpoint=None, resume=False, domain_attrs='Male', target_attrs='Blond_Hair', exp_name=None, batch_size=512, lr=0.0001, wd=2e-05, epochs=20, seed=2021, num_workers=8, arch='resnet9', evaluate=False, total_num=5000, test_num=1000, gv=100.0, gr=0.3, minor_ratio=0.2, add_aug='crop')
======================================= Epoch 0 =======================================
================= Test Set =================
+++++++++++ Find New Best Min ACC +++++++++++
The acc is 0.4624, 0.4186, 0.5000
Time Consumption for one epoch is 16.71657967567444s
======================================= Epoch 1 =======================================
================= Test Set =================
+++++++++++ Find New Best Min ACC +++++++++++
The acc is 0.4677, 0.4163, 0.5120
Time Consumption for one epoch is 14.230883121490479s
======================================= Epoch 2 =======================================
================= Test Set =================
+++++++++++ Find New Best Min ACC +++++++++++
The acc is 0.6462, 0.6256, 0.6640
Time Consumption for one epoch is 14.456645727157593s
======================================= Epoch 3 =======================================
================= Test Set =================
+++++++++++ Find New Best Min ACC +++++++++++
The acc is 0.7957, 0.7581, 0.8280
Time Consumption for one epoch is 14.577063798904419s
======================================= Epoch 4 =======================================
================= Test Set =================
+++++++++++ Find New Best Min ACC +++++++++++
The acc is 0.8581, 0.8372, 0.8760
Time Consumption for one epoch is 14.283091306686401s
======================================= Epoch 5 =======================================
================= Test Set =================
+++++++++++ Find New Best Min ACC +++++++++++
The acc is 0.8624, 0.8465, 0.8760
Time Consumption for one epoch is 14.446046113967896s
======================================= Epoch 6 =======================================
================= Test Set =================
+++++++++++ Find New Best Min ACC +++++++++++
The acc is 0.8699, 0.8581, 0.8800
Time Consumption for one epoch is 14.64779543876648s
======================================= Epoch 7 =======================================
================= Test Set =================
The acc is 0.8699, 0.8581, 0.8800
Time Consumption for one epoch is 15.053791284561157s
======================================= Epoch 8 =======================================
================= Test Set =================
The acc is 0.8699, 0.8581, 0.8800
Time Consumption for one epoch is 14.157110214233398s
======================================= Epoch 9 =======================================
================= Test Set =================
The acc is 0.8699, 0.8581, 0.8800
Time Consumption for one epoch is 14.623957395553589s
======================================= Epoch 10 =======================================
================= Test Set =================
+++++++++++ Find New Best Min ACC +++++++++++
The acc is 0.8817, 0.8651, 0.8960
Time Consumption for one epoch is 15.09228253364563s
======================================= Epoch 11 =======================================
================= Test Set =================
The acc is 0.8817, 0.8651, 0.8960
Time Consumption for one epoch is 14.815807104110718s
======================================= Epoch 12 =======================================
================= Test Set =================
The acc is 0.8817, 0.8651, 0.8960
Time Consumption for one epoch is 14.757237434387207s
======================================= Epoch 13 =======================================
================= Test Set =================
The acc is 0.8817, 0.8651, 0.8960
Time Consumption for one epoch is 14.547129392623901s
======================================= Epoch 14 =======================================
================= Test Set =================
+++++++++++ Find New Best Min ACC +++++++++++
The acc is 0.8957, 0.8814, 0.9080
Time Consumption for one epoch is 14.634961366653442s
======================================= Epoch 15 =======================================
================= Test Set =================
The acc is 0.8957, 0.8814, 0.9080
Time Consumption for one epoch is 15.046221017837524s
======================================= Epoch 16 =======================================
================= Test Set =================
The acc is 0.8957, 0.8814, 0.9080
Time Consumption for one epoch is 14.819061279296875s
======================================= Epoch 17 =======================================
================= Test Set =================
The acc is 0.8957, 0.8814, 0.9080
Time Consumption for one epoch is 14.442195653915405s
======================================= Epoch 18 =======================================
================= Test Set =================
+++++++++++ Find New Best Min ACC +++++++++++
The acc is 0.8968, 0.8860, 0.9060
Time Consumption for one epoch is 14.939608812332153s
======================================= Epoch 19 =======================================
================= Test Set =================
The acc is 0.8968, 0.8860, 0.9060
Time Consumption for one epoch is 14.361453771591187s
The final acc is 0.8968, 0.8860, 0.9060
