Namespace(data_dir='/data/yihua/dataset/celeba/celeba.hdf5', result_dir='results', checkpoint=None, resume=False, domain_attrs='Male', target_attrs='Blond_Hair', exp_name=None, batch_size=512, lr=0.0001, wd=2e-05, epochs=20, seed=2021, num_workers=8, arch='resnet9', evaluate=False, gv=0.0001, gr=0.5)
======================================= Epoch 0 =======================================
================= Test Set =================
+++++++++++ Find New Best Min ACC +++++++++++
The acc is 0.6433, 0.6000, 0.6542
Time Consumption for one epoch is 29.445127725601196s
======================================= Epoch 1 =======================================
================= Test Set =================
+++++++++++ Find New Best Min ACC +++++++++++
The acc is 0.8822, 0.8556, 0.8889
Time Consumption for one epoch is 25.42051386833191s
======================================= Epoch 2 =======================================
================= Test Set =================
The acc is 0.8822, 0.8556, 0.8889
Time Consumption for one epoch is 25.217769861221313s
======================================= Epoch 3 =======================================
================= Test Set =================
The acc is 0.8822, 0.8556, 0.8889
Time Consumption for one epoch is 26.13100838661194s
======================================= Epoch 4 =======================================
================= Test Set =================
+++++++++++ Find New Best Min ACC +++++++++++
The acc is 0.9083, 0.8972, 0.9111
Time Consumption for one epoch is 26.129751920700073s
======================================= Epoch 5 =======================================
================= Test Set =================
The acc is 0.9083, 0.8972, 0.9111
Time Consumption for one epoch is 24.95004963874817s
======================================= Epoch 6 =======================================
================= Test Set =================
The acc is 0.9083, 0.8972, 0.9111
Time Consumption for one epoch is 23.36494016647339s
======================================= Epoch 7 =======================================
================= Test Set =================
+++++++++++ Find New Best Min ACC +++++++++++
The acc is 0.9117, 0.8972, 0.9153
Time Consumption for one epoch is 25.08642053604126s
======================================= Epoch 8 =======================================
================= Test Set =================
The acc is 0.9117, 0.8972, 0.9153
Time Consumption for one epoch is 24.95110821723938s
======================================= Epoch 9 =======================================
================= Test Set =================
The acc is 0.9117, 0.8972, 0.9153
Time Consumption for one epoch is 24.560405492782593s
======================================= Epoch 10 =======================================
================= Test Set =================
+++++++++++ Find New Best Min ACC +++++++++++
The acc is 0.9194, 0.9056, 0.9229
Time Consumption for one epoch is 25.555551052093506s
======================================= Epoch 11 =======================================
================= Test Set =================
The acc is 0.9194, 0.9056, 0.9229
Time Consumption for one epoch is 23.857331037521362s
======================================= Epoch 12 =======================================
================= Test Set =================
The acc is 0.9194, 0.9056, 0.9229
Time Consumption for one epoch is 24.69747018814087s
======================================= Epoch 13 =======================================
================= Test Set =================
The acc is 0.9194, 0.9056, 0.9229
Time Consumption for one epoch is 25.81848907470703s
======================================= Epoch 14 =======================================
================= Test Set =================
The acc is 0.9194, 0.9056, 0.9229
Time Consumption for one epoch is 24.422314643859863s
======================================= Epoch 15 =======================================
================= Test Set =================
The acc is 0.9194, 0.9056, 0.9229
Time Consumption for one epoch is 25.604369163513184s
======================================= Epoch 16 =======================================
================= Test Set =================
+++++++++++ Find New Best Min ACC +++++++++++
The acc is 0.9222, 0.9139, 0.9243
Time Consumption for one epoch is 26.104401350021362s
======================================= Epoch 17 =======================================
================= Test Set =================
The acc is 0.9222, 0.9139, 0.9243
Time Consumption for one epoch is 26.605412244796753s
======================================= Epoch 18 =======================================
================= Test Set =================
The acc is 0.9222, 0.9139, 0.9243
Time Consumption for one epoch is 26.25912618637085s
======================================= Epoch 19 =======================================
================= Test Set =================
The acc is 0.9222, 0.9139, 0.9243
Time Consumption for one epoch is 25.567012786865234s
The final acc is 0.9222, 0.9139, 0.9243
