Namespace(data_dir='/data/yihua/dataset/celeba/celeba.hdf5', result_dir='rotation_study', checkpoint=None, resume=False, domain_attrs='Male', target_attrs='Blond_Hair', exp_name=None, batch_size=512, lr=0.0001, wd=2e-05, epochs=20, seed=2020, num_workers=8, arch='resnet9', evaluate=False, total_num=5000, test_num=1000, gv=120.0, gr=0.1, minor_ratio=0.2, add_aug='rotation')
======================================= Epoch 0 =======================================
================= Test Set =================
+++++++++++ Find New Best Min ACC +++++++++++
The acc is 0.4624, 0.4186, 0.5000
Time Consumption for one epoch is 16.583840131759644s
======================================= Epoch 1 =======================================
================= Test Set =================
The acc is 0.4624, 0.4186, 0.5000
Time Consumption for one epoch is 14.322970390319824s
======================================= Epoch 2 =======================================
================= Test Set =================
+++++++++++ Find New Best Min ACC +++++++++++
The acc is 0.6452, 0.6372, 0.6520
Time Consumption for one epoch is 14.396888494491577s
======================================= Epoch 3 =======================================
================= Test Set =================
+++++++++++ Find New Best Min ACC +++++++++++
The acc is 0.7570, 0.7419, 0.7700
Time Consumption for one epoch is 15.007763862609863s
======================================= Epoch 4 =======================================
================= Test Set =================
+++++++++++ Find New Best Min ACC +++++++++++
The acc is 0.8452, 0.8116, 0.8740
Time Consumption for one epoch is 14.682379484176636s
======================================= Epoch 5 =======================================
================= Test Set =================
+++++++++++ Find New Best Min ACC +++++++++++
The acc is 0.8710, 0.8442, 0.8940
Time Consumption for one epoch is 14.69364595413208s
======================================= Epoch 6 =======================================
================= Test Set =================
+++++++++++ Find New Best Min ACC +++++++++++
The acc is 0.8753, 0.8535, 0.8940
Time Consumption for one epoch is 14.748566150665283s
======================================= Epoch 7 =======================================
================= Test Set =================
The acc is 0.8753, 0.8535, 0.8940
Time Consumption for one epoch is 13.815568208694458s
======================================= Epoch 8 =======================================
================= Test Set =================
The acc is 0.8753, 0.8535, 0.8940
Time Consumption for one epoch is 13.894620656967163s
======================================= Epoch 9 =======================================
================= Test Set =================
The acc is 0.8753, 0.8535, 0.8940
Time Consumption for one epoch is 13.667066097259521s
======================================= Epoch 10 =======================================
================= Test Set =================
+++++++++++ Find New Best Min ACC +++++++++++
The acc is 0.8892, 0.8698, 0.9060
Time Consumption for one epoch is 14.311826705932617s
======================================= Epoch 11 =======================================
================= Test Set =================
+++++++++++ Find New Best Min ACC +++++++++++
The acc is 0.8978, 0.8884, 0.9060
Time Consumption for one epoch is 14.572247505187988s
======================================= Epoch 12 =======================================
================= Test Set =================
The acc is 0.8978, 0.8884, 0.9060
Time Consumption for one epoch is 14.439221143722534s
======================================= Epoch 13 =======================================
================= Test Set =================
The acc is 0.8978, 0.8884, 0.9060
Time Consumption for one epoch is 13.787784814834595s
======================================= Epoch 14 =======================================
================= Test Set =================
The acc is 0.8978, 0.8884, 0.9060
Time Consumption for one epoch is 14.06699538230896s
======================================= Epoch 15 =======================================
================= Test Set =================
The acc is 0.8978, 0.8884, 0.9060
Time Consumption for one epoch is 14.010213851928711s
======================================= Epoch 16 =======================================
================= Test Set =================
The acc is 0.8978, 0.8884, 0.9060
Time Consumption for one epoch is 14.442972898483276s
======================================= Epoch 17 =======================================
================= Test Set =================
+++++++++++ Find New Best Min ACC +++++++++++
The acc is 0.9011, 0.8977, 0.9040
Time Consumption for one epoch is 15.284443616867065s
======================================= Epoch 18 =======================================
================= Test Set =================
The acc is 0.9011, 0.8977, 0.9040
Time Consumption for one epoch is 15.501546382904053s
======================================= Epoch 19 =======================================
================= Test Set =================
+++++++++++ Find New Best Min ACC +++++++++++
The acc is 0.9022, 0.8953, 0.9080
Time Consumption for one epoch is 14.664986848831177s
The final acc is 0.9022, 0.8953, 0.9080
