Namespace(data_dir='/data/yihua/dataset/celeba/celeba.hdf5', result_dir='results', checkpoint=None, resume=False, domain_attrs='Male', target_attrs='Blond_Hair', exp_name=None, batch_size=512, lr=0.0001, wd=2e-05, epochs=20, seed=2020, num_workers=8, arch='resnet9', evaluate=False, gv=0.01, gr=0.1)
======================================= Epoch 0 =======================================
================= Test Set =================
+++++++++++ Find New Best Min ACC +++++++++++
The acc is 0.6311, 0.5528, 0.6507
Time Consumption for one epoch is 27.76688838005066s
======================================= Epoch 1 =======================================
================= Test Set =================
+++++++++++ Find New Best Min ACC +++++++++++
The acc is 0.8867, 0.8306, 0.9007
Time Consumption for one epoch is 22.363256216049194s
======================================= Epoch 2 =======================================
================= Test Set =================
+++++++++++ Find New Best Min ACC +++++++++++
The acc is 0.8894, 0.8667, 0.8951
Time Consumption for one epoch is 24.983686923980713s
======================================= Epoch 3 =======================================
================= Test Set =================
+++++++++++ Find New Best Min ACC +++++++++++
The acc is 0.9022, 0.8722, 0.9097
Time Consumption for one epoch is 24.515238761901855s
======================================= Epoch 4 =======================================
================= Test Set =================
The acc is 0.9022, 0.8722, 0.9097
Time Consumption for one epoch is 23.209185361862183s
======================================= Epoch 5 =======================================
================= Test Set =================
+++++++++++ Find New Best Min ACC +++++++++++
The acc is 0.9083, 0.8833, 0.9146
Time Consumption for one epoch is 24.61049509048462s
======================================= Epoch 6 =======================================
================= Test Set =================
The acc is 0.9083, 0.8833, 0.9146
Time Consumption for one epoch is 24.03642511367798s
======================================= Epoch 7 =======================================
================= Test Set =================
+++++++++++ Find New Best Min ACC +++++++++++
The acc is 0.9133, 0.8861, 0.9201
Time Consumption for one epoch is 24.911542654037476s
======================================= Epoch 8 =======================================
================= Test Set =================
The acc is 0.9133, 0.8861, 0.9201
Time Consumption for one epoch is 23.978646278381348s
======================================= Epoch 9 =======================================
================= Test Set =================
+++++++++++ Find New Best Min ACC +++++++++++
The acc is 0.9144, 0.9083, 0.9160
Time Consumption for one epoch is 23.4970440864563s
======================================= Epoch 10 =======================================
================= Test Set =================
+++++++++++ Find New Best Min ACC +++++++++++
The acc is 0.9150, 0.9083, 0.9167
Time Consumption for one epoch is 24.69701385498047s
======================================= Epoch 11 =======================================
================= Test Set =================
+++++++++++ Find New Best Min ACC +++++++++++
The acc is 0.9161, 0.9083, 0.9181
Time Consumption for one epoch is 24.381217002868652s
======================================= Epoch 12 =======================================
================= Test Set =================
The acc is 0.9161, 0.9083, 0.9181
Time Consumption for one epoch is 23.796445846557617s
======================================= Epoch 13 =======================================
================= Test Set =================
The acc is 0.9161, 0.9083, 0.9181
Time Consumption for one epoch is 22.79712438583374s
======================================= Epoch 14 =======================================
================= Test Set =================
The acc is 0.9161, 0.9083, 0.9181
Time Consumption for one epoch is 24.474048852920532s
======================================= Epoch 15 =======================================
================= Test Set =================
The acc is 0.9161, 0.9083, 0.9181
Time Consumption for one epoch is 24.430911779403687s
======================================= Epoch 16 =======================================
================= Test Set =================
+++++++++++ Find New Best Min ACC +++++++++++
The acc is 0.9233, 0.9194, 0.9243
Time Consumption for one epoch is 25.121021032333374s
======================================= Epoch 17 =======================================
================= Test Set =================
The acc is 0.9233, 0.9194, 0.9243
Time Consumption for one epoch is 24.22355604171753s
======================================= Epoch 18 =======================================
================= Test Set =================
The acc is 0.9233, 0.9194, 0.9243
Time Consumption for one epoch is 24.742994785308838s
======================================= Epoch 19 =======================================
================= Test Set =================
The acc is 0.9233, 0.9194, 0.9243
Time Consumption for one epoch is 24.7947518825531s
The final acc is 0.9233, 0.9194, 0.9243
