Namespace(data_dir='/data/yihua/dataset/celeba/celeba.hdf5', result_dir='results', checkpoint=None, resume=False, domain_attrs='Male', target_attrs='Blond_Hair', exp_name=None, batch_size=512, lr=0.0001, wd=2e-05, epochs=20, seed=2022, num_workers=8, arch='resnet9', evaluate=False, gv=0.5, gr=0.1)
======================================= Epoch 0 =======================================
================= Test Set =================
+++++++++++ Find New Best Min ACC +++++++++++
The acc is 0.5939, 0.5417, 0.6069
Time Consumption for one epoch is 25.44095277786255s
======================================= Epoch 1 =======================================
================= Test Set =================
+++++++++++ Find New Best Min ACC +++++++++++
The acc is 0.8583, 0.7972, 0.8736
Time Consumption for one epoch is 25.836678981781006s
======================================= Epoch 2 =======================================
================= Test Set =================
The acc is 0.8583, 0.7972, 0.8736
Time Consumption for one epoch is 24.673232555389404s
======================================= Epoch 3 =======================================
================= Test Set =================
+++++++++++ Find New Best Min ACC +++++++++++
The acc is 0.8978, 0.8583, 0.9076
Time Consumption for one epoch is 24.936638116836548s
======================================= Epoch 4 =======================================
================= Test Set =================
+++++++++++ Find New Best Min ACC +++++++++++
The acc is 0.9000, 0.8528, 0.9118
Time Consumption for one epoch is 23.93616795539856s
======================================= Epoch 5 =======================================
================= Test Set =================
The acc is 0.9000, 0.8528, 0.9118
Time Consumption for one epoch is 25.073110103607178s
======================================= Epoch 6 =======================================
================= Test Set =================
+++++++++++ Find New Best Min ACC +++++++++++
The acc is 0.9017, 0.8722, 0.9090
Time Consumption for one epoch is 24.58437442779541s
======================================= Epoch 7 =======================================
================= Test Set =================
The acc is 0.9017, 0.8722, 0.9090
Time Consumption for one epoch is 23.761019229888916s
======================================= Epoch 8 =======================================
================= Test Set =================
The acc is 0.9017, 0.8722, 0.9090
Time Consumption for one epoch is 24.59143328666687s
======================================= Epoch 9 =======================================
================= Test Set =================
The acc is 0.9017, 0.8722, 0.9090
Time Consumption for one epoch is 23.648637771606445s
======================================= Epoch 10 =======================================
================= Test Set =================
+++++++++++ Find New Best Min ACC +++++++++++
The acc is 0.9128, 0.8889, 0.9187
Time Consumption for one epoch is 23.966442346572876s
======================================= Epoch 11 =======================================
================= Test Set =================
The acc is 0.9128, 0.8889, 0.9187
Time Consumption for one epoch is 23.662914752960205s
======================================= Epoch 12 =======================================
================= Test Set =================
+++++++++++ Find New Best Min ACC +++++++++++
The acc is 0.9150, 0.8861, 0.9222
Time Consumption for one epoch is 25.068724393844604s
======================================= Epoch 13 =======================================
================= Test Set =================
The acc is 0.9150, 0.8861, 0.9222
Time Consumption for one epoch is 22.84278631210327s
======================================= Epoch 14 =======================================
================= Test Set =================
The acc is 0.9150, 0.8861, 0.9222
Time Consumption for one epoch is 24.213598012924194s
======================================= Epoch 15 =======================================
================= Test Set =================
The acc is 0.9150, 0.8861, 0.9222
Time Consumption for one epoch is 25.02826762199402s
======================================= Epoch 16 =======================================
================= Test Set =================
+++++++++++ Find New Best Min ACC +++++++++++
The acc is 0.9156, 0.9028, 0.9187
Time Consumption for one epoch is 24.697304010391235s
======================================= Epoch 17 =======================================
================= Test Set =================
+++++++++++ Find New Best Min ACC +++++++++++
The acc is 0.9206, 0.9083, 0.9236
Time Consumption for one epoch is 23.928780794143677s
======================================= Epoch 18 =======================================
================= Test Set =================
The acc is 0.9206, 0.9083, 0.9236
Time Consumption for one epoch is 23.714815855026245s
======================================= Epoch 19 =======================================
================= Test Set =================
The acc is 0.9206, 0.9083, 0.9236
Time Consumption for one epoch is 24.44316601753235s
The final acc is 0.9206, 0.9083, 0.9236
