Namespace(data_dir='/data/yihua/dataset/celeba/celeba.hdf5', result_dir='crop_study', checkpoint=None, resume=False, domain_attrs='Male', target_attrs='Blond_Hair', exp_name=None, batch_size=512, lr=0.0001, wd=2e-05, epochs=20, seed=2020, num_workers=8, arch='resnet9', evaluate=False, total_num=5000, test_num=1000, gv=180.0, gr=0.5, minor_ratio=0.2, add_aug='crop')
======================================= Epoch 0 =======================================
================= Test Set =================
+++++++++++ Find New Best Min ACC +++++++++++
The acc is 0.4624, 0.4186, 0.5000
Time Consumption for one epoch is 16.857637405395508s
======================================= Epoch 1 =======================================
================= Test Set =================
+++++++++++ Find New Best Min ACC +++++++++++
The acc is 0.4839, 0.4372, 0.5240
Time Consumption for one epoch is 15.256037950515747s
======================================= Epoch 2 =======================================
================= Test Set =================
+++++++++++ Find New Best Min ACC +++++++++++
The acc is 0.7419, 0.7233, 0.7580
Time Consumption for one epoch is 14.569230794906616s
======================================= Epoch 3 =======================================
================= Test Set =================
+++++++++++ Find New Best Min ACC +++++++++++
The acc is 0.8387, 0.8209, 0.8540
Time Consumption for one epoch is 15.13370680809021s
======================================= Epoch 4 =======================================
================= Test Set =================
+++++++++++ Find New Best Min ACC +++++++++++
The acc is 0.8688, 0.8535, 0.8820
Time Consumption for one epoch is 14.39235782623291s
======================================= Epoch 5 =======================================
================= Test Set =================
The acc is 0.8688, 0.8535, 0.8820
Time Consumption for one epoch is 14.827504634857178s
======================================= Epoch 6 =======================================
================= Test Set =================
The acc is 0.8688, 0.8535, 0.8820
Time Consumption for one epoch is 14.658302068710327s
======================================= Epoch 7 =======================================
================= Test Set =================
+++++++++++ Find New Best Min ACC +++++++++++
The acc is 0.8710, 0.8419, 0.8960
Time Consumption for one epoch is 15.281529664993286s
======================================= Epoch 8 =======================================
================= Test Set =================
+++++++++++ Find New Best Min ACC +++++++++++
The acc is 0.8892, 0.8744, 0.9020
Time Consumption for one epoch is 14.757015466690063s
======================================= Epoch 9 =======================================
================= Test Set =================
The acc is 0.8892, 0.8744, 0.9020
Time Consumption for one epoch is 15.079247951507568s
======================================= Epoch 10 =======================================
================= Test Set =================
The acc is 0.8892, 0.8744, 0.9020
Time Consumption for one epoch is 14.604831218719482s
======================================= Epoch 11 =======================================
================= Test Set =================
The acc is 0.8892, 0.8744, 0.9020
Time Consumption for one epoch is 14.996374130249023s
======================================= Epoch 12 =======================================
================= Test Set =================
The acc is 0.8892, 0.8744, 0.9020
Time Consumption for one epoch is 14.30985164642334s
======================================= Epoch 13 =======================================
================= Test Set =================
The acc is 0.8892, 0.8744, 0.9020
Time Consumption for one epoch is 14.655981063842773s
======================================= Epoch 14 =======================================
================= Test Set =================
+++++++++++ Find New Best Min ACC +++++++++++
The acc is 0.8925, 0.8791, 0.9040
Time Consumption for one epoch is 14.943225622177124s
======================================= Epoch 15 =======================================
================= Test Set =================
The acc is 0.8925, 0.8791, 0.9040
Time Consumption for one epoch is 15.253910064697266s
======================================= Epoch 16 =======================================
================= Test Set =================
+++++++++++ Find New Best Min ACC +++++++++++
The acc is 0.8968, 0.8860, 0.9060
Time Consumption for one epoch is 14.86626935005188s
======================================= Epoch 17 =======================================
================= Test Set =================
The acc is 0.8968, 0.8860, 0.9060
Time Consumption for one epoch is 15.122654438018799s
======================================= Epoch 18 =======================================
================= Test Set =================
+++++++++++ Find New Best Min ACC +++++++++++
The acc is 0.9000, 0.8814, 0.9160
Time Consumption for one epoch is 15.110718011856079s
======================================= Epoch 19 =======================================
================= Test Set =================
The acc is 0.9000, 0.8814, 0.9160
Time Consumption for one epoch is 14.381879568099976s
The final acc is 0.9000, 0.8814, 0.9160
