Namespace(data_dir='/data/yihua/dataset/celeba/celeba.hdf5', result_dir='crop_study', checkpoint=None, resume=False, domain_attrs='Male', target_attrs='Blond_Hair', exp_name=None, batch_size=512, lr=0.0001, wd=2e-05, epochs=20, seed=2022, num_workers=8, arch='resnet18', evaluate=False, total_num=5000, test_num=1000, gv=100.0, gr=0.5, minor_ratio=0.2, add_aug='crop')
======================================= Epoch 0 =======================================
================= Test Set =================
+++++++++++ Find New Best Min ACC +++++++++++
The acc is 0.4978, 0.5302, 0.4700
Time Consumption for one epoch is 21.088869094848633s
======================================= Epoch 1 =======================================
================= Test Set =================
+++++++++++ Find New Best Min ACC +++++++++++
The acc is 0.5376, 0.5814, 0.5000
Time Consumption for one epoch is 19.412603855133057s
======================================= Epoch 2 =======================================
================= Test Set =================
The acc is 0.5376, 0.5814, 0.5000
Time Consumption for one epoch is 19.560340404510498s
======================================= Epoch 3 =======================================
================= Test Set =================
+++++++++++ Find New Best Min ACC +++++++++++
The acc is 0.5527, 0.6093, 0.5040
Time Consumption for one epoch is 21.134246826171875s
======================================= Epoch 4 =======================================
================= Test Set =================
+++++++++++ Find New Best Min ACC +++++++++++
The acc is 0.7871, 0.7535, 0.8160
Time Consumption for one epoch is 20.945106267929077s
======================================= Epoch 5 =======================================
================= Test Set =================
+++++++++++ Find New Best Min ACC +++++++++++
The acc is 0.8624, 0.8163, 0.9020
Time Consumption for one epoch is 22.775370121002197s
======================================= Epoch 6 =======================================
================= Test Set =================
+++++++++++ Find New Best Min ACC +++++++++++
The acc is 0.8785, 0.8419, 0.9100
Time Consumption for one epoch is 21.628231048583984s
======================================= Epoch 7 =======================================
================= Test Set =================
The acc is 0.8785, 0.8419, 0.9100
Time Consumption for one epoch is 21.610673189163208s
======================================= Epoch 8 =======================================
================= Test Set =================
The acc is 0.8785, 0.8419, 0.9100
Time Consumption for one epoch is 20.865779638290405s
======================================= Epoch 9 =======================================
================= Test Set =================
+++++++++++ Find New Best Min ACC +++++++++++
The acc is 0.8892, 0.8581, 0.9160
Time Consumption for one epoch is 21.964667081832886s
======================================= Epoch 10 =======================================
================= Test Set =================
The acc is 0.8892, 0.8581, 0.9160
Time Consumption for one epoch is 21.056467533111572s
======================================= Epoch 11 =======================================
================= Test Set =================
The acc is 0.8892, 0.8581, 0.9160
Time Consumption for one epoch is 20.431544303894043s
======================================= Epoch 12 =======================================
================= Test Set =================
The acc is 0.8892, 0.8581, 0.9160
Time Consumption for one epoch is 20.107151746749878s
======================================= Epoch 13 =======================================
================= Test Set =================
The acc is 0.8892, 0.8581, 0.9160
Time Consumption for one epoch is 19.27728819847107s
======================================= Epoch 14 =======================================
================= Test Set =================
The acc is 0.8892, 0.8581, 0.9160
Time Consumption for one epoch is 20.164520502090454s
======================================= Epoch 15 =======================================
================= Test Set =================
The acc is 0.8892, 0.8581, 0.9160
Time Consumption for one epoch is 21.000593423843384s
======================================= Epoch 16 =======================================
================= Test Set =================
+++++++++++ Find New Best Min ACC +++++++++++
The acc is 0.8935, 0.8791, 0.9060
Time Consumption for one epoch is 20.09343695640564s
======================================= Epoch 17 =======================================
================= Test Set =================
The acc is 0.8935, 0.8791, 0.9060
Time Consumption for one epoch is 20.156274557113647s
======================================= Epoch 18 =======================================
================= Test Set =================
+++++++++++ Find New Best Min ACC +++++++++++
The acc is 0.8968, 0.8907, 0.9020
Time Consumption for one epoch is 20.457322597503662s
======================================= Epoch 19 =======================================
================= Test Set =================
+++++++++++ Find New Best Min ACC +++++++++++
The acc is 0.8978, 0.8930, 0.9020
Time Consumption for one epoch is 20.317087411880493s
The final acc is 0.8978, 0.8930, 0.9020
