Namespace(data_dir='/data/yihua/dataset/celeba/celeba.hdf5', result_dir='results', checkpoint=None, resume=False, domain_attrs='Male', target_attrs='Heavy_Makeup', exp_name=None, batch_size=512, lr=0.0001, wd=2e-05, epochs=20, seed=2024, num_workers=8, arch='resnet9', evaluate=False, gv=0.1, gr=0.3)
======================================= Epoch 0 =======================================
================= Test Set =================
+++++++++++ Find New Best Min ACC +++++++++++
The acc is 0.5000, 0.5000, 0.5000
Time Consumption for one epoch is 8.457940101623535s
======================================= Epoch 1 =======================================
================= Test Set =================
+++++++++++ Find New Best Min ACC +++++++++++
The acc is 0.5045, 0.5227, 0.5000
Time Consumption for one epoch is 8.231919765472412s
======================================= Epoch 2 =======================================
================= Test Set =================
The acc is 0.5045, 0.5227, 0.5000
Time Consumption for one epoch is 9.01706314086914s
======================================= Epoch 3 =======================================
================= Test Set =================
The acc is 0.5045, 0.5227, 0.5000
Time Consumption for one epoch is 10.078884601593018s
======================================= Epoch 4 =======================================
================= Test Set =================
The acc is 0.5045, 0.5227, 0.5000
Time Consumption for one epoch is 9.802009582519531s
======================================= Epoch 5 =======================================
================= Test Set =================
+++++++++++ Find New Best Min ACC +++++++++++
The acc is 0.5091, 0.5227, 0.5057
Time Consumption for one epoch is 8.379603862762451s
======================================= Epoch 6 =======================================
================= Test Set =================
The acc is 0.5091, 0.5227, 0.5057
Time Consumption for one epoch is 8.915287971496582s
======================================= Epoch 7 =======================================
================= Test Set =================
The acc is 0.5091, 0.5227, 0.5057
Time Consumption for one epoch is 8.03860855102539s
======================================= Epoch 8 =======================================
================= Test Set =================
The acc is 0.5091, 0.5227, 0.5057
Time Consumption for one epoch is 7.386907577514648s
======================================= Epoch 9 =======================================
================= Test Set =================
+++++++++++ Find New Best Min ACC +++++++++++
The acc is 0.5409, 0.5000, 0.5511
Time Consumption for one epoch is 7.984191179275513s
======================================= Epoch 10 =======================================
================= Test Set =================
+++++++++++ Find New Best Min ACC +++++++++++
The acc is 0.6091, 0.5682, 0.6193
Time Consumption for one epoch is 8.538765907287598s
======================================= Epoch 11 =======================================
================= Test Set =================
The acc is 0.6091, 0.5682, 0.6193
Time Consumption for one epoch is 9.465378761291504s
======================================= Epoch 12 =======================================
================= Test Set =================
+++++++++++ Find New Best Min ACC +++++++++++
The acc is 0.6500, 0.5455, 0.6761
Time Consumption for one epoch is 8.367776870727539s
======================================= Epoch 13 =======================================
================= Test Set =================
The acc is 0.6500, 0.5455, 0.6761
Time Consumption for one epoch is 8.701093196868896s
======================================= Epoch 14 =======================================
================= Test Set =================
+++++++++++ Find New Best Min ACC +++++++++++
The acc is 0.6682, 0.5682, 0.6932
Time Consumption for one epoch is 8.428504943847656s
======================================= Epoch 15 =======================================
================= Test Set =================
The acc is 0.6682, 0.5682, 0.6932
Time Consumption for one epoch is 8.388552904129028s
======================================= Epoch 16 =======================================
================= Test Set =================
The acc is 0.6682, 0.5682, 0.6932
Time Consumption for one epoch is 9.300404071807861s
======================================= Epoch 17 =======================================
================= Test Set =================
The acc is 0.6682, 0.5682, 0.6932
Time Consumption for one epoch is 8.663063526153564s
======================================= Epoch 18 =======================================
================= Test Set =================
+++++++++++ Find New Best Min ACC +++++++++++
The acc is 0.6773, 0.5909, 0.6989
Time Consumption for one epoch is 8.999320268630981s
======================================= Epoch 19 =======================================
================= Test Set =================
The acc is 0.6773, 0.5909, 0.6989
Time Consumption for one epoch is 8.589791774749756s
The final acc is 0.6773, 0.5909, 0.6989
