Namespace(data_dir='/data/yihua/dataset/celeba/celeba.hdf5', result_dir='results', checkpoint=None, resume=False, domain_attrs='Male', target_attrs='Heavy_Makeup', exp_name=None, batch_size=512, lr=0.0001, wd=2e-05, epochs=20, seed=2021, num_workers=8, arch='resnet9', evaluate=False, gv=0.01, gr=0.1)
======================================= Epoch 0 =======================================
================= Test Set =================
+++++++++++ Find New Best Min ACC +++++++++++
The acc is 0.5000, 0.5000, 0.5000
Time Consumption for one epoch is 9.362620115280151s
======================================= Epoch 1 =======================================
================= Test Set =================
The acc is 0.5000, 0.5000, 0.5000
Time Consumption for one epoch is 9.076143026351929s
======================================= Epoch 2 =======================================
================= Test Set =================
The acc is 0.5000, 0.5000, 0.5000
Time Consumption for one epoch is 7.276921033859253s
======================================= Epoch 3 =======================================
================= Test Set =================
The acc is 0.5000, 0.5000, 0.5000
Time Consumption for one epoch is 8.208759069442749s
======================================= Epoch 4 =======================================
================= Test Set =================
+++++++++++ Find New Best Min ACC +++++++++++
The acc is 0.5045, 0.5227, 0.5000
Time Consumption for one epoch is 8.99871826171875s
======================================= Epoch 5 =======================================
================= Test Set =================
+++++++++++ Find New Best Min ACC +++++++++++
The acc is 0.5091, 0.5227, 0.5057
Time Consumption for one epoch is 7.939727067947388s
======================================= Epoch 6 =======================================
================= Test Set =================
The acc is 0.5091, 0.5227, 0.5057
Time Consumption for one epoch is 9.654224634170532s
======================================= Epoch 7 =======================================
================= Test Set =================
The acc is 0.5091, 0.5227, 0.5057
Time Consumption for one epoch is 9.00524353981018s
======================================= Epoch 8 =======================================
================= Test Set =================
+++++++++++ Find New Best Min ACC +++++++++++
The acc is 0.5227, 0.5455, 0.5170
Time Consumption for one epoch is 8.433068752288818s
======================================= Epoch 9 =======================================
================= Test Set =================
+++++++++++ Find New Best Min ACC +++++++++++
The acc is 0.5818, 0.5000, 0.6023
Time Consumption for one epoch is 8.860037565231323s
======================================= Epoch 10 =======================================
================= Test Set =================
+++++++++++ Find New Best Min ACC +++++++++++
The acc is 0.5955, 0.4318, 0.6364
Time Consumption for one epoch is 9.286139726638794s
======================================= Epoch 11 =======================================
================= Test Set =================
+++++++++++ Find New Best Min ACC +++++++++++
The acc is 0.6364, 0.5682, 0.6534
Time Consumption for one epoch is 8.719113111495972s
======================================= Epoch 12 =======================================
================= Test Set =================
+++++++++++ Find New Best Min ACC +++++++++++
The acc is 0.6455, 0.5682, 0.6648
Time Consumption for one epoch is 10.049236536026001s
======================================= Epoch 13 =======================================
================= Test Set =================
The acc is 0.6455, 0.5682, 0.6648
Time Consumption for one epoch is 7.507758855819702s
======================================= Epoch 14 =======================================
================= Test Set =================
+++++++++++ Find New Best Min ACC +++++++++++
The acc is 0.6545, 0.5227, 0.6875
Time Consumption for one epoch is 8.487075328826904s
======================================= Epoch 15 =======================================
================= Test Set =================
The acc is 0.6545, 0.5227, 0.6875
Time Consumption for one epoch is 8.447722673416138s
======================================= Epoch 16 =======================================
================= Test Set =================
+++++++++++ Find New Best Min ACC +++++++++++
The acc is 0.6682, 0.5227, 0.7045
Time Consumption for one epoch is 9.2256338596344s
======================================= Epoch 17 =======================================
================= Test Set =================
The acc is 0.6682, 0.5227, 0.7045
Time Consumption for one epoch is 7.98956823348999s
======================================= Epoch 18 =======================================
================= Test Set =================
The acc is 0.6682, 0.5227, 0.7045
Time Consumption for one epoch is 7.882256269454956s
======================================= Epoch 19 =======================================
================= Test Set =================
+++++++++++ Find New Best Min ACC +++++++++++
The acc is 0.6727, 0.5227, 0.7102
Time Consumption for one epoch is 9.42898440361023s
The final acc is 0.6727, 0.5227, 0.7102
