Namespace(data_dir='/data/yihua/dataset/celeba/celeba.hdf5', result_dir='crop_study', checkpoint=None, resume=False, domain_attrs='Male', target_attrs='Blond_Hair', exp_name=None, batch_size=512, lr=0.0001, wd=2e-05, epochs=20, seed=2020, num_workers=8, arch='resnet9', evaluate=False, total_num=5000, test_num=1000, gv=160.0, gr=0.3, minor_ratio=0.2, add_aug='crop')
======================================= Epoch 0 =======================================
================= Test Set =================
+++++++++++ Find New Best Min ACC +++++++++++
The acc is 0.4624, 0.4186, 0.5000
Time Consumption for one epoch is 16.08823013305664s
======================================= Epoch 1 =======================================
================= Test Set =================
+++++++++++ Find New Best Min ACC +++++++++++
The acc is 0.4656, 0.4209, 0.5040
Time Consumption for one epoch is 15.001230239868164s
======================================= Epoch 2 =======================================
================= Test Set =================
+++++++++++ Find New Best Min ACC +++++++++++
The acc is 0.7548, 0.7349, 0.7720
Time Consumption for one epoch is 14.33188009262085s
======================================= Epoch 3 =======================================
================= Test Set =================
+++++++++++ Find New Best Min ACC +++++++++++
The acc is 0.8301, 0.8047, 0.8520
Time Consumption for one epoch is 14.360796928405762s
======================================= Epoch 4 =======================================
================= Test Set =================
+++++++++++ Find New Best Min ACC +++++++++++
The acc is 0.8441, 0.8070, 0.8760
Time Consumption for one epoch is 14.7914559841156s
======================================= Epoch 5 =======================================
================= Test Set =================
+++++++++++ Find New Best Min ACC +++++++++++
The acc is 0.8774, 0.8512, 0.9000
Time Consumption for one epoch is 14.96347951889038s
======================================= Epoch 6 =======================================
================= Test Set =================
The acc is 0.8774, 0.8512, 0.9000
Time Consumption for one epoch is 14.725898504257202s
======================================= Epoch 7 =======================================
================= Test Set =================
The acc is 0.8774, 0.8512, 0.9000
Time Consumption for one epoch is 14.858427286148071s
======================================= Epoch 8 =======================================
================= Test Set =================
The acc is 0.8774, 0.8512, 0.9000
Time Consumption for one epoch is 14.43013620376587s
======================================= Epoch 9 =======================================
================= Test Set =================
The acc is 0.8774, 0.8512, 0.9000
Time Consumption for one epoch is 14.782454013824463s
======================================= Epoch 10 =======================================
================= Test Set =================
+++++++++++ Find New Best Min ACC +++++++++++
The acc is 0.8871, 0.8791, 0.8940
Time Consumption for one epoch is 14.735175371170044s
======================================= Epoch 11 =======================================
================= Test Set =================
The acc is 0.8871, 0.8791, 0.8940
Time Consumption for one epoch is 14.289907932281494s
======================================= Epoch 12 =======================================
================= Test Set =================
The acc is 0.8871, 0.8791, 0.8940
Time Consumption for one epoch is 14.518914937973022s
======================================= Epoch 13 =======================================
================= Test Set =================
The acc is 0.8871, 0.8791, 0.8940
Time Consumption for one epoch is 14.174185276031494s
======================================= Epoch 14 =======================================
================= Test Set =================
+++++++++++ Find New Best Min ACC +++++++++++
The acc is 0.8925, 0.8814, 0.9020
Time Consumption for one epoch is 14.751822233200073s
======================================= Epoch 15 =======================================
================= Test Set =================
+++++++++++ Find New Best Min ACC +++++++++++
The acc is 0.8946, 0.8721, 0.9140
Time Consumption for one epoch is 14.563293695449829s
======================================= Epoch 16 =======================================
================= Test Set =================
+++++++++++ Find New Best Min ACC +++++++++++
The acc is 0.9065, 0.8907, 0.9200
Time Consumption for one epoch is 14.375287771224976s
======================================= Epoch 17 =======================================
================= Test Set =================
The acc is 0.9065, 0.8907, 0.9200
Time Consumption for one epoch is 14.417575359344482s
======================================= Epoch 18 =======================================
================= Test Set =================
The acc is 0.9065, 0.8907, 0.9200
Time Consumption for one epoch is 14.609278678894043s
======================================= Epoch 19 =======================================
================= Test Set =================
The acc is 0.9065, 0.8907, 0.9200
Time Consumption for one epoch is 15.075939893722534s
The final acc is 0.9065, 0.8907, 0.9200
