Namespace(data_dir='/data/yihua/dataset/celeba/celeba.hdf5', result_dir='results', checkpoint=None, resume=False, domain_attrs='Male', target_attrs='Blond_Hair', exp_name=None, batch_size=512, lr=0.0001, wd=2e-05, epochs=20, seed=2022, num_workers=8, arch='resnet18', evaluate=False, gv=10.0, gr=0.1)
======================================= Epoch 0 =======================================
================= Test Set =================
+++++++++++ Find New Best Min ACC +++++++++++
The acc is 0.6844, 0.6667, 0.6889
Time Consumption for one epoch is 45.904582262039185s
======================================= Epoch 1 =======================================
================= Test Set =================
+++++++++++ Find New Best Min ACC +++++++++++
The acc is 0.8750, 0.8306, 0.8861
Time Consumption for one epoch is 41.73294019699097s
======================================= Epoch 2 =======================================
================= Test Set =================
The acc is 0.8750, 0.8306, 0.8861
Time Consumption for one epoch is 41.447306632995605s
======================================= Epoch 3 =======================================
================= Test Set =================
+++++++++++ Find New Best Min ACC +++++++++++
The acc is 0.9006, 0.8722, 0.9076
Time Consumption for one epoch is 43.038938999176025s
======================================= Epoch 4 =======================================
================= Test Set =================
The acc is 0.9006, 0.8722, 0.9076
Time Consumption for one epoch is 41.31092095375061s
======================================= Epoch 5 =======================================
================= Test Set =================
The acc is 0.9006, 0.8722, 0.9076
Time Consumption for one epoch is 42.01728844642639s
======================================= Epoch 6 =======================================
================= Test Set =================
+++++++++++ Find New Best Min ACC +++++++++++
The acc is 0.9067, 0.8944, 0.9097
Time Consumption for one epoch is 42.37145376205444s
======================================= Epoch 7 =======================================
================= Test Set =================
The acc is 0.9067, 0.8944, 0.9097
Time Consumption for one epoch is 41.2980694770813s
======================================= Epoch 8 =======================================
================= Test Set =================
The acc is 0.9067, 0.8944, 0.9097
Time Consumption for one epoch is 41.12453746795654s
======================================= Epoch 9 =======================================
================= Test Set =================
The acc is 0.9067, 0.8944, 0.9097
Time Consumption for one epoch is 41.75968360900879s
======================================= Epoch 10 =======================================
================= Test Set =================
The acc is 0.9067, 0.8944, 0.9097
Time Consumption for one epoch is 41.66468596458435s
======================================= Epoch 11 =======================================
================= Test Set =================
The acc is 0.9067, 0.8944, 0.9097
Time Consumption for one epoch is 41.46781373023987s
======================================= Epoch 12 =======================================
================= Test Set =================
The acc is 0.9067, 0.8944, 0.9097
Time Consumption for one epoch is 41.35745358467102s
======================================= Epoch 13 =======================================
================= Test Set =================
+++++++++++ Find New Best Min ACC +++++++++++
The acc is 0.9117, 0.9111, 0.9118
Time Consumption for one epoch is 42.31295967102051s
======================================= Epoch 14 =======================================
================= Test Set =================
+++++++++++ Find New Best Min ACC +++++++++++
The acc is 0.9128, 0.8917, 0.9181
Time Consumption for one epoch is 42.003772497177124s
======================================= Epoch 15 =======================================
================= Test Set =================
The acc is 0.9128, 0.8917, 0.9181
Time Consumption for one epoch is 41.80930137634277s
======================================= Epoch 16 =======================================
================= Test Set =================
+++++++++++ Find New Best Min ACC +++++++++++
The acc is 0.9167, 0.8944, 0.9222
Time Consumption for one epoch is 42.616841554641724s
======================================= Epoch 17 =======================================
================= Test Set =================
+++++++++++ Find New Best Min ACC +++++++++++
The acc is 0.9250, 0.9139, 0.9278
Time Consumption for one epoch is 40.90298676490784s
======================================= Epoch 18 =======================================
================= Test Set =================
The acc is 0.9250, 0.9139, 0.9278
Time Consumption for one epoch is 42.116371393203735s
======================================= Epoch 19 =======================================
================= Test Set =================
The acc is 0.9250, 0.9139, 0.9278
Time Consumption for one epoch is 41.68890309333801s
The final acc is 0.9250, 0.9139, 0.9278
