Namespace(data_dir='/data/yihua/dataset/celeba/celeba.hdf5', result_dir='rotation_study', checkpoint=None, resume=False, domain_attrs='Male', target_attrs='Blond_Hair', exp_name=None, batch_size=512, lr=0.0001, wd=2e-05, epochs=20, seed=2021, num_workers=8, arch='resnet9', evaluate=False, total_num=5000, test_num=1000, gv=180.0, gr=0.5, minor_ratio=0.2, add_aug='rotation')
======================================= Epoch 0 =======================================
================= Test Set =================
+++++++++++ Find New Best Min ACC +++++++++++
The acc is 0.4624, 0.4186, 0.5000
Time Consumption for one epoch is 16.74646019935608s
======================================= Epoch 1 =======================================
================= Test Set =================
The acc is 0.4624, 0.4186, 0.5000
Time Consumption for one epoch is 14.482370853424072s
======================================= Epoch 2 =======================================
================= Test Set =================
+++++++++++ Find New Best Min ACC +++++++++++
The acc is 0.6935, 0.6605, 0.7220
Time Consumption for one epoch is 14.742623329162598s
======================================= Epoch 3 =======================================
================= Test Set =================
The acc is 0.6935, 0.6605, 0.7220
Time Consumption for one epoch is 15.030163288116455s
======================================= Epoch 4 =======================================
================= Test Set =================
+++++++++++ Find New Best Min ACC +++++++++++
The acc is 0.8419, 0.8186, 0.8620
Time Consumption for one epoch is 14.845379829406738s
======================================= Epoch 5 =======================================
================= Test Set =================
+++++++++++ Find New Best Min ACC +++++++++++
The acc is 0.8677, 0.8488, 0.8840
Time Consumption for one epoch is 14.218932390213013s
======================================= Epoch 6 =======================================
================= Test Set =================
The acc is 0.8677, 0.8488, 0.8840
Time Consumption for one epoch is 14.994880676269531s
======================================= Epoch 7 =======================================
================= Test Set =================
The acc is 0.8677, 0.8488, 0.8840
Time Consumption for one epoch is 14.687932252883911s
======================================= Epoch 8 =======================================
================= Test Set =================
+++++++++++ Find New Best Min ACC +++++++++++
The acc is 0.8763, 0.8558, 0.8940
Time Consumption for one epoch is 14.878159046173096s
======================================= Epoch 9 =======================================
================= Test Set =================
The acc is 0.8763, 0.8558, 0.8940
Time Consumption for one epoch is 14.295092344284058s
======================================= Epoch 10 =======================================
================= Test Set =================
+++++++++++ Find New Best Min ACC +++++++++++
The acc is 0.8882, 0.8698, 0.9040
Time Consumption for one epoch is 14.28278112411499s
======================================= Epoch 11 =======================================
================= Test Set =================
The acc is 0.8882, 0.8698, 0.9040
Time Consumption for one epoch is 14.87139105796814s
======================================= Epoch 12 =======================================
================= Test Set =================
The acc is 0.8882, 0.8698, 0.9040
Time Consumption for one epoch is 14.768206119537354s
======================================= Epoch 13 =======================================
================= Test Set =================
The acc is 0.8882, 0.8698, 0.9040
Time Consumption for one epoch is 14.639548063278198s
======================================= Epoch 14 =======================================
================= Test Set =================
+++++++++++ Find New Best Min ACC +++++++++++
The acc is 0.9000, 0.8930, 0.9060
Time Consumption for one epoch is 14.814905881881714s
======================================= Epoch 15 =======================================
================= Test Set =================
The acc is 0.9000, 0.8930, 0.9060
Time Consumption for one epoch is 14.714349031448364s
======================================= Epoch 16 =======================================
================= Test Set =================
The acc is 0.9000, 0.8930, 0.9060
Time Consumption for one epoch is 14.307451248168945s
======================================= Epoch 17 =======================================
================= Test Set =================
The acc is 0.9000, 0.8930, 0.9060
Time Consumption for one epoch is 14.194925308227539s
======================================= Epoch 18 =======================================
================= Test Set =================
The acc is 0.9000, 0.8930, 0.9060
Time Consumption for one epoch is 15.119072675704956s
======================================= Epoch 19 =======================================
================= Test Set =================
The acc is 0.9000, 0.8930, 0.9060
Time Consumption for one epoch is 15.013772010803223s
The final acc is 0.9000, 0.8930, 0.9060
