Namespace(data_dir='/data/yihua/dataset/celeba/celeba.hdf5', result_dir='rotation_study', checkpoint=None, resume=False, domain_attrs='Male', target_attrs='Blond_Hair', exp_name=None, batch_size=512, lr=0.0001, wd=2e-05, epochs=20, seed=2020, num_workers=8, arch='resnet18', evaluate=False, total_num=5000, test_num=1000, gv=90.0, gr=0.1, minor_ratio=0.2, add_aug='rotation')
======================================= Epoch 0 =======================================
================= Test Set =================
+++++++++++ Find New Best Min ACC +++++++++++
The acc is 0.4624, 0.4186, 0.5000
Time Consumption for one epoch is 22.92876362800598s
======================================= Epoch 1 =======================================
================= Test Set =================
The acc is 0.4624, 0.4186, 0.5000
Time Consumption for one epoch is 20.158973932266235s
======================================= Epoch 2 =======================================
================= Test Set =================
+++++++++++ Find New Best Min ACC +++++++++++
The acc is 0.4634, 0.5163, 0.4180
Time Consumption for one epoch is 20.858111143112183s
======================================= Epoch 3 =======================================
================= Test Set =================
+++++++++++ Find New Best Min ACC +++++++++++
The acc is 0.5645, 0.6047, 0.5300
Time Consumption for one epoch is 19.396729230880737s
======================================= Epoch 4 =======================================
================= Test Set =================
+++++++++++ Find New Best Min ACC +++++++++++
The acc is 0.6032, 0.6372, 0.5740
Time Consumption for one epoch is 19.33172845840454s
======================================= Epoch 5 =======================================
================= Test Set =================
+++++++++++ Find New Best Min ACC +++++++++++
The acc is 0.8333, 0.8023, 0.8600
Time Consumption for one epoch is 18.756970167160034s
======================================= Epoch 6 =======================================
================= Test Set =================
+++++++++++ Find New Best Min ACC +++++++++++
The acc is 0.8656, 0.8442, 0.8840
Time Consumption for one epoch is 19.86081576347351s
======================================= Epoch 7 =======================================
================= Test Set =================
The acc is 0.8656, 0.8442, 0.8840
Time Consumption for one epoch is 20.559183359146118s
======================================= Epoch 8 =======================================
================= Test Set =================
+++++++++++ Find New Best Min ACC +++++++++++
The acc is 0.8699, 0.8488, 0.8880
Time Consumption for one epoch is 18.662391662597656s
======================================= Epoch 9 =======================================
================= Test Set =================
The acc is 0.8699, 0.8488, 0.8880
Time Consumption for one epoch is 18.845109462738037s
======================================= Epoch 10 =======================================
================= Test Set =================
+++++++++++ Find New Best Min ACC +++++++++++
The acc is 0.8828, 0.8628, 0.9000
Time Consumption for one epoch is 20.03249168395996s
======================================= Epoch 11 =======================================
================= Test Set =================
The acc is 0.8828, 0.8628, 0.9000
Time Consumption for one epoch is 20.80482268333435s
======================================= Epoch 12 =======================================
================= Test Set =================
+++++++++++ Find New Best Min ACC +++++++++++
The acc is 0.8935, 0.8767, 0.9080
Time Consumption for one epoch is 19.82652711868286s
======================================= Epoch 13 =======================================
================= Test Set =================
The acc is 0.8935, 0.8767, 0.9080
Time Consumption for one epoch is 20.298664808273315s
======================================= Epoch 14 =======================================
================= Test Set =================
The acc is 0.8935, 0.8767, 0.9080
Time Consumption for one epoch is 19.995654821395874s
======================================= Epoch 15 =======================================
================= Test Set =================
The acc is 0.8935, 0.8767, 0.9080
Time Consumption for one epoch is 20.14616870880127s
======================================= Epoch 16 =======================================
================= Test Set =================
The acc is 0.8935, 0.8767, 0.9080
Time Consumption for one epoch is 18.497626781463623s
======================================= Epoch 17 =======================================
================= Test Set =================
The acc is 0.8935, 0.8767, 0.9080
Time Consumption for one epoch is 20.889694690704346s
======================================= Epoch 18 =======================================
================= Test Set =================
+++++++++++ Find New Best Min ACC +++++++++++
The acc is 0.8946, 0.8791, 0.9080
Time Consumption for one epoch is 19.112048387527466s
======================================= Epoch 19 =======================================
================= Test Set =================
The acc is 0.8946, 0.8791, 0.9080
Time Consumption for one epoch is 19.416767835617065s
The final acc is 0.8946, 0.8791, 0.9080
