Namespace(data_dir='/data/yihua/dataset/celeba/celeba.hdf5', result_dir='crop_study', checkpoint=None, resume=False, domain_attrs='Male', target_attrs='Blond_Hair', exp_name=None, batch_size=512, lr=0.0001, wd=2e-05, epochs=20, seed=2022, num_workers=8, arch='resnet18', evaluate=False, total_num=5000, test_num=1000, gv=100.0, gr=0.3, minor_ratio=0.2, add_aug='crop')
======================================= Epoch 0 =======================================
================= Test Set =================
+++++++++++ Find New Best Min ACC +++++++++++
The acc is 0.5366, 0.5791, 0.5000
Time Consumption for one epoch is 21.49889326095581s
======================================= Epoch 1 =======================================
================= Test Set =================
The acc is 0.5366, 0.5791, 0.5000
Time Consumption for one epoch is 21.210935354232788s
======================================= Epoch 2 =======================================
================= Test Set =================
The acc is 0.5366, 0.5791, 0.5000
Time Consumption for one epoch is 19.811928749084473s
======================================= Epoch 3 =======================================
================= Test Set =================
+++++++++++ Find New Best Min ACC +++++++++++
The acc is 0.7290, 0.7000, 0.7540
Time Consumption for one epoch is 20.956379890441895s
======================================= Epoch 4 =======================================
================= Test Set =================
The acc is 0.7290, 0.7000, 0.7540
Time Consumption for one epoch is 20.603820085525513s
======================================= Epoch 5 =======================================
================= Test Set =================
The acc is 0.7290, 0.7000, 0.7540
Time Consumption for one epoch is 20.798277616500854s
======================================= Epoch 6 =======================================
================= Test Set =================
+++++++++++ Find New Best Min ACC +++++++++++
The acc is 0.8613, 0.8302, 0.8880
Time Consumption for one epoch is 21.127911806106567s
======================================= Epoch 7 =======================================
================= Test Set =================
The acc is 0.8613, 0.8302, 0.8880
Time Consumption for one epoch is 19.021617889404297s
======================================= Epoch 8 =======================================
================= Test Set =================
+++++++++++ Find New Best Min ACC +++++++++++
The acc is 0.8688, 0.8442, 0.8900
Time Consumption for one epoch is 20.714932680130005s
======================================= Epoch 9 =======================================
================= Test Set =================
The acc is 0.8688, 0.8442, 0.8900
Time Consumption for one epoch is 21.84530520439148s
======================================= Epoch 10 =======================================
================= Test Set =================
The acc is 0.8688, 0.8442, 0.8900
Time Consumption for one epoch is 19.509390354156494s
======================================= Epoch 11 =======================================
================= Test Set =================
+++++++++++ Find New Best Min ACC +++++++++++
The acc is 0.8882, 0.8674, 0.9060
Time Consumption for one epoch is 19.302127838134766s
======================================= Epoch 12 =======================================
================= Test Set =================
The acc is 0.8882, 0.8674, 0.9060
Time Consumption for one epoch is 21.896196365356445s
======================================= Epoch 13 =======================================
================= Test Set =================
The acc is 0.8882, 0.8674, 0.9060
Time Consumption for one epoch is 21.725940465927124s
======================================= Epoch 14 =======================================
================= Test Set =================
+++++++++++ Find New Best Min ACC +++++++++++
The acc is 0.8957, 0.8837, 0.9060
Time Consumption for one epoch is 22.003212213516235s
======================================= Epoch 15 =======================================
================= Test Set =================
The acc is 0.8957, 0.8837, 0.9060
Time Consumption for one epoch is 22.038824796676636s
======================================= Epoch 16 =======================================
================= Test Set =================
+++++++++++ Find New Best Min ACC +++++++++++
The acc is 0.8968, 0.8837, 0.9080
Time Consumption for one epoch is 20.553509950637817s
======================================= Epoch 17 =======================================
================= Test Set =================
+++++++++++ Find New Best Min ACC +++++++++++
The acc is 0.9000, 0.8907, 0.9080
Time Consumption for one epoch is 20.187318801879883s
======================================= Epoch 18 =======================================
================= Test Set =================
+++++++++++ Find New Best Min ACC +++++++++++
The acc is 0.9011, 0.8884, 0.9120
Time Consumption for one epoch is 19.877931356430054s
======================================= Epoch 19 =======================================
================= Test Set =================
The acc is 0.9011, 0.8884, 0.9120
Time Consumption for one epoch is 19.508174896240234s
The final acc is 0.9011, 0.8884, 0.9120
