Namespace(data_dir='/data/yihua/dataset/celeba/celeba.hdf5', result_dir='results', checkpoint=None, resume=False, domain_attrs='Male', target_attrs='Blond_Hair', exp_name=None, batch_size=512, lr=0.0001, wd=2e-05, epochs=20, seed=2021, num_workers=8, arch='resnet9', evaluate=False, gv=0.1, gr=0.1)
======================================= Epoch 0 =======================================
================= Test Set =================
+++++++++++ Find New Best Min ACC +++++++++++
The acc is 0.5650, 0.5528, 0.5681
Time Consumption for one epoch is 29.98652410507202s
======================================= Epoch 1 =======================================
================= Test Set =================
+++++++++++ Find New Best Min ACC +++++++++++
The acc is 0.8744, 0.8306, 0.8854
Time Consumption for one epoch is 26.916390419006348s
======================================= Epoch 2 =======================================
================= Test Set =================
+++++++++++ Find New Best Min ACC +++++++++++
The acc is 0.8856, 0.8389, 0.8972
Time Consumption for one epoch is 27.058549880981445s
======================================= Epoch 3 =======================================
================= Test Set =================
The acc is 0.8856, 0.8389, 0.8972
Time Consumption for one epoch is 27.414408445358276s
======================================= Epoch 4 =======================================
================= Test Set =================
+++++++++++ Find New Best Min ACC +++++++++++
The acc is 0.8972, 0.8806, 0.9014
Time Consumption for one epoch is 26.77437686920166s
======================================= Epoch 5 =======================================
================= Test Set =================
+++++++++++ Find New Best Min ACC +++++++++++
The acc is 0.9028, 0.8861, 0.9069
Time Consumption for one epoch is 25.063698530197144s
======================================= Epoch 6 =======================================
================= Test Set =================
The acc is 0.9028, 0.8861, 0.9069
Time Consumption for one epoch is 27.768880367279053s
======================================= Epoch 7 =======================================
================= Test Set =================
+++++++++++ Find New Best Min ACC +++++++++++
The acc is 0.9089, 0.8861, 0.9146
Time Consumption for one epoch is 26.064098596572876s
======================================= Epoch 8 =======================================
================= Test Set =================
The acc is 0.9089, 0.8861, 0.9146
Time Consumption for one epoch is 25.95687770843506s
======================================= Epoch 9 =======================================
================= Test Set =================
The acc is 0.9089, 0.8861, 0.9146
Time Consumption for one epoch is 26.946993827819824s
======================================= Epoch 10 =======================================
================= Test Set =================
The acc is 0.9089, 0.8861, 0.9146
Time Consumption for one epoch is 27.23663091659546s
======================================= Epoch 11 =======================================
================= Test Set =================
+++++++++++ Find New Best Min ACC +++++++++++
The acc is 0.9178, 0.9028, 0.9215
Time Consumption for one epoch is 26.130732536315918s
======================================= Epoch 12 =======================================
================= Test Set =================
The acc is 0.9178, 0.9028, 0.9215
Time Consumption for one epoch is 26.93161702156067s
======================================= Epoch 13 =======================================
================= Test Set =================
The acc is 0.9178, 0.9028, 0.9215
Time Consumption for one epoch is 26.094314575195312s
======================================= Epoch 14 =======================================
================= Test Set =================
+++++++++++ Find New Best Min ACC +++++++++++
The acc is 0.9217, 0.9139, 0.9236
Time Consumption for one epoch is 26.859832763671875s
======================================= Epoch 15 =======================================
================= Test Set =================
The acc is 0.9217, 0.9139, 0.9236
Time Consumption for one epoch is 26.196074962615967s
======================================= Epoch 16 =======================================
================= Test Set =================
The acc is 0.9217, 0.9139, 0.9236
Time Consumption for one epoch is 27.261563301086426s
======================================= Epoch 17 =======================================
================= Test Set =================
The acc is 0.9217, 0.9139, 0.9236
Time Consumption for one epoch is 27.622878551483154s
======================================= Epoch 18 =======================================
================= Test Set =================
The acc is 0.9217, 0.9139, 0.9236
Time Consumption for one epoch is 27.935264587402344s
======================================= Epoch 19 =======================================
================= Test Set =================
The acc is 0.9217, 0.9139, 0.9236
Time Consumption for one epoch is 27.067846059799194s
The final acc is 0.9217, 0.9139, 0.9236
