Namespace(data_dir='/data/yihua/dataset/celeba/celeba.hdf5', result_dir='crop_study', checkpoint=None, resume=False, domain_attrs='Male', target_attrs='Blond_Hair', exp_name=None, batch_size=512, lr=0.0001, wd=2e-05, epochs=20, seed=2020, num_workers=8, arch='resnet18', evaluate=False, total_num=5000, test_num=1000, gv=220.0, gr=0.1, minor_ratio=0.2, add_aug='crop')
======================================= Epoch 0 =======================================
================= Test Set =================
+++++++++++ Find New Best Min ACC +++++++++++
The acc is 0.4624, 0.4186, 0.5000
Time Consumption for one epoch is 22.15664577484131s
======================================= Epoch 1 =======================================
================= Test Set =================
The acc is 0.4624, 0.4186, 0.5000
Time Consumption for one epoch is 19.895870208740234s
======================================= Epoch 2 =======================================
================= Test Set =================
The acc is 0.4624, 0.4186, 0.5000
Time Consumption for one epoch is 20.405332326889038s
======================================= Epoch 3 =======================================
================= Test Set =================
+++++++++++ Find New Best Min ACC +++++++++++
The acc is 0.6108, 0.6349, 0.5900
Time Consumption for one epoch is 18.690342903137207s
======================================= Epoch 4 =======================================
================= Test Set =================
+++++++++++ Find New Best Min ACC +++++++++++
The acc is 0.7204, 0.7116, 0.7280
Time Consumption for one epoch is 18.907164812088013s
======================================= Epoch 5 =======================================
================= Test Set =================
+++++++++++ Find New Best Min ACC +++++++++++
The acc is 0.8247, 0.7837, 0.8600
Time Consumption for one epoch is 18.70292353630066s
======================================= Epoch 6 =======================================
================= Test Set =================
+++++++++++ Find New Best Min ACC +++++++++++
The acc is 0.8516, 0.8209, 0.8780
Time Consumption for one epoch is 18.854557514190674s
======================================= Epoch 7 =======================================
================= Test Set =================
+++++++++++ Find New Best Min ACC +++++++++++
The acc is 0.8785, 0.8581, 0.8960
Time Consumption for one epoch is 19.802836894989014s
======================================= Epoch 8 =======================================
================= Test Set =================
The acc is 0.8785, 0.8581, 0.8960
Time Consumption for one epoch is 20.425721883773804s
======================================= Epoch 9 =======================================
================= Test Set =================
The acc is 0.8785, 0.8581, 0.8960
Time Consumption for one epoch is 20.4868483543396s
======================================= Epoch 10 =======================================
================= Test Set =================
The acc is 0.8785, 0.8581, 0.8960
Time Consumption for one epoch is 20.61595106124878s
======================================= Epoch 11 =======================================
================= Test Set =================
The acc is 0.8785, 0.8581, 0.8960
Time Consumption for one epoch is 20.094980001449585s
======================================= Epoch 12 =======================================
================= Test Set =================
+++++++++++ Find New Best Min ACC +++++++++++
The acc is 0.8925, 0.8744, 0.9080
Time Consumption for one epoch is 20.759326934814453s
======================================= Epoch 13 =======================================
================= Test Set =================
The acc is 0.8925, 0.8744, 0.9080
Time Consumption for one epoch is 20.34169626235962s
======================================= Epoch 14 =======================================
================= Test Set =================
The acc is 0.8925, 0.8744, 0.9080
Time Consumption for one epoch is 20.32098889350891s
======================================= Epoch 15 =======================================
================= Test Set =================
The acc is 0.8925, 0.8744, 0.9080
Time Consumption for one epoch is 21.397928714752197s
======================================= Epoch 16 =======================================
================= Test Set =================
The acc is 0.8925, 0.8744, 0.9080
Time Consumption for one epoch is 19.649723052978516s
======================================= Epoch 17 =======================================
================= Test Set =================
The acc is 0.8925, 0.8744, 0.9080
Time Consumption for one epoch is 20.19798755645752s
======================================= Epoch 18 =======================================
================= Test Set =================
+++++++++++ Find New Best Min ACC +++++++++++
The acc is 0.8935, 0.8767, 0.9080
Time Consumption for one epoch is 18.57742190361023s
======================================= Epoch 19 =======================================
================= Test Set =================
+++++++++++ Find New Best Min ACC +++++++++++
The acc is 0.8989, 0.8837, 0.9120
Time Consumption for one epoch is 20.02413010597229s
The final acc is 0.8989, 0.8837, 0.9120
