Namespace(data_dir='/data/yihua/dataset/celeba/celeba.hdf5', result_dir='rotation_study', checkpoint=None, resume=False, domain_attrs='Male', target_attrs='Blond_Hair', exp_name=None, batch_size=512, lr=0.0001, wd=2e-05, epochs=20, seed=2022, num_workers=8, arch='resnet18', evaluate=False, total_num=5000, test_num=1000, gv=0.0, gr=0.1, minor_ratio=0.2, add_aug='rotation')
======================================= Epoch 0 =======================================
================= Test Set =================
+++++++++++ Find New Best Min ACC +++++++++++
The acc is 0.4763, 0.4279, 0.5180
Time Consumption for one epoch is 21.948698043823242s
======================================= Epoch 1 =======================================
================= Test Set =================
+++++++++++ Find New Best Min ACC +++++++++++
The acc is 0.5376, 0.5814, 0.5000
Time Consumption for one epoch is 19.601705312728882s
======================================= Epoch 2 =======================================
================= Test Set =================
The acc is 0.5376, 0.5814, 0.5000
Time Consumption for one epoch is 18.69697403907776s
======================================= Epoch 3 =======================================
================= Test Set =================
+++++++++++ Find New Best Min ACC +++++++++++
The acc is 0.5570, 0.5930, 0.5260
Time Consumption for one epoch is 20.788485765457153s
======================================= Epoch 4 =======================================
================= Test Set =================
The acc is 0.5570, 0.5930, 0.5260
Time Consumption for one epoch is 21.798362493515015s
======================================= Epoch 5 =======================================
================= Test Set =================
+++++++++++ Find New Best Min ACC +++++++++++
The acc is 0.8151, 0.7721, 0.8520
Time Consumption for one epoch is 20.97391414642334s
======================================= Epoch 6 =======================================
================= Test Set =================
+++++++++++ Find New Best Min ACC +++++++++++
The acc is 0.8570, 0.8186, 0.8900
Time Consumption for one epoch is 19.027918577194214s
======================================= Epoch 7 =======================================
================= Test Set =================
The acc is 0.8570, 0.8186, 0.8900
Time Consumption for one epoch is 20.125908613204956s
======================================= Epoch 8 =======================================
================= Test Set =================
The acc is 0.8570, 0.8186, 0.8900
Time Consumption for one epoch is 20.88329792022705s
======================================= Epoch 9 =======================================
================= Test Set =================
The acc is 0.8570, 0.8186, 0.8900
Time Consumption for one epoch is 18.713935613632202s
======================================= Epoch 10 =======================================
================= Test Set =================
The acc is 0.8570, 0.8186, 0.8900
Time Consumption for one epoch is 18.552942752838135s
======================================= Epoch 11 =======================================
================= Test Set =================
+++++++++++ Find New Best Min ACC +++++++++++
The acc is 0.8656, 0.8465, 0.8820
Time Consumption for one epoch is 19.986451387405396s
======================================= Epoch 12 =======================================
================= Test Set =================
+++++++++++ Find New Best Min ACC +++++++++++
The acc is 0.8796, 0.8488, 0.9060
Time Consumption for one epoch is 21.783235788345337s
======================================= Epoch 13 =======================================
================= Test Set =================
The acc is 0.8796, 0.8488, 0.9060
Time Consumption for one epoch is 18.493003129959106s
======================================= Epoch 14 =======================================
================= Test Set =================
The acc is 0.8796, 0.8488, 0.9060
Time Consumption for one epoch is 20.263278007507324s
======================================= Epoch 15 =======================================
================= Test Set =================
The acc is 0.8796, 0.8488, 0.9060
Time Consumption for one epoch is 20.24410390853882s
======================================= Epoch 16 =======================================
================= Test Set =================
+++++++++++ Find New Best Min ACC +++++++++++
The acc is 0.8849, 0.8651, 0.9020
Time Consumption for one epoch is 19.25928544998169s
======================================= Epoch 17 =======================================
================= Test Set =================
+++++++++++ Find New Best Min ACC +++++++++++
The acc is 0.8860, 0.8767, 0.8940
Time Consumption for one epoch is 20.53907012939453s
======================================= Epoch 18 =======================================
================= Test Set =================
The acc is 0.8860, 0.8767, 0.8940
Time Consumption for one epoch is 20.79428219795227s
======================================= Epoch 19 =======================================
================= Test Set =================
+++++++++++ Find New Best Min ACC +++++++++++
The acc is 0.8871, 0.8674, 0.9040
Time Consumption for one epoch is 20.266477584838867s
The final acc is 0.8871, 0.8674, 0.9040
