Namespace(data_dir='/data/yihua/dataset/celeba/celeba.hdf5', result_dir='results', checkpoint=None, resume=False, domain_attrs='Male', target_attrs='Heavy_Makeup', exp_name=None, batch_size=512, lr=0.0001, wd=2e-05, epochs=20, seed=42, num_workers=8, arch='resnet9', evaluate=False, gv=0.05, gr=0.1)
======================================= Epoch 0 =======================================
================= Test Set =================
+++++++++++ Find New Best Min ACC +++++++++++
The acc is 0.5000, 0.5227, 0.4943
Time Consumption for one epoch is 9.270734310150146s
======================================= Epoch 1 =======================================
================= Test Set =================
The acc is 0.5000, 0.5227, 0.4943
Time Consumption for one epoch is 9.550713300704956s
======================================= Epoch 2 =======================================
================= Test Set =================
The acc is 0.5000, 0.5227, 0.4943
Time Consumption for one epoch is 9.023539304733276s
======================================= Epoch 3 =======================================
================= Test Set =================
The acc is 0.5000, 0.5227, 0.4943
Time Consumption for one epoch is 8.388130187988281s
======================================= Epoch 4 =======================================
================= Test Set =================
The acc is 0.5000, 0.5227, 0.4943
Time Consumption for one epoch is 8.588403701782227s
======================================= Epoch 5 =======================================
================= Test Set =================
The acc is 0.5000, 0.5227, 0.4943
Time Consumption for one epoch is 8.188232421875s
======================================= Epoch 6 =======================================
================= Test Set =================
The acc is 0.5000, 0.5227, 0.4943
Time Consumption for one epoch is 7.436124324798584s
======================================= Epoch 7 =======================================
================= Test Set =================
+++++++++++ Find New Best Min ACC +++++++++++
The acc is 0.5182, 0.5227, 0.5170
Time Consumption for one epoch is 7.470212697982788s
======================================= Epoch 8 =======================================
================= Test Set =================
+++++++++++ Find New Best Min ACC +++++++++++
The acc is 0.5727, 0.5000, 0.5909
Time Consumption for one epoch is 8.255710124969482s
======================================= Epoch 9 =======================================
================= Test Set =================
+++++++++++ Find New Best Min ACC +++++++++++
The acc is 0.5864, 0.5227, 0.6023
Time Consumption for one epoch is 8.533075094223022s
======================================= Epoch 10 =======================================
================= Test Set =================
+++++++++++ Find New Best Min ACC +++++++++++
The acc is 0.6000, 0.5227, 0.6193
Time Consumption for one epoch is 7.756678581237793s
======================================= Epoch 11 =======================================
================= Test Set =================
The acc is 0.6000, 0.5227, 0.6193
Time Consumption for one epoch is 9.332274675369263s
======================================= Epoch 12 =======================================
================= Test Set =================
+++++++++++ Find New Best Min ACC +++++++++++
The acc is 0.6318, 0.5227, 0.6591
Time Consumption for one epoch is 8.446919679641724s
======================================= Epoch 13 =======================================
================= Test Set =================
The acc is 0.6318, 0.5227, 0.6591
Time Consumption for one epoch is 9.1550874710083s
======================================= Epoch 14 =======================================
================= Test Set =================
+++++++++++ Find New Best Min ACC +++++++++++
The acc is 0.6636, 0.5455, 0.6932
Time Consumption for one epoch is 8.567124128341675s
======================================= Epoch 15 =======================================
================= Test Set =================
+++++++++++ Find New Best Min ACC +++++++++++
The acc is 0.6682, 0.5909, 0.6875
Time Consumption for one epoch is 8.789772510528564s
======================================= Epoch 16 =======================================
================= Test Set =================
+++++++++++ Find New Best Min ACC +++++++++++
The acc is 0.6773, 0.5682, 0.7045
Time Consumption for one epoch is 8.529593706130981s
======================================= Epoch 17 =======================================
================= Test Set =================
+++++++++++ Find New Best Min ACC +++++++++++
The acc is 0.6818, 0.5682, 0.7102
Time Consumption for one epoch is 8.190539598464966s
======================================= Epoch 18 =======================================
================= Test Set =================
The acc is 0.6818, 0.5682, 0.7102
Time Consumption for one epoch is 8.970221757888794s
======================================= Epoch 19 =======================================
================= Test Set =================
The acc is 0.6818, 0.5682, 0.7102
Time Consumption for one epoch is 7.972341537475586s
The final acc is 0.6818, 0.5682, 0.7102
