Namespace(data_dir='/data/yihua/dataset/celeba/celeba.hdf5', result_dir='crop_study', checkpoint=None, resume=False, domain_attrs='Male', target_attrs='Blond_Hair', exp_name=None, batch_size=512, lr=0.0001, wd=2e-05, epochs=20, seed=2022, num_workers=8, arch='resnet18', evaluate=False, total_num=5000, test_num=1000, gv=160.0, gr=0.1, minor_ratio=0.2, add_aug='crop')
======================================= Epoch 0 =======================================
================= Test Set =================
+++++++++++ Find New Best Min ACC +++++++++++
The acc is 0.7118, 0.6767, 0.7420
Time Consumption for one epoch is 20.18872332572937s
======================================= Epoch 1 =======================================
================= Test Set =================
The acc is 0.7118, 0.6767, 0.7420
Time Consumption for one epoch is 19.623207330703735s
======================================= Epoch 2 =======================================
================= Test Set =================
The acc is 0.7118, 0.6767, 0.7420
Time Consumption for one epoch is 20.656405210494995s
======================================= Epoch 3 =======================================
================= Test Set =================
The acc is 0.7118, 0.6767, 0.7420
Time Consumption for one epoch is 20.29320526123047s
======================================= Epoch 4 =======================================
================= Test Set =================
The acc is 0.7118, 0.6767, 0.7420
Time Consumption for one epoch is 20.056805849075317s
======================================= Epoch 5 =======================================
================= Test Set =================
+++++++++++ Find New Best Min ACC +++++++++++
The acc is 0.8559, 0.8279, 0.8800
Time Consumption for one epoch is 18.94030499458313s
======================================= Epoch 6 =======================================
================= Test Set =================
The acc is 0.8559, 0.8279, 0.8800
Time Consumption for one epoch is 19.47905945777893s
======================================= Epoch 7 =======================================
================= Test Set =================
+++++++++++ Find New Best Min ACC +++++++++++
The acc is 0.8817, 0.8535, 0.9060
Time Consumption for one epoch is 18.405987977981567s
======================================= Epoch 8 =======================================
================= Test Set =================
The acc is 0.8817, 0.8535, 0.9060
Time Consumption for one epoch is 18.913732051849365s
======================================= Epoch 9 =======================================
================= Test Set =================
+++++++++++ Find New Best Min ACC +++++++++++
The acc is 0.8882, 0.8767, 0.8980
Time Consumption for one epoch is 20.390095949172974s
======================================= Epoch 10 =======================================
================= Test Set =================
The acc is 0.8882, 0.8767, 0.8980
Time Consumption for one epoch is 19.381583213806152s
======================================= Epoch 11 =======================================
================= Test Set =================
The acc is 0.8882, 0.8767, 0.8980
Time Consumption for one epoch is 19.893247842788696s
======================================= Epoch 12 =======================================
================= Test Set =================
The acc is 0.8882, 0.8767, 0.8980
Time Consumption for one epoch is 19.474117517471313s
======================================= Epoch 13 =======================================
================= Test Set =================
The acc is 0.8882, 0.8767, 0.8980
Time Consumption for one epoch is 19.781327962875366s
======================================= Epoch 14 =======================================
================= Test Set =================
The acc is 0.8882, 0.8767, 0.8980
Time Consumption for one epoch is 20.40113878250122s
======================================= Epoch 15 =======================================
================= Test Set =================
The acc is 0.8882, 0.8767, 0.8980
Time Consumption for one epoch is 20.458748817443848s
======================================= Epoch 16 =======================================
================= Test Set =================
+++++++++++ Find New Best Min ACC +++++++++++
The acc is 0.8935, 0.8860, 0.9000
Time Consumption for one epoch is 19.534655570983887s
======================================= Epoch 17 =======================================
================= Test Set =================
+++++++++++ Find New Best Min ACC +++++++++++
The acc is 0.8978, 0.8884, 0.9060
Time Consumption for one epoch is 20.314796924591064s
======================================= Epoch 18 =======================================
================= Test Set =================
+++++++++++ Find New Best Min ACC +++++++++++
The acc is 0.9000, 0.8930, 0.9060
Time Consumption for one epoch is 20.023395776748657s
======================================= Epoch 19 =======================================
================= Test Set =================
+++++++++++ Find New Best Min ACC +++++++++++
The acc is 0.9022, 0.8977, 0.9060
Time Consumption for one epoch is 20.719024181365967s
The final acc is 0.9022, 0.8977, 0.9060
