Namespace(data_dir='/data/yihua/dataset/celeba/celeba.hdf5', result_dir='rotation_study', checkpoint=None, resume=False, domain_attrs='Male', target_attrs='Blond_Hair', exp_name=None, batch_size=512, lr=0.0001, wd=2e-05, epochs=20, seed=2021, num_workers=8, arch='resnet9', evaluate=False, total_num=5000, test_num=1000, gv=180.0, gr=0.1, minor_ratio=0.2, add_aug='rotation')
======================================= Epoch 0 =======================================
================= Test Set =================
+++++++++++ Find New Best Min ACC +++++++++++
The acc is 0.4624, 0.4186, 0.5000
Time Consumption for one epoch is 16.53148913383484s
======================================= Epoch 1 =======================================
================= Test Set =================
The acc is 0.4624, 0.4186, 0.5000
Time Consumption for one epoch is 14.037224769592285s
======================================= Epoch 2 =======================================
================= Test Set =================
+++++++++++ Find New Best Min ACC +++++++++++
The acc is 0.5774, 0.5233, 0.6240
Time Consumption for one epoch is 14.308571577072144s
======================================= Epoch 3 =======================================
================= Test Set =================
+++++++++++ Find New Best Min ACC +++++++++++
The acc is 0.6366, 0.6349, 0.6380
Time Consumption for one epoch is 14.409390926361084s
======================================= Epoch 4 =======================================
================= Test Set =================
+++++++++++ Find New Best Min ACC +++++++++++
The acc is 0.7774, 0.7419, 0.8080
Time Consumption for one epoch is 14.841853618621826s
======================================= Epoch 5 =======================================
================= Test Set =================
+++++++++++ Find New Best Min ACC +++++++++++
The acc is 0.8473, 0.8326, 0.8600
Time Consumption for one epoch is 14.299926280975342s
======================================= Epoch 6 =======================================
================= Test Set =================
+++++++++++ Find New Best Min ACC +++++++++++
The acc is 0.8677, 0.8512, 0.8820
Time Consumption for one epoch is 14.320385217666626s
======================================= Epoch 7 =======================================
================= Test Set =================
+++++++++++ Find New Best Min ACC +++++++++++
The acc is 0.8774, 0.8512, 0.9000
Time Consumption for one epoch is 14.731069326400757s
======================================= Epoch 8 =======================================
================= Test Set =================
+++++++++++ Find New Best Min ACC +++++++++++
The acc is 0.8849, 0.8605, 0.9060
Time Consumption for one epoch is 14.299731969833374s
======================================= Epoch 9 =======================================
================= Test Set =================
The acc is 0.8849, 0.8605, 0.9060
Time Consumption for one epoch is 13.722918272018433s
======================================= Epoch 10 =======================================
================= Test Set =================
The acc is 0.8849, 0.8605, 0.9060
Time Consumption for one epoch is 14.046308517456055s
======================================= Epoch 11 =======================================
================= Test Set =================
The acc is 0.8849, 0.8605, 0.9060
Time Consumption for one epoch is 13.669460535049438s
======================================= Epoch 12 =======================================
================= Test Set =================
The acc is 0.8849, 0.8605, 0.9060
Time Consumption for one epoch is 14.1513090133667s
======================================= Epoch 13 =======================================
================= Test Set =================
The acc is 0.8849, 0.8605, 0.9060
Time Consumption for one epoch is 14.2118399143219s
======================================= Epoch 14 =======================================
================= Test Set =================
The acc is 0.8849, 0.8605, 0.9060
Time Consumption for one epoch is 14.343536853790283s
======================================= Epoch 15 =======================================
================= Test Set =================
The acc is 0.8849, 0.8605, 0.9060
Time Consumption for one epoch is 13.939462423324585s
======================================= Epoch 16 =======================================
================= Test Set =================
+++++++++++ Find New Best Min ACC +++++++++++
The acc is 0.8882, 0.8721, 0.9020
Time Consumption for one epoch is 14.348118782043457s
======================================= Epoch 17 =======================================
================= Test Set =================
The acc is 0.8882, 0.8721, 0.9020
Time Consumption for one epoch is 13.562659740447998s
======================================= Epoch 18 =======================================
================= Test Set =================
+++++++++++ Find New Best Min ACC +++++++++++
The acc is 0.8946, 0.8767, 0.9100
Time Consumption for one epoch is 13.82051968574524s
======================================= Epoch 19 =======================================
================= Test Set =================
+++++++++++ Find New Best Min ACC +++++++++++
The acc is 0.8957, 0.8791, 0.9100
Time Consumption for one epoch is 14.253633499145508s
The final acc is 0.8957, 0.8791, 0.9100
