Namespace(data_dir='/data/yihua/dataset/celeba/celeba.hdf5', result_dir='crop_study', checkpoint=None, resume=False, domain_attrs='Male', target_attrs='Blond_Hair', exp_name=None, batch_size=512, lr=0.0001, wd=2e-05, epochs=20, seed=2021, num_workers=8, arch='resnet9', evaluate=False, total_num=5000, test_num=1000, gv=180.0, gr=0.5, minor_ratio=0.2, add_aug='crop')
======================================= Epoch 0 =======================================
================= Test Set =================
+++++++++++ Find New Best Min ACC +++++++++++
The acc is 0.4624, 0.4186, 0.5000
Time Consumption for one epoch is 16.8848237991333s
======================================= Epoch 1 =======================================
================= Test Set =================
The acc is 0.4624, 0.4186, 0.5000
Time Consumption for one epoch is 15.037608861923218s
======================================= Epoch 2 =======================================
================= Test Set =================
+++++++++++ Find New Best Min ACC +++++++++++
The acc is 0.6656, 0.6047, 0.7180
Time Consumption for one epoch is 14.872047185897827s
======================================= Epoch 3 =======================================
================= Test Set =================
The acc is 0.6656, 0.6047, 0.7180
Time Consumption for one epoch is 14.82075047492981s
======================================= Epoch 4 =======================================
================= Test Set =================
+++++++++++ Find New Best Min ACC +++++++++++
The acc is 0.8333, 0.8140, 0.8500
Time Consumption for one epoch is 14.932775497436523s
======================================= Epoch 5 =======================================
================= Test Set =================
+++++++++++ Find New Best Min ACC +++++++++++
The acc is 0.8624, 0.8395, 0.8820
Time Consumption for one epoch is 15.2441987991333s
======================================= Epoch 6 =======================================
================= Test Set =================
+++++++++++ Find New Best Min ACC +++++++++++
The acc is 0.8720, 0.8488, 0.8920
Time Consumption for one epoch is 14.712593793869019s
======================================= Epoch 7 =======================================
================= Test Set =================
+++++++++++ Find New Best Min ACC +++++++++++
The acc is 0.8763, 0.8628, 0.8880
Time Consumption for one epoch is 15.024008989334106s
======================================= Epoch 8 =======================================
================= Test Set =================
+++++++++++ Find New Best Min ACC +++++++++++
The acc is 0.8871, 0.8651, 0.9060
Time Consumption for one epoch is 14.45321774482727s
======================================= Epoch 9 =======================================
================= Test Set =================
The acc is 0.8871, 0.8651, 0.9060
Time Consumption for one epoch is 14.528918266296387s
======================================= Epoch 10 =======================================
================= Test Set =================
The acc is 0.8871, 0.8651, 0.9060
Time Consumption for one epoch is 14.86809229850769s
======================================= Epoch 11 =======================================
================= Test Set =================
The acc is 0.8871, 0.8651, 0.9060
Time Consumption for one epoch is 15.00016713142395s
======================================= Epoch 12 =======================================
================= Test Set =================
The acc is 0.8871, 0.8651, 0.9060
Time Consumption for one epoch is 14.477719068527222s
======================================= Epoch 13 =======================================
================= Test Set =================
The acc is 0.8871, 0.8651, 0.9060
Time Consumption for one epoch is 14.2538001537323s
======================================= Epoch 14 =======================================
================= Test Set =================
The acc is 0.8871, 0.8651, 0.9060
Time Consumption for one epoch is 14.80081558227539s
======================================= Epoch 15 =======================================
================= Test Set =================
The acc is 0.8871, 0.8651, 0.9060
Time Consumption for one epoch is 14.871137142181396s
======================================= Epoch 16 =======================================
================= Test Set =================
+++++++++++ Find New Best Min ACC +++++++++++
The acc is 0.9022, 0.8930, 0.9100
Time Consumption for one epoch is 14.767848253250122s
======================================= Epoch 17 =======================================
================= Test Set =================
The acc is 0.9022, 0.8930, 0.9100
Time Consumption for one epoch is 14.977821826934814s
======================================= Epoch 18 =======================================
================= Test Set =================
The acc is 0.9022, 0.8930, 0.9100
Time Consumption for one epoch is 15.017763376235962s
======================================= Epoch 19 =======================================
================= Test Set =================
The acc is 0.9022, 0.8930, 0.9100
Time Consumption for one epoch is 14.429853916168213s
The final acc is 0.9022, 0.8930, 0.9100
