Namespace(data_dir='/data/yihua/dataset/celeba/celeba.hdf5', result_dir='results', checkpoint=None, resume=False, domain_attrs='Male', target_attrs='Blond_Hair', exp_name=None, batch_size=512, lr=0.0001, wd=2e-05, epochs=20, seed=2021, num_workers=8, arch='resnet9', evaluate=False, gv=0.1, gr=0.3)
======================================= Epoch 0 =======================================
================= Test Set =================
+++++++++++ Find New Best Min ACC +++++++++++
The acc is 0.7194, 0.6528, 0.7361
Time Consumption for one epoch is 31.4802725315094s
======================================= Epoch 1 =======================================
================= Test Set =================
+++++++++++ Find New Best Min ACC +++++++++++
The acc is 0.8628, 0.8361, 0.8694
Time Consumption for one epoch is 27.43815279006958s
======================================= Epoch 2 =======================================
================= Test Set =================
The acc is 0.8628, 0.8361, 0.8694
Time Consumption for one epoch is 27.596322536468506s
======================================= Epoch 3 =======================================
================= Test Set =================
+++++++++++ Find New Best Min ACC +++++++++++
The acc is 0.8783, 0.8167, 0.8938
Time Consumption for one epoch is 28.456952810287476s
======================================= Epoch 4 =======================================
================= Test Set =================
+++++++++++ Find New Best Min ACC +++++++++++
The acc is 0.8806, 0.8333, 0.8924
Time Consumption for one epoch is 27.54496955871582s
======================================= Epoch 5 =======================================
================= Test Set =================
+++++++++++ Find New Best Min ACC +++++++++++
The acc is 0.8961, 0.8750, 0.9014
Time Consumption for one epoch is 27.828678369522095s
======================================= Epoch 6 =======================================
================= Test Set =================
+++++++++++ Find New Best Min ACC +++++++++++
The acc is 0.9072, 0.8694, 0.9167
Time Consumption for one epoch is 27.60719871520996s
======================================= Epoch 7 =======================================
================= Test Set =================
The acc is 0.9072, 0.8694, 0.9167
Time Consumption for one epoch is 27.512657642364502s
======================================= Epoch 8 =======================================
================= Test Set =================
The acc is 0.9072, 0.8694, 0.9167
Time Consumption for one epoch is 27.378236293792725s
======================================= Epoch 9 =======================================
================= Test Set =================
The acc is 0.9072, 0.8694, 0.9167
Time Consumption for one epoch is 28.544946908950806s
======================================= Epoch 10 =======================================
================= Test Set =================
The acc is 0.9072, 0.8694, 0.9167
Time Consumption for one epoch is 28.349124908447266s
======================================= Epoch 11 =======================================
================= Test Set =================
+++++++++++ Find New Best Min ACC +++++++++++
The acc is 0.9156, 0.8972, 0.9201
Time Consumption for one epoch is 27.839802503585815s
======================================= Epoch 12 =======================================
================= Test Set =================
The acc is 0.9156, 0.8972, 0.9201
Time Consumption for one epoch is 28.0150146484375s
======================================= Epoch 13 =======================================
================= Test Set =================
The acc is 0.9156, 0.8972, 0.9201
Time Consumption for one epoch is 28.745300769805908s
======================================= Epoch 14 =======================================
================= Test Set =================
The acc is 0.9156, 0.8972, 0.9201
Time Consumption for one epoch is 27.222907304763794s
======================================= Epoch 15 =======================================
================= Test Set =================
+++++++++++ Find New Best Min ACC +++++++++++
The acc is 0.9183, 0.9028, 0.9222
Time Consumption for one epoch is 28.664055347442627s
======================================= Epoch 16 =======================================
================= Test Set =================
The acc is 0.9183, 0.9028, 0.9222
Time Consumption for one epoch is 27.248798370361328s
======================================= Epoch 17 =======================================
================= Test Set =================
The acc is 0.9183, 0.9028, 0.9222
Time Consumption for one epoch is 26.891852378845215s
======================================= Epoch 18 =======================================
================= Test Set =================
The acc is 0.9183, 0.9028, 0.9222
Time Consumption for one epoch is 28.547589778900146s
======================================= Epoch 19 =======================================
================= Test Set =================
The acc is 0.9183, 0.9028, 0.9222
Time Consumption for one epoch is 28.532217741012573s
The final acc is 0.9183, 0.9028, 0.9222
