Namespace(data_dir='/data/yihua/dataset/celeba/celeba.hdf5', result_dir='results', checkpoint=None, resume=False, domain_attrs='Male', target_attrs='Blond_Hair', exp_name=None, batch_size=512, lr=0.0001, wd=2e-05, epochs=20, seed=2022, num_workers=8, arch='resnet9', evaluate=False, gv=1e-05, gr=0.5)
======================================= Epoch 0 =======================================
================= Test Set =================
+++++++++++ Find New Best Min ACC +++++++++++
The acc is 0.5117, 0.5056, 0.5132
Time Consumption for one epoch is 28.490809679031372s
======================================= Epoch 1 =======================================
================= Test Set =================
+++++++++++ Find New Best Min ACC +++++++++++
The acc is 0.8850, 0.8389, 0.8965
Time Consumption for one epoch is 26.31068515777588s
======================================= Epoch 2 =======================================
================= Test Set =================
+++++++++++ Find New Best Min ACC +++++++++++
The acc is 0.8928, 0.8417, 0.9056
Time Consumption for one epoch is 25.782419204711914s
======================================= Epoch 3 =======================================
================= Test Set =================
+++++++++++ Find New Best Min ACC +++++++++++
The acc is 0.9000, 0.8833, 0.9042
Time Consumption for one epoch is 25.586195945739746s
======================================= Epoch 4 =======================================
================= Test Set =================
The acc is 0.9000, 0.8833, 0.9042
Time Consumption for one epoch is 25.84441900253296s
======================================= Epoch 5 =======================================
================= Test Set =================
+++++++++++ Find New Best Min ACC +++++++++++
The acc is 0.9094, 0.8944, 0.9132
Time Consumption for one epoch is 25.44924283027649s
======================================= Epoch 6 =======================================
================= Test Set =================
+++++++++++ Find New Best Min ACC +++++++++++
The acc is 0.9122, 0.9000, 0.9153
Time Consumption for one epoch is 25.127779245376587s
======================================= Epoch 7 =======================================
================= Test Set =================
The acc is 0.9122, 0.9000, 0.9153
Time Consumption for one epoch is 26.397493362426758s
======================================= Epoch 8 =======================================
================= Test Set =================
The acc is 0.9122, 0.9000, 0.9153
Time Consumption for one epoch is 24.28996753692627s
======================================= Epoch 9 =======================================
================= Test Set =================
+++++++++++ Find New Best Min ACC +++++++++++
The acc is 0.9150, 0.9056, 0.9174
Time Consumption for one epoch is 25.960132360458374s
======================================= Epoch 10 =======================================
================= Test Set =================
+++++++++++ Find New Best Min ACC +++++++++++
The acc is 0.9167, 0.8944, 0.9222
Time Consumption for one epoch is 25.2525897026062s
======================================= Epoch 11 =======================================
================= Test Set =================
+++++++++++ Find New Best Min ACC +++++++++++
The acc is 0.9189, 0.9167, 0.9194
Time Consumption for one epoch is 25.048376321792603s
======================================= Epoch 12 =======================================
================= Test Set =================
+++++++++++ Find New Best Min ACC +++++++++++
The acc is 0.9244, 0.9056, 0.9292
Time Consumption for one epoch is 25.458577156066895s
======================================= Epoch 13 =======================================
================= Test Set =================
The acc is 0.9244, 0.9056, 0.9292
Time Consumption for one epoch is 26.032560110092163s
======================================= Epoch 14 =======================================
================= Test Set =================
The acc is 0.9244, 0.9056, 0.9292
Time Consumption for one epoch is 25.940373420715332s
======================================= Epoch 15 =======================================
================= Test Set =================
The acc is 0.9244, 0.9056, 0.9292
Time Consumption for one epoch is 25.233503818511963s
======================================= Epoch 16 =======================================
================= Test Set =================
The acc is 0.9244, 0.9056, 0.9292
Time Consumption for one epoch is 25.662899255752563s
======================================= Epoch 17 =======================================
================= Test Set =================
The acc is 0.9244, 0.9056, 0.9292
Time Consumption for one epoch is 25.961273431777954s
======================================= Epoch 18 =======================================
================= Test Set =================
The acc is 0.9244, 0.9056, 0.9292
Time Consumption for one epoch is 25.029184103012085s
======================================= Epoch 19 =======================================
================= Test Set =================
The acc is 0.9244, 0.9056, 0.9292
Time Consumption for one epoch is 24.45486330986023s
The final acc is 0.9244, 0.9056, 0.9292
