Namespace(data_dir='/data/yihua/dataset/celeba/celeba.hdf5', result_dir='results', checkpoint=None, resume=False, domain_attrs='Male', target_attrs='Heavy_Makeup', exp_name=None, batch_size=512, lr=0.0001, wd=2e-05, epochs=20, seed=42, num_workers=8, arch='resnet9', evaluate=False, gv=0.25, gr=0.3)
======================================= Epoch 0 =======================================
================= Test Set =================
+++++++++++ Find New Best Min ACC +++++++++++
The acc is 0.5000, 0.5000, 0.5000
Time Consumption for one epoch is 8.53357195854187s
======================================= Epoch 1 =======================================
================= Test Set =================
The acc is 0.5000, 0.5000, 0.5000
Time Consumption for one epoch is 8.852044582366943s
======================================= Epoch 2 =======================================
================= Test Set =================
The acc is 0.5000, 0.5000, 0.5000
Time Consumption for one epoch is 8.718188047409058s
======================================= Epoch 3 =======================================
================= Test Set =================
The acc is 0.5000, 0.5000, 0.5000
Time Consumption for one epoch is 8.344696283340454s
======================================= Epoch 4 =======================================
================= Test Set =================
The acc is 0.5000, 0.5000, 0.5000
Time Consumption for one epoch is 8.985727548599243s
======================================= Epoch 5 =======================================
================= Test Set =================
+++++++++++ Find New Best Min ACC +++++++++++
The acc is 0.5273, 0.5227, 0.5284
Time Consumption for one epoch is 9.080855131149292s
======================================= Epoch 6 =======================================
================= Test Set =================
+++++++++++ Find New Best Min ACC +++++++++++
The acc is 0.5455, 0.4773, 0.5625
Time Consumption for one epoch is 8.569916248321533s
======================================= Epoch 7 =======================================
================= Test Set =================
+++++++++++ Find New Best Min ACC +++++++++++
The acc is 0.6227, 0.5000, 0.6534
Time Consumption for one epoch is 8.745879411697388s
======================================= Epoch 8 =======================================
================= Test Set =================
The acc is 0.6227, 0.5000, 0.6534
Time Consumption for one epoch is 7.934933662414551s
======================================= Epoch 9 =======================================
================= Test Set =================
+++++++++++ Find New Best Min ACC +++++++++++
The acc is 0.6682, 0.5682, 0.6932
Time Consumption for one epoch is 9.193045139312744s
======================================= Epoch 10 =======================================
================= Test Set =================
The acc is 0.6682, 0.5682, 0.6932
Time Consumption for one epoch is 7.805629014968872s
======================================= Epoch 11 =======================================
================= Test Set =================
The acc is 0.6682, 0.5682, 0.6932
Time Consumption for one epoch is 7.889128684997559s
======================================= Epoch 12 =======================================
================= Test Set =================
+++++++++++ Find New Best Min ACC +++++++++++
The acc is 0.6864, 0.6591, 0.6932
Time Consumption for one epoch is 8.264423847198486s
======================================= Epoch 13 =======================================
================= Test Set =================
The acc is 0.6864, 0.6591, 0.6932
Time Consumption for one epoch is 9.00499939918518s
======================================= Epoch 14 =======================================
================= Test Set =================
The acc is 0.6864, 0.6591, 0.6932
Time Consumption for one epoch is 8.029091835021973s
======================================= Epoch 15 =======================================
================= Test Set =================
The acc is 0.6864, 0.6591, 0.6932
Time Consumption for one epoch is 7.952471494674683s
======================================= Epoch 16 =======================================
================= Test Set =================
The acc is 0.6864, 0.6591, 0.6932
Time Consumption for one epoch is 8.98701024055481s
======================================= Epoch 17 =======================================
================= Test Set =================
+++++++++++ Find New Best Min ACC +++++++++++
The acc is 0.6955, 0.5682, 0.7273
Time Consumption for one epoch is 7.754275321960449s
======================================= Epoch 18 =======================================
================= Test Set =================
The acc is 0.6955, 0.5682, 0.7273
Time Consumption for one epoch is 8.664236545562744s
======================================= Epoch 19 =======================================
================= Test Set =================
The acc is 0.6955, 0.5682, 0.7273
Time Consumption for one epoch is 9.648995161056519s
The final acc is 0.6955, 0.5682, 0.7273
