Namespace(data_dir='/data/yihua/dataset/celeba/celeba.hdf5', result_dir='rotation_study', checkpoint=None, resume=False, domain_attrs='Male', target_attrs='Blond_Hair', exp_name=None, batch_size=512, lr=0.0001, wd=2e-05, epochs=20, seed=2022, num_workers=8, arch='resnet9', evaluate=False, total_num=5000, test_num=1000, gv=120.0, gr=0.3, minor_ratio=0.2, add_aug='rotation')
======================================= Epoch 0 =======================================
================= Test Set =================
+++++++++++ Find New Best Min ACC +++++++++++
The acc is 0.4624, 0.4186, 0.5000
Time Consumption for one epoch is 15.973108053207397s
======================================= Epoch 1 =======================================
================= Test Set =================
The acc is 0.4624, 0.4186, 0.5000
Time Consumption for one epoch is 13.814087629318237s
======================================= Epoch 2 =======================================
================= Test Set =================
+++++++++++ Find New Best Min ACC +++++++++++
The acc is 0.5065, 0.4465, 0.5580
Time Consumption for one epoch is 14.783057451248169s
======================================= Epoch 3 =======================================
================= Test Set =================
+++++++++++ Find New Best Min ACC +++++++++++
The acc is 0.7387, 0.6860, 0.7840
Time Consumption for one epoch is 14.986645460128784s
======================================= Epoch 4 =======================================
================= Test Set =================
+++++++++++ Find New Best Min ACC +++++++++++
The acc is 0.7688, 0.7302, 0.8020
Time Consumption for one epoch is 14.527203559875488s
======================================= Epoch 5 =======================================
================= Test Set =================
+++++++++++ Find New Best Min ACC +++++++++++
The acc is 0.8602, 0.8349, 0.8820
Time Consumption for one epoch is 14.660074234008789s
======================================= Epoch 6 =======================================
================= Test Set =================
The acc is 0.8602, 0.8349, 0.8820
Time Consumption for one epoch is 14.326356887817383s
======================================= Epoch 7 =======================================
================= Test Set =================
+++++++++++ Find New Best Min ACC +++++++++++
The acc is 0.8796, 0.8558, 0.9000
Time Consumption for one epoch is 14.768129587173462s
======================================= Epoch 8 =======================================
================= Test Set =================
The acc is 0.8796, 0.8558, 0.9000
Time Consumption for one epoch is 14.9646155834198s
======================================= Epoch 9 =======================================
================= Test Set =================
+++++++++++ Find New Best Min ACC +++++++++++
The acc is 0.8892, 0.8698, 0.9060
Time Consumption for one epoch is 14.696771383285522s
======================================= Epoch 10 =======================================
================= Test Set =================
The acc is 0.8892, 0.8698, 0.9060
Time Consumption for one epoch is 14.439218282699585s
======================================= Epoch 11 =======================================
================= Test Set =================
The acc is 0.8892, 0.8698, 0.9060
Time Consumption for one epoch is 14.852599382400513s
======================================= Epoch 12 =======================================
================= Test Set =================
+++++++++++ Find New Best Min ACC +++++++++++
The acc is 0.8914, 0.8791, 0.9020
Time Consumption for one epoch is 14.914848566055298s
======================================= Epoch 13 =======================================
================= Test Set =================
The acc is 0.8914, 0.8791, 0.9020
Time Consumption for one epoch is 14.156419277191162s
======================================= Epoch 14 =======================================
================= Test Set =================
The acc is 0.8914, 0.8791, 0.9020
Time Consumption for one epoch is 14.689230680465698s
======================================= Epoch 15 =======================================
================= Test Set =================
The acc is 0.8914, 0.8791, 0.9020
Time Consumption for one epoch is 14.44482707977295s
======================================= Epoch 16 =======================================
================= Test Set =================
+++++++++++ Find New Best Min ACC +++++++++++
The acc is 0.8978, 0.8814, 0.9120
Time Consumption for one epoch is 15.198219060897827s
======================================= Epoch 17 =======================================
================= Test Set =================
+++++++++++ Find New Best Min ACC +++++++++++
The acc is 0.9011, 0.8907, 0.9100
Time Consumption for one epoch is 14.51248550415039s
======================================= Epoch 18 =======================================
================= Test Set =================
+++++++++++ Find New Best Min ACC +++++++++++
The acc is 0.9022, 0.8907, 0.9120
Time Consumption for one epoch is 14.013891220092773s
======================================= Epoch 19 =======================================
================= Test Set =================
The acc is 0.9022, 0.8907, 0.9120
Time Consumption for one epoch is 13.940499782562256s
The final acc is 0.9022, 0.8907, 0.9120
