Namespace(data_dir='/data/yihua/dataset/celeba/celeba.hdf5', result_dir='rotation_study', checkpoint=None, resume=False, domain_attrs='Male', target_attrs='Blond_Hair', exp_name=None, batch_size=512, lr=0.0001, wd=2e-05, epochs=20, seed=2020, num_workers=8, arch='resnet18', evaluate=False, total_num=5000, test_num=1000, gv=120.0, gr=0.3, minor_ratio=0.2, add_aug='rotation')
======================================= Epoch 0 =======================================
================= Test Set =================
+++++++++++ Find New Best Min ACC +++++++++++
The acc is 0.4624, 0.4186, 0.5000
Time Consumption for one epoch is 21.96105718612671s
======================================= Epoch 1 =======================================
================= Test Set =================
+++++++++++ Find New Best Min ACC +++++++++++
The acc is 0.5215, 0.5651, 0.4840
Time Consumption for one epoch is 20.964061975479126s
======================================= Epoch 2 =======================================
================= Test Set =================
+++++++++++ Find New Best Min ACC +++++++++++
The acc is 0.5409, 0.5907, 0.4980
Time Consumption for one epoch is 21.488187789916992s
======================================= Epoch 3 =======================================
================= Test Set =================
+++++++++++ Find New Best Min ACC +++++++++++
The acc is 0.5785, 0.6140, 0.5480
Time Consumption for one epoch is 20.8785662651062s
======================================= Epoch 4 =======================================
================= Test Set =================
+++++++++++ Find New Best Min ACC +++++++++++
The acc is 0.7624, 0.7395, 0.7820
Time Consumption for one epoch is 19.86781930923462s
======================================= Epoch 5 =======================================
================= Test Set =================
+++++++++++ Find New Best Min ACC +++++++++++
The acc is 0.8538, 0.8256, 0.8780
Time Consumption for one epoch is 19.555291652679443s
======================================= Epoch 6 =======================================
================= Test Set =================
+++++++++++ Find New Best Min ACC +++++++++++
The acc is 0.8753, 0.8488, 0.8980
Time Consumption for one epoch is 20.448497772216797s
======================================= Epoch 7 =======================================
================= Test Set =================
+++++++++++ Find New Best Min ACC +++++++++++
The acc is 0.8839, 0.8605, 0.9040
Time Consumption for one epoch is 19.147178649902344s
======================================= Epoch 8 =======================================
================= Test Set =================
The acc is 0.8839, 0.8605, 0.9040
Time Consumption for one epoch is 20.027167081832886s
======================================= Epoch 9 =======================================
================= Test Set =================
+++++++++++ Find New Best Min ACC +++++++++++
The acc is 0.8957, 0.8767, 0.9120
Time Consumption for one epoch is 20.709421634674072s
======================================= Epoch 10 =======================================
================= Test Set =================
The acc is 0.8957, 0.8767, 0.9120
Time Consumption for one epoch is 20.771243572235107s
======================================= Epoch 11 =======================================
================= Test Set =================
The acc is 0.8957, 0.8767, 0.9120
Time Consumption for one epoch is 22.229318141937256s
======================================= Epoch 12 =======================================
================= Test Set =================
The acc is 0.8957, 0.8767, 0.9120
Time Consumption for one epoch is 20.637393951416016s
======================================= Epoch 13 =======================================
================= Test Set =================
The acc is 0.8957, 0.8767, 0.9120
Time Consumption for one epoch is 20.02163338661194s
======================================= Epoch 14 =======================================
================= Test Set =================
The acc is 0.8957, 0.8767, 0.9120
Time Consumption for one epoch is 19.6606547832489s
======================================= Epoch 15 =======================================
================= Test Set =================
The acc is 0.8957, 0.8767, 0.9120
Time Consumption for one epoch is 20.902419567108154s
======================================= Epoch 16 =======================================
================= Test Set =================
The acc is 0.8957, 0.8767, 0.9120
Time Consumption for one epoch is 20.260098457336426s
======================================= Epoch 17 =======================================
================= Test Set =================
The acc is 0.8957, 0.8767, 0.9120
Time Consumption for one epoch is 20.901865482330322s
======================================= Epoch 18 =======================================
================= Test Set =================
The acc is 0.8957, 0.8767, 0.9120
Time Consumption for one epoch is 19.631699800491333s
======================================= Epoch 19 =======================================
================= Test Set =================
The acc is 0.8957, 0.8767, 0.9120
Time Consumption for one epoch is 21.756975889205933s
The final acc is 0.8957, 0.8767, 0.9120
