Namespace(data_dir='/data/yihua/dataset/celeba/celeba.hdf5', result_dir='results', checkpoint=None, resume=False, domain_attrs='Male', target_attrs='Blond_Hair', exp_name=None, batch_size=512, lr=0.0001, wd=2e-05, epochs=20, seed=42, num_workers=8, arch='resnet9', evaluate=False, gv=0.25, gr=0.1)
======================================= Epoch 0 =======================================
================= Test Set =================
+++++++++++ Find New Best Min ACC +++++++++++
The acc is 0.6711, 0.6000, 0.6889
Time Consumption for one epoch is 28.242359161376953s
======================================= Epoch 1 =======================================
================= Test Set =================
+++++++++++ Find New Best Min ACC +++++++++++
The acc is 0.8756, 0.8472, 0.8826
Time Consumption for one epoch is 25.320412158966064s
======================================= Epoch 2 =======================================
================= Test Set =================
+++++++++++ Find New Best Min ACC +++++++++++
The acc is 0.9006, 0.8556, 0.9118
Time Consumption for one epoch is 25.14171028137207s
======================================= Epoch 3 =======================================
================= Test Set =================
The acc is 0.9006, 0.8556, 0.9118
Time Consumption for one epoch is 24.579911708831787s
======================================= Epoch 4 =======================================
================= Test Set =================
The acc is 0.9006, 0.8556, 0.9118
Time Consumption for one epoch is 24.783065795898438s
======================================= Epoch 5 =======================================
================= Test Set =================
+++++++++++ Find New Best Min ACC +++++++++++
The acc is 0.9139, 0.9000, 0.9174
Time Consumption for one epoch is 24.33339548110962s
======================================= Epoch 6 =======================================
================= Test Set =================
The acc is 0.9139, 0.9000, 0.9174
Time Consumption for one epoch is 24.36195731163025s
======================================= Epoch 7 =======================================
================= Test Set =================
The acc is 0.9139, 0.9000, 0.9174
Time Consumption for one epoch is 23.721847534179688s
======================================= Epoch 8 =======================================
================= Test Set =================
+++++++++++ Find New Best Min ACC +++++++++++
The acc is 0.9172, 0.9139, 0.9181
Time Consumption for one epoch is 24.141581535339355s
======================================= Epoch 9 =======================================
================= Test Set =================
The acc is 0.9172, 0.9139, 0.9181
Time Consumption for one epoch is 25.122293949127197s
======================================= Epoch 10 =======================================
================= Test Set =================
The acc is 0.9172, 0.9139, 0.9181
Time Consumption for one epoch is 23.640870571136475s
======================================= Epoch 11 =======================================
================= Test Set =================
The acc is 0.9172, 0.9139, 0.9181
Time Consumption for one epoch is 24.148048162460327s
======================================= Epoch 12 =======================================
================= Test Set =================
The acc is 0.9172, 0.9139, 0.9181
Time Consumption for one epoch is 24.063868045806885s
======================================= Epoch 13 =======================================
================= Test Set =================
The acc is 0.9172, 0.9139, 0.9181
Time Consumption for one epoch is 23.934908390045166s
======================================= Epoch 14 =======================================
================= Test Set =================
The acc is 0.9172, 0.9139, 0.9181
Time Consumption for one epoch is 23.595009326934814s
======================================= Epoch 15 =======================================
================= Test Set =================
The acc is 0.9172, 0.9139, 0.9181
Time Consumption for one epoch is 23.905054807662964s
======================================= Epoch 16 =======================================
================= Test Set =================
+++++++++++ Find New Best Min ACC +++++++++++
The acc is 0.9211, 0.9111, 0.9236
Time Consumption for one epoch is 25.30467915534973s
======================================= Epoch 17 =======================================
================= Test Set =================
The acc is 0.9211, 0.9111, 0.9236
Time Consumption for one epoch is 24.947880506515503s
======================================= Epoch 18 =======================================
================= Test Set =================
The acc is 0.9211, 0.9111, 0.9236
Time Consumption for one epoch is 25.946579694747925s
======================================= Epoch 19 =======================================
================= Test Set =================
The acc is 0.9211, 0.9111, 0.9236
Time Consumption for one epoch is 25.119709491729736s
The final acc is 0.9211, 0.9111, 0.9236
