Namespace(data_dir='/data/yihua/dataset/celeba/celeba.hdf5', result_dir='results', checkpoint=None, resume=False, domain_attrs='Male', target_attrs='Blond_Hair', exp_name=None, batch_size=512, lr=0.0001, wd=2e-05, epochs=20, seed=2020, num_workers=8, arch='resnet9', evaluate=False, gv=10.0, gr=0.1)
======================================= Epoch 0 =======================================
================= Test Set =================
+++++++++++ Find New Best Min ACC +++++++++++
The acc is 0.8033, 0.7722, 0.8111
Time Consumption for one epoch is 26.667844533920288s
======================================= Epoch 1 =======================================
================= Test Set =================
+++++++++++ Find New Best Min ACC +++++++++++
The acc is 0.8728, 0.8056, 0.8896
Time Consumption for one epoch is 23.624086380004883s
======================================= Epoch 2 =======================================
================= Test Set =================
+++++++++++ Find New Best Min ACC +++++++++++
The acc is 0.8850, 0.8528, 0.8931
Time Consumption for one epoch is 23.531646013259888s
======================================= Epoch 3 =======================================
================= Test Set =================
+++++++++++ Find New Best Min ACC +++++++++++
The acc is 0.8911, 0.8333, 0.9056
Time Consumption for one epoch is 24.06994104385376s
======================================= Epoch 4 =======================================
================= Test Set =================
The acc is 0.8911, 0.8333, 0.9056
Time Consumption for one epoch is 23.377460956573486s
======================================= Epoch 5 =======================================
================= Test Set =================
+++++++++++ Find New Best Min ACC +++++++++++
The acc is 0.9050, 0.8750, 0.9125
Time Consumption for one epoch is 23.59185028076172s
======================================= Epoch 6 =======================================
================= Test Set =================
The acc is 0.9050, 0.8750, 0.9125
Time Consumption for one epoch is 22.492419958114624s
======================================= Epoch 7 =======================================
================= Test Set =================
+++++++++++ Find New Best Min ACC +++++++++++
The acc is 0.9128, 0.8944, 0.9174
Time Consumption for one epoch is 24.7716805934906s
======================================= Epoch 8 =======================================
================= Test Set =================
The acc is 0.9128, 0.8944, 0.9174
Time Consumption for one epoch is 22.769920825958252s
======================================= Epoch 9 =======================================
================= Test Set =================
The acc is 0.9128, 0.8944, 0.9174
Time Consumption for one epoch is 24.406424522399902s
======================================= Epoch 10 =======================================
================= Test Set =================
The acc is 0.9128, 0.8944, 0.9174
Time Consumption for one epoch is 23.570146799087524s
======================================= Epoch 11 =======================================
================= Test Set =================
+++++++++++ Find New Best Min ACC +++++++++++
The acc is 0.9206, 0.9111, 0.9229
Time Consumption for one epoch is 23.507111072540283s
======================================= Epoch 12 =======================================
================= Test Set =================
The acc is 0.9206, 0.9111, 0.9229
Time Consumption for one epoch is 23.534453630447388s
======================================= Epoch 13 =======================================
================= Test Set =================
The acc is 0.9206, 0.9111, 0.9229
Time Consumption for one epoch is 24.2732355594635s
======================================= Epoch 14 =======================================
================= Test Set =================
The acc is 0.9206, 0.9111, 0.9229
Time Consumption for one epoch is 24.10185980796814s
======================================= Epoch 15 =======================================
================= Test Set =================
The acc is 0.9206, 0.9111, 0.9229
Time Consumption for one epoch is 23.39883852005005s
======================================= Epoch 16 =======================================
================= Test Set =================
The acc is 0.9206, 0.9111, 0.9229
Time Consumption for one epoch is 23.50470280647278s
======================================= Epoch 17 =======================================
================= Test Set =================
+++++++++++ Find New Best Min ACC +++++++++++
The acc is 0.9222, 0.9056, 0.9264
Time Consumption for one epoch is 25.30977201461792s
======================================= Epoch 18 =======================================
================= Test Set =================
The acc is 0.9222, 0.9056, 0.9264
Time Consumption for one epoch is 23.79561758041382s
======================================= Epoch 19 =======================================
================= Test Set =================
The acc is 0.9222, 0.9056, 0.9264
Time Consumption for one epoch is 22.60479164123535s
The final acc is 0.9222, 0.9056, 0.9264
