Namespace(data_dir='/data/yihua/dataset/celeba/celeba.hdf5', result_dir='crop_study', checkpoint=None, resume=False, domain_attrs='Male', target_attrs='Blond_Hair', exp_name=None, batch_size=512, lr=0.0001, wd=2e-05, epochs=20, seed=2021, num_workers=8, arch='resnet9', evaluate=False, total_num=5000, test_num=1000, gv=180.0, gr=0.1, minor_ratio=0.2, add_aug='crop')
======================================= Epoch 0 =======================================
================= Test Set =================
+++++++++++ Find New Best Min ACC +++++++++++
The acc is 0.4624, 0.4186, 0.5000
Time Consumption for one epoch is 15.807340383529663s
======================================= Epoch 1 =======================================
================= Test Set =================
The acc is 0.4624, 0.4186, 0.5000
Time Consumption for one epoch is 14.263865947723389s
======================================= Epoch 2 =======================================
================= Test Set =================
+++++++++++ Find New Best Min ACC +++++++++++
The acc is 0.6000, 0.5442, 0.6480
Time Consumption for one epoch is 14.297984600067139s
======================================= Epoch 3 =======================================
================= Test Set =================
+++++++++++ Find New Best Min ACC +++++++++++
The acc is 0.6161, 0.6419, 0.5940
Time Consumption for one epoch is 14.254539728164673s
======================================= Epoch 4 =======================================
================= Test Set =================
+++++++++++ Find New Best Min ACC +++++++++++
The acc is 0.8032, 0.7814, 0.8220
Time Consumption for one epoch is 14.747774124145508s
======================================= Epoch 5 =======================================
================= Test Set =================
+++++++++++ Find New Best Min ACC +++++++++++
The acc is 0.8559, 0.8302, 0.8780
Time Consumption for one epoch is 14.372961044311523s
======================================= Epoch 6 =======================================
================= Test Set =================
+++++++++++ Find New Best Min ACC +++++++++++
The acc is 0.8763, 0.8442, 0.9040
Time Consumption for one epoch is 14.283381223678589s
======================================= Epoch 7 =======================================
================= Test Set =================
+++++++++++ Find New Best Min ACC +++++++++++
The acc is 0.8774, 0.8488, 0.9020
Time Consumption for one epoch is 14.793115377426147s
======================================= Epoch 8 =======================================
================= Test Set =================
The acc is 0.8774, 0.8488, 0.9020
Time Consumption for one epoch is 14.305134296417236s
======================================= Epoch 9 =======================================
================= Test Set =================
The acc is 0.8774, 0.8488, 0.9020
Time Consumption for one epoch is 14.243392705917358s
======================================= Epoch 10 =======================================
================= Test Set =================
+++++++++++ Find New Best Min ACC +++++++++++
The acc is 0.8914, 0.8767, 0.9040
Time Consumption for one epoch is 14.426738977432251s
======================================= Epoch 11 =======================================
================= Test Set =================
+++++++++++ Find New Best Min ACC +++++++++++
The acc is 0.8946, 0.8791, 0.9080
Time Consumption for one epoch is 14.387645721435547s
======================================= Epoch 12 =======================================
================= Test Set =================
The acc is 0.8946, 0.8791, 0.9080
Time Consumption for one epoch is 13.902055025100708s
======================================= Epoch 13 =======================================
================= Test Set =================
The acc is 0.8946, 0.8791, 0.9080
Time Consumption for one epoch is 14.073525428771973s
======================================= Epoch 14 =======================================
================= Test Set =================
The acc is 0.8946, 0.8791, 0.9080
Time Consumption for one epoch is 14.04921817779541s
======================================= Epoch 15 =======================================
================= Test Set =================
The acc is 0.8946, 0.8791, 0.9080
Time Consumption for one epoch is 14.586746454238892s
======================================= Epoch 16 =======================================
================= Test Set =================
The acc is 0.8946, 0.8791, 0.9080
Time Consumption for one epoch is 13.710588693618774s
======================================= Epoch 17 =======================================
================= Test Set =================
The acc is 0.8946, 0.8791, 0.9080
Time Consumption for one epoch is 14.124233484268188s
======================================= Epoch 18 =======================================
================= Test Set =================
The acc is 0.8946, 0.8791, 0.9080
Time Consumption for one epoch is 13.887353420257568s
======================================= Epoch 19 =======================================
================= Test Set =================
The acc is 0.8946, 0.8791, 0.9080
Time Consumption for one epoch is 15.015297889709473s
The final acc is 0.8946, 0.8791, 0.9080
