Namespace(data_dir='/data/yihua/dataset/celeba/celeba.hdf5', result_dir='results', checkpoint=None, resume=False, domain_attrs='Male', target_attrs='Heavy_Makeup', exp_name=None, batch_size=512, lr=0.0001, wd=2e-05, epochs=20, seed=2024, num_workers=8, arch='resnet9', evaluate=False, gv=1.0, gr=0.3)
======================================= Epoch 0 =======================================
================= Test Set =================
+++++++++++ Find New Best Min ACC +++++++++++
The acc is 0.5000, 0.5000, 0.5000
Time Consumption for one epoch is 9.967306852340698s
======================================= Epoch 1 =======================================
================= Test Set =================
+++++++++++ Find New Best Min ACC +++++++++++
The acc is 0.5909, 0.5227, 0.6080
Time Consumption for one epoch is 8.610785245895386s
======================================= Epoch 2 =======================================
================= Test Set =================
The acc is 0.5909, 0.5227, 0.6080
Time Consumption for one epoch is 8.148553371429443s
======================================= Epoch 3 =======================================
================= Test Set =================
The acc is 0.5909, 0.5227, 0.6080
Time Consumption for one epoch is 7.528428554534912s
======================================= Epoch 4 =======================================
================= Test Set =================
The acc is 0.5909, 0.5227, 0.6080
Time Consumption for one epoch is 8.99375057220459s
======================================= Epoch 5 =======================================
================= Test Set =================
The acc is 0.5909, 0.5227, 0.6080
Time Consumption for one epoch is 8.168519973754883s
======================================= Epoch 6 =======================================
================= Test Set =================
The acc is 0.5909, 0.5227, 0.6080
Time Consumption for one epoch is 8.057220458984375s
======================================= Epoch 7 =======================================
================= Test Set =================
+++++++++++ Find New Best Min ACC +++++++++++
The acc is 0.6182, 0.5000, 0.6477
Time Consumption for one epoch is 8.626807689666748s
======================================= Epoch 8 =======================================
================= Test Set =================
The acc is 0.6182, 0.5000, 0.6477
Time Consumption for one epoch is 8.491807699203491s
======================================= Epoch 9 =======================================
================= Test Set =================
+++++++++++ Find New Best Min ACC +++++++++++
The acc is 0.6500, 0.5682, 0.6705
Time Consumption for one epoch is 9.210849523544312s
======================================= Epoch 10 =======================================
================= Test Set =================
The acc is 0.6500, 0.5682, 0.6705
Time Consumption for one epoch is 8.778658628463745s
======================================= Epoch 11 =======================================
================= Test Set =================
The acc is 0.6500, 0.5682, 0.6705
Time Consumption for one epoch is 7.241775035858154s
======================================= Epoch 12 =======================================
================= Test Set =================
+++++++++++ Find New Best Min ACC +++++++++++
The acc is 0.6591, 0.5909, 0.6761
Time Consumption for one epoch is 8.184573650360107s
======================================= Epoch 13 =======================================
================= Test Set =================
+++++++++++ Find New Best Min ACC +++++++++++
The acc is 0.6636, 0.6136, 0.6761
Time Consumption for one epoch is 9.058197021484375s
======================================= Epoch 14 =======================================
================= Test Set =================
The acc is 0.6636, 0.6136, 0.6761
Time Consumption for one epoch is 10.030184030532837s
======================================= Epoch 15 =======================================
================= Test Set =================
+++++++++++ Find New Best Min ACC +++++++++++
The acc is 0.6682, 0.5455, 0.6989
Time Consumption for one epoch is 9.490456819534302s
======================================= Epoch 16 =======================================
================= Test Set =================
The acc is 0.6682, 0.5455, 0.6989
Time Consumption for one epoch is 7.163487911224365s
======================================= Epoch 17 =======================================
================= Test Set =================
The acc is 0.6682, 0.5455, 0.6989
Time Consumption for one epoch is 8.076765060424805s
======================================= Epoch 18 =======================================
================= Test Set =================
+++++++++++ Find New Best Min ACC +++++++++++
The acc is 0.6864, 0.6136, 0.7045
Time Consumption for one epoch is 8.30285358428955s
======================================= Epoch 19 =======================================
================= Test Set =================
The acc is 0.6864, 0.6136, 0.7045
Time Consumption for one epoch is 8.932090282440186s
The final acc is 0.6864, 0.6136, 0.7045
