Namespace(data_dir='/data/yihua/dataset/celeba/celeba.hdf5', result_dir='results', checkpoint=None, resume=False, domain_attrs='Male', target_attrs='Heavy_Makeup', exp_name=None, batch_size=512, lr=0.0001, wd=2e-05, epochs=20, seed=2022, num_workers=8, arch='resnet9', evaluate=False, gv=1e-06, gr=0.1)
======================================= Epoch 0 =======================================
================= Test Set =================
+++++++++++ Find New Best Min ACC +++++++++++
The acc is 0.5000, 0.5000, 0.5000
Time Consumption for one epoch is 8.838336706161499s
======================================= Epoch 1 =======================================
================= Test Set =================
The acc is 0.5000, 0.5000, 0.5000
Time Consumption for one epoch is 9.566286563873291s
======================================= Epoch 2 =======================================
================= Test Set =================
+++++++++++ Find New Best Min ACC +++++++++++
The acc is 0.5364, 0.4545, 0.5568
Time Consumption for one epoch is 8.754749059677124s
======================================= Epoch 3 =======================================
================= Test Set =================
The acc is 0.5364, 0.4545, 0.5568
Time Consumption for one epoch is 9.331940174102783s
======================================= Epoch 4 =======================================
================= Test Set =================
The acc is 0.5364, 0.4545, 0.5568
Time Consumption for one epoch is 9.213871955871582s
======================================= Epoch 5 =======================================
================= Test Set =================
The acc is 0.5364, 0.4545, 0.5568
Time Consumption for one epoch is 8.999264001846313s
======================================= Epoch 6 =======================================
================= Test Set =================
The acc is 0.5364, 0.4545, 0.5568
Time Consumption for one epoch is 8.577531099319458s
======================================= Epoch 7 =======================================
================= Test Set =================
The acc is 0.5364, 0.4545, 0.5568
Time Consumption for one epoch is 7.88898777961731s
======================================= Epoch 8 =======================================
================= Test Set =================
The acc is 0.5364, 0.4545, 0.5568
Time Consumption for one epoch is 7.544415235519409s
======================================= Epoch 9 =======================================
================= Test Set =================
+++++++++++ Find New Best Min ACC +++++++++++
The acc is 0.5455, 0.5000, 0.5568
Time Consumption for one epoch is 9.329010486602783s
======================================= Epoch 10 =======================================
================= Test Set =================
+++++++++++ Find New Best Min ACC +++++++++++
The acc is 0.6273, 0.5227, 0.6534
Time Consumption for one epoch is 9.442277908325195s
======================================= Epoch 11 =======================================
================= Test Set =================
+++++++++++ Find New Best Min ACC +++++++++++
The acc is 0.6591, 0.5000, 0.6989
Time Consumption for one epoch is 9.301464557647705s
======================================= Epoch 12 =======================================
================= Test Set =================
The acc is 0.6591, 0.5000, 0.6989
Time Consumption for one epoch is 9.555973768234253s
======================================= Epoch 13 =======================================
================= Test Set =================
The acc is 0.6591, 0.5000, 0.6989
Time Consumption for one epoch is 8.125128746032715s
======================================= Epoch 14 =======================================
================= Test Set =================
The acc is 0.6591, 0.5000, 0.6989
Time Consumption for one epoch is 7.225318670272827s
======================================= Epoch 15 =======================================
================= Test Set =================
+++++++++++ Find New Best Min ACC +++++++++++
The acc is 0.6909, 0.5909, 0.7159
Time Consumption for one epoch is 9.424113750457764s
======================================= Epoch 16 =======================================
================= Test Set =================
+++++++++++ Find New Best Min ACC +++++++++++
The acc is 0.7045, 0.6136, 0.7273
Time Consumption for one epoch is 9.12252688407898s
======================================= Epoch 17 =======================================
================= Test Set =================
The acc is 0.7045, 0.6136, 0.7273
Time Consumption for one epoch is 8.430871725082397s
======================================= Epoch 18 =======================================
================= Test Set =================
The acc is 0.7045, 0.6136, 0.7273
Time Consumption for one epoch is 8.994674444198608s
======================================= Epoch 19 =======================================
================= Test Set =================
The acc is 0.7045, 0.6136, 0.7273
Time Consumption for one epoch is 7.986051797866821s
The final acc is 0.7045, 0.6136, 0.7273
