Namespace(data_dir='/data/yihua/dataset/celeba/celeba.hdf5', result_dir='results', checkpoint=None, resume=False, domain_attrs='Male', target_attrs='Blond_Hair', exp_name=None, batch_size=512, lr=0.0001, wd=2e-05, epochs=20, seed=2021, num_workers=8, arch='resnet18', evaluate=False, gv=1e-06, gr=0.5)
======================================= Epoch 0 =======================================
================= Test Set =================
+++++++++++ Find New Best Min ACC +++++++++++
The acc is 0.5000, 0.5000, 0.5000
Time Consumption for one epoch is 47.964110136032104s
======================================= Epoch 1 =======================================
================= Test Set =================
+++++++++++ Find New Best Min ACC +++++++++++
The acc is 0.7367, 0.6333, 0.7625
Time Consumption for one epoch is 45.092745542526245s
======================================= Epoch 2 =======================================
================= Test Set =================
+++++++++++ Find New Best Min ACC +++++++++++
The acc is 0.8844, 0.8556, 0.8917
Time Consumption for one epoch is 44.718865394592285s
======================================= Epoch 3 =======================================
================= Test Set =================
+++++++++++ Find New Best Min ACC +++++++++++
The acc is 0.8983, 0.8722, 0.9049
Time Consumption for one epoch is 43.337498903274536s
======================================= Epoch 4 =======================================
================= Test Set =================
The acc is 0.8983, 0.8722, 0.9049
Time Consumption for one epoch is 45.67859172821045s
======================================= Epoch 5 =======================================
================= Test Set =================
The acc is 0.8983, 0.8722, 0.9049
Time Consumption for one epoch is 44.536869764328s
======================================= Epoch 6 =======================================
================= Test Set =================
The acc is 0.8983, 0.8722, 0.9049
Time Consumption for one epoch is 45.44449424743652s
======================================= Epoch 7 =======================================
================= Test Set =================
+++++++++++ Find New Best Min ACC +++++++++++
The acc is 0.9089, 0.8806, 0.9160
Time Consumption for one epoch is 43.885197162628174s
======================================= Epoch 8 =======================================
================= Test Set =================
The acc is 0.9089, 0.8806, 0.9160
Time Consumption for one epoch is 44.4653480052948s
======================================= Epoch 9 =======================================
================= Test Set =================
The acc is 0.9089, 0.8806, 0.9160
Time Consumption for one epoch is 43.81377458572388s
======================================= Epoch 10 =======================================
================= Test Set =================
The acc is 0.9089, 0.8806, 0.9160
Time Consumption for one epoch is 43.33188009262085s
======================================= Epoch 11 =======================================
================= Test Set =================
The acc is 0.9089, 0.8806, 0.9160
Time Consumption for one epoch is 44.38549494743347s
======================================= Epoch 12 =======================================
================= Test Set =================
The acc is 0.9089, 0.8806, 0.9160
Time Consumption for one epoch is 45.14690685272217s
======================================= Epoch 13 =======================================
================= Test Set =================
The acc is 0.9089, 0.8806, 0.9160
Time Consumption for one epoch is 43.42505931854248s
======================================= Epoch 14 =======================================
================= Test Set =================
The acc is 0.9089, 0.8806, 0.9160
Time Consumption for one epoch is 44.29743766784668s
======================================= Epoch 15 =======================================
================= Test Set =================
The acc is 0.9089, 0.8806, 0.9160
Time Consumption for one epoch is 43.529019594192505s
======================================= Epoch 16 =======================================
================= Test Set =================
+++++++++++ Find New Best Min ACC +++++++++++
The acc is 0.9133, 0.8833, 0.9208
Time Consumption for one epoch is 45.604365825653076s
======================================= Epoch 17 =======================================
================= Test Set =================
+++++++++++ Find New Best Min ACC +++++++++++
The acc is 0.9150, 0.8917, 0.9208
Time Consumption for one epoch is 45.669533252716064s
======================================= Epoch 18 =======================================
================= Test Set =================
The acc is 0.9150, 0.8917, 0.9208
Time Consumption for one epoch is 44.154576539993286s
======================================= Epoch 19 =======================================
================= Test Set =================
The acc is 0.9150, 0.8917, 0.9208
Time Consumption for one epoch is 44.8772394657135s
The final acc is 0.9150, 0.8917, 0.9208
