Namespace(data_dir='/data/yihua/dataset/celeba/celeba.hdf5', result_dir='rotation_study', checkpoint=None, resume=False, domain_attrs='Male', target_attrs='Blond_Hair', exp_name=None, batch_size=512, lr=0.0001, wd=2e-05, epochs=20, seed=2022, num_workers=8, arch='resnet18', evaluate=False, total_num=5000, test_num=1000, gv=60.0, gr=0.3, minor_ratio=0.2, add_aug='rotation')
======================================= Epoch 0 =======================================
================= Test Set =================
+++++++++++ Find New Best Min ACC +++++++++++
The acc is 0.5376, 0.5814, 0.5000
Time Consumption for one epoch is 21.056069374084473s
======================================= Epoch 1 =======================================
================= Test Set =================
+++++++++++ Find New Best Min ACC +++++++++++
The acc is 0.7043, 0.6605, 0.7420
Time Consumption for one epoch is 20.8890483379364s
======================================= Epoch 2 =======================================
================= Test Set =================
The acc is 0.7043, 0.6605, 0.7420
Time Consumption for one epoch is 20.76157855987549s
======================================= Epoch 3 =======================================
================= Test Set =================
The acc is 0.7043, 0.6605, 0.7420
Time Consumption for one epoch is 20.532878160476685s
======================================= Epoch 4 =======================================
================= Test Set =================
+++++++++++ Find New Best Min ACC +++++++++++
The acc is 0.7301, 0.7093, 0.7480
Time Consumption for one epoch is 21.246007442474365s
======================================= Epoch 5 =======================================
================= Test Set =================
The acc is 0.7301, 0.7093, 0.7480
Time Consumption for one epoch is 22.336941242218018s
======================================= Epoch 6 =======================================
================= Test Set =================
+++++++++++ Find New Best Min ACC +++++++++++
The acc is 0.8323, 0.8000, 0.8600
Time Consumption for one epoch is 21.095133781433105s
======================================= Epoch 7 =======================================
================= Test Set =================
+++++++++++ Find New Best Min ACC +++++++++++
The acc is 0.8753, 0.8558, 0.8920
Time Consumption for one epoch is 20.396334171295166s
======================================= Epoch 8 =======================================
================= Test Set =================
The acc is 0.8753, 0.8558, 0.8920
Time Consumption for one epoch is 20.92829918861389s
======================================= Epoch 9 =======================================
================= Test Set =================
The acc is 0.8753, 0.8558, 0.8920
Time Consumption for one epoch is 20.49425196647644s
======================================= Epoch 10 =======================================
================= Test Set =================
The acc is 0.8753, 0.8558, 0.8920
Time Consumption for one epoch is 20.26164937019348s
======================================= Epoch 11 =======================================
================= Test Set =================
+++++++++++ Find New Best Min ACC +++++++++++
The acc is 0.8957, 0.8791, 0.9100
Time Consumption for one epoch is 21.28704047203064s
======================================= Epoch 12 =======================================
================= Test Set =================
The acc is 0.8957, 0.8791, 0.9100
Time Consumption for one epoch is 20.92993950843811s
======================================= Epoch 13 =======================================
================= Test Set =================
The acc is 0.8957, 0.8791, 0.9100
Time Consumption for one epoch is 21.364452600479126s
======================================= Epoch 14 =======================================
================= Test Set =================
The acc is 0.8957, 0.8791, 0.9100
Time Consumption for one epoch is 19.79799461364746s
======================================= Epoch 15 =======================================
================= Test Set =================
The acc is 0.8957, 0.8791, 0.9100
Time Consumption for one epoch is 20.44580388069153s
======================================= Epoch 16 =======================================
================= Test Set =================
The acc is 0.8957, 0.8791, 0.9100
Time Consumption for one epoch is 19.79171061515808s
======================================= Epoch 17 =======================================
================= Test Set =================
The acc is 0.8957, 0.8791, 0.9100
Time Consumption for one epoch is 21.39309072494507s
======================================= Epoch 18 =======================================
================= Test Set =================
The acc is 0.8957, 0.8791, 0.9100
Time Consumption for one epoch is 20.733600854873657s
======================================= Epoch 19 =======================================
================= Test Set =================
+++++++++++ Find New Best Min ACC +++++++++++
The acc is 0.8968, 0.8860, 0.9060
Time Consumption for one epoch is 22.671346187591553s
The final acc is 0.8968, 0.8860, 0.9060
