Namespace(data_dir='/data/yihua/dataset/celeba/celeba.hdf5', result_dir='results', checkpoint=None, resume=False, domain_attrs='Male', target_attrs='Blond_Hair', exp_name=None, batch_size=512, lr=0.0001, wd=2e-05, epochs=20, seed=2022, num_workers=8, arch='resnet9', evaluate=False, gv=0.2, gr=0.3)
======================================= Epoch 0 =======================================
================= Test Set =================
+++++++++++ Find New Best Min ACC +++++++++++
The acc is 0.6628, 0.5944, 0.6799
Time Consumption for one epoch is 31.325974225997925s
======================================= Epoch 1 =======================================
================= Test Set =================
+++++++++++ Find New Best Min ACC +++++++++++
The acc is 0.8817, 0.8194, 0.8972
Time Consumption for one epoch is 27.302051305770874s
======================================= Epoch 2 =======================================
================= Test Set =================
The acc is 0.8817, 0.8194, 0.8972
Time Consumption for one epoch is 28.24736523628235s
======================================= Epoch 3 =======================================
================= Test Set =================
The acc is 0.8817, 0.8194, 0.8972
Time Consumption for one epoch is 26.95731234550476s
======================================= Epoch 4 =======================================
================= Test Set =================
+++++++++++ Find New Best Min ACC +++++++++++
The acc is 0.9044, 0.8722, 0.9125
Time Consumption for one epoch is 27.780487775802612s
======================================= Epoch 5 =======================================
================= Test Set =================
The acc is 0.9044, 0.8722, 0.9125
Time Consumption for one epoch is 26.950926065444946s
======================================= Epoch 6 =======================================
================= Test Set =================
The acc is 0.9044, 0.8722, 0.9125
Time Consumption for one epoch is 27.311050176620483s
======================================= Epoch 7 =======================================
================= Test Set =================
+++++++++++ Find New Best Min ACC +++++++++++
The acc is 0.9083, 0.8722, 0.9174
Time Consumption for one epoch is 27.73690104484558s
======================================= Epoch 8 =======================================
================= Test Set =================
The acc is 0.9083, 0.8722, 0.9174
Time Consumption for one epoch is 27.28693962097168s
======================================= Epoch 9 =======================================
================= Test Set =================
+++++++++++ Find New Best Min ACC +++++++++++
The acc is 0.9150, 0.9028, 0.9181
Time Consumption for one epoch is 26.435192108154297s
======================================= Epoch 10 =======================================
================= Test Set =================
+++++++++++ Find New Best Min ACC +++++++++++
The acc is 0.9200, 0.9028, 0.9243
Time Consumption for one epoch is 27.10290026664734s
======================================= Epoch 11 =======================================
================= Test Set =================
The acc is 0.9200, 0.9028, 0.9243
Time Consumption for one epoch is 27.52582097053528s
======================================= Epoch 12 =======================================
================= Test Set =================
The acc is 0.9200, 0.9028, 0.9243
Time Consumption for one epoch is 28.248777627944946s
======================================= Epoch 13 =======================================
================= Test Set =================
+++++++++++ Find New Best Min ACC +++++++++++
The acc is 0.9211, 0.9083, 0.9243
Time Consumption for one epoch is 26.595942735671997s
======================================= Epoch 14 =======================================
================= Test Set =================
The acc is 0.9211, 0.9083, 0.9243
Time Consumption for one epoch is 25.790385484695435s
======================================= Epoch 15 =======================================
================= Test Set =================
The acc is 0.9211, 0.9083, 0.9243
Time Consumption for one epoch is 27.003793954849243s
======================================= Epoch 16 =======================================
================= Test Set =================
The acc is 0.9211, 0.9083, 0.9243
Time Consumption for one epoch is 27.08734703063965s
======================================= Epoch 17 =======================================
================= Test Set =================
The acc is 0.9211, 0.9083, 0.9243
Time Consumption for one epoch is 27.990947008132935s
======================================= Epoch 18 =======================================
================= Test Set =================
The acc is 0.9211, 0.9083, 0.9243
Time Consumption for one epoch is 27.630606651306152s
======================================= Epoch 19 =======================================
================= Test Set =================
The acc is 0.9211, 0.9083, 0.9243
Time Consumption for one epoch is 26.500868320465088s
The final acc is 0.9211, 0.9083, 0.9243
