Namespace(data_dir='/data/yihua/dataset/celeba/celeba.hdf5', result_dir='rotation_study', checkpoint=None, resume=False, domain_attrs='Male', target_attrs='Blond_Hair', exp_name=None, batch_size=512, lr=0.0001, wd=2e-05, epochs=20, seed=2020, num_workers=8, arch='resnet9', evaluate=False, total_num=5000, test_num=1000, gv=60.0, gr=0.1, minor_ratio=0.2, add_aug='rotation')
======================================= Epoch 0 =======================================
================= Test Set =================
+++++++++++ Find New Best Min ACC +++++++++++
The acc is 0.4624, 0.4186, 0.5000
Time Consumption for one epoch is 15.545282125473022s
======================================= Epoch 1 =======================================
================= Test Set =================
The acc is 0.4624, 0.4186, 0.5000
Time Consumption for one epoch is 14.571635723114014s
======================================= Epoch 2 =======================================
================= Test Set =================
+++++++++++ Find New Best Min ACC +++++++++++
The acc is 0.6301, 0.6256, 0.6340
Time Consumption for one epoch is 14.253350019454956s
======================================= Epoch 3 =======================================
================= Test Set =================
+++++++++++ Find New Best Min ACC +++++++++++
The acc is 0.7183, 0.7116, 0.7240
Time Consumption for one epoch is 14.707504749298096s
======================================= Epoch 4 =======================================
================= Test Set =================
+++++++++++ Find New Best Min ACC +++++++++++
The acc is 0.8473, 0.8163, 0.8740
Time Consumption for one epoch is 14.212723731994629s
======================================= Epoch 5 =======================================
================= Test Set =================
+++++++++++ Find New Best Min ACC +++++++++++
The acc is 0.8677, 0.8372, 0.8940
Time Consumption for one epoch is 14.707733154296875s
======================================= Epoch 6 =======================================
================= Test Set =================
+++++++++++ Find New Best Min ACC +++++++++++
The acc is 0.8796, 0.8651, 0.8920
Time Consumption for one epoch is 14.539413690567017s
======================================= Epoch 7 =======================================
================= Test Set =================
The acc is 0.8796, 0.8651, 0.8920
Time Consumption for one epoch is 14.748079776763916s
======================================= Epoch 8 =======================================
================= Test Set =================
The acc is 0.8796, 0.8651, 0.8920
Time Consumption for one epoch is 14.464789152145386s
======================================= Epoch 9 =======================================
================= Test Set =================
The acc is 0.8796, 0.8651, 0.8920
Time Consumption for one epoch is 14.70189905166626s
======================================= Epoch 10 =======================================
================= Test Set =================
+++++++++++ Find New Best Min ACC +++++++++++
The acc is 0.8817, 0.8558, 0.9040
Time Consumption for one epoch is 14.497566938400269s
======================================= Epoch 11 =======================================
================= Test Set =================
+++++++++++ Find New Best Min ACC +++++++++++
The acc is 0.9011, 0.8860, 0.9140
Time Consumption for one epoch is 14.768737554550171s
======================================= Epoch 12 =======================================
================= Test Set =================
The acc is 0.9011, 0.8860, 0.9140
Time Consumption for one epoch is 13.96432614326477s
======================================= Epoch 13 =======================================
================= Test Set =================
The acc is 0.9011, 0.8860, 0.9140
Time Consumption for one epoch is 14.309099912643433s
======================================= Epoch 14 =======================================
================= Test Set =================
The acc is 0.9011, 0.8860, 0.9140
Time Consumption for one epoch is 14.28629183769226s
======================================= Epoch 15 =======================================
================= Test Set =================
The acc is 0.9011, 0.8860, 0.9140
Time Consumption for one epoch is 14.224994897842407s
======================================= Epoch 16 =======================================
================= Test Set =================
The acc is 0.9011, 0.8860, 0.9140
Time Consumption for one epoch is 14.734902620315552s
======================================= Epoch 17 =======================================
================= Test Set =================
The acc is 0.9011, 0.8860, 0.9140
Time Consumption for one epoch is 14.248223781585693s
======================================= Epoch 18 =======================================
================= Test Set =================
The acc is 0.9011, 0.8860, 0.9140
Time Consumption for one epoch is 14.196181774139404s
======================================= Epoch 19 =======================================
================= Test Set =================
The acc is 0.9011, 0.8860, 0.9140
Time Consumption for one epoch is 14.853332757949829s
The final acc is 0.9011, 0.8860, 0.9140
