Namespace(data_dir='/data/yihua/dataset/celeba/celeba.hdf5', result_dir='results', checkpoint=None, resume=False, domain_attrs='Male', target_attrs='High_Cheekbones', exp_name=None, batch_size=512, lr=0.0001, wd=2e-05, epochs=20, seed=42, num_workers=8, arch='resnet9', evaluate=False, gv=0.25, gr=0.5)
======================================= Epoch 0 =======================================
================= Test Set =================
+++++++++++ Find New Best Min ACC +++++++++++
The acc is 0.8339, 0.7791, 0.8476
Time Consumption for one epoch is 143.75591135025024s
======================================= Epoch 1 =======================================
================= Test Set =================
+++++++++++ Find New Best Min ACC +++++++++++
The acc is 0.8624, 0.8196, 0.8731
Time Consumption for one epoch is 140.9416298866272s
======================================= Epoch 2 =======================================
================= Test Set =================
The acc is 0.8624, 0.8196, 0.8731
Time Consumption for one epoch is 141.56746625900269s
======================================= Epoch 3 =======================================
================= Test Set =================
+++++++++++ Find New Best Min ACC +++++++++++
The acc is 0.8677, 0.8256, 0.8782
Time Consumption for one epoch is 141.37067031860352s
======================================= Epoch 4 =======================================
================= Test Set =================
The acc is 0.8677, 0.8256, 0.8782
Time Consumption for one epoch is 139.05653166770935s
======================================= Epoch 5 =======================================
================= Test Set =================
The acc is 0.8677, 0.8256, 0.8782
Time Consumption for one epoch is 141.21359992027283s
======================================= Epoch 6 =======================================
================= Test Set =================
+++++++++++ Find New Best Min ACC +++++++++++
The acc is 0.8706, 0.8272, 0.8814
Time Consumption for one epoch is 140.7648696899414s
======================================= Epoch 7 =======================================
================= Test Set =================
+++++++++++ Find New Best Min ACC +++++++++++
The acc is 0.8728, 0.8312, 0.8831
Time Consumption for one epoch is 141.59636616706848s
======================================= Epoch 8 =======================================
================= Test Set =================
The acc is 0.8728, 0.8312, 0.8831
Time Consumption for one epoch is 140.78047609329224s
======================================= Epoch 9 =======================================
================= Test Set =================
The acc is 0.8728, 0.8312, 0.8831
Time Consumption for one epoch is 140.41411566734314s
======================================= Epoch 10 =======================================
================= Test Set =================
The acc is 0.8728, 0.8312, 0.8831
Time Consumption for one epoch is 139.88622331619263s
======================================= Epoch 11 =======================================
================= Test Set =================
+++++++++++ Find New Best Min ACC +++++++++++
The acc is 0.8752, 0.8324, 0.8858
Time Consumption for one epoch is 140.72461462020874s
======================================= Epoch 12 =======================================
================= Test Set =================
The acc is 0.8752, 0.8324, 0.8858
Time Consumption for one epoch is 140.83979201316833s
======================================= Epoch 13 =======================================
================= Test Set =================
+++++++++++ Find New Best Min ACC +++++++++++
The acc is 0.8778, 0.8368, 0.8881
Time Consumption for one epoch is 140.88788390159607s
======================================= Epoch 14 =======================================
================= Test Set =================
The acc is 0.8778, 0.8368, 0.8881
Time Consumption for one epoch is 140.06380605697632s
======================================= Epoch 15 =======================================
================= Test Set =================
The acc is 0.8778, 0.8368, 0.8881
Time Consumption for one epoch is 142.04310369491577s
======================================= Epoch 16 =======================================
================= Test Set =================
The acc is 0.8778, 0.8368, 0.8881
Time Consumption for one epoch is 141.38471746444702s
======================================= Epoch 17 =======================================
================= Test Set =================
The acc is 0.8778, 0.8368, 0.8881
Time Consumption for one epoch is 142.17455506324768s
======================================= Epoch 18 =======================================
================= Test Set =================
+++++++++++ Find New Best Min ACC +++++++++++
The acc is 0.8799, 0.8408, 0.8897
Time Consumption for one epoch is 139.7681233882904s
======================================= Epoch 19 =======================================
================= Test Set =================
+++++++++++ Find New Best Min ACC +++++++++++
The acc is 0.8800, 0.8420, 0.8895
Time Consumption for one epoch is 142.02977395057678s
The final acc is 0.8800, 0.8420, 0.8895
