Namespace(data_dir='/data/yihua/dataset/celeba/celeba.hdf5', result_dir='results', checkpoint=None, resume=False, domain_attrs='Male', target_attrs='High_Cheekbones', exp_name=None, batch_size=512, lr=0.0001, wd=2e-05, epochs=20, seed=2022, num_workers=8, arch='resnet9', evaluate=False, gv=0.25, gr=0.3)
======================================= Epoch 0 =======================================
================= Test Set =================
+++++++++++ Find New Best Min ACC +++++++++++
The acc is 0.8361, 0.7979, 0.8457
Time Consumption for one epoch is 136.38156628608704s
======================================= Epoch 1 =======================================
================= Test Set =================
The acc is 0.8361, 0.7979, 0.8457
Time Consumption for one epoch is 134.42399621009827s
======================================= Epoch 2 =======================================
================= Test Set =================
+++++++++++ Find New Best Min ACC +++++++++++
The acc is 0.8679, 0.8216, 0.8794
Time Consumption for one epoch is 134.65126299858093s
======================================= Epoch 3 =======================================
================= Test Set =================
The acc is 0.8679, 0.8216, 0.8794
Time Consumption for one epoch is 133.8448977470398s
======================================= Epoch 4 =======================================
================= Test Set =================
The acc is 0.8679, 0.8216, 0.8794
Time Consumption for one epoch is 132.485369682312s
======================================= Epoch 5 =======================================
================= Test Set =================
+++++++++++ Find New Best Min ACC +++++++++++
The acc is 0.8732, 0.8320, 0.8835
Time Consumption for one epoch is 133.54982161521912s
======================================= Epoch 6 =======================================
================= Test Set =================
The acc is 0.8732, 0.8320, 0.8835
Time Consumption for one epoch is 134.43102931976318s
======================================= Epoch 7 =======================================
================= Test Set =================
The acc is 0.8732, 0.8320, 0.8835
Time Consumption for one epoch is 135.4295449256897s
======================================= Epoch 8 =======================================
================= Test Set =================
The acc is 0.8732, 0.8320, 0.8835
Time Consumption for one epoch is 132.3745949268341s
======================================= Epoch 9 =======================================
================= Test Set =================
The acc is 0.8732, 0.8320, 0.8835
Time Consumption for one epoch is 135.45345997810364s
======================================= Epoch 10 =======================================
================= Test Set =================
The acc is 0.8732, 0.8320, 0.8835
Time Consumption for one epoch is 134.52060794830322s
======================================= Epoch 11 =======================================
================= Test Set =================
+++++++++++ Find New Best Min ACC +++++++++++
The acc is 0.8760, 0.8280, 0.8881
Time Consumption for one epoch is 134.6658968925476s
======================================= Epoch 12 =======================================
================= Test Set =================
The acc is 0.8760, 0.8280, 0.8881
Time Consumption for one epoch is 134.56528639793396s
======================================= Epoch 13 =======================================
================= Test Set =================
The acc is 0.8760, 0.8280, 0.8881
Time Consumption for one epoch is 134.84166383743286s
======================================= Epoch 14 =======================================
================= Test Set =================
The acc is 0.8760, 0.8280, 0.8881
Time Consumption for one epoch is 134.86003875732422s
======================================= Epoch 15 =======================================
================= Test Set =================
The acc is 0.8760, 0.8280, 0.8881
Time Consumption for one epoch is 135.4734013080597s
======================================= Epoch 16 =======================================
================= Test Set =================
+++++++++++ Find New Best Min ACC +++++++++++
The acc is 0.8773, 0.8384, 0.8871
Time Consumption for one epoch is 134.01223993301392s
======================================= Epoch 17 =======================================
================= Test Set =================
+++++++++++ Find New Best Min ACC +++++++++++
The acc is 0.8789, 0.8380, 0.8892
Time Consumption for one epoch is 134.28464102745056s
======================================= Epoch 18 =======================================
================= Test Set =================
The acc is 0.8789, 0.8380, 0.8892
Time Consumption for one epoch is 133.54212093353271s
======================================= Epoch 19 =======================================
================= Test Set =================
+++++++++++ Find New Best Min ACC +++++++++++
The acc is 0.8807, 0.8392, 0.8911
Time Consumption for one epoch is 135.19093132019043s
The final acc is 0.8807, 0.8392, 0.8911
