Namespace(data_dir='/data/yihua/dataset/celeba/celeba.hdf5', result_dir='results', checkpoint=None, resume=False, domain_attrs='Male', target_attrs='Heavy_Makeup', exp_name=None, batch_size=512, lr=0.0001, wd=2e-05, epochs=20, seed=2022, num_workers=8, arch='resnet9', evaluate=False, gv=0.01, gr=0.1)
======================================= Epoch 0 =======================================
================= Test Set =================
+++++++++++ Find New Best Min ACC +++++++++++
The acc is 0.5000, 0.5000, 0.5000
Time Consumption for one epoch is 8.410409688949585s
======================================= Epoch 1 =======================================
================= Test Set =================
The acc is 0.5000, 0.5000, 0.5000
Time Consumption for one epoch is 8.5899178981781s
======================================= Epoch 2 =======================================
================= Test Set =================
+++++++++++ Find New Best Min ACC +++++++++++
The acc is 0.5682, 0.5455, 0.5739
Time Consumption for one epoch is 9.425053119659424s
======================================= Epoch 3 =======================================
================= Test Set =================
The acc is 0.5682, 0.5455, 0.5739
Time Consumption for one epoch is 7.376967668533325s
======================================= Epoch 4 =======================================
================= Test Set =================
The acc is 0.5682, 0.5455, 0.5739
Time Consumption for one epoch is 8.598732948303223s
======================================= Epoch 5 =======================================
================= Test Set =================
The acc is 0.5682, 0.5455, 0.5739
Time Consumption for one epoch is 9.780925035476685s
======================================= Epoch 6 =======================================
================= Test Set =================
The acc is 0.5682, 0.5455, 0.5739
Time Consumption for one epoch is 8.03976821899414s
======================================= Epoch 7 =======================================
================= Test Set =================
The acc is 0.5682, 0.5455, 0.5739
Time Consumption for one epoch is 8.88060474395752s
======================================= Epoch 8 =======================================
================= Test Set =================
The acc is 0.5682, 0.5455, 0.5739
Time Consumption for one epoch is 8.47543978691101s
======================================= Epoch 9 =======================================
================= Test Set =================
+++++++++++ Find New Best Min ACC +++++++++++
The acc is 0.5909, 0.5000, 0.6136
Time Consumption for one epoch is 8.104533433914185s
======================================= Epoch 10 =======================================
================= Test Set =================
+++++++++++ Find New Best Min ACC +++++++++++
The acc is 0.6136, 0.4545, 0.6534
Time Consumption for one epoch is 9.22685694694519s
======================================= Epoch 11 =======================================
================= Test Set =================
+++++++++++ Find New Best Min ACC +++++++++++
The acc is 0.6500, 0.5000, 0.6875
Time Consumption for one epoch is 9.740367889404297s
======================================= Epoch 12 =======================================
================= Test Set =================
The acc is 0.6500, 0.5000, 0.6875
Time Consumption for one epoch is 8.228095769882202s
======================================= Epoch 13 =======================================
================= Test Set =================
+++++++++++ Find New Best Min ACC +++++++++++
The acc is 0.6636, 0.5682, 0.6875
Time Consumption for one epoch is 8.116945743560791s
======================================= Epoch 14 =======================================
================= Test Set =================
The acc is 0.6636, 0.5682, 0.6875
Time Consumption for one epoch is 10.22959303855896s
======================================= Epoch 15 =======================================
================= Test Set =================
+++++++++++ Find New Best Min ACC +++++++++++
The acc is 0.6955, 0.5682, 0.7273
Time Consumption for one epoch is 7.465400218963623s
======================================= Epoch 16 =======================================
================= Test Set =================
The acc is 0.6955, 0.5682, 0.7273
Time Consumption for one epoch is 8.398534774780273s
======================================= Epoch 17 =======================================
================= Test Set =================
The acc is 0.6955, 0.5682, 0.7273
Time Consumption for one epoch is 9.390395641326904s
======================================= Epoch 18 =======================================
================= Test Set =================
The acc is 0.6955, 0.5682, 0.7273
Time Consumption for one epoch is 8.275150537490845s
======================================= Epoch 19 =======================================
================= Test Set =================
The acc is 0.6955, 0.5682, 0.7273
Time Consumption for one epoch is 10.055548667907715s
The final acc is 0.6955, 0.5682, 0.7273
