Namespace(data_dir='/data/yihua/dataset/celeba/celeba.hdf5', result_dir='rotation_study', checkpoint=None, resume=False, domain_attrs='Male', target_attrs='Blond_Hair', exp_name=None, batch_size=512, lr=0.0001, wd=2e-05, epochs=20, seed=2022, num_workers=8, arch='resnet18', evaluate=False, total_num=5000, test_num=1000, gv=150.0, gr=0.5, minor_ratio=0.2, add_aug='rotation')
======================================= Epoch 0 =======================================
================= Test Set =================
+++++++++++ Find New Best Min ACC +++++++++++
The acc is 0.5376, 0.5814, 0.5000
Time Consumption for one epoch is 24.640257596969604s
======================================= Epoch 1 =======================================
================= Test Set =================
The acc is 0.5376, 0.5814, 0.5000
Time Consumption for one epoch is 22.07994794845581s
======================================= Epoch 2 =======================================
================= Test Set =================
The acc is 0.5376, 0.5814, 0.5000
Time Consumption for one epoch is 21.24223041534424s
======================================= Epoch 3 =======================================
================= Test Set =================
+++++++++++ Find New Best Min ACC +++++++++++
The acc is 0.5946, 0.6209, 0.5720
Time Consumption for one epoch is 21.645437717437744s
======================================= Epoch 4 =======================================
================= Test Set =================
+++++++++++ Find New Best Min ACC +++++++++++
The acc is 0.7978, 0.7860, 0.8080
Time Consumption for one epoch is 20.508013486862183s
======================================= Epoch 5 =======================================
================= Test Set =================
The acc is 0.7978, 0.7860, 0.8080
Time Consumption for one epoch is 19.8737313747406s
======================================= Epoch 6 =======================================
================= Test Set =================
+++++++++++ Find New Best Min ACC +++++++++++
The acc is 0.8796, 0.8628, 0.8940
Time Consumption for one epoch is 21.053110599517822s
======================================= Epoch 7 =======================================
================= Test Set =================
The acc is 0.8796, 0.8628, 0.8940
Time Consumption for one epoch is 20.87487030029297s
======================================= Epoch 8 =======================================
================= Test Set =================
The acc is 0.8796, 0.8628, 0.8940
Time Consumption for one epoch is 20.559572458267212s
======================================= Epoch 9 =======================================
================= Test Set =================
The acc is 0.8796, 0.8628, 0.8940
Time Consumption for one epoch is 22.811666011810303s
======================================= Epoch 10 =======================================
================= Test Set =================
The acc is 0.8796, 0.8628, 0.8940
Time Consumption for one epoch is 20.913063764572144s
======================================= Epoch 11 =======================================
================= Test Set =================
The acc is 0.8796, 0.8628, 0.8940
Time Consumption for one epoch is 20.016414165496826s
======================================= Epoch 12 =======================================
================= Test Set =================
The acc is 0.8796, 0.8628, 0.8940
Time Consumption for one epoch is 21.37968635559082s
======================================= Epoch 13 =======================================
================= Test Set =================
+++++++++++ Find New Best Min ACC +++++++++++
The acc is 0.8860, 0.8698, 0.9000
Time Consumption for one epoch is 21.835299730300903s
======================================= Epoch 14 =======================================
================= Test Set =================
The acc is 0.8860, 0.8698, 0.9000
Time Consumption for one epoch is 20.674832582473755s
======================================= Epoch 15 =======================================
================= Test Set =================
+++++++++++ Find New Best Min ACC +++++++++++
The acc is 0.8903, 0.8698, 0.9080
Time Consumption for one epoch is 21.716450929641724s
======================================= Epoch 16 =======================================
================= Test Set =================
The acc is 0.8903, 0.8698, 0.9080
Time Consumption for one epoch is 19.964815378189087s
======================================= Epoch 17 =======================================
================= Test Set =================
+++++++++++ Find New Best Min ACC +++++++++++
The acc is 0.9000, 0.8860, 0.9120
Time Consumption for one epoch is 20.521073818206787s
======================================= Epoch 18 =======================================
================= Test Set =================
+++++++++++ Find New Best Min ACC +++++++++++
The acc is 0.9054, 0.8977, 0.9120
Time Consumption for one epoch is 20.056484699249268s
======================================= Epoch 19 =======================================
================= Test Set =================
The acc is 0.9054, 0.8977, 0.9120
Time Consumption for one epoch is 21.073514461517334s
The final acc is 0.9054, 0.8977, 0.9120
