Namespace(data_dir='/data/yihua/dataset/celeba/celeba.hdf5', result_dir='results', checkpoint=None, resume=False, domain_attrs='Male', target_attrs='Heavy_Makeup', exp_name=None, batch_size=512, lr=0.0001, wd=2e-05, epochs=20, seed=2020, num_workers=8, arch='resnet9', evaluate=False, gv=0.1, gr=0.3)
======================================= Epoch 0 =======================================
================= Test Set =================
+++++++++++ Find New Best Min ACC +++++++++++
The acc is 0.5000, 0.5000, 0.5000
Time Consumption for one epoch is 8.447860956192017s
======================================= Epoch 1 =======================================
================= Test Set =================
The acc is 0.5000, 0.5000, 0.5000
Time Consumption for one epoch is 9.478439331054688s
======================================= Epoch 2 =======================================
================= Test Set =================
The acc is 0.5000, 0.5000, 0.5000
Time Consumption for one epoch is 8.619600296020508s
======================================= Epoch 3 =======================================
================= Test Set =================
The acc is 0.5000, 0.5000, 0.5000
Time Consumption for one epoch is 8.724101066589355s
======================================= Epoch 4 =======================================
================= Test Set =================
The acc is 0.5000, 0.5000, 0.5000
Time Consumption for one epoch is 8.744507789611816s
======================================= Epoch 5 =======================================
================= Test Set =================
+++++++++++ Find New Best Min ACC +++++++++++
The acc is 0.5045, 0.5227, 0.5000
Time Consumption for one epoch is 9.09909176826477s
======================================= Epoch 6 =======================================
================= Test Set =================
+++++++++++ Find New Best Min ACC +++++++++++
The acc is 0.5500, 0.5000, 0.5625
Time Consumption for one epoch is 9.821019172668457s
======================================= Epoch 7 =======================================
================= Test Set =================
+++++++++++ Find New Best Min ACC +++++++++++
The acc is 0.6091, 0.5227, 0.6307
Time Consumption for one epoch is 9.75406813621521s
======================================= Epoch 8 =======================================
================= Test Set =================
+++++++++++ Find New Best Min ACC +++++++++++
The acc is 0.6182, 0.5227, 0.6420
Time Consumption for one epoch is 8.942199230194092s
======================================= Epoch 9 =======================================
================= Test Set =================
+++++++++++ Find New Best Min ACC +++++++++++
The acc is 0.6591, 0.5455, 0.6875
Time Consumption for one epoch is 9.897724866867065s
======================================= Epoch 10 =======================================
================= Test Set =================
+++++++++++ Find New Best Min ACC +++++++++++
The acc is 0.6727, 0.6136, 0.6875
Time Consumption for one epoch is 8.381051063537598s
======================================= Epoch 11 =======================================
================= Test Set =================
+++++++++++ Find New Best Min ACC +++++++++++
The acc is 0.6818, 0.6136, 0.6989
Time Consumption for one epoch is 9.697094917297363s
======================================= Epoch 12 =======================================
================= Test Set =================
The acc is 0.6818, 0.6136, 0.6989
Time Consumption for one epoch is 8.823680877685547s
======================================= Epoch 13 =======================================
================= Test Set =================
The acc is 0.6818, 0.6136, 0.6989
Time Consumption for one epoch is 7.482172966003418s
======================================= Epoch 14 =======================================
================= Test Set =================
+++++++++++ Find New Best Min ACC +++++++++++
The acc is 0.7000, 0.6818, 0.7045
Time Consumption for one epoch is 8.738539934158325s
======================================= Epoch 15 =======================================
================= Test Set =================
The acc is 0.7000, 0.6818, 0.7045
Time Consumption for one epoch is 8.9687819480896s
======================================= Epoch 16 =======================================
================= Test Set =================
The acc is 0.7000, 0.6818, 0.7045
Time Consumption for one epoch is 8.468600511550903s
======================================= Epoch 17 =======================================
================= Test Set =================
The acc is 0.7000, 0.6818, 0.7045
Time Consumption for one epoch is 9.146252393722534s
======================================= Epoch 18 =======================================
================= Test Set =================
The acc is 0.7000, 0.6818, 0.7045
Time Consumption for one epoch is 8.39113998413086s
======================================= Epoch 19 =======================================
================= Test Set =================
The acc is 0.7000, 0.6818, 0.7045
Time Consumption for one epoch is 8.227044343948364s
The final acc is 0.7000, 0.6818, 0.7045
