Namespace(data_dir='/data/yihua/dataset/celeba/celeba.hdf5', result_dir='crop_study', checkpoint=None, resume=False, domain_attrs='Male', target_attrs='Blond_Hair', exp_name=None, batch_size=512, lr=0.0001, wd=2e-05, epochs=20, seed=2020, num_workers=8, arch='resnet18', evaluate=False, total_num=5000, test_num=1000, gv=100.0, gr=0.1, minor_ratio=0.2, add_aug='crop')
======================================= Epoch 0 =======================================
================= Test Set =================
+++++++++++ Find New Best Min ACC +++++++++++
The acc is 0.4624, 0.4186, 0.5000
Time Consumption for one epoch is 21.91897416114807s
======================================= Epoch 1 =======================================
================= Test Set =================
The acc is 0.4624, 0.4186, 0.5000
Time Consumption for one epoch is 20.350419759750366s
======================================= Epoch 2 =======================================
================= Test Set =================
+++++++++++ Find New Best Min ACC +++++++++++
The acc is 0.4946, 0.5395, 0.4560
Time Consumption for one epoch is 20.5645170211792s
======================================= Epoch 3 =======================================
================= Test Set =================
+++++++++++ Find New Best Min ACC +++++++++++
The acc is 0.6634, 0.6605, 0.6660
Time Consumption for one epoch is 19.657835006713867s
======================================= Epoch 4 =======================================
================= Test Set =================
+++++++++++ Find New Best Min ACC +++++++++++
The acc is 0.7591, 0.7233, 0.7900
Time Consumption for one epoch is 20.691890954971313s
======================================= Epoch 5 =======================================
================= Test Set =================
+++++++++++ Find New Best Min ACC +++++++++++
The acc is 0.7925, 0.7442, 0.8340
Time Consumption for one epoch is 22.046650886535645s
======================================= Epoch 6 =======================================
================= Test Set =================
+++++++++++ Find New Best Min ACC +++++++++++
The acc is 0.8570, 0.8233, 0.8860
Time Consumption for one epoch is 19.274245023727417s
======================================= Epoch 7 =======================================
================= Test Set =================
+++++++++++ Find New Best Min ACC +++++++++++
The acc is 0.8613, 0.8395, 0.8800
Time Consumption for one epoch is 20.441757202148438s
======================================= Epoch 8 =======================================
================= Test Set =================
The acc is 0.8613, 0.8395, 0.8800
Time Consumption for one epoch is 19.756820678710938s
======================================= Epoch 9 =======================================
================= Test Set =================
+++++++++++ Find New Best Min ACC +++++++++++
The acc is 0.8677, 0.8442, 0.8880
Time Consumption for one epoch is 18.811667919158936s
======================================= Epoch 10 =======================================
================= Test Set =================
The acc is 0.8677, 0.8442, 0.8880
Time Consumption for one epoch is 21.511252403259277s
======================================= Epoch 11 =======================================
================= Test Set =================
+++++++++++ Find New Best Min ACC +++++++++++
The acc is 0.8774, 0.8442, 0.9060
Time Consumption for one epoch is 21.099085569381714s
======================================= Epoch 12 =======================================
================= Test Set =================
+++++++++++ Find New Best Min ACC +++++++++++
The acc is 0.8882, 0.8674, 0.9060
Time Consumption for one epoch is 18.974432706832886s
======================================= Epoch 13 =======================================
================= Test Set =================
The acc is 0.8882, 0.8674, 0.9060
Time Consumption for one epoch is 19.345058917999268s
======================================= Epoch 14 =======================================
================= Test Set =================
+++++++++++ Find New Best Min ACC +++++++++++
The acc is 0.8946, 0.8744, 0.9120
Time Consumption for one epoch is 21.254483222961426s
======================================= Epoch 15 =======================================
================= Test Set =================
The acc is 0.8946, 0.8744, 0.9120
Time Consumption for one epoch is 20.53505778312683s
======================================= Epoch 16 =======================================
================= Test Set =================
The acc is 0.8946, 0.8744, 0.9120
Time Consumption for one epoch is 19.30973219871521s
======================================= Epoch 17 =======================================
================= Test Set =================
The acc is 0.8946, 0.8744, 0.9120
Time Consumption for one epoch is 19.987274646759033s
======================================= Epoch 18 =======================================
================= Test Set =================
The acc is 0.8946, 0.8744, 0.9120
Time Consumption for one epoch is 19.202388286590576s
======================================= Epoch 19 =======================================
================= Test Set =================
+++++++++++ Find New Best Min ACC +++++++++++
The acc is 0.8978, 0.8814, 0.9120
Time Consumption for one epoch is 20.21476936340332s
The final acc is 0.8978, 0.8814, 0.9120
