Namespace(data_dir='/data/yihua/dataset/celeba/celeba.hdf5', result_dir='results', checkpoint=None, resume=False, domain_attrs='Male', target_attrs='Blond_Hair', exp_name=None, batch_size=512, lr=0.0001, wd=2e-05, epochs=20, seed=2020, num_workers=8, arch='resnet9', evaluate=False, gv=0.1, gr=0.5)
======================================= Epoch 0 =======================================
================= Test Set =================
+++++++++++ Find New Best Min ACC +++++++++++
The acc is 0.7594, 0.7056, 0.7729
Time Consumption for one epoch is 31.391200304031372s
======================================= Epoch 1 =======================================
================= Test Set =================
+++++++++++ Find New Best Min ACC +++++++++++
The acc is 0.8739, 0.7972, 0.8931
Time Consumption for one epoch is 29.24698781967163s
======================================= Epoch 2 =======================================
================= Test Set =================
+++++++++++ Find New Best Min ACC +++++++++++
The acc is 0.8939, 0.8583, 0.9028
Time Consumption for one epoch is 28.79943537712097s
======================================= Epoch 3 =======================================
================= Test Set =================
The acc is 0.8939, 0.8583, 0.9028
Time Consumption for one epoch is 27.775049924850464s
======================================= Epoch 4 =======================================
================= Test Set =================
The acc is 0.8939, 0.8583, 0.9028
Time Consumption for one epoch is 29.60594916343689s
======================================= Epoch 5 =======================================
================= Test Set =================
+++++++++++ Find New Best Min ACC +++++++++++
The acc is 0.8994, 0.8806, 0.9042
Time Consumption for one epoch is 28.60708737373352s
======================================= Epoch 6 =======================================
================= Test Set =================
+++++++++++ Find New Best Min ACC +++++++++++
The acc is 0.9044, 0.8833, 0.9097
Time Consumption for one epoch is 28.44609761238098s
======================================= Epoch 7 =======================================
================= Test Set =================
+++++++++++ Find New Best Min ACC +++++++++++
The acc is 0.9117, 0.8778, 0.9201
Time Consumption for one epoch is 29.020140647888184s
======================================= Epoch 8 =======================================
================= Test Set =================
+++++++++++ Find New Best Min ACC +++++++++++
The acc is 0.9150, 0.9028, 0.9181
Time Consumption for one epoch is 29.90423607826233s
======================================= Epoch 9 =======================================
================= Test Set =================
The acc is 0.9150, 0.9028, 0.9181
Time Consumption for one epoch is 28.280158281326294s
======================================= Epoch 10 =======================================
================= Test Set =================
The acc is 0.9150, 0.9028, 0.9181
Time Consumption for one epoch is 27.69651222229004s
======================================= Epoch 11 =======================================
================= Test Set =================
+++++++++++ Find New Best Min ACC +++++++++++
The acc is 0.9183, 0.9000, 0.9229
Time Consumption for one epoch is 28.692530393600464s
======================================= Epoch 12 =======================================
================= Test Set =================
The acc is 0.9183, 0.9000, 0.9229
Time Consumption for one epoch is 29.488377332687378s
======================================= Epoch 13 =======================================
================= Test Set =================
The acc is 0.9183, 0.9000, 0.9229
Time Consumption for one epoch is 27.880981922149658s
======================================= Epoch 14 =======================================
================= Test Set =================
The acc is 0.9183, 0.9000, 0.9229
Time Consumption for one epoch is 26.962084531784058s
======================================= Epoch 15 =======================================
================= Test Set =================
The acc is 0.9183, 0.9000, 0.9229
Time Consumption for one epoch is 27.648441076278687s
======================================= Epoch 16 =======================================
================= Test Set =================
+++++++++++ Find New Best Min ACC +++++++++++
The acc is 0.9228, 0.9028, 0.9278
Time Consumption for one epoch is 30.56103277206421s
======================================= Epoch 17 =======================================
================= Test Set =================
The acc is 0.9228, 0.9028, 0.9278
Time Consumption for one epoch is 28.541404008865356s
======================================= Epoch 18 =======================================
================= Test Set =================
+++++++++++ Find New Best Min ACC +++++++++++
The acc is 0.9233, 0.9028, 0.9285
Time Consumption for one epoch is 28.796736240386963s
======================================= Epoch 19 =======================================
================= Test Set =================
The acc is 0.9233, 0.9028, 0.9285
Time Consumption for one epoch is 28.46628451347351s
The final acc is 0.9233, 0.9028, 0.9285
