Namespace(data_dir='/data/yihua/dataset/celeba/celeba.hdf5', result_dir='results', checkpoint=None, resume=False, domain_attrs='Male', target_attrs='Blond_Hair', exp_name=None, batch_size=512, lr=0.0001, wd=2e-05, epochs=20, seed=2021, num_workers=8, arch='resnet9', evaluate=False, gv=0.35, gr=0.1)
======================================= Epoch 0 =======================================
================= Test Set =================
+++++++++++ Find New Best Min ACC +++++++++++
The acc is 0.5672, 0.5500, 0.5715
Time Consumption for one epoch is 26.129211902618408s
======================================= Epoch 1 =======================================
================= Test Set =================
+++++++++++ Find New Best Min ACC +++++++++++
The acc is 0.8850, 0.8472, 0.8944
Time Consumption for one epoch is 24.275668621063232s
======================================= Epoch 2 =======================================
================= Test Set =================
The acc is 0.8850, 0.8472, 0.8944
Time Consumption for one epoch is 22.311177968978882s
======================================= Epoch 3 =======================================
================= Test Set =================
+++++++++++ Find New Best Min ACC +++++++++++
The acc is 0.8861, 0.8333, 0.8993
Time Consumption for one epoch is 23.072701930999756s
======================================= Epoch 4 =======================================
================= Test Set =================
+++++++++++ Find New Best Min ACC +++++++++++
The acc is 0.9000, 0.8806, 0.9049
Time Consumption for one epoch is 23.812668561935425s
======================================= Epoch 5 =======================================
================= Test Set =================
+++++++++++ Find New Best Min ACC +++++++++++
The acc is 0.9089, 0.8778, 0.9167
Time Consumption for one epoch is 23.07991909980774s
======================================= Epoch 6 =======================================
================= Test Set =================
The acc is 0.9089, 0.8778, 0.9167
Time Consumption for one epoch is 24.592703342437744s
======================================= Epoch 7 =======================================
================= Test Set =================
The acc is 0.9089, 0.8778, 0.9167
Time Consumption for one epoch is 24.526556730270386s
======================================= Epoch 8 =======================================
================= Test Set =================
The acc is 0.9089, 0.8778, 0.9167
Time Consumption for one epoch is 21.859689235687256s
======================================= Epoch 9 =======================================
================= Test Set =================
The acc is 0.9089, 0.8778, 0.9167
Time Consumption for one epoch is 23.828479766845703s
======================================= Epoch 10 =======================================
================= Test Set =================
The acc is 0.9089, 0.8778, 0.9167
Time Consumption for one epoch is 24.440063953399658s
======================================= Epoch 11 =======================================
================= Test Set =================
+++++++++++ Find New Best Min ACC +++++++++++
The acc is 0.9156, 0.8972, 0.9201
Time Consumption for one epoch is 24.12790322303772s
======================================= Epoch 12 =======================================
================= Test Set =================
The acc is 0.9156, 0.8972, 0.9201
Time Consumption for one epoch is 23.875244617462158s
======================================= Epoch 13 =======================================
================= Test Set =================
The acc is 0.9156, 0.8972, 0.9201
Time Consumption for one epoch is 23.811915397644043s
======================================= Epoch 14 =======================================
================= Test Set =================
+++++++++++ Find New Best Min ACC +++++++++++
The acc is 0.9206, 0.9000, 0.9257
Time Consumption for one epoch is 23.309614419937134s
======================================= Epoch 15 =======================================
================= Test Set =================
The acc is 0.9206, 0.9000, 0.9257
Time Consumption for one epoch is 23.625682830810547s
======================================= Epoch 16 =======================================
================= Test Set =================
The acc is 0.9206, 0.9000, 0.9257
Time Consumption for one epoch is 23.480257511138916s
======================================= Epoch 17 =======================================
================= Test Set =================
+++++++++++ Find New Best Min ACC +++++++++++
The acc is 0.9228, 0.9167, 0.9243
Time Consumption for one epoch is 23.809403657913208s
======================================= Epoch 18 =======================================
================= Test Set =================
The acc is 0.9228, 0.9167, 0.9243
Time Consumption for one epoch is 24.462321281433105s
======================================= Epoch 19 =======================================
================= Test Set =================
The acc is 0.9228, 0.9167, 0.9243
Time Consumption for one epoch is 23.13717269897461s
The final acc is 0.9228, 0.9167, 0.9243
