Namespace(data_dir='/data/yihua/dataset/celeba/celeba.hdf5', result_dir='results', checkpoint=None, resume=False, domain_attrs='Male', target_attrs='High_Cheekbones', exp_name=None, batch_size=512, lr=0.0001, wd=2e-05, epochs=20, seed=2022, num_workers=8, arch='resnet9', evaluate=False, gv=0.5, gr=0.5)
======================================= Epoch 0 =======================================
================= Test Set =================
+++++++++++ Find New Best Min ACC +++++++++++
The acc is 0.8450, 0.7931, 0.8580
Time Consumption for one epoch is 144.2322006225586s
======================================= Epoch 1 =======================================
================= Test Set =================
+++++++++++ Find New Best Min ACC +++++++++++
The acc is 0.8566, 0.8115, 0.8678
Time Consumption for one epoch is 142.66705894470215s
======================================= Epoch 2 =======================================
================= Test Set =================
The acc is 0.8566, 0.8115, 0.8678
Time Consumption for one epoch is 142.38008761405945s
======================================= Epoch 3 =======================================
================= Test Set =================
+++++++++++ Find New Best Min ACC +++++++++++
The acc is 0.8659, 0.8176, 0.8779
Time Consumption for one epoch is 142.57813239097595s
======================================= Epoch 4 =======================================
================= Test Set =================
+++++++++++ Find New Best Min ACC +++++++++++
The acc is 0.8684, 0.8192, 0.8807
Time Consumption for one epoch is 143.64031887054443s
======================================= Epoch 5 =======================================
================= Test Set =================
+++++++++++ Find New Best Min ACC +++++++++++
The acc is 0.8712, 0.8272, 0.8821
Time Consumption for one epoch is 144.24857091903687s
======================================= Epoch 6 =======================================
================= Test Set =================
The acc is 0.8712, 0.8272, 0.8821
Time Consumption for one epoch is 143.93188071250916s
======================================= Epoch 7 =======================================
================= Test Set =================
The acc is 0.8712, 0.8272, 0.8821
Time Consumption for one epoch is 143.42222094535828s
======================================= Epoch 8 =======================================
================= Test Set =================
The acc is 0.8712, 0.8272, 0.8821
Time Consumption for one epoch is 142.45811343193054s
======================================= Epoch 9 =======================================
================= Test Set =================
+++++++++++ Find New Best Min ACC +++++++++++
The acc is 0.8765, 0.8332, 0.8874
Time Consumption for one epoch is 143.70182538032532s
======================================= Epoch 10 =======================================
================= Test Set =================
The acc is 0.8765, 0.8332, 0.8874
Time Consumption for one epoch is 143.506028175354s
======================================= Epoch 11 =======================================
================= Test Set =================
The acc is 0.8765, 0.8332, 0.8874
Time Consumption for one epoch is 145.29847979545593s
======================================= Epoch 12 =======================================
================= Test Set =================
The acc is 0.8765, 0.8332, 0.8874
Time Consumption for one epoch is 144.58358931541443s
======================================= Epoch 13 =======================================
================= Test Set =================
The acc is 0.8765, 0.8332, 0.8874
Time Consumption for one epoch is 142.25988507270813s
======================================= Epoch 14 =======================================
================= Test Set =================
The acc is 0.8765, 0.8332, 0.8874
Time Consumption for one epoch is 144.06743335723877s
======================================= Epoch 15 =======================================
================= Test Set =================
The acc is 0.8765, 0.8332, 0.8874
Time Consumption for one epoch is 141.0816478729248s
======================================= Epoch 16 =======================================
================= Test Set =================
+++++++++++ Find New Best Min ACC +++++++++++
The acc is 0.8804, 0.8368, 0.8913
Time Consumption for one epoch is 145.34233593940735s
======================================= Epoch 17 =======================================
================= Test Set =================
The acc is 0.8804, 0.8368, 0.8913
Time Consumption for one epoch is 142.92924761772156s
======================================= Epoch 18 =======================================
================= Test Set =================
The acc is 0.8804, 0.8368, 0.8913
Time Consumption for one epoch is 145.57883763313293s
======================================= Epoch 19 =======================================
================= Test Set =================
The acc is 0.8804, 0.8368, 0.8913
Time Consumption for one epoch is 141.94597792625427s
The final acc is 0.8804, 0.8368, 0.8913
