Namespace(data_dir='/data/yihua/dataset/celeba/celeba.hdf5', result_dir='crop_study', checkpoint=None, resume=False, domain_attrs='Male', target_attrs='Blond_Hair', exp_name=None, batch_size=512, lr=0.0001, wd=2e-05, epochs=20, seed=2022, num_workers=8, arch='resnet9', evaluate=False, total_num=5000, test_num=1000, gv=220.0, gr=0.5, minor_ratio=0.2, add_aug='crop')
======================================= Epoch 0 =======================================
================= Test Set =================
+++++++++++ Find New Best Min ACC +++++++++++
The acc is 0.4624, 0.4186, 0.5000
Time Consumption for one epoch is 16.47872257232666s
======================================= Epoch 1 =======================================
================= Test Set =================
The acc is 0.4624, 0.4186, 0.5000
Time Consumption for one epoch is 14.698978662490845s
======================================= Epoch 2 =======================================
================= Test Set =================
+++++++++++ Find New Best Min ACC +++++++++++
The acc is 0.5559, 0.4791, 0.6220
Time Consumption for one epoch is 14.780746936798096s
======================================= Epoch 3 =======================================
================= Test Set =================
+++++++++++ Find New Best Min ACC +++++++++++
The acc is 0.7419, 0.6744, 0.8000
Time Consumption for one epoch is 14.673251152038574s
======================================= Epoch 4 =======================================
================= Test Set =================
+++++++++++ Find New Best Min ACC +++++++++++
The acc is 0.8613, 0.8488, 0.8720
Time Consumption for one epoch is 14.641341209411621s
======================================= Epoch 5 =======================================
================= Test Set =================
+++++++++++ Find New Best Min ACC +++++++++++
The acc is 0.8720, 0.8512, 0.8900
Time Consumption for one epoch is 14.22283124923706s
======================================= Epoch 6 =======================================
================= Test Set =================
+++++++++++ Find New Best Min ACC +++++++++++
The acc is 0.8806, 0.8674, 0.8920
Time Consumption for one epoch is 14.420409679412842s
======================================= Epoch 7 =======================================
================= Test Set =================
The acc is 0.8806, 0.8674, 0.8920
Time Consumption for one epoch is 14.939093351364136s
======================================= Epoch 8 =======================================
================= Test Set =================
The acc is 0.8806, 0.8674, 0.8920
Time Consumption for one epoch is 14.78424072265625s
======================================= Epoch 9 =======================================
================= Test Set =================
The acc is 0.8806, 0.8674, 0.8920
Time Consumption for one epoch is 14.3827486038208s
======================================= Epoch 10 =======================================
================= Test Set =================
The acc is 0.8806, 0.8674, 0.8920
Time Consumption for one epoch is 14.541815042495728s
======================================= Epoch 11 =======================================
================= Test Set =================
+++++++++++ Find New Best Min ACC +++++++++++
The acc is 0.8925, 0.8860, 0.8980
Time Consumption for one epoch is 15.148682594299316s
======================================= Epoch 12 =======================================
================= Test Set =================
The acc is 0.8925, 0.8860, 0.8980
Time Consumption for one epoch is 14.82891845703125s
======================================= Epoch 13 =======================================
================= Test Set =================
+++++++++++ Find New Best Min ACC +++++++++++
The acc is 0.9000, 0.8907, 0.9080
Time Consumption for one epoch is 14.500507593154907s
======================================= Epoch 14 =======================================
================= Test Set =================
The acc is 0.9000, 0.8907, 0.9080
Time Consumption for one epoch is 14.381332397460938s
======================================= Epoch 15 =======================================
================= Test Set =================
The acc is 0.9000, 0.8907, 0.9080
Time Consumption for one epoch is 14.805780410766602s
======================================= Epoch 16 =======================================
================= Test Set =================
The acc is 0.9000, 0.8907, 0.9080
Time Consumption for one epoch is 14.731484413146973s
======================================= Epoch 17 =======================================
================= Test Set =================
The acc is 0.9000, 0.8907, 0.9080
Time Consumption for one epoch is 14.725167512893677s
======================================= Epoch 18 =======================================
================= Test Set =================
The acc is 0.9000, 0.8907, 0.9080
Time Consumption for one epoch is 15.093371391296387s
======================================= Epoch 19 =======================================
================= Test Set =================
The acc is 0.9000, 0.8907, 0.9080
Time Consumption for one epoch is 14.51462721824646s
The final acc is 0.9000, 0.8907, 0.9080
