Namespace(data_dir='/data/yihua/dataset/celeba/celeba.hdf5', result_dir='results', checkpoint=None, resume=False, domain_attrs='Male', target_attrs='Heavy_Makeup', exp_name=None, batch_size=512, lr=0.0001, wd=2e-05, epochs=20, seed=42, num_workers=8, arch='resnet9', evaluate=False, gv=0.05, gr=0.5)
======================================= Epoch 0 =======================================
================= Test Set =================
+++++++++++ Find New Best Min ACC +++++++++++
The acc is 0.4727, 0.4545, 0.4773
Time Consumption for one epoch is 8.501416683197021s
======================================= Epoch 1 =======================================
================= Test Set =================
+++++++++++ Find New Best Min ACC +++++++++++
The acc is 0.4773, 0.4318, 0.4886
Time Consumption for one epoch is 8.79112696647644s
======================================= Epoch 2 =======================================
================= Test Set =================
+++++++++++ Find New Best Min ACC +++++++++++
The acc is 0.5045, 0.4545, 0.5170
Time Consumption for one epoch is 8.7644681930542s
======================================= Epoch 3 =======================================
================= Test Set =================
The acc is 0.5045, 0.4545, 0.5170
Time Consumption for one epoch is 8.745239496231079s
======================================= Epoch 4 =======================================
================= Test Set =================
The acc is 0.5045, 0.4545, 0.5170
Time Consumption for one epoch is 8.937848329544067s
======================================= Epoch 5 =======================================
================= Test Set =================
The acc is 0.5045, 0.4545, 0.5170
Time Consumption for one epoch is 7.911504507064819s
======================================= Epoch 6 =======================================
================= Test Set =================
The acc is 0.5045, 0.4545, 0.5170
Time Consumption for one epoch is 8.15853500366211s
======================================= Epoch 7 =======================================
================= Test Set =================
+++++++++++ Find New Best Min ACC +++++++++++
The acc is 0.5318, 0.5455, 0.5284
Time Consumption for one epoch is 8.917695045471191s
======================================= Epoch 8 =======================================
================= Test Set =================
+++++++++++ Find New Best Min ACC +++++++++++
The acc is 0.5773, 0.5000, 0.5966
Time Consumption for one epoch is 8.40081524848938s
======================================= Epoch 9 =======================================
================= Test Set =================
+++++++++++ Find New Best Min ACC +++++++++++
The acc is 0.5818, 0.5227, 0.5966
Time Consumption for one epoch is 9.514657974243164s
======================================= Epoch 10 =======================================
================= Test Set =================
+++++++++++ Find New Best Min ACC +++++++++++
The acc is 0.7000, 0.5909, 0.7273
Time Consumption for one epoch is 9.356300592422485s
======================================= Epoch 11 =======================================
================= Test Set =================
The acc is 0.7000, 0.5909, 0.7273
Time Consumption for one epoch is 7.84947395324707s
======================================= Epoch 12 =======================================
================= Test Set =================
The acc is 0.7000, 0.5909, 0.7273
Time Consumption for one epoch is 7.892033576965332s
======================================= Epoch 13 =======================================
================= Test Set =================
The acc is 0.7000, 0.5909, 0.7273
Time Consumption for one epoch is 9.910674571990967s
======================================= Epoch 14 =======================================
================= Test Set =================
The acc is 0.7000, 0.5909, 0.7273
Time Consumption for one epoch is 9.273085355758667s
======================================= Epoch 15 =======================================
================= Test Set =================
The acc is 0.7000, 0.5909, 0.7273
Time Consumption for one epoch is 9.185078382492065s
======================================= Epoch 16 =======================================
================= Test Set =================
The acc is 0.7000, 0.5909, 0.7273
Time Consumption for one epoch is 8.98775029182434s
======================================= Epoch 17 =======================================
================= Test Set =================
+++++++++++ Find New Best Min ACC +++++++++++
The acc is 0.7273, 0.6591, 0.7443
Time Consumption for one epoch is 9.374572992324829s
======================================= Epoch 18 =======================================
================= Test Set =================
The acc is 0.7273, 0.6591, 0.7443
Time Consumption for one epoch is 8.876051425933838s
======================================= Epoch 19 =======================================
================= Test Set =================
The acc is 0.7273, 0.6591, 0.7443
Time Consumption for one epoch is 8.291589498519897s
The final acc is 0.7273, 0.6591, 0.7443
