Namespace(data_dir='/data/yihua/dataset/celeba/celeba.hdf5', result_dir='results', checkpoint=None, resume=False, domain_attrs='Male', target_attrs='Blond_Hair', exp_name=None, batch_size=512, lr=0.0001, wd=2e-05, epochs=20, seed=2022, num_workers=8, arch='resnet18', evaluate=False, gv=0.0001, gr=0.3)
======================================= Epoch 0 =======================================
================= Test Set =================
+++++++++++ Find New Best Min ACC +++++++++++
The acc is 0.5000, 0.5000, 0.5000
Time Consumption for one epoch is 45.942118883132935s
======================================= Epoch 1 =======================================
================= Test Set =================
+++++++++++ Find New Best Min ACC +++++++++++
The acc is 0.7511, 0.6611, 0.7736
Time Consumption for one epoch is 44.21310305595398s
======================================= Epoch 2 =======================================
================= Test Set =================
+++++++++++ Find New Best Min ACC +++++++++++
The acc is 0.8772, 0.8389, 0.8868
Time Consumption for one epoch is 43.709944009780884s
======================================= Epoch 3 =======================================
================= Test Set =================
+++++++++++ Find New Best Min ACC +++++++++++
The acc is 0.8778, 0.8833, 0.8764
Time Consumption for one epoch is 43.05066657066345s
======================================= Epoch 4 =======================================
================= Test Set =================
+++++++++++ Find New Best Min ACC +++++++++++
The acc is 0.9056, 0.8806, 0.9118
Time Consumption for one epoch is 43.2648823261261s
======================================= Epoch 5 =======================================
================= Test Set =================
The acc is 0.9056, 0.8806, 0.9118
Time Consumption for one epoch is 41.22057628631592s
======================================= Epoch 6 =======================================
================= Test Set =================
+++++++++++ Find New Best Min ACC +++++++++++
The acc is 0.9144, 0.9083, 0.9160
Time Consumption for one epoch is 43.62950134277344s
======================================= Epoch 7 =======================================
================= Test Set =================
The acc is 0.9144, 0.9083, 0.9160
Time Consumption for one epoch is 41.9072322845459s
======================================= Epoch 8 =======================================
================= Test Set =================
The acc is 0.9144, 0.9083, 0.9160
Time Consumption for one epoch is 42.14285492897034s
======================================= Epoch 9 =======================================
================= Test Set =================
The acc is 0.9144, 0.9083, 0.9160
Time Consumption for one epoch is 42.90834331512451s
======================================= Epoch 10 =======================================
================= Test Set =================
The acc is 0.9144, 0.9083, 0.9160
Time Consumption for one epoch is 42.13311982154846s
======================================= Epoch 11 =======================================
================= Test Set =================
The acc is 0.9144, 0.9083, 0.9160
Time Consumption for one epoch is 43.21634888648987s
======================================= Epoch 12 =======================================
================= Test Set =================
The acc is 0.9144, 0.9083, 0.9160
Time Consumption for one epoch is 44.05771565437317s
======================================= Epoch 13 =======================================
================= Test Set =================
The acc is 0.9144, 0.9083, 0.9160
Time Consumption for one epoch is 41.93844962120056s
======================================= Epoch 14 =======================================
================= Test Set =================
The acc is 0.9144, 0.9083, 0.9160
Time Consumption for one epoch is 42.99660015106201s
======================================= Epoch 15 =======================================
================= Test Set =================
The acc is 0.9144, 0.9083, 0.9160
Time Consumption for one epoch is 43.99106574058533s
======================================= Epoch 16 =======================================
================= Test Set =================
+++++++++++ Find New Best Min ACC +++++++++++
The acc is 0.9150, 0.8972, 0.9194
Time Consumption for one epoch is 45.24675154685974s
======================================= Epoch 17 =======================================
================= Test Set =================
+++++++++++ Find New Best Min ACC +++++++++++
The acc is 0.9167, 0.9111, 0.9181
Time Consumption for one epoch is 43.8480486869812s
======================================= Epoch 18 =======================================
================= Test Set =================
The acc is 0.9167, 0.9111, 0.9181
Time Consumption for one epoch is 41.98478126525879s
======================================= Epoch 19 =======================================
================= Test Set =================
The acc is 0.9167, 0.9111, 0.9181
Time Consumption for one epoch is 41.72935652732849s
The final acc is 0.9167, 0.9111, 0.9181
