Namespace(data_dir='/data/yihua/dataset/celeba/celeba.hdf5', result_dir='results', checkpoint=None, resume=False, domain_attrs='Male', target_attrs='Blond_Hair', exp_name=None, batch_size=512, lr=0.0001, wd=2e-05, epochs=20, seed=2021, num_workers=8, arch='resnet9', evaluate=False, gv=0.15, gr=0.3)
======================================= Epoch 0 =======================================
================= Test Set =================
+++++++++++ Find New Best Min ACC +++++++++++
The acc is 0.7378, 0.6750, 0.7535
Time Consumption for one epoch is 31.437844038009644s
======================================= Epoch 1 =======================================
================= Test Set =================
+++++++++++ Find New Best Min ACC +++++++++++
The acc is 0.8578, 0.8278, 0.8653
Time Consumption for one epoch is 26.229291439056396s
======================================= Epoch 2 =======================================
================= Test Set =================
The acc is 0.8578, 0.8278, 0.8653
Time Consumption for one epoch is 26.10282611846924s
======================================= Epoch 3 =======================================
================= Test Set =================
+++++++++++ Find New Best Min ACC +++++++++++
The acc is 0.8767, 0.8167, 0.8917
Time Consumption for one epoch is 28.14909529685974s
======================================= Epoch 4 =======================================
================= Test Set =================
+++++++++++ Find New Best Min ACC +++++++++++
The acc is 0.8806, 0.8361, 0.8917
Time Consumption for one epoch is 27.63988995552063s
======================================= Epoch 5 =======================================
================= Test Set =================
+++++++++++ Find New Best Min ACC +++++++++++
The acc is 0.8911, 0.8667, 0.8972
Time Consumption for one epoch is 27.548765659332275s
======================================= Epoch 6 =======================================
================= Test Set =================
+++++++++++ Find New Best Min ACC +++++++++++
The acc is 0.9089, 0.8750, 0.9174
Time Consumption for one epoch is 26.568298816680908s
======================================= Epoch 7 =======================================
================= Test Set =================
The acc is 0.9089, 0.8750, 0.9174
Time Consumption for one epoch is 27.32596516609192s
======================================= Epoch 8 =======================================
================= Test Set =================
The acc is 0.9089, 0.8750, 0.9174
Time Consumption for one epoch is 28.220269441604614s
======================================= Epoch 9 =======================================
================= Test Set =================
+++++++++++ Find New Best Min ACC +++++++++++
The acc is 0.9106, 0.8833, 0.9174
Time Consumption for one epoch is 27.428519248962402s
======================================= Epoch 10 =======================================
================= Test Set =================
The acc is 0.9106, 0.8833, 0.9174
Time Consumption for one epoch is 27.63386344909668s
======================================= Epoch 11 =======================================
================= Test Set =================
+++++++++++ Find New Best Min ACC +++++++++++
The acc is 0.9128, 0.9083, 0.9139
Time Consumption for one epoch is 28.198015213012695s
======================================= Epoch 12 =======================================
================= Test Set =================
The acc is 0.9128, 0.9083, 0.9139
Time Consumption for one epoch is 25.729843139648438s
======================================= Epoch 13 =======================================
================= Test Set =================
The acc is 0.9128, 0.9083, 0.9139
Time Consumption for one epoch is 28.9264976978302s
======================================= Epoch 14 =======================================
================= Test Set =================
The acc is 0.9128, 0.9083, 0.9139
Time Consumption for one epoch is 28.12564253807068s
======================================= Epoch 15 =======================================
================= Test Set =================
+++++++++++ Find New Best Min ACC +++++++++++
The acc is 0.9139, 0.9000, 0.9174
Time Consumption for one epoch is 28.824941873550415s
======================================= Epoch 16 =======================================
================= Test Set =================
+++++++++++ Find New Best Min ACC +++++++++++
The acc is 0.9172, 0.8972, 0.9222
Time Consumption for one epoch is 28.52369213104248s
======================================= Epoch 17 =======================================
================= Test Set =================
The acc is 0.9172, 0.8972, 0.9222
Time Consumption for one epoch is 25.91951823234558s
======================================= Epoch 18 =======================================
================= Test Set =================
The acc is 0.9172, 0.8972, 0.9222
Time Consumption for one epoch is 27.21787428855896s
======================================= Epoch 19 =======================================
================= Test Set =================
The acc is 0.9172, 0.8972, 0.9222
Time Consumption for one epoch is 27.712404489517212s
The final acc is 0.9172, 0.8972, 0.9222
