Namespace(data_dir='/data/yihua/dataset/celeba/celeba.hdf5', result_dir='crop_study', checkpoint=None, resume=False, domain_attrs='Male', target_attrs='Blond_Hair', exp_name=None, batch_size=512, lr=0.0001, wd=2e-05, epochs=20, seed=2022, num_workers=8, arch='resnet18', evaluate=False, total_num=5000, test_num=1000, gv=200.0, gr=0.5, minor_ratio=0.2, add_aug='crop')
======================================= Epoch 0 =======================================
================= Test Set =================
+++++++++++ Find New Best Min ACC +++++++++++
The acc is 0.5366, 0.5791, 0.5000
Time Consumption for one epoch is 22.383857250213623s
======================================= Epoch 1 =======================================
================= Test Set =================
+++++++++++ Find New Best Min ACC +++++++++++
The acc is 0.5376, 0.5814, 0.5000
Time Consumption for one epoch is 19.368202686309814s
======================================= Epoch 2 =======================================
================= Test Set =================
The acc is 0.5376, 0.5814, 0.5000
Time Consumption for one epoch is 21.479822397232056s
======================================= Epoch 3 =======================================
================= Test Set =================
+++++++++++ Find New Best Min ACC +++++++++++
The acc is 0.5409, 0.5907, 0.4980
Time Consumption for one epoch is 20.42852783203125s
======================================= Epoch 4 =======================================
================= Test Set =================
+++++++++++ Find New Best Min ACC +++++++++++
The acc is 0.7892, 0.7488, 0.8240
Time Consumption for one epoch is 20.732539892196655s
======================================= Epoch 5 =======================================
================= Test Set =================
+++++++++++ Find New Best Min ACC +++++++++++
The acc is 0.7935, 0.7651, 0.8180
Time Consumption for one epoch is 21.42917251586914s
======================================= Epoch 6 =======================================
================= Test Set =================
+++++++++++ Find New Best Min ACC +++++++++++
The acc is 0.8839, 0.8674, 0.8980
Time Consumption for one epoch is 20.96322536468506s
======================================= Epoch 7 =======================================
================= Test Set =================
The acc is 0.8839, 0.8674, 0.8980
Time Consumption for one epoch is 19.64512848854065s
======================================= Epoch 8 =======================================
================= Test Set =================
The acc is 0.8839, 0.8674, 0.8980
Time Consumption for one epoch is 20.232102870941162s
======================================= Epoch 9 =======================================
================= Test Set =================
+++++++++++ Find New Best Min ACC +++++++++++
The acc is 0.8849, 0.8581, 0.9080
Time Consumption for one epoch is 20.830360412597656s
======================================= Epoch 10 =======================================
================= Test Set =================
The acc is 0.8849, 0.8581, 0.9080
Time Consumption for one epoch is 21.527769327163696s
======================================= Epoch 11 =======================================
================= Test Set =================
The acc is 0.8849, 0.8581, 0.9080
Time Consumption for one epoch is 21.38704228401184s
======================================= Epoch 12 =======================================
================= Test Set =================
The acc is 0.8849, 0.8581, 0.9080
Time Consumption for one epoch is 22.667015552520752s
======================================= Epoch 13 =======================================
================= Test Set =================
The acc is 0.8849, 0.8581, 0.9080
Time Consumption for one epoch is 20.89471673965454s
======================================= Epoch 14 =======================================
================= Test Set =================
+++++++++++ Find New Best Min ACC +++++++++++
The acc is 0.8871, 0.8651, 0.9060
Time Consumption for one epoch is 19.876787185668945s
======================================= Epoch 15 =======================================
================= Test Set =================
+++++++++++ Find New Best Min ACC +++++++++++
The acc is 0.8882, 0.8721, 0.9020
Time Consumption for one epoch is 20.967748880386353s
======================================= Epoch 16 =======================================
================= Test Set =================
The acc is 0.8882, 0.8721, 0.9020
Time Consumption for one epoch is 20.71572756767273s
======================================= Epoch 17 =======================================
================= Test Set =================
The acc is 0.8882, 0.8721, 0.9020
Time Consumption for one epoch is 21.699686288833618s
======================================= Epoch 18 =======================================
================= Test Set =================
+++++++++++ Find New Best Min ACC +++++++++++
The acc is 0.8946, 0.8884, 0.9000
Time Consumption for one epoch is 21.371862649917603s
======================================= Epoch 19 =======================================
================= Test Set =================
The acc is 0.8946, 0.8884, 0.9000
Time Consumption for one epoch is 22.85343098640442s
The final acc is 0.8946, 0.8884, 0.9000
