Namespace(data_dir='/data/yihua/dataset/celeba/celeba.hdf5', result_dir='crop_study', checkpoint=None, resume=False, domain_attrs='Male', target_attrs='Blond_Hair', exp_name=None, batch_size=512, lr=0.0001, wd=2e-05, epochs=20, seed=2020, num_workers=8, arch='resnet9', evaluate=False, total_num=5000, test_num=1000, gv=100.0, gr=0.1, minor_ratio=0.2, add_aug='crop')
======================================= Epoch 0 =======================================
================= Test Set =================
+++++++++++ Find New Best Min ACC +++++++++++
The acc is 0.4624, 0.4186, 0.5000
Time Consumption for one epoch is 16.183328866958618s
======================================= Epoch 1 =======================================
================= Test Set =================
+++++++++++ Find New Best Min ACC +++++++++++
The acc is 0.4667, 0.4233, 0.5040
Time Consumption for one epoch is 14.724233865737915s
======================================= Epoch 2 =======================================
================= Test Set =================
+++++++++++ Find New Best Min ACC +++++++++++
The acc is 0.6882, 0.6651, 0.7080
Time Consumption for one epoch is 14.37408709526062s
======================================= Epoch 3 =======================================
================= Test Set =================
+++++++++++ Find New Best Min ACC +++++++++++
The acc is 0.8237, 0.8023, 0.8420
Time Consumption for one epoch is 14.907118082046509s
======================================= Epoch 4 =======================================
================= Test Set =================
+++++++++++ Find New Best Min ACC +++++++++++
The acc is 0.8376, 0.8000, 0.8700
Time Consumption for one epoch is 14.318077325820923s
======================================= Epoch 5 =======================================
================= Test Set =================
The acc is 0.8376, 0.8000, 0.8700
Time Consumption for one epoch is 14.09341835975647s
======================================= Epoch 6 =======================================
================= Test Set =================
+++++++++++ Find New Best Min ACC +++++++++++
The acc is 0.8860, 0.8651, 0.9040
Time Consumption for one epoch is 14.203402996063232s
======================================= Epoch 7 =======================================
================= Test Set =================
The acc is 0.8860, 0.8651, 0.9040
Time Consumption for one epoch is 14.50982666015625s
======================================= Epoch 8 =======================================
================= Test Set =================
The acc is 0.8860, 0.8651, 0.9040
Time Consumption for one epoch is 14.525834560394287s
======================================= Epoch 9 =======================================
================= Test Set =================
+++++++++++ Find New Best Min ACC +++++++++++
The acc is 0.8935, 0.8791, 0.9060
Time Consumption for one epoch is 13.98877739906311s
======================================= Epoch 10 =======================================
================= Test Set =================
The acc is 0.8935, 0.8791, 0.9060
Time Consumption for one epoch is 14.760647773742676s
======================================= Epoch 11 =======================================
================= Test Set =================
The acc is 0.8935, 0.8791, 0.9060
Time Consumption for one epoch is 14.50086259841919s
======================================= Epoch 12 =======================================
================= Test Set =================
The acc is 0.8935, 0.8791, 0.9060
Time Consumption for one epoch is 14.373975038528442s
======================================= Epoch 13 =======================================
================= Test Set =================
The acc is 0.8935, 0.8791, 0.9060
Time Consumption for one epoch is 14.331583738327026s
======================================= Epoch 14 =======================================
================= Test Set =================
The acc is 0.8935, 0.8791, 0.9060
Time Consumption for one epoch is 14.706385135650635s
======================================= Epoch 15 =======================================
================= Test Set =================
The acc is 0.8935, 0.8791, 0.9060
Time Consumption for one epoch is 14.376505851745605s
======================================= Epoch 16 =======================================
================= Test Set =================
The acc is 0.8935, 0.8791, 0.9060
Time Consumption for one epoch is 14.07888412475586s
======================================= Epoch 17 =======================================
================= Test Set =================
+++++++++++ Find New Best Min ACC +++++++++++
The acc is 0.8978, 0.8930, 0.9020
Time Consumption for one epoch is 14.937068700790405s
======================================= Epoch 18 =======================================
================= Test Set =================
+++++++++++ Find New Best Min ACC +++++++++++
The acc is 0.9011, 0.8953, 0.9060
Time Consumption for one epoch is 14.541005849838257s
======================================= Epoch 19 =======================================
================= Test Set =================
The acc is 0.9011, 0.8953, 0.9060
Time Consumption for one epoch is 14.77525782585144s
The final acc is 0.9011, 0.8953, 0.9060
