Namespace(data_dir='/data/yihua/dataset/celeba/celeba.hdf5', result_dir='results', checkpoint=None, resume=False, domain_attrs='Male', target_attrs='Blond_Hair', exp_name=None, batch_size=512, lr=0.0001, wd=2e-05, epochs=20, seed=2021, num_workers=8, arch='resnet18', evaluate=False, gv=0.0001, gr=0.5)
======================================= Epoch 0 =======================================
================= Test Set =================
+++++++++++ Find New Best Min ACC +++++++++++
The acc is 0.5000, 0.5000, 0.5000
Time Consumption for one epoch is 46.79332089424133s
======================================= Epoch 1 =======================================
================= Test Set =================
+++++++++++ Find New Best Min ACC +++++++++++
The acc is 0.6928, 0.5889, 0.7188
Time Consumption for one epoch is 45.959091663360596s
======================================= Epoch 2 =======================================
================= Test Set =================
+++++++++++ Find New Best Min ACC +++++++++++
The acc is 0.8850, 0.8444, 0.8951
Time Consumption for one epoch is 44.442660331726074s
======================================= Epoch 3 =======================================
================= Test Set =================
The acc is 0.8850, 0.8444, 0.8951
Time Consumption for one epoch is 43.869423389434814s
======================================= Epoch 4 =======================================
================= Test Set =================
+++++++++++ Find New Best Min ACC +++++++++++
The acc is 0.8878, 0.8694, 0.8924
Time Consumption for one epoch is 45.05580401420593s
======================================= Epoch 5 =======================================
================= Test Set =================
The acc is 0.8878, 0.8694, 0.8924
Time Consumption for one epoch is 44.83311700820923s
======================================= Epoch 6 =======================================
================= Test Set =================
+++++++++++ Find New Best Min ACC +++++++++++
The acc is 0.8978, 0.8750, 0.9035
Time Consumption for one epoch is 45.51953315734863s
======================================= Epoch 7 =======================================
================= Test Set =================
+++++++++++ Find New Best Min ACC +++++++++++
The acc is 0.9050, 0.8806, 0.9111
Time Consumption for one epoch is 43.66783571243286s
======================================= Epoch 8 =======================================
================= Test Set =================
The acc is 0.9050, 0.8806, 0.9111
Time Consumption for one epoch is 43.74990940093994s
======================================= Epoch 9 =======================================
================= Test Set =================
+++++++++++ Find New Best Min ACC +++++++++++
The acc is 0.9106, 0.9111, 0.9104
Time Consumption for one epoch is 43.509344816207886s
======================================= Epoch 10 =======================================
================= Test Set =================
The acc is 0.9106, 0.9111, 0.9104
Time Consumption for one epoch is 43.58152627944946s
======================================= Epoch 11 =======================================
================= Test Set =================
The acc is 0.9106, 0.9111, 0.9104
Time Consumption for one epoch is 44.38228726387024s
======================================= Epoch 12 =======================================
================= Test Set =================
The acc is 0.9106, 0.9111, 0.9104
Time Consumption for one epoch is 43.21216821670532s
======================================= Epoch 13 =======================================
================= Test Set =================
The acc is 0.9106, 0.9111, 0.9104
Time Consumption for one epoch is 42.75561761856079s
======================================= Epoch 14 =======================================
================= Test Set =================
The acc is 0.9106, 0.9111, 0.9104
Time Consumption for one epoch is 43.18373250961304s
======================================= Epoch 15 =======================================
================= Test Set =================
The acc is 0.9106, 0.9111, 0.9104
Time Consumption for one epoch is 45.45003366470337s
======================================= Epoch 16 =======================================
================= Test Set =================
+++++++++++ Find New Best Min ACC +++++++++++
The acc is 0.9156, 0.9028, 0.9187
Time Consumption for one epoch is 43.86127066612244s
======================================= Epoch 17 =======================================
================= Test Set =================
+++++++++++ Find New Best Min ACC +++++++++++
The acc is 0.9194, 0.9056, 0.9229
Time Consumption for one epoch is 43.51173138618469s
======================================= Epoch 18 =======================================
================= Test Set =================
The acc is 0.9194, 0.9056, 0.9229
Time Consumption for one epoch is 45.69851565361023s
======================================= Epoch 19 =======================================
================= Test Set =================
The acc is 0.9194, 0.9056, 0.9229
Time Consumption for one epoch is 43.51691389083862s
The final acc is 0.9194, 0.9056, 0.9229
