Namespace(data_dir='/data/yihua/dataset/celeba/celeba.hdf5', result_dir='results', checkpoint=None, resume=False, domain_attrs='Male', target_attrs='Blond_Hair', exp_name=None, batch_size=512, lr=0.0001, wd=2e-05, epochs=20, seed=2022, num_workers=8, arch='resnet9', evaluate=False, gv=0.15, gr=0.5)
======================================= Epoch 0 =======================================
================= Test Set =================
+++++++++++ Find New Best Min ACC +++++++++++
The acc is 0.6706, 0.5944, 0.6896
Time Consumption for one epoch is 28.6584050655365s
======================================= Epoch 1 =======================================
================= Test Set =================
+++++++++++ Find New Best Min ACC +++++++++++
The acc is 0.8806, 0.8083, 0.8986
Time Consumption for one epoch is 26.256773948669434s
======================================= Epoch 2 =======================================
================= Test Set =================
+++++++++++ Find New Best Min ACC +++++++++++
The acc is 0.8872, 0.8361, 0.9000
Time Consumption for one epoch is 25.73136258125305s
======================================= Epoch 3 =======================================
================= Test Set =================
+++++++++++ Find New Best Min ACC +++++++++++
The acc is 0.9039, 0.8861, 0.9083
Time Consumption for one epoch is 25.468043327331543s
======================================= Epoch 4 =======================================
================= Test Set =================
The acc is 0.9039, 0.8861, 0.9083
Time Consumption for one epoch is 26.7923526763916s
======================================= Epoch 5 =======================================
================= Test Set =================
+++++++++++ Find New Best Min ACC +++++++++++
The acc is 0.9117, 0.8889, 0.9174
Time Consumption for one epoch is 28.703495740890503s
======================================= Epoch 6 =======================================
================= Test Set =================
The acc is 0.9117, 0.8889, 0.9174
Time Consumption for one epoch is 28.742558479309082s
======================================= Epoch 7 =======================================
================= Test Set =================
+++++++++++ Find New Best Min ACC +++++++++++
The acc is 0.9133, 0.8861, 0.9201
Time Consumption for one epoch is 29.202552318572998s
======================================= Epoch 8 =======================================
================= Test Set =================
The acc is 0.9133, 0.8861, 0.9201
Time Consumption for one epoch is 28.789910316467285s
======================================= Epoch 9 =======================================
================= Test Set =================
The acc is 0.9133, 0.8861, 0.9201
Time Consumption for one epoch is 26.597328662872314s
======================================= Epoch 10 =======================================
================= Test Set =================
The acc is 0.9133, 0.8861, 0.9201
Time Consumption for one epoch is 28.85055184364319s
======================================= Epoch 11 =======================================
================= Test Set =================
+++++++++++ Find New Best Min ACC +++++++++++
The acc is 0.9161, 0.9111, 0.9174
Time Consumption for one epoch is 29.748510599136353s
======================================= Epoch 12 =======================================
================= Test Set =================
The acc is 0.9161, 0.9111, 0.9174
Time Consumption for one epoch is 29.13014817237854s
======================================= Epoch 13 =======================================
================= Test Set =================
+++++++++++ Find New Best Min ACC +++++++++++
The acc is 0.9183, 0.9167, 0.9187
Time Consumption for one epoch is 28.875349283218384s
======================================= Epoch 14 =======================================
================= Test Set =================
The acc is 0.9183, 0.9167, 0.9187
Time Consumption for one epoch is 27.076359272003174s
======================================= Epoch 15 =======================================
================= Test Set =================
The acc is 0.9183, 0.9167, 0.9187
Time Consumption for one epoch is 29.253482580184937s
======================================= Epoch 16 =======================================
================= Test Set =================
The acc is 0.9183, 0.9167, 0.9187
Time Consumption for one epoch is 29.439221620559692s
======================================= Epoch 17 =======================================
================= Test Set =================
The acc is 0.9183, 0.9167, 0.9187
Time Consumption for one epoch is 29.58866572380066s
======================================= Epoch 18 =======================================
================= Test Set =================
The acc is 0.9183, 0.9167, 0.9187
Time Consumption for one epoch is 29.412864685058594s
======================================= Epoch 19 =======================================
================= Test Set =================
The acc is 0.9183, 0.9167, 0.9187
Time Consumption for one epoch is 27.288321018218994s
The final acc is 0.9183, 0.9167, 0.9187
