Namespace(data_dir='/data/yihua/dataset/celeba/celeba.hdf5', result_dir='results', checkpoint=None, resume=False, domain_attrs='Male', target_attrs='Blond_Hair', exp_name=None, batch_size=512, lr=0.0001, wd=2e-05, epochs=20, seed=2021, num_workers=8, arch='resnet9', evaluate=False, gv=1e-05, gr=0.1)
======================================= Epoch 0 =======================================
================= Test Set =================
+++++++++++ Find New Best Min ACC +++++++++++
The acc is 0.5017, 0.5000, 0.5021
Time Consumption for one epoch is 26.448338270187378s
======================================= Epoch 1 =======================================
================= Test Set =================
+++++++++++ Find New Best Min ACC +++++++++++
The acc is 0.8733, 0.8222, 0.8861
Time Consumption for one epoch is 24.758816480636597s
======================================= Epoch 2 =======================================
================= Test Set =================
+++++++++++ Find New Best Min ACC +++++++++++
The acc is 0.8917, 0.8500, 0.9021
Time Consumption for one epoch is 24.5208842754364s
======================================= Epoch 3 =======================================
================= Test Set =================
The acc is 0.8917, 0.8500, 0.9021
Time Consumption for one epoch is 23.899106740951538s
======================================= Epoch 4 =======================================
================= Test Set =================
+++++++++++ Find New Best Min ACC +++++++++++
The acc is 0.8978, 0.8722, 0.9042
Time Consumption for one epoch is 25.263080596923828s
======================================= Epoch 5 =======================================
================= Test Set =================
+++++++++++ Find New Best Min ACC +++++++++++
The acc is 0.9061, 0.8889, 0.9104
Time Consumption for one epoch is 24.99322009086609s
======================================= Epoch 6 =======================================
================= Test Set =================
The acc is 0.9061, 0.8889, 0.9104
Time Consumption for one epoch is 22.850196361541748s
======================================= Epoch 7 =======================================
================= Test Set =================
+++++++++++ Find New Best Min ACC +++++++++++
The acc is 0.9083, 0.8861, 0.9139
Time Consumption for one epoch is 22.661062479019165s
======================================= Epoch 8 =======================================
================= Test Set =================
The acc is 0.9083, 0.8861, 0.9139
Time Consumption for one epoch is 22.789628505706787s
======================================= Epoch 9 =======================================
================= Test Set =================
The acc is 0.9083, 0.8861, 0.9139
Time Consumption for one epoch is 23.49386167526245s
======================================= Epoch 10 =======================================
================= Test Set =================
The acc is 0.9083, 0.8861, 0.9139
Time Consumption for one epoch is 23.01220989227295s
======================================= Epoch 11 =======================================
================= Test Set =================
+++++++++++ Find New Best Min ACC +++++++++++
The acc is 0.9178, 0.8972, 0.9229
Time Consumption for one epoch is 24.21990132331848s
======================================= Epoch 12 =======================================
================= Test Set =================
The acc is 0.9178, 0.8972, 0.9229
Time Consumption for one epoch is 24.426063537597656s
======================================= Epoch 13 =======================================
================= Test Set =================
The acc is 0.9178, 0.8972, 0.9229
Time Consumption for one epoch is 25.065619468688965s
======================================= Epoch 14 =======================================
================= Test Set =================
The acc is 0.9178, 0.8972, 0.9229
Time Consumption for one epoch is 23.723355531692505s
======================================= Epoch 15 =======================================
================= Test Set =================
The acc is 0.9178, 0.8972, 0.9229
Time Consumption for one epoch is 23.74270510673523s
======================================= Epoch 16 =======================================
================= Test Set =================
+++++++++++ Find New Best Min ACC +++++++++++
The acc is 0.9267, 0.9167, 0.9292
Time Consumption for one epoch is 23.805156707763672s
======================================= Epoch 17 =======================================
================= Test Set =================
The acc is 0.9267, 0.9167, 0.9292
Time Consumption for one epoch is 24.561448097229004s
======================================= Epoch 18 =======================================
================= Test Set =================
The acc is 0.9267, 0.9167, 0.9292
Time Consumption for one epoch is 23.603339910507202s
======================================= Epoch 19 =======================================
================= Test Set =================
The acc is 0.9267, 0.9167, 0.9292
Time Consumption for one epoch is 23.592064142227173s
The final acc is 0.9267, 0.9167, 0.9292
