Namespace(data_dir='/data/yihua/dataset/celeba/celeba.hdf5', result_dir='results', checkpoint=None, resume=False, domain_attrs='Male', target_attrs='Heavy_Makeup', exp_name=None, batch_size=512, lr=0.0001, wd=2e-05, epochs=20, seed=2024, num_workers=8, arch='resnet9', evaluate=False, gv=0.0001, gr=0.5)
======================================= Epoch 0 =======================================
================= Test Set =================
+++++++++++ Find New Best Min ACC +++++++++++
The acc is 0.5000, 0.5000, 0.5000
Time Consumption for one epoch is 9.034233093261719s
======================================= Epoch 1 =======================================
================= Test Set =================
The acc is 0.5000, 0.5000, 0.5000
Time Consumption for one epoch is 10.52172589302063s
======================================= Epoch 2 =======================================
================= Test Set =================
The acc is 0.5000, 0.5000, 0.5000
Time Consumption for one epoch is 9.400993347167969s
======================================= Epoch 3 =======================================
================= Test Set =================
+++++++++++ Find New Best Min ACC +++++++++++
The acc is 0.5045, 0.5227, 0.5000
Time Consumption for one epoch is 9.491260528564453s
======================================= Epoch 4 =======================================
================= Test Set =================
The acc is 0.5045, 0.5227, 0.5000
Time Consumption for one epoch is 9.999361753463745s
======================================= Epoch 5 =======================================
================= Test Set =================
The acc is 0.5045, 0.5227, 0.5000
Time Consumption for one epoch is 9.226882457733154s
======================================= Epoch 6 =======================================
================= Test Set =================
The acc is 0.5045, 0.5227, 0.5000
Time Consumption for one epoch is 9.470702886581421s
======================================= Epoch 7 =======================================
================= Test Set =================
The acc is 0.5045, 0.5227, 0.5000
Time Consumption for one epoch is 8.053689241409302s
======================================= Epoch 8 =======================================
================= Test Set =================
The acc is 0.5045, 0.5227, 0.5000
Time Consumption for one epoch is 7.751290321350098s
======================================= Epoch 9 =======================================
================= Test Set =================
+++++++++++ Find New Best Min ACC +++++++++++
The acc is 0.5909, 0.5227, 0.6080
Time Consumption for one epoch is 10.385896921157837s
======================================= Epoch 10 =======================================
================= Test Set =================
+++++++++++ Find New Best Min ACC +++++++++++
The acc is 0.6227, 0.5000, 0.6534
Time Consumption for one epoch is 8.011204719543457s
======================================= Epoch 11 =======================================
================= Test Set =================
+++++++++++ Find New Best Min ACC +++++++++++
The acc is 0.6682, 0.5455, 0.6989
Time Consumption for one epoch is 9.501537322998047s
======================================= Epoch 12 =======================================
================= Test Set =================
The acc is 0.6682, 0.5455, 0.6989
Time Consumption for one epoch is 8.30922269821167s
======================================= Epoch 13 =======================================
================= Test Set =================
+++++++++++ Find New Best Min ACC +++++++++++
The acc is 0.6818, 0.5227, 0.7216
Time Consumption for one epoch is 8.298460006713867s
======================================= Epoch 14 =======================================
================= Test Set =================
The acc is 0.6818, 0.5227, 0.7216
Time Consumption for one epoch is 8.724754095077515s
======================================= Epoch 15 =======================================
================= Test Set =================
+++++++++++ Find New Best Min ACC +++++++++++
The acc is 0.6864, 0.5455, 0.7216
Time Consumption for one epoch is 9.625324726104736s
======================================= Epoch 16 =======================================
================= Test Set =================
The acc is 0.6864, 0.5455, 0.7216
Time Consumption for one epoch is 9.548372507095337s
======================================= Epoch 17 =======================================
================= Test Set =================
+++++++++++ Find New Best Min ACC +++++++++++
The acc is 0.7045, 0.5909, 0.7330
Time Consumption for one epoch is 9.583776235580444s
======================================= Epoch 18 =======================================
================= Test Set =================
The acc is 0.7045, 0.5909, 0.7330
Time Consumption for one epoch is 7.799543857574463s
======================================= Epoch 19 =======================================
================= Test Set =================
+++++++++++ Find New Best Min ACC +++++++++++
The acc is 0.7091, 0.5909, 0.7386
Time Consumption for one epoch is 7.474242210388184s
The final acc is 0.7091, 0.5909, 0.7386
