Namespace(data_dir='/data/yihua/dataset/celeba/celeba.hdf5', result_dir='crop_study', checkpoint=None, resume=False, domain_attrs='Male', target_attrs='Blond_Hair', exp_name=None, batch_size=512, lr=0.0001, wd=2e-05, epochs=20, seed=2021, num_workers=8, arch='resnet9', evaluate=False, total_num=5000, test_num=1000, gv=220.0, gr=0.1, minor_ratio=0.2, add_aug='crop')
======================================= Epoch 0 =======================================
================= Test Set =================
+++++++++++ Find New Best Min ACC +++++++++++
The acc is 0.4624, 0.4186, 0.5000
Time Consumption for one epoch is 16.552703142166138s
======================================= Epoch 1 =======================================
================= Test Set =================
The acc is 0.4624, 0.4186, 0.5000
Time Consumption for one epoch is 13.955660581588745s
======================================= Epoch 2 =======================================
================= Test Set =================
+++++++++++ Find New Best Min ACC +++++++++++
The acc is 0.6054, 0.5535, 0.6500
Time Consumption for one epoch is 14.522780418395996s
======================================= Epoch 3 =======================================
================= Test Set =================
+++++++++++ Find New Best Min ACC +++++++++++
The acc is 0.6430, 0.6512, 0.6360
Time Consumption for one epoch is 14.11390995979309s
======================================= Epoch 4 =======================================
================= Test Set =================
+++++++++++ Find New Best Min ACC +++++++++++
The acc is 0.7925, 0.7674, 0.8140
Time Consumption for one epoch is 14.611496925354004s
======================================= Epoch 5 =======================================
================= Test Set =================
+++++++++++ Find New Best Min ACC +++++++++++
The acc is 0.8538, 0.8256, 0.8780
Time Consumption for one epoch is 14.383440256118774s
======================================= Epoch 6 =======================================
================= Test Set =================
+++++++++++ Find New Best Min ACC +++++++++++
The acc is 0.8742, 0.8465, 0.8980
Time Consumption for one epoch is 14.34175181388855s
======================================= Epoch 7 =======================================
================= Test Set =================
+++++++++++ Find New Best Min ACC +++++++++++
The acc is 0.8763, 0.8558, 0.8940
Time Consumption for one epoch is 14.276339769363403s
======================================= Epoch 8 =======================================
================= Test Set =================
The acc is 0.8763, 0.8558, 0.8940
Time Consumption for one epoch is 14.32283639907837s
======================================= Epoch 9 =======================================
================= Test Set =================
+++++++++++ Find New Best Min ACC +++++++++++
The acc is 0.8839, 0.8674, 0.8980
Time Consumption for one epoch is 14.134517669677734s
======================================= Epoch 10 =======================================
================= Test Set =================
The acc is 0.8839, 0.8674, 0.8980
Time Consumption for one epoch is 13.66643762588501s
======================================= Epoch 11 =======================================
================= Test Set =================
+++++++++++ Find New Best Min ACC +++++++++++
The acc is 0.8892, 0.8698, 0.9060
Time Consumption for one epoch is 14.379834651947021s
======================================= Epoch 12 =======================================
================= Test Set =================
The acc is 0.8892, 0.8698, 0.9060
Time Consumption for one epoch is 13.860145092010498s
======================================= Epoch 13 =======================================
================= Test Set =================
The acc is 0.8892, 0.8698, 0.9060
Time Consumption for one epoch is 13.69432544708252s
======================================= Epoch 14 =======================================
================= Test Set =================
+++++++++++ Find New Best Min ACC +++++++++++
The acc is 0.8968, 0.8884, 0.9040
Time Consumption for one epoch is 14.535500526428223s
======================================= Epoch 15 =======================================
================= Test Set =================
The acc is 0.8968, 0.8884, 0.9040
Time Consumption for one epoch is 14.445659399032593s
======================================= Epoch 16 =======================================
================= Test Set =================
The acc is 0.8968, 0.8884, 0.9040
Time Consumption for one epoch is 14.345337867736816s
======================================= Epoch 17 =======================================
================= Test Set =================
The acc is 0.8968, 0.8884, 0.9040
Time Consumption for one epoch is 14.374119520187378s
======================================= Epoch 18 =======================================
================= Test Set =================
The acc is 0.8968, 0.8884, 0.9040
Time Consumption for one epoch is 14.387359619140625s
======================================= Epoch 19 =======================================
================= Test Set =================
The acc is 0.8968, 0.8884, 0.9040
Time Consumption for one epoch is 14.420866250991821s
The final acc is 0.8968, 0.8884, 0.9040
