Namespace(data_dir='/data/yihua/dataset/celeba/celeba.hdf5', result_dir='crop_study', checkpoint=None, resume=False, domain_attrs='Male', target_attrs='Blond_Hair', exp_name=None, batch_size=512, lr=0.0001, wd=2e-05, epochs=20, seed=2022, num_workers=8, arch='resnet9', evaluate=False, total_num=5000, test_num=1000, gv=120.0, gr=0.1, minor_ratio=0.2, add_aug='crop')
======================================= Epoch 0 =======================================
================= Test Set =================
+++++++++++ Find New Best Min ACC +++++++++++
The acc is 0.4624, 0.4186, 0.5000
Time Consumption for one epoch is 16.043992519378662s
======================================= Epoch 1 =======================================
================= Test Set =================
The acc is 0.4624, 0.4186, 0.5000
Time Consumption for one epoch is 14.5063316822052s
======================================= Epoch 2 =======================================
================= Test Set =================
+++++++++++ Find New Best Min ACC +++++++++++
The acc is 0.5065, 0.4442, 0.5600
Time Consumption for one epoch is 14.63614535331726s
======================================= Epoch 3 =======================================
================= Test Set =================
+++++++++++ Find New Best Min ACC +++++++++++
The acc is 0.7323, 0.6814, 0.7760
Time Consumption for one epoch is 14.86076807975769s
======================================= Epoch 4 =======================================
================= Test Set =================
+++++++++++ Find New Best Min ACC +++++++++++
The acc is 0.8355, 0.8140, 0.8540
Time Consumption for one epoch is 14.662194967269897s
======================================= Epoch 5 =======================================
================= Test Set =================
+++++++++++ Find New Best Min ACC +++++++++++
The acc is 0.8634, 0.8442, 0.8800
Time Consumption for one epoch is 14.906871318817139s
======================================= Epoch 6 =======================================
================= Test Set =================
+++++++++++ Find New Best Min ACC +++++++++++
The acc is 0.8806, 0.8651, 0.8940
Time Consumption for one epoch is 14.248567342758179s
======================================= Epoch 7 =======================================
================= Test Set =================
The acc is 0.8806, 0.8651, 0.8940
Time Consumption for one epoch is 13.98634934425354s
======================================= Epoch 8 =======================================
================= Test Set =================
The acc is 0.8806, 0.8651, 0.8940
Time Consumption for one epoch is 14.445184469223022s
======================================= Epoch 9 =======================================
================= Test Set =================
The acc is 0.8806, 0.8651, 0.8940
Time Consumption for one epoch is 14.468575716018677s
======================================= Epoch 10 =======================================
================= Test Set =================
The acc is 0.8806, 0.8651, 0.8940
Time Consumption for one epoch is 14.517199754714966s
======================================= Epoch 11 =======================================
================= Test Set =================
The acc is 0.8806, 0.8651, 0.8940
Time Consumption for one epoch is 14.068625688552856s
======================================= Epoch 12 =======================================
================= Test Set =================
+++++++++++ Find New Best Min ACC +++++++++++
The acc is 0.8914, 0.8767, 0.9040
Time Consumption for one epoch is 14.343868970870972s
======================================= Epoch 13 =======================================
================= Test Set =================
+++++++++++ Find New Best Min ACC +++++++++++
The acc is 0.8935, 0.8767, 0.9080
Time Consumption for one epoch is 14.353344917297363s
======================================= Epoch 14 =======================================
================= Test Set =================
The acc is 0.8935, 0.8767, 0.9080
Time Consumption for one epoch is 14.296180486679077s
======================================= Epoch 15 =======================================
================= Test Set =================
+++++++++++ Find New Best Min ACC +++++++++++
The acc is 0.8968, 0.8814, 0.9100
Time Consumption for one epoch is 14.749125719070435s
======================================= Epoch 16 =======================================
================= Test Set =================
The acc is 0.8968, 0.8814, 0.9100
Time Consumption for one epoch is 14.356495141983032s
======================================= Epoch 17 =======================================
================= Test Set =================
The acc is 0.8968, 0.8814, 0.9100
Time Consumption for one epoch is 14.53397512435913s
======================================= Epoch 18 =======================================
================= Test Set =================
+++++++++++ Find New Best Min ACC +++++++++++
The acc is 0.9022, 0.8930, 0.9100
Time Consumption for one epoch is 14.313841104507446s
======================================= Epoch 19 =======================================
================= Test Set =================
The acc is 0.9022, 0.8930, 0.9100
Time Consumption for one epoch is 14.098293542861938s
The final acc is 0.9022, 0.8930, 0.9100
