Namespace(data_dir='/data/yihua/dataset/celeba/celeba.hdf5', result_dir='results', checkpoint=None, resume=False, domain_attrs='Male', target_attrs='Heavy_Makeup', exp_name=None, batch_size=512, lr=0.0001, wd=2e-05, epochs=20, seed=2020, num_workers=8, arch='resnet9', evaluate=False, gv=0.01, gr=0.3)
======================================= Epoch 0 =======================================
================= Test Set =================
+++++++++++ Find New Best Min ACC +++++++++++
The acc is 0.5000, 0.5000, 0.5000
Time Consumption for one epoch is 9.347464561462402s
======================================= Epoch 1 =======================================
================= Test Set =================
The acc is 0.5000, 0.5000, 0.5000
Time Consumption for one epoch is 10.33474612236023s
======================================= Epoch 2 =======================================
================= Test Set =================
The acc is 0.5000, 0.5000, 0.5000
Time Consumption for one epoch is 9.02824854850769s
======================================= Epoch 3 =======================================
================= Test Set =================
The acc is 0.5000, 0.5000, 0.5000
Time Consumption for one epoch is 7.256279706954956s
======================================= Epoch 4 =======================================
================= Test Set =================
The acc is 0.5000, 0.5000, 0.5000
Time Consumption for one epoch is 9.241787672042847s
======================================= Epoch 5 =======================================
================= Test Set =================
The acc is 0.5000, 0.5000, 0.5000
Time Consumption for one epoch is 8.996224403381348s
======================================= Epoch 6 =======================================
================= Test Set =================
The acc is 0.5000, 0.5000, 0.5000
Time Consumption for one epoch is 7.243380308151245s
======================================= Epoch 7 =======================================
================= Test Set =================
+++++++++++ Find New Best Min ACC +++++++++++
The acc is 0.5318, 0.5455, 0.5284
Time Consumption for one epoch is 10.227702140808105s
======================================= Epoch 8 =======================================
================= Test Set =================
+++++++++++ Find New Best Min ACC +++++++++++
The acc is 0.6045, 0.5909, 0.6080
Time Consumption for one epoch is 8.153780221939087s
======================================= Epoch 9 =======================================
================= Test Set =================
+++++++++++ Find New Best Min ACC +++++++++++
The acc is 0.6636, 0.5682, 0.6875
Time Consumption for one epoch is 8.64555287361145s
======================================= Epoch 10 =======================================
================= Test Set =================
+++++++++++ Find New Best Min ACC +++++++++++
The acc is 0.6727, 0.6136, 0.6875
Time Consumption for one epoch is 9.415087938308716s
======================================= Epoch 11 =======================================
================= Test Set =================
The acc is 0.6727, 0.6136, 0.6875
Time Consumption for one epoch is 7.327960729598999s
======================================= Epoch 12 =======================================
================= Test Set =================
+++++++++++ Find New Best Min ACC +++++++++++
The acc is 0.6909, 0.6591, 0.6989
Time Consumption for one epoch is 9.651278495788574s
======================================= Epoch 13 =======================================
================= Test Set =================
The acc is 0.6909, 0.6591, 0.6989
Time Consumption for one epoch is 9.915453672409058s
======================================= Epoch 14 =======================================
================= Test Set =================
The acc is 0.6909, 0.6591, 0.6989
Time Consumption for one epoch is 8.185182332992554s
======================================= Epoch 15 =======================================
================= Test Set =================
The acc is 0.6909, 0.6591, 0.6989
Time Consumption for one epoch is 7.4349329471588135s
======================================= Epoch 16 =======================================
================= Test Set =================
The acc is 0.6909, 0.6591, 0.6989
Time Consumption for one epoch is 9.119919538497925s
======================================= Epoch 17 =======================================
================= Test Set =================
The acc is 0.6909, 0.6591, 0.6989
Time Consumption for one epoch is 8.693724632263184s
======================================= Epoch 18 =======================================
================= Test Set =================
The acc is 0.6909, 0.6591, 0.6989
Time Consumption for one epoch is 7.520019292831421s
======================================= Epoch 19 =======================================
================= Test Set =================
The acc is 0.6909, 0.6591, 0.6989
Time Consumption for one epoch is 8.78870677947998s
The final acc is 0.6909, 0.6591, 0.6989
