Namespace(data_dir='/data/yihua/dataset/celeba/celeba.hdf5', result_dir='results', checkpoint=None, resume=False, domain_attrs='Male', target_attrs='Heavy_Makeup', exp_name=None, batch_size=512, lr=0.0001, wd=2e-05, epochs=20, seed=2021, num_workers=8, arch='resnet9', evaluate=False, gv=0.001, gr=0.5)
======================================= Epoch 0 =======================================
================= Test Set =================
+++++++++++ Find New Best Min ACC +++++++++++
The acc is 0.5000, 0.5000, 0.5000
Time Consumption for one epoch is 10.116841077804565s
======================================= Epoch 1 =======================================
================= Test Set =================
+++++++++++ Find New Best Min ACC +++++++++++
The acc is 0.5045, 0.5227, 0.5000
Time Consumption for one epoch is 10.408262014389038s
======================================= Epoch 2 =======================================
================= Test Set =================
The acc is 0.5045, 0.5227, 0.5000
Time Consumption for one epoch is 9.70849061012268s
======================================= Epoch 3 =======================================
================= Test Set =================
The acc is 0.5045, 0.5227, 0.5000
Time Consumption for one epoch is 8.367533683776855s
======================================= Epoch 4 =======================================
================= Test Set =================
The acc is 0.5045, 0.5227, 0.5000
Time Consumption for one epoch is 10.55037784576416s
======================================= Epoch 5 =======================================
================= Test Set =================
The acc is 0.5045, 0.5227, 0.5000
Time Consumption for one epoch is 8.894267082214355s
======================================= Epoch 6 =======================================
================= Test Set =================
+++++++++++ Find New Best Min ACC +++++++++++
The acc is 0.5091, 0.5227, 0.5057
Time Consumption for one epoch is 9.339027881622314s
======================================= Epoch 7 =======================================
================= Test Set =================
+++++++++++ Find New Best Min ACC +++++++++++
The acc is 0.5136, 0.5455, 0.5057
Time Consumption for one epoch is 9.622339487075806s
======================================= Epoch 8 =======================================
================= Test Set =================
+++++++++++ Find New Best Min ACC +++++++++++
The acc is 0.5273, 0.5227, 0.5284
Time Consumption for one epoch is 8.406262874603271s
======================================= Epoch 9 =======================================
================= Test Set =================
+++++++++++ Find New Best Min ACC +++++++++++
The acc is 0.5545, 0.5000, 0.5682
Time Consumption for one epoch is 9.05495548248291s
======================================= Epoch 10 =======================================
================= Test Set =================
+++++++++++ Find New Best Min ACC +++++++++++
The acc is 0.6318, 0.5909, 0.6420
Time Consumption for one epoch is 9.835537433624268s
======================================= Epoch 11 =======================================
================= Test Set =================
+++++++++++ Find New Best Min ACC +++++++++++
The acc is 0.6545, 0.5682, 0.6761
Time Consumption for one epoch is 9.16522741317749s
======================================= Epoch 12 =======================================
================= Test Set =================
The acc is 0.6545, 0.5682, 0.6761
Time Consumption for one epoch is 9.688073873519897s
======================================= Epoch 13 =======================================
================= Test Set =================
+++++++++++ Find New Best Min ACC +++++++++++
The acc is 0.6636, 0.5455, 0.6932
Time Consumption for one epoch is 8.355891227722168s
======================================= Epoch 14 =======================================
================= Test Set =================
+++++++++++ Find New Best Min ACC +++++++++++
The acc is 0.6773, 0.5227, 0.7159
Time Consumption for one epoch is 8.696380376815796s
======================================= Epoch 15 =======================================
================= Test Set =================
The acc is 0.6773, 0.5227, 0.7159
Time Consumption for one epoch is 10.250953197479248s
======================================= Epoch 16 =======================================
================= Test Set =================
The acc is 0.6773, 0.5227, 0.7159
Time Consumption for one epoch is 8.67132019996643s
======================================= Epoch 17 =======================================
================= Test Set =================
+++++++++++ Find New Best Min ACC +++++++++++
The acc is 0.6955, 0.6136, 0.7159
Time Consumption for one epoch is 9.650885343551636s
======================================= Epoch 18 =======================================
================= Test Set =================
+++++++++++ Find New Best Min ACC +++++++++++
The acc is 0.7000, 0.6136, 0.7216
Time Consumption for one epoch is 9.531531810760498s
======================================= Epoch 19 =======================================
================= Test Set =================
The acc is 0.7000, 0.6136, 0.7216
Time Consumption for one epoch is 7.385763645172119s
The final acc is 0.7000, 0.6136, 0.7216
