Namespace(data_dir='/data/yihua/dataset/celeba/celeba.hdf5', result_dir='results', checkpoint=None, resume=False, domain_attrs='Male', target_attrs='Blond_Hair', exp_name=None, batch_size=512, lr=0.0001, wd=2e-05, epochs=20, seed=2021, num_workers=8, arch='resnet9', evaluate=False, gv=0.2, gr=0.3)
======================================= Epoch 0 =======================================
================= Test Set =================
+++++++++++ Find New Best Min ACC +++++++++++
The acc is 0.7556, 0.6972, 0.7701
Time Consumption for one epoch is 31.548014879226685s
======================================= Epoch 1 =======================================
================= Test Set =================
+++++++++++ Find New Best Min ACC +++++++++++
The acc is 0.8567, 0.8306, 0.8632
Time Consumption for one epoch is 28.083414554595947s
======================================= Epoch 2 =======================================
================= Test Set =================
+++++++++++ Find New Best Min ACC +++++++++++
The acc is 0.8572, 0.7972, 0.8722
Time Consumption for one epoch is 24.54026436805725s
======================================= Epoch 3 =======================================
================= Test Set =================
+++++++++++ Find New Best Min ACC +++++++++++
The acc is 0.8944, 0.8611, 0.9028
Time Consumption for one epoch is 28.028345584869385s
======================================= Epoch 4 =======================================
================= Test Set =================
The acc is 0.8944, 0.8611, 0.9028
Time Consumption for one epoch is 27.757782697677612s
======================================= Epoch 5 =======================================
================= Test Set =================
+++++++++++ Find New Best Min ACC +++++++++++
The acc is 0.8978, 0.8806, 0.9021
Time Consumption for one epoch is 27.11293387413025s
======================================= Epoch 6 =======================================
================= Test Set =================
+++++++++++ Find New Best Min ACC +++++++++++
The acc is 0.9072, 0.8861, 0.9125
Time Consumption for one epoch is 28.20179271697998s
======================================= Epoch 7 =======================================
================= Test Set =================
The acc is 0.9072, 0.8861, 0.9125
Time Consumption for one epoch is 25.91421675682068s
======================================= Epoch 8 =======================================
================= Test Set =================
+++++++++++ Find New Best Min ACC +++++++++++
The acc is 0.9089, 0.8722, 0.9181
Time Consumption for one epoch is 27.105785846710205s
======================================= Epoch 9 =======================================
================= Test Set =================
The acc is 0.9089, 0.8722, 0.9181
Time Consumption for one epoch is 28.01880121231079s
======================================= Epoch 10 =======================================
================= Test Set =================
The acc is 0.9089, 0.8722, 0.9181
Time Consumption for one epoch is 28.02128505706787s
======================================= Epoch 11 =======================================
================= Test Set =================
+++++++++++ Find New Best Min ACC +++++++++++
The acc is 0.9117, 0.9056, 0.9132
Time Consumption for one epoch is 28.086109161376953s
======================================= Epoch 12 =======================================
================= Test Set =================
The acc is 0.9117, 0.9056, 0.9132
Time Consumption for one epoch is 27.749672174453735s
======================================= Epoch 13 =======================================
================= Test Set =================
The acc is 0.9117, 0.9056, 0.9132
Time Consumption for one epoch is 27.479904651641846s
======================================= Epoch 14 =======================================
================= Test Set =================
+++++++++++ Find New Best Min ACC +++++++++++
The acc is 0.9133, 0.8778, 0.9222
Time Consumption for one epoch is 27.134398460388184s
======================================= Epoch 15 =======================================
================= Test Set =================
+++++++++++ Find New Best Min ACC +++++++++++
The acc is 0.9161, 0.8889, 0.9229
Time Consumption for one epoch is 28.16045355796814s
======================================= Epoch 16 =======================================
================= Test Set =================
+++++++++++ Find New Best Min ACC +++++++++++
The acc is 0.9189, 0.8972, 0.9243
Time Consumption for one epoch is 26.870200634002686s
======================================= Epoch 17 =======================================
================= Test Set =================
The acc is 0.9189, 0.8972, 0.9243
Time Consumption for one epoch is 26.837170362472534s
======================================= Epoch 18 =======================================
================= Test Set =================
The acc is 0.9189, 0.8972, 0.9243
Time Consumption for one epoch is 25.880745887756348s
======================================= Epoch 19 =======================================
================= Test Set =================
The acc is 0.9189, 0.8972, 0.9243
Time Consumption for one epoch is 27.735255241394043s
The final acc is 0.9189, 0.8972, 0.9243
