Namespace(data_dir='/data/yihua/dataset/celeba/celeba.hdf5', result_dir='results', checkpoint=None, resume=False, domain_attrs='Male', target_attrs='Blond_Hair', exp_name=None, batch_size=512, lr=0.0001, wd=2e-05, epochs=20, seed=2021, num_workers=8, arch='resnet9', evaluate=False, gv=0.25, gr=0.3)
======================================= Epoch 0 =======================================
================= Test Set =================
+++++++++++ Find New Best Min ACC +++++++++++
The acc is 0.7728, 0.7222, 0.7854
Time Consumption for one epoch is 31.88546109199524s
======================================= Epoch 1 =======================================
================= Test Set =================
+++++++++++ Find New Best Min ACC +++++++++++
The acc is 0.8472, 0.8222, 0.8535
Time Consumption for one epoch is 26.91307020187378s
======================================= Epoch 2 =======================================
================= Test Set =================
+++++++++++ Find New Best Min ACC +++++++++++
The acc is 0.8717, 0.8111, 0.8868
Time Consumption for one epoch is 26.68811011314392s
======================================= Epoch 3 =======================================
================= Test Set =================
+++++++++++ Find New Best Min ACC +++++++++++
The acc is 0.8928, 0.8556, 0.9021
Time Consumption for one epoch is 25.562494039535522s
======================================= Epoch 4 =======================================
================= Test Set =================
The acc is 0.8928, 0.8556, 0.9021
Time Consumption for one epoch is 27.377665758132935s
======================================= Epoch 5 =======================================
================= Test Set =================
+++++++++++ Find New Best Min ACC +++++++++++
The acc is 0.9083, 0.8806, 0.9153
Time Consumption for one epoch is 27.79618549346924s
======================================= Epoch 6 =======================================
================= Test Set =================
+++++++++++ Find New Best Min ACC +++++++++++
The acc is 0.9089, 0.8861, 0.9146
Time Consumption for one epoch is 27.961851119995117s
======================================= Epoch 7 =======================================
================= Test Set =================
The acc is 0.9089, 0.8861, 0.9146
Time Consumption for one epoch is 26.832252264022827s
======================================= Epoch 8 =======================================
================= Test Set =================
+++++++++++ Find New Best Min ACC +++++++++++
The acc is 0.9094, 0.8722, 0.9187
Time Consumption for one epoch is 27.14020323753357s
======================================= Epoch 9 =======================================
================= Test Set =================
The acc is 0.9094, 0.8722, 0.9187
Time Consumption for one epoch is 27.049225330352783s
======================================= Epoch 10 =======================================
================= Test Set =================
The acc is 0.9094, 0.8722, 0.9187
Time Consumption for one epoch is 28.316705465316772s
======================================= Epoch 11 =======================================
================= Test Set =================
+++++++++++ Find New Best Min ACC +++++++++++
The acc is 0.9128, 0.9028, 0.9153
Time Consumption for one epoch is 28.06478190422058s
======================================= Epoch 12 =======================================
================= Test Set =================
The acc is 0.9128, 0.9028, 0.9153
Time Consumption for one epoch is 28.446364164352417s
======================================= Epoch 13 =======================================
================= Test Set =================
The acc is 0.9128, 0.9028, 0.9153
Time Consumption for one epoch is 27.395909309387207s
======================================= Epoch 14 =======================================
================= Test Set =================
The acc is 0.9128, 0.9028, 0.9153
Time Consumption for one epoch is 25.254719972610474s
======================================= Epoch 15 =======================================
================= Test Set =================
+++++++++++ Find New Best Min ACC +++++++++++
The acc is 0.9133, 0.8833, 0.9208
Time Consumption for one epoch is 29.16399574279785s
======================================= Epoch 16 =======================================
================= Test Set =================
+++++++++++ Find New Best Min ACC +++++++++++
The acc is 0.9194, 0.9111, 0.9215
Time Consumption for one epoch is 26.616918563842773s
======================================= Epoch 17 =======================================
================= Test Set =================
The acc is 0.9194, 0.9111, 0.9215
Time Consumption for one epoch is 27.707275390625s
======================================= Epoch 18 =======================================
================= Test Set =================
The acc is 0.9194, 0.9111, 0.9215
Time Consumption for one epoch is 27.963354349136353s
======================================= Epoch 19 =======================================
================= Test Set =================
The acc is 0.9194, 0.9111, 0.9215
Time Consumption for one epoch is 26.65454649925232s
The final acc is 0.9194, 0.9111, 0.9215
