Namespace(data_dir='/data/yihua/dataset/celeba/celeba.hdf5', result_dir='crop_study', checkpoint=None, resume=False, domain_attrs='Male', target_attrs='Blond_Hair', exp_name=None, batch_size=512, lr=0.0001, wd=2e-05, epochs=20, seed=2020, num_workers=8, arch='resnet18', evaluate=False, total_num=5000, test_num=1000, gv=140.0, gr=0.1, minor_ratio=0.2, add_aug='crop')
======================================= Epoch 0 =======================================
================= Test Set =================
+++++++++++ Find New Best Min ACC +++++++++++
The acc is 0.4624, 0.4186, 0.5000
Time Consumption for one epoch is 21.302536487579346s
======================================= Epoch 1 =======================================
================= Test Set =================
The acc is 0.4624, 0.4186, 0.5000
Time Consumption for one epoch is 20.09235405921936s
======================================= Epoch 2 =======================================
================= Test Set =================
+++++++++++ Find New Best Min ACC +++++++++++
The acc is 0.5484, 0.5744, 0.5260
Time Consumption for one epoch is 19.459418058395386s
======================================= Epoch 3 =======================================
================= Test Set =================
+++++++++++ Find New Best Min ACC +++++++++++
The acc is 0.6516, 0.6628, 0.6420
Time Consumption for one epoch is 18.19748544692993s
======================================= Epoch 4 =======================================
================= Test Set =================
+++++++++++ Find New Best Min ACC +++++++++++
The acc is 0.7355, 0.7279, 0.7420
Time Consumption for one epoch is 20.1939697265625s
======================================= Epoch 5 =======================================
================= Test Set =================
+++++++++++ Find New Best Min ACC +++++++++++
The acc is 0.8344, 0.8047, 0.8600
Time Consumption for one epoch is 21.114628076553345s
======================================= Epoch 6 =======================================
================= Test Set =================
+++++++++++ Find New Best Min ACC +++++++++++
The acc is 0.8656, 0.8326, 0.8940
Time Consumption for one epoch is 20.153422117233276s
======================================= Epoch 7 =======================================
================= Test Set =================
+++++++++++ Find New Best Min ACC +++++++++++
The acc is 0.8742, 0.8558, 0.8900
Time Consumption for one epoch is 19.48178791999817s
======================================= Epoch 8 =======================================
================= Test Set =================
The acc is 0.8742, 0.8558, 0.8900
Time Consumption for one epoch is 19.0348162651062s
======================================= Epoch 9 =======================================
================= Test Set =================
The acc is 0.8742, 0.8558, 0.8900
Time Consumption for one epoch is 20.554176568984985s
======================================= Epoch 10 =======================================
================= Test Set =================
The acc is 0.8742, 0.8558, 0.8900
Time Consumption for one epoch is 18.88221001625061s
======================================= Epoch 11 =======================================
================= Test Set =================
+++++++++++ Find New Best Min ACC +++++++++++
The acc is 0.8817, 0.8581, 0.9020
Time Consumption for one epoch is 20.782628536224365s
======================================= Epoch 12 =======================================
================= Test Set =================
+++++++++++ Find New Best Min ACC +++++++++++
The acc is 0.8839, 0.8512, 0.9120
Time Consumption for one epoch is 18.3358473777771s
======================================= Epoch 13 =======================================
================= Test Set =================
The acc is 0.8839, 0.8512, 0.9120
Time Consumption for one epoch is 19.799697875976562s
======================================= Epoch 14 =======================================
================= Test Set =================
+++++++++++ Find New Best Min ACC +++++++++++
The acc is 0.8914, 0.8721, 0.9080
Time Consumption for one epoch is 19.089261531829834s
======================================= Epoch 15 =======================================
================= Test Set =================
The acc is 0.8914, 0.8721, 0.9080
Time Consumption for one epoch is 19.825966835021973s
======================================= Epoch 16 =======================================
================= Test Set =================
The acc is 0.8914, 0.8721, 0.9080
Time Consumption for one epoch is 20.145772695541382s
======================================= Epoch 17 =======================================
================= Test Set =================
The acc is 0.8914, 0.8721, 0.9080
Time Consumption for one epoch is 18.61376428604126s
======================================= Epoch 18 =======================================
================= Test Set =================
The acc is 0.8914, 0.8721, 0.9080
Time Consumption for one epoch is 21.967879056930542s
======================================= Epoch 19 =======================================
================= Test Set =================
The acc is 0.8914, 0.8721, 0.9080
Time Consumption for one epoch is 20.872225046157837s
The final acc is 0.8914, 0.8721, 0.9080
