Namespace(data_dir='/data/yihua/dataset/celeba/celeba.hdf5', result_dir='results', checkpoint=None, resume=False, domain_attrs='Male', target_attrs='High_Cheekbones', exp_name=None, batch_size=512, lr=0.0001, wd=2e-05, epochs=20, seed=2021, num_workers=8, arch='resnet9', evaluate=False, gv=0.5, gr=0.5)
======================================= Epoch 0 =======================================
================= Test Set =================
+++++++++++ Find New Best Min ACC +++++++++++
The acc is 0.7900, 0.7550, 0.7988
Time Consumption for one epoch is 143.33862137794495s
======================================= Epoch 1 =======================================
================= Test Set =================
+++++++++++ Find New Best Min ACC +++++++++++
The acc is 0.8517, 0.8087, 0.8625
Time Consumption for one epoch is 138.54274487495422s
======================================= Epoch 2 =======================================
================= Test Set =================
+++++++++++ Find New Best Min ACC +++++++++++
The acc is 0.8589, 0.8107, 0.8709
Time Consumption for one epoch is 139.420392036438s
======================================= Epoch 3 =======================================
================= Test Set =================
+++++++++++ Find New Best Min ACC +++++++++++
The acc is 0.8651, 0.8119, 0.8783
Time Consumption for one epoch is 137.76113176345825s
======================================= Epoch 4 =======================================
================= Test Set =================
The acc is 0.8651, 0.8119, 0.8783
Time Consumption for one epoch is 139.09326791763306s
======================================= Epoch 5 =======================================
================= Test Set =================
+++++++++++ Find New Best Min ACC +++++++++++
The acc is 0.8706, 0.8216, 0.8828
Time Consumption for one epoch is 139.96269035339355s
======================================= Epoch 6 =======================================
================= Test Set =================
The acc is 0.8706, 0.8216, 0.8828
Time Consumption for one epoch is 139.75343322753906s
======================================= Epoch 7 =======================================
================= Test Set =================
The acc is 0.8706, 0.8216, 0.8828
Time Consumption for one epoch is 138.87569856643677s
======================================= Epoch 8 =======================================
================= Test Set =================
The acc is 0.8706, 0.8216, 0.8828
Time Consumption for one epoch is 140.64693593978882s
======================================= Epoch 9 =======================================
================= Test Set =================
The acc is 0.8706, 0.8216, 0.8828
Time Consumption for one epoch is 140.18675756454468s
======================================= Epoch 10 =======================================
================= Test Set =================
The acc is 0.8706, 0.8216, 0.8828
Time Consumption for one epoch is 138.80665850639343s
======================================= Epoch 11 =======================================
================= Test Set =================
The acc is 0.8706, 0.8216, 0.8828
Time Consumption for one epoch is 137.87726163864136s
======================================= Epoch 12 =======================================
================= Test Set =================
+++++++++++ Find New Best Min ACC +++++++++++
The acc is 0.8738, 0.8308, 0.8845
Time Consumption for one epoch is 138.33011603355408s
======================================= Epoch 13 =======================================
================= Test Set =================
The acc is 0.8738, 0.8308, 0.8845
Time Consumption for one epoch is 138.21752858161926s
======================================= Epoch 14 =======================================
================= Test Set =================
The acc is 0.8738, 0.8308, 0.8845
Time Consumption for one epoch is 138.88520526885986s
======================================= Epoch 15 =======================================
================= Test Set =================
The acc is 0.8738, 0.8308, 0.8845
Time Consumption for one epoch is 139.14346504211426s
======================================= Epoch 16 =======================================
================= Test Set =================
+++++++++++ Find New Best Min ACC +++++++++++
The acc is 0.8748, 0.8292, 0.8862
Time Consumption for one epoch is 141.54985523223877s
======================================= Epoch 17 =======================================
================= Test Set =================
+++++++++++ Find New Best Min ACC +++++++++++
The acc is 0.8756, 0.8336, 0.8860
Time Consumption for one epoch is 140.50486588478088s
======================================= Epoch 18 =======================================
================= Test Set =================
+++++++++++ Find New Best Min ACC +++++++++++
The acc is 0.8761, 0.8324, 0.8871
Time Consumption for one epoch is 139.24954319000244s
======================================= Epoch 19 =======================================
================= Test Set =================
The acc is 0.8761, 0.8324, 0.8871
Time Consumption for one epoch is 138.76038932800293s
The final acc is 0.8761, 0.8324, 0.8871
