Namespace(data_dir='/data/yihua/dataset/celeba/celeba.hdf5', result_dir='crop_study', checkpoint=None, resume=False, domain_attrs='Male', target_attrs='Blond_Hair', exp_name=None, batch_size=512, lr=0.0001, wd=2e-05, epochs=20, seed=2021, num_workers=8, arch='resnet18', evaluate=False, total_num=5000, test_num=1000, gv=140.0, gr=0.3, minor_ratio=0.2, add_aug='crop')
======================================= Epoch 0 =======================================
================= Test Set =================
+++++++++++ Find New Best Min ACC +++++++++++
The acc is 0.6731, 0.6349, 0.7060
Time Consumption for one epoch is 21.40808415412903s
======================================= Epoch 1 =======================================
================= Test Set =================
The acc is 0.6731, 0.6349, 0.7060
Time Consumption for one epoch is 19.612003087997437s
======================================= Epoch 2 =======================================
================= Test Set =================
The acc is 0.6731, 0.6349, 0.7060
Time Consumption for one epoch is 19.29568839073181s
======================================= Epoch 3 =======================================
================= Test Set =================
The acc is 0.6731, 0.6349, 0.7060
Time Consumption for one epoch is 19.117782831192017s
======================================= Epoch 4 =======================================
================= Test Set =================
The acc is 0.6731, 0.6349, 0.7060
Time Consumption for one epoch is 20.48774766921997s
======================================= Epoch 5 =======================================
================= Test Set =================
+++++++++++ Find New Best Min ACC +++++++++++
The acc is 0.8419, 0.8140, 0.8660
Time Consumption for one epoch is 19.70786190032959s
======================================= Epoch 6 =======================================
================= Test Set =================
+++++++++++ Find New Best Min ACC +++++++++++
The acc is 0.8624, 0.8372, 0.8840
Time Consumption for one epoch is 20.835052251815796s
======================================= Epoch 7 =======================================
================= Test Set =================
+++++++++++ Find New Best Min ACC +++++++++++
The acc is 0.8699, 0.8419, 0.8940
Time Consumption for one epoch is 20.989810705184937s
======================================= Epoch 8 =======================================
================= Test Set =================
The acc is 0.8699, 0.8419, 0.8940
Time Consumption for one epoch is 20.671444416046143s
======================================= Epoch 9 =======================================
================= Test Set =================
+++++++++++ Find New Best Min ACC +++++++++++
The acc is 0.8742, 0.8488, 0.8960
Time Consumption for one epoch is 20.187184810638428s
======================================= Epoch 10 =======================================
================= Test Set =================
+++++++++++ Find New Best Min ACC +++++++++++
The acc is 0.8935, 0.8837, 0.9020
Time Consumption for one epoch is 19.870695114135742s
======================================= Epoch 11 =======================================
================= Test Set =================
The acc is 0.8935, 0.8837, 0.9020
Time Consumption for one epoch is 22.60120129585266s
======================================= Epoch 12 =======================================
================= Test Set =================
The acc is 0.8935, 0.8837, 0.9020
Time Consumption for one epoch is 22.32198452949524s
======================================= Epoch 13 =======================================
================= Test Set =================
The acc is 0.8935, 0.8837, 0.9020
Time Consumption for one epoch is 20.87134623527527s
======================================= Epoch 14 =======================================
================= Test Set =================
The acc is 0.8935, 0.8837, 0.9020
Time Consumption for one epoch is 20.195477962493896s
======================================= Epoch 15 =======================================
================= Test Set =================
The acc is 0.8935, 0.8837, 0.9020
Time Consumption for one epoch is 20.62543821334839s
======================================= Epoch 16 =======================================
================= Test Set =================
The acc is 0.8935, 0.8837, 0.9020
Time Consumption for one epoch is 19.836298942565918s
======================================= Epoch 17 =======================================
================= Test Set =================
The acc is 0.8935, 0.8837, 0.9020
Time Consumption for one epoch is 19.189481735229492s
======================================= Epoch 18 =======================================
================= Test Set =================
The acc is 0.8935, 0.8837, 0.9020
Time Consumption for one epoch is 20.86998987197876s
======================================= Epoch 19 =======================================
================= Test Set =================
The acc is 0.8935, 0.8837, 0.9020
Time Consumption for one epoch is 21.85293221473694s
The final acc is 0.8935, 0.8837, 0.9020
