Namespace(data_dir='/data/yihua/dataset/celeba/celeba.hdf5', result_dir='results', checkpoint=None, resume=False, domain_attrs='Male', target_attrs='Blond_Hair', exp_name=None, batch_size=512, lr=0.0001, wd=2e-05, epochs=20, seed=2021, num_workers=8, arch='resnet18', evaluate=False, gv=0.01, gr=0.1)
======================================= Epoch 0 =======================================
================= Test Set =================
+++++++++++ Find New Best Min ACC +++++++++++
The acc is 0.5089, 0.5083, 0.5090
Time Consumption for one epoch is 45.644628047943115s
======================================= Epoch 1 =======================================
================= Test Set =================
+++++++++++ Find New Best Min ACC +++++++++++
The acc is 0.7111, 0.6278, 0.7319
Time Consumption for one epoch is 41.451268911361694s
======================================= Epoch 2 =======================================
================= Test Set =================
+++++++++++ Find New Best Min ACC +++++++++++
The acc is 0.8611, 0.7972, 0.8771
Time Consumption for one epoch is 41.5131561756134s
======================================= Epoch 3 =======================================
================= Test Set =================
The acc is 0.8611, 0.7972, 0.8771
Time Consumption for one epoch is 42.81639504432678s
======================================= Epoch 4 =======================================
================= Test Set =================
+++++++++++ Find New Best Min ACC +++++++++++
The acc is 0.9011, 0.8778, 0.9069
Time Consumption for one epoch is 42.10366988182068s
======================================= Epoch 5 =======================================
================= Test Set =================
The acc is 0.9011, 0.8778, 0.9069
Time Consumption for one epoch is 41.79115581512451s
======================================= Epoch 6 =======================================
================= Test Set =================
The acc is 0.9011, 0.8778, 0.9069
Time Consumption for one epoch is 39.469284534454346s
======================================= Epoch 7 =======================================
================= Test Set =================
+++++++++++ Find New Best Min ACC +++++++++++
The acc is 0.9128, 0.8972, 0.9167
Time Consumption for one epoch is 41.46459460258484s
======================================= Epoch 8 =======================================
================= Test Set =================
The acc is 0.9128, 0.8972, 0.9167
Time Consumption for one epoch is 42.206247091293335s
======================================= Epoch 9 =======================================
================= Test Set =================
The acc is 0.9128, 0.8972, 0.9167
Time Consumption for one epoch is 41.08845400810242s
======================================= Epoch 10 =======================================
================= Test Set =================
The acc is 0.9128, 0.8972, 0.9167
Time Consumption for one epoch is 40.50188422203064s
======================================= Epoch 11 =======================================
================= Test Set =================
The acc is 0.9128, 0.8972, 0.9167
Time Consumption for one epoch is 40.61928462982178s
======================================= Epoch 12 =======================================
================= Test Set =================
The acc is 0.9128, 0.8972, 0.9167
Time Consumption for one epoch is 41.651970863342285s
======================================= Epoch 13 =======================================
================= Test Set =================
+++++++++++ Find New Best Min ACC +++++++++++
The acc is 0.9139, 0.8861, 0.9208
Time Consumption for one epoch is 42.72410726547241s
======================================= Epoch 14 =======================================
================= Test Set =================
The acc is 0.9139, 0.8861, 0.9208
Time Consumption for one epoch is 41.42299818992615s
======================================= Epoch 15 =======================================
================= Test Set =================
The acc is 0.9139, 0.8861, 0.9208
Time Consumption for one epoch is 40.39527654647827s
======================================= Epoch 16 =======================================
================= Test Set =================
The acc is 0.9139, 0.8861, 0.9208
Time Consumption for one epoch is 42.51047658920288s
======================================= Epoch 17 =======================================
================= Test Set =================
The acc is 0.9139, 0.8861, 0.9208
Time Consumption for one epoch is 41.51379084587097s
======================================= Epoch 18 =======================================
================= Test Set =================
The acc is 0.9139, 0.8861, 0.9208
Time Consumption for one epoch is 40.5467586517334s
======================================= Epoch 19 =======================================
================= Test Set =================
The acc is 0.9139, 0.8861, 0.9208
Time Consumption for one epoch is 42.261714220047s
The final acc is 0.9139, 0.8861, 0.9208
