Namespace(data_dir='/data/yihua/dataset/celeba/celeba.hdf5', result_dir='crop_study', checkpoint=None, resume=False, domain_attrs='Male', target_attrs='Blond_Hair', exp_name=None, batch_size=512, lr=0.0001, wd=2e-05, epochs=20, seed=2022, num_workers=8, arch='resnet18', evaluate=False, total_num=5000, test_num=1000, gv=100.0, gr=0.1, minor_ratio=0.2, add_aug='crop')
======================================= Epoch 0 =======================================
================= Test Set =================
+++++++++++ Find New Best Min ACC +++++++++++
The acc is 0.6892, 0.6698, 0.7060
Time Consumption for one epoch is 20.88961148262024s
======================================= Epoch 1 =======================================
================= Test Set =================
The acc is 0.6892, 0.6698, 0.7060
Time Consumption for one epoch is 20.44666314125061s
======================================= Epoch 2 =======================================
================= Test Set =================
The acc is 0.6892, 0.6698, 0.7060
Time Consumption for one epoch is 21.6943461894989s
======================================= Epoch 3 =======================================
================= Test Set =================
The acc is 0.6892, 0.6698, 0.7060
Time Consumption for one epoch is 20.248772859573364s
======================================= Epoch 4 =======================================
================= Test Set =================
The acc is 0.6892, 0.6698, 0.7060
Time Consumption for one epoch is 19.77396011352539s
======================================= Epoch 5 =======================================
================= Test Set =================
+++++++++++ Find New Best Min ACC +++++++++++
The acc is 0.8452, 0.8163, 0.8700
Time Consumption for one epoch is 18.592111349105835s
======================================= Epoch 6 =======================================
================= Test Set =================
The acc is 0.8452, 0.8163, 0.8700
Time Consumption for one epoch is 20.059982299804688s
======================================= Epoch 7 =======================================
================= Test Set =================
+++++++++++ Find New Best Min ACC +++++++++++
The acc is 0.8774, 0.8558, 0.8960
Time Consumption for one epoch is 19.80179190635681s
======================================= Epoch 8 =======================================
================= Test Set =================
The acc is 0.8774, 0.8558, 0.8960
Time Consumption for one epoch is 18.380397081375122s
======================================= Epoch 9 =======================================
================= Test Set =================
+++++++++++ Find New Best Min ACC +++++++++++
The acc is 0.8914, 0.8767, 0.9040
Time Consumption for one epoch is 19.686728477478027s
======================================= Epoch 10 =======================================
================= Test Set =================
The acc is 0.8914, 0.8767, 0.9040
Time Consumption for one epoch is 18.875268936157227s
======================================= Epoch 11 =======================================
================= Test Set =================
The acc is 0.8914, 0.8767, 0.9040
Time Consumption for one epoch is 21.4013249874115s
======================================= Epoch 12 =======================================
================= Test Set =================
The acc is 0.8914, 0.8767, 0.9040
Time Consumption for one epoch is 19.43489408493042s
======================================= Epoch 13 =======================================
================= Test Set =================
The acc is 0.8914, 0.8767, 0.9040
Time Consumption for one epoch is 20.575739860534668s
======================================= Epoch 14 =======================================
================= Test Set =================
The acc is 0.8914, 0.8767, 0.9040
Time Consumption for one epoch is 21.250452518463135s
======================================= Epoch 15 =======================================
================= Test Set =================
The acc is 0.8914, 0.8767, 0.9040
Time Consumption for one epoch is 20.510477542877197s
======================================= Epoch 16 =======================================
================= Test Set =================
+++++++++++ Find New Best Min ACC +++++++++++
The acc is 0.8935, 0.8884, 0.8980
Time Consumption for one epoch is 21.86981177330017s
======================================= Epoch 17 =======================================
================= Test Set =================
+++++++++++ Find New Best Min ACC +++++++++++
The acc is 0.9000, 0.8953, 0.9040
Time Consumption for one epoch is 20.77080273628235s
======================================= Epoch 18 =======================================
================= Test Set =================
The acc is 0.9000, 0.8953, 0.9040
Time Consumption for one epoch is 19.74286413192749s
======================================= Epoch 19 =======================================
================= Test Set =================
The acc is 0.9000, 0.8953, 0.9040
Time Consumption for one epoch is 20.318514347076416s
The final acc is 0.9000, 0.8953, 0.9040
