Namespace(data_dir='/data/yihua/dataset/celeba/celeba.hdf5', result_dir='rotation_study', checkpoint=None, resume=False, domain_attrs='Male', target_attrs='Blond_Hair', exp_name=None, batch_size=512, lr=0.0001, wd=2e-05, epochs=20, seed=2021, num_workers=8, arch='resnet9', evaluate=False, total_num=5000, test_num=1000, gv=90.0, gr=0.3, minor_ratio=0.2, add_aug='rotation')
======================================= Epoch 0 =======================================
================= Test Set =================
+++++++++++ Find New Best Min ACC +++++++++++
The acc is 0.4624, 0.4186, 0.5000
Time Consumption for one epoch is 16.53855609893799s
======================================= Epoch 1 =======================================
================= Test Set =================
The acc is 0.4624, 0.4186, 0.5000
Time Consumption for one epoch is 14.515097856521606s
======================================= Epoch 2 =======================================
================= Test Set =================
+++++++++++ Find New Best Min ACC +++++++++++
The acc is 0.6935, 0.6628, 0.7200
Time Consumption for one epoch is 14.86811375617981s
======================================= Epoch 3 =======================================
================= Test Set =================
+++++++++++ Find New Best Min ACC +++++++++++
The acc is 0.7667, 0.7349, 0.7940
Time Consumption for one epoch is 14.341496229171753s
======================================= Epoch 4 =======================================
================= Test Set =================
+++++++++++ Find New Best Min ACC +++++++++++
The acc is 0.8269, 0.8023, 0.8480
Time Consumption for one epoch is 15.042473077774048s
======================================= Epoch 5 =======================================
================= Test Set =================
+++++++++++ Find New Best Min ACC +++++++++++
The acc is 0.8441, 0.8279, 0.8580
Time Consumption for one epoch is 14.531197309494019s
======================================= Epoch 6 =======================================
================= Test Set =================
The acc is 0.8441, 0.8279, 0.8580
Time Consumption for one epoch is 13.864007234573364s
======================================= Epoch 7 =======================================
================= Test Set =================
+++++++++++ Find New Best Min ACC +++++++++++
The acc is 0.8570, 0.8349, 0.8760
Time Consumption for one epoch is 14.534257411956787s
======================================= Epoch 8 =======================================
================= Test Set =================
+++++++++++ Find New Best Min ACC +++++++++++
The acc is 0.8742, 0.8395, 0.9040
Time Consumption for one epoch is 15.06253957748413s
======================================= Epoch 9 =======================================
================= Test Set =================
The acc is 0.8742, 0.8395, 0.9040
Time Consumption for one epoch is 14.745769500732422s
======================================= Epoch 10 =======================================
================= Test Set =================
+++++++++++ Find New Best Min ACC +++++++++++
The acc is 0.8806, 0.8628, 0.8960
Time Consumption for one epoch is 14.91945195198059s
======================================= Epoch 11 =======================================
================= Test Set =================
The acc is 0.8806, 0.8628, 0.8960
Time Consumption for one epoch is 13.925447225570679s
======================================= Epoch 12 =======================================
================= Test Set =================
+++++++++++ Find New Best Min ACC +++++++++++
The acc is 0.8849, 0.8698, 0.8980
Time Consumption for one epoch is 14.317997455596924s
======================================= Epoch 13 =======================================
================= Test Set =================
The acc is 0.8849, 0.8698, 0.8980
Time Consumption for one epoch is 13.855455875396729s
======================================= Epoch 14 =======================================
================= Test Set =================
+++++++++++ Find New Best Min ACC +++++++++++
The acc is 0.8903, 0.8791, 0.9000
Time Consumption for one epoch is 14.70199179649353s
======================================= Epoch 15 =======================================
================= Test Set =================
The acc is 0.8903, 0.8791, 0.9000
Time Consumption for one epoch is 14.672360181808472s
======================================= Epoch 16 =======================================
================= Test Set =================
The acc is 0.8903, 0.8791, 0.9000
Time Consumption for one epoch is 14.498003482818604s
======================================= Epoch 17 =======================================
================= Test Set =================
The acc is 0.8903, 0.8791, 0.9000
Time Consumption for one epoch is 14.60739541053772s
======================================= Epoch 18 =======================================
================= Test Set =================
+++++++++++ Find New Best Min ACC +++++++++++
The acc is 0.8935, 0.8767, 0.9080
Time Consumption for one epoch is 14.515164613723755s
======================================= Epoch 19 =======================================
================= Test Set =================
The acc is 0.8935, 0.8767, 0.9080
Time Consumption for one epoch is 13.64426064491272s
The final acc is 0.8935, 0.8767, 0.9080
