Namespace(data_dir='/data/yihua/dataset/celeba/celeba.hdf5', result_dir='crop_study', checkpoint=None, resume=False, domain_attrs='Male', target_attrs='Blond_Hair', exp_name=None, batch_size=512, lr=0.0001, wd=2e-05, epochs=20, seed=2021, num_workers=8, arch='resnet9', evaluate=False, total_num=5000, test_num=1000, gv=120.0, gr=0.5, minor_ratio=0.2, add_aug='crop')
======================================= Epoch 0 =======================================
================= Test Set =================
+++++++++++ Find New Best Min ACC +++++++++++
The acc is 0.4624, 0.4186, 0.5000
Time Consumption for one epoch is 16.80370593070984s
======================================= Epoch 1 =======================================
================= Test Set =================
The acc is 0.4624, 0.4186, 0.5000
Time Consumption for one epoch is 14.158075094223022s
======================================= Epoch 2 =======================================
================= Test Set =================
+++++++++++ Find New Best Min ACC +++++++++++
The acc is 0.6366, 0.5744, 0.6900
Time Consumption for one epoch is 15.083926439285278s
======================================= Epoch 3 =======================================
================= Test Set =================
+++++++++++ Find New Best Min ACC +++++++++++
The acc is 0.6806, 0.6628, 0.6960
Time Consumption for one epoch is 14.632585763931274s
======================================= Epoch 4 =======================================
================= Test Set =================
+++++++++++ Find New Best Min ACC +++++++++++
The acc is 0.8161, 0.7977, 0.8320
Time Consumption for one epoch is 14.516692161560059s
======================================= Epoch 5 =======================================
================= Test Set =================
+++++++++++ Find New Best Min ACC +++++++++++
The acc is 0.8495, 0.8279, 0.8680
Time Consumption for one epoch is 14.103516340255737s
======================================= Epoch 6 =======================================
================= Test Set =================
+++++++++++ Find New Best Min ACC +++++++++++
The acc is 0.8753, 0.8512, 0.8960
Time Consumption for one epoch is 14.685179948806763s
======================================= Epoch 7 =======================================
================= Test Set =================
The acc is 0.8753, 0.8512, 0.8960
Time Consumption for one epoch is 14.454349279403687s
======================================= Epoch 8 =======================================
================= Test Set =================
The acc is 0.8753, 0.8512, 0.8960
Time Consumption for one epoch is 14.336452960968018s
======================================= Epoch 9 =======================================
================= Test Set =================
The acc is 0.8753, 0.8512, 0.8960
Time Consumption for one epoch is 14.868579864501953s
======================================= Epoch 10 =======================================
================= Test Set =================
The acc is 0.8753, 0.8512, 0.8960
Time Consumption for one epoch is 14.199225902557373s
======================================= Epoch 11 =======================================
================= Test Set =================
+++++++++++ Find New Best Min ACC +++++++++++
The acc is 0.8849, 0.8791, 0.8900
Time Consumption for one epoch is 15.087440013885498s
======================================= Epoch 12 =======================================
================= Test Set =================
+++++++++++ Find New Best Min ACC +++++++++++
The acc is 0.8871, 0.8721, 0.9000
Time Consumption for one epoch is 14.658992052078247s
======================================= Epoch 13 =======================================
================= Test Set =================
+++++++++++ Find New Best Min ACC +++++++++++
The acc is 0.8957, 0.8860, 0.9040
Time Consumption for one epoch is 15.149721384048462s
======================================= Epoch 14 =======================================
================= Test Set =================
The acc is 0.8957, 0.8860, 0.9040
Time Consumption for one epoch is 14.820578813552856s
======================================= Epoch 15 =======================================
================= Test Set =================
The acc is 0.8957, 0.8860, 0.9040
Time Consumption for one epoch is 14.760825872421265s
======================================= Epoch 16 =======================================
================= Test Set =================
The acc is 0.8957, 0.8860, 0.9040
Time Consumption for one epoch is 14.544574737548828s
======================================= Epoch 17 =======================================
================= Test Set =================
The acc is 0.8957, 0.8860, 0.9040
Time Consumption for one epoch is 14.124217987060547s
======================================= Epoch 18 =======================================
================= Test Set =================
+++++++++++ Find New Best Min ACC +++++++++++
The acc is 0.8978, 0.8860, 0.9080
Time Consumption for one epoch is 14.913133144378662s
======================================= Epoch 19 =======================================
================= Test Set =================
The acc is 0.8978, 0.8860, 0.9080
Time Consumption for one epoch is 15.283370971679688s
The final acc is 0.8978, 0.8860, 0.9080
