Namespace(data_dir='/data/yihua/dataset/celeba/celeba.hdf5', result_dir='results', checkpoint=None, resume=False, domain_attrs='Male', target_attrs='Heavy_Makeup', exp_name=None, batch_size=512, lr=0.0001, wd=2e-05, epochs=20, seed=2022, num_workers=8, arch='resnet9', evaluate=False, gv=1e-05, gr=0.1)
======================================= Epoch 0 =======================================
================= Test Set =================
+++++++++++ Find New Best Min ACC +++++++++++
The acc is 0.5000, 0.5000, 0.5000
Time Consumption for one epoch is 11.552770376205444s
======================================= Epoch 1 =======================================
================= Test Set =================
The acc is 0.5000, 0.5000, 0.5000
Time Consumption for one epoch is 7.518450021743774s
======================================= Epoch 2 =======================================
================= Test Set =================
+++++++++++ Find New Best Min ACC +++++++++++
The acc is 0.5182, 0.4318, 0.5398
Time Consumption for one epoch is 7.8290228843688965s
======================================= Epoch 3 =======================================
================= Test Set =================
The acc is 0.5182, 0.4318, 0.5398
Time Consumption for one epoch is 8.640506744384766s
======================================= Epoch 4 =======================================
================= Test Set =================
The acc is 0.5182, 0.4318, 0.5398
Time Consumption for one epoch is 8.283042430877686s
======================================= Epoch 5 =======================================
================= Test Set =================
The acc is 0.5182, 0.4318, 0.5398
Time Consumption for one epoch is 8.17646598815918s
======================================= Epoch 6 =======================================
================= Test Set =================
The acc is 0.5182, 0.4318, 0.5398
Time Consumption for one epoch is 7.807475328445435s
======================================= Epoch 7 =======================================
================= Test Set =================
+++++++++++ Find New Best Min ACC +++++++++++
The acc is 0.5409, 0.5000, 0.5511
Time Consumption for one epoch is 9.85222315788269s
======================================= Epoch 8 =======================================
================= Test Set =================
The acc is 0.5409, 0.5000, 0.5511
Time Consumption for one epoch is 8.387977838516235s
======================================= Epoch 9 =======================================
================= Test Set =================
+++++++++++ Find New Best Min ACC +++++++++++
The acc is 0.5455, 0.5227, 0.5511
Time Consumption for one epoch is 7.598219871520996s
======================================= Epoch 10 =======================================
================= Test Set =================
+++++++++++ Find New Best Min ACC +++++++++++
The acc is 0.6364, 0.5000, 0.6705
Time Consumption for one epoch is 9.266840934753418s
======================================= Epoch 11 =======================================
================= Test Set =================
+++++++++++ Find New Best Min ACC +++++++++++
The acc is 0.6773, 0.5682, 0.7045
Time Consumption for one epoch is 8.840349912643433s
======================================= Epoch 12 =======================================
================= Test Set =================
The acc is 0.6773, 0.5682, 0.7045
Time Consumption for one epoch is 7.979897499084473s
======================================= Epoch 13 =======================================
================= Test Set =================
The acc is 0.6773, 0.5682, 0.7045
Time Consumption for one epoch is 9.932916164398193s
======================================= Epoch 14 =======================================
================= Test Set =================
The acc is 0.6773, 0.5682, 0.7045
Time Consumption for one epoch is 8.024465799331665s
======================================= Epoch 15 =======================================
================= Test Set =================
The acc is 0.6773, 0.5682, 0.7045
Time Consumption for one epoch is 8.145591735839844s
======================================= Epoch 16 =======================================
================= Test Set =================
The acc is 0.6773, 0.5682, 0.7045
Time Consumption for one epoch is 8.991570949554443s
======================================= Epoch 17 =======================================
================= Test Set =================
+++++++++++ Find New Best Min ACC +++++++++++
The acc is 0.6818, 0.5455, 0.7159
Time Consumption for one epoch is 8.475463628768921s
======================================= Epoch 18 =======================================
================= Test Set =================
The acc is 0.6818, 0.5455, 0.7159
Time Consumption for one epoch is 7.359585762023926s
======================================= Epoch 19 =======================================
================= Test Set =================
The acc is 0.6818, 0.5455, 0.7159
Time Consumption for one epoch is 8.146421909332275s
The final acc is 0.6818, 0.5455, 0.7159
