Namespace(data_dir='/data/yihua/dataset/celeba/celeba.hdf5', result_dir='rotation_study', checkpoint=None, resume=False, domain_attrs='Male', target_attrs='Blond_Hair', exp_name=None, batch_size=512, lr=0.0001, wd=2e-05, epochs=20, seed=2022, num_workers=8, arch='resnet18', evaluate=False, total_num=5000, test_num=1000, gv=150.0, gr=0.1, minor_ratio=0.2, add_aug='rotation')
======================================= Epoch 0 =======================================
================= Test Set =================
+++++++++++ Find New Best Min ACC +++++++++++
The acc is 0.4731, 0.4256, 0.5140
Time Consumption for one epoch is 22.379059314727783s
======================================= Epoch 1 =======================================
================= Test Set =================
+++++++++++ Find New Best Min ACC +++++++++++
The acc is 0.5376, 0.5814, 0.5000
Time Consumption for one epoch is 19.780718564987183s
======================================= Epoch 2 =======================================
================= Test Set =================
The acc is 0.5376, 0.5814, 0.5000
Time Consumption for one epoch is 20.32591462135315s
======================================= Epoch 3 =======================================
================= Test Set =================
+++++++++++ Find New Best Min ACC +++++++++++
The acc is 0.5849, 0.6209, 0.5540
Time Consumption for one epoch is 18.78971219062805s
======================================= Epoch 4 =======================================
================= Test Set =================
The acc is 0.5849, 0.6209, 0.5540
Time Consumption for one epoch is 18.575687646865845s
======================================= Epoch 5 =======================================
================= Test Set =================
+++++++++++ Find New Best Min ACC +++++++++++
The acc is 0.8323, 0.7930, 0.8660
Time Consumption for one epoch is 20.934028148651123s
======================================= Epoch 6 =======================================
================= Test Set =================
+++++++++++ Find New Best Min ACC +++++++++++
The acc is 0.8559, 0.8209, 0.8860
Time Consumption for one epoch is 19.346858263015747s
======================================= Epoch 7 =======================================
================= Test Set =================
The acc is 0.8559, 0.8209, 0.8860
Time Consumption for one epoch is 18.74256920814514s
======================================= Epoch 8 =======================================
================= Test Set =================
The acc is 0.8559, 0.8209, 0.8860
Time Consumption for one epoch is 20.830801010131836s
======================================= Epoch 9 =======================================
================= Test Set =================
The acc is 0.8559, 0.8209, 0.8860
Time Consumption for one epoch is 20.002424478530884s
======================================= Epoch 10 =======================================
================= Test Set =================
The acc is 0.8559, 0.8209, 0.8860
Time Consumption for one epoch is 19.431031465530396s
======================================= Epoch 11 =======================================
================= Test Set =================
+++++++++++ Find New Best Min ACC +++++++++++
The acc is 0.8796, 0.8628, 0.8940
Time Consumption for one epoch is 20.86306095123291s
======================================= Epoch 12 =======================================
================= Test Set =================
The acc is 0.8796, 0.8628, 0.8940
Time Consumption for one epoch is 21.317692518234253s
======================================= Epoch 13 =======================================
================= Test Set =================
+++++++++++ Find New Best Min ACC +++++++++++
The acc is 0.8849, 0.8581, 0.9080
Time Consumption for one epoch is 18.714011430740356s
======================================= Epoch 14 =======================================
================= Test Set =================
The acc is 0.8849, 0.8581, 0.9080
Time Consumption for one epoch is 18.643989324569702s
======================================= Epoch 15 =======================================
================= Test Set =================
The acc is 0.8849, 0.8581, 0.9080
Time Consumption for one epoch is 18.454665184020996s
======================================= Epoch 16 =======================================
================= Test Set =================
+++++++++++ Find New Best Min ACC +++++++++++
The acc is 0.8935, 0.8837, 0.9020
Time Consumption for one epoch is 20.062838315963745s
======================================= Epoch 17 =======================================
================= Test Set =================
+++++++++++ Find New Best Min ACC +++++++++++
The acc is 0.8946, 0.8907, 0.8980
Time Consumption for one epoch is 19.053483724594116s
======================================= Epoch 18 =======================================
================= Test Set =================
+++++++++++ Find New Best Min ACC +++++++++++
The acc is 0.8968, 0.8930, 0.9000
Time Consumption for one epoch is 20.076849460601807s
======================================= Epoch 19 =======================================
================= Test Set =================
+++++++++++ Find New Best Min ACC +++++++++++
The acc is 0.8989, 0.8930, 0.9040
Time Consumption for one epoch is 19.348122596740723s
The final acc is 0.8989, 0.8930, 0.9040
