Namespace(data_dir='/data/yihua/dataset/celeba/celeba.hdf5', result_dir='results', checkpoint=None, resume=False, domain_attrs='Male', target_attrs='Heavy_Makeup', exp_name=None, batch_size=512, lr=0.0001, wd=2e-05, epochs=20, seed=42, num_workers=8, arch='resnet9', evaluate=False, gv=0.2, gr=0.1)
======================================= Epoch 0 =======================================
================= Test Set =================
+++++++++++ Find New Best Min ACC +++++++++++
The acc is 0.5000, 0.5000, 0.5000
Time Consumption for one epoch is 9.136830806732178s
======================================= Epoch 1 =======================================
================= Test Set =================
The acc is 0.5000, 0.5000, 0.5000
Time Consumption for one epoch is 8.210508346557617s
======================================= Epoch 2 =======================================
================= Test Set =================
The acc is 0.5000, 0.5000, 0.5000
Time Consumption for one epoch is 8.450806856155396s
======================================= Epoch 3 =======================================
================= Test Set =================
The acc is 0.5000, 0.5000, 0.5000
Time Consumption for one epoch is 8.4043550491333s
======================================= Epoch 4 =======================================
================= Test Set =================
The acc is 0.5000, 0.5000, 0.5000
Time Consumption for one epoch is 8.440415382385254s
======================================= Epoch 5 =======================================
================= Test Set =================
+++++++++++ Find New Best Min ACC +++++++++++
The acc is 0.5045, 0.5227, 0.5000
Time Consumption for one epoch is 8.473970174789429s
======================================= Epoch 6 =======================================
================= Test Set =================
+++++++++++ Find New Best Min ACC +++++++++++
The acc is 0.5091, 0.5455, 0.5000
Time Consumption for one epoch is 8.034840106964111s
======================================= Epoch 7 =======================================
================= Test Set =================
+++++++++++ Find New Best Min ACC +++++++++++
The acc is 0.5136, 0.5227, 0.5114
Time Consumption for one epoch is 8.487681865692139s
======================================= Epoch 8 =======================================
================= Test Set =================
+++++++++++ Find New Best Min ACC +++++++++++
The acc is 0.6045, 0.5227, 0.6250
Time Consumption for one epoch is 8.068291664123535s
======================================= Epoch 9 =======================================
================= Test Set =================
+++++++++++ Find New Best Min ACC +++++++++++
The acc is 0.6227, 0.5909, 0.6307
Time Consumption for one epoch is 8.025794982910156s
======================================= Epoch 10 =======================================
================= Test Set =================
+++++++++++ Find New Best Min ACC +++++++++++
The acc is 0.6273, 0.5455, 0.6477
Time Consumption for one epoch is 8.607528924942017s
======================================= Epoch 11 =======================================
================= Test Set =================
The acc is 0.6273, 0.5455, 0.6477
Time Consumption for one epoch is 8.2065589427948s
======================================= Epoch 12 =======================================
================= Test Set =================
+++++++++++ Find New Best Min ACC +++++++++++
The acc is 0.6364, 0.5909, 0.6477
Time Consumption for one epoch is 8.116537809371948s
======================================= Epoch 13 =======================================
================= Test Set =================
The acc is 0.6364, 0.5909, 0.6477
Time Consumption for one epoch is 7.740672826766968s
======================================= Epoch 14 =======================================
================= Test Set =================
+++++++++++ Find New Best Min ACC +++++++++++
The acc is 0.6455, 0.5000, 0.6818
Time Consumption for one epoch is 8.706483840942383s
======================================= Epoch 15 =======================================
================= Test Set =================
+++++++++++ Find New Best Min ACC +++++++++++
The acc is 0.6773, 0.5909, 0.6989
Time Consumption for one epoch is 8.507291316986084s
======================================= Epoch 16 =======================================
================= Test Set =================
+++++++++++ Find New Best Min ACC +++++++++++
The acc is 0.6818, 0.5909, 0.7045
Time Consumption for one epoch is 8.49851942062378s
======================================= Epoch 17 =======================================
================= Test Set =================
The acc is 0.6818, 0.5909, 0.7045
Time Consumption for one epoch is 7.545560121536255s
======================================= Epoch 18 =======================================
================= Test Set =================
The acc is 0.6818, 0.5909, 0.7045
Time Consumption for one epoch is 8.76222538948059s
======================================= Epoch 19 =======================================
================= Test Set =================
The acc is 0.6818, 0.5909, 0.7045
Time Consumption for one epoch is 7.004366397857666s
The final acc is 0.6818, 0.5909, 0.7045
