Namespace(data_dir='/data/yihua/dataset/celeba/celeba.hdf5', result_dir='results', checkpoint=None, resume=False, domain_attrs='Male', target_attrs='Blond_Hair', exp_name=None, batch_size=512, lr=0.0001, wd=2e-05, epochs=20, seed=2022, num_workers=8, arch='resnet9', evaluate=False, gv=0.001, gr=0.1)
======================================= Epoch 0 =======================================
================= Test Set =================
+++++++++++ Find New Best Min ACC +++++++++++
The acc is 0.5761, 0.5306, 0.5875
Time Consumption for one epoch is 26.403120756149292s
======================================= Epoch 1 =======================================
================= Test Set =================
+++++++++++ Find New Best Min ACC +++++++++++
The acc is 0.8461, 0.7917, 0.8597
Time Consumption for one epoch is 23.488776206970215s
======================================= Epoch 2 =======================================
================= Test Set =================
+++++++++++ Find New Best Min ACC +++++++++++
The acc is 0.8639, 0.8000, 0.8799
Time Consumption for one epoch is 24.54863405227661s
======================================= Epoch 3 =======================================
================= Test Set =================
+++++++++++ Find New Best Min ACC +++++++++++
The acc is 0.9028, 0.8583, 0.9139
Time Consumption for one epoch is 22.601816415786743s
======================================= Epoch 4 =======================================
================= Test Set =================
The acc is 0.9028, 0.8583, 0.9139
Time Consumption for one epoch is 25.544549465179443s
======================================= Epoch 5 =======================================
================= Test Set =================
+++++++++++ Find New Best Min ACC +++++++++++
The acc is 0.9089, 0.8861, 0.9146
Time Consumption for one epoch is 24.755882501602173s
======================================= Epoch 6 =======================================
================= Test Set =================
The acc is 0.9089, 0.8861, 0.9146
Time Consumption for one epoch is 23.162923336029053s
======================================= Epoch 7 =======================================
================= Test Set =================
The acc is 0.9089, 0.8861, 0.9146
Time Consumption for one epoch is 24.59749412536621s
======================================= Epoch 8 =======================================
================= Test Set =================
The acc is 0.9089, 0.8861, 0.9146
Time Consumption for one epoch is 24.223483324050903s
======================================= Epoch 9 =======================================
================= Test Set =================
The acc is 0.9089, 0.8861, 0.9146
Time Consumption for one epoch is 24.336182117462158s
======================================= Epoch 10 =======================================
================= Test Set =================
+++++++++++ Find New Best Min ACC +++++++++++
The acc is 0.9161, 0.8917, 0.9222
Time Consumption for one epoch is 23.028037309646606s
======================================= Epoch 11 =======================================
================= Test Set =================
The acc is 0.9161, 0.8917, 0.9222
Time Consumption for one epoch is 24.63807225227356s
======================================= Epoch 12 =======================================
================= Test Set =================
The acc is 0.9161, 0.8917, 0.9222
Time Consumption for one epoch is 24.473835229873657s
======================================= Epoch 13 =======================================
================= Test Set =================
The acc is 0.9161, 0.8917, 0.9222
Time Consumption for one epoch is 24.244423866271973s
======================================= Epoch 14 =======================================
================= Test Set =================
The acc is 0.9161, 0.8917, 0.9222
Time Consumption for one epoch is 23.93209719657898s
======================================= Epoch 15 =======================================
================= Test Set =================
The acc is 0.9161, 0.8917, 0.9222
Time Consumption for one epoch is 23.719942808151245s
======================================= Epoch 16 =======================================
================= Test Set =================
+++++++++++ Find New Best Min ACC +++++++++++
The acc is 0.9200, 0.8944, 0.9264
Time Consumption for one epoch is 23.335904121398926s
======================================= Epoch 17 =======================================
================= Test Set =================
+++++++++++ Find New Best Min ACC +++++++++++
The acc is 0.9239, 0.9111, 0.9271
Time Consumption for one epoch is 23.056677103042603s
======================================= Epoch 18 =======================================
================= Test Set =================
The acc is 0.9239, 0.9111, 0.9271
Time Consumption for one epoch is 24.475509643554688s
======================================= Epoch 19 =======================================
================= Test Set =================
The acc is 0.9239, 0.9111, 0.9271
Time Consumption for one epoch is 24.495160818099976s
The final acc is 0.9239, 0.9111, 0.9271
