Namespace(data_dir='/data/yihua/dataset/celeba/celeba.hdf5', result_dir='crop_study', checkpoint=None, resume=False, domain_attrs='Male', target_attrs='Blond_Hair', exp_name=None, batch_size=512, lr=0.0001, wd=2e-05, epochs=20, seed=2022, num_workers=8, arch='resnet18', evaluate=False, total_num=5000, test_num=1000, gv=220.0, gr=0.5, minor_ratio=0.2, add_aug='crop')
======================================= Epoch 0 =======================================
================= Test Set =================
+++++++++++ Find New Best Min ACC +++++++++++
The acc is 0.5366, 0.5791, 0.5000
Time Consumption for one epoch is 22.25621509552002s
======================================= Epoch 1 =======================================
================= Test Set =================
+++++++++++ Find New Best Min ACC +++++++++++
The acc is 0.5376, 0.5814, 0.5000
Time Consumption for one epoch is 20.780077934265137s
======================================= Epoch 2 =======================================
================= Test Set =================
The acc is 0.5376, 0.5814, 0.5000
Time Consumption for one epoch is 21.593788146972656s
======================================= Epoch 3 =======================================
================= Test Set =================
+++++++++++ Find New Best Min ACC +++++++++++
The acc is 0.5634, 0.6047, 0.5280
Time Consumption for one epoch is 19.70208764076233s
======================================= Epoch 4 =======================================
================= Test Set =================
+++++++++++ Find New Best Min ACC +++++++++++
The acc is 0.8527, 0.8349, 0.8680
Time Consumption for one epoch is 20.958922386169434s
======================================= Epoch 5 =======================================
================= Test Set =================
The acc is 0.8527, 0.8349, 0.8680
Time Consumption for one epoch is 20.63135290145874s
======================================= Epoch 6 =======================================
================= Test Set =================
+++++++++++ Find New Best Min ACC +++++++++++
The acc is 0.8645, 0.8302, 0.8940
Time Consumption for one epoch is 20.60337996482849s
======================================= Epoch 7 =======================================
================= Test Set =================
+++++++++++ Find New Best Min ACC +++++++++++
The acc is 0.8742, 0.8512, 0.8940
Time Consumption for one epoch is 22.66109013557434s
======================================= Epoch 8 =======================================
================= Test Set =================
+++++++++++ Find New Best Min ACC +++++++++++
The acc is 0.8914, 0.8721, 0.9080
Time Consumption for one epoch is 21.203749418258667s
======================================= Epoch 9 =======================================
================= Test Set =================
The acc is 0.8914, 0.8721, 0.9080
Time Consumption for one epoch is 20.22049880027771s
======================================= Epoch 10 =======================================
================= Test Set =================
The acc is 0.8914, 0.8721, 0.9080
Time Consumption for one epoch is 21.440654754638672s
======================================= Epoch 11 =======================================
================= Test Set =================
The acc is 0.8914, 0.8721, 0.9080
Time Consumption for one epoch is 20.298550605773926s
======================================= Epoch 12 =======================================
================= Test Set =================
The acc is 0.8914, 0.8721, 0.9080
Time Consumption for one epoch is 20.881057024002075s
======================================= Epoch 13 =======================================
================= Test Set =================
The acc is 0.8914, 0.8721, 0.9080
Time Consumption for one epoch is 20.095027685165405s
======================================= Epoch 14 =======================================
================= Test Set =================
The acc is 0.8914, 0.8721, 0.9080
Time Consumption for one epoch is 21.63477873802185s
======================================= Epoch 15 =======================================
================= Test Set =================
The acc is 0.8914, 0.8721, 0.9080
Time Consumption for one epoch is 19.20889449119568s
======================================= Epoch 16 =======================================
================= Test Set =================
The acc is 0.8914, 0.8721, 0.9080
Time Consumption for one epoch is 20.836355686187744s
======================================= Epoch 17 =======================================
================= Test Set =================
+++++++++++ Find New Best Min ACC +++++++++++
The acc is 0.8935, 0.8791, 0.9060
Time Consumption for one epoch is 21.762043476104736s
======================================= Epoch 18 =======================================
================= Test Set =================
+++++++++++ Find New Best Min ACC +++++++++++
The acc is 0.8946, 0.8791, 0.9080
Time Consumption for one epoch is 19.77078604698181s
======================================= Epoch 19 =======================================
================= Test Set =================
+++++++++++ Find New Best Min ACC +++++++++++
The acc is 0.8957, 0.8767, 0.9120
Time Consumption for one epoch is 21.308040142059326s
The final acc is 0.8957, 0.8767, 0.9120
