Namespace(data_dir='/data/yihua/dataset/celeba/celeba.hdf5', result_dir='crop_study', checkpoint=None, resume=False, domain_attrs='Male', target_attrs='Blond_Hair', exp_name=None, batch_size=512, lr=0.0001, wd=2e-05, epochs=20, seed=2020, num_workers=8, arch='resnet9', evaluate=False, total_num=5000, test_num=1000, gv=180.0, gr=0.3, minor_ratio=0.2, add_aug='crop')
======================================= Epoch 0 =======================================
================= Test Set =================
+++++++++++ Find New Best Min ACC +++++++++++
The acc is 0.4624, 0.4186, 0.5000
Time Consumption for one epoch is 16.24249839782715s
======================================= Epoch 1 =======================================
================= Test Set =================
+++++++++++ Find New Best Min ACC +++++++++++
The acc is 0.4656, 0.4209, 0.5040
Time Consumption for one epoch is 14.63545846939087s
======================================= Epoch 2 =======================================
================= Test Set =================
+++++++++++ Find New Best Min ACC +++++++++++
The acc is 0.7602, 0.7465, 0.7720
Time Consumption for one epoch is 14.611977815628052s
======================================= Epoch 3 =======================================
================= Test Set =================
+++++++++++ Find New Best Min ACC +++++++++++
The acc is 0.8409, 0.8070, 0.8700
Time Consumption for one epoch is 14.792347192764282s
======================================= Epoch 4 =======================================
================= Test Set =================
+++++++++++ Find New Best Min ACC +++++++++++
The acc is 0.8645, 0.8488, 0.8780
Time Consumption for one epoch is 14.503207683563232s
======================================= Epoch 5 =======================================
================= Test Set =================
+++++++++++ Find New Best Min ACC +++++++++++
The acc is 0.8774, 0.8581, 0.8940
Time Consumption for one epoch is 14.471122026443481s
======================================= Epoch 6 =======================================
================= Test Set =================
The acc is 0.8774, 0.8581, 0.8940
Time Consumption for one epoch is 14.748051404953003s
======================================= Epoch 7 =======================================
================= Test Set =================
The acc is 0.8774, 0.8581, 0.8940
Time Consumption for one epoch is 14.693763732910156s
======================================= Epoch 8 =======================================
================= Test Set =================
The acc is 0.8774, 0.8581, 0.8940
Time Consumption for one epoch is 14.396040439605713s
======================================= Epoch 9 =======================================
================= Test Set =================
The acc is 0.8774, 0.8581, 0.8940
Time Consumption for one epoch is 14.929291009902954s
======================================= Epoch 10 =======================================
================= Test Set =================
+++++++++++ Find New Best Min ACC +++++++++++
The acc is 0.8914, 0.8791, 0.9020
Time Consumption for one epoch is 14.59368109703064s
======================================= Epoch 11 =======================================
================= Test Set =================
The acc is 0.8914, 0.8791, 0.9020
Time Consumption for one epoch is 14.219081163406372s
======================================= Epoch 12 =======================================
================= Test Set =================
The acc is 0.8914, 0.8791, 0.9020
Time Consumption for one epoch is 13.960238695144653s
======================================= Epoch 13 =======================================
================= Test Set =================
The acc is 0.8914, 0.8791, 0.9020
Time Consumption for one epoch is 14.662118434906006s
======================================= Epoch 14 =======================================
================= Test Set =================
The acc is 0.8914, 0.8791, 0.9020
Time Consumption for one epoch is 14.264615774154663s
======================================= Epoch 15 =======================================
================= Test Set =================
The acc is 0.8914, 0.8791, 0.9020
Time Consumption for one epoch is 14.352083444595337s
======================================= Epoch 16 =======================================
================= Test Set =================
+++++++++++ Find New Best Min ACC +++++++++++
The acc is 0.8978, 0.8744, 0.9180
Time Consumption for one epoch is 14.401636600494385s
======================================= Epoch 17 =======================================
================= Test Set =================
+++++++++++ Find New Best Min ACC +++++++++++
The acc is 0.8989, 0.8837, 0.9120
Time Consumption for one epoch is 14.629318952560425s
======================================= Epoch 18 =======================================
================= Test Set =================
+++++++++++ Find New Best Min ACC +++++++++++
The acc is 0.9000, 0.8837, 0.9140
Time Consumption for one epoch is 15.29109263420105s
======================================= Epoch 19 =======================================
================= Test Set =================
The acc is 0.9000, 0.8837, 0.9140
Time Consumption for one epoch is 14.804664373397827s
The final acc is 0.9000, 0.8837, 0.9140
