Namespace(data_dir='/data/yihua/dataset/celeba/celeba.hdf5', result_dir='results', checkpoint=None, resume=False, domain_attrs='Male', target_attrs='Blond_Hair', exp_name=None, batch_size=512, lr=0.0001, wd=2e-05, epochs=20, seed=2022, num_workers=8, arch='resnet9', evaluate=False, gv=10.0, gr=0.5)
======================================= Epoch 0 =======================================
================= Test Set =================
+++++++++++ Find New Best Min ACC +++++++++++
The acc is 0.8511, 0.7972, 0.8646
Time Consumption for one epoch is 25.837675094604492s
======================================= Epoch 1 =======================================
================= Test Set =================
+++++++++++ Find New Best Min ACC +++++++++++
The acc is 0.8667, 0.8250, 0.8771
Time Consumption for one epoch is 26.17979907989502s
======================================= Epoch 2 =======================================
================= Test Set =================
+++++++++++ Find New Best Min ACC +++++++++++
The acc is 0.8694, 0.8111, 0.8840
Time Consumption for one epoch is 26.04532480239868s
======================================= Epoch 3 =======================================
================= Test Set =================
The acc is 0.8694, 0.8111, 0.8840
Time Consumption for one epoch is 25.52251696586609s
======================================= Epoch 4 =======================================
================= Test Set =================
+++++++++++ Find New Best Min ACC +++++++++++
The acc is 0.8983, 0.8722, 0.9049
Time Consumption for one epoch is 25.853962421417236s
======================================= Epoch 5 =======================================
================= Test Set =================
The acc is 0.8983, 0.8722, 0.9049
Time Consumption for one epoch is 24.814449071884155s
======================================= Epoch 6 =======================================
================= Test Set =================
+++++++++++ Find New Best Min ACC +++++++++++
The acc is 0.9017, 0.8778, 0.9076
Time Consumption for one epoch is 24.83826494216919s
======================================= Epoch 7 =======================================
================= Test Set =================
+++++++++++ Find New Best Min ACC +++++++++++
The acc is 0.9022, 0.8889, 0.9056
Time Consumption for one epoch is 26.199517488479614s
======================================= Epoch 8 =======================================
================= Test Set =================
+++++++++++ Find New Best Min ACC +++++++++++
The acc is 0.9061, 0.8750, 0.9139
Time Consumption for one epoch is 25.95228338241577s
======================================= Epoch 9 =======================================
================= Test Set =================
+++++++++++ Find New Best Min ACC +++++++++++
The acc is 0.9089, 0.8861, 0.9146
Time Consumption for one epoch is 25.47716236114502s
======================================= Epoch 10 =======================================
================= Test Set =================
+++++++++++ Find New Best Min ACC +++++++++++
The acc is 0.9111, 0.9028, 0.9132
Time Consumption for one epoch is 25.773505210876465s
======================================= Epoch 11 =======================================
================= Test Set =================
+++++++++++ Find New Best Min ACC +++++++++++
The acc is 0.9133, 0.9028, 0.9160
Time Consumption for one epoch is 26.796058177947998s
======================================= Epoch 12 =======================================
================= Test Set =================
The acc is 0.9133, 0.9028, 0.9160
Time Consumption for one epoch is 25.885420560836792s
======================================= Epoch 13 =======================================
================= Test Set =================
The acc is 0.9133, 0.9028, 0.9160
Time Consumption for one epoch is 25.109699964523315s
======================================= Epoch 14 =======================================
================= Test Set =================
The acc is 0.9133, 0.9028, 0.9160
Time Consumption for one epoch is 25.486814498901367s
======================================= Epoch 15 =======================================
================= Test Set =================
The acc is 0.9133, 0.9028, 0.9160
Time Consumption for one epoch is 24.98381781578064s
======================================= Epoch 16 =======================================
================= Test Set =================
+++++++++++ Find New Best Min ACC +++++++++++
The acc is 0.9189, 0.9028, 0.9229
Time Consumption for one epoch is 26.22404456138611s
======================================= Epoch 17 =======================================
================= Test Set =================
The acc is 0.9189, 0.9028, 0.9229
Time Consumption for one epoch is 24.552186250686646s
======================================= Epoch 18 =======================================
================= Test Set =================
The acc is 0.9189, 0.9028, 0.9229
Time Consumption for one epoch is 25.139357566833496s
======================================= Epoch 19 =======================================
================= Test Set =================
The acc is 0.9189, 0.9028, 0.9229
Time Consumption for one epoch is 25.70209503173828s
The final acc is 0.9189, 0.9028, 0.9229
