Namespace(data_dir='/data/yihua/dataset/celeba/celeba.hdf5', result_dir='rotation_study', checkpoint=None, resume=False, domain_attrs='Male', target_attrs='Blond_Hair', exp_name=None, batch_size=512, lr=0.0001, wd=2e-05, epochs=20, seed=2020, num_workers=8, arch='resnet9', evaluate=False, total_num=5000, test_num=1000, gv=120.0, gr=0.5, minor_ratio=0.2, add_aug='rotation')
======================================= Epoch 0 =======================================
================= Test Set =================
+++++++++++ Find New Best Min ACC +++++++++++
The acc is 0.4624, 0.4186, 0.5000
Time Consumption for one epoch is 16.671478748321533s
======================================= Epoch 1 =======================================
================= Test Set =================
+++++++++++ Find New Best Min ACC +++++++++++
The acc is 0.4699, 0.4279, 0.5060
Time Consumption for one epoch is 14.829567193984985s
======================================= Epoch 2 =======================================
================= Test Set =================
+++++++++++ Find New Best Min ACC +++++++++++
The acc is 0.6839, 0.6512, 0.7120
Time Consumption for one epoch is 15.076551675796509s
======================================= Epoch 3 =======================================
================= Test Set =================
+++++++++++ Find New Best Min ACC +++++++++++
The acc is 0.7871, 0.7674, 0.8040
Time Consumption for one epoch is 15.144769191741943s
======================================= Epoch 4 =======================================
================= Test Set =================
+++++++++++ Find New Best Min ACC +++++++++++
The acc is 0.8075, 0.7535, 0.8540
Time Consumption for one epoch is 15.391269445419312s
======================================= Epoch 5 =======================================
================= Test Set =================
+++++++++++ Find New Best Min ACC +++++++++++
The acc is 0.8570, 0.8302, 0.8800
Time Consumption for one epoch is 15.474555730819702s
======================================= Epoch 6 =======================================
================= Test Set =================
The acc is 0.8570, 0.8302, 0.8800
Time Consumption for one epoch is 15.094694375991821s
======================================= Epoch 7 =======================================
================= Test Set =================
+++++++++++ Find New Best Min ACC +++++++++++
The acc is 0.8860, 0.8721, 0.8980
Time Consumption for one epoch is 15.432990074157715s
======================================= Epoch 8 =======================================
================= Test Set =================
+++++++++++ Find New Best Min ACC +++++++++++
The acc is 0.8925, 0.8837, 0.9000
Time Consumption for one epoch is 15.038626670837402s
======================================= Epoch 9 =======================================
================= Test Set =================
The acc is 0.8925, 0.8837, 0.9000
Time Consumption for one epoch is 14.805432081222534s
======================================= Epoch 10 =======================================
================= Test Set =================
The acc is 0.8925, 0.8837, 0.9000
Time Consumption for one epoch is 14.843695402145386s
======================================= Epoch 11 =======================================
================= Test Set =================
The acc is 0.8925, 0.8837, 0.9000
Time Consumption for one epoch is 14.47514033317566s
======================================= Epoch 12 =======================================
================= Test Set =================
The acc is 0.8925, 0.8837, 0.9000
Time Consumption for one epoch is 14.391156673431396s
======================================= Epoch 13 =======================================
================= Test Set =================
+++++++++++ Find New Best Min ACC +++++++++++
The acc is 0.9000, 0.8930, 0.9060
Time Consumption for one epoch is 15.535708904266357s
======================================= Epoch 14 =======================================
================= Test Set =================
The acc is 0.9000, 0.8930, 0.9060
Time Consumption for one epoch is 14.761133193969727s
======================================= Epoch 15 =======================================
================= Test Set =================
The acc is 0.9000, 0.8930, 0.9060
Time Consumption for one epoch is 15.049619436264038s
======================================= Epoch 16 =======================================
================= Test Set =================
+++++++++++ Find New Best Min ACC +++++++++++
The acc is 0.9022, 0.8767, 0.9240
Time Consumption for one epoch is 15.198975563049316s
======================================= Epoch 17 =======================================
================= Test Set =================
+++++++++++ Find New Best Min ACC +++++++++++
The acc is 0.9032, 0.8837, 0.9200
Time Consumption for one epoch is 14.784048080444336s
======================================= Epoch 18 =======================================
================= Test Set =================
The acc is 0.9032, 0.8837, 0.9200
Time Consumption for one epoch is 15.166810035705566s
======================================= Epoch 19 =======================================
================= Test Set =================
The acc is 0.9032, 0.8837, 0.9200
Time Consumption for one epoch is 13.958762407302856s
The final acc is 0.9032, 0.8837, 0.9200
