Namespace(data_dir='/data/yihua/dataset/celeba/celeba.hdf5', result_dir='rotation_study', checkpoint=None, resume=False, domain_attrs='Male', target_attrs='Blond_Hair', exp_name=None, batch_size=512, lr=0.0001, wd=2e-05, epochs=20, seed=2022, num_workers=8, arch='resnet18', evaluate=False, total_num=5000, test_num=1000, gv=0.0, gr=0.5, minor_ratio=0.2, add_aug='rotation')
======================================= Epoch 0 =======================================
================= Test Set =================
+++++++++++ Find New Best Min ACC +++++++++++
The acc is 0.5376, 0.5814, 0.5000
Time Consumption for one epoch is 23.065364599227905s
======================================= Epoch 1 =======================================
================= Test Set =================
The acc is 0.5376, 0.5814, 0.5000
Time Consumption for one epoch is 20.187121152877808s
======================================= Epoch 2 =======================================
================= Test Set =================
The acc is 0.5376, 0.5814, 0.5000
Time Consumption for one epoch is 21.453480005264282s
======================================= Epoch 3 =======================================
================= Test Set =================
+++++++++++ Find New Best Min ACC +++++++++++
The acc is 0.5634, 0.6047, 0.5280
Time Consumption for one epoch is 20.27552103996277s
======================================= Epoch 4 =======================================
================= Test Set =================
+++++++++++ Find New Best Min ACC +++++++++++
The acc is 0.8118, 0.8023, 0.8200
Time Consumption for one epoch is 20.351985454559326s
======================================= Epoch 5 =======================================
================= Test Set =================
+++++++++++ Find New Best Min ACC +++++++++++
The acc is 0.8645, 0.8349, 0.8900
Time Consumption for one epoch is 20.656947135925293s
======================================= Epoch 6 =======================================
================= Test Set =================
+++++++++++ Find New Best Min ACC +++++++++++
The acc is 0.8699, 0.8419, 0.8940
Time Consumption for one epoch is 20.957698583602905s
======================================= Epoch 7 =======================================
================= Test Set =================
+++++++++++ Find New Best Min ACC +++++++++++
The acc is 0.8849, 0.8791, 0.8900
Time Consumption for one epoch is 21.488662242889404s
======================================= Epoch 8 =======================================
================= Test Set =================
The acc is 0.8849, 0.8791, 0.8900
Time Consumption for one epoch is 21.08563733100891s
======================================= Epoch 9 =======================================
================= Test Set =================
The acc is 0.8849, 0.8791, 0.8900
Time Consumption for one epoch is 21.490660429000854s
======================================= Epoch 10 =======================================
================= Test Set =================
The acc is 0.8849, 0.8791, 0.8900
Time Consumption for one epoch is 21.13375186920166s
======================================= Epoch 11 =======================================
================= Test Set =================
The acc is 0.8849, 0.8791, 0.8900
Time Consumption for one epoch is 20.124350547790527s
======================================= Epoch 12 =======================================
================= Test Set =================
The acc is 0.8849, 0.8791, 0.8900
Time Consumption for one epoch is 22.253122568130493s
======================================= Epoch 13 =======================================
================= Test Set =================
The acc is 0.8849, 0.8791, 0.8900
Time Consumption for one epoch is 21.34796929359436s
======================================= Epoch 14 =======================================
================= Test Set =================
+++++++++++ Find New Best Min ACC +++++++++++
The acc is 0.8968, 0.8814, 0.9100
Time Consumption for one epoch is 20.371023178100586s
======================================= Epoch 15 =======================================
================= Test Set =================
The acc is 0.8968, 0.8814, 0.9100
Time Consumption for one epoch is 22.33372712135315s
======================================= Epoch 16 =======================================
================= Test Set =================
The acc is 0.8968, 0.8814, 0.9100
Time Consumption for one epoch is 21.935232400894165s
======================================= Epoch 17 =======================================
================= Test Set =================
The acc is 0.8968, 0.8814, 0.9100
Time Consumption for one epoch is 23.141873836517334s
======================================= Epoch 18 =======================================
================= Test Set =================
The acc is 0.8968, 0.8814, 0.9100
Time Consumption for one epoch is 21.29172420501709s
======================================= Epoch 19 =======================================
================= Test Set =================
The acc is 0.8968, 0.8814, 0.9100
Time Consumption for one epoch is 21.19510316848755s
The final acc is 0.8968, 0.8814, 0.9100
