Namespace(data_dir='/data/yihua/dataset/celeba/celeba.hdf5', result_dir='rotation_study', checkpoint=None, resume=False, domain_attrs='Male', target_attrs='Blond_Hair', exp_name=None, batch_size=512, lr=0.0001, wd=2e-05, epochs=20, seed=2021, num_workers=8, arch='resnet18', evaluate=False, total_num=5000, test_num=1000, gv=60.0, gr=0.5, minor_ratio=0.2, add_aug='rotation')
======================================= Epoch 0 =======================================
================= Test Set =================
+++++++++++ Find New Best Min ACC +++++++++++
The acc is 0.4624, 0.4186, 0.5000
Time Consumption for one epoch is 24.39707350730896s
======================================= Epoch 1 =======================================
================= Test Set =================
+++++++++++ Find New Best Min ACC +++++++++++
The acc is 0.5387, 0.5814, 0.5020
Time Consumption for one epoch is 20.007261991500854s
======================================= Epoch 2 =======================================
================= Test Set =================
The acc is 0.5387, 0.5814, 0.5020
Time Consumption for one epoch is 20.173377513885498s
======================================= Epoch 3 =======================================
================= Test Set =================
The acc is 0.5387, 0.5814, 0.5020
Time Consumption for one epoch is 21.726038694381714s
======================================= Epoch 4 =======================================
================= Test Set =================
+++++++++++ Find New Best Min ACC +++++++++++
The acc is 0.7344, 0.7279, 0.7400
Time Consumption for one epoch is 20.40571093559265s
======================================= Epoch 5 =======================================
================= Test Set =================
+++++++++++ Find New Best Min ACC +++++++++++
The acc is 0.8699, 0.8395, 0.8960
Time Consumption for one epoch is 20.746778964996338s
======================================= Epoch 6 =======================================
================= Test Set =================
The acc is 0.8699, 0.8395, 0.8960
Time Consumption for one epoch is 20.629472255706787s
======================================= Epoch 7 =======================================
================= Test Set =================
+++++++++++ Find New Best Min ACC +++++++++++
The acc is 0.8785, 0.8558, 0.8980
Time Consumption for one epoch is 21.379173040390015s
======================================= Epoch 8 =======================================
================= Test Set =================
The acc is 0.8785, 0.8558, 0.8980
Time Consumption for one epoch is 21.442386627197266s
======================================= Epoch 9 =======================================
================= Test Set =================
The acc is 0.8785, 0.8558, 0.8980
Time Consumption for one epoch is 19.89067578315735s
======================================= Epoch 10 =======================================
================= Test Set =================
The acc is 0.8785, 0.8558, 0.8980
Time Consumption for one epoch is 20.41303515434265s
======================================= Epoch 11 =======================================
================= Test Set =================
The acc is 0.8785, 0.8558, 0.8980
Time Consumption for one epoch is 20.905269384384155s
======================================= Epoch 12 =======================================
================= Test Set =================
The acc is 0.8785, 0.8558, 0.8980
Time Consumption for one epoch is 20.664549827575684s
======================================= Epoch 13 =======================================
================= Test Set =================
The acc is 0.8785, 0.8558, 0.8980
Time Consumption for one epoch is 21.24852180480957s
======================================= Epoch 14 =======================================
================= Test Set =================
The acc is 0.8785, 0.8558, 0.8980
Time Consumption for one epoch is 21.582794666290283s
======================================= Epoch 15 =======================================
================= Test Set =================
+++++++++++ Find New Best Min ACC +++++++++++
The acc is 0.8806, 0.8512, 0.9060
Time Consumption for one epoch is 20.348198413848877s
======================================= Epoch 16 =======================================
================= Test Set =================
+++++++++++ Find New Best Min ACC +++++++++++
The acc is 0.8946, 0.8767, 0.9100
Time Consumption for one epoch is 20.464433193206787s
======================================= Epoch 17 =======================================
================= Test Set =================
The acc is 0.8946, 0.8767, 0.9100
Time Consumption for one epoch is 20.12113046646118s
======================================= Epoch 18 =======================================
================= Test Set =================
+++++++++++ Find New Best Min ACC +++++++++++
The acc is 0.9000, 0.8884, 0.9100
Time Consumption for one epoch is 20.845632791519165s
======================================= Epoch 19 =======================================
================= Test Set =================
The acc is 0.9000, 0.8884, 0.9100
Time Consumption for one epoch is 20.397166967391968s
The final acc is 0.9000, 0.8884, 0.9100
