Namespace(data_dir='/data/yihua/dataset/celeba/celeba.hdf5', result_dir='results', checkpoint=None, resume=False, domain_attrs='Male', target_attrs='Heavy_Makeup', exp_name=None, batch_size=512, lr=0.0001, wd=2e-05, epochs=20, seed=2024, num_workers=8, arch='resnet9', evaluate=False, gv=10.0, gr=0.1)
======================================= Epoch 0 =======================================
================= Test Set =================
+++++++++++ Find New Best Min ACC +++++++++++
The acc is 0.5000, 0.5000, 0.5000
Time Consumption for one epoch is 9.576375246047974s
======================================= Epoch 1 =======================================
================= Test Set =================
The acc is 0.5000, 0.5000, 0.5000
Time Consumption for one epoch is 8.338789701461792s
======================================= Epoch 2 =======================================
================= Test Set =================
+++++++++++ Find New Best Min ACC +++++++++++
The acc is 0.5227, 0.5227, 0.5227
Time Consumption for one epoch is 7.871772050857544s
======================================= Epoch 3 =======================================
================= Test Set =================
+++++++++++ Find New Best Min ACC +++++++++++
The acc is 0.5364, 0.4545, 0.5568
Time Consumption for one epoch is 7.382289886474609s
======================================= Epoch 4 =======================================
================= Test Set =================
+++++++++++ Find New Best Min ACC +++++++++++
The acc is 0.5409, 0.5909, 0.5284
Time Consumption for one epoch is 7.525315046310425s
======================================= Epoch 5 =======================================
================= Test Set =================
+++++++++++ Find New Best Min ACC +++++++++++
The acc is 0.6182, 0.5455, 0.6364
Time Consumption for one epoch is 8.962653398513794s
======================================= Epoch 6 =======================================
================= Test Set =================
The acc is 0.6182, 0.5455, 0.6364
Time Consumption for one epoch is 8.71705436706543s
======================================= Epoch 7 =======================================
================= Test Set =================
The acc is 0.6182, 0.5455, 0.6364
Time Consumption for one epoch is 7.61429500579834s
======================================= Epoch 8 =======================================
================= Test Set =================
The acc is 0.6182, 0.5455, 0.6364
Time Consumption for one epoch is 7.592918157577515s
======================================= Epoch 9 =======================================
================= Test Set =================
The acc is 0.6182, 0.5455, 0.6364
Time Consumption for one epoch is 7.424513101577759s
======================================= Epoch 10 =======================================
================= Test Set =================
The acc is 0.6182, 0.5455, 0.6364
Time Consumption for one epoch is 7.876572847366333s
======================================= Epoch 11 =======================================
================= Test Set =================
+++++++++++ Find New Best Min ACC +++++++++++
The acc is 0.6318, 0.5000, 0.6648
Time Consumption for one epoch is 9.298240900039673s
======================================= Epoch 12 =======================================
================= Test Set =================
The acc is 0.6318, 0.5000, 0.6648
Time Consumption for one epoch is 7.637646436691284s
======================================= Epoch 13 =======================================
================= Test Set =================
The acc is 0.6318, 0.5000, 0.6648
Time Consumption for one epoch is 7.707782983779907s
======================================= Epoch 14 =======================================
================= Test Set =================
The acc is 0.6318, 0.5000, 0.6648
Time Consumption for one epoch is 7.856893539428711s
======================================= Epoch 15 =======================================
================= Test Set =================
The acc is 0.6318, 0.5000, 0.6648
Time Consumption for one epoch is 7.904270172119141s
======================================= Epoch 16 =======================================
================= Test Set =================
The acc is 0.6318, 0.5000, 0.6648
Time Consumption for one epoch is 9.017064809799194s
======================================= Epoch 17 =======================================
================= Test Set =================
The acc is 0.6318, 0.5000, 0.6648
Time Consumption for one epoch is 7.82471227645874s
======================================= Epoch 18 =======================================
================= Test Set =================
The acc is 0.6318, 0.5000, 0.6648
Time Consumption for one epoch is 7.695938587188721s
======================================= Epoch 19 =======================================
================= Test Set =================
The acc is 0.6318, 0.5000, 0.6648
Time Consumption for one epoch is 7.164506673812866s
The final acc is 0.6318, 0.5000, 0.6648
