Namespace(data_dir='/data/yihua/dataset/celeba/celeba.hdf5', result_dir='results', checkpoint=None, resume=False, domain_attrs='Male', target_attrs='Blond_Hair', exp_name=None, batch_size=512, lr=0.0001, wd=2e-05, epochs=20, seed=2021, num_workers=8, arch='resnet18', evaluate=False, gv=10.0, gr=0.5)
======================================= Epoch 0 =======================================
================= Test Set =================
+++++++++++ Find New Best Min ACC +++++++++++
The acc is 0.8322, 0.8167, 0.8361
Time Consumption for one epoch is 48.32542562484741s
======================================= Epoch 1 =======================================
================= Test Set =================
The acc is 0.8322, 0.8167, 0.8361
Time Consumption for one epoch is 43.18079733848572s
======================================= Epoch 2 =======================================
================= Test Set =================
+++++++++++ Find New Best Min ACC +++++++++++
The acc is 0.8778, 0.8389, 0.8875
Time Consumption for one epoch is 45.10233235359192s
======================================= Epoch 3 =======================================
================= Test Set =================
+++++++++++ Find New Best Min ACC +++++++++++
The acc is 0.8967, 0.8611, 0.9056
Time Consumption for one epoch is 44.910300731658936s
======================================= Epoch 4 =======================================
================= Test Set =================
The acc is 0.8967, 0.8611, 0.9056
Time Consumption for one epoch is 43.23370003700256s
======================================= Epoch 5 =======================================
================= Test Set =================
+++++++++++ Find New Best Min ACC +++++++++++
The acc is 0.9011, 0.8556, 0.9125
Time Consumption for one epoch is 44.30200791358948s
======================================= Epoch 6 =======================================
================= Test Set =================
The acc is 0.9011, 0.8556, 0.9125
Time Consumption for one epoch is 45.40688443183899s
======================================= Epoch 7 =======================================
================= Test Set =================
+++++++++++ Find New Best Min ACC +++++++++++
The acc is 0.9183, 0.9083, 0.9208
Time Consumption for one epoch is 43.94121551513672s
======================================= Epoch 8 =======================================
================= Test Set =================
The acc is 0.9183, 0.9083, 0.9208
Time Consumption for one epoch is 44.48002552986145s
======================================= Epoch 9 =======================================
================= Test Set =================
The acc is 0.9183, 0.9083, 0.9208
Time Consumption for one epoch is 42.63328242301941s
======================================= Epoch 10 =======================================
================= Test Set =================
The acc is 0.9183, 0.9083, 0.9208
Time Consumption for one epoch is 44.5968542098999s
======================================= Epoch 11 =======================================
================= Test Set =================
The acc is 0.9183, 0.9083, 0.9208
Time Consumption for one epoch is 45.072016954422s
======================================= Epoch 12 =======================================
================= Test Set =================
The acc is 0.9183, 0.9083, 0.9208
Time Consumption for one epoch is 43.866862773895264s
======================================= Epoch 13 =======================================
================= Test Set =================
The acc is 0.9183, 0.9083, 0.9208
Time Consumption for one epoch is 42.88291931152344s
======================================= Epoch 14 =======================================
================= Test Set =================
The acc is 0.9183, 0.9083, 0.9208
Time Consumption for one epoch is 43.372135639190674s
======================================= Epoch 15 =======================================
================= Test Set =================
The acc is 0.9183, 0.9083, 0.9208
Time Consumption for one epoch is 45.05029058456421s
======================================= Epoch 16 =======================================
================= Test Set =================
+++++++++++ Find New Best Min ACC +++++++++++
The acc is 0.9194, 0.8917, 0.9264
Time Consumption for one epoch is 46.06103038787842s
======================================= Epoch 17 =======================================
================= Test Set =================
+++++++++++ Find New Best Min ACC +++++++++++
The acc is 0.9206, 0.8917, 0.9278
Time Consumption for one epoch is 43.32003903388977s
======================================= Epoch 18 =======================================
================= Test Set =================
+++++++++++ Find New Best Min ACC +++++++++++
The acc is 0.9222, 0.9000, 0.9278
Time Consumption for one epoch is 44.43280744552612s
======================================= Epoch 19 =======================================
================= Test Set =================
The acc is 0.9222, 0.9000, 0.9278
Time Consumption for one epoch is 44.76241493225098s
The final acc is 0.9222, 0.9000, 0.9278
