Namespace(data_dir='/data/yihua/dataset/celeba/celeba.hdf5', result_dir='results', checkpoint=None, resume=False, domain_attrs='Male', target_attrs='Blond_Hair', exp_name=None, batch_size=512, lr=0.0001, wd=2e-05, epochs=20, seed=2021, num_workers=8, arch='resnet9', evaluate=False, gv=0.4, gr=0.3)
======================================= Epoch 0 =======================================
================= Test Set =================
+++++++++++ Find New Best Min ACC +++++++++++
The acc is 0.7750, 0.7278, 0.7868
Time Consumption for one epoch is 27.94275975227356s
======================================= Epoch 1 =======================================
================= Test Set =================
+++++++++++ Find New Best Min ACC +++++++++++
The acc is 0.8450, 0.8083, 0.8542
Time Consumption for one epoch is 24.48621368408203s
======================================= Epoch 2 =======================================
================= Test Set =================
+++++++++++ Find New Best Min ACC +++++++++++
The acc is 0.8711, 0.8222, 0.8833
Time Consumption for one epoch is 23.673087120056152s
======================================= Epoch 3 =======================================
================= Test Set =================
+++++++++++ Find New Best Min ACC +++++++++++
The acc is 0.8978, 0.8611, 0.9069
Time Consumption for one epoch is 24.583699464797974s
======================================= Epoch 4 =======================================
================= Test Set =================
The acc is 0.8978, 0.8611, 0.9069
Time Consumption for one epoch is 25.040038585662842s
======================================= Epoch 5 =======================================
================= Test Set =================
+++++++++++ Find New Best Min ACC +++++++++++
The acc is 0.9028, 0.8778, 0.9090
Time Consumption for one epoch is 25.35565423965454s
======================================= Epoch 6 =======================================
================= Test Set =================
+++++++++++ Find New Best Min ACC +++++++++++
The acc is 0.9100, 0.8778, 0.9181
Time Consumption for one epoch is 25.231677055358887s
======================================= Epoch 7 =======================================
================= Test Set =================
The acc is 0.9100, 0.8778, 0.9181
Time Consumption for one epoch is 25.316448211669922s
======================================= Epoch 8 =======================================
================= Test Set =================
+++++++++++ Find New Best Min ACC +++++++++++
The acc is 0.9156, 0.8806, 0.9243
Time Consumption for one epoch is 25.426386833190918s
======================================= Epoch 9 =======================================
================= Test Set =================
The acc is 0.9156, 0.8806, 0.9243
Time Consumption for one epoch is 24.399949073791504s
======================================= Epoch 10 =======================================
================= Test Set =================
The acc is 0.9156, 0.8806, 0.9243
Time Consumption for one epoch is 24.441575050354004s
======================================= Epoch 11 =======================================
================= Test Set =================
The acc is 0.9156, 0.8806, 0.9243
Time Consumption for one epoch is 24.95107126235962s
======================================= Epoch 12 =======================================
================= Test Set =================
The acc is 0.9156, 0.8806, 0.9243
Time Consumption for one epoch is 24.383105516433716s
======================================= Epoch 13 =======================================
================= Test Set =================
The acc is 0.9156, 0.8806, 0.9243
Time Consumption for one epoch is 23.79245352745056s
======================================= Epoch 14 =======================================
================= Test Set =================
The acc is 0.9156, 0.8806, 0.9243
Time Consumption for one epoch is 24.046717882156372s
======================================= Epoch 15 =======================================
================= Test Set =================
+++++++++++ Find New Best Min ACC +++++++++++
The acc is 0.9211, 0.9194, 0.9215
Time Consumption for one epoch is 23.385565280914307s
======================================= Epoch 16 =======================================
================= Test Set =================
The acc is 0.9211, 0.9194, 0.9215
Time Consumption for one epoch is 22.993584632873535s
======================================= Epoch 17 =======================================
================= Test Set =================
The acc is 0.9211, 0.9194, 0.9215
Time Consumption for one epoch is 24.914987802505493s
======================================= Epoch 18 =======================================
================= Test Set =================
The acc is 0.9211, 0.9194, 0.9215
Time Consumption for one epoch is 26.369914054870605s
======================================= Epoch 19 =======================================
================= Test Set =================
The acc is 0.9211, 0.9194, 0.9215
Time Consumption for one epoch is 25.590219736099243s
The final acc is 0.9211, 0.9194, 0.9215
