Namespace(data_dir='/data/yihua/dataset/celeba/celeba.hdf5', result_dir='results', checkpoint=None, resume=False, domain_attrs='Male', target_attrs='Blond_Hair', exp_name=None, batch_size=512, lr=0.0001, wd=2e-05, epochs=20, seed=2022, num_workers=8, arch='resnet18', evaluate=False, gv=1.0, gr=0.5)
======================================= Epoch 0 =======================================
================= Test Set =================
+++++++++++ Find New Best Min ACC +++++++++++
The acc is 0.7711, 0.7528, 0.7757
Time Consumption for one epoch is 47.2113151550293s
======================================= Epoch 1 =======================================
================= Test Set =================
+++++++++++ Find New Best Min ACC +++++++++++
The acc is 0.8567, 0.8361, 0.8618
Time Consumption for one epoch is 45.66007161140442s
======================================= Epoch 2 =======================================
================= Test Set =================
+++++++++++ Find New Best Min ACC +++++++++++
The acc is 0.8744, 0.8500, 0.8806
Time Consumption for one epoch is 44.39557957649231s
======================================= Epoch 3 =======================================
================= Test Set =================
+++++++++++ Find New Best Min ACC +++++++++++
The acc is 0.8961, 0.8417, 0.9097
Time Consumption for one epoch is 43.1926167011261s
======================================= Epoch 4 =======================================
================= Test Set =================
The acc is 0.8961, 0.8417, 0.9097
Time Consumption for one epoch is 45.292073249816895s
======================================= Epoch 5 =======================================
================= Test Set =================
+++++++++++ Find New Best Min ACC +++++++++++
The acc is 0.9039, 0.8917, 0.9069
Time Consumption for one epoch is 45.27686309814453s
======================================= Epoch 6 =======================================
================= Test Set =================
The acc is 0.9039, 0.8917, 0.9069
Time Consumption for one epoch is 44.26807713508606s
======================================= Epoch 7 =======================================
================= Test Set =================
+++++++++++ Find New Best Min ACC +++++++++++
The acc is 0.9122, 0.8806, 0.9201
Time Consumption for one epoch is 43.97016406059265s
======================================= Epoch 8 =======================================
================= Test Set =================
The acc is 0.9122, 0.8806, 0.9201
Time Consumption for one epoch is 44.687907218933105s
======================================= Epoch 9 =======================================
================= Test Set =================
+++++++++++ Find New Best Min ACC +++++++++++
The acc is 0.9128, 0.8944, 0.9174
Time Consumption for one epoch is 44.63964366912842s
======================================= Epoch 10 =======================================
================= Test Set =================
The acc is 0.9128, 0.8944, 0.9174
Time Consumption for one epoch is 43.677958965301514s
======================================= Epoch 11 =======================================
================= Test Set =================
+++++++++++ Find New Best Min ACC +++++++++++
The acc is 0.9144, 0.9056, 0.9167
Time Consumption for one epoch is 44.34526538848877s
======================================= Epoch 12 =======================================
================= Test Set =================
The acc is 0.9144, 0.9056, 0.9167
Time Consumption for one epoch is 45.66276526451111s
======================================= Epoch 13 =======================================
================= Test Set =================
The acc is 0.9144, 0.9056, 0.9167
Time Consumption for one epoch is 44.29050946235657s
======================================= Epoch 14 =======================================
================= Test Set =================
+++++++++++ Find New Best Min ACC +++++++++++
The acc is 0.9189, 0.9222, 0.9181
Time Consumption for one epoch is 45.79441261291504s
======================================= Epoch 15 =======================================
================= Test Set =================
The acc is 0.9189, 0.9222, 0.9181
Time Consumption for one epoch is 43.27131128311157s
======================================= Epoch 16 =======================================
================= Test Set =================
The acc is 0.9189, 0.9222, 0.9181
Time Consumption for one epoch is 43.52510905265808s
======================================= Epoch 17 =======================================
================= Test Set =================
+++++++++++ Find New Best Min ACC +++++++++++
The acc is 0.9200, 0.9028, 0.9243
Time Consumption for one epoch is 44.50093150138855s
======================================= Epoch 18 =======================================
================= Test Set =================
+++++++++++ Find New Best Min ACC +++++++++++
The acc is 0.9211, 0.9056, 0.9250
Time Consumption for one epoch is 45.71542000770569s
======================================= Epoch 19 =======================================
================= Test Set =================
+++++++++++ Find New Best Min ACC +++++++++++
The acc is 0.9222, 0.9056, 0.9264
Time Consumption for one epoch is 45.559279680252075s
The final acc is 0.9222, 0.9056, 0.9264
