Namespace(data_dir='/data/yihua/dataset/celeba/celeba.hdf5', result_dir='results', checkpoint=None, resume=False, domain_attrs='Male', target_attrs='Blond_Hair', exp_name=None, batch_size=512, lr=0.0001, wd=2e-05, epochs=20, seed=2022, num_workers=8, arch='resnet9', evaluate=False, gv=10.0, gr=0.1)
======================================= Epoch 0 =======================================
================= Test Set =================
+++++++++++ Find New Best Min ACC +++++++++++
The acc is 0.7139, 0.6528, 0.7292
Time Consumption for one epoch is 27.369335174560547s
======================================= Epoch 1 =======================================
================= Test Set =================
+++++++++++ Find New Best Min ACC +++++++++++
The acc is 0.8300, 0.7361, 0.8535
Time Consumption for one epoch is 24.672516584396362s
======================================= Epoch 2 =======================================
================= Test Set =================
The acc is 0.8300, 0.7361, 0.8535
Time Consumption for one epoch is 24.20074772834778s
======================================= Epoch 3 =======================================
================= Test Set =================
+++++++++++ Find New Best Min ACC +++++++++++
The acc is 0.8806, 0.8194, 0.8958
Time Consumption for one epoch is 24.952431440353394s
======================================= Epoch 4 =======================================
================= Test Set =================
The acc is 0.8806, 0.8194, 0.8958
Time Consumption for one epoch is 24.15592050552368s
======================================= Epoch 5 =======================================
================= Test Set =================
+++++++++++ Find New Best Min ACC +++++++++++
The acc is 0.8889, 0.8389, 0.9014
Time Consumption for one epoch is 24.172523260116577s
======================================= Epoch 6 =======================================
================= Test Set =================
+++++++++++ Find New Best Min ACC +++++++++++
The acc is 0.9011, 0.8944, 0.9028
Time Consumption for one epoch is 24.193372011184692s
======================================= Epoch 7 =======================================
================= Test Set =================
The acc is 0.9011, 0.8944, 0.9028
Time Consumption for one epoch is 25.123215198516846s
======================================= Epoch 8 =======================================
================= Test Set =================
The acc is 0.9011, 0.8944, 0.9028
Time Consumption for one epoch is 24.079861402511597s
======================================= Epoch 9 =======================================
================= Test Set =================
+++++++++++ Find New Best Min ACC +++++++++++
The acc is 0.9133, 0.8917, 0.9187
Time Consumption for one epoch is 24.86125349998474s
======================================= Epoch 10 =======================================
================= Test Set =================
+++++++++++ Find New Best Min ACC +++++++++++
The acc is 0.9144, 0.8944, 0.9194
Time Consumption for one epoch is 24.196924924850464s
======================================= Epoch 11 =======================================
================= Test Set =================
The acc is 0.9144, 0.8944, 0.9194
Time Consumption for one epoch is 22.793022871017456s
======================================= Epoch 12 =======================================
================= Test Set =================
+++++++++++ Find New Best Min ACC +++++++++++
The acc is 0.9178, 0.8889, 0.9250
Time Consumption for one epoch is 23.522034168243408s
======================================= Epoch 13 =======================================
================= Test Set =================
The acc is 0.9178, 0.8889, 0.9250
Time Consumption for one epoch is 24.80769634246826s
======================================= Epoch 14 =======================================
================= Test Set =================
The acc is 0.9178, 0.8889, 0.9250
Time Consumption for one epoch is 24.276041984558105s
======================================= Epoch 15 =======================================
================= Test Set =================
The acc is 0.9178, 0.8889, 0.9250
Time Consumption for one epoch is 25.199950218200684s
======================================= Epoch 16 =======================================
================= Test Set =================
+++++++++++ Find New Best Min ACC +++++++++++
The acc is 0.9222, 0.9083, 0.9257
Time Consumption for one epoch is 24.711674451828003s
======================================= Epoch 17 =======================================
================= Test Set =================
The acc is 0.9222, 0.9083, 0.9257
Time Consumption for one epoch is 23.266660690307617s
======================================= Epoch 18 =======================================
================= Test Set =================
The acc is 0.9222, 0.9083, 0.9257
Time Consumption for one epoch is 23.85463833808899s
======================================= Epoch 19 =======================================
================= Test Set =================
The acc is 0.9222, 0.9083, 0.9257
Time Consumption for one epoch is 24.85133123397827s
The final acc is 0.9222, 0.9083, 0.9257
