Namespace(data_dir='/data/yihua/dataset/celeba/celeba.hdf5', result_dir='results', checkpoint=None, resume=False, domain_attrs='Male', target_attrs='Blond_Hair', exp_name=None, batch_size=512, lr=0.0001, wd=2e-05, epochs=20, seed=2020, num_workers=8, arch='resnet9', evaluate=False, gv=0.2, gr=0.1)
======================================= Epoch 0 =======================================
================= Test Set =================
+++++++++++ Find New Best Min ACC +++++++++++
The acc is 0.7333, 0.6944, 0.7431
Time Consumption for one epoch is 29.512306213378906s
======================================= Epoch 1 =======================================
================= Test Set =================
+++++++++++ Find New Best Min ACC +++++++++++
The acc is 0.8317, 0.7667, 0.8479
Time Consumption for one epoch is 26.66818857192993s
======================================= Epoch 2 =======================================
================= Test Set =================
+++++++++++ Find New Best Min ACC +++++++++++
The acc is 0.8867, 0.8556, 0.8944
Time Consumption for one epoch is 27.60184383392334s
======================================= Epoch 3 =======================================
================= Test Set =================
+++++++++++ Find New Best Min ACC +++++++++++
The acc is 0.9017, 0.8556, 0.9132
Time Consumption for one epoch is 28.207038640975952s
======================================= Epoch 4 =======================================
================= Test Set =================
The acc is 0.9017, 0.8556, 0.9132
Time Consumption for one epoch is 27.36283779144287s
======================================= Epoch 5 =======================================
================= Test Set =================
+++++++++++ Find New Best Min ACC +++++++++++
The acc is 0.9033, 0.8861, 0.9076
Time Consumption for one epoch is 27.079339027404785s
======================================= Epoch 6 =======================================
================= Test Set =================
+++++++++++ Find New Best Min ACC +++++++++++
The acc is 0.9078, 0.8778, 0.9153
Time Consumption for one epoch is 26.279512643814087s
======================================= Epoch 7 =======================================
================= Test Set =================
+++++++++++ Find New Best Min ACC +++++++++++
The acc is 0.9139, 0.9000, 0.9174
Time Consumption for one epoch is 27.511760234832764s
======================================= Epoch 8 =======================================
================= Test Set =================
The acc is 0.9139, 0.9000, 0.9174
Time Consumption for one epoch is 26.51068639755249s
======================================= Epoch 9 =======================================
================= Test Set =================
The acc is 0.9139, 0.9000, 0.9174
Time Consumption for one epoch is 26.447171688079834s
======================================= Epoch 10 =======================================
================= Test Set =================
The acc is 0.9139, 0.9000, 0.9174
Time Consumption for one epoch is 26.37188959121704s
======================================= Epoch 11 =======================================
================= Test Set =================
+++++++++++ Find New Best Min ACC +++++++++++
The acc is 0.9150, 0.9028, 0.9181
Time Consumption for one epoch is 26.52759552001953s
======================================= Epoch 12 =======================================
================= Test Set =================
The acc is 0.9150, 0.9028, 0.9181
Time Consumption for one epoch is 26.68725872039795s
======================================= Epoch 13 =======================================
================= Test Set =================
The acc is 0.9150, 0.9028, 0.9181
Time Consumption for one epoch is 26.441637754440308s
======================================= Epoch 14 =======================================
================= Test Set =================
The acc is 0.9150, 0.9028, 0.9181
Time Consumption for one epoch is 26.885345697402954s
======================================= Epoch 15 =======================================
================= Test Set =================
The acc is 0.9150, 0.9028, 0.9181
Time Consumption for one epoch is 26.624929428100586s
======================================= Epoch 16 =======================================
================= Test Set =================
+++++++++++ Find New Best Min ACC +++++++++++
The acc is 0.9217, 0.9083, 0.9250
Time Consumption for one epoch is 25.88391399383545s
======================================= Epoch 17 =======================================
================= Test Set =================
+++++++++++ Find New Best Min ACC +++++++++++
The acc is 0.9222, 0.9167, 0.9236
Time Consumption for one epoch is 25.257673740386963s
======================================= Epoch 18 =======================================
================= Test Set =================
The acc is 0.9222, 0.9167, 0.9236
Time Consumption for one epoch is 27.746196031570435s
======================================= Epoch 19 =======================================
================= Test Set =================
The acc is 0.9222, 0.9167, 0.9236
Time Consumption for one epoch is 27.140944957733154s
The final acc is 0.9222, 0.9167, 0.9236
