Namespace(data_dir='/data/yihua/dataset/celeba/celeba.hdf5', result_dir='crop_study', checkpoint=None, resume=False, domain_attrs='Male', target_attrs='Blond_Hair', exp_name=None, batch_size=512, lr=0.0001, wd=2e-05, epochs=20, seed=2021, num_workers=8, arch='resnet9', evaluate=False, total_num=5000, test_num=1000, gv=160.0, gr=0.3, minor_ratio=0.2, add_aug='crop')
======================================= Epoch 0 =======================================
================= Test Set =================
+++++++++++ Find New Best Min ACC +++++++++++
The acc is 0.4624, 0.4186, 0.5000
Time Consumption for one epoch is 16.970866203308105s
======================================= Epoch 1 =======================================
================= Test Set =================
The acc is 0.4624, 0.4186, 0.5000
Time Consumption for one epoch is 14.637417316436768s
======================================= Epoch 2 =======================================
================= Test Set =================
+++++++++++ Find New Best Min ACC +++++++++++
The acc is 0.5656, 0.5767, 0.5560
Time Consumption for one epoch is 14.163391828536987s
======================================= Epoch 3 =======================================
================= Test Set =================
+++++++++++ Find New Best Min ACC +++++++++++
The acc is 0.7634, 0.7442, 0.7800
Time Consumption for one epoch is 14.470890522003174s
======================================= Epoch 4 =======================================
================= Test Set =================
+++++++++++ Find New Best Min ACC +++++++++++
The acc is 0.8570, 0.8395, 0.8720
Time Consumption for one epoch is 15.05431079864502s
======================================= Epoch 5 =======================================
================= Test Set =================
+++++++++++ Find New Best Min ACC +++++++++++
The acc is 0.8624, 0.8442, 0.8780
Time Consumption for one epoch is 14.991863012313843s
======================================= Epoch 6 =======================================
================= Test Set =================
+++++++++++ Find New Best Min ACC +++++++++++
The acc is 0.8806, 0.8674, 0.8920
Time Consumption for one epoch is 14.352195739746094s
======================================= Epoch 7 =======================================
================= Test Set =================
The acc is 0.8806, 0.8674, 0.8920
Time Consumption for one epoch is 14.576696395874023s
======================================= Epoch 8 =======================================
================= Test Set =================
+++++++++++ Find New Best Min ACC +++++++++++
The acc is 0.8839, 0.8698, 0.8960
Time Consumption for one epoch is 14.487982988357544s
======================================= Epoch 9 =======================================
================= Test Set =================
The acc is 0.8839, 0.8698, 0.8960
Time Consumption for one epoch is 14.328530550003052s
======================================= Epoch 10 =======================================
================= Test Set =================
The acc is 0.8839, 0.8698, 0.8960
Time Consumption for one epoch is 14.233207941055298s
======================================= Epoch 11 =======================================
================= Test Set =================
The acc is 0.8839, 0.8698, 0.8960
Time Consumption for one epoch is 14.610135793685913s
======================================= Epoch 12 =======================================
================= Test Set =================
The acc is 0.8839, 0.8698, 0.8960
Time Consumption for one epoch is 13.981432676315308s
======================================= Epoch 13 =======================================
================= Test Set =================
The acc is 0.8839, 0.8698, 0.8960
Time Consumption for one epoch is 14.269982099533081s
======================================= Epoch 14 =======================================
================= Test Set =================
The acc is 0.8839, 0.8698, 0.8960
Time Consumption for one epoch is 14.364352464675903s
======================================= Epoch 15 =======================================
================= Test Set =================
The acc is 0.8839, 0.8698, 0.8960
Time Consumption for one epoch is 14.459847688674927s
======================================= Epoch 16 =======================================
================= Test Set =================
The acc is 0.8839, 0.8698, 0.8960
Time Consumption for one epoch is 14.630492925643921s
======================================= Epoch 17 =======================================
================= Test Set =================
+++++++++++ Find New Best Min ACC +++++++++++
The acc is 0.8914, 0.8767, 0.9040
Time Consumption for one epoch is 14.781676292419434s
======================================= Epoch 18 =======================================
================= Test Set =================
+++++++++++ Find New Best Min ACC +++++++++++
The acc is 0.8978, 0.8930, 0.9020
Time Consumption for one epoch is 14.650386571884155s
======================================= Epoch 19 =======================================
================= Test Set =================
The acc is 0.8978, 0.8930, 0.9020
Time Consumption for one epoch is 14.48815369606018s
The final acc is 0.8978, 0.8930, 0.9020
