Namespace(data_dir='/data/yihua/dataset/celeba/celeba.hdf5', result_dir='results', checkpoint=None, resume=False, domain_attrs='Male', target_attrs='Heavy_Makeup', exp_name=None, batch_size=512, lr=0.0001, wd=2e-05, epochs=20, seed=2021, num_workers=8, arch='resnet9', evaluate=False, gv=0.001, gr=0.3)
======================================= Epoch 0 =======================================
================= Test Set =================
+++++++++++ Find New Best Min ACC +++++++++++
The acc is 0.5000, 0.5000, 0.5000
Time Consumption for one epoch is 8.72100281715393s
======================================= Epoch 1 =======================================
================= Test Set =================
The acc is 0.5000, 0.5000, 0.5000
Time Consumption for one epoch is 8.907816886901855s
======================================= Epoch 2 =======================================
================= Test Set =================
+++++++++++ Find New Best Min ACC +++++++++++
The acc is 0.5045, 0.5227, 0.5000
Time Consumption for one epoch is 9.222661972045898s
======================================= Epoch 3 =======================================
================= Test Set =================
The acc is 0.5045, 0.5227, 0.5000
Time Consumption for one epoch is 8.107362031936646s
======================================= Epoch 4 =======================================
================= Test Set =================
The acc is 0.5045, 0.5227, 0.5000
Time Consumption for one epoch is 9.52122712135315s
======================================= Epoch 5 =======================================
================= Test Set =================
The acc is 0.5045, 0.5227, 0.5000
Time Consumption for one epoch is 8.62662672996521s
======================================= Epoch 6 =======================================
================= Test Set =================
The acc is 0.5045, 0.5227, 0.5000
Time Consumption for one epoch is 7.809626817703247s
======================================= Epoch 7 =======================================
================= Test Set =================
The acc is 0.5045, 0.5227, 0.5000
Time Consumption for one epoch is 9.511857986450195s
======================================= Epoch 8 =======================================
================= Test Set =================
+++++++++++ Find New Best Min ACC +++++++++++
The acc is 0.5091, 0.5000, 0.5114
Time Consumption for one epoch is 8.643394947052002s
======================================= Epoch 9 =======================================
================= Test Set =================
+++++++++++ Find New Best Min ACC +++++++++++
The acc is 0.5318, 0.4773, 0.5455
Time Consumption for one epoch is 8.125619173049927s
======================================= Epoch 10 =======================================
================= Test Set =================
+++++++++++ Find New Best Min ACC +++++++++++
The acc is 0.6545, 0.6136, 0.6648
Time Consumption for one epoch is 10.806001901626587s
======================================= Epoch 11 =======================================
================= Test Set =================
The acc is 0.6545, 0.6136, 0.6648
Time Consumption for one epoch is 7.39001989364624s
======================================= Epoch 12 =======================================
================= Test Set =================
+++++++++++ Find New Best Min ACC +++++++++++
The acc is 0.6773, 0.5682, 0.7045
Time Consumption for one epoch is 9.701479434967041s
======================================= Epoch 13 =======================================
================= Test Set =================
The acc is 0.6773, 0.5682, 0.7045
Time Consumption for one epoch is 9.468715906143188s
======================================= Epoch 14 =======================================
================= Test Set =================
+++++++++++ Find New Best Min ACC +++++++++++
The acc is 0.6909, 0.5682, 0.7216
Time Consumption for one epoch is 7.677637577056885s
======================================= Epoch 15 =======================================
================= Test Set =================
The acc is 0.6909, 0.5682, 0.7216
Time Consumption for one epoch is 9.590958833694458s
======================================= Epoch 16 =======================================
================= Test Set =================
The acc is 0.6909, 0.5682, 0.7216
Time Consumption for one epoch is 9.073835372924805s
======================================= Epoch 17 =======================================
================= Test Set =================
+++++++++++ Find New Best Min ACC +++++++++++
The acc is 0.7182, 0.6364, 0.7386
Time Consumption for one epoch is 8.257716178894043s
======================================= Epoch 18 =======================================
================= Test Set =================
The acc is 0.7182, 0.6364, 0.7386
Time Consumption for one epoch is 8.751234769821167s
======================================= Epoch 19 =======================================
================= Test Set =================
The acc is 0.7182, 0.6364, 0.7386
Time Consumption for one epoch is 9.073874235153198s
The final acc is 0.7182, 0.6364, 0.7386
