Namespace(data_dir='/data/yihua/dataset/celeba/celeba.hdf5', result_dir='results', checkpoint=None, resume=False, domain_attrs='Male', target_attrs='Heavy_Makeup', exp_name=None, batch_size=512, lr=0.0001, wd=2e-05, epochs=20, seed=2024, num_workers=8, arch='resnet9', evaluate=False, gv=10.0, gr=0.3)
======================================= Epoch 0 =======================================
================= Test Set =================
+++++++++++ Find New Best Min ACC +++++++++++
The acc is 0.5000, 0.5000, 0.5000
Time Consumption for one epoch is 9.869463443756104s
======================================= Epoch 1 =======================================
================= Test Set =================
+++++++++++ Find New Best Min ACC +++++++++++
The acc is 0.5591, 0.5227, 0.5682
Time Consumption for one epoch is 8.789231777191162s
======================================= Epoch 2 =======================================
================= Test Set =================
The acc is 0.5591, 0.5227, 0.5682
Time Consumption for one epoch is 8.865703344345093s
======================================= Epoch 3 =======================================
================= Test Set =================
+++++++++++ Find New Best Min ACC +++++++++++
The acc is 0.5773, 0.4318, 0.6136
Time Consumption for one epoch is 9.497817277908325s
======================================= Epoch 4 =======================================
================= Test Set =================
+++++++++++ Find New Best Min ACC +++++++++++
The acc is 0.6364, 0.5455, 0.6591
Time Consumption for one epoch is 8.127899885177612s
======================================= Epoch 5 =======================================
================= Test Set =================
The acc is 0.6364, 0.5455, 0.6591
Time Consumption for one epoch is 8.513334035873413s
======================================= Epoch 6 =======================================
================= Test Set =================
The acc is 0.6364, 0.5455, 0.6591
Time Consumption for one epoch is 8.189515590667725s
======================================= Epoch 7 =======================================
================= Test Set =================
+++++++++++ Find New Best Min ACC +++++++++++
The acc is 0.6455, 0.5455, 0.6705
Time Consumption for one epoch is 9.715771675109863s
======================================= Epoch 8 =======================================
================= Test Set =================
The acc is 0.6455, 0.5455, 0.6705
Time Consumption for one epoch is 9.226407527923584s
======================================= Epoch 9 =======================================
================= Test Set =================
The acc is 0.6455, 0.5455, 0.6705
Time Consumption for one epoch is 8.134068727493286s
======================================= Epoch 10 =======================================
================= Test Set =================
The acc is 0.6455, 0.5455, 0.6705
Time Consumption for one epoch is 8.363531351089478s
======================================= Epoch 11 =======================================
================= Test Set =================
The acc is 0.6455, 0.5455, 0.6705
Time Consumption for one epoch is 8.279827356338501s
======================================= Epoch 12 =======================================
================= Test Set =================
+++++++++++ Find New Best Min ACC +++++++++++
The acc is 0.6500, 0.5682, 0.6705
Time Consumption for one epoch is 8.711987257003784s
======================================= Epoch 13 =======================================
================= Test Set =================
The acc is 0.6500, 0.5682, 0.6705
Time Consumption for one epoch is 8.956488609313965s
======================================= Epoch 14 =======================================
================= Test Set =================
The acc is 0.6500, 0.5682, 0.6705
Time Consumption for one epoch is 7.926520586013794s
======================================= Epoch 15 =======================================
================= Test Set =================
The acc is 0.6500, 0.5682, 0.6705
Time Consumption for one epoch is 8.26454758644104s
======================================= Epoch 16 =======================================
================= Test Set =================
The acc is 0.6500, 0.5682, 0.6705
Time Consumption for one epoch is 8.172993183135986s
======================================= Epoch 17 =======================================
================= Test Set =================
+++++++++++ Find New Best Min ACC +++++++++++
The acc is 0.6591, 0.5682, 0.6818
Time Consumption for one epoch is 8.337626457214355s
======================================= Epoch 18 =======================================
================= Test Set =================
+++++++++++ Find New Best Min ACC +++++++++++
The acc is 0.6636, 0.6136, 0.6761
Time Consumption for one epoch is 8.190006732940674s
======================================= Epoch 19 =======================================
================= Test Set =================
The acc is 0.6636, 0.6136, 0.6761
Time Consumption for one epoch is 8.89399528503418s
The final acc is 0.6636, 0.6136, 0.6761
