Namespace(data_dir='/data/yihua/dataset/celeba/celeba.hdf5', result_dir='crop_study', checkpoint=None, resume=False, domain_attrs='Male', target_attrs='Blond_Hair', exp_name=None, batch_size=512, lr=0.0001, wd=2e-05, epochs=20, seed=2021, num_workers=8, arch='resnet9', evaluate=False, total_num=5000, test_num=1000, gv=200.0, gr=0.3, minor_ratio=0.2, add_aug='crop')
======================================= Epoch 0 =======================================
================= Test Set =================
+++++++++++ Find New Best Min ACC +++++++++++
The acc is 0.4624, 0.4186, 0.5000
Time Consumption for one epoch is 16.7022066116333s
======================================= Epoch 1 =======================================
================= Test Set =================
The acc is 0.4624, 0.4186, 0.5000
Time Consumption for one epoch is 14.319534301757812s
======================================= Epoch 2 =======================================
================= Test Set =================
+++++++++++ Find New Best Min ACC +++++++++++
The acc is 0.6172, 0.6140, 0.6200
Time Consumption for one epoch is 15.032940149307251s
======================================= Epoch 3 =======================================
================= Test Set =================
+++++++++++ Find New Best Min ACC +++++++++++
The acc is 0.7903, 0.7721, 0.8060
Time Consumption for one epoch is 14.55819058418274s
======================================= Epoch 4 =======================================
================= Test Set =================
+++++++++++ Find New Best Min ACC +++++++++++
The acc is 0.8527, 0.8302, 0.8720
Time Consumption for one epoch is 14.721311569213867s
======================================= Epoch 5 =======================================
================= Test Set =================
+++++++++++ Find New Best Min ACC +++++++++++
The acc is 0.8602, 0.8442, 0.8740
Time Consumption for one epoch is 14.61874508857727s
======================================= Epoch 6 =======================================
================= Test Set =================
+++++++++++ Find New Best Min ACC +++++++++++
The acc is 0.8624, 0.8488, 0.8740
Time Consumption for one epoch is 15.034330606460571s
======================================= Epoch 7 =======================================
================= Test Set =================
The acc is 0.8624, 0.8488, 0.8740
Time Consumption for one epoch is 14.351225852966309s
======================================= Epoch 8 =======================================
================= Test Set =================
+++++++++++ Find New Best Min ACC +++++++++++
The acc is 0.8774, 0.8512, 0.9000
Time Consumption for one epoch is 14.312695503234863s
======================================= Epoch 9 =======================================
================= Test Set =================
The acc is 0.8774, 0.8512, 0.9000
Time Consumption for one epoch is 14.781827449798584s
======================================= Epoch 10 =======================================
================= Test Set =================
The acc is 0.8774, 0.8512, 0.9000
Time Consumption for one epoch is 15.081879615783691s
======================================= Epoch 11 =======================================
================= Test Set =================
The acc is 0.8774, 0.8512, 0.9000
Time Consumption for one epoch is 14.6961350440979s
======================================= Epoch 12 =======================================
================= Test Set =================
+++++++++++ Find New Best Min ACC +++++++++++
The acc is 0.8785, 0.8651, 0.8900
Time Consumption for one epoch is 14.491094827651978s
======================================= Epoch 13 =======================================
================= Test Set =================
The acc is 0.8785, 0.8651, 0.8900
Time Consumption for one epoch is 14.054860830307007s
======================================= Epoch 14 =======================================
================= Test Set =================
+++++++++++ Find New Best Min ACC +++++++++++
The acc is 0.8828, 0.8698, 0.8940
Time Consumption for one epoch is 14.555990934371948s
======================================= Epoch 15 =======================================
================= Test Set =================
+++++++++++ Find New Best Min ACC +++++++++++
The acc is 0.8892, 0.8698, 0.9060
Time Consumption for one epoch is 15.037997484207153s
======================================= Epoch 16 =======================================
================= Test Set =================
The acc is 0.8892, 0.8698, 0.9060
Time Consumption for one epoch is 14.720673561096191s
======================================= Epoch 17 =======================================
================= Test Set =================
The acc is 0.8892, 0.8698, 0.9060
Time Consumption for one epoch is 14.7998948097229s
======================================= Epoch 18 =======================================
================= Test Set =================
+++++++++++ Find New Best Min ACC +++++++++++
The acc is 0.9022, 0.8930, 0.9100
Time Consumption for one epoch is 15.351356744766235s
======================================= Epoch 19 =======================================
================= Test Set =================
The acc is 0.9022, 0.8930, 0.9100
Time Consumption for one epoch is 14.465041875839233s
The final acc is 0.9022, 0.8930, 0.9100
