Namespace(data_dir='/data/yihua/dataset/celeba/celeba.hdf5', result_dir='crop_study', checkpoint=None, resume=False, domain_attrs='Male', target_attrs='Blond_Hair', exp_name=None, batch_size=512, lr=0.0001, wd=2e-05, epochs=20, seed=2022, num_workers=8, arch='resnet9', evaluate=False, total_num=5000, test_num=1000, gv=220.0, gr=0.3, minor_ratio=0.2, add_aug='crop')
======================================= Epoch 0 =======================================
================= Test Set =================
+++++++++++ Find New Best Min ACC +++++++++++
The acc is 0.4624, 0.4186, 0.5000
Time Consumption for one epoch is 16.140918254852295s
======================================= Epoch 1 =======================================
================= Test Set =================
The acc is 0.4624, 0.4186, 0.5000
Time Consumption for one epoch is 13.781549453735352s
======================================= Epoch 2 =======================================
================= Test Set =================
+++++++++++ Find New Best Min ACC +++++++++++
The acc is 0.4731, 0.4256, 0.5140
Time Consumption for one epoch is 14.739132642745972s
======================================= Epoch 3 =======================================
================= Test Set =================
+++++++++++ Find New Best Min ACC +++++++++++
The acc is 0.7710, 0.7186, 0.8160
Time Consumption for one epoch is 14.24285364151001s
======================================= Epoch 4 =======================================
================= Test Set =================
+++++++++++ Find New Best Min ACC +++++++++++
The acc is 0.8183, 0.7837, 0.8480
Time Consumption for one epoch is 14.872421979904175s
======================================= Epoch 5 =======================================
================= Test Set =================
+++++++++++ Find New Best Min ACC +++++++++++
The acc is 0.8656, 0.8512, 0.8780
Time Consumption for one epoch is 15.17426609992981s
======================================= Epoch 6 =======================================
================= Test Set =================
The acc is 0.8656, 0.8512, 0.8780
Time Consumption for one epoch is 14.636359214782715s
======================================= Epoch 7 =======================================
================= Test Set =================
+++++++++++ Find New Best Min ACC +++++++++++
The acc is 0.8677, 0.8326, 0.8980
Time Consumption for one epoch is 15.05672836303711s
======================================= Epoch 8 =======================================
================= Test Set =================
+++++++++++ Find New Best Min ACC +++++++++++
The acc is 0.8785, 0.8512, 0.9020
Time Consumption for one epoch is 14.851604461669922s
======================================= Epoch 9 =======================================
================= Test Set =================
The acc is 0.8785, 0.8512, 0.9020
Time Consumption for one epoch is 14.43606185913086s
======================================= Epoch 10 =======================================
================= Test Set =================
+++++++++++ Find New Best Min ACC +++++++++++
The acc is 0.8882, 0.8698, 0.9040
Time Consumption for one epoch is 15.138663291931152s
======================================= Epoch 11 =======================================
================= Test Set =================
The acc is 0.8882, 0.8698, 0.9040
Time Consumption for one epoch is 14.723566770553589s
======================================= Epoch 12 =======================================
================= Test Set =================
The acc is 0.8882, 0.8698, 0.9040
Time Consumption for one epoch is 14.258175611495972s
======================================= Epoch 13 =======================================
================= Test Set =================
The acc is 0.8882, 0.8698, 0.9040
Time Consumption for one epoch is 14.500109672546387s
======================================= Epoch 14 =======================================
================= Test Set =================
The acc is 0.8882, 0.8698, 0.9040
Time Consumption for one epoch is 14.561737060546875s
======================================= Epoch 15 =======================================
================= Test Set =================
+++++++++++ Find New Best Min ACC +++++++++++
The acc is 0.8935, 0.8814, 0.9040
Time Consumption for one epoch is 15.14077377319336s
======================================= Epoch 16 =======================================
================= Test Set =================
+++++++++++ Find New Best Min ACC +++++++++++
The acc is 0.8946, 0.8837, 0.9040
Time Consumption for one epoch is 14.729637622833252s
======================================= Epoch 17 =======================================
================= Test Set =================
The acc is 0.8946, 0.8837, 0.9040
Time Consumption for one epoch is 14.831739902496338s
======================================= Epoch 18 =======================================
================= Test Set =================
+++++++++++ Find New Best Min ACC +++++++++++
The acc is 0.8957, 0.8860, 0.9040
Time Consumption for one epoch is 14.98789095878601s
======================================= Epoch 19 =======================================
================= Test Set =================
The acc is 0.8957, 0.8860, 0.9040
Time Consumption for one epoch is 14.942614555358887s
The final acc is 0.8957, 0.8860, 0.9040
