Namespace(data_dir='/data/yihua/dataset/celeba/celeba.hdf5', result_dir='results', checkpoint=None, resume=False, domain_attrs='Male', target_attrs='Heavy_Makeup', exp_name=None, batch_size=512, lr=0.0001, wd=2e-05, epochs=20, seed=2022, num_workers=8, arch='resnet9', evaluate=False, gv=0.001, gr=0.1)
======================================= Epoch 0 =======================================
================= Test Set =================
+++++++++++ Find New Best Min ACC +++++++++++
The acc is 0.5000, 0.5000, 0.5000
Time Consumption for one epoch is 9.180394411087036s
======================================= Epoch 1 =======================================
================= Test Set =================
The acc is 0.5000, 0.5000, 0.5000
Time Consumption for one epoch is 8.749893188476562s
======================================= Epoch 2 =======================================
================= Test Set =================
The acc is 0.5000, 0.5000, 0.5000
Time Consumption for one epoch is 8.882275581359863s
======================================= Epoch 3 =======================================
================= Test Set =================
The acc is 0.5000, 0.5000, 0.5000
Time Consumption for one epoch is 7.814795732498169s
======================================= Epoch 4 =======================================
================= Test Set =================
The acc is 0.5000, 0.5000, 0.5000
Time Consumption for one epoch is 9.403188705444336s
======================================= Epoch 5 =======================================
================= Test Set =================
The acc is 0.5000, 0.5000, 0.5000
Time Consumption for one epoch is 9.617811679840088s
======================================= Epoch 6 =======================================
================= Test Set =================
+++++++++++ Find New Best Min ACC +++++++++++
The acc is 0.5045, 0.5455, 0.4943
Time Consumption for one epoch is 7.531826972961426s
======================================= Epoch 7 =======================================
================= Test Set =================
+++++++++++ Find New Best Min ACC +++++++++++
The acc is 0.5409, 0.5000, 0.5511
Time Consumption for one epoch is 10.052263736724854s
======================================= Epoch 8 =======================================
================= Test Set =================
+++++++++++ Find New Best Min ACC +++++++++++
The acc is 0.5455, 0.5227, 0.5511
Time Consumption for one epoch is 9.284765243530273s
======================================= Epoch 9 =======================================
================= Test Set =================
+++++++++++ Find New Best Min ACC +++++++++++
The acc is 0.5818, 0.5455, 0.5909
Time Consumption for one epoch is 8.262600898742676s
======================================= Epoch 10 =======================================
================= Test Set =================
+++++++++++ Find New Best Min ACC +++++++++++
The acc is 0.6455, 0.5227, 0.6761
Time Consumption for one epoch is 9.796427249908447s
======================================= Epoch 11 =======================================
================= Test Set =================
+++++++++++ Find New Best Min ACC +++++++++++
The acc is 0.6636, 0.5909, 0.6818
Time Consumption for one epoch is 8.699256896972656s
======================================= Epoch 12 =======================================
================= Test Set =================
The acc is 0.6636, 0.5909, 0.6818
Time Consumption for one epoch is 8.356372356414795s
======================================= Epoch 13 =======================================
================= Test Set =================
The acc is 0.6636, 0.5909, 0.6818
Time Consumption for one epoch is 9.155031204223633s
======================================= Epoch 14 =======================================
================= Test Set =================
The acc is 0.6636, 0.5909, 0.6818
Time Consumption for one epoch is 7.7984778881073s
======================================= Epoch 15 =======================================
================= Test Set =================
+++++++++++ Find New Best Min ACC +++++++++++
The acc is 0.6727, 0.5682, 0.6989
Time Consumption for one epoch is 8.687238931655884s
======================================= Epoch 16 =======================================
================= Test Set =================
+++++++++++ Find New Best Min ACC +++++++++++
The acc is 0.6909, 0.6364, 0.7045
Time Consumption for one epoch is 9.628238916397095s
======================================= Epoch 17 =======================================
================= Test Set =================
The acc is 0.6909, 0.6364, 0.7045
Time Consumption for one epoch is 8.332100629806519s
======================================= Epoch 18 =======================================
================= Test Set =================
The acc is 0.6909, 0.6364, 0.7045
Time Consumption for one epoch is 7.669370174407959s
======================================= Epoch 19 =======================================
================= Test Set =================
The acc is 0.6909, 0.6364, 0.7045
Time Consumption for one epoch is 9.306300640106201s
The final acc is 0.6909, 0.6364, 0.7045
