Namespace(data_dir='/data/yihua/dataset/celeba/celeba.hdf5', result_dir='crop_study', checkpoint=None, resume=False, domain_attrs='Male', target_attrs='Blond_Hair', exp_name=None, batch_size=512, lr=0.0001, wd=2e-05, epochs=20, seed=2020, num_workers=8, arch='resnet18', evaluate=False, total_num=5000, test_num=1000, gv=160.0, gr=0.1, minor_ratio=0.2, add_aug='crop')
======================================= Epoch 0 =======================================
================= Test Set =================
+++++++++++ Find New Best Min ACC +++++++++++
The acc is 0.4624, 0.4186, 0.5000
Time Consumption for one epoch is 21.453577518463135s
======================================= Epoch 1 =======================================
================= Test Set =================
The acc is 0.4624, 0.4186, 0.5000
Time Consumption for one epoch is 19.570322036743164s
======================================= Epoch 2 =======================================
================= Test Set =================
+++++++++++ Find New Best Min ACC +++++++++++
The acc is 0.5441, 0.5558, 0.5340
Time Consumption for one epoch is 18.929012298583984s
======================================= Epoch 3 =======================================
================= Test Set =================
+++++++++++ Find New Best Min ACC +++++++++++
The acc is 0.6806, 0.6884, 0.6740
Time Consumption for one epoch is 19.919891834259033s
======================================= Epoch 4 =======================================
================= Test Set =================
+++++++++++ Find New Best Min ACC +++++++++++
The acc is 0.7473, 0.7326, 0.7600
Time Consumption for one epoch is 18.935986280441284s
======================================= Epoch 5 =======================================
================= Test Set =================
+++++++++++ Find New Best Min ACC +++++++++++
The acc is 0.8140, 0.7837, 0.8400
Time Consumption for one epoch is 18.495864152908325s
======================================= Epoch 6 =======================================
================= Test Set =================
+++++++++++ Find New Best Min ACC +++++++++++
The acc is 0.8613, 0.8233, 0.8940
Time Consumption for one epoch is 18.695955991744995s
======================================= Epoch 7 =======================================
================= Test Set =================
The acc is 0.8613, 0.8233, 0.8940
Time Consumption for one epoch is 18.58429455757141s
======================================= Epoch 8 =======================================
================= Test Set =================
The acc is 0.8613, 0.8233, 0.8940
Time Consumption for one epoch is 19.0586941242218s
======================================= Epoch 9 =======================================
================= Test Set =================
The acc is 0.8613, 0.8233, 0.8940
Time Consumption for one epoch is 18.98846745491028s
======================================= Epoch 10 =======================================
================= Test Set =================
+++++++++++ Find New Best Min ACC +++++++++++
The acc is 0.8710, 0.8581, 0.8820
Time Consumption for one epoch is 20.390687942504883s
======================================= Epoch 11 =======================================
================= Test Set =================
+++++++++++ Find New Best Min ACC +++++++++++
The acc is 0.8882, 0.8674, 0.9060
Time Consumption for one epoch is 19.972809076309204s
======================================= Epoch 12 =======================================
================= Test Set =================
The acc is 0.8882, 0.8674, 0.9060
Time Consumption for one epoch is 20.325831413269043s
======================================= Epoch 13 =======================================
================= Test Set =================
+++++++++++ Find New Best Min ACC +++++++++++
The acc is 0.8914, 0.8791, 0.9020
Time Consumption for one epoch is 20.35813045501709s
======================================= Epoch 14 =======================================
================= Test Set =================
+++++++++++ Find New Best Min ACC +++++++++++
The acc is 0.8925, 0.8744, 0.9080
Time Consumption for one epoch is 19.834954738616943s
======================================= Epoch 15 =======================================
================= Test Set =================
The acc is 0.8925, 0.8744, 0.9080
Time Consumption for one epoch is 20.330748796463013s
======================================= Epoch 16 =======================================
================= Test Set =================
The acc is 0.8925, 0.8744, 0.9080
Time Consumption for one epoch is 19.983978748321533s
======================================= Epoch 17 =======================================
================= Test Set =================
The acc is 0.8925, 0.8744, 0.9080
Time Consumption for one epoch is 19.186607360839844s
======================================= Epoch 18 =======================================
================= Test Set =================
The acc is 0.8925, 0.8744, 0.9080
Time Consumption for one epoch is 20.43594717979431s
======================================= Epoch 19 =======================================
================= Test Set =================
The acc is 0.8925, 0.8744, 0.9080
Time Consumption for one epoch is 20.208428382873535s
The final acc is 0.8925, 0.8744, 0.9080
