Namespace(data_dir='/data/yihua/dataset/celeba/celeba.hdf5', result_dir='crop_study', checkpoint=None, resume=False, domain_attrs='Male', target_attrs='Blond_Hair', exp_name=None, batch_size=512, lr=0.0001, wd=2e-05, epochs=20, seed=2021, num_workers=8, arch='resnet18', evaluate=False, total_num=5000, test_num=1000, gv=220.0, gr=0.5, minor_ratio=0.2, add_aug='crop')
======================================= Epoch 0 =======================================
================= Test Set =================
+++++++++++ Find New Best Min ACC +++++++++++
The acc is 0.4667, 0.4233, 0.5040
Time Consumption for one epoch is 22.242905378341675s
======================================= Epoch 1 =======================================
================= Test Set =================
+++++++++++ Find New Best Min ACC +++++++++++
The acc is 0.5376, 0.5814, 0.5000
Time Consumption for one epoch is 20.225308656692505s
======================================= Epoch 2 =======================================
================= Test Set =================
+++++++++++ Find New Best Min ACC +++++++++++
The acc is 0.5419, 0.5837, 0.5060
Time Consumption for one epoch is 20.266183853149414s
======================================= Epoch 3 =======================================
================= Test Set =================
The acc is 0.5419, 0.5837, 0.5060
Time Consumption for one epoch is 19.810201168060303s
======================================= Epoch 4 =======================================
================= Test Set =================
+++++++++++ Find New Best Min ACC +++++++++++
The acc is 0.5634, 0.6116, 0.5220
Time Consumption for one epoch is 22.218653678894043s
======================================= Epoch 5 =======================================
================= Test Set =================
+++++++++++ Find New Best Min ACC +++++++++++
The acc is 0.8441, 0.8093, 0.8740
Time Consumption for one epoch is 21.2504460811615s
======================================= Epoch 6 =======================================
================= Test Set =================
The acc is 0.8441, 0.8093, 0.8740
Time Consumption for one epoch is 22.026253700256348s
======================================= Epoch 7 =======================================
================= Test Set =================
The acc is 0.8441, 0.8093, 0.8740
Time Consumption for one epoch is 20.292999505996704s
======================================= Epoch 8 =======================================
================= Test Set =================
The acc is 0.8441, 0.8093, 0.8740
Time Consumption for one epoch is 22.021608591079712s
======================================= Epoch 9 =======================================
================= Test Set =================
+++++++++++ Find New Best Min ACC +++++++++++
The acc is 0.8806, 0.8605, 0.8980
Time Consumption for one epoch is 21.488989114761353s
======================================= Epoch 10 =======================================
================= Test Set =================
+++++++++++ Find New Best Min ACC +++++++++++
The acc is 0.8817, 0.8628, 0.8980
Time Consumption for one epoch is 21.228987455368042s
======================================= Epoch 11 =======================================
================= Test Set =================
The acc is 0.8817, 0.8628, 0.8980
Time Consumption for one epoch is 22.37381672859192s
======================================= Epoch 12 =======================================
================= Test Set =================
The acc is 0.8817, 0.8628, 0.8980
Time Consumption for one epoch is 21.27584218978882s
======================================= Epoch 13 =======================================
================= Test Set =================
The acc is 0.8817, 0.8628, 0.8980
Time Consumption for one epoch is 21.888004064559937s
======================================= Epoch 14 =======================================
================= Test Set =================
The acc is 0.8817, 0.8628, 0.8980
Time Consumption for one epoch is 21.469808340072632s
======================================= Epoch 15 =======================================
================= Test Set =================
The acc is 0.8817, 0.8628, 0.8980
Time Consumption for one epoch is 20.583783388137817s
======================================= Epoch 16 =======================================
================= Test Set =================
+++++++++++ Find New Best Min ACC +++++++++++
The acc is 0.8989, 0.8791, 0.9160
Time Consumption for one epoch is 20.75736975669861s
======================================= Epoch 17 =======================================
================= Test Set =================
The acc is 0.8989, 0.8791, 0.9160
Time Consumption for one epoch is 20.8779513835907s
======================================= Epoch 18 =======================================
================= Test Set =================
The acc is 0.8989, 0.8791, 0.9160
Time Consumption for one epoch is 20.82443356513977s
======================================= Epoch 19 =======================================
================= Test Set =================
The acc is 0.8989, 0.8791, 0.9160
Time Consumption for one epoch is 22.770779371261597s
The final acc is 0.8989, 0.8791, 0.9160
