Namespace(data_dir='/data/yihua/dataset/celeba/celeba.hdf5', result_dir='crop_study', checkpoint=None, resume=False, domain_attrs='Male', target_attrs='Blond_Hair', exp_name=None, batch_size=512, lr=0.0001, wd=2e-05, epochs=20, seed=2021, num_workers=8, arch='resnet18', evaluate=False, total_num=5000, test_num=1000, gv=200.0, gr=0.3, minor_ratio=0.2, add_aug='crop')
======================================= Epoch 0 =======================================
================= Test Set =================
+++++++++++ Find New Best Min ACC +++++++++++
The acc is 0.5806, 0.5372, 0.6180
Time Consumption for one epoch is 20.932072639465332s
======================================= Epoch 1 =======================================
================= Test Set =================
The acc is 0.5806, 0.5372, 0.6180
Time Consumption for one epoch is 20.06566596031189s
======================================= Epoch 2 =======================================
================= Test Set =================
The acc is 0.5806, 0.5372, 0.6180
Time Consumption for one epoch is 20.67889666557312s
======================================= Epoch 3 =======================================
================= Test Set =================
The acc is 0.5806, 0.5372, 0.6180
Time Consumption for one epoch is 18.892670154571533s
======================================= Epoch 4 =======================================
================= Test Set =================
+++++++++++ Find New Best Min ACC +++++++++++
The acc is 0.8075, 0.7953, 0.8180
Time Consumption for one epoch is 20.780131578445435s
======================================= Epoch 5 =======================================
================= Test Set =================
+++++++++++ Find New Best Min ACC +++++++++++
The acc is 0.8473, 0.8326, 0.8600
Time Consumption for one epoch is 19.90469002723694s
======================================= Epoch 6 =======================================
================= Test Set =================
+++++++++++ Find New Best Min ACC +++++++++++
The acc is 0.8538, 0.8302, 0.8740
Time Consumption for one epoch is 21.13658118247986s
======================================= Epoch 7 =======================================
================= Test Set =================
+++++++++++ Find New Best Min ACC +++++++++++
The acc is 0.8645, 0.8209, 0.9020
Time Consumption for one epoch is 20.680071353912354s
======================================= Epoch 8 =======================================
================= Test Set =================
+++++++++++ Find New Best Min ACC +++++++++++
The acc is 0.8710, 0.8535, 0.8860
Time Consumption for one epoch is 21.06863784790039s
======================================= Epoch 9 =======================================
================= Test Set =================
The acc is 0.8710, 0.8535, 0.8860
Time Consumption for one epoch is 19.357263803482056s
======================================= Epoch 10 =======================================
================= Test Set =================
+++++++++++ Find New Best Min ACC +++++++++++
The acc is 0.8720, 0.8558, 0.8860
Time Consumption for one epoch is 19.4957275390625s
======================================= Epoch 11 =======================================
================= Test Set =================
The acc is 0.8720, 0.8558, 0.8860
Time Consumption for one epoch is 20.47335934638977s
======================================= Epoch 12 =======================================
================= Test Set =================
+++++++++++ Find New Best Min ACC +++++++++++
The acc is 0.8806, 0.8628, 0.8960
Time Consumption for one epoch is 19.44799780845642s
======================================= Epoch 13 =======================================
================= Test Set =================
The acc is 0.8806, 0.8628, 0.8960
Time Consumption for one epoch is 20.071776390075684s
======================================= Epoch 14 =======================================
================= Test Set =================
The acc is 0.8806, 0.8628, 0.8960
Time Consumption for one epoch is 21.409504652023315s
======================================= Epoch 15 =======================================
================= Test Set =================
The acc is 0.8806, 0.8628, 0.8960
Time Consumption for one epoch is 19.406818628311157s
======================================= Epoch 16 =======================================
================= Test Set =================
+++++++++++ Find New Best Min ACC +++++++++++
The acc is 0.8882, 0.8744, 0.9000
Time Consumption for one epoch is 21.130407094955444s
======================================= Epoch 17 =======================================
================= Test Set =================
The acc is 0.8882, 0.8744, 0.9000
Time Consumption for one epoch is 20.77920365333557s
======================================= Epoch 18 =======================================
================= Test Set =================
The acc is 0.8882, 0.8744, 0.9000
Time Consumption for one epoch is 21.11718201637268s
======================================= Epoch 19 =======================================
================= Test Set =================
The acc is 0.8882, 0.8744, 0.9000
Time Consumption for one epoch is 22.021559238433838s
The final acc is 0.8882, 0.8744, 0.9000
