Namespace(data_dir='/data/yihua/dataset/celeba/celeba.hdf5', result_dir='results', checkpoint=None, resume=False, domain_attrs='Male', target_attrs='Heavy_Makeup', exp_name=None, batch_size=512, lr=0.0001, wd=2e-05, epochs=20, seed=2020, num_workers=8, arch='resnet9', evaluate=False, gv=1e-05, gr=0.3)
======================================= Epoch 0 =======================================
================= Test Set =================
+++++++++++ Find New Best Min ACC +++++++++++
The acc is 0.5000, 0.5000, 0.5000
Time Consumption for one epoch is 10.229366064071655s
======================================= Epoch 1 =======================================
================= Test Set =================
The acc is 0.5000, 0.5000, 0.5000
Time Consumption for one epoch is 7.611307382583618s
======================================= Epoch 2 =======================================
================= Test Set =================
The acc is 0.5000, 0.5000, 0.5000
Time Consumption for one epoch is 9.686376094818115s
======================================= Epoch 3 =======================================
================= Test Set =================
The acc is 0.5000, 0.5000, 0.5000
Time Consumption for one epoch is 8.602350950241089s
======================================= Epoch 4 =======================================
================= Test Set =================
The acc is 0.5000, 0.5000, 0.5000
Time Consumption for one epoch is 8.942864418029785s
======================================= Epoch 5 =======================================
================= Test Set =================
The acc is 0.5000, 0.5000, 0.5000
Time Consumption for one epoch is 9.626797914505005s
======================================= Epoch 6 =======================================
================= Test Set =================
+++++++++++ Find New Best Min ACC +++++++++++
The acc is 0.5045, 0.5000, 0.5057
Time Consumption for one epoch is 8.635658264160156s
======================================= Epoch 7 =======================================
================= Test Set =================
+++++++++++ Find New Best Min ACC +++++++++++
The acc is 0.5364, 0.5227, 0.5398
Time Consumption for one epoch is 8.293902158737183s
======================================= Epoch 8 =======================================
================= Test Set =================
+++++++++++ Find New Best Min ACC +++++++++++
The acc is 0.5909, 0.5682, 0.5966
Time Consumption for one epoch is 8.351849555969238s
======================================= Epoch 9 =======================================
================= Test Set =================
+++++++++++ Find New Best Min ACC +++++++++++
The acc is 0.6409, 0.5227, 0.6705
Time Consumption for one epoch is 7.797562599182129s
======================================= Epoch 10 =======================================
================= Test Set =================
The acc is 0.6409, 0.5227, 0.6705
Time Consumption for one epoch is 7.6192803382873535s
======================================= Epoch 11 =======================================
================= Test Set =================
+++++++++++ Find New Best Min ACC +++++++++++
The acc is 0.6818, 0.5909, 0.7045
Time Consumption for one epoch is 8.867242336273193s
======================================= Epoch 12 =======================================
================= Test Set =================
The acc is 0.6818, 0.5909, 0.7045
Time Consumption for one epoch is 8.463217973709106s
======================================= Epoch 13 =======================================
================= Test Set =================
The acc is 0.6818, 0.5909, 0.7045
Time Consumption for one epoch is 7.625532627105713s
======================================= Epoch 14 =======================================
================= Test Set =================
The acc is 0.6818, 0.5909, 0.7045
Time Consumption for one epoch is 8.742727279663086s
======================================= Epoch 15 =======================================
================= Test Set =================
The acc is 0.6818, 0.5909, 0.7045
Time Consumption for one epoch is 7.643017530441284s
======================================= Epoch 16 =======================================
================= Test Set =================
+++++++++++ Find New Best Min ACC +++++++++++
The acc is 0.7091, 0.6364, 0.7273
Time Consumption for one epoch is 9.35792875289917s
======================================= Epoch 17 =======================================
================= Test Set =================
The acc is 0.7091, 0.6364, 0.7273
Time Consumption for one epoch is 8.547071933746338s
======================================= Epoch 18 =======================================
================= Test Set =================
The acc is 0.7091, 0.6364, 0.7273
Time Consumption for one epoch is 7.39992880821228s
======================================= Epoch 19 =======================================
================= Test Set =================
The acc is 0.7091, 0.6364, 0.7273
Time Consumption for one epoch is 8.561589002609253s
The final acc is 0.7091, 0.6364, 0.7273
