Namespace(data_dir='/data/yihua/dataset/celeba/celeba.hdf5', result_dir='results', checkpoint=None, resume=False, domain_attrs='Male', target_attrs='Heavy_Makeup', exp_name=None, batch_size=512, lr=0.0001, wd=2e-05, epochs=20, seed=2023, num_workers=8, arch='resnet9', evaluate=False, gv=0.01, gr=0.1)
======================================= Epoch 0 =======================================
================= Test Set =================
+++++++++++ Find New Best Min ACC +++++++++++
The acc is 0.5000, 0.5000, 0.5000
Time Consumption for one epoch is 9.009189367294312s
======================================= Epoch 1 =======================================
================= Test Set =================
+++++++++++ Find New Best Min ACC +++++++++++
The acc is 0.5773, 0.4773, 0.6023
Time Consumption for one epoch is 8.6431565284729s
======================================= Epoch 2 =======================================
================= Test Set =================
The acc is 0.5773, 0.4773, 0.6023
Time Consumption for one epoch is 8.840523719787598s
======================================= Epoch 3 =======================================
================= Test Set =================
The acc is 0.5773, 0.4773, 0.6023
Time Consumption for one epoch is 7.5251970291137695s
======================================= Epoch 4 =======================================
================= Test Set =================
The acc is 0.5773, 0.4773, 0.6023
Time Consumption for one epoch is 7.512529134750366s
======================================= Epoch 5 =======================================
================= Test Set =================
The acc is 0.5773, 0.4773, 0.6023
Time Consumption for one epoch is 8.23302936553955s
======================================= Epoch 6 =======================================
================= Test Set =================
The acc is 0.5773, 0.4773, 0.6023
Time Consumption for one epoch is 9.067202806472778s
======================================= Epoch 7 =======================================
================= Test Set =================
The acc is 0.5773, 0.4773, 0.6023
Time Consumption for one epoch is 8.155684471130371s
======================================= Epoch 8 =======================================
================= Test Set =================
The acc is 0.5773, 0.4773, 0.6023
Time Consumption for one epoch is 7.868626117706299s
======================================= Epoch 9 =======================================
================= Test Set =================
+++++++++++ Find New Best Min ACC +++++++++++
The acc is 0.6318, 0.4773, 0.6705
Time Consumption for one epoch is 7.481923818588257s
======================================= Epoch 10 =======================================
================= Test Set =================
+++++++++++ Find New Best Min ACC +++++++++++
The acc is 0.6364, 0.4773, 0.6761
Time Consumption for one epoch is 7.20562744140625s
======================================= Epoch 11 =======================================
================= Test Set =================
The acc is 0.6364, 0.4773, 0.6761
Time Consumption for one epoch is 9.1696937084198s
======================================= Epoch 12 =======================================
================= Test Set =================
The acc is 0.6364, 0.4773, 0.6761
Time Consumption for one epoch is 9.333844423294067s
======================================= Epoch 13 =======================================
================= Test Set =================
The acc is 0.6364, 0.4773, 0.6761
Time Consumption for one epoch is 7.840952396392822s
======================================= Epoch 14 =======================================
================= Test Set =================
+++++++++++ Find New Best Min ACC +++++++++++
The acc is 0.6636, 0.5682, 0.6875
Time Consumption for one epoch is 9.496187448501587s
======================================= Epoch 15 =======================================
================= Test Set =================
+++++++++++ Find New Best Min ACC +++++++++++
The acc is 0.6682, 0.5455, 0.6989
Time Consumption for one epoch is 9.15730094909668s
======================================= Epoch 16 =======================================
================= Test Set =================
The acc is 0.6682, 0.5455, 0.6989
Time Consumption for one epoch is 8.108302593231201s
======================================= Epoch 17 =======================================
================= Test Set =================
The acc is 0.6682, 0.5455, 0.6989
Time Consumption for one epoch is 7.832612752914429s
======================================= Epoch 18 =======================================
================= Test Set =================
The acc is 0.6682, 0.5455, 0.6989
Time Consumption for one epoch is 8.229194164276123s
======================================= Epoch 19 =======================================
================= Test Set =================
The acc is 0.6682, 0.5455, 0.6989
Time Consumption for one epoch is 8.670201063156128s
The final acc is 0.6682, 0.5455, 0.6989
