Namespace(data_dir='/data/yihua/dataset/celeba/celeba.hdf5', result_dir='results', checkpoint=None, resume=False, domain_attrs='Male', target_attrs='Blond_Hair', exp_name=None, batch_size=512, lr=0.0001, wd=2e-05, epochs=20, seed=2021, num_workers=8, arch='resnet18', evaluate=False, gv=1e-06, gr=0.3)
======================================= Epoch 0 =======================================
================= Test Set =================
+++++++++++ Find New Best Min ACC +++++++++++
The acc is 0.5000, 0.5000, 0.5000
Time Consumption for one epoch is 46.0829062461853s
======================================= Epoch 1 =======================================
================= Test Set =================
+++++++++++ Find New Best Min ACC +++++++++++
The acc is 0.8350, 0.7722, 0.8507
Time Consumption for one epoch is 44.74442791938782s
======================================= Epoch 2 =======================================
================= Test Set =================
+++++++++++ Find New Best Min ACC +++++++++++
The acc is 0.8978, 0.8528, 0.9090
Time Consumption for one epoch is 43.07781362533569s
======================================= Epoch 3 =======================================
================= Test Set =================
The acc is 0.8978, 0.8528, 0.9090
Time Consumption for one epoch is 43.55017638206482s
======================================= Epoch 4 =======================================
================= Test Set =================
+++++++++++ Find New Best Min ACC +++++++++++
The acc is 0.9011, 0.8778, 0.9069
Time Consumption for one epoch is 44.43726468086243s
======================================= Epoch 5 =======================================
================= Test Set =================
The acc is 0.9011, 0.8778, 0.9069
Time Consumption for one epoch is 42.9452223777771s
======================================= Epoch 6 =======================================
================= Test Set =================
The acc is 0.9011, 0.8778, 0.9069
Time Consumption for one epoch is 41.60880374908447s
======================================= Epoch 7 =======================================
================= Test Set =================
+++++++++++ Find New Best Min ACC +++++++++++
The acc is 0.9061, 0.8917, 0.9097
Time Consumption for one epoch is 42.52289819717407s
======================================= Epoch 8 =======================================
================= Test Set =================
The acc is 0.9061, 0.8917, 0.9097
Time Consumption for one epoch is 41.39058327674866s
======================================= Epoch 9 =======================================
================= Test Set =================
The acc is 0.9061, 0.8917, 0.9097
Time Consumption for one epoch is 41.6716628074646s
======================================= Epoch 10 =======================================
================= Test Set =================
The acc is 0.9061, 0.8917, 0.9097
Time Consumption for one epoch is 40.88021993637085s
======================================= Epoch 11 =======================================
================= Test Set =================
The acc is 0.9061, 0.8917, 0.9097
Time Consumption for one epoch is 43.3565776348114s
======================================= Epoch 12 =======================================
================= Test Set =================
The acc is 0.9061, 0.8917, 0.9097
Time Consumption for one epoch is 42.45868515968323s
======================================= Epoch 13 =======================================
================= Test Set =================
The acc is 0.9061, 0.8917, 0.9097
Time Consumption for one epoch is 41.66357636451721s
======================================= Epoch 14 =======================================
================= Test Set =================
The acc is 0.9061, 0.8917, 0.9097
Time Consumption for one epoch is 43.20021963119507s
======================================= Epoch 15 =======================================
================= Test Set =================
The acc is 0.9061, 0.8917, 0.9097
Time Consumption for one epoch is 43.04322695732117s
======================================= Epoch 16 =======================================
================= Test Set =================
+++++++++++ Find New Best Min ACC +++++++++++
The acc is 0.9122, 0.8833, 0.9194
Time Consumption for one epoch is 43.45302724838257s
======================================= Epoch 17 =======================================
================= Test Set =================
+++++++++++ Find New Best Min ACC +++++++++++
The acc is 0.9133, 0.8917, 0.9187
Time Consumption for one epoch is 44.17658281326294s
======================================= Epoch 18 =======================================
================= Test Set =================
The acc is 0.9133, 0.8917, 0.9187
Time Consumption for one epoch is 43.07191348075867s
======================================= Epoch 19 =======================================
================= Test Set =================
The acc is 0.9133, 0.8917, 0.9187
Time Consumption for one epoch is 42.244224309921265s
The final acc is 0.9133, 0.8917, 0.9187
