Namespace(data_dir='/data/yihua/dataset/celeba/celeba.hdf5', result_dir='results', checkpoint=None, resume=False, domain_attrs='Male', target_attrs='Blond_Hair', exp_name=None, batch_size=512, lr=0.0001, wd=2e-05, epochs=20, seed=2022, num_workers=8, arch='resnet18', evaluate=False, gv=0.001, gr=0.5)
======================================= Epoch 0 =======================================
================= Test Set =================
+++++++++++ Find New Best Min ACC +++++++++++
The acc is 0.5028, 0.4972, 0.5042
Time Consumption for one epoch is 46.92989110946655s
======================================= Epoch 1 =======================================
================= Test Set =================
+++++++++++ Find New Best Min ACC +++++++++++
The acc is 0.8861, 0.8500, 0.8951
Time Consumption for one epoch is 45.99865674972534s
======================================= Epoch 2 =======================================
================= Test Set =================
+++++++++++ Find New Best Min ACC +++++++++++
The acc is 0.9000, 0.8889, 0.9028
Time Consumption for one epoch is 44.394402503967285s
======================================= Epoch 3 =======================================
================= Test Set =================
The acc is 0.9000, 0.8889, 0.9028
Time Consumption for one epoch is 43.61836862564087s
======================================= Epoch 4 =======================================
================= Test Set =================
+++++++++++ Find New Best Min ACC +++++++++++
The acc is 0.9050, 0.8833, 0.9104
Time Consumption for one epoch is 46.05282115936279s
======================================= Epoch 5 =======================================
================= Test Set =================
+++++++++++ Find New Best Min ACC +++++++++++
The acc is 0.9056, 0.8861, 0.9104
Time Consumption for one epoch is 44.48057556152344s
======================================= Epoch 6 =======================================
================= Test Set =================
+++++++++++ Find New Best Min ACC +++++++++++
The acc is 0.9117, 0.9083, 0.9125
Time Consumption for one epoch is 44.22843647003174s
======================================= Epoch 7 =======================================
================= Test Set =================
The acc is 0.9117, 0.9083, 0.9125
Time Consumption for one epoch is 43.87685775756836s
======================================= Epoch 8 =======================================
================= Test Set =================
+++++++++++ Find New Best Min ACC +++++++++++
The acc is 0.9128, 0.8944, 0.9174
Time Consumption for one epoch is 45.31506276130676s
======================================= Epoch 9 =======================================
================= Test Set =================
The acc is 0.9128, 0.8944, 0.9174
Time Consumption for one epoch is 42.70158791542053s
======================================= Epoch 10 =======================================
================= Test Set =================
The acc is 0.9128, 0.8944, 0.9174
Time Consumption for one epoch is 44.352545738220215s
======================================= Epoch 11 =======================================
================= Test Set =================
The acc is 0.9128, 0.8944, 0.9174
Time Consumption for one epoch is 44.4717493057251s
======================================= Epoch 12 =======================================
================= Test Set =================
The acc is 0.9128, 0.8944, 0.9174
Time Consumption for one epoch is 43.852494955062866s
======================================= Epoch 13 =======================================
================= Test Set =================
The acc is 0.9128, 0.8944, 0.9174
Time Consumption for one epoch is 44.33425807952881s
======================================= Epoch 14 =======================================
================= Test Set =================
The acc is 0.9128, 0.8944, 0.9174
Time Consumption for one epoch is 42.329463720321655s
======================================= Epoch 15 =======================================
================= Test Set =================
The acc is 0.9128, 0.8944, 0.9174
Time Consumption for one epoch is 43.71143412590027s
======================================= Epoch 16 =======================================
================= Test Set =================
The acc is 0.9128, 0.8944, 0.9174
Time Consumption for one epoch is 44.0258686542511s
======================================= Epoch 17 =======================================
================= Test Set =================
The acc is 0.9128, 0.8944, 0.9174
Time Consumption for one epoch is 44.7399640083313s
======================================= Epoch 18 =======================================
================= Test Set =================
The acc is 0.9128, 0.8944, 0.9174
Time Consumption for one epoch is 44.98641347885132s
======================================= Epoch 19 =======================================
================= Test Set =================
The acc is 0.9128, 0.8944, 0.9174
Time Consumption for one epoch is 42.25667142868042s
The final acc is 0.9128, 0.8944, 0.9174
