Namespace(data_dir='/data/yihua/dataset/celeba/celeba.hdf5', result_dir='rotation_study', checkpoint=None, resume=False, domain_attrs='Male', target_attrs='Blond_Hair', exp_name=None, batch_size=512, lr=0.0001, wd=2e-05, epochs=20, seed=2021, num_workers=8, arch='resnet9', evaluate=False, total_num=5000, test_num=1000, gv=30.0, gr=0.3, minor_ratio=0.2, add_aug='rotation')
======================================= Epoch 0 =======================================
================= Test Set =================
+++++++++++ Find New Best Min ACC +++++++++++
The acc is 0.4624, 0.4186, 0.5000
Time Consumption for one epoch is 16.960430145263672s
======================================= Epoch 1 =======================================
================= Test Set =================
+++++++++++ Find New Best Min ACC +++++++++++
The acc is 0.4634, 0.4186, 0.5020
Time Consumption for one epoch is 14.580317497253418s
======================================= Epoch 2 =======================================
================= Test Set =================
+++++++++++ Find New Best Min ACC +++++++++++
The acc is 0.7000, 0.6581, 0.7360
Time Consumption for one epoch is 15.173468351364136s
======================================= Epoch 3 =======================================
================= Test Set =================
+++++++++++ Find New Best Min ACC +++++++++++
The acc is 0.8065, 0.7907, 0.8200
Time Consumption for one epoch is 14.70710802078247s
======================================= Epoch 4 =======================================
================= Test Set =================
+++++++++++ Find New Best Min ACC +++++++++++
The acc is 0.8538, 0.8349, 0.8700
Time Consumption for one epoch is 15.009088516235352s
======================================= Epoch 5 =======================================
================= Test Set =================
The acc is 0.8538, 0.8349, 0.8700
Time Consumption for one epoch is 14.007280349731445s
======================================= Epoch 6 =======================================
================= Test Set =================
The acc is 0.8538, 0.8349, 0.8700
Time Consumption for one epoch is 14.375133275985718s
======================================= Epoch 7 =======================================
================= Test Set =================
The acc is 0.8538, 0.8349, 0.8700
Time Consumption for one epoch is 15.023573637008667s
======================================= Epoch 8 =======================================
================= Test Set =================
+++++++++++ Find New Best Min ACC +++++++++++
The acc is 0.8817, 0.8512, 0.9080
Time Consumption for one epoch is 15.052370548248291s
======================================= Epoch 9 =======================================
================= Test Set =================
The acc is 0.8817, 0.8512, 0.9080
Time Consumption for one epoch is 14.342628717422485s
======================================= Epoch 10 =======================================
================= Test Set =================
The acc is 0.8817, 0.8512, 0.9080
Time Consumption for one epoch is 14.512305498123169s
======================================= Epoch 11 =======================================
================= Test Set =================
The acc is 0.8817, 0.8512, 0.9080
Time Consumption for one epoch is 14.175395965576172s
======================================= Epoch 12 =======================================
================= Test Set =================
The acc is 0.8817, 0.8512, 0.9080
Time Consumption for one epoch is 14.354303359985352s
======================================= Epoch 13 =======================================
================= Test Set =================
+++++++++++ Find New Best Min ACC +++++++++++
The acc is 0.8892, 0.8744, 0.9020
Time Consumption for one epoch is 14.115692615509033s
======================================= Epoch 14 =======================================
================= Test Set =================
+++++++++++ Find New Best Min ACC +++++++++++
The acc is 0.8914, 0.8791, 0.9020
Time Consumption for one epoch is 15.383601665496826s
======================================= Epoch 15 =======================================
================= Test Set =================
The acc is 0.8914, 0.8791, 0.9020
Time Consumption for one epoch is 15.085395097732544s
======================================= Epoch 16 =======================================
================= Test Set =================
The acc is 0.8914, 0.8791, 0.9020
Time Consumption for one epoch is 14.684001207351685s
======================================= Epoch 17 =======================================
================= Test Set =================
The acc is 0.8914, 0.8791, 0.9020
Time Consumption for one epoch is 15.14432978630066s
======================================= Epoch 18 =======================================
================= Test Set =================
+++++++++++ Find New Best Min ACC +++++++++++
The acc is 0.8957, 0.8837, 0.9060
Time Consumption for one epoch is 14.40246295928955s
======================================= Epoch 19 =======================================
================= Test Set =================
The acc is 0.8957, 0.8837, 0.9060
Time Consumption for one epoch is 14.306912899017334s
The final acc is 0.8957, 0.8837, 0.9060
