Namespace(data_dir='/data/yihua/dataset/celeba/celeba.hdf5', result_dir='results', checkpoint=None, resume=False, domain_attrs='Male', target_attrs='High_Cheekbones', exp_name=None, batch_size=512, lr=0.0001, wd=2e-05, epochs=20, seed=2022, num_workers=8, arch='resnet9', evaluate=False, gv=0.25, gr=0.5)
======================================= Epoch 0 =======================================
================= Test Set =================
+++++++++++ Find New Best Min ACC +++++++++++
The acc is 0.8423, 0.7967, 0.8537
Time Consumption for one epoch is 144.30247116088867s
======================================= Epoch 1 =======================================
================= Test Set =================
+++++++++++ Find New Best Min ACC +++++++++++
The acc is 0.8445, 0.7999, 0.8557
Time Consumption for one epoch is 143.11684107780457s
======================================= Epoch 2 =======================================
================= Test Set =================
+++++++++++ Find New Best Min ACC +++++++++++
The acc is 0.8561, 0.7975, 0.8707
Time Consumption for one epoch is 142.54522681236267s
======================================= Epoch 3 =======================================
================= Test Set =================
+++++++++++ Find New Best Min ACC +++++++++++
The acc is 0.8580, 0.8180, 0.8680
Time Consumption for one epoch is 141.54434537887573s
======================================= Epoch 4 =======================================
================= Test Set =================
+++++++++++ Find New Best Min ACC +++++++++++
The acc is 0.8656, 0.8188, 0.8773
Time Consumption for one epoch is 145.73809361457825s
======================================= Epoch 5 =======================================
================= Test Set =================
The acc is 0.8656, 0.8188, 0.8773
Time Consumption for one epoch is 142.25664710998535s
======================================= Epoch 6 =======================================
================= Test Set =================
+++++++++++ Find New Best Min ACC +++++++++++
The acc is 0.8724, 0.8312, 0.8826
Time Consumption for one epoch is 145.52282285690308s
======================================= Epoch 7 =======================================
================= Test Set =================
+++++++++++ Find New Best Min ACC +++++++++++
The acc is 0.8736, 0.8308, 0.8843
Time Consumption for one epoch is 143.40283703804016s
======================================= Epoch 8 =======================================
================= Test Set =================
The acc is 0.8736, 0.8308, 0.8843
Time Consumption for one epoch is 141.39740872383118s
======================================= Epoch 9 =======================================
================= Test Set =================
+++++++++++ Find New Best Min ACC +++++++++++
The acc is 0.8749, 0.8292, 0.8863
Time Consumption for one epoch is 142.95719456672668s
======================================= Epoch 10 =======================================
================= Test Set =================
+++++++++++ Find New Best Min ACC +++++++++++
The acc is 0.8754, 0.8348, 0.8855
Time Consumption for one epoch is 142.02920746803284s
======================================= Epoch 11 =======================================
================= Test Set =================
The acc is 0.8754, 0.8348, 0.8855
Time Consumption for one epoch is 145.20936727523804s
======================================= Epoch 12 =======================================
================= Test Set =================
The acc is 0.8754, 0.8348, 0.8855
Time Consumption for one epoch is 141.85021042823792s
======================================= Epoch 13 =======================================
================= Test Set =================
+++++++++++ Find New Best Min ACC +++++++++++
The acc is 0.8757, 0.8300, 0.8872
Time Consumption for one epoch is 142.58839392662048s
======================================= Epoch 14 =======================================
================= Test Set =================
+++++++++++ Find New Best Min ACC +++++++++++
The acc is 0.8763, 0.8328, 0.8872
Time Consumption for one epoch is 142.2225682735443s
======================================= Epoch 15 =======================================
================= Test Set =================
The acc is 0.8763, 0.8328, 0.8872
Time Consumption for one epoch is 146.0204622745514s
======================================= Epoch 16 =======================================
================= Test Set =================
+++++++++++ Find New Best Min ACC +++++++++++
The acc is 0.8810, 0.8340, 0.8928
Time Consumption for one epoch is 140.85289120674133s
======================================= Epoch 17 =======================================
================= Test Set =================
The acc is 0.8810, 0.8340, 0.8928
Time Consumption for one epoch is 143.86331820487976s
======================================= Epoch 18 =======================================
================= Test Set =================
The acc is 0.8810, 0.8340, 0.8928
Time Consumption for one epoch is 141.16508102416992s
======================================= Epoch 19 =======================================
================= Test Set =================
+++++++++++ Find New Best Min ACC +++++++++++
The acc is 0.8814, 0.8420, 0.8913
Time Consumption for one epoch is 145.57274985313416s
The final acc is 0.8814, 0.8420, 0.8913
