Namespace(data_dir='/data/yihua/dataset/celeba/celeba.hdf5', result_dir='crop_study', checkpoint=None, resume=False, domain_attrs='Male', target_attrs='Blond_Hair', exp_name=None, batch_size=512, lr=0.0001, wd=2e-05, epochs=20, seed=2020, num_workers=8, arch='resnet18', evaluate=False, total_num=5000, test_num=1000, gv=200.0, gr=0.5, minor_ratio=0.2, add_aug='crop')
======================================= Epoch 0 =======================================
================= Test Set =================
+++++++++++ Find New Best Min ACC +++++++++++
The acc is 0.4624, 0.4186, 0.5000
Time Consumption for one epoch is 23.219194889068604s
======================================= Epoch 1 =======================================
================= Test Set =================
The acc is 0.4624, 0.4186, 0.5000
Time Consumption for one epoch is 21.48505163192749s
======================================= Epoch 2 =======================================
================= Test Set =================
+++++++++++ Find New Best Min ACC +++++++++++
The acc is 0.5602, 0.5465, 0.5720
Time Consumption for one epoch is 21.277933597564697s
======================================= Epoch 3 =======================================
================= Test Set =================
+++++++++++ Find New Best Min ACC +++++++++++
The acc is 0.6742, 0.6605, 0.6860
Time Consumption for one epoch is 20.21401619911194s
======================================= Epoch 4 =======================================
================= Test Set =================
+++++++++++ Find New Best Min ACC +++++++++++
The acc is 0.7194, 0.7233, 0.7160
Time Consumption for one epoch is 21.59220027923584s
======================================= Epoch 5 =======================================
================= Test Set =================
+++++++++++ Find New Best Min ACC +++++++++++
The acc is 0.8806, 0.8605, 0.8980
Time Consumption for one epoch is 22.199647903442383s
======================================= Epoch 6 =======================================
================= Test Set =================
The acc is 0.8806, 0.8605, 0.8980
Time Consumption for one epoch is 20.0442533493042s
======================================= Epoch 7 =======================================
================= Test Set =================
The acc is 0.8806, 0.8605, 0.8980
Time Consumption for one epoch is 21.467228651046753s
======================================= Epoch 8 =======================================
================= Test Set =================
The acc is 0.8806, 0.8605, 0.8980
Time Consumption for one epoch is 20.85767960548401s
======================================= Epoch 9 =======================================
================= Test Set =================
The acc is 0.8806, 0.8605, 0.8980
Time Consumption for one epoch is 20.589748859405518s
======================================= Epoch 10 =======================================
================= Test Set =================
+++++++++++ Find New Best Min ACC +++++++++++
The acc is 0.8828, 0.8628, 0.9000
Time Consumption for one epoch is 19.566818714141846s
======================================= Epoch 11 =======================================
================= Test Set =================
The acc is 0.8828, 0.8628, 0.9000
Time Consumption for one epoch is 21.120647430419922s
======================================= Epoch 12 =======================================
================= Test Set =================
The acc is 0.8828, 0.8628, 0.9000
Time Consumption for one epoch is 21.594215631484985s
======================================= Epoch 13 =======================================
================= Test Set =================
The acc is 0.8828, 0.8628, 0.9000
Time Consumption for one epoch is 20.056535243988037s
======================================= Epoch 14 =======================================
================= Test Set =================
+++++++++++ Find New Best Min ACC +++++++++++
The acc is 0.8839, 0.8628, 0.9020
Time Consumption for one epoch is 20.984065771102905s
======================================= Epoch 15 =======================================
================= Test Set =================
The acc is 0.8839, 0.8628, 0.9020
Time Consumption for one epoch is 20.418370008468628s
======================================= Epoch 16 =======================================
================= Test Set =================
+++++++++++ Find New Best Min ACC +++++++++++
The acc is 0.8882, 0.8698, 0.9040
Time Consumption for one epoch is 20.645540475845337s
======================================= Epoch 17 =======================================
================= Test Set =================
The acc is 0.8882, 0.8698, 0.9040
Time Consumption for one epoch is 21.079068899154663s
======================================= Epoch 18 =======================================
================= Test Set =================
The acc is 0.8882, 0.8698, 0.9040
Time Consumption for one epoch is 21.369587182998657s
======================================= Epoch 19 =======================================
================= Test Set =================
The acc is 0.8882, 0.8698, 0.9040
Time Consumption for one epoch is 22.250838041305542s
The final acc is 0.8882, 0.8698, 0.9040
