Namespace(data_dir='/data/yihua/dataset/celeba/celeba.hdf5', result_dir='results', checkpoint=None, resume=False, domain_attrs='Male', target_attrs='Heavy_Makeup', exp_name=None, batch_size=512, lr=0.0001, wd=2e-05, epochs=20, seed=2023, num_workers=8, arch='resnet9', evaluate=False, gv=1e-05, gr=0.3)
======================================= Epoch 0 =======================================
================= Test Set =================
+++++++++++ Find New Best Min ACC +++++++++++
The acc is 0.5000, 0.5000, 0.5000
Time Consumption for one epoch is 8.208062171936035s
======================================= Epoch 1 =======================================
================= Test Set =================
The acc is 0.5000, 0.5000, 0.5000
Time Consumption for one epoch is 7.92615008354187s
======================================= Epoch 2 =======================================
================= Test Set =================
+++++++++++ Find New Best Min ACC +++++++++++
The acc is 0.5045, 0.5227, 0.5000
Time Consumption for one epoch is 7.7389562129974365s
======================================= Epoch 3 =======================================
================= Test Set =================
The acc is 0.5045, 0.5227, 0.5000
Time Consumption for one epoch is 9.799055814743042s
======================================= Epoch 4 =======================================
================= Test Set =================
The acc is 0.5045, 0.5227, 0.5000
Time Consumption for one epoch is 8.679308414459229s
======================================= Epoch 5 =======================================
================= Test Set =================
The acc is 0.5045, 0.5227, 0.5000
Time Consumption for one epoch is 8.14172911643982s
======================================= Epoch 6 =======================================
================= Test Set =================
The acc is 0.5045, 0.5227, 0.5000
Time Consumption for one epoch is 8.443255424499512s
======================================= Epoch 7 =======================================
================= Test Set =================
+++++++++++ Find New Best Min ACC +++++++++++
The acc is 0.5091, 0.5000, 0.5114
Time Consumption for one epoch is 7.827409505844116s
======================================= Epoch 8 =======================================
================= Test Set =================
+++++++++++ Find New Best Min ACC +++++++++++
The acc is 0.5636, 0.5455, 0.5682
Time Consumption for one epoch is 9.804588317871094s
======================================= Epoch 9 =======================================
================= Test Set =================
+++++++++++ Find New Best Min ACC +++++++++++
The acc is 0.6682, 0.5455, 0.6989
Time Consumption for one epoch is 10.060867309570312s
======================================= Epoch 10 =======================================
================= Test Set =================
The acc is 0.6682, 0.5455, 0.6989
Time Consumption for one epoch is 8.15634822845459s
======================================= Epoch 11 =======================================
================= Test Set =================
+++++++++++ Find New Best Min ACC +++++++++++
The acc is 0.7000, 0.5682, 0.7330
Time Consumption for one epoch is 9.707104682922363s
======================================= Epoch 12 =======================================
================= Test Set =================
The acc is 0.7000, 0.5682, 0.7330
Time Consumption for one epoch is 9.91753602027893s
======================================= Epoch 13 =======================================
================= Test Set =================
The acc is 0.7000, 0.5682, 0.7330
Time Consumption for one epoch is 8.439809799194336s
======================================= Epoch 14 =======================================
================= Test Set =================
The acc is 0.7000, 0.5682, 0.7330
Time Consumption for one epoch is 7.948554277420044s
======================================= Epoch 15 =======================================
================= Test Set =================
The acc is 0.7000, 0.5682, 0.7330
Time Consumption for one epoch is 8.25081181526184s
======================================= Epoch 16 =======================================
================= Test Set =================
The acc is 0.7000, 0.5682, 0.7330
Time Consumption for one epoch is 7.767380952835083s
======================================= Epoch 17 =======================================
================= Test Set =================
+++++++++++ Find New Best Min ACC +++++++++++
The acc is 0.7318, 0.6136, 0.7614
Time Consumption for one epoch is 10.015806436538696s
======================================= Epoch 18 =======================================
================= Test Set =================
The acc is 0.7318, 0.6136, 0.7614
Time Consumption for one epoch is 8.953575372695923s
======================================= Epoch 19 =======================================
================= Test Set =================
The acc is 0.7318, 0.6136, 0.7614
Time Consumption for one epoch is 9.136076211929321s
The final acc is 0.7318, 0.6136, 0.7614
