Namespace(data_dir='/data/yihua/dataset/celeba/celeba.hdf5', result_dir='rotation_study', checkpoint=None, resume=False, domain_attrs='Male', target_attrs='Blond_Hair', exp_name=None, batch_size=512, lr=0.0001, wd=2e-05, epochs=20, seed=2022, num_workers=8, arch='resnet9', evaluate=False, total_num=5000, test_num=1000, gv=0.0, gr=0.5, minor_ratio=0.2, add_aug='rotation')
======================================= Epoch 0 =======================================
================= Test Set =================
+++++++++++ Find New Best Min ACC +++++++++++
The acc is 0.4624, 0.4186, 0.5000
Time Consumption for one epoch is 15.853442192077637s
======================================= Epoch 1 =======================================
================= Test Set =================
The acc is 0.4624, 0.4186, 0.5000
Time Consumption for one epoch is 14.54773736000061s
======================================= Epoch 2 =======================================
================= Test Set =================
+++++++++++ Find New Best Min ACC +++++++++++
The acc is 0.5903, 0.5256, 0.6460
Time Consumption for one epoch is 14.091711521148682s
======================================= Epoch 3 =======================================
================= Test Set =================
+++++++++++ Find New Best Min ACC +++++++++++
The acc is 0.8258, 0.7884, 0.8580
Time Consumption for one epoch is 14.295666933059692s
======================================= Epoch 4 =======================================
================= Test Set =================
+++++++++++ Find New Best Min ACC +++++++++++
The acc is 0.8333, 0.8163, 0.8480
Time Consumption for one epoch is 14.64841365814209s
======================================= Epoch 5 =======================================
================= Test Set =================
+++++++++++ Find New Best Min ACC +++++++++++
The acc is 0.8806, 0.8605, 0.8980
Time Consumption for one epoch is 14.098461151123047s
======================================= Epoch 6 =======================================
================= Test Set =================
The acc is 0.8806, 0.8605, 0.8980
Time Consumption for one epoch is 13.656010389328003s
======================================= Epoch 7 =======================================
================= Test Set =================
+++++++++++ Find New Best Min ACC +++++++++++
The acc is 0.8817, 0.8651, 0.8960
Time Consumption for one epoch is 14.226110935211182s
======================================= Epoch 8 =======================================
================= Test Set =================
The acc is 0.8817, 0.8651, 0.8960
Time Consumption for one epoch is 14.380694389343262s
======================================= Epoch 9 =======================================
================= Test Set =================
The acc is 0.8817, 0.8651, 0.8960
Time Consumption for one epoch is 14.212584018707275s
======================================= Epoch 10 =======================================
================= Test Set =================
The acc is 0.8817, 0.8651, 0.8960
Time Consumption for one epoch is 14.473520278930664s
======================================= Epoch 11 =======================================
================= Test Set =================
+++++++++++ Find New Best Min ACC +++++++++++
The acc is 0.8946, 0.8884, 0.9000
Time Consumption for one epoch is 14.924871683120728s
======================================= Epoch 12 =======================================
================= Test Set =================
The acc is 0.8946, 0.8884, 0.9000
Time Consumption for one epoch is 14.230945110321045s
======================================= Epoch 13 =======================================
================= Test Set =================
The acc is 0.8946, 0.8884, 0.9000
Time Consumption for one epoch is 13.798727035522461s
======================================= Epoch 14 =======================================
================= Test Set =================
The acc is 0.8946, 0.8884, 0.9000
Time Consumption for one epoch is 14.868852853775024s
======================================= Epoch 15 =======================================
================= Test Set =================
The acc is 0.8946, 0.8884, 0.9000
Time Consumption for one epoch is 14.035054445266724s
======================================= Epoch 16 =======================================
================= Test Set =================
The acc is 0.8946, 0.8884, 0.9000
Time Consumption for one epoch is 14.381919622421265s
======================================= Epoch 17 =======================================
================= Test Set =================
+++++++++++ Find New Best Min ACC +++++++++++
The acc is 0.8957, 0.8884, 0.9020
Time Consumption for one epoch is 14.523975849151611s
======================================= Epoch 18 =======================================
================= Test Set =================
The acc is 0.8957, 0.8884, 0.9020
Time Consumption for one epoch is 14.212089776992798s
======================================= Epoch 19 =======================================
================= Test Set =================
The acc is 0.8957, 0.8884, 0.9020
Time Consumption for one epoch is 14.735753059387207s
The final acc is 0.8957, 0.8884, 0.9020
