Namespace(data_dir='/data/yihua/dataset/celeba/celeba.hdf5', result_dir='results', checkpoint=None, resume=False, domain_attrs='Male', target_attrs='Blond_Hair', exp_name=None, batch_size=512, lr=0.0001, wd=2e-05, epochs=20, seed=2020, num_workers=8, arch='resnet9', evaluate=False, gv=10.0, gr=0.5)
======================================= Epoch 0 =======================================
================= Test Set =================
+++++++++++ Find New Best Min ACC +++++++++++
The acc is 0.8344, 0.7917, 0.8451
Time Consumption for one epoch is 28.028281688690186s
======================================= Epoch 1 =======================================
================= Test Set =================
+++++++++++ Find New Best Min ACC +++++++++++
The acc is 0.8478, 0.7667, 0.8681
Time Consumption for one epoch is 25.825130701065063s
======================================= Epoch 2 =======================================
================= Test Set =================
The acc is 0.8478, 0.7667, 0.8681
Time Consumption for one epoch is 23.786219596862793s
======================================= Epoch 3 =======================================
================= Test Set =================
+++++++++++ Find New Best Min ACC +++++++++++
The acc is 0.8833, 0.8417, 0.8938
Time Consumption for one epoch is 25.018946170806885s
======================================= Epoch 4 =======================================
================= Test Set =================
+++++++++++ Find New Best Min ACC +++++++++++
The acc is 0.8894, 0.8417, 0.9014
Time Consumption for one epoch is 24.55187726020813s
======================================= Epoch 5 =======================================
================= Test Set =================
+++++++++++ Find New Best Min ACC +++++++++++
The acc is 0.8933, 0.8556, 0.9028
Time Consumption for one epoch is 24.364012718200684s
======================================= Epoch 6 =======================================
================= Test Set =================
+++++++++++ Find New Best Min ACC +++++++++++
The acc is 0.8956, 0.8778, 0.9000
Time Consumption for one epoch is 25.609089851379395s
======================================= Epoch 7 =======================================
================= Test Set =================
+++++++++++ Find New Best Min ACC +++++++++++
The acc is 0.8989, 0.8750, 0.9049
Time Consumption for one epoch is 25.303892135620117s
======================================= Epoch 8 =======================================
================= Test Set =================
+++++++++++ Find New Best Min ACC +++++++++++
The acc is 0.9067, 0.8861, 0.9118
Time Consumption for one epoch is 24.780727863311768s
======================================= Epoch 9 =======================================
================= Test Set =================
The acc is 0.9067, 0.8861, 0.9118
Time Consumption for one epoch is 24.307493686676025s
======================================= Epoch 10 =======================================
================= Test Set =================
The acc is 0.9067, 0.8861, 0.9118
Time Consumption for one epoch is 25.241692304611206s
======================================= Epoch 11 =======================================
================= Test Set =================
+++++++++++ Find New Best Min ACC +++++++++++
The acc is 0.9100, 0.9083, 0.9104
Time Consumption for one epoch is 26.232595682144165s
======================================= Epoch 12 =======================================
================= Test Set =================
The acc is 0.9100, 0.9083, 0.9104
Time Consumption for one epoch is 24.706883907318115s
======================================= Epoch 13 =======================================
================= Test Set =================
The acc is 0.9100, 0.9083, 0.9104
Time Consumption for one epoch is 24.53107738494873s
======================================= Epoch 14 =======================================
================= Test Set =================
The acc is 0.9100, 0.9083, 0.9104
Time Consumption for one epoch is 24.890613079071045s
======================================= Epoch 15 =======================================
================= Test Set =================
The acc is 0.9100, 0.9083, 0.9104
Time Consumption for one epoch is 23.900598526000977s
======================================= Epoch 16 =======================================
================= Test Set =================
+++++++++++ Find New Best Min ACC +++++++++++
The acc is 0.9161, 0.9028, 0.9194
Time Consumption for one epoch is 25.479681253433228s
======================================= Epoch 17 =======================================
================= Test Set =================
+++++++++++ Find New Best Min ACC +++++++++++
The acc is 0.9206, 0.9000, 0.9257
Time Consumption for one epoch is 24.949869394302368s
======================================= Epoch 18 =======================================
================= Test Set =================
The acc is 0.9206, 0.9000, 0.9257
Time Consumption for one epoch is 24.84961175918579s
======================================= Epoch 19 =======================================
================= Test Set =================
The acc is 0.9206, 0.9000, 0.9257
Time Consumption for one epoch is 24.61232304573059s
The final acc is 0.9206, 0.9000, 0.9257
