Namespace(data_dir='/data/yihua/dataset/celeba/celeba.hdf5', result_dir='results', checkpoint=None, resume=False, domain_attrs='Male', target_attrs='Blond_Hair', exp_name=None, batch_size=512, lr=0.0001, wd=2e-05, epochs=20, seed=2021, num_workers=8, arch='resnet18', evaluate=False, gv=10.0, gr=0.3)
======================================= Epoch 0 =======================================
================= Test Set =================
+++++++++++ Find New Best Min ACC +++++++++++
The acc is 0.7356, 0.6889, 0.7472
Time Consumption for one epoch is 44.74475359916687s
======================================= Epoch 1 =======================================
================= Test Set =================
+++++++++++ Find New Best Min ACC +++++++++++
The acc is 0.8778, 0.8417, 0.8868
Time Consumption for one epoch is 41.81430101394653s
======================================= Epoch 2 =======================================
================= Test Set =================
+++++++++++ Find New Best Min ACC +++++++++++
The acc is 0.8956, 0.8583, 0.9049
Time Consumption for one epoch is 42.45137166976929s
======================================= Epoch 3 =======================================
================= Test Set =================
+++++++++++ Find New Best Min ACC +++++++++++
The acc is 0.8967, 0.8722, 0.9028
Time Consumption for one epoch is 44.585386991500854s
======================================= Epoch 4 =======================================
================= Test Set =================
+++++++++++ Find New Best Min ACC +++++++++++
The acc is 0.9006, 0.8722, 0.9076
Time Consumption for one epoch is 43.29489040374756s
======================================= Epoch 5 =======================================
================= Test Set =================
The acc is 0.9006, 0.8722, 0.9076
Time Consumption for one epoch is 43.96287989616394s
======================================= Epoch 6 =======================================
================= Test Set =================
The acc is 0.9006, 0.8722, 0.9076
Time Consumption for one epoch is 42.3879132270813s
======================================= Epoch 7 =======================================
================= Test Set =================
+++++++++++ Find New Best Min ACC +++++++++++
The acc is 0.9033, 0.9000, 0.9042
Time Consumption for one epoch is 44.06266641616821s
======================================= Epoch 8 =======================================
================= Test Set =================
+++++++++++ Find New Best Min ACC +++++++++++
The acc is 0.9100, 0.8917, 0.9146
Time Consumption for one epoch is 44.13898062705994s
======================================= Epoch 9 =======================================
================= Test Set =================
The acc is 0.9100, 0.8917, 0.9146
Time Consumption for one epoch is 42.09124994277954s
======================================= Epoch 10 =======================================
================= Test Set =================
The acc is 0.9100, 0.8917, 0.9146
Time Consumption for one epoch is 42.63902425765991s
======================================= Epoch 11 =======================================
================= Test Set =================
+++++++++++ Find New Best Min ACC +++++++++++
The acc is 0.9111, 0.8861, 0.9174
Time Consumption for one epoch is 43.69355535507202s
======================================= Epoch 12 =======================================
================= Test Set =================
The acc is 0.9111, 0.8861, 0.9174
Time Consumption for one epoch is 43.44095969200134s
======================================= Epoch 13 =======================================
================= Test Set =================
+++++++++++ Find New Best Min ACC +++++++++++
The acc is 0.9183, 0.8972, 0.9236
Time Consumption for one epoch is 45.206772327423096s
======================================= Epoch 14 =======================================
================= Test Set =================
The acc is 0.9183, 0.8972, 0.9236
Time Consumption for one epoch is 42.493422746658325s
======================================= Epoch 15 =======================================
================= Test Set =================
The acc is 0.9183, 0.8972, 0.9236
Time Consumption for one epoch is 42.60433864593506s
======================================= Epoch 16 =======================================
================= Test Set =================
+++++++++++ Find New Best Min ACC +++++++++++
The acc is 0.9200, 0.8917, 0.9271
Time Consumption for one epoch is 44.426398515701294s
======================================= Epoch 17 =======================================
================= Test Set =================
+++++++++++ Find New Best Min ACC +++++++++++
The acc is 0.9211, 0.9028, 0.9257
Time Consumption for one epoch is 42.25951051712036s
======================================= Epoch 18 =======================================
================= Test Set =================
The acc is 0.9211, 0.9028, 0.9257
Time Consumption for one epoch is 42.17290019989014s
======================================= Epoch 19 =======================================
================= Test Set =================
The acc is 0.9211, 0.9028, 0.9257
Time Consumption for one epoch is 41.13399934768677s
The final acc is 0.9211, 0.9028, 0.9257
