Namespace(data_dir='/data/yihua/dataset/celeba/celeba.hdf5', result_dir='crop_study', checkpoint=None, resume=False, domain_attrs='Male', target_attrs='Blond_Hair', exp_name=None, batch_size=512, lr=0.0001, wd=2e-05, epochs=20, seed=2022, num_workers=8, arch='resnet9', evaluate=False, total_num=5000, test_num=1000, gv=200.0, gr=0.5, minor_ratio=0.2, add_aug='crop')
======================================= Epoch 0 =======================================
================= Test Set =================
+++++++++++ Find New Best Min ACC +++++++++++
The acc is 0.4624, 0.4186, 0.5000
Time Consumption for one epoch is 16.48165273666382s
======================================= Epoch 1 =======================================
================= Test Set =================
The acc is 0.4624, 0.4186, 0.5000
Time Consumption for one epoch is 14.124322175979614s
======================================= Epoch 2 =======================================
================= Test Set =================
+++++++++++ Find New Best Min ACC +++++++++++
The acc is 0.5785, 0.4930, 0.6520
Time Consumption for one epoch is 14.67602014541626s
======================================= Epoch 3 =======================================
================= Test Set =================
+++++++++++ Find New Best Min ACC +++++++++++
The acc is 0.7677, 0.7256, 0.8040
Time Consumption for one epoch is 15.366041898727417s
======================================= Epoch 4 =======================================
================= Test Set =================
+++++++++++ Find New Best Min ACC +++++++++++
The acc is 0.8613, 0.8465, 0.8740
Time Consumption for one epoch is 14.711881399154663s
======================================= Epoch 5 =======================================
================= Test Set =================
+++++++++++ Find New Best Min ACC +++++++++++
The acc is 0.8731, 0.8558, 0.8880
Time Consumption for one epoch is 14.851312398910522s
======================================= Epoch 6 =======================================
================= Test Set =================
+++++++++++ Find New Best Min ACC +++++++++++
The acc is 0.8839, 0.8674, 0.8980
Time Consumption for one epoch is 14.887232303619385s
======================================= Epoch 7 =======================================
================= Test Set =================
The acc is 0.8839, 0.8674, 0.8980
Time Consumption for one epoch is 14.689107894897461s
======================================= Epoch 8 =======================================
================= Test Set =================
The acc is 0.8839, 0.8674, 0.8980
Time Consumption for one epoch is 14.343999862670898s
======================================= Epoch 9 =======================================
================= Test Set =================
The acc is 0.8839, 0.8674, 0.8980
Time Consumption for one epoch is 14.700107336044312s
======================================= Epoch 10 =======================================
================= Test Set =================
The acc is 0.8839, 0.8674, 0.8980
Time Consumption for one epoch is 14.846088886260986s
======================================= Epoch 11 =======================================
================= Test Set =================
+++++++++++ Find New Best Min ACC +++++++++++
The acc is 0.8849, 0.8744, 0.8940
Time Consumption for one epoch is 15.04679822921753s
======================================= Epoch 12 =======================================
================= Test Set =================
+++++++++++ Find New Best Min ACC +++++++++++
The acc is 0.8871, 0.8744, 0.8980
Time Consumption for one epoch is 14.771807193756104s
======================================= Epoch 13 =======================================
================= Test Set =================
+++++++++++ Find New Best Min ACC +++++++++++
The acc is 0.8968, 0.8930, 0.9000
Time Consumption for one epoch is 14.920159578323364s
======================================= Epoch 14 =======================================
================= Test Set =================
The acc is 0.8968, 0.8930, 0.9000
Time Consumption for one epoch is 14.632448673248291s
======================================= Epoch 15 =======================================
================= Test Set =================
The acc is 0.8968, 0.8930, 0.9000
Time Consumption for one epoch is 14.874611139297485s
======================================= Epoch 16 =======================================
================= Test Set =================
The acc is 0.8968, 0.8930, 0.9000
Time Consumption for one epoch is 14.554993391036987s
======================================= Epoch 17 =======================================
================= Test Set =================
+++++++++++ Find New Best Min ACC +++++++++++
The acc is 0.9032, 0.8977, 0.9080
Time Consumption for one epoch is 14.713292837142944s
======================================= Epoch 18 =======================================
================= Test Set =================
The acc is 0.9032, 0.8977, 0.9080
Time Consumption for one epoch is 15.113089799880981s
======================================= Epoch 19 =======================================
================= Test Set =================
The acc is 0.9032, 0.8977, 0.9080
Time Consumption for one epoch is 14.965869665145874s
The final acc is 0.9032, 0.8977, 0.9080
