Namespace(data_dir='/data/yihua/dataset/celeba/celeba.hdf5', result_dir='results', checkpoint=None, resume=False, domain_attrs='Male', target_attrs='Blond_Hair', exp_name=None, batch_size=512, lr=0.0001, wd=2e-05, epochs=20, seed=2021, num_workers=8, arch='resnet9', evaluate=False, gv=0.25, gr=0.5)
======================================= Epoch 0 =======================================
================= Test Set =================
+++++++++++ Find New Best Min ACC +++++++++++
The acc is 0.8156, 0.7778, 0.8250
Time Consumption for one epoch is 31.268560647964478s
======================================= Epoch 1 =======================================
================= Test Set =================
+++++++++++ Find New Best Min ACC +++++++++++
The acc is 0.8850, 0.8694, 0.8889
Time Consumption for one epoch is 26.700745344161987s
======================================= Epoch 2 =======================================
================= Test Set =================
The acc is 0.8850, 0.8694, 0.8889
Time Consumption for one epoch is 28.758668661117554s
======================================= Epoch 3 =======================================
================= Test Set =================
+++++++++++ Find New Best Min ACC +++++++++++
The acc is 0.8978, 0.8583, 0.9076
Time Consumption for one epoch is 28.9808566570282s
======================================= Epoch 4 =======================================
================= Test Set =================
+++++++++++ Find New Best Min ACC +++++++++++
The acc is 0.9033, 0.8722, 0.9111
Time Consumption for one epoch is 28.103483200073242s
======================================= Epoch 5 =======================================
================= Test Set =================
+++++++++++ Find New Best Min ACC +++++++++++
The acc is 0.9089, 0.8944, 0.9125
Time Consumption for one epoch is 27.933428049087524s
======================================= Epoch 6 =======================================
================= Test Set =================
The acc is 0.9089, 0.8944, 0.9125
Time Consumption for one epoch is 25.485130548477173s
======================================= Epoch 7 =======================================
================= Test Set =================
+++++++++++ Find New Best Min ACC +++++++++++
The acc is 0.9100, 0.8917, 0.9146
Time Consumption for one epoch is 29.30716896057129s
======================================= Epoch 8 =======================================
================= Test Set =================
+++++++++++ Find New Best Min ACC +++++++++++
The acc is 0.9183, 0.9083, 0.9208
Time Consumption for one epoch is 28.71532964706421s
======================================= Epoch 9 =======================================
================= Test Set =================
The acc is 0.9183, 0.9083, 0.9208
Time Consumption for one epoch is 28.302571296691895s
======================================= Epoch 10 =======================================
================= Test Set =================
The acc is 0.9183, 0.9083, 0.9208
Time Consumption for one epoch is 28.149810075759888s
======================================= Epoch 11 =======================================
================= Test Set =================
The acc is 0.9183, 0.9083, 0.9208
Time Consumption for one epoch is 28.015841960906982s
======================================= Epoch 12 =======================================
================= Test Set =================
The acc is 0.9183, 0.9083, 0.9208
Time Consumption for one epoch is 26.729981184005737s
======================================= Epoch 13 =======================================
================= Test Set =================
The acc is 0.9183, 0.9083, 0.9208
Time Consumption for one epoch is 28.320573568344116s
======================================= Epoch 14 =======================================
================= Test Set =================
The acc is 0.9183, 0.9083, 0.9208
Time Consumption for one epoch is 28.59929347038269s
======================================= Epoch 15 =======================================
================= Test Set =================
The acc is 0.9183, 0.9083, 0.9208
Time Consumption for one epoch is 29.70723247528076s
======================================= Epoch 16 =======================================
================= Test Set =================
The acc is 0.9183, 0.9083, 0.9208
Time Consumption for one epoch is 27.997695922851562s
======================================= Epoch 17 =======================================
================= Test Set =================
The acc is 0.9183, 0.9083, 0.9208
Time Consumption for one epoch is 27.468931674957275s
======================================= Epoch 18 =======================================
================= Test Set =================
The acc is 0.9183, 0.9083, 0.9208
Time Consumption for one epoch is 28.451268196105957s
======================================= Epoch 19 =======================================
================= Test Set =================
The acc is 0.9183, 0.9083, 0.9208
Time Consumption for one epoch is 29.132035493850708s
The final acc is 0.9183, 0.9083, 0.9208
