Namespace(data_dir='/data/yihua/dataset/celeba/celeba.hdf5', result_dir='results', checkpoint=None, resume=False, domain_attrs='Male', target_attrs='Blond_Hair', exp_name=None, batch_size=512, lr=0.0001, wd=2e-05, epochs=20, seed=2021, num_workers=8, arch='resnet9', evaluate=False, gv=0.45, gr=0.3)
======================================= Epoch 0 =======================================
================= Test Set =================
+++++++++++ Find New Best Min ACC +++++++++++
The acc is 0.7917, 0.7444, 0.8035
Time Consumption for one epoch is 25.62454080581665s
======================================= Epoch 1 =======================================
================= Test Set =================
+++++++++++ Find New Best Min ACC +++++++++++
The acc is 0.8422, 0.8083, 0.8507
Time Consumption for one epoch is 24.431976795196533s
======================================= Epoch 2 =======================================
================= Test Set =================
The acc is 0.8422, 0.8083, 0.8507
Time Consumption for one epoch is 25.37824320793152s
======================================= Epoch 3 =======================================
================= Test Set =================
+++++++++++ Find New Best Min ACC +++++++++++
The acc is 0.8994, 0.8667, 0.9076
Time Consumption for one epoch is 24.153884172439575s
======================================= Epoch 4 =======================================
================= Test Set =================
The acc is 0.8994, 0.8667, 0.9076
Time Consumption for one epoch is 24.068758010864258s
======================================= Epoch 5 =======================================
================= Test Set =================
+++++++++++ Find New Best Min ACC +++++++++++
The acc is 0.9050, 0.8778, 0.9118
Time Consumption for one epoch is 26.213942766189575s
======================================= Epoch 6 =======================================
================= Test Set =================
+++++++++++ Find New Best Min ACC +++++++++++
The acc is 0.9089, 0.8778, 0.9167
Time Consumption for one epoch is 25.311376571655273s
======================================= Epoch 7 =======================================
================= Test Set =================
The acc is 0.9089, 0.8778, 0.9167
Time Consumption for one epoch is 24.170990467071533s
======================================= Epoch 8 =======================================
================= Test Set =================
+++++++++++ Find New Best Min ACC +++++++++++
The acc is 0.9144, 0.8861, 0.9215
Time Consumption for one epoch is 23.936630487442017s
======================================= Epoch 9 =======================================
================= Test Set =================
+++++++++++ Find New Best Min ACC +++++++++++
The acc is 0.9161, 0.8917, 0.9222
Time Consumption for one epoch is 25.225894927978516s
======================================= Epoch 10 =======================================
================= Test Set =================
The acc is 0.9161, 0.8917, 0.9222
Time Consumption for one epoch is 24.46238136291504s
======================================= Epoch 11 =======================================
================= Test Set =================
The acc is 0.9161, 0.8917, 0.9222
Time Consumption for one epoch is 23.987146615982056s
======================================= Epoch 12 =======================================
================= Test Set =================
The acc is 0.9161, 0.8917, 0.9222
Time Consumption for one epoch is 25.240673542022705s
======================================= Epoch 13 =======================================
================= Test Set =================
The acc is 0.9161, 0.8917, 0.9222
Time Consumption for one epoch is 23.610575675964355s
======================================= Epoch 14 =======================================
================= Test Set =================
The acc is 0.9161, 0.8917, 0.9222
Time Consumption for one epoch is 24.105404376983643s
======================================= Epoch 15 =======================================
================= Test Set =================
+++++++++++ Find New Best Min ACC +++++++++++
The acc is 0.9211, 0.9139, 0.9229
Time Consumption for one epoch is 24.211967706680298s
======================================= Epoch 16 =======================================
================= Test Set =================
The acc is 0.9211, 0.9139, 0.9229
Time Consumption for one epoch is 24.093605995178223s
======================================= Epoch 17 =======================================
================= Test Set =================
The acc is 0.9211, 0.9139, 0.9229
Time Consumption for one epoch is 24.20905613899231s
======================================= Epoch 18 =======================================
================= Test Set =================
The acc is 0.9211, 0.9139, 0.9229
Time Consumption for one epoch is 24.731759071350098s
======================================= Epoch 19 =======================================
================= Test Set =================
The acc is 0.9211, 0.9139, 0.9229
Time Consumption for one epoch is 24.347326517105103s
The final acc is 0.9211, 0.9139, 0.9229
