Namespace(data_dir='/data/yihua/dataset/celeba/celeba.hdf5', result_dir='rotation_study', checkpoint=None, resume=False, domain_attrs='Male', target_attrs='Blond_Hair', exp_name=None, batch_size=512, lr=0.0001, wd=2e-05, epochs=20, seed=2022, num_workers=8, arch='resnet9', evaluate=False, total_num=5000, test_num=1000, gv=60.0, gr=0.1, minor_ratio=0.2, add_aug='rotation')
======================================= Epoch 0 =======================================
================= Test Set =================
+++++++++++ Find New Best Min ACC +++++++++++
The acc is 0.4624, 0.4186, 0.5000
Time Consumption for one epoch is 16.108418464660645s
======================================= Epoch 1 =======================================
================= Test Set =================
The acc is 0.4624, 0.4186, 0.5000
Time Consumption for one epoch is 14.278842687606812s
======================================= Epoch 2 =======================================
================= Test Set =================
+++++++++++ Find New Best Min ACC +++++++++++
The acc is 0.5000, 0.4372, 0.5540
Time Consumption for one epoch is 14.173005819320679s
======================================= Epoch 3 =======================================
================= Test Set =================
+++++++++++ Find New Best Min ACC +++++++++++
The acc is 0.7118, 0.6372, 0.7760
Time Consumption for one epoch is 14.402508735656738s
======================================= Epoch 4 =======================================
================= Test Set =================
+++++++++++ Find New Best Min ACC +++++++++++
The acc is 0.8387, 0.8163, 0.8580
Time Consumption for one epoch is 14.355429410934448s
======================================= Epoch 5 =======================================
================= Test Set =================
+++++++++++ Find New Best Min ACC +++++++++++
The acc is 0.8602, 0.8256, 0.8900
Time Consumption for one epoch is 14.369414329528809s
======================================= Epoch 6 =======================================
================= Test Set =================
+++++++++++ Find New Best Min ACC +++++++++++
The acc is 0.8817, 0.8674, 0.8940
Time Consumption for one epoch is 13.88413143157959s
======================================= Epoch 7 =======================================
================= Test Set =================
The acc is 0.8817, 0.8674, 0.8940
Time Consumption for one epoch is 13.808276891708374s
======================================= Epoch 8 =======================================
================= Test Set =================
The acc is 0.8817, 0.8674, 0.8940
Time Consumption for one epoch is 14.0291588306427s
======================================= Epoch 9 =======================================
================= Test Set =================
The acc is 0.8817, 0.8674, 0.8940
Time Consumption for one epoch is 14.198894739151001s
======================================= Epoch 10 =======================================
================= Test Set =================
The acc is 0.8817, 0.8674, 0.8940
Time Consumption for one epoch is 14.495092630386353s
======================================= Epoch 11 =======================================
================= Test Set =================
+++++++++++ Find New Best Min ACC +++++++++++
The acc is 0.8871, 0.8674, 0.9040
Time Consumption for one epoch is 14.518490552902222s
======================================= Epoch 12 =======================================
================= Test Set =================
+++++++++++ Find New Best Min ACC +++++++++++
The acc is 0.8882, 0.8791, 0.8960
Time Consumption for one epoch is 14.331167459487915s
======================================= Epoch 13 =======================================
================= Test Set =================
+++++++++++ Find New Best Min ACC +++++++++++
The acc is 0.8935, 0.8814, 0.9040
Time Consumption for one epoch is 14.15657901763916s
======================================= Epoch 14 =======================================
================= Test Set =================
The acc is 0.8935, 0.8814, 0.9040
Time Consumption for one epoch is 13.945586919784546s
======================================= Epoch 15 =======================================
================= Test Set =================
+++++++++++ Find New Best Min ACC +++++++++++
The acc is 0.8946, 0.8814, 0.9060
Time Consumption for one epoch is 14.175904035568237s
======================================= Epoch 16 =======================================
================= Test Set =================
The acc is 0.8946, 0.8814, 0.9060
Time Consumption for one epoch is 14.567032098770142s
======================================= Epoch 17 =======================================
================= Test Set =================
The acc is 0.8946, 0.8814, 0.9060
Time Consumption for one epoch is 14.278133869171143s
======================================= Epoch 18 =======================================
================= Test Set =================
The acc is 0.8946, 0.8814, 0.9060
Time Consumption for one epoch is 14.127901792526245s
======================================= Epoch 19 =======================================
================= Test Set =================
+++++++++++ Find New Best Min ACC +++++++++++
The acc is 0.8968, 0.8860, 0.9060
Time Consumption for one epoch is 14.471948862075806s
The final acc is 0.8968, 0.8860, 0.9060
