Namespace(data_dir='/data/yihua/dataset/celeba/celeba.hdf5', result_dir='results', checkpoint=None, resume=False, domain_attrs='Male', target_attrs='Heavy_Makeup', exp_name=None, batch_size=512, lr=0.0001, wd=2e-05, epochs=20, seed=2023, num_workers=8, arch='resnet9', evaluate=False, gv=0.001, gr=0.3)
======================================= Epoch 0 =======================================
================= Test Set =================
+++++++++++ Find New Best Min ACC +++++++++++
The acc is 0.5000, 0.5000, 0.5000
Time Consumption for one epoch is 8.97367548942566s
======================================= Epoch 1 =======================================
================= Test Set =================
The acc is 0.5000, 0.5000, 0.5000
Time Consumption for one epoch is 8.443089246749878s
======================================= Epoch 2 =======================================
================= Test Set =================
+++++++++++ Find New Best Min ACC +++++++++++
The acc is 0.5045, 0.5227, 0.5000
Time Consumption for one epoch is 8.176896810531616s
======================================= Epoch 3 =======================================
================= Test Set =================
The acc is 0.5045, 0.5227, 0.5000
Time Consumption for one epoch is 7.53014063835144s
======================================= Epoch 4 =======================================
================= Test Set =================
The acc is 0.5045, 0.5227, 0.5000
Time Consumption for one epoch is 8.071688890457153s
======================================= Epoch 5 =======================================
================= Test Set =================
The acc is 0.5045, 0.5227, 0.5000
Time Consumption for one epoch is 7.61367392539978s
======================================= Epoch 6 =======================================
================= Test Set =================
The acc is 0.5045, 0.5227, 0.5000
Time Consumption for one epoch is 10.168115854263306s
======================================= Epoch 7 =======================================
================= Test Set =================
+++++++++++ Find New Best Min ACC +++++++++++
The acc is 0.5227, 0.4773, 0.5341
Time Consumption for one epoch is 9.354787826538086s
======================================= Epoch 8 =======================================
================= Test Set =================
+++++++++++ Find New Best Min ACC +++++++++++
The acc is 0.5727, 0.5000, 0.5909
Time Consumption for one epoch is 7.905849933624268s
======================================= Epoch 9 =======================================
================= Test Set =================
+++++++++++ Find New Best Min ACC +++++++++++
The acc is 0.6455, 0.5682, 0.6648
Time Consumption for one epoch is 8.627620697021484s
======================================= Epoch 10 =======================================
================= Test Set =================
The acc is 0.6455, 0.5682, 0.6648
Time Consumption for one epoch is 8.590773582458496s
======================================= Epoch 11 =======================================
================= Test Set =================
+++++++++++ Find New Best Min ACC +++++++++++
The acc is 0.6955, 0.5682, 0.7273
Time Consumption for one epoch is 9.071745157241821s
======================================= Epoch 12 =======================================
================= Test Set =================
The acc is 0.6955, 0.5682, 0.7273
Time Consumption for one epoch is 9.051143884658813s
======================================= Epoch 13 =======================================
================= Test Set =================
The acc is 0.6955, 0.5682, 0.7273
Time Consumption for one epoch is 8.474022150039673s
======================================= Epoch 14 =======================================
================= Test Set =================
The acc is 0.6955, 0.5682, 0.7273
Time Consumption for one epoch is 8.44622540473938s
======================================= Epoch 15 =======================================
================= Test Set =================
The acc is 0.6955, 0.5682, 0.7273
Time Consumption for one epoch is 8.2051842212677s
======================================= Epoch 16 =======================================
================= Test Set =================
The acc is 0.6955, 0.5682, 0.7273
Time Consumption for one epoch is 9.827633380889893s
======================================= Epoch 17 =======================================
================= Test Set =================
+++++++++++ Find New Best Min ACC +++++++++++
The acc is 0.7091, 0.6136, 0.7330
Time Consumption for one epoch is 9.48180603981018s
======================================= Epoch 18 =======================================
================= Test Set =================
The acc is 0.7091, 0.6136, 0.7330
Time Consumption for one epoch is 7.600640535354614s
======================================= Epoch 19 =======================================
================= Test Set =================
The acc is 0.7091, 0.6136, 0.7330
Time Consumption for one epoch is 8.110483169555664s
The final acc is 0.7091, 0.6136, 0.7330
