Namespace(data_dir='/data/yihua/dataset/celeba/celeba.hdf5', result_dir='results', checkpoint=None, resume=False, domain_attrs='Male', target_attrs='Heavy_Makeup', exp_name=None, batch_size=512, lr=0.0001, wd=2e-05, epochs=20, seed=42, num_workers=8, arch='resnet9', evaluate=False, gv=0.15, gr=0.3)
======================================= Epoch 0 =======================================
================= Test Set =================
+++++++++++ Find New Best Min ACC +++++++++++
The acc is 0.5000, 0.5000, 0.5000
Time Consumption for one epoch is 9.328232288360596s
======================================= Epoch 1 =======================================
================= Test Set =================
The acc is 0.5000, 0.5000, 0.5000
Time Consumption for one epoch is 8.568355083465576s
======================================= Epoch 2 =======================================
================= Test Set =================
The acc is 0.5000, 0.5000, 0.5000
Time Consumption for one epoch is 8.221350908279419s
======================================= Epoch 3 =======================================
================= Test Set =================
The acc is 0.5000, 0.5000, 0.5000
Time Consumption for one epoch is 7.667258024215698s
======================================= Epoch 4 =======================================
================= Test Set =================
+++++++++++ Find New Best Min ACC +++++++++++
The acc is 0.5045, 0.5227, 0.5000
Time Consumption for one epoch is 7.595434188842773s
======================================= Epoch 5 =======================================
================= Test Set =================
+++++++++++ Find New Best Min ACC +++++++++++
The acc is 0.5182, 0.5000, 0.5227
Time Consumption for one epoch is 8.599438428878784s
======================================= Epoch 6 =======================================
================= Test Set =================
The acc is 0.5182, 0.5000, 0.5227
Time Consumption for one epoch is 8.990883111953735s
======================================= Epoch 7 =======================================
================= Test Set =================
+++++++++++ Find New Best Min ACC +++++++++++
The acc is 0.5727, 0.4773, 0.5966
Time Consumption for one epoch is 8.181971311569214s
======================================= Epoch 8 =======================================
================= Test Set =================
+++++++++++ Find New Best Min ACC +++++++++++
The acc is 0.6045, 0.5000, 0.6307
Time Consumption for one epoch is 8.659682273864746s
======================================= Epoch 9 =======================================
================= Test Set =================
+++++++++++ Find New Best Min ACC +++++++++++
The acc is 0.6682, 0.5227, 0.7045
Time Consumption for one epoch is 7.533356666564941s
======================================= Epoch 10 =======================================
================= Test Set =================
The acc is 0.6682, 0.5227, 0.7045
Time Consumption for one epoch is 9.587700366973877s
======================================= Epoch 11 =======================================
================= Test Set =================
The acc is 0.6682, 0.5227, 0.7045
Time Consumption for one epoch is 9.989368915557861s
======================================= Epoch 12 =======================================
================= Test Set =================
+++++++++++ Find New Best Min ACC +++++++++++
The acc is 0.7045, 0.6591, 0.7159
Time Consumption for one epoch is 8.829551219940186s
======================================= Epoch 13 =======================================
================= Test Set =================
The acc is 0.7045, 0.6591, 0.7159
Time Consumption for one epoch is 9.178795099258423s
======================================= Epoch 14 =======================================
================= Test Set =================
The acc is 0.7045, 0.6591, 0.7159
Time Consumption for one epoch is 7.929554224014282s
======================================= Epoch 15 =======================================
================= Test Set =================
The acc is 0.7045, 0.6591, 0.7159
Time Consumption for one epoch is 9.13679814338684s
======================================= Epoch 16 =======================================
================= Test Set =================
The acc is 0.7045, 0.6591, 0.7159
Time Consumption for one epoch is 7.300517797470093s
======================================= Epoch 17 =======================================
================= Test Set =================
The acc is 0.7045, 0.6591, 0.7159
Time Consumption for one epoch is 7.994769096374512s
======================================= Epoch 18 =======================================
================= Test Set =================
The acc is 0.7045, 0.6591, 0.7159
Time Consumption for one epoch is 9.25822639465332s
======================================= Epoch 19 =======================================
================= Test Set =================
The acc is 0.7045, 0.6591, 0.7159
Time Consumption for one epoch is 8.120100021362305s
The final acc is 0.7045, 0.6591, 0.7159
