Namespace(data_dir='/data/yihua/dataset/celeba/celeba.hdf5', result_dir='results', checkpoint=None, resume=False, domain_attrs='Male', target_attrs='Blond_Hair', exp_name=None, batch_size=512, lr=0.0001, wd=2e-05, epochs=20, seed=2021, num_workers=8, arch='resnet9', evaluate=False, gv=0.1, gr=0.5)
======================================= Epoch 0 =======================================
================= Test Set =================
+++++++++++ Find New Best Min ACC +++++++++++
The acc is 0.7711, 0.7306, 0.7812
Time Consumption for one epoch is 32.87388896942139s
======================================= Epoch 1 =======================================
================= Test Set =================
+++++++++++ Find New Best Min ACC +++++++++++
The acc is 0.8839, 0.8611, 0.8896
Time Consumption for one epoch is 27.631775617599487s
======================================= Epoch 2 =======================================
================= Test Set =================
The acc is 0.8839, 0.8611, 0.8896
Time Consumption for one epoch is 26.73702907562256s
======================================= Epoch 3 =======================================
================= Test Set =================
+++++++++++ Find New Best Min ACC +++++++++++
The acc is 0.8956, 0.8444, 0.9083
Time Consumption for one epoch is 29.18062448501587s
======================================= Epoch 4 =======================================
================= Test Set =================
+++++++++++ Find New Best Min ACC +++++++++++
The acc is 0.9044, 0.8972, 0.9062
Time Consumption for one epoch is 29.96965265274048s
======================================= Epoch 5 =======================================
================= Test Set =================
The acc is 0.9044, 0.8972, 0.9062
Time Consumption for one epoch is 28.541829824447632s
======================================= Epoch 6 =======================================
================= Test Set =================
The acc is 0.9044, 0.8972, 0.9062
Time Consumption for one epoch is 27.633986473083496s
======================================= Epoch 7 =======================================
================= Test Set =================
+++++++++++ Find New Best Min ACC +++++++++++
The acc is 0.9061, 0.8944, 0.9090
Time Consumption for one epoch is 27.391185998916626s
======================================= Epoch 8 =======================================
================= Test Set =================
+++++++++++ Find New Best Min ACC +++++++++++
The acc is 0.9178, 0.9083, 0.9201
Time Consumption for one epoch is 28.76492691040039s
======================================= Epoch 9 =======================================
================= Test Set =================
The acc is 0.9178, 0.9083, 0.9201
Time Consumption for one epoch is 29.7026469707489s
======================================= Epoch 10 =======================================
================= Test Set =================
The acc is 0.9178, 0.9083, 0.9201
Time Consumption for one epoch is 28.486788988113403s
======================================= Epoch 11 =======================================
================= Test Set =================
The acc is 0.9178, 0.9083, 0.9201
Time Consumption for one epoch is 28.335731983184814s
======================================= Epoch 12 =======================================
================= Test Set =================
The acc is 0.9178, 0.9083, 0.9201
Time Consumption for one epoch is 26.60505700111389s
======================================= Epoch 13 =======================================
================= Test Set =================
The acc is 0.9178, 0.9083, 0.9201
Time Consumption for one epoch is 28.656731367111206s
======================================= Epoch 14 =======================================
================= Test Set =================
The acc is 0.9178, 0.9083, 0.9201
Time Consumption for one epoch is 30.014535427093506s
======================================= Epoch 15 =======================================
================= Test Set =================
+++++++++++ Find New Best Min ACC +++++++++++
The acc is 0.9194, 0.9222, 0.9187
Time Consumption for one epoch is 28.863887548446655s
======================================= Epoch 16 =======================================
================= Test Set =================
The acc is 0.9194, 0.9222, 0.9187
Time Consumption for one epoch is 29.666123151779175s
======================================= Epoch 17 =======================================
================= Test Set =================
The acc is 0.9194, 0.9222, 0.9187
Time Consumption for one epoch is 27.467886209487915s
======================================= Epoch 18 =======================================
================= Test Set =================
The acc is 0.9194, 0.9222, 0.9187
Time Consumption for one epoch is 28.912720203399658s
======================================= Epoch 19 =======================================
================= Test Set =================
The acc is 0.9194, 0.9222, 0.9187
Time Consumption for one epoch is 29.093827486038208s
The final acc is 0.9194, 0.9222, 0.9187
