Namespace(data_dir='/data/yihua/dataset/celeba/celeba.hdf5', result_dir='results', checkpoint=None, resume=False, domain_attrs='Male', target_attrs='High_Cheekbones', exp_name=None, batch_size=512, lr=0.0001, wd=2e-05, epochs=20, seed=42, num_workers=8, arch='resnet9', evaluate=False, gv=0.25, gr=0.1)
======================================= Epoch 0 =======================================
================= Test Set =================
+++++++++++ Find New Best Min ACC +++++++++++
The acc is 0.8495, 0.7891, 0.8646
Time Consumption for one epoch is 133.16093826293945s
======================================= Epoch 1 =======================================
================= Test Set =================
The acc is 0.8495, 0.7891, 0.8646
Time Consumption for one epoch is 129.34979939460754s
======================================= Epoch 2 =======================================
================= Test Set =================
The acc is 0.8495, 0.7891, 0.8646
Time Consumption for one epoch is 129.43841195106506s
======================================= Epoch 3 =======================================
================= Test Set =================
+++++++++++ Find New Best Min ACC +++++++++++
The acc is 0.8574, 0.8208, 0.8666
Time Consumption for one epoch is 129.34215259552002s
======================================= Epoch 4 =======================================
================= Test Set =================
+++++++++++ Find New Best Min ACC +++++++++++
The acc is 0.8660, 0.8268, 0.8758
Time Consumption for one epoch is 130.28864240646362s
======================================= Epoch 5 =======================================
================= Test Set =================
+++++++++++ Find New Best Min ACC +++++++++++
The acc is 0.8734, 0.8320, 0.8837
Time Consumption for one epoch is 128.5085768699646s
======================================= Epoch 6 =======================================
================= Test Set =================
The acc is 0.8734, 0.8320, 0.8837
Time Consumption for one epoch is 129.75142073631287s
======================================= Epoch 7 =======================================
================= Test Set =================
The acc is 0.8734, 0.8320, 0.8837
Time Consumption for one epoch is 127.81913590431213s
======================================= Epoch 8 =======================================
================= Test Set =================
The acc is 0.8734, 0.8320, 0.8837
Time Consumption for one epoch is 129.46608233451843s
======================================= Epoch 9 =======================================
================= Test Set =================
The acc is 0.8734, 0.8320, 0.8837
Time Consumption for one epoch is 130.60905075073242s
======================================= Epoch 10 =======================================
================= Test Set =================
+++++++++++ Find New Best Min ACC +++++++++++
The acc is 0.8764, 0.8308, 0.8878
Time Consumption for one epoch is 130.2075867652893s
======================================= Epoch 11 =======================================
================= Test Set =================
The acc is 0.8764, 0.8308, 0.8878
Time Consumption for one epoch is 129.74880957603455s
======================================= Epoch 12 =======================================
================= Test Set =================
The acc is 0.8764, 0.8308, 0.8878
Time Consumption for one epoch is 127.93567085266113s
======================================= Epoch 13 =======================================
================= Test Set =================
The acc is 0.8764, 0.8308, 0.8878
Time Consumption for one epoch is 131.10939383506775s
======================================= Epoch 14 =======================================
================= Test Set =================
The acc is 0.8764, 0.8308, 0.8878
Time Consumption for one epoch is 129.9669005870819s
======================================= Epoch 15 =======================================
================= Test Set =================
The acc is 0.8764, 0.8308, 0.8878
Time Consumption for one epoch is 130.51501989364624s
======================================= Epoch 16 =======================================
================= Test Set =================
+++++++++++ Find New Best Min ACC +++++++++++
The acc is 0.8777, 0.8300, 0.8897
Time Consumption for one epoch is 130.21914505958557s
======================================= Epoch 17 =======================================
================= Test Set =================
The acc is 0.8777, 0.8300, 0.8897
Time Consumption for one epoch is 129.9085657596588s
======================================= Epoch 18 =======================================
================= Test Set =================
The acc is 0.8777, 0.8300, 0.8897
Time Consumption for one epoch is 129.36208033561707s
======================================= Epoch 19 =======================================
================= Test Set =================
+++++++++++ Find New Best Min ACC +++++++++++
The acc is 0.8787, 0.8344, 0.8898
Time Consumption for one epoch is 130.66149425506592s
The final acc is 0.8787, 0.8344, 0.8898
