Namespace(data_dir='/data/yihua/dataset/celeba/celeba.hdf5', result_dir='results', checkpoint=None, resume=False, domain_attrs='Male', target_attrs='High_Cheekbones', exp_name=None, batch_size=512, lr=0.0001, wd=2e-05, epochs=20, seed=2022, num_workers=8, arch='resnet9', evaluate=False, gv=0.45, gr=0.1)
======================================= Epoch 0 =======================================
================= Test Set =================
+++++++++++ Find New Best Min ACC +++++++++++
The acc is 0.8009, 0.7759, 0.8072
Time Consumption for one epoch is 130.85113859176636s
======================================= Epoch 1 =======================================
================= Test Set =================
+++++++++++ Find New Best Min ACC +++++++++++
The acc is 0.8162, 0.7642, 0.8292
Time Consumption for one epoch is 129.80491375923157s
======================================= Epoch 2 =======================================
================= Test Set =================
+++++++++++ Find New Best Min ACC +++++++++++
The acc is 0.8505, 0.8148, 0.8595
Time Consumption for one epoch is 128.8436930179596s
======================================= Epoch 3 =======================================
================= Test Set =================
The acc is 0.8505, 0.8148, 0.8595
Time Consumption for one epoch is 129.03495931625366s
======================================= Epoch 4 =======================================
================= Test Set =================
+++++++++++ Find New Best Min ACC +++++++++++
The acc is 0.8655, 0.8256, 0.8754
Time Consumption for one epoch is 129.66575860977173s
======================================= Epoch 5 =======================================
================= Test Set =================
+++++++++++ Find New Best Min ACC +++++++++++
The acc is 0.8691, 0.8264, 0.8798
Time Consumption for one epoch is 128.7510039806366s
======================================= Epoch 6 =======================================
================= Test Set =================
The acc is 0.8691, 0.8264, 0.8798
Time Consumption for one epoch is 129.2774679660797s
======================================= Epoch 7 =======================================
================= Test Set =================
+++++++++++ Find New Best Min ACC +++++++++++
The acc is 0.8724, 0.8288, 0.8833
Time Consumption for one epoch is 128.68520164489746s
======================================= Epoch 8 =======================================
================= Test Set =================
The acc is 0.8724, 0.8288, 0.8833
Time Consumption for one epoch is 129.99617981910706s
======================================= Epoch 9 =======================================
================= Test Set =================
The acc is 0.8724, 0.8288, 0.8833
Time Consumption for one epoch is 129.70353746414185s
======================================= Epoch 10 =======================================
================= Test Set =================
The acc is 0.8724, 0.8288, 0.8833
Time Consumption for one epoch is 127.27491807937622s
======================================= Epoch 11 =======================================
================= Test Set =================
The acc is 0.8724, 0.8288, 0.8833
Time Consumption for one epoch is 129.3593533039093s
======================================= Epoch 12 =======================================
================= Test Set =================
The acc is 0.8724, 0.8288, 0.8833
Time Consumption for one epoch is 129.68144392967224s
======================================= Epoch 13 =======================================
================= Test Set =================
The acc is 0.8724, 0.8288, 0.8833
Time Consumption for one epoch is 129.75829100608826s
======================================= Epoch 14 =======================================
================= Test Set =================
The acc is 0.8724, 0.8288, 0.8833
Time Consumption for one epoch is 130.74382877349854s
======================================= Epoch 15 =======================================
================= Test Set =================
+++++++++++ Find New Best Min ACC +++++++++++
The acc is 0.8732, 0.8348, 0.8828
Time Consumption for one epoch is 130.44605422019958s
======================================= Epoch 16 =======================================
================= Test Set =================
+++++++++++ Find New Best Min ACC +++++++++++
The acc is 0.8780, 0.8372, 0.8882
Time Consumption for one epoch is 130.81658840179443s
======================================= Epoch 17 =======================================
================= Test Set =================
+++++++++++ Find New Best Min ACC +++++++++++
The acc is 0.8794, 0.8380, 0.8898
Time Consumption for one epoch is 129.75304865837097s
======================================= Epoch 18 =======================================
================= Test Set =================
The acc is 0.8794, 0.8380, 0.8898
Time Consumption for one epoch is 129.076806306839s
======================================= Epoch 19 =======================================
================= Test Set =================
+++++++++++ Find New Best Min ACC +++++++++++
The acc is 0.8799, 0.8408, 0.8897
Time Consumption for one epoch is 129.9880564212799s
The final acc is 0.8799, 0.8408, 0.8897
