Namespace(data_dir='/data/yihua/dataset/celeba/celeba.hdf5', result_dir='results', checkpoint=None, resume=False, domain_attrs='Male', target_attrs='Blond_Hair', exp_name=None, batch_size=512, lr=0.0001, wd=2e-05, epochs=20, seed=2020, num_workers=8, arch='resnet9', evaluate=False, gv=1e-06, gr=0.3)
======================================= Epoch 0 =======================================
================= Test Set =================
+++++++++++ Find New Best Min ACC +++++++++++
The acc is 0.7022, 0.6389, 0.7181
Time Consumption for one epoch is 27.76680612564087s
======================================= Epoch 1 =======================================
================= Test Set =================
+++++++++++ Find New Best Min ACC +++++++++++
The acc is 0.8761, 0.8444, 0.8840
Time Consumption for one epoch is 25.46695899963379s
======================================= Epoch 2 =======================================
================= Test Set =================
+++++++++++ Find New Best Min ACC +++++++++++
The acc is 0.8994, 0.8611, 0.9090
Time Consumption for one epoch is 25.71741223335266s
======================================= Epoch 3 =======================================
================= Test Set =================
+++++++++++ Find New Best Min ACC +++++++++++
The acc is 0.9022, 0.8806, 0.9076
Time Consumption for one epoch is 25.378387689590454s
======================================= Epoch 4 =======================================
================= Test Set =================
+++++++++++ Find New Best Min ACC +++++++++++
The acc is 0.9139, 0.9028, 0.9167
Time Consumption for one epoch is 24.536211013793945s
======================================= Epoch 5 =======================================
================= Test Set =================
The acc is 0.9139, 0.9028, 0.9167
Time Consumption for one epoch is 25.567692041397095s
======================================= Epoch 6 =======================================
================= Test Set =================
The acc is 0.9139, 0.9028, 0.9167
Time Consumption for one epoch is 24.526371717453003s
======================================= Epoch 7 =======================================
================= Test Set =================
The acc is 0.9139, 0.9028, 0.9167
Time Consumption for one epoch is 25.044804573059082s
======================================= Epoch 8 =======================================
================= Test Set =================
The acc is 0.9139, 0.9028, 0.9167
Time Consumption for one epoch is 24.703359127044678s
======================================= Epoch 9 =======================================
================= Test Set =================
The acc is 0.9139, 0.9028, 0.9167
Time Consumption for one epoch is 25.916910648345947s
======================================= Epoch 10 =======================================
================= Test Set =================
The acc is 0.9139, 0.9028, 0.9167
Time Consumption for one epoch is 25.05521583557129s
======================================= Epoch 11 =======================================
================= Test Set =================
The acc is 0.9139, 0.9028, 0.9167
Time Consumption for one epoch is 24.08897876739502s
======================================= Epoch 12 =======================================
================= Test Set =================
+++++++++++ Find New Best Min ACC +++++++++++
The acc is 0.9156, 0.9056, 0.9181
Time Consumption for one epoch is 24.078598737716675s
======================================= Epoch 13 =======================================
================= Test Set =================
The acc is 0.9156, 0.9056, 0.9181
Time Consumption for one epoch is 23.707484483718872s
======================================= Epoch 14 =======================================
================= Test Set =================
The acc is 0.9156, 0.9056, 0.9181
Time Consumption for one epoch is 23.866334199905396s
======================================= Epoch 15 =======================================
================= Test Set =================
The acc is 0.9156, 0.9056, 0.9181
Time Consumption for one epoch is 24.84129309654236s
======================================= Epoch 16 =======================================
================= Test Set =================
+++++++++++ Find New Best Min ACC +++++++++++
The acc is 0.9172, 0.9056, 0.9201
Time Consumption for one epoch is 26.24181842803955s
======================================= Epoch 17 =======================================
================= Test Set =================
+++++++++++ Find New Best Min ACC +++++++++++
The acc is 0.9189, 0.9028, 0.9229
Time Consumption for one epoch is 25.164146423339844s
======================================= Epoch 18 =======================================
================= Test Set =================
The acc is 0.9189, 0.9028, 0.9229
Time Consumption for one epoch is 23.688679933547974s
======================================= Epoch 19 =======================================
================= Test Set =================
The acc is 0.9189, 0.9028, 0.9229
Time Consumption for one epoch is 25.694727897644043s
The final acc is 0.9189, 0.9028, 0.9229
