Namespace(data_dir='/data/yihua/dataset/celeba/celeba.hdf5', result_dir='results', checkpoint=None, resume=False, domain_attrs='Male', target_attrs='Heavy_Makeup', exp_name=None, batch_size=512, lr=0.0001, wd=2e-05, epochs=20, seed=42, num_workers=8, arch='resnet9', evaluate=False, gv=0.1, gr=0.5)
======================================= Epoch 0 =======================================
================= Test Set =================
+++++++++++ Find New Best Min ACC +++++++++++
The acc is 0.5227, 0.5000, 0.5284
Time Consumption for one epoch is 9.145238161087036s
======================================= Epoch 1 =======================================
================= Test Set =================
The acc is 0.5227, 0.5000, 0.5284
Time Consumption for one epoch is 8.437090635299683s
======================================= Epoch 2 =======================================
================= Test Set =================
The acc is 0.5227, 0.5000, 0.5284
Time Consumption for one epoch is 7.784047842025757s
======================================= Epoch 3 =======================================
================= Test Set =================
The acc is 0.5227, 0.5000, 0.5284
Time Consumption for one epoch is 8.533611297607422s
======================================= Epoch 4 =======================================
================= Test Set =================
The acc is 0.5227, 0.5000, 0.5284
Time Consumption for one epoch is 9.165916919708252s
======================================= Epoch 5 =======================================
================= Test Set =================
The acc is 0.5227, 0.5000, 0.5284
Time Consumption for one epoch is 7.637386083602905s
======================================= Epoch 6 =======================================
================= Test Set =================
The acc is 0.5227, 0.5000, 0.5284
Time Consumption for one epoch is 7.76915979385376s
======================================= Epoch 7 =======================================
================= Test Set =================
+++++++++++ Find New Best Min ACC +++++++++++
The acc is 0.5364, 0.5000, 0.5455
Time Consumption for one epoch is 8.45378828048706s
======================================= Epoch 8 =======================================
================= Test Set =================
+++++++++++ Find New Best Min ACC +++++++++++
The acc is 0.6227, 0.5227, 0.6477
Time Consumption for one epoch is 9.64949631690979s
======================================= Epoch 9 =======================================
================= Test Set =================
+++++++++++ Find New Best Min ACC +++++++++++
The acc is 0.6364, 0.5227, 0.6648
Time Consumption for one epoch is 8.238719463348389s
======================================= Epoch 10 =======================================
================= Test Set =================
+++++++++++ Find New Best Min ACC +++++++++++
The acc is 0.6773, 0.5909, 0.6989
Time Consumption for one epoch is 8.094123601913452s
======================================= Epoch 11 =======================================
================= Test Set =================
The acc is 0.6773, 0.5909, 0.6989
Time Consumption for one epoch is 8.586159706115723s
======================================= Epoch 12 =======================================
================= Test Set =================
The acc is 0.6773, 0.5909, 0.6989
Time Consumption for one epoch is 8.806506395339966s
======================================= Epoch 13 =======================================
================= Test Set =================
+++++++++++ Find New Best Min ACC +++++++++++
The acc is 0.6818, 0.6591, 0.6875
Time Consumption for one epoch is 8.281672477722168s
======================================= Epoch 14 =======================================
================= Test Set =================
+++++++++++ Find New Best Min ACC +++++++++++
The acc is 0.6864, 0.6818, 0.6875
Time Consumption for one epoch is 9.774510145187378s
======================================= Epoch 15 =======================================
================= Test Set =================
The acc is 0.6864, 0.6818, 0.6875
Time Consumption for one epoch is 7.744511604309082s
======================================= Epoch 16 =======================================
================= Test Set =================
The acc is 0.6864, 0.6818, 0.6875
Time Consumption for one epoch is 8.330365896224976s
======================================= Epoch 17 =======================================
================= Test Set =================
+++++++++++ Find New Best Min ACC +++++++++++
The acc is 0.6909, 0.6364, 0.7045
Time Consumption for one epoch is 9.53671407699585s
======================================= Epoch 18 =======================================
================= Test Set =================
+++++++++++ Find New Best Min ACC +++++++++++
The acc is 0.6955, 0.6364, 0.7102
Time Consumption for one epoch is 7.9477808475494385s
======================================= Epoch 19 =======================================
================= Test Set =================
+++++++++++ Find New Best Min ACC +++++++++++
The acc is 0.7045, 0.6591, 0.7159
Time Consumption for one epoch is 8.774225950241089s
The final acc is 0.7045, 0.6591, 0.7159
