Namespace(data_dir='/data/yihua/dataset/celeba/celeba.hdf5', result_dir='results', checkpoint=None, resume=False, domain_attrs='Male', target_attrs='Heavy_Makeup', exp_name=None, batch_size=512, lr=0.0001, wd=2e-05, epochs=20, seed=42, num_workers=8, arch='resnet9', evaluate=False, gv=0.0, gr=0.0)
======================================= Epoch 0 =======================================
================= Test Set =================
+++++++++++ Find New Best Min ACC +++++++++++
The acc is 0.5000, 0.5000, 0.5000
Time Consumption for one epoch is 8.666899919509888s
======================================= Epoch 1 =======================================
================= Test Set =================
The acc is 0.5000, 0.5000, 0.5000
Time Consumption for one epoch is 7.226762771606445s
======================================= Epoch 2 =======================================
================= Test Set =================
+++++++++++ Find New Best Min ACC +++++++++++
The acc is 0.5045, 0.5227, 0.5000
Time Consumption for one epoch is 8.243444442749023s
======================================= Epoch 3 =======================================
================= Test Set =================
The acc is 0.5045, 0.5227, 0.5000
Time Consumption for one epoch is 7.756267547607422s
======================================= Epoch 4 =======================================
================= Test Set =================
The acc is 0.5045, 0.5227, 0.5000
Time Consumption for one epoch is 8.183525323867798s
======================================= Epoch 5 =======================================
================= Test Set =================
The acc is 0.5045, 0.5227, 0.5000
Time Consumption for one epoch is 7.5302722454071045s
======================================= Epoch 6 =======================================
================= Test Set =================
The acc is 0.5045, 0.5227, 0.5000
Time Consumption for one epoch is 8.488115787506104s
======================================= Epoch 7 =======================================
================= Test Set =================
The acc is 0.5045, 0.5227, 0.5000
Time Consumption for one epoch is 7.745793104171753s
======================================= Epoch 8 =======================================
================= Test Set =================
+++++++++++ Find New Best Min ACC +++++++++++
The acc is 0.5182, 0.5455, 0.5114
Time Consumption for one epoch is 7.7062296867370605s
======================================= Epoch 9 =======================================
================= Test Set =================
The acc is 0.5182, 0.5455, 0.5114
Time Consumption for one epoch is 7.464152574539185s
======================================= Epoch 10 =======================================
================= Test Set =================
+++++++++++ Find New Best Min ACC +++++++++++
The acc is 0.5818, 0.5682, 0.5852
Time Consumption for one epoch is 7.640491247177124s
======================================= Epoch 11 =======================================
================= Test Set =================
The acc is 0.5818, 0.5682, 0.5852
Time Consumption for one epoch is 7.406723976135254s
======================================= Epoch 12 =======================================
================= Test Set =================
+++++++++++ Find New Best Min ACC +++++++++++
The acc is 0.6500, 0.6591, 0.6477
Time Consumption for one epoch is 7.057495355606079s
======================================= Epoch 13 =======================================
================= Test Set =================
+++++++++++ Find New Best Min ACC +++++++++++
The acc is 0.6591, 0.6364, 0.6648
Time Consumption for one epoch is 8.1251380443573s
======================================= Epoch 14 =======================================
================= Test Set =================
The acc is 0.6591, 0.6364, 0.6648
Time Consumption for one epoch is 8.425095081329346s
======================================= Epoch 15 =======================================
================= Test Set =================
The acc is 0.6591, 0.6364, 0.6648
Time Consumption for one epoch is 8.119138717651367s
======================================= Epoch 16 =======================================
================= Test Set =================
+++++++++++ Find New Best Min ACC +++++++++++
The acc is 0.7136, 0.6364, 0.7330
Time Consumption for one epoch is 7.888821840286255s
======================================= Epoch 17 =======================================
================= Test Set =================
+++++++++++ Find New Best Min ACC +++++++++++
The acc is 0.7364, 0.6591, 0.7557
Time Consumption for one epoch is 8.459342241287231s
======================================= Epoch 18 =======================================
================= Test Set =================
+++++++++++ Find New Best Min ACC +++++++++++
The acc is 0.7409, 0.6591, 0.7614
Time Consumption for one epoch is 7.688937425613403s
======================================= Epoch 19 =======================================
================= Test Set =================
The acc is 0.7409, 0.6591, 0.7614
Time Consumption for one epoch is 8.180949211120605s
The final acc is 0.7409, 0.6591, 0.7614
