Namespace(data_dir='/data/yihua/dataset/celeba/celeba.hdf5', result_dir='results', checkpoint=None, resume=False, domain_attrs='Male', target_attrs='Blond_Hair', exp_name=None, batch_size=512, lr=0.0001, wd=2e-05, epochs=20, seed=2022, num_workers=8, arch='resnet9', evaluate=False, gv=0.4, gr=0.3)
======================================= Epoch 0 =======================================
================= Test Set =================
+++++++++++ Find New Best Min ACC +++++++++++
The acc is 0.6728, 0.6056, 0.6896
Time Consumption for one epoch is 26.459044456481934s
======================================= Epoch 1 =======================================
================= Test Set =================
+++++++++++ Find New Best Min ACC +++++++++++
The acc is 0.8817, 0.8222, 0.8965
Time Consumption for one epoch is 23.47175884246826s
======================================= Epoch 2 =======================================
================= Test Set =================
+++++++++++ Find New Best Min ACC +++++++++++
The acc is 0.8828, 0.8528, 0.8903
Time Consumption for one epoch is 25.532601356506348s
======================================= Epoch 3 =======================================
================= Test Set =================
The acc is 0.8828, 0.8528, 0.8903
Time Consumption for one epoch is 23.66869330406189s
======================================= Epoch 4 =======================================
================= Test Set =================
+++++++++++ Find New Best Min ACC +++++++++++
The acc is 0.8967, 0.8556, 0.9069
Time Consumption for one epoch is 25.14133071899414s
======================================= Epoch 5 =======================================
================= Test Set =================
The acc is 0.8967, 0.8556, 0.9069
Time Consumption for one epoch is 24.922919273376465s
======================================= Epoch 6 =======================================
================= Test Set =================
+++++++++++ Find New Best Min ACC +++++++++++
The acc is 0.9028, 0.8944, 0.9049
Time Consumption for one epoch is 24.772549152374268s
======================================= Epoch 7 =======================================
================= Test Set =================
+++++++++++ Find New Best Min ACC +++++++++++
The acc is 0.9078, 0.8722, 0.9167
Time Consumption for one epoch is 25.514567375183105s
======================================= Epoch 8 =======================================
================= Test Set =================
The acc is 0.9078, 0.8722, 0.9167
Time Consumption for one epoch is 23.54370903968811s
======================================= Epoch 9 =======================================
================= Test Set =================
+++++++++++ Find New Best Min ACC +++++++++++
The acc is 0.9172, 0.9056, 0.9201
Time Consumption for one epoch is 25.243882179260254s
======================================= Epoch 10 =======================================
================= Test Set =================
The acc is 0.9172, 0.9056, 0.9201
Time Consumption for one epoch is 24.183141469955444s
======================================= Epoch 11 =======================================
================= Test Set =================
The acc is 0.9172, 0.9056, 0.9201
Time Consumption for one epoch is 24.90818738937378s
======================================= Epoch 12 =======================================
================= Test Set =================
The acc is 0.9172, 0.9056, 0.9201
Time Consumption for one epoch is 24.14159846305847s
======================================= Epoch 13 =======================================
================= Test Set =================
+++++++++++ Find New Best Min ACC +++++++++++
The acc is 0.9222, 0.9111, 0.9250
Time Consumption for one epoch is 24.125654697418213s
======================================= Epoch 14 =======================================
================= Test Set =================
The acc is 0.9222, 0.9111, 0.9250
Time Consumption for one epoch is 23.65104389190674s
======================================= Epoch 15 =======================================
================= Test Set =================
The acc is 0.9222, 0.9111, 0.9250
Time Consumption for one epoch is 24.01474952697754s
======================================= Epoch 16 =======================================
================= Test Set =================
The acc is 0.9222, 0.9111, 0.9250
Time Consumption for one epoch is 25.15963864326477s
======================================= Epoch 17 =======================================
================= Test Set =================
The acc is 0.9222, 0.9111, 0.9250
Time Consumption for one epoch is 24.574835062026978s
======================================= Epoch 18 =======================================
================= Test Set =================
The acc is 0.9222, 0.9111, 0.9250
Time Consumption for one epoch is 24.85143542289734s
======================================= Epoch 19 =======================================
================= Test Set =================
The acc is 0.9222, 0.9111, 0.9250
Time Consumption for one epoch is 24.111521244049072s
The final acc is 0.9222, 0.9111, 0.9250
