Namespace(data_dir='/data/yihua/dataset/celeba/celeba.hdf5', result_dir='results', checkpoint=None, resume=False, domain_attrs='Male', target_attrs='Blond_Hair', exp_name=None, batch_size=512, lr=0.0001, wd=2e-05, epochs=20, seed=2022, num_workers=8, arch='resnet18', evaluate=False, gv=0.001, gr=0.1)
======================================= Epoch 0 =======================================
================= Test Set =================
+++++++++++ Find New Best Min ACC +++++++++++
The acc is 0.5000, 0.5000, 0.5000
Time Consumption for one epoch is 45.95483040809631s
======================================= Epoch 1 =======================================
================= Test Set =================
+++++++++++ Find New Best Min ACC +++++++++++
The acc is 0.7372, 0.6417, 0.7611
Time Consumption for one epoch is 41.6546745300293s
======================================= Epoch 2 =======================================
================= Test Set =================
+++++++++++ Find New Best Min ACC +++++++++++
The acc is 0.8644, 0.8389, 0.8708
Time Consumption for one epoch is 40.759769439697266s
======================================= Epoch 3 =======================================
================= Test Set =================
+++++++++++ Find New Best Min ACC +++++++++++
The acc is 0.8861, 0.8583, 0.8931
Time Consumption for one epoch is 41.80897331237793s
======================================= Epoch 4 =======================================
================= Test Set =================
+++++++++++ Find New Best Min ACC +++++++++++
The acc is 0.8950, 0.8917, 0.8958
Time Consumption for one epoch is 42.211469650268555s
======================================= Epoch 5 =======================================
================= Test Set =================
The acc is 0.8950, 0.8917, 0.8958
Time Consumption for one epoch is 40.66443610191345s
======================================= Epoch 6 =======================================
================= Test Set =================
The acc is 0.8950, 0.8917, 0.8958
Time Consumption for one epoch is 42.535804986953735s
======================================= Epoch 7 =======================================
================= Test Set =================
The acc is 0.8950, 0.8917, 0.8958
Time Consumption for one epoch is 40.92887735366821s
======================================= Epoch 8 =======================================
================= Test Set =================
The acc is 0.8950, 0.8917, 0.8958
Time Consumption for one epoch is 41.139678716659546s
======================================= Epoch 9 =======================================
================= Test Set =================
The acc is 0.8950, 0.8917, 0.8958
Time Consumption for one epoch is 40.08156204223633s
======================================= Epoch 10 =======================================
================= Test Set =================
+++++++++++ Find New Best Min ACC +++++++++++
The acc is 0.9056, 0.8556, 0.9181
Time Consumption for one epoch is 42.185781717300415s
======================================= Epoch 11 =======================================
================= Test Set =================
The acc is 0.9056, 0.8556, 0.9181
Time Consumption for one epoch is 40.90004372596741s
======================================= Epoch 12 =======================================
================= Test Set =================
The acc is 0.9056, 0.8556, 0.9181
Time Consumption for one epoch is 40.22499442100525s
======================================= Epoch 13 =======================================
================= Test Set =================
The acc is 0.9056, 0.8556, 0.9181
Time Consumption for one epoch is 41.350550174713135s
======================================= Epoch 14 =======================================
================= Test Set =================
The acc is 0.9056, 0.8556, 0.9181
Time Consumption for one epoch is 40.88721442222595s
======================================= Epoch 15 =======================================
================= Test Set =================
The acc is 0.9056, 0.8556, 0.9181
Time Consumption for one epoch is 43.28400158882141s
======================================= Epoch 16 =======================================
================= Test Set =================
+++++++++++ Find New Best Min ACC +++++++++++
The acc is 0.9139, 0.8917, 0.9194
Time Consumption for one epoch is 42.05058026313782s
======================================= Epoch 17 =======================================
================= Test Set =================
+++++++++++ Find New Best Min ACC +++++++++++
The acc is 0.9178, 0.9000, 0.9222
Time Consumption for one epoch is 41.74203562736511s
======================================= Epoch 18 =======================================
================= Test Set =================
The acc is 0.9178, 0.9000, 0.9222
Time Consumption for one epoch is 42.0588812828064s
======================================= Epoch 19 =======================================
================= Test Set =================
+++++++++++ Find New Best Min ACC +++++++++++
The acc is 0.9183, 0.9028, 0.9222
Time Consumption for one epoch is 43.14541959762573s
The final acc is 0.9183, 0.9028, 0.9222
