Namespace(data_dir='/data/yihua/dataset/celeba/celeba.hdf5', result_dir='rotation_study', checkpoint=None, resume=False, domain_attrs='Male', target_attrs='Blond_Hair', exp_name=None, batch_size=512, lr=0.0001, wd=2e-05, epochs=20, seed=2021, num_workers=8, arch='resnet18', evaluate=False, total_num=5000, test_num=1000, gv=0.0, gr=0.1, minor_ratio=0.2, add_aug='rotation')
======================================= Epoch 0 =======================================
================= Test Set =================
+++++++++++ Find New Best Min ACC +++++++++++
The acc is 0.4968, 0.4558, 0.5320
Time Consumption for one epoch is 23.15179705619812s
======================================= Epoch 1 =======================================
================= Test Set =================
+++++++++++ Find New Best Min ACC +++++++++++
The acc is 0.5376, 0.5814, 0.5000
Time Consumption for one epoch is 18.605498552322388s
======================================= Epoch 2 =======================================
================= Test Set =================
The acc is 0.5376, 0.5814, 0.5000
Time Consumption for one epoch is 19.588404655456543s
======================================= Epoch 3 =======================================
================= Test Set =================
The acc is 0.5376, 0.5814, 0.5000
Time Consumption for one epoch is 19.081432580947876s
======================================= Epoch 4 =======================================
================= Test Set =================
+++++++++++ Find New Best Min ACC +++++++++++
The acc is 0.6290, 0.6651, 0.5980
Time Consumption for one epoch is 21.020379543304443s
======================================= Epoch 5 =======================================
================= Test Set =================
+++++++++++ Find New Best Min ACC +++++++++++
The acc is 0.6882, 0.6884, 0.6880
Time Consumption for one epoch is 20.6198832988739s
======================================= Epoch 6 =======================================
================= Test Set =================
+++++++++++ Find New Best Min ACC +++++++++++
The acc is 0.8484, 0.8163, 0.8760
Time Consumption for one epoch is 19.05749535560608s
======================================= Epoch 7 =======================================
================= Test Set =================
+++++++++++ Find New Best Min ACC +++++++++++
The acc is 0.8806, 0.8628, 0.8960
Time Consumption for one epoch is 19.258209943771362s
======================================= Epoch 8 =======================================
================= Test Set =================
The acc is 0.8806, 0.8628, 0.8960
Time Consumption for one epoch is 18.925518035888672s
======================================= Epoch 9 =======================================
================= Test Set =================
The acc is 0.8806, 0.8628, 0.8960
Time Consumption for one epoch is 20.04331111907959s
======================================= Epoch 10 =======================================
================= Test Set =================
The acc is 0.8806, 0.8628, 0.8960
Time Consumption for one epoch is 19.86309289932251s
======================================= Epoch 11 =======================================
================= Test Set =================
The acc is 0.8806, 0.8628, 0.8960
Time Consumption for one epoch is 19.730955123901367s
======================================= Epoch 12 =======================================
================= Test Set =================
The acc is 0.8806, 0.8628, 0.8960
Time Consumption for one epoch is 19.02751064300537s
======================================= Epoch 13 =======================================
================= Test Set =================
The acc is 0.8806, 0.8628, 0.8960
Time Consumption for one epoch is 20.822405576705933s
======================================= Epoch 14 =======================================
================= Test Set =================
+++++++++++ Find New Best Min ACC +++++++++++
The acc is 0.8839, 0.8535, 0.9100
Time Consumption for one epoch is 19.255465030670166s
======================================= Epoch 15 =======================================
================= Test Set =================
The acc is 0.8839, 0.8535, 0.9100
Time Consumption for one epoch is 20.034322500228882s
======================================= Epoch 16 =======================================
================= Test Set =================
The acc is 0.8839, 0.8535, 0.9100
Time Consumption for one epoch is 19.502410411834717s
======================================= Epoch 17 =======================================
================= Test Set =================
The acc is 0.8839, 0.8535, 0.9100
Time Consumption for one epoch is 19.388490676879883s
======================================= Epoch 18 =======================================
================= Test Set =================
+++++++++++ Find New Best Min ACC +++++++++++
The acc is 0.8914, 0.8791, 0.9020
Time Consumption for one epoch is 19.54949641227722s
======================================= Epoch 19 =======================================
================= Test Set =================
+++++++++++ Find New Best Min ACC +++++++++++
The acc is 0.8957, 0.8860, 0.9040
Time Consumption for one epoch is 20.635385274887085s
The final acc is 0.8957, 0.8860, 0.9040
