Namespace(data_dir='/data/yihua/dataset/celeba/celeba.hdf5', result_dir='crop_study', checkpoint=None, resume=False, domain_attrs='Male', target_attrs='Blond_Hair', exp_name=None, batch_size=512, lr=0.0001, wd=2e-05, epochs=20, seed=2021, num_workers=8, arch='resnet18', evaluate=False, total_num=5000, test_num=1000, gv=120.0, gr=0.3, minor_ratio=0.2, add_aug='crop')
======================================= Epoch 0 =======================================
================= Test Set =================
+++++++++++ Find New Best Min ACC +++++++++++
The acc is 0.7118, 0.6651, 0.7520
Time Consumption for one epoch is 21.7302405834198s
======================================= Epoch 1 =======================================
================= Test Set =================
The acc is 0.7118, 0.6651, 0.7520
Time Consumption for one epoch is 19.697150945663452s
======================================= Epoch 2 =======================================
================= Test Set =================
The acc is 0.7118, 0.6651, 0.7520
Time Consumption for one epoch is 20.498791456222534s
======================================= Epoch 3 =======================================
================= Test Set =================
The acc is 0.7118, 0.6651, 0.7520
Time Consumption for one epoch is 20.78727650642395s
======================================= Epoch 4 =======================================
================= Test Set =================
+++++++++++ Find New Best Min ACC +++++++++++
The acc is 0.7387, 0.7349, 0.7420
Time Consumption for one epoch is 19.916860342025757s
======================================= Epoch 5 =======================================
================= Test Set =================
+++++++++++ Find New Best Min ACC +++++++++++
The acc is 0.8108, 0.7884, 0.8300
Time Consumption for one epoch is 19.102444648742676s
======================================= Epoch 6 =======================================
================= Test Set =================
+++++++++++ Find New Best Min ACC +++++++++++
The acc is 0.8151, 0.8000, 0.8280
Time Consumption for one epoch is 20.535266876220703s
======================================= Epoch 7 =======================================
================= Test Set =================
+++++++++++ Find New Best Min ACC +++++++++++
The acc is 0.8645, 0.8465, 0.8800
Time Consumption for one epoch is 19.454910278320312s
======================================= Epoch 8 =======================================
================= Test Set =================
The acc is 0.8645, 0.8465, 0.8800
Time Consumption for one epoch is 20.059419870376587s
======================================= Epoch 9 =======================================
================= Test Set =================
+++++++++++ Find New Best Min ACC +++++++++++
The acc is 0.8731, 0.8558, 0.8880
Time Consumption for one epoch is 20.193431854248047s
======================================= Epoch 10 =======================================
================= Test Set =================
+++++++++++ Find New Best Min ACC +++++++++++
The acc is 0.8806, 0.8698, 0.8900
Time Consumption for one epoch is 19.756555318832397s
======================================= Epoch 11 =======================================
================= Test Set =================
The acc is 0.8806, 0.8698, 0.8900
Time Consumption for one epoch is 20.102521419525146s
======================================= Epoch 12 =======================================
================= Test Set =================
The acc is 0.8806, 0.8698, 0.8900
Time Consumption for one epoch is 19.303651094436646s
======================================= Epoch 13 =======================================
================= Test Set =================
The acc is 0.8806, 0.8698, 0.8900
Time Consumption for one epoch is 21.073550701141357s
======================================= Epoch 14 =======================================
================= Test Set =================
The acc is 0.8806, 0.8698, 0.8900
Time Consumption for one epoch is 20.304384469985962s
======================================= Epoch 15 =======================================
================= Test Set =================
The acc is 0.8806, 0.8698, 0.8900
Time Consumption for one epoch is 20.145782709121704s
======================================= Epoch 16 =======================================
================= Test Set =================
+++++++++++ Find New Best Min ACC +++++++++++
The acc is 0.8882, 0.8814, 0.8940
Time Consumption for one epoch is 18.89947772026062s
======================================= Epoch 17 =======================================
================= Test Set =================
+++++++++++ Find New Best Min ACC +++++++++++
The acc is 0.8903, 0.8744, 0.9040
Time Consumption for one epoch is 21.244449615478516s
======================================= Epoch 18 =======================================
================= Test Set =================
+++++++++++ Find New Best Min ACC +++++++++++
The acc is 0.8946, 0.8767, 0.9100
Time Consumption for one epoch is 21.714427947998047s
======================================= Epoch 19 =======================================
================= Test Set =================
The acc is 0.8946, 0.8767, 0.9100
Time Consumption for one epoch is 19.800150632858276s
The final acc is 0.8946, 0.8767, 0.9100
