Namespace(data_dir='/data/yihua/dataset/celeba/celeba.hdf5', result_dir='results', checkpoint=None, resume=False, domain_attrs='Male', target_attrs='High_Cheekbones', exp_name=None, batch_size=512, lr=0.0001, wd=2e-05, epochs=20, seed=42, num_workers=8, arch='resnet9', evaluate=False, gv=0.2, gr=0.3)
======================================= Epoch 0 =======================================
================= Test Set =================
+++++++++++ Find New Best Min ACC +++++++++++
The acc is 0.8476, 0.7911, 0.8617
Time Consumption for one epoch is 136.26303935050964s
======================================= Epoch 1 =======================================
================= Test Set =================
The acc is 0.8476, 0.7911, 0.8617
Time Consumption for one epoch is 135.02246069908142s
======================================= Epoch 2 =======================================
================= Test Set =================
+++++++++++ Find New Best Min ACC +++++++++++
The acc is 0.8481, 0.8067, 0.8585
Time Consumption for one epoch is 133.99190545082092s
======================================= Epoch 3 =======================================
================= Test Set =================
+++++++++++ Find New Best Min ACC +++++++++++
The acc is 0.8581, 0.8152, 0.8688
Time Consumption for one epoch is 136.18326902389526s
======================================= Epoch 4 =======================================
================= Test Set =================
The acc is 0.8581, 0.8152, 0.8688
Time Consumption for one epoch is 133.4935154914856s
======================================= Epoch 5 =======================================
================= Test Set =================
+++++++++++ Find New Best Min ACC +++++++++++
The acc is 0.8655, 0.8216, 0.8765
Time Consumption for one epoch is 133.70716047286987s
======================================= Epoch 6 =======================================
================= Test Set =================
+++++++++++ Find New Best Min ACC +++++++++++
The acc is 0.8728, 0.8288, 0.8837
Time Consumption for one epoch is 134.70281958580017s
======================================= Epoch 7 =======================================
================= Test Set =================
The acc is 0.8728, 0.8288, 0.8837
Time Consumption for one epoch is 134.35738968849182s
======================================= Epoch 8 =======================================
================= Test Set =================
The acc is 0.8728, 0.8288, 0.8837
Time Consumption for one epoch is 134.25888061523438s
======================================= Epoch 9 =======================================
================= Test Set =================
+++++++++++ Find New Best Min ACC +++++++++++
The acc is 0.8752, 0.8268, 0.8874
Time Consumption for one epoch is 134.79348278045654s
======================================= Epoch 10 =======================================
================= Test Set =================
The acc is 0.8752, 0.8268, 0.8874
Time Consumption for one epoch is 135.15882396697998s
======================================= Epoch 11 =======================================
================= Test Set =================
The acc is 0.8752, 0.8268, 0.8874
Time Consumption for one epoch is 134.89009714126587s
======================================= Epoch 12 =======================================
================= Test Set =================
+++++++++++ Find New Best Min ACC +++++++++++
The acc is 0.8761, 0.8260, 0.8887
Time Consumption for one epoch is 134.33595609664917s
======================================= Epoch 13 =======================================
================= Test Set =================
The acc is 0.8761, 0.8260, 0.8887
Time Consumption for one epoch is 134.83995366096497s
======================================= Epoch 14 =======================================
================= Test Set =================
+++++++++++ Find New Best Min ACC +++++++++++
The acc is 0.8764, 0.8292, 0.8883
Time Consumption for one epoch is 135.61299061775208s
======================================= Epoch 15 =======================================
================= Test Set =================
The acc is 0.8764, 0.8292, 0.8883
Time Consumption for one epoch is 134.04724192619324s
======================================= Epoch 16 =======================================
================= Test Set =================
The acc is 0.8764, 0.8292, 0.8883
Time Consumption for one epoch is 134.67288851737976s
======================================= Epoch 17 =======================================
================= Test Set =================
+++++++++++ Find New Best Min ACC +++++++++++
The acc is 0.8765, 0.8344, 0.8871
Time Consumption for one epoch is 133.72424817085266s
======================================= Epoch 18 =======================================
================= Test Set =================
+++++++++++ Find New Best Min ACC +++++++++++
The acc is 0.8805, 0.8372, 0.8914
Time Consumption for one epoch is 134.32762098312378s
======================================= Epoch 19 =======================================
================= Test Set =================
The acc is 0.8805, 0.8372, 0.8914
Time Consumption for one epoch is 134.101580619812s
The final acc is 0.8805, 0.8372, 0.8914
