Namespace(data_dir='/data/yihua/dataset/celeba/celeba.hdf5', result_dir='crop_study', checkpoint=None, resume=False, domain_attrs='Male', target_attrs='Blond_Hair', exp_name=None, batch_size=512, lr=0.0001, wd=2e-05, epochs=20, seed=2021, num_workers=8, arch='resnet9', evaluate=False, total_num=5000, test_num=1000, gv=140.0, gr=0.5, minor_ratio=0.2, add_aug='crop')
======================================= Epoch 0 =======================================
================= Test Set =================
+++++++++++ Find New Best Min ACC +++++++++++
The acc is 0.4624, 0.4186, 0.5000
Time Consumption for one epoch is 16.59920859336853s
======================================= Epoch 1 =======================================
================= Test Set =================
The acc is 0.4624, 0.4186, 0.5000
Time Consumption for one epoch is 14.349133491516113s
======================================= Epoch 2 =======================================
================= Test Set =================
+++++++++++ Find New Best Min ACC +++++++++++
The acc is 0.7075, 0.6442, 0.7620
Time Consumption for one epoch is 14.846794128417969s
======================================= Epoch 3 =======================================
================= Test Set =================
The acc is 0.7075, 0.6442, 0.7620
Time Consumption for one epoch is 14.558467149734497s
======================================= Epoch 4 =======================================
================= Test Set =================
+++++++++++ Find New Best Min ACC +++++++++++
The acc is 0.8419, 0.8209, 0.8600
Time Consumption for one epoch is 14.716837406158447s
======================================= Epoch 5 =======================================
================= Test Set =================
+++++++++++ Find New Best Min ACC +++++++++++
The acc is 0.8591, 0.8302, 0.8840
Time Consumption for one epoch is 14.759824275970459s
======================================= Epoch 6 =======================================
================= Test Set =================
+++++++++++ Find New Best Min ACC +++++++++++
The acc is 0.8774, 0.8512, 0.9000
Time Consumption for one epoch is 15.302497863769531s
======================================= Epoch 7 =======================================
================= Test Set =================
The acc is 0.8774, 0.8512, 0.9000
Time Consumption for one epoch is 14.616729497909546s
======================================= Epoch 8 =======================================
================= Test Set =================
+++++++++++ Find New Best Min ACC +++++++++++
The acc is 0.8849, 0.8698, 0.8980
Time Consumption for one epoch is 14.999925374984741s
======================================= Epoch 9 =======================================
================= Test Set =================
The acc is 0.8849, 0.8698, 0.8980
Time Consumption for one epoch is 14.159486532211304s
======================================= Epoch 10 =======================================
================= Test Set =================
+++++++++++ Find New Best Min ACC +++++++++++
The acc is 0.8882, 0.8721, 0.9020
Time Consumption for one epoch is 14.72152066230774s
======================================= Epoch 11 =======================================
================= Test Set =================
The acc is 0.8882, 0.8721, 0.9020
Time Consumption for one epoch is 14.593838214874268s
======================================= Epoch 12 =======================================
================= Test Set =================
The acc is 0.8882, 0.8721, 0.9020
Time Consumption for one epoch is 14.019237756729126s
======================================= Epoch 13 =======================================
================= Test Set =================
+++++++++++ Find New Best Min ACC +++++++++++
The acc is 0.8892, 0.8698, 0.9060
Time Consumption for one epoch is 14.437307357788086s
======================================= Epoch 14 =======================================
================= Test Set =================
The acc is 0.8892, 0.8698, 0.9060
Time Consumption for one epoch is 14.446276187896729s
======================================= Epoch 15 =======================================
================= Test Set =================
The acc is 0.8892, 0.8698, 0.9060
Time Consumption for one epoch is 14.964228391647339s
======================================= Epoch 16 =======================================
================= Test Set =================
The acc is 0.8892, 0.8698, 0.9060
Time Consumption for one epoch is 14.35803508758545s
======================================= Epoch 17 =======================================
================= Test Set =================
+++++++++++ Find New Best Min ACC +++++++++++
The acc is 0.8989, 0.8814, 0.9140
Time Consumption for one epoch is 14.595404624938965s
======================================= Epoch 18 =======================================
================= Test Set =================
+++++++++++ Find New Best Min ACC +++++++++++
The acc is 0.9000, 0.8837, 0.9140
Time Consumption for one epoch is 15.374313831329346s
======================================= Epoch 19 =======================================
================= Test Set =================
The acc is 0.9000, 0.8837, 0.9140
Time Consumption for one epoch is 15.607301235198975s
The final acc is 0.9000, 0.8837, 0.9140
