Namespace(data_dir='/data/yihua/dataset/celeba/celeba.hdf5', result_dir='rotation_study', checkpoint=None, resume=False, domain_attrs='Male', target_attrs='Blond_Hair', exp_name=None, batch_size=512, lr=0.0001, wd=2e-05, epochs=20, seed=2022, num_workers=8, arch='resnet18', evaluate=False, total_num=5000, test_num=1000, gv=60.0, gr=0.1, minor_ratio=0.2, add_aug='rotation')
======================================= Epoch 0 =======================================
================= Test Set =================
+++++++++++ Find New Best Min ACC +++++++++++
The acc is 0.4903, 0.4419, 0.5320
Time Consumption for one epoch is 23.211636066436768s
======================================= Epoch 1 =======================================
================= Test Set =================
+++++++++++ Find New Best Min ACC +++++++++++
The acc is 0.5387, 0.5814, 0.5020
Time Consumption for one epoch is 19.493263006210327s
======================================= Epoch 2 =======================================
================= Test Set =================
The acc is 0.5387, 0.5814, 0.5020
Time Consumption for one epoch is 20.653729915618896s
======================================= Epoch 3 =======================================
================= Test Set =================
+++++++++++ Find New Best Min ACC +++++++++++
The acc is 0.6011, 0.6209, 0.5840
Time Consumption for one epoch is 20.426518440246582s
======================================= Epoch 4 =======================================
================= Test Set =================
The acc is 0.6011, 0.6209, 0.5840
Time Consumption for one epoch is 20.43868613243103s
======================================= Epoch 5 =======================================
================= Test Set =================
+++++++++++ Find New Best Min ACC +++++++++++
The acc is 0.8172, 0.7744, 0.8540
Time Consumption for one epoch is 19.625321626663208s
======================================= Epoch 6 =======================================
================= Test Set =================
The acc is 0.8172, 0.7744, 0.8540
Time Consumption for one epoch is 18.641277313232422s
======================================= Epoch 7 =======================================
================= Test Set =================
The acc is 0.8172, 0.7744, 0.8540
Time Consumption for one epoch is 20.19077491760254s
======================================= Epoch 8 =======================================
================= Test Set =================
+++++++++++ Find New Best Min ACC +++++++++++
The acc is 0.8419, 0.8070, 0.8720
Time Consumption for one epoch is 20.85631775856018s
======================================= Epoch 9 =======================================
================= Test Set =================
+++++++++++ Find New Best Min ACC +++++++++++
The acc is 0.8720, 0.8605, 0.8820
Time Consumption for one epoch is 19.1491117477417s
======================================= Epoch 10 =======================================
================= Test Set =================
+++++++++++ Find New Best Min ACC +++++++++++
The acc is 0.8849, 0.8581, 0.9080
Time Consumption for one epoch is 20.711973428726196s
======================================= Epoch 11 =======================================
================= Test Set =================
The acc is 0.8849, 0.8581, 0.9080
Time Consumption for one epoch is 20.758013486862183s
======================================= Epoch 12 =======================================
================= Test Set =================
The acc is 0.8849, 0.8581, 0.9080
Time Consumption for one epoch is 21.49906849861145s
======================================= Epoch 13 =======================================
================= Test Set =================
The acc is 0.8849, 0.8581, 0.9080
Time Consumption for one epoch is 19.807971954345703s
======================================= Epoch 14 =======================================
================= Test Set =================
The acc is 0.8849, 0.8581, 0.9080
Time Consumption for one epoch is 19.181933879852295s
======================================= Epoch 15 =======================================
================= Test Set =================
The acc is 0.8849, 0.8581, 0.9080
Time Consumption for one epoch is 19.611276865005493s
======================================= Epoch 16 =======================================
================= Test Set =================
+++++++++++ Find New Best Min ACC +++++++++++
The acc is 0.9022, 0.8930, 0.9100
Time Consumption for one epoch is 20.597957372665405s
======================================= Epoch 17 =======================================
================= Test Set =================
The acc is 0.9022, 0.8930, 0.9100
Time Consumption for one epoch is 20.383182287216187s
======================================= Epoch 18 =======================================
================= Test Set =================
The acc is 0.9022, 0.8930, 0.9100
Time Consumption for one epoch is 21.001596927642822s
======================================= Epoch 19 =======================================
================= Test Set =================
The acc is 0.9022, 0.8930, 0.9100
Time Consumption for one epoch is 19.40518617630005s
The final acc is 0.9022, 0.8930, 0.9100
