Namespace(data_dir='/data/yihua/dataset/celeba/celeba.hdf5', result_dir='results', checkpoint=None, resume=False, domain_attrs='Male', target_attrs='High_Cheekbones', exp_name=None, batch_size=512, lr=0.0001, wd=2e-05, epochs=20, seed=42, num_workers=8, arch='resnet18', evaluate=False, gv=0.15, gr=0.5)
======================================= Epoch 0 =======================================
================= Test Set =================
+++++++++++ Find New Best Min ACC +++++++++++
The acc is 0.8466, 0.8003, 0.8582
Time Consumption for one epoch is 280.36886191368103s
======================================= Epoch 1 =======================================
================= Test Set =================
+++++++++++ Find New Best Min ACC +++++++++++
The acc is 0.8635, 0.8180, 0.8748
Time Consumption for one epoch is 280.1324384212494s
======================================= Epoch 2 =======================================
================= Test Set =================
The acc is 0.8635, 0.8180, 0.8748
Time Consumption for one epoch is 277.23470997810364s
======================================= Epoch 3 =======================================
================= Test Set =================
+++++++++++ Find New Best Min ACC +++++++++++
The acc is 0.8668, 0.8232, 0.8777
Time Consumption for one epoch is 279.58653020858765s
======================================= Epoch 4 =======================================
================= Test Set =================
The acc is 0.8668, 0.8232, 0.8777
Time Consumption for one epoch is 278.1400282382965s
======================================= Epoch 5 =======================================
================= Test Set =================
The acc is 0.8668, 0.8232, 0.8777
Time Consumption for one epoch is 277.45184540748596s
======================================= Epoch 6 =======================================
================= Test Set =================
The acc is 0.8668, 0.8232, 0.8777
Time Consumption for one epoch is 278.7611062526703s
======================================= Epoch 7 =======================================
================= Test Set =================
The acc is 0.8668, 0.8232, 0.8777
Time Consumption for one epoch is 277.24763083457947s
======================================= Epoch 8 =======================================
================= Test Set =================
+++++++++++ Find New Best Min ACC +++++++++++
The acc is 0.8724, 0.8268, 0.8837
Time Consumption for one epoch is 279.4620933532715s
======================================= Epoch 9 =======================================
================= Test Set =================
+++++++++++ Find New Best Min ACC +++++++++++
The acc is 0.8735, 0.8328, 0.8836
Time Consumption for one epoch is 279.44400095939636s
======================================= Epoch 10 =======================================
================= Test Set =================
+++++++++++ Find New Best Min ACC +++++++++++
The acc is 0.8748, 0.8348, 0.8847
Time Consumption for one epoch is 276.65039920806885s
======================================= Epoch 11 =======================================
================= Test Set =================
The acc is 0.8748, 0.8348, 0.8847
Time Consumption for one epoch is 278.4471879005432s
======================================= Epoch 12 =======================================
================= Test Set =================
+++++++++++ Find New Best Min ACC +++++++++++
The acc is 0.8759, 0.8340, 0.8863
Time Consumption for one epoch is 277.8112442493439s
======================================= Epoch 13 =======================================
================= Test Set =================
The acc is 0.8759, 0.8340, 0.8863
Time Consumption for one epoch is 276.12252855300903s
======================================= Epoch 14 =======================================
================= Test Set =================
The acc is 0.8759, 0.8340, 0.8863
Time Consumption for one epoch is 279.63118505477905s
======================================= Epoch 15 =======================================
================= Test Set =================
+++++++++++ Find New Best Min ACC +++++++++++
The acc is 0.8772, 0.8360, 0.8875
Time Consumption for one epoch is 279.31512093544006s
======================================= Epoch 16 =======================================
================= Test Set =================
+++++++++++ Find New Best Min ACC +++++++++++
The acc is 0.8773, 0.8348, 0.8880
Time Consumption for one epoch is 278.8299152851105s
======================================= Epoch 17 =======================================
================= Test Set =================
The acc is 0.8773, 0.8348, 0.8880
Time Consumption for one epoch is 276.0918972492218s
======================================= Epoch 18 =======================================
================= Test Set =================
+++++++++++ Find New Best Min ACC +++++++++++
The acc is 0.8784, 0.8376, 0.8887
Time Consumption for one epoch is 278.47602009773254s
======================================= Epoch 19 =======================================
================= Test Set =================
The acc is 0.8784, 0.8376, 0.8887
Time Consumption for one epoch is 277.6724112033844s
The final acc is 0.8784, 0.8376, 0.8887
