Namespace(data_dir='/data/yihua/dataset/celeba/celeba.hdf5', result_dir='results', checkpoint=None, resume=False, domain_attrs='Male', target_attrs='Blond_Hair', exp_name=None, batch_size=512, lr=0.0001, wd=2e-05, epochs=20, seed=2021, num_workers=8, arch='resnet18', evaluate=False, gv=1e-05, gr=0.5)
======================================= Epoch 0 =======================================
================= Test Set =================
+++++++++++ Find New Best Min ACC +++++++++++
The acc is 0.5000, 0.5000, 0.5000
Time Consumption for one epoch is 46.98030352592468s
======================================= Epoch 1 =======================================
================= Test Set =================
+++++++++++ Find New Best Min ACC +++++++++++
The acc is 0.7050, 0.6028, 0.7306
Time Consumption for one epoch is 44.35495853424072s
======================================= Epoch 2 =======================================
================= Test Set =================
+++++++++++ Find New Best Min ACC +++++++++++
The acc is 0.8883, 0.8500, 0.8979
Time Consumption for one epoch is 44.23519563674927s
======================================= Epoch 3 =======================================
================= Test Set =================
The acc is 0.8883, 0.8500, 0.8979
Time Consumption for one epoch is 44.85167169570923s
======================================= Epoch 4 =======================================
================= Test Set =================
+++++++++++ Find New Best Min ACC +++++++++++
The acc is 0.8922, 0.8611, 0.9000
Time Consumption for one epoch is 44.22627305984497s
======================================= Epoch 5 =======================================
================= Test Set =================
The acc is 0.8922, 0.8611, 0.9000
Time Consumption for one epoch is 42.88051080703735s
======================================= Epoch 6 =======================================
================= Test Set =================
The acc is 0.8922, 0.8611, 0.9000
Time Consumption for one epoch is 43.50714445114136s
======================================= Epoch 7 =======================================
================= Test Set =================
+++++++++++ Find New Best Min ACC +++++++++++
The acc is 0.8989, 0.8639, 0.9076
Time Consumption for one epoch is 45.517123222351074s
======================================= Epoch 8 =======================================
================= Test Set =================
The acc is 0.8989, 0.8639, 0.9076
Time Consumption for one epoch is 42.91620206832886s
======================================= Epoch 9 =======================================
================= Test Set =================
+++++++++++ Find New Best Min ACC +++++++++++
The acc is 0.9083, 0.9083, 0.9083
Time Consumption for one epoch is 43.96504592895508s
======================================= Epoch 10 =======================================
================= Test Set =================
+++++++++++ Find New Best Min ACC +++++++++++
The acc is 0.9178, 0.8861, 0.9257
Time Consumption for one epoch is 45.41610407829285s
======================================= Epoch 11 =======================================
================= Test Set =================
The acc is 0.9178, 0.8861, 0.9257
Time Consumption for one epoch is 42.64353108406067s
======================================= Epoch 12 =======================================
================= Test Set =================
The acc is 0.9178, 0.8861, 0.9257
Time Consumption for one epoch is 43.92569828033447s
======================================= Epoch 13 =======================================
================= Test Set =================
The acc is 0.9178, 0.8861, 0.9257
Time Consumption for one epoch is 43.23442029953003s
======================================= Epoch 14 =======================================
================= Test Set =================
The acc is 0.9178, 0.8861, 0.9257
Time Consumption for one epoch is 43.57631015777588s
======================================= Epoch 15 =======================================
================= Test Set =================
The acc is 0.9178, 0.8861, 0.9257
Time Consumption for one epoch is 43.52185344696045s
======================================= Epoch 16 =======================================
================= Test Set =================
The acc is 0.9178, 0.8861, 0.9257
Time Consumption for one epoch is 43.07778763771057s
======================================= Epoch 17 =======================================
================= Test Set =================
The acc is 0.9178, 0.8861, 0.9257
Time Consumption for one epoch is 43.95493793487549s
======================================= Epoch 18 =======================================
================= Test Set =================
The acc is 0.9178, 0.8861, 0.9257
Time Consumption for one epoch is 45.436837911605835s
======================================= Epoch 19 =======================================
================= Test Set =================
The acc is 0.9178, 0.8861, 0.9257
Time Consumption for one epoch is 43.75643825531006s
The final acc is 0.9178, 0.8861, 0.9257
