Namespace(data_dir='/data/yihua/dataset/celeba/celeba.hdf5', result_dir='rotation_study', checkpoint=None, resume=False, domain_attrs='Male', target_attrs='Blond_Hair', exp_name=None, batch_size=512, lr=0.0001, wd=2e-05, epochs=20, seed=2020, num_workers=8, arch='resnet9', evaluate=False, total_num=5000, test_num=1000, gv=30.0, gr=0.5, minor_ratio=0.2, add_aug='rotation')
======================================= Epoch 0 =======================================
================= Test Set =================
+++++++++++ Find New Best Min ACC +++++++++++
The acc is 0.4624, 0.4186, 0.5000
Time Consumption for one epoch is 16.948362827301025s
======================================= Epoch 1 =======================================
================= Test Set =================
+++++++++++ Find New Best Min ACC +++++++++++
The acc is 0.4742, 0.4302, 0.5120
Time Consumption for one epoch is 14.567954063415527s
======================================= Epoch 2 =======================================
================= Test Set =================
+++++++++++ Find New Best Min ACC +++++++++++
The acc is 0.6613, 0.6419, 0.6780
Time Consumption for one epoch is 14.101888418197632s
======================================= Epoch 3 =======================================
================= Test Set =================
+++++++++++ Find New Best Min ACC +++++++++++
The acc is 0.7871, 0.7744, 0.7980
Time Consumption for one epoch is 15.263535499572754s
======================================= Epoch 4 =======================================
================= Test Set =================
+++++++++++ Find New Best Min ACC +++++++++++
The acc is 0.8258, 0.7860, 0.8600
Time Consumption for one epoch is 14.3196439743042s
======================================= Epoch 5 =======================================
================= Test Set =================
+++++++++++ Find New Best Min ACC +++++++++++
The acc is 0.8527, 0.8186, 0.8820
Time Consumption for one epoch is 15.292372226715088s
======================================= Epoch 6 =======================================
================= Test Set =================
The acc is 0.8527, 0.8186, 0.8820
Time Consumption for one epoch is 14.417065143585205s
======================================= Epoch 7 =======================================
================= Test Set =================
+++++++++++ Find New Best Min ACC +++++++++++
The acc is 0.8882, 0.8814, 0.8940
Time Consumption for one epoch is 14.579812288284302s
======================================= Epoch 8 =======================================
================= Test Set =================
+++++++++++ Find New Best Min ACC +++++++++++
The acc is 0.8903, 0.8860, 0.8940
Time Consumption for one epoch is 14.834410190582275s
======================================= Epoch 9 =======================================
================= Test Set =================
The acc is 0.8903, 0.8860, 0.8940
Time Consumption for one epoch is 14.59923243522644s
======================================= Epoch 10 =======================================
================= Test Set =================
+++++++++++ Find New Best Min ACC +++++++++++
The acc is 0.8914, 0.8744, 0.9060
Time Consumption for one epoch is 14.377156257629395s
======================================= Epoch 11 =======================================
================= Test Set =================
+++++++++++ Find New Best Min ACC +++++++++++
The acc is 0.9054, 0.8953, 0.9140
Time Consumption for one epoch is 14.777218341827393s
======================================= Epoch 12 =======================================
================= Test Set =================
The acc is 0.9054, 0.8953, 0.9140
Time Consumption for one epoch is 14.221221208572388s
======================================= Epoch 13 =======================================
================= Test Set =================
The acc is 0.9054, 0.8953, 0.9140
Time Consumption for one epoch is 14.731511116027832s
======================================= Epoch 14 =======================================
================= Test Set =================
The acc is 0.9054, 0.8953, 0.9140
Time Consumption for one epoch is 14.416967630386353s
======================================= Epoch 15 =======================================
================= Test Set =================
The acc is 0.9054, 0.8953, 0.9140
Time Consumption for one epoch is 15.069309711456299s
======================================= Epoch 16 =======================================
================= Test Set =================
The acc is 0.9054, 0.8953, 0.9140
Time Consumption for one epoch is 14.393080472946167s
======================================= Epoch 17 =======================================
================= Test Set =================
The acc is 0.9054, 0.8953, 0.9140
Time Consumption for one epoch is 14.223987817764282s
======================================= Epoch 18 =======================================
================= Test Set =================
The acc is 0.9054, 0.8953, 0.9140
Time Consumption for one epoch is 15.416227340698242s
======================================= Epoch 19 =======================================
================= Test Set =================
The acc is 0.9054, 0.8953, 0.9140
Time Consumption for one epoch is 14.703423023223877s
The final acc is 0.9054, 0.8953, 0.9140
