Namespace(data_dir='/data/yihua/dataset/celeba/celeba.hdf5', result_dir='results', checkpoint=None, resume=False, domain_attrs='Male', target_attrs='Heavy_Makeup', exp_name=None, batch_size=512, lr=0.0001, wd=2e-05, epochs=20, seed=2020, num_workers=8, arch='resnet9', evaluate=False, gv=0.1, gr=0.5)
======================================= Epoch 0 =======================================
================= Test Set =================
+++++++++++ Find New Best Min ACC +++++++++++
The acc is 0.5000, 0.5000, 0.5000
Time Consumption for one epoch is 10.478682041168213s
======================================= Epoch 1 =======================================
================= Test Set =================
The acc is 0.5000, 0.5000, 0.5000
Time Consumption for one epoch is 9.562105655670166s
======================================= Epoch 2 =======================================
================= Test Set =================
The acc is 0.5000, 0.5000, 0.5000
Time Consumption for one epoch is 7.708180904388428s
======================================= Epoch 3 =======================================
================= Test Set =================
+++++++++++ Find New Best Min ACC +++++++++++
The acc is 0.5045, 0.5227, 0.5000
Time Consumption for one epoch is 10.205103874206543s
======================================= Epoch 4 =======================================
================= Test Set =================
The acc is 0.5045, 0.5227, 0.5000
Time Consumption for one epoch is 9.455310583114624s
======================================= Epoch 5 =======================================
================= Test Set =================
The acc is 0.5045, 0.5227, 0.5000
Time Consumption for one epoch is 7.683389186859131s
======================================= Epoch 6 =======================================
================= Test Set =================
+++++++++++ Find New Best Min ACC +++++++++++
The acc is 0.5182, 0.4773, 0.5284
Time Consumption for one epoch is 9.04276704788208s
======================================= Epoch 7 =======================================
================= Test Set =================
+++++++++++ Find New Best Min ACC +++++++++++
The acc is 0.5409, 0.5227, 0.5455
Time Consumption for one epoch is 8.637055158615112s
======================================= Epoch 8 =======================================
================= Test Set =================
+++++++++++ Find New Best Min ACC +++++++++++
The acc is 0.6364, 0.5682, 0.6534
Time Consumption for one epoch is 8.049521207809448s
======================================= Epoch 9 =======================================
================= Test Set =================
The acc is 0.6364, 0.5682, 0.6534
Time Consumption for one epoch is 9.14458966255188s
======================================= Epoch 10 =======================================
================= Test Set =================
The acc is 0.6364, 0.5682, 0.6534
Time Consumption for one epoch is 8.795473575592041s
======================================= Epoch 11 =======================================
================= Test Set =================
+++++++++++ Find New Best Min ACC +++++++++++
The acc is 0.6727, 0.5909, 0.6932
Time Consumption for one epoch is 9.957505464553833s
======================================= Epoch 12 =======================================
================= Test Set =================
The acc is 0.6727, 0.5909, 0.6932
Time Consumption for one epoch is 9.569372177124023s
======================================= Epoch 13 =======================================
================= Test Set =================
+++++++++++ Find New Best Min ACC +++++++++++
The acc is 0.6818, 0.6591, 0.6875
Time Consumption for one epoch is 7.6536455154418945s
======================================= Epoch 14 =======================================
================= Test Set =================
The acc is 0.6818, 0.6591, 0.6875
Time Consumption for one epoch is 10.294209957122803s
======================================= Epoch 15 =======================================
================= Test Set =================
+++++++++++ Find New Best Min ACC +++++++++++
The acc is 0.6955, 0.7045, 0.6932
Time Consumption for one epoch is 8.432207107543945s
======================================= Epoch 16 =======================================
================= Test Set =================
+++++++++++ Find New Best Min ACC +++++++++++
The acc is 0.7000, 0.6818, 0.7045
Time Consumption for one epoch is 8.51891279220581s
======================================= Epoch 17 =======================================
================= Test Set =================
The acc is 0.7000, 0.6818, 0.7045
Time Consumption for one epoch is 9.574985265731812s
======================================= Epoch 18 =======================================
================= Test Set =================
The acc is 0.7000, 0.6818, 0.7045
Time Consumption for one epoch is 8.761010646820068s
======================================= Epoch 19 =======================================
================= Test Set =================
The acc is 0.7000, 0.6818, 0.7045
Time Consumption for one epoch is 9.163844108581543s
The final acc is 0.7000, 0.6818, 0.7045
