Namespace(data_dir='/data/yihua/dataset/celeba/celeba.hdf5', result_dir='rotation_study', checkpoint=None, resume=False, domain_attrs='Male', target_attrs='Blond_Hair', exp_name=None, batch_size=512, lr=0.0001, wd=2e-05, epochs=20, seed=2020, num_workers=8, arch='resnet9', evaluate=False, total_num=5000, test_num=1000, gv=180.0, gr=0.3, minor_ratio=0.2, add_aug='rotation')
======================================= Epoch 0 =======================================
================= Test Set =================
+++++++++++ Find New Best Min ACC +++++++++++
The acc is 0.4624, 0.4186, 0.5000
Time Consumption for one epoch is 16.298969745635986s
======================================= Epoch 1 =======================================
================= Test Set =================
+++++++++++ Find New Best Min ACC +++++++++++
The acc is 0.5312, 0.4558, 0.5960
Time Consumption for one epoch is 14.531800746917725s
======================================= Epoch 2 =======================================
================= Test Set =================
+++++++++++ Find New Best Min ACC +++++++++++
The acc is 0.7667, 0.7512, 0.7800
Time Consumption for one epoch is 14.788360595703125s
======================================= Epoch 3 =======================================
================= Test Set =================
+++++++++++ Find New Best Min ACC +++++++++++
The acc is 0.7957, 0.7698, 0.8180
Time Consumption for one epoch is 14.754567861557007s
======================================= Epoch 4 =======================================
================= Test Set =================
+++++++++++ Find New Best Min ACC +++++++++++
The acc is 0.8538, 0.8302, 0.8740
Time Consumption for one epoch is 14.682972192764282s
======================================= Epoch 5 =======================================
================= Test Set =================
+++++++++++ Find New Best Min ACC +++++++++++
The acc is 0.8785, 0.8488, 0.9040
Time Consumption for one epoch is 14.562856435775757s
======================================= Epoch 6 =======================================
================= Test Set =================
The acc is 0.8785, 0.8488, 0.9040
Time Consumption for one epoch is 14.558492183685303s
======================================= Epoch 7 =======================================
================= Test Set =================
The acc is 0.8785, 0.8488, 0.9040
Time Consumption for one epoch is 14.443435907363892s
======================================= Epoch 8 =======================================
================= Test Set =================
The acc is 0.8785, 0.8488, 0.9040
Time Consumption for one epoch is 14.247007846832275s
======================================= Epoch 9 =======================================
================= Test Set =================
The acc is 0.8785, 0.8488, 0.9040
Time Consumption for one epoch is 14.06225061416626s
======================================= Epoch 10 =======================================
================= Test Set =================
+++++++++++ Find New Best Min ACC +++++++++++
The acc is 0.8860, 0.8744, 0.8960
Time Consumption for one epoch is 14.39652395248413s
======================================= Epoch 11 =======================================
================= Test Set =================
The acc is 0.8860, 0.8744, 0.8960
Time Consumption for one epoch is 14.73983120918274s
======================================= Epoch 12 =======================================
================= Test Set =================
The acc is 0.8860, 0.8744, 0.8960
Time Consumption for one epoch is 14.510330200195312s
======================================= Epoch 13 =======================================
================= Test Set =================
The acc is 0.8860, 0.8744, 0.8960
Time Consumption for one epoch is 14.004253149032593s
======================================= Epoch 14 =======================================
================= Test Set =================
+++++++++++ Find New Best Min ACC +++++++++++
The acc is 0.8935, 0.8744, 0.9100
Time Consumption for one epoch is 13.760207176208496s
======================================= Epoch 15 =======================================
================= Test Set =================
+++++++++++ Find New Best Min ACC +++++++++++
The acc is 0.8957, 0.8744, 0.9140
Time Consumption for one epoch is 14.645272493362427s
======================================= Epoch 16 =======================================
================= Test Set =================
+++++++++++ Find New Best Min ACC +++++++++++
The acc is 0.9000, 0.8860, 0.9120
Time Consumption for one epoch is 14.048152685165405s
======================================= Epoch 17 =======================================
================= Test Set =================
The acc is 0.9000, 0.8860, 0.9120
Time Consumption for one epoch is 14.485440969467163s
======================================= Epoch 18 =======================================
================= Test Set =================
+++++++++++ Find New Best Min ACC +++++++++++
The acc is 0.9022, 0.8860, 0.9160
Time Consumption for one epoch is 14.267987728118896s
======================================= Epoch 19 =======================================
================= Test Set =================
The acc is 0.9022, 0.8860, 0.9160
Time Consumption for one epoch is 14.604445457458496s
The final acc is 0.9022, 0.8860, 0.9160
