Namespace(data_dir='/data/yihua/dataset/celeba/celeba.hdf5', result_dir='results', checkpoint=None, resume=False, domain_attrs='Male', target_attrs='Heavy_Makeup', exp_name=None, batch_size=512, lr=0.0001, wd=2e-05, epochs=20, seed=2020, num_workers=8, arch='resnet9', evaluate=False, gv=1e-05, gr=0.1)
======================================= Epoch 0 =======================================
================= Test Set =================
+++++++++++ Find New Best Min ACC +++++++++++
The acc is 0.5000, 0.5000, 0.5000
Time Consumption for one epoch is 9.065796375274658s
======================================= Epoch 1 =======================================
================= Test Set =================
The acc is 0.5000, 0.5000, 0.5000
Time Consumption for one epoch is 9.303625583648682s
======================================= Epoch 2 =======================================
================= Test Set =================
The acc is 0.5000, 0.5000, 0.5000
Time Consumption for one epoch is 8.441021203994751s
======================================= Epoch 3 =======================================
================= Test Set =================
The acc is 0.5000, 0.5000, 0.5000
Time Consumption for one epoch is 8.897160053253174s
======================================= Epoch 4 =======================================
================= Test Set =================
The acc is 0.5000, 0.5000, 0.5000
Time Consumption for one epoch is 8.409891366958618s
======================================= Epoch 5 =======================================
================= Test Set =================
The acc is 0.5000, 0.5000, 0.5000
Time Consumption for one epoch is 8.592472553253174s
======================================= Epoch 6 =======================================
================= Test Set =================
+++++++++++ Find New Best Min ACC +++++++++++
The acc is 0.5273, 0.5000, 0.5341
Time Consumption for one epoch is 8.202983379364014s
======================================= Epoch 7 =======================================
================= Test Set =================
+++++++++++ Find New Best Min ACC +++++++++++
The acc is 0.5727, 0.4545, 0.6023
Time Consumption for one epoch is 10.037243127822876s
======================================= Epoch 8 =======================================
================= Test Set =================
The acc is 0.5727, 0.4545, 0.6023
Time Consumption for one epoch is 8.542906522750854s
======================================= Epoch 9 =======================================
================= Test Set =================
+++++++++++ Find New Best Min ACC +++++++++++
The acc is 0.5818, 0.5455, 0.5909
Time Consumption for one epoch is 9.876755952835083s
======================================= Epoch 10 =======================================
================= Test Set =================
+++++++++++ Find New Best Min ACC +++++++++++
The acc is 0.5864, 0.4773, 0.6136
Time Consumption for one epoch is 9.085108041763306s
======================================= Epoch 11 =======================================
================= Test Set =================
+++++++++++ Find New Best Min ACC +++++++++++
The acc is 0.6182, 0.5000, 0.6477
Time Consumption for one epoch is 7.4891602993011475s
======================================= Epoch 12 =======================================
================= Test Set =================
The acc is 0.6182, 0.5000, 0.6477
Time Consumption for one epoch is 8.334518432617188s
======================================= Epoch 13 =======================================
================= Test Set =================
+++++++++++ Find New Best Min ACC +++++++++++
The acc is 0.6455, 0.5682, 0.6648
Time Consumption for one epoch is 10.320247650146484s
======================================= Epoch 14 =======================================
================= Test Set =================
The acc is 0.6455, 0.5682, 0.6648
Time Consumption for one epoch is 7.936096906661987s
======================================= Epoch 15 =======================================
================= Test Set =================
The acc is 0.6455, 0.5682, 0.6648
Time Consumption for one epoch is 8.16744589805603s
======================================= Epoch 16 =======================================
================= Test Set =================
The acc is 0.6455, 0.5682, 0.6648
Time Consumption for one epoch is 9.093565225601196s
======================================= Epoch 17 =======================================
================= Test Set =================
+++++++++++ Find New Best Min ACC +++++++++++
The acc is 0.6545, 0.5682, 0.6761
Time Consumption for one epoch is 8.650940418243408s
======================================= Epoch 18 =======================================
================= Test Set =================
+++++++++++ Find New Best Min ACC +++++++++++
The acc is 0.6818, 0.5909, 0.7045
Time Consumption for one epoch is 8.074637413024902s
======================================= Epoch 19 =======================================
================= Test Set =================
The acc is 0.6818, 0.5909, 0.7045
Time Consumption for one epoch is 8.278019189834595s
The final acc is 0.6818, 0.5909, 0.7045
