Namespace(data_dir='/data/yihua/dataset/celeba/celeba.hdf5', result_dir='results', checkpoint=None, resume=False, domain_attrs='Male', target_attrs='High_Cheekbones', exp_name=None, batch_size=512, lr=0.0001, wd=2e-05, epochs=20, seed=2022, num_workers=8, arch='resnet9', evaluate=False, gv=0.5, gr=0.3)
======================================= Epoch 0 =======================================
================= Test Set =================
+++++++++++ Find New Best Min ACC +++++++++++
The acc is 0.8346, 0.7831, 0.8475
Time Consumption for one epoch is 141.78435158729553s
======================================= Epoch 1 =======================================
================= Test Set =================
+++++++++++ Find New Best Min ACC +++++++++++
The acc is 0.8453, 0.7959, 0.8577
Time Consumption for one epoch is 137.4454538822174s
======================================= Epoch 2 =======================================
================= Test Set =================
+++++++++++ Find New Best Min ACC +++++++++++
The acc is 0.8577, 0.8119, 0.8691
Time Consumption for one epoch is 135.2255084514618s
======================================= Epoch 3 =======================================
================= Test Set =================
+++++++++++ Find New Best Min ACC +++++++++++
The acc is 0.8616, 0.8144, 0.8734
Time Consumption for one epoch is 134.59780049324036s
======================================= Epoch 4 =======================================
================= Test Set =================
The acc is 0.8616, 0.8144, 0.8734
Time Consumption for one epoch is 133.2417287826538s
======================================= Epoch 5 =======================================
================= Test Set =================
The acc is 0.8616, 0.8144, 0.8734
Time Consumption for one epoch is 135.33728456497192s
======================================= Epoch 6 =======================================
================= Test Set =================
+++++++++++ Find New Best Min ACC +++++++++++
The acc is 0.8661, 0.8196, 0.8777
Time Consumption for one epoch is 132.6686887741089s
======================================= Epoch 7 =======================================
================= Test Set =================
The acc is 0.8661, 0.8196, 0.8777
Time Consumption for one epoch is 133.47952389717102s
======================================= Epoch 8 =======================================
================= Test Set =================
The acc is 0.8661, 0.8196, 0.8777
Time Consumption for one epoch is 134.1946256160736s
======================================= Epoch 9 =======================================
================= Test Set =================
+++++++++++ Find New Best Min ACC +++++++++++
The acc is 0.8709, 0.8268, 0.8819
Time Consumption for one epoch is 135.47573041915894s
======================================= Epoch 10 =======================================
================= Test Set =================
+++++++++++ Find New Best Min ACC +++++++++++
The acc is 0.8720, 0.8260, 0.8834
Time Consumption for one epoch is 134.7083010673523s
======================================= Epoch 11 =======================================
================= Test Set =================
The acc is 0.8720, 0.8260, 0.8834
Time Consumption for one epoch is 133.75444793701172s
======================================= Epoch 12 =======================================
================= Test Set =================
The acc is 0.8720, 0.8260, 0.8834
Time Consumption for one epoch is 134.5304992198944s
======================================= Epoch 13 =======================================
================= Test Set =================
The acc is 0.8720, 0.8260, 0.8834
Time Consumption for one epoch is 135.00395607948303s
======================================= Epoch 14 =======================================
================= Test Set =================
The acc is 0.8720, 0.8260, 0.8834
Time Consumption for one epoch is 134.86242485046387s
======================================= Epoch 15 =======================================
================= Test Set =================
The acc is 0.8720, 0.8260, 0.8834
Time Consumption for one epoch is 134.13375687599182s
======================================= Epoch 16 =======================================
================= Test Set =================
+++++++++++ Find New Best Min ACC +++++++++++
The acc is 0.8755, 0.8328, 0.8861
Time Consumption for one epoch is 133.68785953521729s
======================================= Epoch 17 =======================================
================= Test Set =================
+++++++++++ Find New Best Min ACC +++++++++++
The acc is 0.8796, 0.8348, 0.8908
Time Consumption for one epoch is 135.5370421409607s
======================================= Epoch 18 =======================================
================= Test Set =================
The acc is 0.8796, 0.8348, 0.8908
Time Consumption for one epoch is 134.3276436328888s
======================================= Epoch 19 =======================================
================= Test Set =================
The acc is 0.8796, 0.8348, 0.8908
Time Consumption for one epoch is 135.41289925575256s
The final acc is 0.8796, 0.8348, 0.8908
