Namespace(data_dir='/data/yihua/dataset/celeba/celeba.hdf5', result_dir='results', checkpoint=None, resume=False, domain_attrs='Male', target_attrs='Blond_Hair', exp_name=None, batch_size=512, lr=0.0001, wd=2e-05, epochs=20, seed=2021, num_workers=8, arch='resnet18', evaluate=False, gv=1.0, gr=0.3)
======================================= Epoch 0 =======================================
================= Test Set =================
+++++++++++ Find New Best Min ACC +++++++++++
The acc is 0.7956, 0.7528, 0.8063
Time Consumption for one epoch is 45.13552141189575s
======================================= Epoch 1 =======================================
================= Test Set =================
+++++++++++ Find New Best Min ACC +++++++++++
The acc is 0.8856, 0.8667, 0.8903
Time Consumption for one epoch is 42.36097478866577s
======================================= Epoch 2 =======================================
================= Test Set =================
+++++++++++ Find New Best Min ACC +++++++++++
The acc is 0.8922, 0.8528, 0.9021
Time Consumption for one epoch is 43.263469219207764s
======================================= Epoch 3 =======================================
================= Test Set =================
The acc is 0.8922, 0.8528, 0.9021
Time Consumption for one epoch is 43.6224524974823s
======================================= Epoch 4 =======================================
================= Test Set =================
+++++++++++ Find New Best Min ACC +++++++++++
The acc is 0.9011, 0.8889, 0.9042
Time Consumption for one epoch is 44.53701066970825s
======================================= Epoch 5 =======================================
================= Test Set =================
The acc is 0.9011, 0.8889, 0.9042
Time Consumption for one epoch is 44.194031715393066s
======================================= Epoch 6 =======================================
================= Test Set =================
The acc is 0.9011, 0.8889, 0.9042
Time Consumption for one epoch is 41.91105270385742s
======================================= Epoch 7 =======================================
================= Test Set =================
+++++++++++ Find New Best Min ACC +++++++++++
The acc is 0.9017, 0.8861, 0.9056
Time Consumption for one epoch is 44.329137563705444s
======================================= Epoch 8 =======================================
================= Test Set =================
+++++++++++ Find New Best Min ACC +++++++++++
The acc is 0.9056, 0.8917, 0.9090
Time Consumption for one epoch is 42.581135749816895s
======================================= Epoch 9 =======================================
================= Test Set =================
The acc is 0.9056, 0.8917, 0.9090
Time Consumption for one epoch is 41.62703084945679s
======================================= Epoch 10 =======================================
================= Test Set =================
+++++++++++ Find New Best Min ACC +++++++++++
The acc is 0.9167, 0.8944, 0.9222
Time Consumption for one epoch is 42.151187896728516s
======================================= Epoch 11 =======================================
================= Test Set =================
The acc is 0.9167, 0.8944, 0.9222
Time Consumption for one epoch is 43.68787145614624s
======================================= Epoch 12 =======================================
================= Test Set =================
The acc is 0.9167, 0.8944, 0.9222
Time Consumption for one epoch is 42.52861499786377s
======================================= Epoch 13 =======================================
================= Test Set =================
The acc is 0.9167, 0.8944, 0.9222
Time Consumption for one epoch is 42.299046754837036s
======================================= Epoch 14 =======================================
================= Test Set =================
The acc is 0.9167, 0.8944, 0.9222
Time Consumption for one epoch is 43.28216862678528s
======================================= Epoch 15 =======================================
================= Test Set =================
The acc is 0.9167, 0.8944, 0.9222
Time Consumption for one epoch is 42.569390535354614s
======================================= Epoch 16 =======================================
================= Test Set =================
+++++++++++ Find New Best Min ACC +++++++++++
The acc is 0.9172, 0.9028, 0.9208
Time Consumption for one epoch is 43.36719298362732s
======================================= Epoch 17 =======================================
================= Test Set =================
+++++++++++ Find New Best Min ACC +++++++++++
The acc is 0.9178, 0.9083, 0.9201
Time Consumption for one epoch is 44.07561683654785s
======================================= Epoch 18 =======================================
================= Test Set =================
+++++++++++ Find New Best Min ACC +++++++++++
The acc is 0.9217, 0.9139, 0.9236
Time Consumption for one epoch is 42.6245481967926s
======================================= Epoch 19 =======================================
================= Test Set =================
+++++++++++ Find New Best Min ACC +++++++++++
The acc is 0.9222, 0.9167, 0.9236
Time Consumption for one epoch is 43.01570773124695s
The final acc is 0.9222, 0.9167, 0.9236
