Namespace(data_dir='/data/yihua/dataset/celeba/celeba.hdf5', result_dir='rotation_study', checkpoint=None, resume=False, domain_attrs='Male', target_attrs='Blond_Hair', exp_name=None, batch_size=512, lr=0.0001, wd=2e-05, epochs=20, seed=2021, num_workers=8, arch='resnet9', evaluate=False, total_num=5000, test_num=1000, gv=60.0, gr=0.1, minor_ratio=0.2, add_aug='rotation')
======================================= Epoch 0 =======================================
================= Test Set =================
+++++++++++ Find New Best Min ACC +++++++++++
The acc is 0.4624, 0.4186, 0.5000
Time Consumption for one epoch is 16.328022718429565s
======================================= Epoch 1 =======================================
================= Test Set =================
The acc is 0.4624, 0.4186, 0.5000
Time Consumption for one epoch is 14.023752212524414s
======================================= Epoch 2 =======================================
================= Test Set =================
+++++++++++ Find New Best Min ACC +++++++++++
The acc is 0.6538, 0.6093, 0.6920
Time Consumption for one epoch is 14.538044214248657s
======================================= Epoch 3 =======================================
================= Test Set =================
The acc is 0.6538, 0.6093, 0.6920
Time Consumption for one epoch is 14.320713520050049s
======================================= Epoch 4 =======================================
================= Test Set =================
+++++++++++ Find New Best Min ACC +++++++++++
The acc is 0.7720, 0.7395, 0.8000
Time Consumption for one epoch is 14.642838716506958s
======================================= Epoch 5 =======================================
================= Test Set =================
+++++++++++ Find New Best Min ACC +++++++++++
The acc is 0.8473, 0.8186, 0.8720
Time Consumption for one epoch is 13.918772220611572s
======================================= Epoch 6 =======================================
================= Test Set =================
+++++++++++ Find New Best Min ACC +++++++++++
The acc is 0.8753, 0.8581, 0.8900
Time Consumption for one epoch is 14.612719058990479s
======================================= Epoch 7 =======================================
================= Test Set =================
+++++++++++ Find New Best Min ACC +++++++++++
The acc is 0.8785, 0.8535, 0.9000
Time Consumption for one epoch is 14.352128744125366s
======================================= Epoch 8 =======================================
================= Test Set =================
+++++++++++ Find New Best Min ACC +++++++++++
The acc is 0.8871, 0.8651, 0.9060
Time Consumption for one epoch is 14.71150016784668s
======================================= Epoch 9 =======================================
================= Test Set =================
The acc is 0.8871, 0.8651, 0.9060
Time Consumption for one epoch is 13.492194414138794s
======================================= Epoch 10 =======================================
================= Test Set =================
The acc is 0.8871, 0.8651, 0.9060
Time Consumption for one epoch is 14.508069276809692s
======================================= Epoch 11 =======================================
================= Test Set =================
The acc is 0.8871, 0.8651, 0.9060
Time Consumption for one epoch is 13.788383722305298s
======================================= Epoch 12 =======================================
================= Test Set =================
The acc is 0.8871, 0.8651, 0.9060
Time Consumption for one epoch is 14.43472933769226s
======================================= Epoch 13 =======================================
================= Test Set =================
+++++++++++ Find New Best Min ACC +++++++++++
The acc is 0.8935, 0.8860, 0.9000
Time Consumption for one epoch is 14.807829141616821s
======================================= Epoch 14 =======================================
================= Test Set =================
The acc is 0.8935, 0.8860, 0.9000
Time Consumption for one epoch is 14.35206651687622s
======================================= Epoch 15 =======================================
================= Test Set =================
The acc is 0.8935, 0.8860, 0.9000
Time Consumption for one epoch is 13.719504356384277s
======================================= Epoch 16 =======================================
================= Test Set =================
The acc is 0.8935, 0.8860, 0.9000
Time Consumption for one epoch is 14.489313840866089s
======================================= Epoch 17 =======================================
================= Test Set =================
The acc is 0.8935, 0.8860, 0.9000
Time Consumption for one epoch is 14.620688199996948s
======================================= Epoch 18 =======================================
================= Test Set =================
The acc is 0.8935, 0.8860, 0.9000
Time Consumption for one epoch is 14.148277521133423s
======================================= Epoch 19 =======================================
================= Test Set =================
The acc is 0.8935, 0.8860, 0.9000
Time Consumption for one epoch is 13.706846714019775s
The final acc is 0.8935, 0.8860, 0.9000
