Namespace(data_dir='/data/yihua/dataset/celeba/celeba.hdf5', result_dir='rotation_study', checkpoint=None, resume=False, domain_attrs='Male', target_attrs='Blond_Hair', exp_name=None, batch_size=512, lr=0.0001, wd=2e-05, epochs=20, seed=2020, num_workers=8, arch='resnet18', evaluate=False, total_num=5000, test_num=1000, gv=0.0, gr=0.1, minor_ratio=0.2, add_aug='rotation')
======================================= Epoch 0 =======================================
================= Test Set =================
+++++++++++ Find New Best Min ACC +++++++++++
The acc is 0.4624, 0.4186, 0.5000
Time Consumption for one epoch is 21.587823390960693s
======================================= Epoch 1 =======================================
================= Test Set =================
The acc is 0.4624, 0.4186, 0.5000
Time Consumption for one epoch is 19.51288890838623s
======================================= Epoch 2 =======================================
================= Test Set =================
+++++++++++ Find New Best Min ACC +++++++++++
The acc is 0.4796, 0.5093, 0.4540
Time Consumption for one epoch is 20.059810638427734s
======================================= Epoch 3 =======================================
================= Test Set =================
+++++++++++ Find New Best Min ACC +++++++++++
The acc is 0.5613, 0.6093, 0.5200
Time Consumption for one epoch is 20.634390830993652s
======================================= Epoch 4 =======================================
================= Test Set =================
+++++++++++ Find New Best Min ACC +++++++++++
The acc is 0.6226, 0.6535, 0.5960
Time Consumption for one epoch is 20.02508044242859s
======================================= Epoch 5 =======================================
================= Test Set =================
+++++++++++ Find New Best Min ACC +++++++++++
The acc is 0.8376, 0.8093, 0.8620
Time Consumption for one epoch is 19.937891483306885s
======================================= Epoch 6 =======================================
================= Test Set =================
+++++++++++ Find New Best Min ACC +++++++++++
The acc is 0.8667, 0.8419, 0.8880
Time Consumption for one epoch is 21.0066180229187s
======================================= Epoch 7 =======================================
================= Test Set =================
+++++++++++ Find New Best Min ACC +++++++++++
The acc is 0.8753, 0.8512, 0.8960
Time Consumption for one epoch is 21.268800497055054s
======================================= Epoch 8 =======================================
================= Test Set =================
The acc is 0.8753, 0.8512, 0.8960
Time Consumption for one epoch is 19.405075073242188s
======================================= Epoch 9 =======================================
================= Test Set =================
The acc is 0.8753, 0.8512, 0.8960
Time Consumption for one epoch is 19.061523914337158s
======================================= Epoch 10 =======================================
================= Test Set =================
+++++++++++ Find New Best Min ACC +++++++++++
The acc is 0.8828, 0.8628, 0.9000
Time Consumption for one epoch is 19.198964834213257s
======================================= Epoch 11 =======================================
================= Test Set =================
The acc is 0.8828, 0.8628, 0.9000
Time Consumption for one epoch is 19.792450189590454s
======================================= Epoch 12 =======================================
================= Test Set =================
+++++++++++ Find New Best Min ACC +++++++++++
The acc is 0.8849, 0.8581, 0.9080
Time Consumption for one epoch is 21.04445219039917s
======================================= Epoch 13 =======================================
================= Test Set =================
The acc is 0.8849, 0.8581, 0.9080
Time Consumption for one epoch is 20.852893829345703s
======================================= Epoch 14 =======================================
================= Test Set =================
The acc is 0.8849, 0.8581, 0.9080
Time Consumption for one epoch is 18.70372176170349s
======================================= Epoch 15 =======================================
================= Test Set =================
The acc is 0.8849, 0.8581, 0.9080
Time Consumption for one epoch is 22.300590753555298s
======================================= Epoch 16 =======================================
================= Test Set =================
The acc is 0.8849, 0.8581, 0.9080
Time Consumption for one epoch is 19.827932357788086s
======================================= Epoch 17 =======================================
================= Test Set =================
The acc is 0.8849, 0.8581, 0.9080
Time Consumption for one epoch is 19.351141214370728s
======================================= Epoch 18 =======================================
================= Test Set =================
+++++++++++ Find New Best Min ACC +++++++++++
The acc is 0.8871, 0.8767, 0.8960
Time Consumption for one epoch is 20.219103813171387s
======================================= Epoch 19 =======================================
================= Test Set =================
+++++++++++ Find New Best Min ACC +++++++++++
The acc is 0.8882, 0.8721, 0.9020
Time Consumption for one epoch is 20.611988306045532s
The final acc is 0.8882, 0.8721, 0.9020
