Namespace(data_dir='/data/yihua/dataset/celeba/celeba.hdf5', result_dir='results', checkpoint=None, resume=False, domain_attrs='Male', target_attrs='Blond_Hair', exp_name=None, batch_size=512, lr=0.0001, wd=2e-05, epochs=20, seed=2022, num_workers=8, arch='resnet9', evaluate=False, gv=0.05, gr=0.5)
======================================= Epoch 0 =======================================
================= Test Set =================
+++++++++++ Find New Best Min ACC +++++++++++
The acc is 0.5350, 0.5167, 0.5396
Time Consumption for one epoch is 28.56571102142334s
======================================= Epoch 1 =======================================
================= Test Set =================
+++++++++++ Find New Best Min ACC +++++++++++
The acc is 0.8839, 0.8167, 0.9007
Time Consumption for one epoch is 25.137508392333984s
======================================= Epoch 2 =======================================
================= Test Set =================
+++++++++++ Find New Best Min ACC +++++++++++
The acc is 0.8889, 0.8250, 0.9049
Time Consumption for one epoch is 25.254703521728516s
======================================= Epoch 3 =======================================
================= Test Set =================
+++++++++++ Find New Best Min ACC +++++++++++
The acc is 0.9006, 0.8639, 0.9097
Time Consumption for one epoch is 26.82265543937683s
======================================= Epoch 4 =======================================
================= Test Set =================
+++++++++++ Find New Best Min ACC +++++++++++
The acc is 0.9111, 0.8972, 0.9146
Time Consumption for one epoch is 25.51714539527893s
======================================= Epoch 5 =======================================
================= Test Set =================
The acc is 0.9111, 0.8972, 0.9146
Time Consumption for one epoch is 25.001286506652832s
======================================= Epoch 6 =======================================
================= Test Set =================
+++++++++++ Find New Best Min ACC +++++++++++
The acc is 0.9156, 0.8861, 0.9229
Time Consumption for one epoch is 25.595354080200195s
======================================= Epoch 7 =======================================
================= Test Set =================
The acc is 0.9156, 0.8861, 0.9229
Time Consumption for one epoch is 25.81719470024109s
======================================= Epoch 8 =======================================
================= Test Set =================
The acc is 0.9156, 0.8861, 0.9229
Time Consumption for one epoch is 25.2591290473938s
======================================= Epoch 9 =======================================
================= Test Set =================
The acc is 0.9156, 0.8861, 0.9229
Time Consumption for one epoch is 23.46170997619629s
======================================= Epoch 10 =======================================
================= Test Set =================
The acc is 0.9156, 0.8861, 0.9229
Time Consumption for one epoch is 24.74464178085327s
======================================= Epoch 11 =======================================
================= Test Set =================
The acc is 0.9156, 0.8861, 0.9229
Time Consumption for one epoch is 26.5744047164917s
======================================= Epoch 12 =======================================
================= Test Set =================
The acc is 0.9156, 0.8861, 0.9229
Time Consumption for one epoch is 25.751120567321777s
======================================= Epoch 13 =======================================
================= Test Set =================
+++++++++++ Find New Best Min ACC +++++++++++
The acc is 0.9194, 0.9028, 0.9236
Time Consumption for one epoch is 25.613124132156372s
======================================= Epoch 14 =======================================
================= Test Set =================
The acc is 0.9194, 0.9028, 0.9236
Time Consumption for one epoch is 24.820249795913696s
======================================= Epoch 15 =======================================
================= Test Set =================
The acc is 0.9194, 0.9028, 0.9236
Time Consumption for one epoch is 25.27082061767578s
======================================= Epoch 16 =======================================
================= Test Set =================
The acc is 0.9194, 0.9028, 0.9236
Time Consumption for one epoch is 24.31963849067688s
======================================= Epoch 17 =======================================
================= Test Set =================
The acc is 0.9194, 0.9028, 0.9236
Time Consumption for one epoch is 25.588268518447876s
======================================= Epoch 18 =======================================
================= Test Set =================
The acc is 0.9194, 0.9028, 0.9236
Time Consumption for one epoch is 26.680041790008545s
======================================= Epoch 19 =======================================
================= Test Set =================
The acc is 0.9194, 0.9028, 0.9236
Time Consumption for one epoch is 25.503554344177246s
The final acc is 0.9194, 0.9028, 0.9236
