Namespace(data_dir='/data/yihua/dataset/celeba/celeba.hdf5', result_dir='rotation_study', checkpoint=None, resume=False, domain_attrs='Male', target_attrs='Blond_Hair', exp_name=None, batch_size=512, lr=0.0001, wd=2e-05, epochs=20, seed=2020, num_workers=8, arch='resnet9', evaluate=False, total_num=5000, test_num=1000, gv=0.0, gr=0.1, minor_ratio=0.2, add_aug='rotation')
======================================= Epoch 0 =======================================
================= Test Set =================
+++++++++++ Find New Best Min ACC +++++++++++
The acc is 0.4624, 0.4186, 0.5000
Time Consumption for one epoch is 16.413798570632935s
======================================= Epoch 1 =======================================
================= Test Set =================
The acc is 0.4624, 0.4186, 0.5000
Time Consumption for one epoch is 14.262092590332031s
======================================= Epoch 2 =======================================
================= Test Set =================
+++++++++++ Find New Best Min ACC +++++++++++
The acc is 0.6376, 0.6163, 0.6560
Time Consumption for one epoch is 14.19286561012268s
======================================= Epoch 3 =======================================
================= Test Set =================
+++++++++++ Find New Best Min ACC +++++++++++
The acc is 0.7484, 0.7419, 0.7540
Time Consumption for one epoch is 14.782774686813354s
======================================= Epoch 4 =======================================
================= Test Set =================
+++++++++++ Find New Best Min ACC +++++++++++
The acc is 0.8505, 0.8186, 0.8780
Time Consumption for one epoch is 14.741681098937988s
======================================= Epoch 5 =======================================
================= Test Set =================
+++++++++++ Find New Best Min ACC +++++++++++
The acc is 0.8677, 0.8419, 0.8900
Time Consumption for one epoch is 14.644504070281982s
======================================= Epoch 6 =======================================
================= Test Set =================
+++++++++++ Find New Best Min ACC +++++++++++
The acc is 0.8763, 0.8558, 0.8940
Time Consumption for one epoch is 14.626697540283203s
======================================= Epoch 7 =======================================
================= Test Set =================
The acc is 0.8763, 0.8558, 0.8940
Time Consumption for one epoch is 13.690839290618896s
======================================= Epoch 8 =======================================
================= Test Set =================
The acc is 0.8763, 0.8558, 0.8940
Time Consumption for one epoch is 14.229032516479492s
======================================= Epoch 9 =======================================
================= Test Set =================
The acc is 0.8763, 0.8558, 0.8940
Time Consumption for one epoch is 13.893136262893677s
======================================= Epoch 10 =======================================
================= Test Set =================
+++++++++++ Find New Best Min ACC +++++++++++
The acc is 0.8860, 0.8651, 0.9040
Time Consumption for one epoch is 14.669006586074829s
======================================= Epoch 11 =======================================
================= Test Set =================
+++++++++++ Find New Best Min ACC +++++++++++
The acc is 0.9011, 0.8907, 0.9100
Time Consumption for one epoch is 14.917765855789185s
======================================= Epoch 12 =======================================
================= Test Set =================
The acc is 0.9011, 0.8907, 0.9100
Time Consumption for one epoch is 14.349520444869995s
======================================= Epoch 13 =======================================
================= Test Set =================
The acc is 0.9011, 0.8907, 0.9100
Time Consumption for one epoch is 14.486570596694946s
======================================= Epoch 14 =======================================
================= Test Set =================
The acc is 0.9011, 0.8907, 0.9100
Time Consumption for one epoch is 13.703915119171143s
======================================= Epoch 15 =======================================
================= Test Set =================
The acc is 0.9011, 0.8907, 0.9100
Time Consumption for one epoch is 13.74931025505066s
======================================= Epoch 16 =======================================
================= Test Set =================
The acc is 0.9011, 0.8907, 0.9100
Time Consumption for one epoch is 14.62490725517273s
======================================= Epoch 17 =======================================
================= Test Set =================
The acc is 0.9011, 0.8907, 0.9100
Time Consumption for one epoch is 13.624297618865967s
======================================= Epoch 18 =======================================
================= Test Set =================
The acc is 0.9011, 0.8907, 0.9100
Time Consumption for one epoch is 14.354557275772095s
======================================= Epoch 19 =======================================
================= Test Set =================
The acc is 0.9011, 0.8907, 0.9100
Time Consumption for one epoch is 14.137619018554688s
The final acc is 0.9011, 0.8907, 0.9100
