Namespace(data_dir='/data/yihua/dataset/celeba/celeba.hdf5', result_dir='crop_study', checkpoint=None, resume=False, domain_attrs='Male', target_attrs='Blond_Hair', exp_name=None, batch_size=512, lr=0.0001, wd=2e-05, epochs=20, seed=2022, num_workers=8, arch='resnet18', evaluate=False, total_num=5000, test_num=1000, gv=140.0, gr=0.1, minor_ratio=0.2, add_aug='crop')
======================================= Epoch 0 =======================================
================= Test Set =================
+++++++++++ Find New Best Min ACC +++++++++++
The acc is 0.5366, 0.5791, 0.5000
Time Consumption for one epoch is 22.658660888671875s
======================================= Epoch 1 =======================================
================= Test Set =================
+++++++++++ Find New Best Min ACC +++++++++++
The acc is 0.5419, 0.5860, 0.5040
Time Consumption for one epoch is 20.619699716567993s
======================================= Epoch 2 =======================================
================= Test Set =================
The acc is 0.5419, 0.5860, 0.5040
Time Consumption for one epoch is 19.20001530647278s
======================================= Epoch 3 =======================================
================= Test Set =================
+++++++++++ Find New Best Min ACC +++++++++++
The acc is 0.6570, 0.6605, 0.6540
Time Consumption for one epoch is 18.786940336227417s
======================================= Epoch 4 =======================================
================= Test Set =================
The acc is 0.6570, 0.6605, 0.6540
Time Consumption for one epoch is 18.828980207443237s
======================================= Epoch 5 =======================================
================= Test Set =================
+++++++++++ Find New Best Min ACC +++++++++++
The acc is 0.8505, 0.8256, 0.8720
Time Consumption for one epoch is 18.665053844451904s
======================================= Epoch 6 =======================================
================= Test Set =================
The acc is 0.8505, 0.8256, 0.8720
Time Consumption for one epoch is 20.48234486579895s
======================================= Epoch 7 =======================================
================= Test Set =================
+++++++++++ Find New Best Min ACC +++++++++++
The acc is 0.8516, 0.8186, 0.8800
Time Consumption for one epoch is 21.525211095809937s
======================================= Epoch 8 =======================================
================= Test Set =================
+++++++++++ Find New Best Min ACC +++++++++++
The acc is 0.8613, 0.8279, 0.8900
Time Consumption for one epoch is 20.890228748321533s
======================================= Epoch 9 =======================================
================= Test Set =================
+++++++++++ Find New Best Min ACC +++++++++++
The acc is 0.8849, 0.8698, 0.8980
Time Consumption for one epoch is 19.97130537033081s
======================================= Epoch 10 =======================================
================= Test Set =================
The acc is 0.8849, 0.8698, 0.8980
Time Consumption for one epoch is 21.347487449645996s
======================================= Epoch 11 =======================================
================= Test Set =================
The acc is 0.8849, 0.8698, 0.8980
Time Consumption for one epoch is 18.822996139526367s
======================================= Epoch 12 =======================================
================= Test Set =================
+++++++++++ Find New Best Min ACC +++++++++++
The acc is 0.8957, 0.8791, 0.9100
Time Consumption for one epoch is 19.802985191345215s
======================================= Epoch 13 =======================================
================= Test Set =================
The acc is 0.8957, 0.8791, 0.9100
Time Consumption for one epoch is 21.3985538482666s
======================================= Epoch 14 =======================================
================= Test Set =================
The acc is 0.8957, 0.8791, 0.9100
Time Consumption for one epoch is 19.708472728729248s
======================================= Epoch 15 =======================================
================= Test Set =================
The acc is 0.8957, 0.8791, 0.9100
Time Consumption for one epoch is 20.41288709640503s
======================================= Epoch 16 =======================================
================= Test Set =================
The acc is 0.8957, 0.8791, 0.9100
Time Consumption for one epoch is 19.672548294067383s
======================================= Epoch 17 =======================================
================= Test Set =================
The acc is 0.8957, 0.8791, 0.9100
Time Consumption for one epoch is 21.30072283744812s
======================================= Epoch 18 =======================================
================= Test Set =================
The acc is 0.8957, 0.8791, 0.9100
Time Consumption for one epoch is 21.671966552734375s
======================================= Epoch 19 =======================================
================= Test Set =================
The acc is 0.8957, 0.8791, 0.9100
Time Consumption for one epoch is 20.938954830169678s
The final acc is 0.8957, 0.8791, 0.9100
