Namespace(data_dir='/data/yihua/dataset/celeba/celeba.hdf5', result_dir='rotation_study', checkpoint=None, resume=False, domain_attrs='Male', target_attrs='Blond_Hair', exp_name=None, batch_size=512, lr=0.0001, wd=2e-05, epochs=20, seed=2022, num_workers=8, arch='resnet9', evaluate=False, total_num=5000, test_num=1000, gv=120.0, gr=0.5, minor_ratio=0.2, add_aug='rotation')
======================================= Epoch 0 =======================================
================= Test Set =================
+++++++++++ Find New Best Min ACC +++++++++++
The acc is 0.4624, 0.4186, 0.5000
Time Consumption for one epoch is 16.46329975128174s
======================================= Epoch 1 =======================================
================= Test Set =================
The acc is 0.4624, 0.4186, 0.5000
Time Consumption for one epoch is 14.95266342163086s
======================================= Epoch 2 =======================================
================= Test Set =================
+++++++++++ Find New Best Min ACC +++++++++++
The acc is 0.6624, 0.6047, 0.7120
Time Consumption for one epoch is 14.759642124176025s
======================================= Epoch 3 =======================================
================= Test Set =================
+++++++++++ Find New Best Min ACC +++++++++++
The acc is 0.8323, 0.8093, 0.8520
Time Consumption for one epoch is 14.589591264724731s
======================================= Epoch 4 =======================================
================= Test Set =================
+++++++++++ Find New Best Min ACC +++++++++++
The acc is 0.8527, 0.8326, 0.8700
Time Consumption for one epoch is 15.020233392715454s
======================================= Epoch 5 =======================================
================= Test Set =================
+++++++++++ Find New Best Min ACC +++++++++++
The acc is 0.8796, 0.8651, 0.8920
Time Consumption for one epoch is 15.045652389526367s
======================================= Epoch 6 =======================================
================= Test Set =================
The acc is 0.8796, 0.8651, 0.8920
Time Consumption for one epoch is 14.579658508300781s
======================================= Epoch 7 =======================================
================= Test Set =================
+++++++++++ Find New Best Min ACC +++++++++++
The acc is 0.8806, 0.8605, 0.8980
Time Consumption for one epoch is 14.585322141647339s
======================================= Epoch 8 =======================================
================= Test Set =================
The acc is 0.8806, 0.8605, 0.8980
Time Consumption for one epoch is 14.51127004623413s
======================================= Epoch 9 =======================================
================= Test Set =================
The acc is 0.8806, 0.8605, 0.8980
Time Consumption for one epoch is 14.770879745483398s
======================================= Epoch 10 =======================================
================= Test Set =================
+++++++++++ Find New Best Min ACC +++++++++++
The acc is 0.8839, 0.8721, 0.8940
Time Consumption for one epoch is 15.19639801979065s
======================================= Epoch 11 =======================================
================= Test Set =================
The acc is 0.8839, 0.8721, 0.8940
Time Consumption for one epoch is 14.978403091430664s
======================================= Epoch 12 =======================================
================= Test Set =================
+++++++++++ Find New Best Min ACC +++++++++++
The acc is 0.8978, 0.8814, 0.9120
Time Consumption for one epoch is 15.344407320022583s
======================================= Epoch 13 =======================================
================= Test Set =================
The acc is 0.8978, 0.8814, 0.9120
Time Consumption for one epoch is 14.25277590751648s
======================================= Epoch 14 =======================================
================= Test Set =================
The acc is 0.8978, 0.8814, 0.9120
Time Consumption for one epoch is 14.978506803512573s
======================================= Epoch 15 =======================================
================= Test Set =================
The acc is 0.8978, 0.8814, 0.9120
Time Consumption for one epoch is 14.657071113586426s
======================================= Epoch 16 =======================================
================= Test Set =================
The acc is 0.8978, 0.8814, 0.9120
Time Consumption for one epoch is 14.15276050567627s
======================================= Epoch 17 =======================================
================= Test Set =================
The acc is 0.8978, 0.8814, 0.9120
Time Consumption for one epoch is 14.970817804336548s
======================================= Epoch 18 =======================================
================= Test Set =================
The acc is 0.8978, 0.8814, 0.9120
Time Consumption for one epoch is 14.066802263259888s
======================================= Epoch 19 =======================================
================= Test Set =================
The acc is 0.8978, 0.8814, 0.9120
Time Consumption for one epoch is 14.720539808273315s
The final acc is 0.8978, 0.8814, 0.9120
