Namespace(data_dir='/data/yihua/dataset/celeba/celeba.hdf5', result_dir='results', checkpoint=None, resume=False, domain_attrs='Male', target_attrs='Blond_Hair', exp_name=None, batch_size=512, lr=0.0001, wd=2e-05, epochs=20, seed=42, num_workers=8, arch='resnet9', evaluate=False, gv=0.15, gr=0.3)
======================================= Epoch 0 =======================================
================= Test Set =================
+++++++++++ Find New Best Min ACC +++++++++++
The acc is 0.7139, 0.6722, 0.7243
Time Consumption for one epoch is 27.52988362312317s
======================================= Epoch 1 =======================================
================= Test Set =================
+++++++++++ Find New Best Min ACC +++++++++++
The acc is 0.8850, 0.8361, 0.8972
Time Consumption for one epoch is 27.03473949432373s
======================================= Epoch 2 =======================================
================= Test Set =================
+++++++++++ Find New Best Min ACC +++++++++++
The acc is 0.8944, 0.8389, 0.9083
Time Consumption for one epoch is 25.263238668441772s
======================================= Epoch 3 =======================================
================= Test Set =================
The acc is 0.8944, 0.8389, 0.9083
Time Consumption for one epoch is 24.38724994659424s
======================================= Epoch 4 =======================================
================= Test Set =================
The acc is 0.8944, 0.8389, 0.9083
Time Consumption for one epoch is 25.29863405227661s
======================================= Epoch 5 =======================================
================= Test Set =================
+++++++++++ Find New Best Min ACC +++++++++++
The acc is 0.9100, 0.9028, 0.9118
Time Consumption for one epoch is 24.808897018432617s
======================================= Epoch 6 =======================================
================= Test Set =================
The acc is 0.9100, 0.9028, 0.9118
Time Consumption for one epoch is 23.644050121307373s
======================================= Epoch 7 =======================================
================= Test Set =================
The acc is 0.9100, 0.9028, 0.9118
Time Consumption for one epoch is 25.746885776519775s
======================================= Epoch 8 =======================================
================= Test Set =================
+++++++++++ Find New Best Min ACC +++++++++++
The acc is 0.9117, 0.8889, 0.9174
Time Consumption for one epoch is 25.588350534439087s
======================================= Epoch 9 =======================================
================= Test Set =================
The acc is 0.9117, 0.8889, 0.9174
Time Consumption for one epoch is 25.41797137260437s
======================================= Epoch 10 =======================================
================= Test Set =================
The acc is 0.9117, 0.8889, 0.9174
Time Consumption for one epoch is 24.893375635147095s
======================================= Epoch 11 =======================================
================= Test Set =================
+++++++++++ Find New Best Min ACC +++++++++++
The acc is 0.9161, 0.8944, 0.9215
Time Consumption for one epoch is 25.502400398254395s
======================================= Epoch 12 =======================================
================= Test Set =================
The acc is 0.9161, 0.8944, 0.9215
Time Consumption for one epoch is 25.2288715839386s
======================================= Epoch 13 =======================================
================= Test Set =================
The acc is 0.9161, 0.8944, 0.9215
Time Consumption for one epoch is 26.22973108291626s
======================================= Epoch 14 =======================================
================= Test Set =================
The acc is 0.9161, 0.8944, 0.9215
Time Consumption for one epoch is 25.17421293258667s
======================================= Epoch 15 =======================================
================= Test Set =================
+++++++++++ Find New Best Min ACC +++++++++++
The acc is 0.9189, 0.9056, 0.9222
Time Consumption for one epoch is 25.119738817214966s
======================================= Epoch 16 =======================================
================= Test Set =================
+++++++++++ Find New Best Min ACC +++++++++++
The acc is 0.9194, 0.9000, 0.9243
Time Consumption for one epoch is 25.64610981941223s
======================================= Epoch 17 =======================================
================= Test Set =================
The acc is 0.9194, 0.9000, 0.9243
Time Consumption for one epoch is 24.48961353302002s
======================================= Epoch 18 =======================================
================= Test Set =================
The acc is 0.9194, 0.9000, 0.9243
Time Consumption for one epoch is 24.847575664520264s
======================================= Epoch 19 =======================================
================= Test Set =================
The acc is 0.9194, 0.9000, 0.9243
Time Consumption for one epoch is 24.660776138305664s
The final acc is 0.9194, 0.9000, 0.9243
