Namespace(data_dir='/data/yihua/dataset/celeba/celeba.hdf5', result_dir='rotation_study', checkpoint=None, resume=False, domain_attrs='Male', target_attrs='Blond_Hair', exp_name=None, batch_size=512, lr=0.0001, wd=2e-05, epochs=20, seed=2020, num_workers=8, arch='resnet18', evaluate=False, total_num=5000, test_num=1000, gv=30.0, gr=0.3, minor_ratio=0.2, add_aug='rotation')
======================================= Epoch 0 =======================================
================= Test Set =================
+++++++++++ Find New Best Min ACC +++++++++++
The acc is 0.4624, 0.4186, 0.5000
Time Consumption for one epoch is 23.00289273262024s
======================================= Epoch 1 =======================================
================= Test Set =================
+++++++++++ Find New Best Min ACC +++++++++++
The acc is 0.5258, 0.5721, 0.4860
Time Consumption for one epoch is 21.399437427520752s
======================================= Epoch 2 =======================================
================= Test Set =================
+++++++++++ Find New Best Min ACC +++++++++++
The acc is 0.5355, 0.5814, 0.4960
Time Consumption for one epoch is 21.553577184677124s
======================================= Epoch 3 =======================================
================= Test Set =================
+++++++++++ Find New Best Min ACC +++++++++++
The acc is 0.5441, 0.5884, 0.5060
Time Consumption for one epoch is 21.415592193603516s
======================================= Epoch 4 =======================================
================= Test Set =================
+++++++++++ Find New Best Min ACC +++++++++++
The acc is 0.7183, 0.6953, 0.7380
Time Consumption for one epoch is 20.476351261138916s
======================================= Epoch 5 =======================================
================= Test Set =================
+++++++++++ Find New Best Min ACC +++++++++++
The acc is 0.7978, 0.7558, 0.8340
Time Consumption for one epoch is 19.917718410491943s
======================================= Epoch 6 =======================================
================= Test Set =================
+++++++++++ Find New Best Min ACC +++++++++++
The acc is 0.8742, 0.8465, 0.8980
Time Consumption for one epoch is 21.67831254005432s
======================================= Epoch 7 =======================================
================= Test Set =================
The acc is 0.8742, 0.8465, 0.8980
Time Consumption for one epoch is 19.862358331680298s
======================================= Epoch 8 =======================================
================= Test Set =================
The acc is 0.8742, 0.8465, 0.8980
Time Consumption for one epoch is 19.92319917678833s
======================================= Epoch 9 =======================================
================= Test Set =================
The acc is 0.8742, 0.8465, 0.8980
Time Consumption for one epoch is 22.54724884033203s
======================================= Epoch 10 =======================================
================= Test Set =================
The acc is 0.8742, 0.8465, 0.8980
Time Consumption for one epoch is 20.116048097610474s
======================================= Epoch 11 =======================================
================= Test Set =================
The acc is 0.8742, 0.8465, 0.8980
Time Consumption for one epoch is 19.882854223251343s
======================================= Epoch 12 =======================================
================= Test Set =================
The acc is 0.8742, 0.8465, 0.8980
Time Consumption for one epoch is 20.265164852142334s
======================================= Epoch 13 =======================================
================= Test Set =================
+++++++++++ Find New Best Min ACC +++++++++++
The acc is 0.8763, 0.8674, 0.8840
Time Consumption for one epoch is 20.1173152923584s
======================================= Epoch 14 =======================================
================= Test Set =================
+++++++++++ Find New Best Min ACC +++++++++++
The acc is 0.8892, 0.8791, 0.8980
Time Consumption for one epoch is 22.264280080795288s
======================================= Epoch 15 =======================================
================= Test Set =================
The acc is 0.8892, 0.8791, 0.8980
Time Consumption for one epoch is 19.44538426399231s
======================================= Epoch 16 =======================================
================= Test Set =================
The acc is 0.8892, 0.8791, 0.8980
Time Consumption for one epoch is 20.417028665542603s
======================================= Epoch 17 =======================================
================= Test Set =================
The acc is 0.8892, 0.8791, 0.8980
Time Consumption for one epoch is 21.505393028259277s
======================================= Epoch 18 =======================================
================= Test Set =================
The acc is 0.8892, 0.8791, 0.8980
Time Consumption for one epoch is 22.270211935043335s
======================================= Epoch 19 =======================================
================= Test Set =================
The acc is 0.8892, 0.8791, 0.8980
Time Consumption for one epoch is 21.723042488098145s
The final acc is 0.8892, 0.8791, 0.8980
