Namespace(data_dir='/data/yihua/dataset/celeba/celeba.hdf5', result_dir='rotation_study', checkpoint=None, resume=False, domain_attrs='Male', target_attrs='Blond_Hair', exp_name=None, batch_size=512, lr=0.0001, wd=2e-05, epochs=20, seed=2022, num_workers=8, arch='resnet9', evaluate=False, total_num=5000, test_num=1000, gv=90.0, gr=0.1, minor_ratio=0.2, add_aug='rotation')
======================================= Epoch 0 =======================================
================= Test Set =================
+++++++++++ Find New Best Min ACC +++++++++++
The acc is 0.4624, 0.4186, 0.5000
Time Consumption for one epoch is 15.834951400756836s
======================================= Epoch 1 =======================================
================= Test Set =================
The acc is 0.4624, 0.4186, 0.5000
Time Consumption for one epoch is 14.61436414718628s
======================================= Epoch 2 =======================================
================= Test Set =================
+++++++++++ Find New Best Min ACC +++++++++++
The acc is 0.5011, 0.4302, 0.5620
Time Consumption for one epoch is 14.274780988693237s
======================================= Epoch 3 =======================================
================= Test Set =================
+++++++++++ Find New Best Min ACC +++++++++++
The acc is 0.7204, 0.6628, 0.7700
Time Consumption for one epoch is 14.550614356994629s
======================================= Epoch 4 =======================================
================= Test Set =================
+++++++++++ Find New Best Min ACC +++++++++++
The acc is 0.8344, 0.8116, 0.8540
Time Consumption for one epoch is 13.923096656799316s
======================================= Epoch 5 =======================================
================= Test Set =================
+++++++++++ Find New Best Min ACC +++++++++++
The acc is 0.8634, 0.8372, 0.8860
Time Consumption for one epoch is 14.824509859085083s
======================================= Epoch 6 =======================================
================= Test Set =================
+++++++++++ Find New Best Min ACC +++++++++++
The acc is 0.8763, 0.8581, 0.8920
Time Consumption for one epoch is 14.340864896774292s
======================================= Epoch 7 =======================================
================= Test Set =================
The acc is 0.8763, 0.8581, 0.8920
Time Consumption for one epoch is 14.514607191085815s
======================================= Epoch 8 =======================================
================= Test Set =================
+++++++++++ Find New Best Min ACC +++++++++++
The acc is 0.8882, 0.8791, 0.8960
Time Consumption for one epoch is 14.180469989776611s
======================================= Epoch 9 =======================================
================= Test Set =================
The acc is 0.8882, 0.8791, 0.8960
Time Consumption for one epoch is 14.064416885375977s
======================================= Epoch 10 =======================================
================= Test Set =================
The acc is 0.8882, 0.8791, 0.8960
Time Consumption for one epoch is 14.515256881713867s
======================================= Epoch 11 =======================================
================= Test Set =================
+++++++++++ Find New Best Min ACC +++++++++++
The acc is 0.8892, 0.8698, 0.9060
Time Consumption for one epoch is 14.640141725540161s
======================================= Epoch 12 =======================================
================= Test Set =================
+++++++++++ Find New Best Min ACC +++++++++++
The acc is 0.8914, 0.8791, 0.9020
Time Consumption for one epoch is 14.52012586593628s
======================================= Epoch 13 =======================================
================= Test Set =================
+++++++++++ Find New Best Min ACC +++++++++++
The acc is 0.8978, 0.8860, 0.9080
Time Consumption for one epoch is 14.236567735671997s
======================================= Epoch 14 =======================================
================= Test Set =================
+++++++++++ Find New Best Min ACC +++++++++++
The acc is 0.8989, 0.8930, 0.9040
Time Consumption for one epoch is 14.648507833480835s
======================================= Epoch 15 =======================================
================= Test Set =================
The acc is 0.8989, 0.8930, 0.9040
Time Consumption for one epoch is 14.212639570236206s
======================================= Epoch 16 =======================================
================= Test Set =================
The acc is 0.8989, 0.8930, 0.9040
Time Consumption for one epoch is 13.865339040756226s
======================================= Epoch 17 =======================================
================= Test Set =================
The acc is 0.8989, 0.8930, 0.9040
Time Consumption for one epoch is 14.692410469055176s
======================================= Epoch 18 =======================================
================= Test Set =================
The acc is 0.8989, 0.8930, 0.9040
Time Consumption for one epoch is 13.948770999908447s
======================================= Epoch 19 =======================================
================= Test Set =================
The acc is 0.8989, 0.8930, 0.9040
Time Consumption for one epoch is 14.27233362197876s
The final acc is 0.8989, 0.8930, 0.9040
