Namespace(data_dir='/data/yihua/dataset/celeba/celeba.hdf5', result_dir='crop_study', checkpoint=None, resume=False, domain_attrs='Male', target_attrs='Blond_Hair', exp_name=None, batch_size=512, lr=0.0001, wd=2e-05, epochs=20, seed=2020, num_workers=8, arch='resnet9', evaluate=False, total_num=5000, test_num=1000, gv=140.0, gr=0.5, minor_ratio=0.2, add_aug='crop')
======================================= Epoch 0 =======================================
================= Test Set =================
+++++++++++ Find New Best Min ACC +++++++++++
The acc is 0.4624, 0.4186, 0.5000
Time Consumption for one epoch is 16.546483993530273s
======================================= Epoch 1 =======================================
================= Test Set =================
+++++++++++ Find New Best Min ACC +++++++++++
The acc is 0.4677, 0.4256, 0.5040
Time Consumption for one epoch is 14.84339451789856s
======================================= Epoch 2 =======================================
================= Test Set =================
+++++++++++ Find New Best Min ACC +++++++++++
The acc is 0.7581, 0.7279, 0.7840
Time Consumption for one epoch is 15.37401008605957s
======================================= Epoch 3 =======================================
================= Test Set =================
+++++++++++ Find New Best Min ACC +++++++++++
The acc is 0.8344, 0.8256, 0.8420
Time Consumption for one epoch is 15.13607907295227s
======================================= Epoch 4 =======================================
================= Test Set =================
+++++++++++ Find New Best Min ACC +++++++++++
The acc is 0.8602, 0.8442, 0.8740
Time Consumption for one epoch is 14.66775918006897s
======================================= Epoch 5 =======================================
================= Test Set =================
+++++++++++ Find New Best Min ACC +++++++++++
The acc is 0.8634, 0.8419, 0.8820
Time Consumption for one epoch is 14.85836124420166s
======================================= Epoch 6 =======================================
================= Test Set =================
+++++++++++ Find New Best Min ACC +++++++++++
The acc is 0.8677, 0.8488, 0.8840
Time Consumption for one epoch is 14.988625526428223s
======================================= Epoch 7 =======================================
================= Test Set =================
+++++++++++ Find New Best Min ACC +++++++++++
The acc is 0.8720, 0.8558, 0.8860
Time Consumption for one epoch is 14.432302713394165s
======================================= Epoch 8 =======================================
================= Test Set =================
+++++++++++ Find New Best Min ACC +++++++++++
The acc is 0.8763, 0.8581, 0.8920
Time Consumption for one epoch is 14.932535409927368s
======================================= Epoch 9 =======================================
================= Test Set =================
+++++++++++ Find New Best Min ACC +++++++++++
The acc is 0.8925, 0.8721, 0.9100
Time Consumption for one epoch is 14.906254529953003s
======================================= Epoch 10 =======================================
================= Test Set =================
The acc is 0.8925, 0.8721, 0.9100
Time Consumption for one epoch is 14.571011543273926s
======================================= Epoch 11 =======================================
================= Test Set =================
+++++++++++ Find New Best Min ACC +++++++++++
The acc is 0.9000, 0.8884, 0.9100
Time Consumption for one epoch is 14.735747814178467s
======================================= Epoch 12 =======================================
================= Test Set =================
The acc is 0.9000, 0.8884, 0.9100
Time Consumption for one epoch is 14.316768884658813s
======================================= Epoch 13 =======================================
================= Test Set =================
The acc is 0.9000, 0.8884, 0.9100
Time Consumption for one epoch is 14.602294445037842s
======================================= Epoch 14 =======================================
================= Test Set =================
The acc is 0.9000, 0.8884, 0.9100
Time Consumption for one epoch is 14.441179990768433s
======================================= Epoch 15 =======================================
================= Test Set =================
The acc is 0.9000, 0.8884, 0.9100
Time Consumption for one epoch is 14.91812515258789s
======================================= Epoch 16 =======================================
================= Test Set =================
The acc is 0.9000, 0.8884, 0.9100
Time Consumption for one epoch is 14.766584157943726s
======================================= Epoch 17 =======================================
================= Test Set =================
The acc is 0.9000, 0.8884, 0.9100
Time Consumption for one epoch is 14.75556993484497s
======================================= Epoch 18 =======================================
================= Test Set =================
The acc is 0.9000, 0.8884, 0.9100
Time Consumption for one epoch is 14.865394592285156s
======================================= Epoch 19 =======================================
================= Test Set =================
The acc is 0.9000, 0.8884, 0.9100
Time Consumption for one epoch is 14.298487663269043s
The final acc is 0.9000, 0.8884, 0.9100
