Namespace(data_dir='/data/yihua/dataset/celeba/celeba.hdf5', result_dir='results', checkpoint=None, resume=False, domain_attrs='Male', target_attrs='Blond_Hair', exp_name=None, batch_size=512, lr=0.0001, wd=2e-05, epochs=20, seed=2020, num_workers=8, arch='resnet9', evaluate=False, gv=0.4, gr=0.1)
======================================= Epoch 0 =======================================
================= Test Set =================
+++++++++++ Find New Best Min ACC +++++++++++
The acc is 0.7728, 0.7278, 0.7840
Time Consumption for one epoch is 26.415361881256104s
======================================= Epoch 1 =======================================
================= Test Set =================
+++++++++++ Find New Best Min ACC +++++++++++
The acc is 0.8744, 0.8111, 0.8903
Time Consumption for one epoch is 24.350891590118408s
======================================= Epoch 2 =======================================
================= Test Set =================
+++++++++++ Find New Best Min ACC +++++++++++
The acc is 0.8911, 0.8556, 0.9000
Time Consumption for one epoch is 22.757399320602417s
======================================= Epoch 3 =======================================
================= Test Set =================
+++++++++++ Find New Best Min ACC +++++++++++
The acc is 0.8983, 0.8556, 0.9090
Time Consumption for one epoch is 23.479315996170044s
======================================= Epoch 4 =======================================
================= Test Set =================
The acc is 0.8983, 0.8556, 0.9090
Time Consumption for one epoch is 22.587836980819702s
======================================= Epoch 5 =======================================
================= Test Set =================
+++++++++++ Find New Best Min ACC +++++++++++
The acc is 0.9061, 0.8833, 0.9118
Time Consumption for one epoch is 22.965492010116577s
======================================= Epoch 6 =======================================
================= Test Set =================
The acc is 0.9061, 0.8833, 0.9118
Time Consumption for one epoch is 24.11573815345764s
======================================= Epoch 7 =======================================
================= Test Set =================
+++++++++++ Find New Best Min ACC +++++++++++
The acc is 0.9106, 0.9111, 0.9104
Time Consumption for one epoch is 23.910722017288208s
======================================= Epoch 8 =======================================
================= Test Set =================
The acc is 0.9106, 0.9111, 0.9104
Time Consumption for one epoch is 24.314876794815063s
======================================= Epoch 9 =======================================
================= Test Set =================
The acc is 0.9106, 0.9111, 0.9104
Time Consumption for one epoch is 23.52564239501953s
======================================= Epoch 10 =======================================
================= Test Set =================
The acc is 0.9106, 0.9111, 0.9104
Time Consumption for one epoch is 24.84525752067566s
======================================= Epoch 11 =======================================
================= Test Set =================
+++++++++++ Find New Best Min ACC +++++++++++
The acc is 0.9117, 0.8917, 0.9167
Time Consumption for one epoch is 24.671403884887695s
======================================= Epoch 12 =======================================
================= Test Set =================
The acc is 0.9117, 0.8917, 0.9167
Time Consumption for one epoch is 23.631366729736328s
======================================= Epoch 13 =======================================
================= Test Set =================
+++++++++++ Find New Best Min ACC +++++++++++
The acc is 0.9139, 0.9056, 0.9160
Time Consumption for one epoch is 24.06209635734558s
======================================= Epoch 14 =======================================
================= Test Set =================
The acc is 0.9139, 0.9056, 0.9160
Time Consumption for one epoch is 24.29035234451294s
======================================= Epoch 15 =======================================
================= Test Set =================
The acc is 0.9139, 0.9056, 0.9160
Time Consumption for one epoch is 23.623159646987915s
======================================= Epoch 16 =======================================
================= Test Set =================
+++++++++++ Find New Best Min ACC +++++++++++
The acc is 0.9239, 0.9111, 0.9271
Time Consumption for one epoch is 25.069560289382935s
======================================= Epoch 17 =======================================
================= Test Set =================
The acc is 0.9239, 0.9111, 0.9271
Time Consumption for one epoch is 23.262630939483643s
======================================= Epoch 18 =======================================
================= Test Set =================
The acc is 0.9239, 0.9111, 0.9271
Time Consumption for one epoch is 23.42310667037964s
======================================= Epoch 19 =======================================
================= Test Set =================
The acc is 0.9239, 0.9111, 0.9271
Time Consumption for one epoch is 24.215665578842163s
The final acc is 0.9239, 0.9111, 0.9271
