Namespace(data_dir='/data/yihua/dataset/celeba/celeba.hdf5', result_dir='results', checkpoint=None, resume=False, domain_attrs='Male', target_attrs='Blond_Hair', exp_name=None, batch_size=512, lr=0.0001, wd=2e-05, epochs=20, seed=2021, num_workers=8, arch='resnet9', evaluate=False, gv=1e-06, gr=0.3)
======================================= Epoch 0 =======================================
================= Test Set =================
+++++++++++ Find New Best Min ACC +++++++++++
The acc is 0.5767, 0.5472, 0.5840
Time Consumption for one epoch is 26.468360662460327s
======================================= Epoch 1 =======================================
================= Test Set =================
+++++++++++ Find New Best Min ACC +++++++++++
The acc is 0.8894, 0.8611, 0.8965
Time Consumption for one epoch is 25.383980751037598s
======================================= Epoch 2 =======================================
================= Test Set =================
The acc is 0.8894, 0.8611, 0.8965
Time Consumption for one epoch is 25.16932702064514s
======================================= Epoch 3 =======================================
================= Test Set =================
The acc is 0.8894, 0.8611, 0.8965
Time Consumption for one epoch is 23.997642755508423s
======================================= Epoch 4 =======================================
================= Test Set =================
+++++++++++ Find New Best Min ACC +++++++++++
The acc is 0.8922, 0.8750, 0.8965
Time Consumption for one epoch is 25.028647422790527s
======================================= Epoch 5 =======================================
================= Test Set =================
+++++++++++ Find New Best Min ACC +++++++++++
The acc is 0.9089, 0.8917, 0.9132
Time Consumption for one epoch is 24.960598468780518s
======================================= Epoch 6 =======================================
================= Test Set =================
The acc is 0.9089, 0.8917, 0.9132
Time Consumption for one epoch is 24.409940242767334s
======================================= Epoch 7 =======================================
================= Test Set =================
The acc is 0.9089, 0.8917, 0.9132
Time Consumption for one epoch is 25.030272483825684s
======================================= Epoch 8 =======================================
================= Test Set =================
+++++++++++ Find New Best Min ACC +++++++++++
The acc is 0.9189, 0.8972, 0.9243
Time Consumption for one epoch is 25.089264154434204s
======================================= Epoch 9 =======================================
================= Test Set =================
The acc is 0.9189, 0.8972, 0.9243
Time Consumption for one epoch is 25.355354070663452s
======================================= Epoch 10 =======================================
================= Test Set =================
The acc is 0.9189, 0.8972, 0.9243
Time Consumption for one epoch is 24.86777925491333s
======================================= Epoch 11 =======================================
================= Test Set =================
The acc is 0.9189, 0.8972, 0.9243
Time Consumption for one epoch is 25.00827407836914s
======================================= Epoch 12 =======================================
================= Test Set =================
The acc is 0.9189, 0.8972, 0.9243
Time Consumption for one epoch is 24.063250303268433s
======================================= Epoch 13 =======================================
================= Test Set =================
The acc is 0.9189, 0.8972, 0.9243
Time Consumption for one epoch is 24.94063115119934s
======================================= Epoch 14 =======================================
================= Test Set =================
The acc is 0.9189, 0.8972, 0.9243
Time Consumption for one epoch is 24.696536540985107s
======================================= Epoch 15 =======================================
================= Test Set =================
The acc is 0.9189, 0.8972, 0.9243
Time Consumption for one epoch is 26.145373344421387s
======================================= Epoch 16 =======================================
================= Test Set =================
The acc is 0.9189, 0.8972, 0.9243
Time Consumption for one epoch is 25.075912714004517s
======================================= Epoch 17 =======================================
================= Test Set =================
The acc is 0.9189, 0.8972, 0.9243
Time Consumption for one epoch is 26.235533475875854s
======================================= Epoch 18 =======================================
================= Test Set =================
The acc is 0.9189, 0.8972, 0.9243
Time Consumption for one epoch is 25.180979013442993s
======================================= Epoch 19 =======================================
================= Test Set =================
The acc is 0.9189, 0.8972, 0.9243
Time Consumption for one epoch is 24.028932094573975s
The final acc is 0.9189, 0.8972, 0.9243
