Namespace(data_dir='/data/yihua/dataset/celeba/celeba.hdf5', result_dir='results', checkpoint=None, resume=False, domain_attrs='Male', target_attrs='Heavy_Makeup', exp_name=None, batch_size=512, lr=0.0001, wd=2e-05, epochs=20, seed=2024, num_workers=8, arch='resnet9', evaluate=False, gv=1e-05, gr=0.5)
======================================= Epoch 0 =======================================
================= Test Set =================
+++++++++++ Find New Best Min ACC +++++++++++
The acc is 0.5000, 0.5000, 0.5000
Time Consumption for one epoch is 9.605648279190063s
======================================= Epoch 1 =======================================
================= Test Set =================
The acc is 0.5000, 0.5000, 0.5000
Time Consumption for one epoch is 8.20167875289917s
======================================= Epoch 2 =======================================
================= Test Set =================
The acc is 0.5000, 0.5000, 0.5000
Time Consumption for one epoch is 8.447157621383667s
======================================= Epoch 3 =======================================
================= Test Set =================
+++++++++++ Find New Best Min ACC +++++++++++
The acc is 0.5045, 0.5227, 0.5000
Time Consumption for one epoch is 9.461454391479492s
======================================= Epoch 4 =======================================
================= Test Set =================
The acc is 0.5045, 0.5227, 0.5000
Time Consumption for one epoch is 7.952263832092285s
======================================= Epoch 5 =======================================
================= Test Set =================
The acc is 0.5045, 0.5227, 0.5000
Time Consumption for one epoch is 8.34154462814331s
======================================= Epoch 6 =======================================
================= Test Set =================
The acc is 0.5045, 0.5227, 0.5000
Time Consumption for one epoch is 8.759788036346436s
======================================= Epoch 7 =======================================
================= Test Set =================
The acc is 0.5045, 0.5227, 0.5000
Time Consumption for one epoch is 8.971397876739502s
======================================= Epoch 8 =======================================
================= Test Set =================
The acc is 0.5045, 0.5227, 0.5000
Time Consumption for one epoch is 9.056487321853638s
======================================= Epoch 9 =======================================
================= Test Set =================
+++++++++++ Find New Best Min ACC +++++++++++
The acc is 0.5864, 0.5227, 0.6023
Time Consumption for one epoch is 9.382672548294067s
======================================= Epoch 10 =======================================
================= Test Set =================
+++++++++++ Find New Best Min ACC +++++++++++
The acc is 0.6227, 0.4545, 0.6648
Time Consumption for one epoch is 7.534794092178345s
======================================= Epoch 11 =======================================
================= Test Set =================
+++++++++++ Find New Best Min ACC +++++++++++
The acc is 0.6545, 0.5227, 0.6875
Time Consumption for one epoch is 8.973515033721924s
======================================= Epoch 12 =======================================
================= Test Set =================
+++++++++++ Find New Best Min ACC +++++++++++
The acc is 0.6773, 0.5000, 0.7216
Time Consumption for one epoch is 8.623335599899292s
======================================= Epoch 13 =======================================
================= Test Set =================
+++++++++++ Find New Best Min ACC +++++++++++
The acc is 0.7136, 0.5455, 0.7557
Time Consumption for one epoch is 10.046684980392456s
======================================= Epoch 14 =======================================
================= Test Set =================
The acc is 0.7136, 0.5455, 0.7557
Time Consumption for one epoch is 8.17825436592102s
======================================= Epoch 15 =======================================
================= Test Set =================
The acc is 0.7136, 0.5455, 0.7557
Time Consumption for one epoch is 7.9738171100616455s
======================================= Epoch 16 =======================================
================= Test Set =================
The acc is 0.7136, 0.5455, 0.7557
Time Consumption for one epoch is 8.052714824676514s
======================================= Epoch 17 =======================================
================= Test Set =================
+++++++++++ Find New Best Min ACC +++++++++++
The acc is 0.7182, 0.5909, 0.7500
Time Consumption for one epoch is 7.847836494445801s
======================================= Epoch 18 =======================================
================= Test Set =================
The acc is 0.7182, 0.5909, 0.7500
Time Consumption for one epoch is 9.618177890777588s
======================================= Epoch 19 =======================================
================= Test Set =================
The acc is 0.7182, 0.5909, 0.7500
Time Consumption for one epoch is 8.522013187408447s
The final acc is 0.7182, 0.5909, 0.7500
