Namespace(data_dir='/data/yihua/dataset/celeba/celeba.hdf5', result_dir='results', checkpoint=None, resume=False, domain_attrs='Male', target_attrs='Blond_Hair', exp_name=None, batch_size=512, lr=0.0001, wd=2e-05, epochs=20, seed=2020, num_workers=8, arch='resnet9', evaluate=False, gv=0.05, gr=0.5)
======================================= Epoch 0 =======================================
================= Test Set =================
+++++++++++ Find New Best Min ACC +++++++++++
The acc is 0.7239, 0.6611, 0.7396
Time Consumption for one epoch is 29.435264110565186s
======================================= Epoch 1 =======================================
================= Test Set =================
+++++++++++ Find New Best Min ACC +++++++++++
The acc is 0.8817, 0.8306, 0.8944
Time Consumption for one epoch is 29.605470418930054s
======================================= Epoch 2 =======================================
================= Test Set =================
+++++++++++ Find New Best Min ACC +++++++++++
The acc is 0.8850, 0.8250, 0.9000
Time Consumption for one epoch is 29.697888612747192s
======================================= Epoch 3 =======================================
================= Test Set =================
+++++++++++ Find New Best Min ACC +++++++++++
The acc is 0.9011, 0.8806, 0.9062
Time Consumption for one epoch is 29.046836137771606s
======================================= Epoch 4 =======================================
================= Test Set =================
The acc is 0.9011, 0.8806, 0.9062
Time Consumption for one epoch is 27.654343366622925s
======================================= Epoch 5 =======================================
================= Test Set =================
+++++++++++ Find New Best Min ACC +++++++++++
The acc is 0.9017, 0.8750, 0.9083
Time Consumption for one epoch is 26.52453327178955s
======================================= Epoch 6 =======================================
================= Test Set =================
+++++++++++ Find New Best Min ACC +++++++++++
The acc is 0.9044, 0.8806, 0.9104
Time Consumption for one epoch is 29.049242973327637s
======================================= Epoch 7 =======================================
================= Test Set =================
+++++++++++ Find New Best Min ACC +++++++++++
The acc is 0.9089, 0.8778, 0.9167
Time Consumption for one epoch is 29.866755485534668s
======================================= Epoch 8 =======================================
================= Test Set =================
+++++++++++ Find New Best Min ACC +++++++++++
The acc is 0.9128, 0.9083, 0.9139
Time Consumption for one epoch is 29.158005237579346s
======================================= Epoch 9 =======================================
================= Test Set =================
The acc is 0.9128, 0.9083, 0.9139
Time Consumption for one epoch is 28.44524383544922s
======================================= Epoch 10 =======================================
================= Test Set =================
The acc is 0.9128, 0.9083, 0.9139
Time Consumption for one epoch is 25.80247449874878s
======================================= Epoch 11 =======================================
================= Test Set =================
The acc is 0.9128, 0.9083, 0.9139
Time Consumption for one epoch is 29.33082675933838s
======================================= Epoch 12 =======================================
================= Test Set =================
The acc is 0.9128, 0.9083, 0.9139
Time Consumption for one epoch is 28.568547010421753s
======================================= Epoch 13 =======================================
================= Test Set =================
The acc is 0.9128, 0.9083, 0.9139
Time Consumption for one epoch is 28.872159719467163s
======================================= Epoch 14 =======================================
================= Test Set =================
+++++++++++ Find New Best Min ACC +++++++++++
The acc is 0.9194, 0.9056, 0.9229
Time Consumption for one epoch is 29.35675311088562s
======================================= Epoch 15 =======================================
================= Test Set =================
The acc is 0.9194, 0.9056, 0.9229
Time Consumption for one epoch is 27.27088713645935s
======================================= Epoch 16 =======================================
================= Test Set =================
The acc is 0.9194, 0.9056, 0.9229
Time Consumption for one epoch is 29.007540702819824s
======================================= Epoch 17 =======================================
================= Test Set =================
+++++++++++ Find New Best Min ACC +++++++++++
The acc is 0.9211, 0.8944, 0.9278
Time Consumption for one epoch is 28.646499633789062s
======================================= Epoch 18 =======================================
================= Test Set =================
+++++++++++ Find New Best Min ACC +++++++++++
The acc is 0.9228, 0.9000, 0.9285
Time Consumption for one epoch is 27.897993087768555s
======================================= Epoch 19 =======================================
================= Test Set =================
The acc is 0.9228, 0.9000, 0.9285
Time Consumption for one epoch is 27.793259859085083s
The final acc is 0.9228, 0.9000, 0.9285
