Namespace(data_dir='/data/yihua/dataset/celeba/celeba.hdf5', result_dir='results', checkpoint=None, resume=False, domain_attrs='Male', target_attrs='Blond_Hair', exp_name=None, batch_size=512, lr=0.0001, wd=2e-05, epochs=20, seed=2021, num_workers=8, arch='resnet18', evaluate=False, gv=0.01, gr=0.5)
======================================= Epoch 0 =======================================
================= Test Set =================
+++++++++++ Find New Best Min ACC +++++++++++
The acc is 0.5000, 0.5000, 0.5000
Time Consumption for one epoch is 47.5864040851593s
======================================= Epoch 1 =======================================
================= Test Set =================
+++++++++++ Find New Best Min ACC +++++++++++
The acc is 0.7611, 0.6361, 0.7924
Time Consumption for one epoch is 44.0829656124115s
======================================= Epoch 2 =======================================
================= Test Set =================
+++++++++++ Find New Best Min ACC +++++++++++
The acc is 0.8911, 0.8611, 0.8986
Time Consumption for one epoch is 44.98719310760498s
======================================= Epoch 3 =======================================
================= Test Set =================
The acc is 0.8911, 0.8611, 0.8986
Time Consumption for one epoch is 42.621824979782104s
======================================= Epoch 4 =======================================
================= Test Set =================
+++++++++++ Find New Best Min ACC +++++++++++
The acc is 0.9011, 0.8750, 0.9076
Time Consumption for one epoch is 43.304930210113525s
======================================= Epoch 5 =======================================
================= Test Set =================
The acc is 0.9011, 0.8750, 0.9076
Time Consumption for one epoch is 44.014618158340454s
======================================= Epoch 6 =======================================
================= Test Set =================
+++++++++++ Find New Best Min ACC +++++++++++
The acc is 0.9017, 0.8861, 0.9056
Time Consumption for one epoch is 43.09917974472046s
======================================= Epoch 7 =======================================
================= Test Set =================
The acc is 0.9017, 0.8861, 0.9056
Time Consumption for one epoch is 43.507240295410156s
======================================= Epoch 8 =======================================
================= Test Set =================
+++++++++++ Find New Best Min ACC +++++++++++
The acc is 0.9028, 0.8861, 0.9069
Time Consumption for one epoch is 45.36188268661499s
======================================= Epoch 9 =======================================
================= Test Set =================
+++++++++++ Find New Best Min ACC +++++++++++
The acc is 0.9083, 0.8972, 0.9111
Time Consumption for one epoch is 43.88743996620178s
======================================= Epoch 10 =======================================
================= Test Set =================
+++++++++++ Find New Best Min ACC +++++++++++
The acc is 0.9100, 0.8972, 0.9132
Time Consumption for one epoch is 44.39512252807617s
======================================= Epoch 11 =======================================
================= Test Set =================
The acc is 0.9100, 0.8972, 0.9132
Time Consumption for one epoch is 43.32018160820007s
======================================= Epoch 12 =======================================
================= Test Set =================
+++++++++++ Find New Best Min ACC +++++++++++
The acc is 0.9156, 0.8917, 0.9215
Time Consumption for one epoch is 43.825932264328s
======================================= Epoch 13 =======================================
================= Test Set =================
The acc is 0.9156, 0.8917, 0.9215
Time Consumption for one epoch is 43.80856728553772s
======================================= Epoch 14 =======================================
================= Test Set =================
The acc is 0.9156, 0.8917, 0.9215
Time Consumption for one epoch is 43.54585838317871s
======================================= Epoch 15 =======================================
================= Test Set =================
The acc is 0.9156, 0.8917, 0.9215
Time Consumption for one epoch is 45.14725470542908s
======================================= Epoch 16 =======================================
================= Test Set =================
The acc is 0.9156, 0.8917, 0.9215
Time Consumption for one epoch is 45.20012140274048s
======================================= Epoch 17 =======================================
================= Test Set =================
The acc is 0.9156, 0.8917, 0.9215
Time Consumption for one epoch is 43.17558574676514s
======================================= Epoch 18 =======================================
================= Test Set =================
The acc is 0.9156, 0.8917, 0.9215
Time Consumption for one epoch is 43.76198220252991s
======================================= Epoch 19 =======================================
================= Test Set =================
The acc is 0.9156, 0.8917, 0.9215
Time Consumption for one epoch is 44.3061318397522s
The final acc is 0.9156, 0.8917, 0.9215
