Namespace(data_dir='/data/yihua/dataset/celeba/celeba.hdf5', result_dir='results', checkpoint=None, resume=False, domain_attrs='Male', target_attrs='Blond_Hair', exp_name=None, batch_size=512, lr=0.0001, wd=2e-05, epochs=20, seed=2020, num_workers=8, arch='resnet9', evaluate=False, gv=1e-05, gr=0.3)
======================================= Epoch 0 =======================================
================= Test Set =================
+++++++++++ Find New Best Min ACC +++++++++++
The acc is 0.7061, 0.6389, 0.7229
Time Consumption for one epoch is 26.91369318962097s
======================================= Epoch 1 =======================================
================= Test Set =================
+++++++++++ Find New Best Min ACC +++++++++++
The acc is 0.8778, 0.8528, 0.8840
Time Consumption for one epoch is 25.087807416915894s
======================================= Epoch 2 =======================================
================= Test Set =================
+++++++++++ Find New Best Min ACC +++++++++++
The acc is 0.8972, 0.8583, 0.9069
Time Consumption for one epoch is 25.392820835113525s
======================================= Epoch 3 =======================================
================= Test Set =================
+++++++++++ Find New Best Min ACC +++++++++++
The acc is 0.8978, 0.8694, 0.9049
Time Consumption for one epoch is 24.14773917198181s
======================================= Epoch 4 =======================================
================= Test Set =================
+++++++++++ Find New Best Min ACC +++++++++++
The acc is 0.9122, 0.8944, 0.9167
Time Consumption for one epoch is 25.28348445892334s
======================================= Epoch 5 =======================================
================= Test Set =================
The acc is 0.9122, 0.8944, 0.9167
Time Consumption for one epoch is 24.75724720954895s
======================================= Epoch 6 =======================================
================= Test Set =================
The acc is 0.9122, 0.8944, 0.9167
Time Consumption for one epoch is 23.684614658355713s
======================================= Epoch 7 =======================================
================= Test Set =================
The acc is 0.9122, 0.8944, 0.9167
Time Consumption for one epoch is 24.021631717681885s
======================================= Epoch 8 =======================================
================= Test Set =================
The acc is 0.9122, 0.8944, 0.9167
Time Consumption for one epoch is 25.32834243774414s
======================================= Epoch 9 =======================================
================= Test Set =================
The acc is 0.9122, 0.8944, 0.9167
Time Consumption for one epoch is 25.423507690429688s
======================================= Epoch 10 =======================================
================= Test Set =================
+++++++++++ Find New Best Min ACC +++++++++++
The acc is 0.9128, 0.8778, 0.9215
Time Consumption for one epoch is 25.269057273864746s
======================================= Epoch 11 =======================================
================= Test Set =================
The acc is 0.9128, 0.8778, 0.9215
Time Consumption for one epoch is 24.726274490356445s
======================================= Epoch 12 =======================================
================= Test Set =================
The acc is 0.9128, 0.8778, 0.9215
Time Consumption for one epoch is 23.825631856918335s
======================================= Epoch 13 =======================================
================= Test Set =================
The acc is 0.9128, 0.8778, 0.9215
Time Consumption for one epoch is 24.186267614364624s
======================================= Epoch 14 =======================================
================= Test Set =================
The acc is 0.9128, 0.8778, 0.9215
Time Consumption for one epoch is 24.9850971698761s
======================================= Epoch 15 =======================================
================= Test Set =================
The acc is 0.9128, 0.8778, 0.9215
Time Consumption for one epoch is 24.678356647491455s
======================================= Epoch 16 =======================================
================= Test Set =================
+++++++++++ Find New Best Min ACC +++++++++++
The acc is 0.9167, 0.9000, 0.9208
Time Consumption for one epoch is 26.11605191230774s
======================================= Epoch 17 =======================================
================= Test Set =================
The acc is 0.9167, 0.9000, 0.9208
Time Consumption for one epoch is 24.914735317230225s
======================================= Epoch 18 =======================================
================= Test Set =================
The acc is 0.9167, 0.9000, 0.9208
Time Consumption for one epoch is 24.570312976837158s
======================================= Epoch 19 =======================================
================= Test Set =================
The acc is 0.9167, 0.9000, 0.9208
Time Consumption for one epoch is 23.75757145881653s
The final acc is 0.9167, 0.9000, 0.9208
