Namespace(data_dir='/data/yihua/dataset/celeba/celeba.hdf5', result_dir='results', checkpoint=None, resume=False, domain_attrs='Male', target_attrs='Blond_Hair', exp_name=None, batch_size=512, lr=0.0001, wd=2e-05, epochs=20, seed=2020, num_workers=8, arch='resnet9', evaluate=False, gv=0.1, gr=0.3)
======================================= Epoch 0 =======================================
================= Test Set =================
+++++++++++ Find New Best Min ACC +++++++++++
The acc is 0.6933, 0.6500, 0.7042
Time Consumption for one epoch is 27.75504422187805s
======================================= Epoch 1 =======================================
================= Test Set =================
+++++++++++ Find New Best Min ACC +++++++++++
The acc is 0.8783, 0.8444, 0.8868
Time Consumption for one epoch is 23.415498733520508s
======================================= Epoch 2 =======================================
================= Test Set =================
+++++++++++ Find New Best Min ACC +++++++++++
The acc is 0.9006, 0.8389, 0.9160
Time Consumption for one epoch is 25.523502588272095s
======================================= Epoch 3 =======================================
================= Test Set =================
The acc is 0.9006, 0.8389, 0.9160
Time Consumption for one epoch is 24.67603850364685s
======================================= Epoch 4 =======================================
================= Test Set =================
+++++++++++ Find New Best Min ACC +++++++++++
The acc is 0.9022, 0.8778, 0.9083
Time Consumption for one epoch is 25.12573480606079s
======================================= Epoch 5 =======================================
================= Test Set =================
The acc is 0.9022, 0.8778, 0.9083
Time Consumption for one epoch is 24.42241621017456s
======================================= Epoch 6 =======================================
================= Test Set =================
+++++++++++ Find New Best Min ACC +++++++++++
The acc is 0.9150, 0.8972, 0.9194
Time Consumption for one epoch is 24.703789472579956s
======================================= Epoch 7 =======================================
================= Test Set =================
The acc is 0.9150, 0.8972, 0.9194
Time Consumption for one epoch is 23.51284694671631s
======================================= Epoch 8 =======================================
================= Test Set =================
The acc is 0.9150, 0.8972, 0.9194
Time Consumption for one epoch is 23.892051696777344s
======================================= Epoch 9 =======================================
================= Test Set =================
The acc is 0.9150, 0.8972, 0.9194
Time Consumption for one epoch is 24.832352876663208s
======================================= Epoch 10 =======================================
================= Test Set =================
The acc is 0.9150, 0.8972, 0.9194
Time Consumption for one epoch is 24.812025785446167s
======================================= Epoch 11 =======================================
================= Test Set =================
The acc is 0.9150, 0.8972, 0.9194
Time Consumption for one epoch is 24.63565230369568s
======================================= Epoch 12 =======================================
================= Test Set =================
The acc is 0.9150, 0.8972, 0.9194
Time Consumption for one epoch is 25.170515298843384s
======================================= Epoch 13 =======================================
================= Test Set =================
+++++++++++ Find New Best Min ACC +++++++++++
The acc is 0.9161, 0.8944, 0.9215
Time Consumption for one epoch is 26.08068561553955s
======================================= Epoch 14 =======================================
================= Test Set =================
The acc is 0.9161, 0.8944, 0.9215
Time Consumption for one epoch is 25.102028846740723s
======================================= Epoch 15 =======================================
================= Test Set =================
The acc is 0.9161, 0.8944, 0.9215
Time Consumption for one epoch is 24.6690731048584s
======================================= Epoch 16 =======================================
================= Test Set =================
+++++++++++ Find New Best Min ACC +++++++++++
The acc is 0.9172, 0.8944, 0.9229
Time Consumption for one epoch is 24.951542615890503s
======================================= Epoch 17 =======================================
================= Test Set =================
+++++++++++ Find New Best Min ACC +++++++++++
The acc is 0.9211, 0.9139, 0.9229
Time Consumption for one epoch is 24.24796462059021s
======================================= Epoch 18 =======================================
================= Test Set =================
The acc is 0.9211, 0.9139, 0.9229
Time Consumption for one epoch is 24.517844676971436s
======================================= Epoch 19 =======================================
================= Test Set =================
The acc is 0.9211, 0.9139, 0.9229
Time Consumption for one epoch is 25.084604501724243s
The final acc is 0.9211, 0.9139, 0.9229
