Namespace(data_dir='/data/yihua/dataset/celeba/celeba.hdf5', result_dir='crop_study', checkpoint=None, resume=False, domain_attrs='Male', target_attrs='Blond_Hair', exp_name=None, batch_size=512, lr=0.0001, wd=2e-05, epochs=20, seed=2020, num_workers=8, arch='resnet9', evaluate=False, total_num=5000, test_num=1000, gv=180.0, gr=0.1, minor_ratio=0.2, add_aug='crop')
======================================= Epoch 0 =======================================
================= Test Set =================
+++++++++++ Find New Best Min ACC +++++++++++
The acc is 0.4624, 0.4186, 0.5000
Time Consumption for one epoch is 15.699141502380371s
======================================= Epoch 1 =======================================
================= Test Set =================
+++++++++++ Find New Best Min ACC +++++++++++
The acc is 0.4806, 0.4349, 0.5200
Time Consumption for one epoch is 15.24141001701355s
======================================= Epoch 2 =======================================
================= Test Set =================
+++++++++++ Find New Best Min ACC +++++++++++
The acc is 0.6269, 0.6442, 0.6120
Time Consumption for one epoch is 14.203505039215088s
======================================= Epoch 3 =======================================
================= Test Set =================
+++++++++++ Find New Best Min ACC +++++++++++
The acc is 0.8011, 0.7767, 0.8220
Time Consumption for one epoch is 14.083364486694336s
======================================= Epoch 4 =======================================
================= Test Set =================
+++++++++++ Find New Best Min ACC +++++++++++
The acc is 0.8366, 0.8047, 0.8640
Time Consumption for one epoch is 14.293231010437012s
======================================= Epoch 5 =======================================
================= Test Set =================
The acc is 0.8366, 0.8047, 0.8640
Time Consumption for one epoch is 14.306814432144165s
======================================= Epoch 6 =======================================
================= Test Set =================
+++++++++++ Find New Best Min ACC +++++++++++
The acc is 0.8785, 0.8581, 0.8960
Time Consumption for one epoch is 14.603679895401001s
======================================= Epoch 7 =======================================
================= Test Set =================
The acc is 0.8785, 0.8581, 0.8960
Time Consumption for one epoch is 14.379986763000488s
======================================= Epoch 8 =======================================
================= Test Set =================
The acc is 0.8785, 0.8581, 0.8960
Time Consumption for one epoch is 14.742921113967896s
======================================= Epoch 9 =======================================
================= Test Set =================
+++++++++++ Find New Best Min ACC +++++++++++
The acc is 0.8849, 0.8651, 0.9020
Time Consumption for one epoch is 14.351062536239624s
======================================= Epoch 10 =======================================
================= Test Set =================
+++++++++++ Find New Best Min ACC +++++++++++
The acc is 0.8882, 0.8628, 0.9100
Time Consumption for one epoch is 14.560951948165894s
======================================= Epoch 11 =======================================
================= Test Set =================
+++++++++++ Find New Best Min ACC +++++++++++
The acc is 0.8946, 0.8744, 0.9120
Time Consumption for one epoch is 13.814807176589966s
======================================= Epoch 12 =======================================
================= Test Set =================
The acc is 0.8946, 0.8744, 0.9120
Time Consumption for one epoch is 14.651925563812256s
======================================= Epoch 13 =======================================
================= Test Set =================
The acc is 0.8946, 0.8744, 0.9120
Time Consumption for one epoch is 13.724860668182373s
======================================= Epoch 14 =======================================
================= Test Set =================
The acc is 0.8946, 0.8744, 0.9120
Time Consumption for one epoch is 14.11029577255249s
======================================= Epoch 15 =======================================
================= Test Set =================
The acc is 0.8946, 0.8744, 0.9120
Time Consumption for one epoch is 14.224409341812134s
======================================= Epoch 16 =======================================
================= Test Set =================
The acc is 0.8946, 0.8744, 0.9120
Time Consumption for one epoch is 14.201626062393188s
======================================= Epoch 17 =======================================
================= Test Set =================
+++++++++++ Find New Best Min ACC +++++++++++
The acc is 0.8968, 0.8884, 0.9040
Time Consumption for one epoch is 14.538458108901978s
======================================= Epoch 18 =======================================
================= Test Set =================
+++++++++++ Find New Best Min ACC +++++++++++
The acc is 0.8978, 0.8907, 0.9040
Time Consumption for one epoch is 14.806063890457153s
======================================= Epoch 19 =======================================
================= Test Set =================
The acc is 0.8978, 0.8907, 0.9040
Time Consumption for one epoch is 14.819871187210083s
The final acc is 0.8978, 0.8907, 0.9040
