Namespace(data_dir='/data/yihua/dataset/celeba/celeba.hdf5', result_dir='crop_study', checkpoint=None, resume=False, domain_attrs='Male', target_attrs='Blond_Hair', exp_name=None, batch_size=512, lr=0.0001, wd=2e-05, epochs=20, seed=2020, num_workers=8, arch='resnet18', evaluate=False, total_num=5000, test_num=1000, gv=120.0, gr=0.3, minor_ratio=0.2, add_aug='crop')
======================================= Epoch 0 =======================================
================= Test Set =================
+++++++++++ Find New Best Min ACC +++++++++++
The acc is 0.4624, 0.4163, 0.5020
Time Consumption for one epoch is 21.52037215232849s
======================================= Epoch 1 =======================================
================= Test Set =================
+++++++++++ Find New Best Min ACC +++++++++++
The acc is 0.5344, 0.5791, 0.4960
Time Consumption for one epoch is 20.694099187850952s
======================================= Epoch 2 =======================================
================= Test Set =================
+++++++++++ Find New Best Min ACC +++++++++++
The acc is 0.5495, 0.6000, 0.5060
Time Consumption for one epoch is 20.914663791656494s
======================================= Epoch 3 =======================================
================= Test Set =================
+++++++++++ Find New Best Min ACC +++++++++++
The acc is 0.7129, 0.6953, 0.7280
Time Consumption for one epoch is 21.595213174819946s
======================================= Epoch 4 =======================================
================= Test Set =================
+++++++++++ Find New Best Min ACC +++++++++++
The acc is 0.7570, 0.7163, 0.7920
Time Consumption for one epoch is 19.816199779510498s
======================================= Epoch 5 =======================================
================= Test Set =================
+++++++++++ Find New Best Min ACC +++++++++++
The acc is 0.8462, 0.8140, 0.8740
Time Consumption for one epoch is 21.01941156387329s
======================================= Epoch 6 =======================================
================= Test Set =================
+++++++++++ Find New Best Min ACC +++++++++++
The acc is 0.8828, 0.8651, 0.8980
Time Consumption for one epoch is 20.229231595993042s
======================================= Epoch 7 =======================================
================= Test Set =================
+++++++++++ Find New Best Min ACC +++++++++++
The acc is 0.8914, 0.8698, 0.9100
Time Consumption for one epoch is 22.532642364501953s
======================================= Epoch 8 =======================================
================= Test Set =================
The acc is 0.8914, 0.8698, 0.9100
Time Consumption for one epoch is 19.492044925689697s
======================================= Epoch 9 =======================================
================= Test Set =================
The acc is 0.8914, 0.8698, 0.9100
Time Consumption for one epoch is 21.48971128463745s
======================================= Epoch 10 =======================================
================= Test Set =================
The acc is 0.8914, 0.8698, 0.9100
Time Consumption for one epoch is 20.911219596862793s
======================================= Epoch 11 =======================================
================= Test Set =================
The acc is 0.8914, 0.8698, 0.9100
Time Consumption for one epoch is 21.749940395355225s
======================================= Epoch 12 =======================================
================= Test Set =================
The acc is 0.8914, 0.8698, 0.9100
Time Consumption for one epoch is 20.729140758514404s
======================================= Epoch 13 =======================================
================= Test Set =================
The acc is 0.8914, 0.8698, 0.9100
Time Consumption for one epoch is 19.244742155075073s
======================================= Epoch 14 =======================================
================= Test Set =================
The acc is 0.8914, 0.8698, 0.9100
Time Consumption for one epoch is 19.445860385894775s
======================================= Epoch 15 =======================================
================= Test Set =================
The acc is 0.8914, 0.8698, 0.9100
Time Consumption for one epoch is 19.93968653678894s
======================================= Epoch 16 =======================================
================= Test Set =================
The acc is 0.8914, 0.8698, 0.9100
Time Consumption for one epoch is 20.61179494857788s
======================================= Epoch 17 =======================================
================= Test Set =================
The acc is 0.8914, 0.8698, 0.9100
Time Consumption for one epoch is 19.13836669921875s
======================================= Epoch 18 =======================================
================= Test Set =================
+++++++++++ Find New Best Min ACC +++++++++++
The acc is 0.8925, 0.8698, 0.9120
Time Consumption for one epoch is 20.349985599517822s
======================================= Epoch 19 =======================================
================= Test Set =================
The acc is 0.8925, 0.8698, 0.9120
Time Consumption for one epoch is 20.990528106689453s
The final acc is 0.8925, 0.8698, 0.9120
