Namespace(data_dir='/data/yihua/dataset/celeba/celeba.hdf5', result_dir='results', checkpoint=None, resume=False, domain_attrs='Male', target_attrs='Blond_Hair', exp_name=None, batch_size=512, lr=0.0001, wd=2e-05, epochs=20, seed=2021, num_workers=8, arch='resnet18', evaluate=False, gv=0.001, gr=0.3)
======================================= Epoch 0 =======================================
================= Test Set =================
+++++++++++ Find New Best Min ACC +++++++++++
The acc is 0.5083, 0.5083, 0.5083
Time Consumption for one epoch is 46.721887826919556s
======================================= Epoch 1 =======================================
================= Test Set =================
+++++++++++ Find New Best Min ACC +++++++++++
The acc is 0.8400, 0.7806, 0.8549
Time Consumption for one epoch is 42.11185669898987s
======================================= Epoch 2 =======================================
================= Test Set =================
+++++++++++ Find New Best Min ACC +++++++++++
The acc is 0.9000, 0.8500, 0.9125
Time Consumption for one epoch is 42.92454671859741s
======================================= Epoch 3 =======================================
================= Test Set =================
The acc is 0.9000, 0.8500, 0.9125
Time Consumption for one epoch is 41.75514531135559s
======================================= Epoch 4 =======================================
================= Test Set =================
The acc is 0.9000, 0.8500, 0.9125
Time Consumption for one epoch is 42.37314486503601s
======================================= Epoch 5 =======================================
================= Test Set =================
The acc is 0.9000, 0.8500, 0.9125
Time Consumption for one epoch is 42.44328570365906s
======================================= Epoch 6 =======================================
================= Test Set =================
The acc is 0.9000, 0.8500, 0.9125
Time Consumption for one epoch is 43.85892200469971s
======================================= Epoch 7 =======================================
================= Test Set =================
+++++++++++ Find New Best Min ACC +++++++++++
The acc is 0.9050, 0.8917, 0.9083
Time Consumption for one epoch is 44.74897861480713s
======================================= Epoch 8 =======================================
================= Test Set =================
The acc is 0.9050, 0.8917, 0.9083
Time Consumption for one epoch is 40.98777222633362s
======================================= Epoch 9 =======================================
================= Test Set =================
The acc is 0.9050, 0.8917, 0.9083
Time Consumption for one epoch is 42.38178825378418s
======================================= Epoch 10 =======================================
================= Test Set =================
The acc is 0.9050, 0.8917, 0.9083
Time Consumption for one epoch is 43.19356393814087s
======================================= Epoch 11 =======================================
================= Test Set =================
The acc is 0.9050, 0.8917, 0.9083
Time Consumption for one epoch is 42.90972280502319s
======================================= Epoch 12 =======================================
================= Test Set =================
+++++++++++ Find New Best Min ACC +++++++++++
The acc is 0.9056, 0.8972, 0.9076
Time Consumption for one epoch is 44.11167240142822s
======================================= Epoch 13 =======================================
================= Test Set =================
The acc is 0.9056, 0.8972, 0.9076
Time Consumption for one epoch is 41.63569188117981s
======================================= Epoch 14 =======================================
================= Test Set =================
The acc is 0.9056, 0.8972, 0.9076
Time Consumption for one epoch is 41.33807969093323s
======================================= Epoch 15 =======================================
================= Test Set =================
The acc is 0.9056, 0.8972, 0.9076
Time Consumption for one epoch is 42.83953094482422s
======================================= Epoch 16 =======================================
================= Test Set =================
+++++++++++ Find New Best Min ACC +++++++++++
The acc is 0.9161, 0.8889, 0.9229
Time Consumption for one epoch is 44.45498180389404s
======================================= Epoch 17 =======================================
================= Test Set =================
+++++++++++ Find New Best Min ACC +++++++++++
The acc is 0.9167, 0.9000, 0.9208
Time Consumption for one epoch is 44.13828110694885s
======================================= Epoch 18 =======================================
================= Test Set =================
+++++++++++ Find New Best Min ACC +++++++++++
The acc is 0.9172, 0.8972, 0.9222
Time Consumption for one epoch is 43.86953091621399s
======================================= Epoch 19 =======================================
================= Test Set =================
The acc is 0.9172, 0.8972, 0.9222
Time Consumption for one epoch is 42.10690951347351s
The final acc is 0.9172, 0.8972, 0.9222
