Namespace(data_dir='/data/yihua/dataset/celeba/celeba.hdf5', result_dir='results', checkpoint=None, resume=False, domain_attrs='Male', target_attrs='Heavy_Makeup', exp_name=None, batch_size=512, lr=0.0001, wd=2e-05, epochs=20, seed=2020, num_workers=8, arch='resnet9', evaluate=False, gv=0.001, gr=0.5)
======================================= Epoch 0 =======================================
================= Test Set =================
+++++++++++ Find New Best Min ACC +++++++++++
The acc is 0.5000, 0.5000, 0.5000
Time Consumption for one epoch is 9.08638072013855s
======================================= Epoch 1 =======================================
================= Test Set =================
The acc is 0.5000, 0.5000, 0.5000
Time Consumption for one epoch is 9.01839017868042s
======================================= Epoch 2 =======================================
================= Test Set =================
+++++++++++ Find New Best Min ACC +++++++++++
The acc is 0.5045, 0.5227, 0.5000
Time Consumption for one epoch is 9.902634382247925s
======================================= Epoch 3 =======================================
================= Test Set =================
The acc is 0.5045, 0.5227, 0.5000
Time Consumption for one epoch is 7.889955759048462s
======================================= Epoch 4 =======================================
================= Test Set =================
The acc is 0.5045, 0.5227, 0.5000
Time Consumption for one epoch is 10.081725597381592s
======================================= Epoch 5 =======================================
================= Test Set =================
The acc is 0.5045, 0.5227, 0.5000
Time Consumption for one epoch is 8.88346552848816s
======================================= Epoch 6 =======================================
================= Test Set =================
The acc is 0.5045, 0.5227, 0.5000
Time Consumption for one epoch is 8.574427843093872s
======================================= Epoch 7 =======================================
================= Test Set =================
+++++++++++ Find New Best Min ACC +++++++++++
The acc is 0.5273, 0.5682, 0.5170
Time Consumption for one epoch is 10.701115608215332s
======================================= Epoch 8 =======================================
================= Test Set =================
+++++++++++ Find New Best Min ACC +++++++++++
The acc is 0.5409, 0.5455, 0.5398
Time Consumption for one epoch is 9.120170831680298s
======================================= Epoch 9 =======================================
================= Test Set =================
+++++++++++ Find New Best Min ACC +++++++++++
The acc is 0.6091, 0.5682, 0.6193
Time Consumption for one epoch is 8.528746366500854s
======================================= Epoch 10 =======================================
================= Test Set =================
The acc is 0.6091, 0.5682, 0.6193
Time Consumption for one epoch is 9.35726547241211s
======================================= Epoch 11 =======================================
================= Test Set =================
+++++++++++ Find New Best Min ACC +++++++++++
The acc is 0.6909, 0.6818, 0.6932
Time Consumption for one epoch is 9.59400749206543s
======================================= Epoch 12 =======================================
================= Test Set =================
The acc is 0.6909, 0.6818, 0.6932
Time Consumption for one epoch is 9.51620602607727s
======================================= Epoch 13 =======================================
================= Test Set =================
The acc is 0.6909, 0.6818, 0.6932
Time Consumption for one epoch is 9.276208400726318s
======================================= Epoch 14 =======================================
================= Test Set =================
The acc is 0.6909, 0.6818, 0.6932
Time Consumption for one epoch is 8.846903562545776s
======================================= Epoch 15 =======================================
================= Test Set =================
The acc is 0.6909, 0.6818, 0.6932
Time Consumption for one epoch is 9.455067873001099s
======================================= Epoch 16 =======================================
================= Test Set =================
+++++++++++ Find New Best Min ACC +++++++++++
The acc is 0.7091, 0.6591, 0.7216
Time Consumption for one epoch is 8.155655860900879s
======================================= Epoch 17 =======================================
================= Test Set =================
+++++++++++ Find New Best Min ACC +++++++++++
The acc is 0.7227, 0.6364, 0.7443
Time Consumption for one epoch is 8.094167470932007s
======================================= Epoch 18 =======================================
================= Test Set =================
The acc is 0.7227, 0.6364, 0.7443
Time Consumption for one epoch is 10.226568460464478s
======================================= Epoch 19 =======================================
================= Test Set =================
The acc is 0.7227, 0.6364, 0.7443
Time Consumption for one epoch is 8.449692964553833s
The final acc is 0.7227, 0.6364, 0.7443
