Namespace(data_dir='/data/yihua/dataset/celeba/celeba.hdf5', result_dir='results', checkpoint=None, resume=False, domain_attrs='Male', target_attrs='Heavy_Makeup', exp_name=None, batch_size=512, lr=0.0001, wd=2e-05, epochs=20, seed=2023, num_workers=8, arch='resnet9', evaluate=False, gv=0.001, gr=0.5)
======================================= Epoch 0 =======================================
================= Test Set =================
+++++++++++ Find New Best Min ACC +++++++++++
The acc is 0.5000, 0.5000, 0.5000
Time Consumption for one epoch is 9.555819272994995s
======================================= Epoch 1 =======================================
================= Test Set =================
+++++++++++ Find New Best Min ACC +++++++++++
The acc is 0.5045, 0.5227, 0.5000
Time Consumption for one epoch is 10.524966955184937s
======================================= Epoch 2 =======================================
================= Test Set =================
The acc is 0.5045, 0.5227, 0.5000
Time Consumption for one epoch is 8.002357721328735s
======================================= Epoch 3 =======================================
================= Test Set =================
The acc is 0.5045, 0.5227, 0.5000
Time Consumption for one epoch is 9.348544359207153s
======================================= Epoch 4 =======================================
================= Test Set =================
The acc is 0.5045, 0.5227, 0.5000
Time Consumption for one epoch is 8.723212957382202s
======================================= Epoch 5 =======================================
================= Test Set =================
The acc is 0.5045, 0.5227, 0.5000
Time Consumption for one epoch is 8.708127975463867s
======================================= Epoch 6 =======================================
================= Test Set =================
+++++++++++ Find New Best Min ACC +++++++++++
The acc is 0.5182, 0.5227, 0.5170
Time Consumption for one epoch is 8.246442317962646s
======================================= Epoch 7 =======================================
================= Test Set =================
+++++++++++ Find New Best Min ACC +++++++++++
The acc is 0.5409, 0.5227, 0.5455
Time Consumption for one epoch is 8.882937908172607s
======================================= Epoch 8 =======================================
================= Test Set =================
+++++++++++ Find New Best Min ACC +++++++++++
The acc is 0.6364, 0.5682, 0.6534
Time Consumption for one epoch is 9.565854787826538s
======================================= Epoch 9 =======================================
================= Test Set =================
+++++++++++ Find New Best Min ACC +++++++++++
The acc is 0.6409, 0.5682, 0.6591
Time Consumption for one epoch is 8.158189535140991s
======================================= Epoch 10 =======================================
================= Test Set =================
+++++++++++ Find New Best Min ACC +++++++++++
The acc is 0.6591, 0.5909, 0.6761
Time Consumption for one epoch is 7.798461437225342s
======================================= Epoch 11 =======================================
================= Test Set =================
+++++++++++ Find New Best Min ACC +++++++++++
The acc is 0.6636, 0.5682, 0.6875
Time Consumption for one epoch is 7.9627838134765625s
======================================= Epoch 12 =======================================
================= Test Set =================
+++++++++++ Find New Best Min ACC +++++++++++
The acc is 0.6955, 0.5227, 0.7386
Time Consumption for one epoch is 8.674561262130737s
======================================= Epoch 13 =======================================
================= Test Set =================
The acc is 0.6955, 0.5227, 0.7386
Time Consumption for one epoch is 9.076659440994263s
======================================= Epoch 14 =======================================
================= Test Set =================
The acc is 0.6955, 0.5227, 0.7386
Time Consumption for one epoch is 8.324280738830566s
======================================= Epoch 15 =======================================
================= Test Set =================
The acc is 0.6955, 0.5227, 0.7386
Time Consumption for one epoch is 8.121856927871704s
======================================= Epoch 16 =======================================
================= Test Set =================
The acc is 0.6955, 0.5227, 0.7386
Time Consumption for one epoch is 8.202022790908813s
======================================= Epoch 17 =======================================
================= Test Set =================
The acc is 0.6955, 0.5227, 0.7386
Time Consumption for one epoch is 7.607038736343384s
======================================= Epoch 18 =======================================
================= Test Set =================
The acc is 0.6955, 0.5227, 0.7386
Time Consumption for one epoch is 8.298774242401123s
======================================= Epoch 19 =======================================
================= Test Set =================
The acc is 0.6955, 0.5227, 0.7386
Time Consumption for one epoch is 8.136946678161621s
The final acc is 0.6955, 0.5227, 0.7386
