Namespace(data_dir='/data/yihua/dataset/celeba/celeba.hdf5', result_dir='crop_study', checkpoint=None, resume=False, domain_attrs='Male', target_attrs='Blond_Hair', exp_name=None, batch_size=512, lr=0.0001, wd=2e-05, epochs=20, seed=2020, num_workers=8, arch='resnet9', evaluate=False, total_num=5000, test_num=1000, gv=100.0, gr=0.5, minor_ratio=0.2, add_aug='crop')
======================================= Epoch 0 =======================================
================= Test Set =================
+++++++++++ Find New Best Min ACC +++++++++++
The acc is 0.4624, 0.4186, 0.5000
Time Consumption for one epoch is 16.768914937973022s
======================================= Epoch 1 =======================================
================= Test Set =================
+++++++++++ Find New Best Min ACC +++++++++++
The acc is 0.4634, 0.4209, 0.5000
Time Consumption for one epoch is 14.285681962966919s
======================================= Epoch 2 =======================================
================= Test Set =================
+++++++++++ Find New Best Min ACC +++++++++++
The acc is 0.7097, 0.6465, 0.7640
Time Consumption for one epoch is 14.683846712112427s
======================================= Epoch 3 =======================================
================= Test Set =================
+++++++++++ Find New Best Min ACC +++++++++++
The acc is 0.8290, 0.8070, 0.8480
Time Consumption for one epoch is 14.958879947662354s
======================================= Epoch 4 =======================================
================= Test Set =================
+++++++++++ Find New Best Min ACC +++++++++++
The acc is 0.8419, 0.8093, 0.8700
Time Consumption for one epoch is 15.059869050979614s
======================================= Epoch 5 =======================================
================= Test Set =================
The acc is 0.8419, 0.8093, 0.8700
Time Consumption for one epoch is 14.240113735198975s
======================================= Epoch 6 =======================================
================= Test Set =================
+++++++++++ Find New Best Min ACC +++++++++++
The acc is 0.8613, 0.8349, 0.8840
Time Consumption for one epoch is 14.752326965332031s
======================================= Epoch 7 =======================================
================= Test Set =================
+++++++++++ Find New Best Min ACC +++++++++++
The acc is 0.8806, 0.8651, 0.8940
Time Consumption for one epoch is 14.86179232597351s
======================================= Epoch 8 =======================================
================= Test Set =================
+++++++++++ Find New Best Min ACC +++++++++++
The acc is 0.8892, 0.8721, 0.9040
Time Consumption for one epoch is 14.762279510498047s
======================================= Epoch 9 =======================================
================= Test Set =================
The acc is 0.8892, 0.8721, 0.9040
Time Consumption for one epoch is 14.423235654830933s
======================================= Epoch 10 =======================================
================= Test Set =================
The acc is 0.8892, 0.8721, 0.9040
Time Consumption for one epoch is 14.617004871368408s
======================================= Epoch 11 =======================================
================= Test Set =================
+++++++++++ Find New Best Min ACC +++++++++++
The acc is 0.8946, 0.8767, 0.9100
Time Consumption for one epoch is 14.276469707489014s
======================================= Epoch 12 =======================================
================= Test Set =================
The acc is 0.8946, 0.8767, 0.9100
Time Consumption for one epoch is 14.482500791549683s
======================================= Epoch 13 =======================================
================= Test Set =================
The acc is 0.8946, 0.8767, 0.9100
Time Consumption for one epoch is 14.813208103179932s
======================================= Epoch 14 =======================================
================= Test Set =================
The acc is 0.8946, 0.8767, 0.9100
Time Consumption for one epoch is 14.428410530090332s
======================================= Epoch 15 =======================================
================= Test Set =================
The acc is 0.8946, 0.8767, 0.9100
Time Consumption for one epoch is 14.702922821044922s
======================================= Epoch 16 =======================================
================= Test Set =================
+++++++++++ Find New Best Min ACC +++++++++++
The acc is 0.9011, 0.8930, 0.9080
Time Consumption for one epoch is 14.667239904403687s
======================================= Epoch 17 =======================================
================= Test Set =================
The acc is 0.9011, 0.8930, 0.9080
Time Consumption for one epoch is 15.021969318389893s
======================================= Epoch 18 =======================================
================= Test Set =================
The acc is 0.9011, 0.8930, 0.9080
Time Consumption for one epoch is 15.2322678565979s
======================================= Epoch 19 =======================================
================= Test Set =================
The acc is 0.9011, 0.8930, 0.9080
Time Consumption for one epoch is 14.462927103042603s
The final acc is 0.9011, 0.8930, 0.9080
