Namespace(data_dir='/data/yihua/dataset/celeba/celeba.hdf5', result_dir='results', checkpoint=None, resume=False, domain_attrs='Male', target_attrs='Blond_Hair', exp_name=None, batch_size=512, lr=0.0001, wd=2e-05, epochs=20, seed=42, num_workers=8, arch='resnet9', evaluate=False, gv=0.05, gr=0.5)
======================================= Epoch 0 =======================================
================= Test Set =================
+++++++++++ Find New Best Min ACC +++++++++++
The acc is 0.7911, 0.7583, 0.7993
Time Consumption for one epoch is 28.84083867073059s
======================================= Epoch 1 =======================================
================= Test Set =================
+++++++++++ Find New Best Min ACC +++++++++++
The acc is 0.8772, 0.8361, 0.8875
Time Consumption for one epoch is 27.071123123168945s
======================================= Epoch 2 =======================================
================= Test Set =================
+++++++++++ Find New Best Min ACC +++++++++++
The acc is 0.8878, 0.8472, 0.8979
Time Consumption for one epoch is 26.09985041618347s
======================================= Epoch 3 =======================================
================= Test Set =================
+++++++++++ Find New Best Min ACC +++++++++++
The acc is 0.9061, 0.8778, 0.9132
Time Consumption for one epoch is 26.65959596633911s
======================================= Epoch 4 =======================================
================= Test Set =================
The acc is 0.9061, 0.8778, 0.9132
Time Consumption for one epoch is 25.99819850921631s
======================================= Epoch 5 =======================================
================= Test Set =================
The acc is 0.9061, 0.8778, 0.9132
Time Consumption for one epoch is 26.743956089019775s
======================================= Epoch 6 =======================================
================= Test Set =================
The acc is 0.9061, 0.8778, 0.9132
Time Consumption for one epoch is 27.173601388931274s
======================================= Epoch 7 =======================================
================= Test Set =================
The acc is 0.9061, 0.8778, 0.9132
Time Consumption for one epoch is 26.064868450164795s
======================================= Epoch 8 =======================================
================= Test Set =================
The acc is 0.9061, 0.8778, 0.9132
Time Consumption for one epoch is 26.523536443710327s
======================================= Epoch 9 =======================================
================= Test Set =================
+++++++++++ Find New Best Min ACC +++++++++++
The acc is 0.9122, 0.9028, 0.9146
Time Consumption for one epoch is 26.40080428123474s
======================================= Epoch 10 =======================================
================= Test Set =================
The acc is 0.9122, 0.9028, 0.9146
Time Consumption for one epoch is 24.774379014968872s
======================================= Epoch 11 =======================================
================= Test Set =================
The acc is 0.9122, 0.9028, 0.9146
Time Consumption for one epoch is 26.23633885383606s
======================================= Epoch 12 =======================================
================= Test Set =================
The acc is 0.9122, 0.9028, 0.9146
Time Consumption for one epoch is 25.559559106826782s
======================================= Epoch 13 =======================================
================= Test Set =================
The acc is 0.9122, 0.9028, 0.9146
Time Consumption for one epoch is 25.928074598312378s
======================================= Epoch 14 =======================================
================= Test Set =================
+++++++++++ Find New Best Min ACC +++++++++++
The acc is 0.9183, 0.9111, 0.9201
Time Consumption for one epoch is 26.984944105148315s
======================================= Epoch 15 =======================================
================= Test Set =================
The acc is 0.9183, 0.9111, 0.9201
Time Consumption for one epoch is 24.64328670501709s
======================================= Epoch 16 =======================================
================= Test Set =================
The acc is 0.9183, 0.9111, 0.9201
Time Consumption for one epoch is 27.50205683708191s
======================================= Epoch 17 =======================================
================= Test Set =================
+++++++++++ Find New Best Min ACC +++++++++++
The acc is 0.9189, 0.8944, 0.9250
Time Consumption for one epoch is 24.743723392486572s
======================================= Epoch 18 =======================================
================= Test Set =================
The acc is 0.9189, 0.8944, 0.9250
Time Consumption for one epoch is 25.5377836227417s
======================================= Epoch 19 =======================================
================= Test Set =================
The acc is 0.9189, 0.8944, 0.9250
Time Consumption for one epoch is 26.952998399734497s
The final acc is 0.9189, 0.8944, 0.9250
