Namespace(data_dir='/data/yihua/dataset/celeba/celeba.hdf5', result_dir='results', checkpoint=None, resume=False, domain_attrs='Male', target_attrs='Heavy_Makeup', exp_name=None, batch_size=512, lr=0.0001, wd=2e-05, epochs=20, seed=2021, num_workers=8, arch='resnet9', evaluate=False, gv=10.0, gr=0.1)
======================================= Epoch 0 =======================================
================= Test Set =================
+++++++++++ Find New Best Min ACC +++++++++++
The acc is 0.5000, 0.5000, 0.5000
Time Consumption for one epoch is 9.331583261489868s
======================================= Epoch 1 =======================================
================= Test Set =================
The acc is 0.5000, 0.5000, 0.5000
Time Consumption for one epoch is 8.08103632926941s
======================================= Epoch 2 =======================================
================= Test Set =================
+++++++++++ Find New Best Min ACC +++++++++++
The acc is 0.5864, 0.5455, 0.5966
Time Consumption for one epoch is 8.791207790374756s
======================================= Epoch 3 =======================================
================= Test Set =================
+++++++++++ Find New Best Min ACC +++++++++++
The acc is 0.6045, 0.5227, 0.6250
Time Consumption for one epoch is 8.44506287574768s
======================================= Epoch 4 =======================================
================= Test Set =================
The acc is 0.6045, 0.5227, 0.6250
Time Consumption for one epoch is 8.479926109313965s
======================================= Epoch 5 =======================================
================= Test Set =================
The acc is 0.6045, 0.5227, 0.6250
Time Consumption for one epoch is 8.840744495391846s
======================================= Epoch 6 =======================================
================= Test Set =================
+++++++++++ Find New Best Min ACC +++++++++++
The acc is 0.6136, 0.5000, 0.6420
Time Consumption for one epoch is 8.790276288986206s
======================================= Epoch 7 =======================================
================= Test Set =================
The acc is 0.6136, 0.5000, 0.6420
Time Consumption for one epoch is 9.282232522964478s
======================================= Epoch 8 =======================================
================= Test Set =================
The acc is 0.6136, 0.5000, 0.6420
Time Consumption for one epoch is 7.982342004776001s
======================================= Epoch 9 =======================================
================= Test Set =================
The acc is 0.6136, 0.5000, 0.6420
Time Consumption for one epoch is 8.193296670913696s
======================================= Epoch 10 =======================================
================= Test Set =================
The acc is 0.6136, 0.5000, 0.6420
Time Consumption for one epoch is 8.375107288360596s
======================================= Epoch 11 =======================================
================= Test Set =================
The acc is 0.6136, 0.5000, 0.6420
Time Consumption for one epoch is 9.716881275177002s
======================================= Epoch 12 =======================================
================= Test Set =================
+++++++++++ Find New Best Min ACC +++++++++++
The acc is 0.6364, 0.5682, 0.6534
Time Consumption for one epoch is 7.758692264556885s
======================================= Epoch 13 =======================================
================= Test Set =================
+++++++++++ Find New Best Min ACC +++++++++++
The acc is 0.6455, 0.5909, 0.6591
Time Consumption for one epoch is 8.712084770202637s
======================================= Epoch 14 =======================================
================= Test Set =================
The acc is 0.6455, 0.5909, 0.6591
Time Consumption for one epoch is 8.251740455627441s
======================================= Epoch 15 =======================================
================= Test Set =================
The acc is 0.6455, 0.5909, 0.6591
Time Consumption for one epoch is 7.367847442626953s
======================================= Epoch 16 =======================================
================= Test Set =================
The acc is 0.6455, 0.5909, 0.6591
Time Consumption for one epoch is 7.817869663238525s
======================================= Epoch 17 =======================================
================= Test Set =================
The acc is 0.6455, 0.5909, 0.6591
Time Consumption for one epoch is 9.567732572555542s
======================================= Epoch 18 =======================================
================= Test Set =================
The acc is 0.6455, 0.5909, 0.6591
Time Consumption for one epoch is 7.7774879932403564s
======================================= Epoch 19 =======================================
================= Test Set =================
The acc is 0.6455, 0.5909, 0.6591
Time Consumption for one epoch is 7.458458185195923s
The final acc is 0.6455, 0.5909, 0.6591
