Namespace(data_dir='/data/yihua/dataset/celeba/celeba.hdf5', result_dir='results', checkpoint=None, resume=False, domain_attrs='Male', target_attrs='Heavy_Makeup', exp_name=None, batch_size=512, lr=0.0001, wd=2e-05, epochs=20, seed=2024, num_workers=8, arch='resnet9', evaluate=False, gv=1e-06, gr=0.5)
======================================= Epoch 0 =======================================
================= Test Set =================
+++++++++++ Find New Best Min ACC +++++++++++
The acc is 0.5000, 0.5000, 0.5000
Time Consumption for one epoch is 9.358012199401855s
======================================= Epoch 1 =======================================
================= Test Set =================
The acc is 0.5000, 0.5000, 0.5000
Time Consumption for one epoch is 9.876055479049683s
======================================= Epoch 2 =======================================
================= Test Set =================
The acc is 0.5000, 0.5000, 0.5000
Time Consumption for one epoch is 7.791306495666504s
======================================= Epoch 3 =======================================
================= Test Set =================
+++++++++++ Find New Best Min ACC +++++++++++
The acc is 0.5045, 0.5227, 0.5000
Time Consumption for one epoch is 8.86500859260559s
======================================= Epoch 4 =======================================
================= Test Set =================
The acc is 0.5045, 0.5227, 0.5000
Time Consumption for one epoch is 9.191059350967407s
======================================= Epoch 5 =======================================
================= Test Set =================
The acc is 0.5045, 0.5227, 0.5000
Time Consumption for one epoch is 8.950507164001465s
======================================= Epoch 6 =======================================
================= Test Set =================
The acc is 0.5045, 0.5227, 0.5000
Time Consumption for one epoch is 8.902666568756104s
======================================= Epoch 7 =======================================
================= Test Set =================
The acc is 0.5045, 0.5227, 0.5000
Time Consumption for one epoch is 8.319008350372314s
======================================= Epoch 8 =======================================
================= Test Set =================
The acc is 0.5045, 0.5227, 0.5000
Time Consumption for one epoch is 8.032081365585327s
======================================= Epoch 9 =======================================
================= Test Set =================
+++++++++++ Find New Best Min ACC +++++++++++
The acc is 0.5818, 0.5227, 0.5966
Time Consumption for one epoch is 7.781437873840332s
======================================= Epoch 10 =======================================
================= Test Set =================
+++++++++++ Find New Best Min ACC +++++++++++
The acc is 0.6182, 0.4545, 0.6591
Time Consumption for one epoch is 10.41660189628601s
======================================= Epoch 11 =======================================
================= Test Set =================
+++++++++++ Find New Best Min ACC +++++++++++
The acc is 0.6727, 0.5455, 0.7045
Time Consumption for one epoch is 8.655283689498901s
======================================= Epoch 12 =======================================
================= Test Set =================
+++++++++++ Find New Best Min ACC +++++++++++
The acc is 0.6818, 0.5227, 0.7216
Time Consumption for one epoch is 9.455013275146484s
======================================= Epoch 13 =======================================
================= Test Set =================
+++++++++++ Find New Best Min ACC +++++++++++
The acc is 0.7000, 0.5682, 0.7330
Time Consumption for one epoch is 8.36745548248291s
======================================= Epoch 14 =======================================
================= Test Set =================
The acc is 0.7000, 0.5682, 0.7330
Time Consumption for one epoch is 9.987426996231079s
======================================= Epoch 15 =======================================
================= Test Set =================
The acc is 0.7000, 0.5682, 0.7330
Time Consumption for one epoch is 8.591718196868896s
======================================= Epoch 16 =======================================
================= Test Set =================
The acc is 0.7000, 0.5682, 0.7330
Time Consumption for one epoch is 8.074910163879395s
======================================= Epoch 17 =======================================
================= Test Set =================
The acc is 0.7000, 0.5682, 0.7330
Time Consumption for one epoch is 7.706408977508545s
======================================= Epoch 18 =======================================
================= Test Set =================
+++++++++++ Find New Best Min ACC +++++++++++
The acc is 0.7091, 0.5455, 0.7500
Time Consumption for one epoch is 8.131669044494629s
======================================= Epoch 19 =======================================
================= Test Set =================
The acc is 0.7091, 0.5455, 0.7500
Time Consumption for one epoch is 8.795239686965942s
The final acc is 0.7091, 0.5455, 0.7500
