Namespace(data_dir='/data/yihua/dataset/celeba/celeba.hdf5', result_dir='results', checkpoint=None, resume=False, domain_attrs='Male', target_attrs='Blond_Hair', exp_name=None, batch_size=512, lr=0.0001, wd=2e-05, epochs=20, seed=2020, num_workers=8, arch='resnet9', evaluate=False, gv=0.0001, gr=0.1)
======================================= Epoch 0 =======================================
================= Test Set =================
+++++++++++ Find New Best Min ACC +++++++++++
The acc is 0.6733, 0.5861, 0.6951
Time Consumption for one epoch is 26.75300693511963s
======================================= Epoch 1 =======================================
================= Test Set =================
+++++++++++ Find New Best Min ACC +++++++++++
The acc is 0.8483, 0.7667, 0.8688
Time Consumption for one epoch is 24.3317973613739s
======================================= Epoch 2 =======================================
================= Test Set =================
+++++++++++ Find New Best Min ACC +++++++++++
The acc is 0.8872, 0.8750, 0.8903
Time Consumption for one epoch is 24.488723516464233s
======================================= Epoch 3 =======================================
================= Test Set =================
+++++++++++ Find New Best Min ACC +++++++++++
The acc is 0.9044, 0.8639, 0.9146
Time Consumption for one epoch is 24.275740146636963s
======================================= Epoch 4 =======================================
================= Test Set =================
The acc is 0.9044, 0.8639, 0.9146
Time Consumption for one epoch is 23.573474884033203s
======================================= Epoch 5 =======================================
================= Test Set =================
+++++++++++ Find New Best Min ACC +++++++++++
The acc is 0.9094, 0.8944, 0.9132
Time Consumption for one epoch is 23.03795838356018s
======================================= Epoch 6 =======================================
================= Test Set =================
The acc is 0.9094, 0.8944, 0.9132
Time Consumption for one epoch is 23.320157289505005s
======================================= Epoch 7 =======================================
================= Test Set =================
+++++++++++ Find New Best Min ACC +++++++++++
The acc is 0.9122, 0.8861, 0.9187
Time Consumption for one epoch is 25.145277500152588s
======================================= Epoch 8 =======================================
================= Test Set =================
The acc is 0.9122, 0.8861, 0.9187
Time Consumption for one epoch is 22.748504161834717s
======================================= Epoch 9 =======================================
================= Test Set =================
+++++++++++ Find New Best Min ACC +++++++++++
The acc is 0.9128, 0.9083, 0.9139
Time Consumption for one epoch is 22.31127643585205s
======================================= Epoch 10 =======================================
================= Test Set =================
The acc is 0.9128, 0.9083, 0.9139
Time Consumption for one epoch is 23.84081768989563s
======================================= Epoch 11 =======================================
================= Test Set =================
+++++++++++ Find New Best Min ACC +++++++++++
The acc is 0.9156, 0.9083, 0.9174
Time Consumption for one epoch is 24.46950888633728s
======================================= Epoch 12 =======================================
================= Test Set =================
The acc is 0.9156, 0.9083, 0.9174
Time Consumption for one epoch is 23.745879650115967s
======================================= Epoch 13 =======================================
================= Test Set =================
The acc is 0.9156, 0.9083, 0.9174
Time Consumption for one epoch is 23.319961547851562s
======================================= Epoch 14 =======================================
================= Test Set =================
The acc is 0.9156, 0.9083, 0.9174
Time Consumption for one epoch is 23.996578216552734s
======================================= Epoch 15 =======================================
================= Test Set =================
The acc is 0.9156, 0.9083, 0.9174
Time Consumption for one epoch is 24.112974643707275s
======================================= Epoch 16 =======================================
================= Test Set =================
+++++++++++ Find New Best Min ACC +++++++++++
The acc is 0.9206, 0.9083, 0.9236
Time Consumption for one epoch is 24.764800310134888s
======================================= Epoch 17 =======================================
================= Test Set =================
The acc is 0.9206, 0.9083, 0.9236
Time Consumption for one epoch is 24.78725266456604s
======================================= Epoch 18 =======================================
================= Test Set =================
The acc is 0.9206, 0.9083, 0.9236
Time Consumption for one epoch is 23.61179780960083s
======================================= Epoch 19 =======================================
================= Test Set =================
The acc is 0.9206, 0.9083, 0.9236
Time Consumption for one epoch is 23.7144775390625s
The final acc is 0.9206, 0.9083, 0.9236
