Namespace(data_dir='/data/yihua/dataset/celeba/celeba.hdf5', result_dir='results', checkpoint=None, resume=False, domain_attrs='Male', target_attrs='Blond_Hair', exp_name=None, batch_size=512, lr=0.0001, wd=2e-05, epochs=20, seed=2021, num_workers=8, arch='resnet9', evaluate=False, gv=0.1, gr=0.5)
======================================= Epoch 0 =======================================
================= Test Set =================
+++++++++++ Find New Best Min ACC +++++++++++
The acc is 0.7711, 0.7306, 0.7812
Time Consumption for one epoch is 28.809489250183105s
======================================= Epoch 1 =======================================
================= Test Set =================
+++++++++++ Find New Best Min ACC +++++++++++
The acc is 0.8839, 0.8611, 0.8896
Time Consumption for one epoch is 24.708554983139038s
======================================= Epoch 2 =======================================
================= Test Set =================
The acc is 0.8839, 0.8611, 0.8896
Time Consumption for one epoch is 25.563684463500977s
======================================= Epoch 3 =======================================
================= Test Set =================
+++++++++++ Find New Best Min ACC +++++++++++
The acc is 0.8956, 0.8444, 0.9083
Time Consumption for one epoch is 25.89058542251587s
======================================= Epoch 4 =======================================
================= Test Set =================
+++++++++++ Find New Best Min ACC +++++++++++
The acc is 0.9044, 0.8972, 0.9062
Time Consumption for one epoch is 25.03588318824768s
======================================= Epoch 5 =======================================
================= Test Set =================
The acc is 0.9044, 0.8972, 0.9062
Time Consumption for one epoch is 25.992039918899536s
======================================= Epoch 6 =======================================
================= Test Set =================
The acc is 0.9044, 0.8972, 0.9062
Time Consumption for one epoch is 25.773813724517822s
======================================= Epoch 7 =======================================
================= Test Set =================
+++++++++++ Find New Best Min ACC +++++++++++
The acc is 0.9061, 0.8944, 0.9090
Time Consumption for one epoch is 26.259769439697266s
======================================= Epoch 8 =======================================
================= Test Set =================
+++++++++++ Find New Best Min ACC +++++++++++
The acc is 0.9178, 0.9083, 0.9201
Time Consumption for one epoch is 24.868287324905396s
======================================= Epoch 9 =======================================
================= Test Set =================
The acc is 0.9178, 0.9083, 0.9201
Time Consumption for one epoch is 25.806648015975952s
======================================= Epoch 10 =======================================
================= Test Set =================
The acc is 0.9178, 0.9083, 0.9201
Time Consumption for one epoch is 25.139175176620483s
======================================= Epoch 11 =======================================
================= Test Set =================
The acc is 0.9178, 0.9083, 0.9201
Time Consumption for one epoch is 25.11952829360962s
======================================= Epoch 12 =======================================
================= Test Set =================
The acc is 0.9178, 0.9083, 0.9201
Time Consumption for one epoch is 26.267923593521118s
======================================= Epoch 13 =======================================
================= Test Set =================
The acc is 0.9178, 0.9083, 0.9201
Time Consumption for one epoch is 26.393867254257202s
======================================= Epoch 14 =======================================
================= Test Set =================
The acc is 0.9178, 0.9083, 0.9201
Time Consumption for one epoch is 24.409343719482422s
======================================= Epoch 15 =======================================
================= Test Set =================
+++++++++++ Find New Best Min ACC +++++++++++
The acc is 0.9194, 0.9222, 0.9187
Time Consumption for one epoch is 25.897008419036865s
======================================= Epoch 16 =======================================
================= Test Set =================
The acc is 0.9194, 0.9222, 0.9187
Time Consumption for one epoch is 24.155941486358643s
======================================= Epoch 17 =======================================
================= Test Set =================
The acc is 0.9194, 0.9222, 0.9187
Time Consumption for one epoch is 24.314711809158325s
======================================= Epoch 18 =======================================
================= Test Set =================
The acc is 0.9194, 0.9222, 0.9187
Time Consumption for one epoch is 24.775877237319946s
======================================= Epoch 19 =======================================
================= Test Set =================
The acc is 0.9194, 0.9222, 0.9187
Time Consumption for one epoch is 25.504881381988525s
The final acc is 0.9194, 0.9222, 0.9187
