Namespace(data_dir='/data/yihua/dataset/celeba/celeba.hdf5', result_dir='results', checkpoint=None, resume=False, domain_attrs='Male', target_attrs='High_Cheekbones', exp_name=None, batch_size=512, lr=0.0001, wd=2e-05, epochs=20, seed=2022, num_workers=8, arch='resnet9', evaluate=False, gv=0.05, gr=0.1)
======================================= Epoch 0 =======================================
================= Test Set =================
+++++++++++ Find New Best Min ACC +++++++++++
The acc is 0.8096, 0.7823, 0.8164
Time Consumption for one epoch is 131.70482563972473s
======================================= Epoch 1 =======================================
================= Test Set =================
+++++++++++ Find New Best Min ACC +++++++++++
The acc is 0.8530, 0.8051, 0.8649
Time Consumption for one epoch is 130.33799171447754s
======================================= Epoch 2 =======================================
================= Test Set =================
The acc is 0.8530, 0.8051, 0.8649
Time Consumption for one epoch is 129.7418990135193s
======================================= Epoch 3 =======================================
================= Test Set =================
+++++++++++ Find New Best Min ACC +++++++++++
The acc is 0.8546, 0.8144, 0.8647
Time Consumption for one epoch is 130.01561450958252s
======================================= Epoch 4 =======================================
================= Test Set =================
+++++++++++ Find New Best Min ACC +++++++++++
The acc is 0.8720, 0.8320, 0.8819
Time Consumption for one epoch is 128.61567091941833s
======================================= Epoch 5 =======================================
================= Test Set =================
The acc is 0.8720, 0.8320, 0.8819
Time Consumption for one epoch is 130.67750191688538s
======================================= Epoch 6 =======================================
================= Test Set =================
The acc is 0.8720, 0.8320, 0.8819
Time Consumption for one epoch is 130.13982605934143s
======================================= Epoch 7 =======================================
================= Test Set =================
+++++++++++ Find New Best Min ACC +++++++++++
The acc is 0.8729, 0.8320, 0.8831
Time Consumption for one epoch is 129.63863563537598s
======================================= Epoch 8 =======================================
================= Test Set =================
+++++++++++ Find New Best Min ACC +++++++++++
The acc is 0.8733, 0.8304, 0.8840
Time Consumption for one epoch is 129.59477353096008s
======================================= Epoch 9 =======================================
================= Test Set =================
The acc is 0.8733, 0.8304, 0.8840
Time Consumption for one epoch is 128.5958650112152s
======================================= Epoch 10 =======================================
================= Test Set =================
+++++++++++ Find New Best Min ACC +++++++++++
The acc is 0.8756, 0.8360, 0.8855
Time Consumption for one epoch is 130.7131061553955s
======================================= Epoch 11 =======================================
================= Test Set =================
The acc is 0.8756, 0.8360, 0.8855
Time Consumption for one epoch is 128.94764399528503s
======================================= Epoch 12 =======================================
================= Test Set =================
The acc is 0.8756, 0.8360, 0.8855
Time Consumption for one epoch is 129.4380760192871s
======================================= Epoch 13 =======================================
================= Test Set =================
The acc is 0.8756, 0.8360, 0.8855
Time Consumption for one epoch is 128.95061111450195s
======================================= Epoch 14 =======================================
================= Test Set =================
+++++++++++ Find New Best Min ACC +++++++++++
The acc is 0.8761, 0.8340, 0.8867
Time Consumption for one epoch is 129.3998875617981s
======================================= Epoch 15 =======================================
================= Test Set =================
The acc is 0.8761, 0.8340, 0.8867
Time Consumption for one epoch is 130.89306640625s
======================================= Epoch 16 =======================================
================= Test Set =================
+++++++++++ Find New Best Min ACC +++++++++++
The acc is 0.8780, 0.8376, 0.8882
Time Consumption for one epoch is 130.53435969352722s
======================================= Epoch 17 =======================================
================= Test Set =================
The acc is 0.8780, 0.8376, 0.8882
Time Consumption for one epoch is 130.87678861618042s
======================================= Epoch 18 =======================================
================= Test Set =================
The acc is 0.8780, 0.8376, 0.8882
Time Consumption for one epoch is 128.81316089630127s
======================================= Epoch 19 =======================================
================= Test Set =================
The acc is 0.8780, 0.8376, 0.8882
Time Consumption for one epoch is 128.44801473617554s
The final acc is 0.8780, 0.8376, 0.8882
