Namespace(data_dir='/data/yihua/dataset/celeba/celeba.hdf5', result_dir='results', checkpoint=None, resume=False, domain_attrs='Male', target_attrs='Blond_Hair', exp_name=None, batch_size=512, lr=0.0001, wd=2e-05, epochs=20, seed=2022, num_workers=8, arch='resnet9', evaluate=False, gv=0.45, gr=0.5)
======================================= Epoch 0 =======================================
================= Test Set =================
+++++++++++ Find New Best Min ACC +++++++++++
The acc is 0.7606, 0.6861, 0.7792
Time Consumption for one epoch is 27.53286337852478s
======================================= Epoch 1 =======================================
================= Test Set =================
+++++++++++ Find New Best Min ACC +++++++++++
The acc is 0.8850, 0.8278, 0.8993
Time Consumption for one epoch is 25.558977842330933s
======================================= Epoch 2 =======================================
================= Test Set =================
The acc is 0.8850, 0.8278, 0.8993
Time Consumption for one epoch is 25.034740686416626s
======================================= Epoch 3 =======================================
================= Test Set =================
+++++++++++ Find New Best Min ACC +++++++++++
The acc is 0.8989, 0.8639, 0.9076
Time Consumption for one epoch is 26.390599489212036s
======================================= Epoch 4 =======================================
================= Test Set =================
The acc is 0.8989, 0.8639, 0.9076
Time Consumption for one epoch is 25.936927318572998s
======================================= Epoch 5 =======================================
================= Test Set =================
+++++++++++ Find New Best Min ACC +++++++++++
The acc is 0.9033, 0.8778, 0.9097
Time Consumption for one epoch is 24.896673440933228s
======================================= Epoch 6 =======================================
================= Test Set =================
+++++++++++ Find New Best Min ACC +++++++++++
The acc is 0.9144, 0.8917, 0.9201
Time Consumption for one epoch is 26.61046600341797s
======================================= Epoch 7 =======================================
================= Test Set =================
The acc is 0.9144, 0.8917, 0.9201
Time Consumption for one epoch is 24.430731296539307s
======================================= Epoch 8 =======================================
================= Test Set =================
The acc is 0.9144, 0.8917, 0.9201
Time Consumption for one epoch is 23.832507610321045s
======================================= Epoch 9 =======================================
================= Test Set =================
The acc is 0.9144, 0.8917, 0.9201
Time Consumption for one epoch is 23.944968461990356s
======================================= Epoch 10 =======================================
================= Test Set =================
The acc is 0.9144, 0.8917, 0.9201
Time Consumption for one epoch is 25.706035137176514s
======================================= Epoch 11 =======================================
================= Test Set =================
+++++++++++ Find New Best Min ACC +++++++++++
The acc is 0.9189, 0.9083, 0.9215
Time Consumption for one epoch is 24.999547243118286s
======================================= Epoch 12 =======================================
================= Test Set =================
The acc is 0.9189, 0.9083, 0.9215
Time Consumption for one epoch is 26.61064839363098s
======================================= Epoch 13 =======================================
================= Test Set =================
The acc is 0.9189, 0.9083, 0.9215
Time Consumption for one epoch is 25.80997061729431s
======================================= Epoch 14 =======================================
================= Test Set =================
The acc is 0.9189, 0.9083, 0.9215
Time Consumption for one epoch is 24.33078408241272s
======================================= Epoch 15 =======================================
================= Test Set =================
The acc is 0.9189, 0.9083, 0.9215
Time Consumption for one epoch is 26.01136589050293s
======================================= Epoch 16 =======================================
================= Test Set =================
The acc is 0.9189, 0.9083, 0.9215
Time Consumption for one epoch is 26.73297357559204s
======================================= Epoch 17 =======================================
================= Test Set =================
The acc is 0.9189, 0.9083, 0.9215
Time Consumption for one epoch is 25.220088243484497s
======================================= Epoch 18 =======================================
================= Test Set =================
The acc is 0.9189, 0.9083, 0.9215
Time Consumption for one epoch is 25.5944766998291s
======================================= Epoch 19 =======================================
================= Test Set =================
The acc is 0.9189, 0.9083, 0.9215
Time Consumption for one epoch is 26.418270111083984s
The final acc is 0.9189, 0.9083, 0.9215
