Namespace(data_dir='/data/yihua/dataset/celeba/celeba.hdf5', result_dir='rotation_study', checkpoint=None, resume=False, domain_attrs='Male', target_attrs='Blond_Hair', exp_name=None, batch_size=512, lr=0.0001, wd=2e-05, epochs=20, seed=2021, num_workers=8, arch='resnet9', evaluate=False, total_num=5000, test_num=1000, gv=30.0, gr=0.1, minor_ratio=0.2, add_aug='rotation')
======================================= Epoch 0 =======================================
================= Test Set =================
+++++++++++ Find New Best Min ACC +++++++++++
The acc is 0.4624, 0.4186, 0.5000
Time Consumption for one epoch is 16.640584230422974s
======================================= Epoch 1 =======================================
================= Test Set =================
The acc is 0.4624, 0.4186, 0.5000
Time Consumption for one epoch is 14.133012056350708s
======================================= Epoch 2 =======================================
================= Test Set =================
+++++++++++ Find New Best Min ACC +++++++++++
The acc is 0.6688, 0.6209, 0.7100
Time Consumption for one epoch is 14.49942421913147s
======================================= Epoch 3 =======================================
================= Test Set =================
The acc is 0.6688, 0.6209, 0.7100
Time Consumption for one epoch is 14.397001028060913s
======================================= Epoch 4 =======================================
================= Test Set =================
+++++++++++ Find New Best Min ACC +++++++++++
The acc is 0.7645, 0.7279, 0.7960
Time Consumption for one epoch is 14.354992151260376s
======================================= Epoch 5 =======================================
================= Test Set =================
+++++++++++ Find New Best Min ACC +++++++++++
The acc is 0.8495, 0.8302, 0.8660
Time Consumption for one epoch is 14.01516842842102s
======================================= Epoch 6 =======================================
================= Test Set =================
+++++++++++ Find New Best Min ACC +++++++++++
The acc is 0.8710, 0.8558, 0.8840
Time Consumption for one epoch is 14.863961458206177s
======================================= Epoch 7 =======================================
================= Test Set =================
+++++++++++ Find New Best Min ACC +++++++++++
The acc is 0.8796, 0.8558, 0.9000
Time Consumption for one epoch is 14.871778964996338s
======================================= Epoch 8 =======================================
================= Test Set =================
+++++++++++ Find New Best Min ACC +++++++++++
The acc is 0.8839, 0.8628, 0.9020
Time Consumption for one epoch is 14.770689487457275s
======================================= Epoch 9 =======================================
================= Test Set =================
The acc is 0.8839, 0.8628, 0.9020
Time Consumption for one epoch is 14.037975311279297s
======================================= Epoch 10 =======================================
================= Test Set =================
The acc is 0.8839, 0.8628, 0.9020
Time Consumption for one epoch is 14.484421730041504s
======================================= Epoch 11 =======================================
================= Test Set =================
The acc is 0.8839, 0.8628, 0.9020
Time Consumption for one epoch is 14.668016195297241s
======================================= Epoch 12 =======================================
================= Test Set =================
The acc is 0.8839, 0.8628, 0.9020
Time Consumption for one epoch is 14.527893781661987s
======================================= Epoch 13 =======================================
================= Test Set =================
The acc is 0.8839, 0.8628, 0.9020
Time Consumption for one epoch is 14.065984010696411s
======================================= Epoch 14 =======================================
================= Test Set =================
The acc is 0.8839, 0.8628, 0.9020
Time Consumption for one epoch is 14.018417596817017s
======================================= Epoch 15 =======================================
================= Test Set =================
The acc is 0.8839, 0.8628, 0.9020
Time Consumption for one epoch is 14.183188915252686s
======================================= Epoch 16 =======================================
================= Test Set =================
The acc is 0.8839, 0.8628, 0.9020
Time Consumption for one epoch is 13.884414434432983s
======================================= Epoch 17 =======================================
================= Test Set =================
+++++++++++ Find New Best Min ACC +++++++++++
The acc is 0.8892, 0.8628, 0.9120
Time Consumption for one epoch is 14.772481679916382s
======================================= Epoch 18 =======================================
================= Test Set =================
+++++++++++ Find New Best Min ACC +++++++++++
The acc is 0.8914, 0.8721, 0.9080
Time Consumption for one epoch is 14.598424196243286s
======================================= Epoch 19 =======================================
================= Test Set =================
The acc is 0.8914, 0.8721, 0.9080
Time Consumption for one epoch is 14.167240142822266s
The final acc is 0.8914, 0.8721, 0.9080
