Namespace(data_dir='/data/yihua/dataset/celeba/celeba.hdf5', result_dir='results', checkpoint=None, resume=False, domain_attrs='Male', target_attrs='Heavy_Makeup', exp_name=None, batch_size=512, lr=0.0001, wd=2e-05, epochs=20, seed=2023, num_workers=8, arch='resnet9', evaluate=False, gv=0.1, gr=0.1)
======================================= Epoch 0 =======================================
================= Test Set =================
+++++++++++ Find New Best Min ACC +++++++++++
The acc is 0.5000, 0.5000, 0.5000
Time Consumption for one epoch is 9.209652662277222s
======================================= Epoch 1 =======================================
================= Test Set =================
+++++++++++ Find New Best Min ACC +++++++++++
The acc is 0.5727, 0.5000, 0.5909
Time Consumption for one epoch is 8.82676911354065s
======================================= Epoch 2 =======================================
================= Test Set =================
The acc is 0.5727, 0.5000, 0.5909
Time Consumption for one epoch is 7.41359543800354s
======================================= Epoch 3 =======================================
================= Test Set =================
The acc is 0.5727, 0.5000, 0.5909
Time Consumption for one epoch is 7.672818183898926s
======================================= Epoch 4 =======================================
================= Test Set =================
The acc is 0.5727, 0.5000, 0.5909
Time Consumption for one epoch is 7.351662874221802s
======================================= Epoch 5 =======================================
================= Test Set =================
The acc is 0.5727, 0.5000, 0.5909
Time Consumption for one epoch is 8.123636722564697s
======================================= Epoch 6 =======================================
================= Test Set =================
The acc is 0.5727, 0.5000, 0.5909
Time Consumption for one epoch is 10.020893573760986s
======================================= Epoch 7 =======================================
================= Test Set =================
+++++++++++ Find New Best Min ACC +++++++++++
The acc is 0.5818, 0.5227, 0.5966
Time Consumption for one epoch is 8.600959777832031s
======================================= Epoch 8 =======================================
================= Test Set =================
+++++++++++ Find New Best Min ACC +++++++++++
The acc is 0.6091, 0.5000, 0.6364
Time Consumption for one epoch is 7.956469535827637s
======================================= Epoch 9 =======================================
================= Test Set =================
The acc is 0.6091, 0.5000, 0.6364
Time Consumption for one epoch is 8.780222415924072s
======================================= Epoch 10 =======================================
================= Test Set =================
+++++++++++ Find New Best Min ACC +++++++++++
The acc is 0.6136, 0.4773, 0.6477
Time Consumption for one epoch is 9.328755855560303s
======================================= Epoch 11 =======================================
================= Test Set =================
+++++++++++ Find New Best Min ACC +++++++++++
The acc is 0.6227, 0.5000, 0.6534
Time Consumption for one epoch is 9.197940826416016s
======================================= Epoch 12 =======================================
================= Test Set =================
The acc is 0.6227, 0.5000, 0.6534
Time Consumption for one epoch is 7.270418167114258s
======================================= Epoch 13 =======================================
================= Test Set =================
+++++++++++ Find New Best Min ACC +++++++++++
The acc is 0.6273, 0.5000, 0.6591
Time Consumption for one epoch is 8.38017463684082s
======================================= Epoch 14 =======================================
================= Test Set =================
+++++++++++ Find New Best Min ACC +++++++++++
The acc is 0.6409, 0.5227, 0.6705
Time Consumption for one epoch is 7.538530111312866s
======================================= Epoch 15 =======================================
================= Test Set =================
The acc is 0.6409, 0.5227, 0.6705
Time Consumption for one epoch is 6.994978666305542s
======================================= Epoch 16 =======================================
================= Test Set =================
+++++++++++ Find New Best Min ACC +++++++++++
The acc is 0.6455, 0.5455, 0.6705
Time Consumption for one epoch is 9.22874927520752s
======================================= Epoch 17 =======================================
================= Test Set =================
The acc is 0.6455, 0.5455, 0.6705
Time Consumption for one epoch is 8.237962245941162s
======================================= Epoch 18 =======================================
================= Test Set =================
The acc is 0.6455, 0.5455, 0.6705
Time Consumption for one epoch is 7.913050174713135s
======================================= Epoch 19 =======================================
================= Test Set =================
The acc is 0.6455, 0.5455, 0.6705
Time Consumption for one epoch is 7.870410442352295s
The final acc is 0.6455, 0.5455, 0.6705
