Namespace(data_dir='/data/yihua/dataset/celeba/celeba.hdf5', result_dir='crop_study', checkpoint=None, resume=False, domain_attrs='Male', target_attrs='Blond_Hair', exp_name=None, batch_size=512, lr=0.0001, wd=2e-05, epochs=20, seed=2021, num_workers=8, arch='resnet18', evaluate=False, total_num=5000, test_num=1000, gv=160.0, gr=0.1, minor_ratio=0.2, add_aug='crop')
======================================= Epoch 0 =======================================
================= Test Set =================
+++++++++++ Find New Best Min ACC +++++++++++
The acc is 0.4860, 0.4465, 0.5200
Time Consumption for one epoch is 21.287182092666626s
======================================= Epoch 1 =======================================
================= Test Set =================
+++++++++++ Find New Best Min ACC +++++++++++
The acc is 0.5376, 0.5814, 0.5000
Time Consumption for one epoch is 18.70264196395874s
======================================= Epoch 2 =======================================
================= Test Set =================
The acc is 0.5376, 0.5814, 0.5000
Time Consumption for one epoch is 19.433058738708496s
======================================= Epoch 3 =======================================
================= Test Set =================
The acc is 0.5376, 0.5814, 0.5000
Time Consumption for one epoch is 19.61628293991089s
======================================= Epoch 4 =======================================
================= Test Set =================
+++++++++++ Find New Best Min ACC +++++++++++
The acc is 0.5516, 0.5953, 0.5140
Time Consumption for one epoch is 20.018516778945923s
======================================= Epoch 5 =======================================
================= Test Set =================
+++++++++++ Find New Best Min ACC +++++++++++
The acc is 0.7548, 0.7442, 0.7640
Time Consumption for one epoch is 19.742226362228394s
======================================= Epoch 6 =======================================
================= Test Set =================
+++++++++++ Find New Best Min ACC +++++++++++
The acc is 0.8495, 0.8070, 0.8860
Time Consumption for one epoch is 19.7109534740448s
======================================= Epoch 7 =======================================
================= Test Set =================
+++++++++++ Find New Best Min ACC +++++++++++
The acc is 0.8677, 0.8372, 0.8940
Time Consumption for one epoch is 21.24705719947815s
======================================= Epoch 8 =======================================
================= Test Set =================
+++++++++++ Find New Best Min ACC +++++++++++
The acc is 0.8763, 0.8558, 0.8940
Time Consumption for one epoch is 21.501172304153442s
======================================= Epoch 9 =======================================
================= Test Set =================
The acc is 0.8763, 0.8558, 0.8940
Time Consumption for one epoch is 19.984680652618408s
======================================= Epoch 10 =======================================
================= Test Set =================
The acc is 0.8763, 0.8558, 0.8940
Time Consumption for one epoch is 20.450207710266113s
======================================= Epoch 11 =======================================
================= Test Set =================
The acc is 0.8763, 0.8558, 0.8940
Time Consumption for one epoch is 19.19874858856201s
======================================= Epoch 12 =======================================
================= Test Set =================
+++++++++++ Find New Best Min ACC +++++++++++
The acc is 0.8849, 0.8651, 0.9020
Time Consumption for one epoch is 21.882384538650513s
======================================= Epoch 13 =======================================
================= Test Set =================
The acc is 0.8849, 0.8651, 0.9020
Time Consumption for one epoch is 20.12501573562622s
======================================= Epoch 14 =======================================
================= Test Set =================
The acc is 0.8849, 0.8651, 0.9020
Time Consumption for one epoch is 18.58294129371643s
======================================= Epoch 15 =======================================
================= Test Set =================
The acc is 0.8849, 0.8651, 0.9020
Time Consumption for one epoch is 21.882380485534668s
======================================= Epoch 16 =======================================
================= Test Set =================
+++++++++++ Find New Best Min ACC +++++++++++
The acc is 0.8968, 0.8930, 0.9000
Time Consumption for one epoch is 18.68130850791931s
======================================= Epoch 17 =======================================
================= Test Set =================
The acc is 0.8968, 0.8930, 0.9000
Time Consumption for one epoch is 21.816901206970215s
======================================= Epoch 18 =======================================
================= Test Set =================
The acc is 0.8968, 0.8930, 0.9000
Time Consumption for one epoch is 20.5380859375s
======================================= Epoch 19 =======================================
================= Test Set =================
The acc is 0.8968, 0.8930, 0.9000
Time Consumption for one epoch is 20.485064268112183s
The final acc is 0.8968, 0.8930, 0.9000
