Namespace(data_dir='/data/yihua/dataset/celeba/celeba.hdf5', result_dir='rotation_study', checkpoint=None, resume=False, domain_attrs='Male', target_attrs='Blond_Hair', exp_name=None, batch_size=512, lr=0.0001, wd=2e-05, epochs=20, seed=2022, num_workers=8, arch='resnet18', evaluate=False, total_num=5000, test_num=1000, gv=90.0, gr=0.5, minor_ratio=0.2, add_aug='rotation')
======================================= Epoch 0 =======================================
================= Test Set =================
+++++++++++ Find New Best Min ACC +++++++++++
The acc is 0.5376, 0.5814, 0.5000
Time Consumption for one epoch is 24.34405493736267s
======================================= Epoch 1 =======================================
================= Test Set =================
The acc is 0.5376, 0.5814, 0.5000
Time Consumption for one epoch is 20.274547338485718s
======================================= Epoch 2 =======================================
================= Test Set =================
The acc is 0.5376, 0.5814, 0.5000
Time Consumption for one epoch is 20.045761108398438s
======================================= Epoch 3 =======================================
================= Test Set =================
+++++++++++ Find New Best Min ACC +++++++++++
The acc is 0.5710, 0.6116, 0.5360
Time Consumption for one epoch is 20.73500084877014s
======================================= Epoch 4 =======================================
================= Test Set =================
+++++++++++ Find New Best Min ACC +++++++++++
The acc is 0.8065, 0.7884, 0.8220
Time Consumption for one epoch is 21.301767826080322s
======================================= Epoch 5 =======================================
================= Test Set =================
+++++++++++ Find New Best Min ACC +++++++++++
The acc is 0.8441, 0.8209, 0.8640
Time Consumption for one epoch is 19.892756700515747s
======================================= Epoch 6 =======================================
================= Test Set =================
+++++++++++ Find New Best Min ACC +++++++++++
The acc is 0.8570, 0.8302, 0.8800
Time Consumption for one epoch is 21.028328895568848s
======================================= Epoch 7 =======================================
================= Test Set =================
+++++++++++ Find New Best Min ACC +++++++++++
The acc is 0.8731, 0.8488, 0.8940
Time Consumption for one epoch is 19.77508020401001s
======================================= Epoch 8 =======================================
================= Test Set =================
The acc is 0.8731, 0.8488, 0.8940
Time Consumption for one epoch is 22.145490169525146s
======================================= Epoch 9 =======================================
================= Test Set =================
The acc is 0.8731, 0.8488, 0.8940
Time Consumption for one epoch is 20.957129955291748s
======================================= Epoch 10 =======================================
================= Test Set =================
+++++++++++ Find New Best Min ACC +++++++++++
The acc is 0.8806, 0.8628, 0.8960
Time Consumption for one epoch is 21.303742170333862s
======================================= Epoch 11 =======================================
================= Test Set =================
+++++++++++ Find New Best Min ACC +++++++++++
The acc is 0.8817, 0.8721, 0.8900
Time Consumption for one epoch is 20.452914237976074s
======================================= Epoch 12 =======================================
================= Test Set =================
The acc is 0.8817, 0.8721, 0.8900
Time Consumption for one epoch is 21.175330638885498s
======================================= Epoch 13 =======================================
================= Test Set =================
The acc is 0.8817, 0.8721, 0.8900
Time Consumption for one epoch is 20.051934242248535s
======================================= Epoch 14 =======================================
================= Test Set =================
+++++++++++ Find New Best Min ACC +++++++++++
The acc is 0.8957, 0.8860, 0.9040
Time Consumption for one epoch is 21.829556465148926s
======================================= Epoch 15 =======================================
================= Test Set =================
The acc is 0.8957, 0.8860, 0.9040
Time Consumption for one epoch is 21.308988094329834s
======================================= Epoch 16 =======================================
================= Test Set =================
The acc is 0.8957, 0.8860, 0.9040
Time Consumption for one epoch is 22.119944095611572s
======================================= Epoch 17 =======================================
================= Test Set =================
+++++++++++ Find New Best Min ACC +++++++++++
The acc is 0.9000, 0.8860, 0.9120
Time Consumption for one epoch is 20.58444118499756s
======================================= Epoch 18 =======================================
================= Test Set =================
The acc is 0.9000, 0.8860, 0.9120
Time Consumption for one epoch is 19.502506494522095s
======================================= Epoch 19 =======================================
================= Test Set =================
The acc is 0.9000, 0.8860, 0.9120
Time Consumption for one epoch is 20.817509174346924s
The final acc is 0.9000, 0.8860, 0.9120
