Namespace(data_dir='/data/yihua/dataset/celeba/celeba.hdf5', result_dir='results', checkpoint=None, resume=False, domain_attrs='Male', target_attrs='Blond_Hair', exp_name=None, batch_size=512, lr=0.0001, wd=2e-05, epochs=20, seed=2020, num_workers=8, arch='resnet9', evaluate=False, gv=0.3, gr=0.1)
======================================= Epoch 0 =======================================
================= Test Set =================
+++++++++++ Find New Best Min ACC +++++++++++
The acc is 0.7456, 0.7000, 0.7569
Time Consumption for one epoch is 30.954798221588135s
======================================= Epoch 1 =======================================
================= Test Set =================
+++++++++++ Find New Best Min ACC +++++++++++
The acc is 0.8789, 0.8139, 0.8951
Time Consumption for one epoch is 27.09946846961975s
======================================= Epoch 2 =======================================
================= Test Set =================
+++++++++++ Find New Best Min ACC +++++++++++
The acc is 0.8922, 0.8583, 0.9007
Time Consumption for one epoch is 25.390153884887695s
======================================= Epoch 3 =======================================
================= Test Set =================
+++++++++++ Find New Best Min ACC +++++++++++
The acc is 0.8989, 0.8528, 0.9104
Time Consumption for one epoch is 26.93666934967041s
======================================= Epoch 4 =======================================
================= Test Set =================
The acc is 0.8989, 0.8528, 0.9104
Time Consumption for one epoch is 27.335538387298584s
======================================= Epoch 5 =======================================
================= Test Set =================
+++++++++++ Find New Best Min ACC +++++++++++
The acc is 0.9061, 0.8833, 0.9118
Time Consumption for one epoch is 26.775612592697144s
======================================= Epoch 6 =======================================
================= Test Set =================
The acc is 0.9061, 0.8833, 0.9118
Time Consumption for one epoch is 27.06084942817688s
======================================= Epoch 7 =======================================
================= Test Set =================
+++++++++++ Find New Best Min ACC +++++++++++
The acc is 0.9133, 0.9028, 0.9160
Time Consumption for one epoch is 27.224472522735596s
======================================= Epoch 8 =======================================
================= Test Set =================
The acc is 0.9133, 0.9028, 0.9160
Time Consumption for one epoch is 24.782649993896484s
======================================= Epoch 9 =======================================
================= Test Set =================
The acc is 0.9133, 0.9028, 0.9160
Time Consumption for one epoch is 24.19735097885132s
======================================= Epoch 10 =======================================
================= Test Set =================
+++++++++++ Find New Best Min ACC +++++++++++
The acc is 0.9150, 0.9000, 0.9187
Time Consumption for one epoch is 26.153427600860596s
======================================= Epoch 11 =======================================
================= Test Set =================
The acc is 0.9150, 0.9000, 0.9187
Time Consumption for one epoch is 25.688888788223267s
======================================= Epoch 12 =======================================
================= Test Set =================
The acc is 0.9150, 0.9000, 0.9187
Time Consumption for one epoch is 26.52042579650879s
======================================= Epoch 13 =======================================
================= Test Set =================
The acc is 0.9150, 0.9000, 0.9187
Time Consumption for one epoch is 25.818642377853394s
======================================= Epoch 14 =======================================
================= Test Set =================
The acc is 0.9150, 0.9000, 0.9187
Time Consumption for one epoch is 24.790242433547974s
======================================= Epoch 15 =======================================
================= Test Set =================
The acc is 0.9150, 0.9000, 0.9187
Time Consumption for one epoch is 26.7181396484375s
======================================= Epoch 16 =======================================
================= Test Set =================
+++++++++++ Find New Best Min ACC +++++++++++
The acc is 0.9217, 0.9083, 0.9250
Time Consumption for one epoch is 26.3538761138916s
======================================= Epoch 17 =======================================
================= Test Set =================
The acc is 0.9217, 0.9083, 0.9250
Time Consumption for one epoch is 25.493167877197266s
======================================= Epoch 18 =======================================
================= Test Set =================
The acc is 0.9217, 0.9083, 0.9250
Time Consumption for one epoch is 26.236059188842773s
======================================= Epoch 19 =======================================
================= Test Set =================
+++++++++++ Find New Best Min ACC +++++++++++
The acc is 0.9222, 0.9056, 0.9264
Time Consumption for one epoch is 25.940510749816895s
The final acc is 0.9222, 0.9056, 0.9264
