Namespace(data_dir='/data/yihua/dataset/celeba/celeba.hdf5', result_dir='crop_study', checkpoint=None, resume=False, domain_attrs='Male', target_attrs='Blond_Hair', exp_name=None, batch_size=512, lr=0.0001, wd=2e-05, epochs=20, seed=2021, num_workers=8, arch='resnet9', evaluate=False, total_num=5000, test_num=1000, gv=220.0, gr=0.5, minor_ratio=0.2, add_aug='crop')
======================================= Epoch 0 =======================================
================= Test Set =================
+++++++++++ Find New Best Min ACC +++++++++++
The acc is 0.4624, 0.4186, 0.5000
Time Consumption for one epoch is 16.680004835128784s
======================================= Epoch 1 =======================================
================= Test Set =================
The acc is 0.4624, 0.4186, 0.5000
Time Consumption for one epoch is 14.912900686264038s
======================================= Epoch 2 =======================================
================= Test Set =================
+++++++++++ Find New Best Min ACC +++++++++++
The acc is 0.7140, 0.6767, 0.7460
Time Consumption for one epoch is 14.706481456756592s
======================================= Epoch 3 =======================================
================= Test Set =================
The acc is 0.7140, 0.6767, 0.7460
Time Consumption for one epoch is 14.212310075759888s
======================================= Epoch 4 =======================================
================= Test Set =================
+++++++++++ Find New Best Min ACC +++++++++++
The acc is 0.8204, 0.7953, 0.8420
Time Consumption for one epoch is 15.010828495025635s
======================================= Epoch 5 =======================================
================= Test Set =================
+++++++++++ Find New Best Min ACC +++++++++++
The acc is 0.8559, 0.8256, 0.8820
Time Consumption for one epoch is 15.282113790512085s
======================================= Epoch 6 =======================================
================= Test Set =================
+++++++++++ Find New Best Min ACC +++++++++++
The acc is 0.8806, 0.8535, 0.9040
Time Consumption for one epoch is 14.948763847351074s
======================================= Epoch 7 =======================================
================= Test Set =================
+++++++++++ Find New Best Min ACC +++++++++++
The acc is 0.8860, 0.8767, 0.8940
Time Consumption for one epoch is 14.859968185424805s
======================================= Epoch 8 =======================================
================= Test Set =================
The acc is 0.8860, 0.8767, 0.8940
Time Consumption for one epoch is 14.921798944473267s
======================================= Epoch 9 =======================================
================= Test Set =================
The acc is 0.8860, 0.8767, 0.8940
Time Consumption for one epoch is 14.888854503631592s
======================================= Epoch 10 =======================================
================= Test Set =================
+++++++++++ Find New Best Min ACC +++++++++++
The acc is 0.8871, 0.8674, 0.9040
Time Consumption for one epoch is 14.78872275352478s
======================================= Epoch 11 =======================================
================= Test Set =================
The acc is 0.8871, 0.8674, 0.9040
Time Consumption for one epoch is 15.023690223693848s
======================================= Epoch 12 =======================================
================= Test Set =================
+++++++++++ Find New Best Min ACC +++++++++++
The acc is 0.8957, 0.8814, 0.9080
Time Consumption for one epoch is 14.747328519821167s
======================================= Epoch 13 =======================================
================= Test Set =================
The acc is 0.8957, 0.8814, 0.9080
Time Consumption for one epoch is 14.450474500656128s
======================================= Epoch 14 =======================================
================= Test Set =================
The acc is 0.8957, 0.8814, 0.9080
Time Consumption for one epoch is 14.787424325942993s
======================================= Epoch 15 =======================================
================= Test Set =================
The acc is 0.8957, 0.8814, 0.9080
Time Consumption for one epoch is 14.679206371307373s
======================================= Epoch 16 =======================================
================= Test Set =================
The acc is 0.8957, 0.8814, 0.9080
Time Consumption for one epoch is 14.485407829284668s
======================================= Epoch 17 =======================================
================= Test Set =================
+++++++++++ Find New Best Min ACC +++++++++++
The acc is 0.8978, 0.8884, 0.9060
Time Consumption for one epoch is 15.070396423339844s
======================================= Epoch 18 =======================================
================= Test Set =================
The acc is 0.8978, 0.8884, 0.9060
Time Consumption for one epoch is 14.939952611923218s
======================================= Epoch 19 =======================================
================= Test Set =================
The acc is 0.8978, 0.8884, 0.9060
Time Consumption for one epoch is 14.395362615585327s
The final acc is 0.8978, 0.8884, 0.9060
