Namespace(data_dir='/data/yihua/dataset/celeba/celeba.hdf5', result_dir='results', checkpoint=None, resume=False, domain_attrs='Male', target_attrs='Blond_Hair', exp_name=None, batch_size=512, lr=0.0001, wd=2e-05, epochs=20, seed=2022, num_workers=8, arch='resnet9', evaluate=False, gv=1.0, gr=0.1)
======================================= Epoch 0 =======================================
================= Test Set =================
+++++++++++ Find New Best Min ACC +++++++++++
The acc is 0.6917, 0.6222, 0.7090
Time Consumption for one epoch is 26.606739282608032s
======================================= Epoch 1 =======================================
================= Test Set =================
+++++++++++ Find New Best Min ACC +++++++++++
The acc is 0.8494, 0.7861, 0.8653
Time Consumption for one epoch is 23.49135708808899s
======================================= Epoch 2 =======================================
================= Test Set =================
+++++++++++ Find New Best Min ACC +++++++++++
The acc is 0.8539, 0.7722, 0.8743
Time Consumption for one epoch is 23.658013582229614s
======================================= Epoch 3 =======================================
================= Test Set =================
+++++++++++ Find New Best Min ACC +++++++++++
The acc is 0.8956, 0.8361, 0.9104
Time Consumption for one epoch is 23.939918518066406s
======================================= Epoch 4 =======================================
================= Test Set =================
The acc is 0.8956, 0.8361, 0.9104
Time Consumption for one epoch is 22.600486516952515s
======================================= Epoch 5 =======================================
================= Test Set =================
+++++++++++ Find New Best Min ACC +++++++++++
The acc is 0.9044, 0.8833, 0.9097
Time Consumption for one epoch is 24.643795490264893s
======================================= Epoch 6 =======================================
================= Test Set =================
The acc is 0.9044, 0.8833, 0.9097
Time Consumption for one epoch is 23.180195331573486s
======================================= Epoch 7 =======================================
================= Test Set =================
The acc is 0.9044, 0.8833, 0.9097
Time Consumption for one epoch is 23.827153205871582s
======================================= Epoch 8 =======================================
================= Test Set =================
+++++++++++ Find New Best Min ACC +++++++++++
The acc is 0.9050, 0.8694, 0.9139
Time Consumption for one epoch is 25.113280057907104s
======================================= Epoch 9 =======================================
================= Test Set =================
The acc is 0.9050, 0.8694, 0.9139
Time Consumption for one epoch is 23.634722471237183s
======================================= Epoch 10 =======================================
================= Test Set =================
+++++++++++ Find New Best Min ACC +++++++++++
The acc is 0.9178, 0.9000, 0.9222
Time Consumption for one epoch is 24.159793615341187s
======================================= Epoch 11 =======================================
================= Test Set =================
The acc is 0.9178, 0.9000, 0.9222
Time Consumption for one epoch is 25.238171815872192s
======================================= Epoch 12 =======================================
================= Test Set =================
The acc is 0.9178, 0.9000, 0.9222
Time Consumption for one epoch is 24.08351492881775s
======================================= Epoch 13 =======================================
================= Test Set =================
The acc is 0.9178, 0.9000, 0.9222
Time Consumption for one epoch is 24.910877466201782s
======================================= Epoch 14 =======================================
================= Test Set =================
The acc is 0.9178, 0.9000, 0.9222
Time Consumption for one epoch is 24.3566997051239s
======================================= Epoch 15 =======================================
================= Test Set =================
The acc is 0.9178, 0.9000, 0.9222
Time Consumption for one epoch is 23.80337691307068s
======================================= Epoch 16 =======================================
================= Test Set =================
+++++++++++ Find New Best Min ACC +++++++++++
The acc is 0.9194, 0.9111, 0.9215
Time Consumption for one epoch is 24.02214217185974s
======================================= Epoch 17 =======================================
================= Test Set =================
+++++++++++ Find New Best Min ACC +++++++++++
The acc is 0.9217, 0.9167, 0.9229
Time Consumption for one epoch is 24.6822772026062s
======================================= Epoch 18 =======================================
================= Test Set =================
The acc is 0.9217, 0.9167, 0.9229
Time Consumption for one epoch is 24.121698141098022s
======================================= Epoch 19 =======================================
================= Test Set =================
The acc is 0.9217, 0.9167, 0.9229
Time Consumption for one epoch is 24.169803857803345s
The final acc is 0.9217, 0.9167, 0.9229
