Namespace(data_dir='/data/yihua/dataset/celeba/celeba.hdf5', result_dir='crop_study', checkpoint=None, resume=False, domain_attrs='Male', target_attrs='Blond_Hair', exp_name=None, batch_size=512, lr=0.0001, wd=2e-05, epochs=20, seed=2021, num_workers=8, arch='resnet18', evaluate=False, total_num=5000, test_num=1000, gv=120.0, gr=0.1, minor_ratio=0.2, add_aug='crop')
======================================= Epoch 0 =======================================
================= Test Set =================
+++++++++++ Find New Best Min ACC +++++++++++
The acc is 0.5409, 0.4977, 0.5780
Time Consumption for one epoch is 21.78419852256775s
======================================= Epoch 1 =======================================
================= Test Set =================
The acc is 0.5409, 0.4977, 0.5780
Time Consumption for one epoch is 20.331134796142578s
======================================= Epoch 2 =======================================
================= Test Set =================
The acc is 0.5409, 0.4977, 0.5780
Time Consumption for one epoch is 19.704545497894287s
======================================= Epoch 3 =======================================
================= Test Set =================
The acc is 0.5409, 0.4977, 0.5780
Time Consumption for one epoch is 18.619801998138428s
======================================= Epoch 4 =======================================
================= Test Set =================
+++++++++++ Find New Best Min ACC +++++++++++
The acc is 0.5419, 0.5860, 0.5040
Time Consumption for one epoch is 20.065184116363525s
======================================= Epoch 5 =======================================
================= Test Set =================
+++++++++++ Find New Best Min ACC +++++++++++
The acc is 0.7720, 0.7558, 0.7860
Time Consumption for one epoch is 19.87620520591736s
======================================= Epoch 6 =======================================
================= Test Set =================
The acc is 0.7720, 0.7558, 0.7860
Time Consumption for one epoch is 22.038686752319336s
======================================= Epoch 7 =======================================
================= Test Set =================
+++++++++++ Find New Best Min ACC +++++++++++
The acc is 0.8602, 0.8302, 0.8860
Time Consumption for one epoch is 20.85241436958313s
======================================= Epoch 8 =======================================
================= Test Set =================
+++++++++++ Find New Best Min ACC +++++++++++
The acc is 0.8806, 0.8721, 0.8880
Time Consumption for one epoch is 18.67459726333618s
======================================= Epoch 9 =======================================
================= Test Set =================
The acc is 0.8806, 0.8721, 0.8880
Time Consumption for one epoch is 19.524335145950317s
======================================= Epoch 10 =======================================
================= Test Set =================
The acc is 0.8806, 0.8721, 0.8880
Time Consumption for one epoch is 20.019593715667725s
======================================= Epoch 11 =======================================
================= Test Set =================
The acc is 0.8806, 0.8721, 0.8880
Time Consumption for one epoch is 20.02359437942505s
======================================= Epoch 12 =======================================
================= Test Set =================
+++++++++++ Find New Best Min ACC +++++++++++
The acc is 0.8817, 0.8651, 0.8960
Time Consumption for one epoch is 19.26245141029358s
======================================= Epoch 13 =======================================
================= Test Set =================
+++++++++++ Find New Best Min ACC +++++++++++
The acc is 0.8849, 0.8698, 0.8980
Time Consumption for one epoch is 20.25587773323059s
======================================= Epoch 14 =======================================
================= Test Set =================
The acc is 0.8849, 0.8698, 0.8980
Time Consumption for one epoch is 19.939099550247192s
======================================= Epoch 15 =======================================
================= Test Set =================
The acc is 0.8849, 0.8698, 0.8980
Time Consumption for one epoch is 20.423893451690674s
======================================= Epoch 16 =======================================
================= Test Set =================
+++++++++++ Find New Best Min ACC +++++++++++
The acc is 0.8968, 0.8884, 0.9040
Time Consumption for one epoch is 21.344088554382324s
======================================= Epoch 17 =======================================
================= Test Set =================
+++++++++++ Find New Best Min ACC +++++++++++
The acc is 0.9065, 0.9023, 0.9100
Time Consumption for one epoch is 18.63264513015747s
======================================= Epoch 18 =======================================
================= Test Set =================
The acc is 0.9065, 0.9023, 0.9100
Time Consumption for one epoch is 18.97605800628662s
======================================= Epoch 19 =======================================
================= Test Set =================
The acc is 0.9065, 0.9023, 0.9100
Time Consumption for one epoch is 18.94254970550537s
The final acc is 0.9065, 0.9023, 0.9100
