Namespace(data_dir='/data/yihua/dataset/celeba/celeba.hdf5', result_dir='results', checkpoint=None, resume=False, domain_attrs='Male', target_attrs='Blond_Hair', exp_name=None, batch_size=512, lr=0.0001, wd=2e-05, epochs=20, seed=42, num_workers=8, arch='resnet9', evaluate=False, gv=0.15, gr=0.5)
======================================= Epoch 0 =======================================
================= Test Set =================
+++++++++++ Find New Best Min ACC +++++++++++
The acc is 0.8106, 0.7750, 0.8194
Time Consumption for one epoch is 29.031840801239014s
======================================= Epoch 1 =======================================
================= Test Set =================
+++++++++++ Find New Best Min ACC +++++++++++
The acc is 0.8750, 0.8417, 0.8833
Time Consumption for one epoch is 25.38208818435669s
======================================= Epoch 2 =======================================
================= Test Set =================
+++++++++++ Find New Best Min ACC +++++++++++
The acc is 0.8883, 0.8361, 0.9014
Time Consumption for one epoch is 25.732215881347656s
======================================= Epoch 3 =======================================
================= Test Set =================
+++++++++++ Find New Best Min ACC +++++++++++
The acc is 0.8967, 0.8500, 0.9083
Time Consumption for one epoch is 27.736083030700684s
======================================= Epoch 4 =======================================
================= Test Set =================
The acc is 0.8967, 0.8500, 0.9083
Time Consumption for one epoch is 26.152888774871826s
======================================= Epoch 5 =======================================
================= Test Set =================
+++++++++++ Find New Best Min ACC +++++++++++
The acc is 0.9033, 0.8750, 0.9104
Time Consumption for one epoch is 25.855976104736328s
======================================= Epoch 6 =======================================
================= Test Set =================
The acc is 0.9033, 0.8750, 0.9104
Time Consumption for one epoch is 26.13383960723877s
======================================= Epoch 7 =======================================
================= Test Set =================
+++++++++++ Find New Best Min ACC +++++++++++
The acc is 0.9056, 0.8667, 0.9153
Time Consumption for one epoch is 26.557243824005127s
======================================= Epoch 8 =======================================
================= Test Set =================
The acc is 0.9056, 0.8667, 0.9153
Time Consumption for one epoch is 26.10334038734436s
======================================= Epoch 9 =======================================
================= Test Set =================
+++++++++++ Find New Best Min ACC +++++++++++
The acc is 0.9178, 0.9083, 0.9201
Time Consumption for one epoch is 25.605844736099243s
======================================= Epoch 10 =======================================
================= Test Set =================
The acc is 0.9178, 0.9083, 0.9201
Time Consumption for one epoch is 26.676965475082397s
======================================= Epoch 11 =======================================
================= Test Set =================
The acc is 0.9178, 0.9083, 0.9201
Time Consumption for one epoch is 25.74886155128479s
======================================= Epoch 12 =======================================
================= Test Set =================
The acc is 0.9178, 0.9083, 0.9201
Time Consumption for one epoch is 26.05366563796997s
======================================= Epoch 13 =======================================
================= Test Set =================
+++++++++++ Find New Best Min ACC +++++++++++
The acc is 0.9183, 0.9056, 0.9215
Time Consumption for one epoch is 27.351174116134644s
======================================= Epoch 14 =======================================
================= Test Set =================
+++++++++++ Find New Best Min ACC +++++++++++
The acc is 0.9194, 0.9139, 0.9208
Time Consumption for one epoch is 27.72904062271118s
======================================= Epoch 15 =======================================
================= Test Set =================
The acc is 0.9194, 0.9139, 0.9208
Time Consumption for one epoch is 26.01058793067932s
======================================= Epoch 16 =======================================
================= Test Set =================
The acc is 0.9194, 0.9139, 0.9208
Time Consumption for one epoch is 24.68255043029785s
======================================= Epoch 17 =======================================
================= Test Set =================
The acc is 0.9194, 0.9139, 0.9208
Time Consumption for one epoch is 25.107291221618652s
======================================= Epoch 18 =======================================
================= Test Set =================
The acc is 0.9194, 0.9139, 0.9208
Time Consumption for one epoch is 27.2389178276062s
======================================= Epoch 19 =======================================
================= Test Set =================
The acc is 0.9194, 0.9139, 0.9208
Time Consumption for one epoch is 26.908843994140625s
The final acc is 0.9194, 0.9139, 0.9208
