Namespace(data_dir='/data/yihua/dataset/celeba/celeba.hdf5', result_dir='results', checkpoint=None, resume=False, domain_attrs='Male', target_attrs='Blond_Hair', exp_name=None, batch_size=512, lr=0.0001, wd=2e-05, epochs=20, seed=2020, num_workers=8, arch='resnet9', evaluate=False, gv=0.001, gr=0.3)
======================================= Epoch 0 =======================================
================= Test Set =================
+++++++++++ Find New Best Min ACC +++++++++++
The acc is 0.6750, 0.5917, 0.6958
Time Consumption for one epoch is 27.89820671081543s
======================================= Epoch 1 =======================================
================= Test Set =================
+++++++++++ Find New Best Min ACC +++++++++++
The acc is 0.8767, 0.8472, 0.8840
Time Consumption for one epoch is 24.43916368484497s
======================================= Epoch 2 =======================================
================= Test Set =================
+++++++++++ Find New Best Min ACC +++++++++++
The acc is 0.9006, 0.8722, 0.9076
Time Consumption for one epoch is 24.304077863693237s
======================================= Epoch 3 =======================================
================= Test Set =================
+++++++++++ Find New Best Min ACC +++++++++++
The acc is 0.9011, 0.8667, 0.9097
Time Consumption for one epoch is 25.986910581588745s
======================================= Epoch 4 =======================================
================= Test Set =================
+++++++++++ Find New Best Min ACC +++++++++++
The acc is 0.9144, 0.9000, 0.9181
Time Consumption for one epoch is 25.33695912361145s
======================================= Epoch 5 =======================================
================= Test Set =================
The acc is 0.9144, 0.9000, 0.9181
Time Consumption for one epoch is 23.448433876037598s
======================================= Epoch 6 =======================================
================= Test Set =================
The acc is 0.9144, 0.9000, 0.9181
Time Consumption for one epoch is 24.841826677322388s
======================================= Epoch 7 =======================================
================= Test Set =================
The acc is 0.9144, 0.9000, 0.9181
Time Consumption for one epoch is 25.141436338424683s
======================================= Epoch 8 =======================================
================= Test Set =================
The acc is 0.9144, 0.9000, 0.9181
Time Consumption for one epoch is 23.812018871307373s
======================================= Epoch 9 =======================================
================= Test Set =================
The acc is 0.9144, 0.9000, 0.9181
Time Consumption for one epoch is 24.384565591812134s
======================================= Epoch 10 =======================================
================= Test Set =================
The acc is 0.9144, 0.9000, 0.9181
Time Consumption for one epoch is 24.120736837387085s
======================================= Epoch 11 =======================================
================= Test Set =================
The acc is 0.9144, 0.9000, 0.9181
Time Consumption for one epoch is 24.364988088607788s
======================================= Epoch 12 =======================================
================= Test Set =================
+++++++++++ Find New Best Min ACC +++++++++++
The acc is 0.9150, 0.9139, 0.9153
Time Consumption for one epoch is 25.155206203460693s
======================================= Epoch 13 =======================================
================= Test Set =================
The acc is 0.9150, 0.9139, 0.9153
Time Consumption for one epoch is 26.08539080619812s
======================================= Epoch 14 =======================================
================= Test Set =================
The acc is 0.9150, 0.9139, 0.9153
Time Consumption for one epoch is 23.8916015625s
======================================= Epoch 15 =======================================
================= Test Set =================
The acc is 0.9150, 0.9139, 0.9153
Time Consumption for one epoch is 25.046432495117188s
======================================= Epoch 16 =======================================
================= Test Set =================
+++++++++++ Find New Best Min ACC +++++++++++
The acc is 0.9156, 0.9083, 0.9174
Time Consumption for one epoch is 23.186716079711914s
======================================= Epoch 17 =======================================
================= Test Set =================
The acc is 0.9156, 0.9083, 0.9174
Time Consumption for one epoch is 23.41345500946045s
======================================= Epoch 18 =======================================
================= Test Set =================
+++++++++++ Find New Best Min ACC +++++++++++
The acc is 0.9167, 0.8972, 0.9215
Time Consumption for one epoch is 24.73464560508728s
======================================= Epoch 19 =======================================
================= Test Set =================
The acc is 0.9167, 0.8972, 0.9215
Time Consumption for one epoch is 26.056365489959717s
The final acc is 0.9167, 0.8972, 0.9215
