Namespace(data_dir='/data/yihua/dataset/celeba/celeba.hdf5', result_dir='results', checkpoint=None, resume=False, domain_attrs='Male', target_attrs='Heavy_Makeup', exp_name=None, batch_size=512, lr=0.0001, wd=2e-05, epochs=20, seed=2020, num_workers=8, arch='resnet9', evaluate=False, gv=0.001, gr=0.1)
======================================= Epoch 0 =======================================
================= Test Set =================
+++++++++++ Find New Best Min ACC +++++++++++
The acc is 0.5000, 0.5000, 0.5000
Time Consumption for one epoch is 9.139549493789673s
======================================= Epoch 1 =======================================
================= Test Set =================
The acc is 0.5000, 0.5000, 0.5000
Time Consumption for one epoch is 9.04877233505249s
======================================= Epoch 2 =======================================
================= Test Set =================
The acc is 0.5000, 0.5000, 0.5000
Time Consumption for one epoch is 8.875755548477173s
======================================= Epoch 3 =======================================
================= Test Set =================
The acc is 0.5000, 0.5000, 0.5000
Time Consumption for one epoch is 8.631032705307007s
======================================= Epoch 4 =======================================
================= Test Set =================
+++++++++++ Find New Best Min ACC +++++++++++
The acc is 0.5045, 0.5227, 0.5000
Time Consumption for one epoch is 8.876953840255737s
======================================= Epoch 5 =======================================
================= Test Set =================
The acc is 0.5045, 0.5227, 0.5000
Time Consumption for one epoch is 8.140352487564087s
======================================= Epoch 6 =======================================
================= Test Set =================
+++++++++++ Find New Best Min ACC +++++++++++
The acc is 0.5227, 0.4318, 0.5455
Time Consumption for one epoch is 8.62166976928711s
======================================= Epoch 7 =======================================
================= Test Set =================
+++++++++++ Find New Best Min ACC +++++++++++
The acc is 0.5636, 0.4545, 0.5909
Time Consumption for one epoch is 9.467844724655151s
======================================= Epoch 8 =======================================
================= Test Set =================
The acc is 0.5636, 0.4545, 0.5909
Time Consumption for one epoch is 8.992656946182251s
======================================= Epoch 9 =======================================
================= Test Set =================
+++++++++++ Find New Best Min ACC +++++++++++
The acc is 0.5727, 0.5000, 0.5909
Time Consumption for one epoch is 8.035675287246704s
======================================= Epoch 10 =======================================
================= Test Set =================
+++++++++++ Find New Best Min ACC +++++++++++
The acc is 0.6000, 0.5000, 0.6250
Time Consumption for one epoch is 9.263939619064331s
======================================= Epoch 11 =======================================
================= Test Set =================
+++++++++++ Find New Best Min ACC +++++++++++
The acc is 0.6091, 0.4773, 0.6420
Time Consumption for one epoch is 9.045251369476318s
======================================= Epoch 12 =======================================
================= Test Set =================
The acc is 0.6091, 0.4773, 0.6420
Time Consumption for one epoch is 7.538770914077759s
======================================= Epoch 13 =======================================
================= Test Set =================
The acc is 0.6091, 0.4773, 0.6420
Time Consumption for one epoch is 9.514289379119873s
======================================= Epoch 14 =======================================
================= Test Set =================
+++++++++++ Find New Best Min ACC +++++++++++
The acc is 0.6364, 0.5227, 0.6648
Time Consumption for one epoch is 8.324169874191284s
======================================= Epoch 15 =======================================
================= Test Set =================
The acc is 0.6364, 0.5227, 0.6648
Time Consumption for one epoch is 8.90891146659851s
======================================= Epoch 16 =======================================
================= Test Set =================
+++++++++++ Find New Best Min ACC +++++++++++
The acc is 0.6500, 0.5455, 0.6761
Time Consumption for one epoch is 9.742524147033691s
======================================= Epoch 17 =======================================
================= Test Set =================
+++++++++++ Find New Best Min ACC +++++++++++
The acc is 0.6773, 0.5682, 0.7045
Time Consumption for one epoch is 7.537681579589844s
======================================= Epoch 18 =======================================
================= Test Set =================
The acc is 0.6773, 0.5682, 0.7045
Time Consumption for one epoch is 7.518866300582886s
======================================= Epoch 19 =======================================
================= Test Set =================
The acc is 0.6773, 0.5682, 0.7045
Time Consumption for one epoch is 10.064536094665527s
The final acc is 0.6773, 0.5682, 0.7045
