Namespace(data_dir='/data/yihua/dataset/celeba/celeba.hdf5', result_dir='results', checkpoint=None, resume=False, domain_attrs='Male', target_attrs='Heavy_Makeup', exp_name=None, batch_size=512, lr=0.0001, wd=2e-05, epochs=20, seed=2022, num_workers=8, arch='resnet9', evaluate=False, gv=1.0, gr=0.1)
======================================= Epoch 0 =======================================
================= Test Set =================
+++++++++++ Find New Best Min ACC +++++++++++
The acc is 0.5000, 0.5000, 0.5000
Time Consumption for one epoch is 8.8376944065094s
======================================= Epoch 1 =======================================
================= Test Set =================
The acc is 0.5000, 0.5000, 0.5000
Time Consumption for one epoch is 10.55718994140625s
======================================= Epoch 2 =======================================
================= Test Set =================
+++++++++++ Find New Best Min ACC +++++++++++
The acc is 0.5318, 0.5000, 0.5398
Time Consumption for one epoch is 9.009509086608887s
======================================= Epoch 3 =======================================
================= Test Set =================
The acc is 0.5318, 0.5000, 0.5398
Time Consumption for one epoch is 9.109134197235107s
======================================= Epoch 4 =======================================
================= Test Set =================
The acc is 0.5318, 0.5000, 0.5398
Time Consumption for one epoch is 9.492676734924316s
======================================= Epoch 5 =======================================
================= Test Set =================
The acc is 0.5318, 0.5000, 0.5398
Time Consumption for one epoch is 8.15998888015747s
======================================= Epoch 6 =======================================
================= Test Set =================
+++++++++++ Find New Best Min ACC +++++++++++
The acc is 0.5455, 0.5227, 0.5511
Time Consumption for one epoch is 8.774537086486816s
======================================= Epoch 7 =======================================
================= Test Set =================
+++++++++++ Find New Best Min ACC +++++++++++
The acc is 0.5955, 0.4773, 0.6250
Time Consumption for one epoch is 8.707555055618286s
======================================= Epoch 8 =======================================
================= Test Set =================
+++++++++++ Find New Best Min ACC +++++++++++
The acc is 0.6182, 0.5227, 0.6420
Time Consumption for one epoch is 7.757609128952026s
======================================= Epoch 9 =======================================
================= Test Set =================
The acc is 0.6182, 0.5227, 0.6420
Time Consumption for one epoch is 9.118322372436523s
======================================= Epoch 10 =======================================
================= Test Set =================
The acc is 0.6182, 0.5227, 0.6420
Time Consumption for one epoch is 8.189099788665771s
======================================= Epoch 11 =======================================
================= Test Set =================
+++++++++++ Find New Best Min ACC +++++++++++
The acc is 0.6409, 0.5227, 0.6705
Time Consumption for one epoch is 7.969758749008179s
======================================= Epoch 12 =======================================
================= Test Set =================
+++++++++++ Find New Best Min ACC +++++++++++
The acc is 0.6500, 0.5682, 0.6705
Time Consumption for one epoch is 8.770904779434204s
======================================= Epoch 13 =======================================
================= Test Set =================
The acc is 0.6500, 0.5682, 0.6705
Time Consumption for one epoch is 9.09946346282959s
======================================= Epoch 14 =======================================
================= Test Set =================
The acc is 0.6500, 0.5682, 0.6705
Time Consumption for one epoch is 7.253814220428467s
======================================= Epoch 15 =======================================
================= Test Set =================
The acc is 0.6500, 0.5682, 0.6705
Time Consumption for one epoch is 8.870343208312988s
======================================= Epoch 16 =======================================
================= Test Set =================
The acc is 0.6500, 0.5682, 0.6705
Time Consumption for one epoch is 8.898104667663574s
======================================= Epoch 17 =======================================
================= Test Set =================
The acc is 0.6500, 0.5682, 0.6705
Time Consumption for one epoch is 8.364669561386108s
======================================= Epoch 18 =======================================
================= Test Set =================
The acc is 0.6500, 0.5682, 0.6705
Time Consumption for one epoch is 7.566067695617676s
======================================= Epoch 19 =======================================
================= Test Set =================
+++++++++++ Find New Best Min ACC +++++++++++
The acc is 0.6545, 0.5909, 0.6705
Time Consumption for one epoch is 9.195582151412964s
The final acc is 0.6545, 0.5909, 0.6705
