Namespace(data_dir='/data/yihua/dataset/celeba/celeba.hdf5', result_dir='results', checkpoint=None, resume=False, domain_attrs='Male', target_attrs='Blond_Hair', exp_name=None, batch_size=512, lr=0.0001, wd=2e-05, epochs=20, seed=2021, num_workers=8, arch='resnet9', evaluate=False, gv=0.2, gr=0.1)
======================================= Epoch 0 =======================================
================= Test Set =================
+++++++++++ Find New Best Min ACC +++++++++++
The acc is 0.5550, 0.5417, 0.5583
Time Consumption for one epoch is 30.606072664260864s
======================================= Epoch 1 =======================================
================= Test Set =================
+++++++++++ Find New Best Min ACC +++++++++++
The acc is 0.8861, 0.8528, 0.8944
Time Consumption for one epoch is 26.017770767211914s
======================================= Epoch 2 =======================================
================= Test Set =================
+++++++++++ Find New Best Min ACC +++++++++++
The acc is 0.8906, 0.8611, 0.8979
Time Consumption for one epoch is 24.611586809158325s
======================================= Epoch 3 =======================================
================= Test Set =================
The acc is 0.8906, 0.8611, 0.8979
Time Consumption for one epoch is 27.374919652938843s
======================================= Epoch 4 =======================================
================= Test Set =================
+++++++++++ Find New Best Min ACC +++++++++++
The acc is 0.8994, 0.8806, 0.9042
Time Consumption for one epoch is 26.15423345565796s
======================================= Epoch 5 =======================================
================= Test Set =================
+++++++++++ Find New Best Min ACC +++++++++++
The acc is 0.9017, 0.8722, 0.9090
Time Consumption for one epoch is 26.67683744430542s
======================================= Epoch 6 =======================================
================= Test Set =================
The acc is 0.9017, 0.8722, 0.9090
Time Consumption for one epoch is 26.778550624847412s
======================================= Epoch 7 =======================================
================= Test Set =================
The acc is 0.9017, 0.8722, 0.9090
Time Consumption for one epoch is 26.20756459236145s
======================================= Epoch 8 =======================================
================= Test Set =================
The acc is 0.9017, 0.8722, 0.9090
Time Consumption for one epoch is 27.163052558898926s
======================================= Epoch 9 =======================================
================= Test Set =================
The acc is 0.9017, 0.8722, 0.9090
Time Consumption for one epoch is 26.12863063812256s
======================================= Epoch 10 =======================================
================= Test Set =================
+++++++++++ Find New Best Min ACC +++++++++++
The acc is 0.9028, 0.8611, 0.9132
Time Consumption for one epoch is 27.166594982147217s
======================================= Epoch 11 =======================================
================= Test Set =================
+++++++++++ Find New Best Min ACC +++++++++++
The acc is 0.9150, 0.9056, 0.9174
Time Consumption for one epoch is 26.020418882369995s
======================================= Epoch 12 =======================================
================= Test Set =================
The acc is 0.9150, 0.9056, 0.9174
Time Consumption for one epoch is 27.003374099731445s
======================================= Epoch 13 =======================================
================= Test Set =================
The acc is 0.9150, 0.9056, 0.9174
Time Consumption for one epoch is 26.932290077209473s
======================================= Epoch 14 =======================================
================= Test Set =================
+++++++++++ Find New Best Min ACC +++++++++++
The acc is 0.9167, 0.9056, 0.9194
Time Consumption for one epoch is 27.203570127487183s
======================================= Epoch 15 =======================================
================= Test Set =================
+++++++++++ Find New Best Min ACC +++++++++++
The acc is 0.9178, 0.8944, 0.9236
Time Consumption for one epoch is 27.75929570198059s
======================================= Epoch 16 =======================================
================= Test Set =================
+++++++++++ Find New Best Min ACC +++++++++++
The acc is 0.9217, 0.9028, 0.9264
Time Consumption for one epoch is 26.46990704536438s
======================================= Epoch 17 =======================================
================= Test Set =================
+++++++++++ Find New Best Min ACC +++++++++++
The acc is 0.9222, 0.9139, 0.9243
Time Consumption for one epoch is 26.653164386749268s
======================================= Epoch 18 =======================================
================= Test Set =================
The acc is 0.9222, 0.9139, 0.9243
Time Consumption for one epoch is 25.499817609786987s
======================================= Epoch 19 =======================================
================= Test Set =================
The acc is 0.9222, 0.9139, 0.9243
Time Consumption for one epoch is 26.889459133148193s
The final acc is 0.9222, 0.9139, 0.9243
