Namespace(data_dir='/data/yihua/dataset/celeba/celeba.hdf5', result_dir='results', checkpoint=None, resume=False, domain_attrs='Male', target_attrs='Blond_Hair', exp_name=None, batch_size=512, lr=0.0001, wd=2e-05, epochs=20, seed=2022, num_workers=8, arch='resnet18', evaluate=False, gv=1.0, gr=0.1)
======================================= Epoch 0 =======================================
================= Test Set =================
+++++++++++ Find New Best Min ACC +++++++++++
The acc is 0.5133, 0.5083, 0.5146
Time Consumption for one epoch is 45.713629484176636s
======================================= Epoch 1 =======================================
================= Test Set =================
+++++++++++ Find New Best Min ACC +++++++++++
The acc is 0.7983, 0.7056, 0.8215
Time Consumption for one epoch is 43.36806011199951s
======================================= Epoch 2 =======================================
================= Test Set =================
+++++++++++ Find New Best Min ACC +++++++++++
The acc is 0.8594, 0.8250, 0.8681
Time Consumption for one epoch is 43.46680951118469s
======================================= Epoch 3 =======================================
================= Test Set =================
+++++++++++ Find New Best Min ACC +++++++++++
The acc is 0.8844, 0.8472, 0.8938
Time Consumption for one epoch is 41.86815404891968s
======================================= Epoch 4 =======================================
================= Test Set =================
The acc is 0.8844, 0.8472, 0.8938
Time Consumption for one epoch is 41.99987244606018s
======================================= Epoch 5 =======================================
================= Test Set =================
The acc is 0.8844, 0.8472, 0.8938
Time Consumption for one epoch is 41.92372274398804s
======================================= Epoch 6 =======================================
================= Test Set =================
+++++++++++ Find New Best Min ACC +++++++++++
The acc is 0.9106, 0.9000, 0.9132
Time Consumption for one epoch is 42.644690990448s
======================================= Epoch 7 =======================================
================= Test Set =================
The acc is 0.9106, 0.9000, 0.9132
Time Consumption for one epoch is 40.88684129714966s
======================================= Epoch 8 =======================================
================= Test Set =================
The acc is 0.9106, 0.9000, 0.9132
Time Consumption for one epoch is 41.67822027206421s
======================================= Epoch 9 =======================================
================= Test Set =================
The acc is 0.9106, 0.9000, 0.9132
Time Consumption for one epoch is 41.04202699661255s
======================================= Epoch 10 =======================================
================= Test Set =================
The acc is 0.9106, 0.9000, 0.9132
Time Consumption for one epoch is 41.10494065284729s
======================================= Epoch 11 =======================================
================= Test Set =================
The acc is 0.9106, 0.9000, 0.9132
Time Consumption for one epoch is 41.13562297821045s
======================================= Epoch 12 =======================================
================= Test Set =================
The acc is 0.9106, 0.9000, 0.9132
Time Consumption for one epoch is 42.30657696723938s
======================================= Epoch 13 =======================================
================= Test Set =================
+++++++++++ Find New Best Min ACC +++++++++++
The acc is 0.9122, 0.9028, 0.9146
Time Consumption for one epoch is 43.342304706573486s
======================================= Epoch 14 =======================================
================= Test Set =================
The acc is 0.9122, 0.9028, 0.9146
Time Consumption for one epoch is 41.5100531578064s
======================================= Epoch 15 =======================================
================= Test Set =================
The acc is 0.9122, 0.9028, 0.9146
Time Consumption for one epoch is 40.72386860847473s
======================================= Epoch 16 =======================================
================= Test Set =================
+++++++++++ Find New Best Min ACC +++++++++++
The acc is 0.9172, 0.8972, 0.9222
Time Consumption for one epoch is 42.638590574264526s
======================================= Epoch 17 =======================================
================= Test Set =================
The acc is 0.9172, 0.8972, 0.9222
Time Consumption for one epoch is 41.28114056587219s
======================================= Epoch 18 =======================================
================= Test Set =================
+++++++++++ Find New Best Min ACC +++++++++++
The acc is 0.9206, 0.9056, 0.9243
Time Consumption for one epoch is 42.500792264938354s
======================================= Epoch 19 =======================================
================= Test Set =================
The acc is 0.9206, 0.9056, 0.9243
Time Consumption for one epoch is 41.927175998687744s
The final acc is 0.9206, 0.9056, 0.9243
