Namespace(data_dir='/data/yihua/dataset/celeba/celeba.hdf5', result_dir='crop_study', checkpoint=None, resume=False, domain_attrs='Male', target_attrs='Blond_Hair', exp_name=None, batch_size=512, lr=0.0001, wd=2e-05, epochs=20, seed=2021, num_workers=8, arch='resnet9', evaluate=False, total_num=5000, test_num=1000, gv=140.0, gr=0.3, minor_ratio=0.2, add_aug='crop')
======================================= Epoch 0 =======================================
================= Test Set =================
+++++++++++ Find New Best Min ACC +++++++++++
The acc is 0.4624, 0.4186, 0.5000
Time Consumption for one epoch is 16.544036388397217s
======================================= Epoch 1 =======================================
================= Test Set =================
The acc is 0.4624, 0.4186, 0.5000
Time Consumption for one epoch is 13.896362543106079s
======================================= Epoch 2 =======================================
================= Test Set =================
+++++++++++ Find New Best Min ACC +++++++++++
The acc is 0.5871, 0.5930, 0.5820
Time Consumption for one epoch is 14.674738883972168s
======================================= Epoch 3 =======================================
================= Test Set =================
+++++++++++ Find New Best Min ACC +++++++++++
The acc is 0.7462, 0.7209, 0.7680
Time Consumption for one epoch is 14.180487632751465s
======================================= Epoch 4 =======================================
================= Test Set =================
+++++++++++ Find New Best Min ACC +++++++++++
The acc is 0.8419, 0.8256, 0.8560
Time Consumption for one epoch is 14.46819519996643s
======================================= Epoch 5 =======================================
================= Test Set =================
+++++++++++ Find New Best Min ACC +++++++++++
The acc is 0.8656, 0.8512, 0.8780
Time Consumption for one epoch is 14.998301267623901s
======================================= Epoch 6 =======================================
================= Test Set =================
+++++++++++ Find New Best Min ACC +++++++++++
The acc is 0.8688, 0.8558, 0.8800
Time Consumption for one epoch is 14.414531469345093s
======================================= Epoch 7 =======================================
================= Test Set =================
+++++++++++ Find New Best Min ACC +++++++++++
The acc is 0.8710, 0.8442, 0.8940
Time Consumption for one epoch is 14.352531671524048s
======================================= Epoch 8 =======================================
================= Test Set =================
The acc is 0.8710, 0.8442, 0.8940
Time Consumption for one epoch is 14.347551107406616s
======================================= Epoch 9 =======================================
================= Test Set =================
The acc is 0.8710, 0.8442, 0.8940
Time Consumption for one epoch is 14.284312009811401s
======================================= Epoch 10 =======================================
================= Test Set =================
+++++++++++ Find New Best Min ACC +++++++++++
The acc is 0.8742, 0.8558, 0.8900
Time Consumption for one epoch is 14.744508504867554s
======================================= Epoch 11 =======================================
================= Test Set =================
The acc is 0.8742, 0.8558, 0.8900
Time Consumption for one epoch is 14.267739295959473s
======================================= Epoch 12 =======================================
================= Test Set =================
The acc is 0.8742, 0.8558, 0.8900
Time Consumption for one epoch is 14.488338470458984s
======================================= Epoch 13 =======================================
================= Test Set =================
+++++++++++ Find New Best Min ACC +++++++++++
The acc is 0.8860, 0.8698, 0.9000
Time Consumption for one epoch is 14.588276147842407s
======================================= Epoch 14 =======================================
================= Test Set =================
+++++++++++ Find New Best Min ACC +++++++++++
The acc is 0.8989, 0.8930, 0.9040
Time Consumption for one epoch is 14.673874855041504s
======================================= Epoch 15 =======================================
================= Test Set =================
The acc is 0.8989, 0.8930, 0.9040
Time Consumption for one epoch is 15.015058755874634s
======================================= Epoch 16 =======================================
================= Test Set =================
The acc is 0.8989, 0.8930, 0.9040
Time Consumption for one epoch is 14.162572622299194s
======================================= Epoch 17 =======================================
================= Test Set =================
The acc is 0.8989, 0.8930, 0.9040
Time Consumption for one epoch is 14.767284631729126s
======================================= Epoch 18 =======================================
================= Test Set =================
+++++++++++ Find New Best Min ACC +++++++++++
The acc is 0.9022, 0.8977, 0.9060
Time Consumption for one epoch is 14.647772312164307s
======================================= Epoch 19 =======================================
================= Test Set =================
The acc is 0.9022, 0.8977, 0.9060
Time Consumption for one epoch is 14.823034763336182s
The final acc is 0.9022, 0.8977, 0.9060
