Namespace(data_dir='/data/yihua/dataset/celeba/celeba.hdf5', result_dir='rotation_study', checkpoint=None, resume=False, domain_attrs='Male', target_attrs='Blond_Hair', exp_name=None, batch_size=512, lr=0.0001, wd=2e-05, epochs=20, seed=2022, num_workers=8, arch='resnet9', evaluate=False, total_num=5000, test_num=1000, gv=30.0, gr=0.3, minor_ratio=0.2, add_aug='rotation')
======================================= Epoch 0 =======================================
================= Test Set =================
+++++++++++ Find New Best Min ACC +++++++++++
The acc is 0.4624, 0.4186, 0.5000
Time Consumption for one epoch is 17.430147171020508s
======================================= Epoch 1 =======================================
================= Test Set =================
The acc is 0.4624, 0.4186, 0.5000
Time Consumption for one epoch is 14.875577688217163s
======================================= Epoch 2 =======================================
================= Test Set =================
+++++++++++ Find New Best Min ACC +++++++++++
The acc is 0.5075, 0.4512, 0.5560
Time Consumption for one epoch is 14.979984045028687s
======================================= Epoch 3 =======================================
================= Test Set =================
+++++++++++ Find New Best Min ACC +++++++++++
The acc is 0.7301, 0.6674, 0.7840
Time Consumption for one epoch is 15.142761707305908s
======================================= Epoch 4 =======================================
================= Test Set =================
+++++++++++ Find New Best Min ACC +++++++++++
The acc is 0.7785, 0.7465, 0.8060
Time Consumption for one epoch is 14.526032209396362s
======================================= Epoch 5 =======================================
================= Test Set =================
+++++++++++ Find New Best Min ACC +++++++++++
The acc is 0.8710, 0.8558, 0.8840
Time Consumption for one epoch is 14.558917760848999s
======================================= Epoch 6 =======================================
================= Test Set =================
The acc is 0.8710, 0.8558, 0.8840
Time Consumption for one epoch is 14.81817626953125s
======================================= Epoch 7 =======================================
================= Test Set =================
+++++++++++ Find New Best Min ACC +++++++++++
The acc is 0.8796, 0.8605, 0.8960
Time Consumption for one epoch is 14.44808292388916s
======================================= Epoch 8 =======================================
================= Test Set =================
+++++++++++ Find New Best Min ACC +++++++++++
The acc is 0.8849, 0.8581, 0.9080
Time Consumption for one epoch is 15.179240465164185s
======================================= Epoch 9 =======================================
================= Test Set =================
+++++++++++ Find New Best Min ACC +++++++++++
The acc is 0.8935, 0.8744, 0.9100
Time Consumption for one epoch is 14.238720655441284s
======================================= Epoch 10 =======================================
================= Test Set =================
The acc is 0.8935, 0.8744, 0.9100
Time Consumption for one epoch is 14.964622259140015s
======================================= Epoch 11 =======================================
================= Test Set =================
The acc is 0.8935, 0.8744, 0.9100
Time Consumption for one epoch is 14.62780499458313s
======================================= Epoch 12 =======================================
================= Test Set =================
The acc is 0.8935, 0.8744, 0.9100
Time Consumption for one epoch is 14.347989797592163s
======================================= Epoch 13 =======================================
================= Test Set =================
The acc is 0.8935, 0.8744, 0.9100
Time Consumption for one epoch is 14.26919937133789s
======================================= Epoch 14 =======================================
================= Test Set =================
The acc is 0.8935, 0.8744, 0.9100
Time Consumption for one epoch is 14.226999521255493s
======================================= Epoch 15 =======================================
================= Test Set =================
The acc is 0.8935, 0.8744, 0.9100
Time Consumption for one epoch is 14.305123567581177s
======================================= Epoch 16 =======================================
================= Test Set =================
The acc is 0.8935, 0.8744, 0.9100
Time Consumption for one epoch is 14.622859239578247s
======================================= Epoch 17 =======================================
================= Test Set =================
+++++++++++ Find New Best Min ACC +++++++++++
The acc is 0.8957, 0.8814, 0.9080
Time Consumption for one epoch is 14.418179035186768s
======================================= Epoch 18 =======================================
================= Test Set =================
+++++++++++ Find New Best Min ACC +++++++++++
The acc is 0.9000, 0.8884, 0.9100
Time Consumption for one epoch is 14.157421588897705s
======================================= Epoch 19 =======================================
================= Test Set =================
The acc is 0.9000, 0.8884, 0.9100
Time Consumption for one epoch is 15.141071796417236s
The final acc is 0.9000, 0.8884, 0.9100
