Namespace(data_dir='/data/yihua/dataset/celeba/celeba.hdf5', result_dir='results', checkpoint=None, resume=False, domain_attrs='Male', target_attrs='Blond_Hair', exp_name=None, batch_size=512, lr=0.0001, wd=2e-05, epochs=20, seed=2022, num_workers=8, arch='resnet9', evaluate=False, gv=0.15, gr=0.3)
======================================= Epoch 0 =======================================
================= Test Set =================
+++++++++++ Find New Best Min ACC +++++++++++
The acc is 0.6206, 0.5639, 0.6347
Time Consumption for one epoch is 30.749356031417847s
======================================= Epoch 1 =======================================
================= Test Set =================
+++++++++++ Find New Best Min ACC +++++++++++
The acc is 0.8850, 0.8167, 0.9021
Time Consumption for one epoch is 27.292256355285645s
======================================= Epoch 2 =======================================
================= Test Set =================
+++++++++++ Find New Best Min ACC +++++++++++
The acc is 0.8878, 0.8556, 0.8958
Time Consumption for one epoch is 28.01455283164978s
======================================= Epoch 3 =======================================
================= Test Set =================
The acc is 0.8878, 0.8556, 0.8958
Time Consumption for one epoch is 27.105432748794556s
======================================= Epoch 4 =======================================
================= Test Set =================
+++++++++++ Find New Best Min ACC +++++++++++
The acc is 0.9044, 0.8722, 0.9125
Time Consumption for one epoch is 27.294062614440918s
======================================= Epoch 5 =======================================
================= Test Set =================
+++++++++++ Find New Best Min ACC +++++++++++
The acc is 0.9056, 0.8722, 0.9139
Time Consumption for one epoch is 28.293150186538696s
======================================= Epoch 6 =======================================
================= Test Set =================
The acc is 0.9056, 0.8722, 0.9139
Time Consumption for one epoch is 26.885305643081665s
======================================= Epoch 7 =======================================
================= Test Set =================
+++++++++++ Find New Best Min ACC +++++++++++
The acc is 0.9067, 0.8806, 0.9132
Time Consumption for one epoch is 28.581510066986084s
======================================= Epoch 8 =======================================
================= Test Set =================
The acc is 0.9067, 0.8806, 0.9132
Time Consumption for one epoch is 26.795850038528442s
======================================= Epoch 9 =======================================
================= Test Set =================
+++++++++++ Find New Best Min ACC +++++++++++
The acc is 0.9106, 0.9083, 0.9111
Time Consumption for one epoch is 25.93592596054077s
======================================= Epoch 10 =======================================
================= Test Set =================
+++++++++++ Find New Best Min ACC +++++++++++
The acc is 0.9200, 0.9083, 0.9229
Time Consumption for one epoch is 27.561645030975342s
======================================= Epoch 11 =======================================
================= Test Set =================
The acc is 0.9200, 0.9083, 0.9229
Time Consumption for one epoch is 27.43310523033142s
======================================= Epoch 12 =======================================
================= Test Set =================
The acc is 0.9200, 0.9083, 0.9229
Time Consumption for one epoch is 27.18549942970276s
======================================= Epoch 13 =======================================
================= Test Set =================
+++++++++++ Find New Best Min ACC +++++++++++
The acc is 0.9222, 0.9028, 0.9271
Time Consumption for one epoch is 27.40187406539917s
======================================= Epoch 14 =======================================
================= Test Set =================
The acc is 0.9222, 0.9028, 0.9271
Time Consumption for one epoch is 28.087367057800293s
======================================= Epoch 15 =======================================
================= Test Set =================
The acc is 0.9222, 0.9028, 0.9271
Time Consumption for one epoch is 27.187525987625122s
======================================= Epoch 16 =======================================
================= Test Set =================
The acc is 0.9222, 0.9028, 0.9271
Time Consumption for one epoch is 27.150778770446777s
======================================= Epoch 17 =======================================
================= Test Set =================
The acc is 0.9222, 0.9028, 0.9271
Time Consumption for one epoch is 28.18622374534607s
======================================= Epoch 18 =======================================
================= Test Set =================
The acc is 0.9222, 0.9028, 0.9271
Time Consumption for one epoch is 26.810300827026367s
======================================= Epoch 19 =======================================
================= Test Set =================
The acc is 0.9222, 0.9028, 0.9271
Time Consumption for one epoch is 25.989611625671387s
The final acc is 0.9222, 0.9028, 0.9271
