Namespace(data_dir='/data/yihua/dataset/celeba/celeba.hdf5', result_dir='results', checkpoint=None, resume=False, domain_attrs='Male', target_attrs='Blond_Hair', exp_name=None, batch_size=512, lr=0.0001, wd=2e-05, epochs=20, seed=2022, num_workers=8, arch='resnet18', evaluate=False, gv=1e-05, gr=0.1)
======================================= Epoch 0 =======================================
================= Test Set =================
+++++++++++ Find New Best Min ACC +++++++++++
The acc is 0.5000, 0.5000, 0.5000
Time Consumption for one epoch is 45.493539571762085s
======================================= Epoch 1 =======================================
================= Test Set =================
+++++++++++ Find New Best Min ACC +++++++++++
The acc is 0.6433, 0.5833, 0.6583
Time Consumption for one epoch is 43.89581775665283s
======================================= Epoch 2 =======================================
================= Test Set =================
+++++++++++ Find New Best Min ACC +++++++++++
The acc is 0.8683, 0.8389, 0.8757
Time Consumption for one epoch is 41.50389361381531s
======================================= Epoch 3 =======================================
================= Test Set =================
+++++++++++ Find New Best Min ACC +++++++++++
The acc is 0.9044, 0.8861, 0.9090
Time Consumption for one epoch is 41.889167070388794s
======================================= Epoch 4 =======================================
================= Test Set =================
The acc is 0.9044, 0.8861, 0.9090
Time Consumption for one epoch is 40.96247124671936s
======================================= Epoch 5 =======================================
================= Test Set =================
The acc is 0.9044, 0.8861, 0.9090
Time Consumption for one epoch is 40.15513467788696s
======================================= Epoch 6 =======================================
================= Test Set =================
The acc is 0.9044, 0.8861, 0.9090
Time Consumption for one epoch is 40.37559247016907s
======================================= Epoch 7 =======================================
================= Test Set =================
+++++++++++ Find New Best Min ACC +++++++++++
The acc is 0.9078, 0.8833, 0.9139
Time Consumption for one epoch is 41.96855115890503s
======================================= Epoch 8 =======================================
================= Test Set =================
The acc is 0.9078, 0.8833, 0.9139
Time Consumption for one epoch is 40.88999342918396s
======================================= Epoch 9 =======================================
================= Test Set =================
The acc is 0.9078, 0.8833, 0.9139
Time Consumption for one epoch is 42.99666166305542s
======================================= Epoch 10 =======================================
================= Test Set =================
The acc is 0.9078, 0.8833, 0.9139
Time Consumption for one epoch is 41.25673222541809s
======================================= Epoch 11 =======================================
================= Test Set =================
The acc is 0.9078, 0.8833, 0.9139
Time Consumption for one epoch is 42.11387372016907s
======================================= Epoch 12 =======================================
================= Test Set =================
The acc is 0.9078, 0.8833, 0.9139
Time Consumption for one epoch is 39.73920822143555s
======================================= Epoch 13 =======================================
================= Test Set =================
The acc is 0.9078, 0.8833, 0.9139
Time Consumption for one epoch is 42.53113770484924s
======================================= Epoch 14 =======================================
================= Test Set =================
The acc is 0.9078, 0.8833, 0.9139
Time Consumption for one epoch is 41.52565622329712s
======================================= Epoch 15 =======================================
================= Test Set =================
The acc is 0.9078, 0.8833, 0.9139
Time Consumption for one epoch is 40.580920457839966s
======================================= Epoch 16 =======================================
================= Test Set =================
+++++++++++ Find New Best Min ACC +++++++++++
The acc is 0.9139, 0.8917, 0.9194
Time Consumption for one epoch is 43.14292335510254s
======================================= Epoch 17 =======================================
================= Test Set =================
+++++++++++ Find New Best Min ACC +++++++++++
The acc is 0.9150, 0.8917, 0.9208
Time Consumption for one epoch is 42.39315128326416s
======================================= Epoch 18 =======================================
================= Test Set =================
The acc is 0.9150, 0.8917, 0.9208
Time Consumption for one epoch is 41.119627475738525s
======================================= Epoch 19 =======================================
================= Test Set =================
+++++++++++ Find New Best Min ACC +++++++++++
The acc is 0.9156, 0.8889, 0.9222
Time Consumption for one epoch is 41.766820669174194s
The final acc is 0.9156, 0.8889, 0.9222
