Namespace(data_dir='/data/yihua/dataset/celeba/celeba.hdf5', result_dir='results', checkpoint=None, resume=False, domain_attrs='Male', target_attrs='Blond_Hair', exp_name=None, batch_size=512, lr=0.0001, wd=2e-05, epochs=20, seed=42, num_workers=8, arch='resnet9', evaluate=False, gv=0.0, gr=0.0)
======================================= Epoch 0 =======================================
================= Test Set =================
+++++++++++ Find New Best Min ACC +++++++++++
The acc is 0.5461, 0.5194, 0.5528
Time Consumption for one epoch is 27.799676656723022s
======================================= Epoch 1 =======================================
================= Test Set =================
+++++++++++ Find New Best Min ACC +++++++++++
The acc is 0.8856, 0.8472, 0.8951
Time Consumption for one epoch is 23.77159094810486s
======================================= Epoch 2 =======================================
================= Test Set =================
+++++++++++ Find New Best Min ACC +++++++++++
The acc is 0.8900, 0.8722, 0.8944
Time Consumption for one epoch is 23.786415338516235s
======================================= Epoch 3 =======================================
================= Test Set =================
+++++++++++ Find New Best Min ACC +++++++++++
The acc is 0.8950, 0.8556, 0.9049
Time Consumption for one epoch is 23.485599517822266s
======================================= Epoch 4 =======================================
================= Test Set =================
+++++++++++ Find New Best Min ACC +++++++++++
The acc is 0.9017, 0.8694, 0.9097
Time Consumption for one epoch is 24.213706970214844s
======================================= Epoch 5 =======================================
================= Test Set =================
The acc is 0.9017, 0.8694, 0.9097
Time Consumption for one epoch is 24.442955493927002s
======================================= Epoch 6 =======================================
================= Test Set =================
+++++++++++ Find New Best Min ACC +++++++++++
The acc is 0.9111, 0.9000, 0.9139
Time Consumption for one epoch is 24.45621681213379s
======================================= Epoch 7 =======================================
================= Test Set =================
The acc is 0.9111, 0.9000, 0.9139
Time Consumption for one epoch is 23.76463794708252s
======================================= Epoch 8 =======================================
================= Test Set =================
The acc is 0.9111, 0.9000, 0.9139
Time Consumption for one epoch is 24.369468688964844s
======================================= Epoch 9 =======================================
================= Test Set =================
The acc is 0.9111, 0.9000, 0.9139
Time Consumption for one epoch is 23.266436338424683s
======================================= Epoch 10 =======================================
================= Test Set =================
The acc is 0.9111, 0.9000, 0.9139
Time Consumption for one epoch is 23.65618085861206s
======================================= Epoch 11 =======================================
================= Test Set =================
The acc is 0.9111, 0.9000, 0.9139
Time Consumption for one epoch is 24.045787811279297s
======================================= Epoch 12 =======================================
================= Test Set =================
The acc is 0.9111, 0.9000, 0.9139
Time Consumption for one epoch is 23.60197353363037s
======================================= Epoch 13 =======================================
================= Test Set =================
+++++++++++ Find New Best Min ACC +++++++++++
The acc is 0.9211, 0.9194, 0.9215
Time Consumption for one epoch is 24.891438961029053s
======================================= Epoch 14 =======================================
================= Test Set =================
The acc is 0.9211, 0.9194, 0.9215
Time Consumption for one epoch is 22.663920402526855s
======================================= Epoch 15 =======================================
================= Test Set =================
The acc is 0.9211, 0.9194, 0.9215
Time Consumption for one epoch is 24.228759050369263s
======================================= Epoch 16 =======================================
================= Test Set =================
The acc is 0.9211, 0.9194, 0.9215
Time Consumption for one epoch is 24.11988592147827s
======================================= Epoch 17 =======================================
================= Test Set =================
The acc is 0.9211, 0.9194, 0.9215
Time Consumption for one epoch is 25.427955627441406s
======================================= Epoch 18 =======================================
================= Test Set =================
+++++++++++ Find New Best Min ACC +++++++++++
The acc is 0.9222, 0.9083, 0.9257
Time Consumption for one epoch is 23.69102430343628s
======================================= Epoch 19 =======================================
================= Test Set =================
The acc is 0.9222, 0.9083, 0.9257
Time Consumption for one epoch is 24.75957942008972s
The final acc is 0.9222, 0.9083, 0.9257
