Namespace(data_dir='/data/yihua/dataset/celeba/celeba.hdf5', result_dir='results', checkpoint=None, resume=False, domain_attrs='Male', target_attrs='Heavy_Makeup', exp_name=None, batch_size=512, lr=0.0001, wd=2e-05, epochs=20, seed=2023, num_workers=8, arch='resnet9', evaluate=False, gv=1e-05, gr=0.5)
======================================= Epoch 0 =======================================
================= Test Set =================
+++++++++++ Find New Best Min ACC +++++++++++
The acc is 0.5000, 0.5000, 0.5000
Time Consumption for one epoch is 9.097468614578247s
======================================= Epoch 1 =======================================
================= Test Set =================
+++++++++++ Find New Best Min ACC +++++++++++
The acc is 0.5045, 0.5227, 0.5000
Time Consumption for one epoch is 7.599360466003418s
======================================= Epoch 2 =======================================
================= Test Set =================
The acc is 0.5045, 0.5227, 0.5000
Time Consumption for one epoch is 9.498340845108032s
======================================= Epoch 3 =======================================
================= Test Set =================
The acc is 0.5045, 0.5227, 0.5000
Time Consumption for one epoch is 9.377912759780884s
======================================= Epoch 4 =======================================
================= Test Set =================
The acc is 0.5045, 0.5227, 0.5000
Time Consumption for one epoch is 7.405730724334717s
======================================= Epoch 5 =======================================
================= Test Set =================
The acc is 0.5045, 0.5227, 0.5000
Time Consumption for one epoch is 7.580859899520874s
======================================= Epoch 6 =======================================
================= Test Set =================
+++++++++++ Find New Best Min ACC +++++++++++
The acc is 0.5091, 0.5227, 0.5057
Time Consumption for one epoch is 7.705347537994385s
======================================= Epoch 7 =======================================
================= Test Set =================
+++++++++++ Find New Best Min ACC +++++++++++
The acc is 0.5545, 0.5455, 0.5568
Time Consumption for one epoch is 8.137538433074951s
======================================= Epoch 8 =======================================
================= Test Set =================
+++++++++++ Find New Best Min ACC +++++++++++
The acc is 0.6273, 0.5682, 0.6420
Time Consumption for one epoch is 8.652400732040405s
======================================= Epoch 9 =======================================
================= Test Set =================
The acc is 0.6273, 0.5682, 0.6420
Time Consumption for one epoch is 7.4151880741119385s
======================================= Epoch 10 =======================================
================= Test Set =================
The acc is 0.6273, 0.5682, 0.6420
Time Consumption for one epoch is 8.167088747024536s
======================================= Epoch 11 =======================================
================= Test Set =================
+++++++++++ Find New Best Min ACC +++++++++++
The acc is 0.6364, 0.5455, 0.6591
Time Consumption for one epoch is 8.869140625s
======================================= Epoch 12 =======================================
================= Test Set =================
+++++++++++ Find New Best Min ACC +++++++++++
The acc is 0.6545, 0.4773, 0.6989
Time Consumption for one epoch is 9.633324146270752s
======================================= Epoch 13 =======================================
================= Test Set =================
The acc is 0.6545, 0.4773, 0.6989
Time Consumption for one epoch is 9.188282251358032s
======================================= Epoch 14 =======================================
================= Test Set =================
The acc is 0.6545, 0.4773, 0.6989
Time Consumption for one epoch is 7.797378301620483s
======================================= Epoch 15 =======================================
================= Test Set =================
The acc is 0.6545, 0.4773, 0.6989
Time Consumption for one epoch is 6.99368953704834s
======================================= Epoch 16 =======================================
================= Test Set =================
+++++++++++ Find New Best Min ACC +++++++++++
The acc is 0.6636, 0.6136, 0.6761
Time Consumption for one epoch is 8.290872573852539s
======================================= Epoch 17 =======================================
================= Test Set =================
+++++++++++ Find New Best Min ACC +++++++++++
The acc is 0.6864, 0.6591, 0.6932
Time Consumption for one epoch is 9.242581367492676s
======================================= Epoch 18 =======================================
================= Test Set =================
The acc is 0.6864, 0.6591, 0.6932
Time Consumption for one epoch is 9.358250617980957s
======================================= Epoch 19 =======================================
================= Test Set =================
+++++++++++ Find New Best Min ACC +++++++++++
The acc is 0.6909, 0.6364, 0.7045
Time Consumption for one epoch is 9.299829244613647s
The final acc is 0.6909, 0.6364, 0.7045
