Namespace(data_dir='/data/yihua/dataset/celeba/celeba.hdf5', result_dir='results', checkpoint=None, resume=False, domain_attrs='Male', target_attrs='Heavy_Makeup', exp_name=None, batch_size=512, lr=0.0001, wd=2e-05, epochs=20, seed=2024, num_workers=8, arch='resnet9', evaluate=False, gv=0.1, gr=0.1)
======================================= Epoch 0 =======================================
================= Test Set =================
+++++++++++ Find New Best Min ACC +++++++++++
The acc is 0.5000, 0.5000, 0.5000
Time Consumption for one epoch is 8.556113004684448s
======================================= Epoch 1 =======================================
================= Test Set =================
+++++++++++ Find New Best Min ACC +++++++++++
The acc is 0.5182, 0.4318, 0.5398
Time Consumption for one epoch is 7.250800132751465s
======================================= Epoch 2 =======================================
================= Test Set =================
The acc is 0.5182, 0.4318, 0.5398
Time Consumption for one epoch is 7.096162796020508s
======================================= Epoch 3 =======================================
================= Test Set =================
The acc is 0.5182, 0.4318, 0.5398
Time Consumption for one epoch is 8.356781244277954s
======================================= Epoch 4 =======================================
================= Test Set =================
The acc is 0.5182, 0.4318, 0.5398
Time Consumption for one epoch is 8.450915098190308s
======================================= Epoch 5 =======================================
================= Test Set =================
The acc is 0.5182, 0.4318, 0.5398
Time Consumption for one epoch is 8.920873880386353s
======================================= Epoch 6 =======================================
================= Test Set =================
The acc is 0.5182, 0.4318, 0.5398
Time Consumption for one epoch is 7.957060813903809s
======================================= Epoch 7 =======================================
================= Test Set =================
The acc is 0.5182, 0.4318, 0.5398
Time Consumption for one epoch is 7.559321641921997s
======================================= Epoch 8 =======================================
================= Test Set =================
The acc is 0.5182, 0.4318, 0.5398
Time Consumption for one epoch is 7.682807683944702s
======================================= Epoch 9 =======================================
================= Test Set =================
+++++++++++ Find New Best Min ACC +++++++++++
The acc is 0.6045, 0.5227, 0.6250
Time Consumption for one epoch is 7.996761798858643s
======================================= Epoch 10 =======================================
================= Test Set =================
The acc is 0.6045, 0.5227, 0.6250
Time Consumption for one epoch is 8.224816083908081s
======================================= Epoch 11 =======================================
================= Test Set =================
+++++++++++ Find New Best Min ACC +++++++++++
The acc is 0.6364, 0.5682, 0.6534
Time Consumption for one epoch is 7.872495889663696s
======================================= Epoch 12 =======================================
================= Test Set =================
The acc is 0.6364, 0.5682, 0.6534
Time Consumption for one epoch is 7.763837814331055s
======================================= Epoch 13 =======================================
================= Test Set =================
+++++++++++ Find New Best Min ACC +++++++++++
The acc is 0.6636, 0.5682, 0.6875
Time Consumption for one epoch is 8.485126495361328s
======================================= Epoch 14 =======================================
================= Test Set =================
The acc is 0.6636, 0.5682, 0.6875
Time Consumption for one epoch is 7.812265157699585s
======================================= Epoch 15 =======================================
================= Test Set =================
The acc is 0.6636, 0.5682, 0.6875
Time Consumption for one epoch is 8.690557479858398s
======================================= Epoch 16 =======================================
================= Test Set =================
The acc is 0.6636, 0.5682, 0.6875
Time Consumption for one epoch is 9.217749834060669s
======================================= Epoch 17 =======================================
================= Test Set =================
The acc is 0.6636, 0.5682, 0.6875
Time Consumption for one epoch is 7.734632253646851s
======================================= Epoch 18 =======================================
================= Test Set =================
The acc is 0.6636, 0.5682, 0.6875
Time Consumption for one epoch is 7.4909303188323975s
======================================= Epoch 19 =======================================
================= Test Set =================
The acc is 0.6636, 0.5682, 0.6875
Time Consumption for one epoch is 7.3962602615356445s
The final acc is 0.6636, 0.5682, 0.6875
