Namespace(data_dir='/data/yihua/dataset/celeba/celeba.hdf5', result_dir='results', checkpoint=None, resume=False, domain_attrs='Male', target_attrs='Blond_Hair', exp_name=None, batch_size=512, lr=0.0001, wd=2e-05, epochs=20, seed=2021, num_workers=8, arch='resnet18', evaluate=False, gv=1e-06, gr=0.1)
======================================= Epoch 0 =======================================
================= Test Set =================
+++++++++++ Find New Best Min ACC +++++++++++
The acc is 0.7506, 0.6694, 0.7708
Time Consumption for one epoch is 44.78105044364929s
======================================= Epoch 1 =======================================
================= Test Set =================
+++++++++++ Find New Best Min ACC +++++++++++
The acc is 0.8700, 0.8139, 0.8840
Time Consumption for one epoch is 42.00438594818115s
======================================= Epoch 2 =======================================
================= Test Set =================
+++++++++++ Find New Best Min ACC +++++++++++
The acc is 0.8939, 0.8500, 0.9049
Time Consumption for one epoch is 41.571288108825684s
======================================= Epoch 3 =======================================
================= Test Set =================
The acc is 0.8939, 0.8500, 0.9049
Time Consumption for one epoch is 40.019243240356445s
======================================= Epoch 4 =======================================
================= Test Set =================
The acc is 0.8939, 0.8500, 0.9049
Time Consumption for one epoch is 41.85987734794617s
======================================= Epoch 5 =======================================
================= Test Set =================
The acc is 0.8939, 0.8500, 0.9049
Time Consumption for one epoch is 40.84078335762024s
======================================= Epoch 6 =======================================
================= Test Set =================
The acc is 0.8939, 0.8500, 0.9049
Time Consumption for one epoch is 40.942795753479004s
======================================= Epoch 7 =======================================
================= Test Set =================
The acc is 0.8939, 0.8500, 0.9049
Time Consumption for one epoch is 40.26182985305786s
======================================= Epoch 8 =======================================
================= Test Set =================
The acc is 0.8939, 0.8500, 0.9049
Time Consumption for one epoch is 41.79423761367798s
======================================= Epoch 9 =======================================
================= Test Set =================
The acc is 0.8939, 0.8500, 0.9049
Time Consumption for one epoch is 42.16622447967529s
======================================= Epoch 10 =======================================
================= Test Set =================
+++++++++++ Find New Best Min ACC +++++++++++
The acc is 0.9067, 0.8750, 0.9146
Time Consumption for one epoch is 41.832756757736206s
======================================= Epoch 11 =======================================
================= Test Set =================
The acc is 0.9067, 0.8750, 0.9146
Time Consumption for one epoch is 41.189368724823s
======================================= Epoch 12 =======================================
================= Test Set =================
+++++++++++ Find New Best Min ACC +++++++++++
The acc is 0.9083, 0.8611, 0.9201
Time Consumption for one epoch is 42.36258149147034s
======================================= Epoch 13 =======================================
================= Test Set =================
The acc is 0.9083, 0.8611, 0.9201
Time Consumption for one epoch is 40.00908899307251s
======================================= Epoch 14 =======================================
================= Test Set =================
The acc is 0.9083, 0.8611, 0.9201
Time Consumption for one epoch is 40.678876638412476s
======================================= Epoch 15 =======================================
================= Test Set =================
The acc is 0.9083, 0.8611, 0.9201
Time Consumption for one epoch is 42.10992193222046s
======================================= Epoch 16 =======================================
================= Test Set =================
The acc is 0.9083, 0.8611, 0.9201
Time Consumption for one epoch is 41.00155520439148s
======================================= Epoch 17 =======================================
================= Test Set =================
The acc is 0.9083, 0.8611, 0.9201
Time Consumption for one epoch is 41.873841524124146s
======================================= Epoch 18 =======================================
================= Test Set =================
+++++++++++ Find New Best Min ACC +++++++++++
The acc is 0.9089, 0.8750, 0.9174
Time Consumption for one epoch is 41.15367031097412s
======================================= Epoch 19 =======================================
================= Test Set =================
+++++++++++ Find New Best Min ACC +++++++++++
The acc is 0.9106, 0.8833, 0.9174
Time Consumption for one epoch is 40.58717465400696s
The final acc is 0.9106, 0.8833, 0.9174
