Namespace(data_dir='/data/yihua/dataset/celeba/celeba.hdf5', result_dir='results', checkpoint=None, resume=False, domain_attrs='Male', target_attrs='Blond_Hair', exp_name=None, batch_size=512, lr=0.0001, wd=2e-05, epochs=20, seed=2021, num_workers=8, arch='resnet18', evaluate=False, gv=0.1, gr=0.3)
======================================= Epoch 0 =======================================
================= Test Set =================
+++++++++++ Find New Best Min ACC +++++++++++
The acc is 0.5533, 0.5278, 0.5597
Time Consumption for one epoch is 45.76911234855652s
======================================= Epoch 1 =======================================
================= Test Set =================
+++++++++++ Find New Best Min ACC +++++++++++
The acc is 0.8117, 0.7722, 0.8215
Time Consumption for one epoch is 42.83338761329651s
======================================= Epoch 2 =======================================
================= Test Set =================
+++++++++++ Find New Best Min ACC +++++++++++
The acc is 0.8900, 0.8722, 0.8944
Time Consumption for one epoch is 43.58571982383728s
======================================= Epoch 3 =======================================
================= Test Set =================
+++++++++++ Find New Best Min ACC +++++++++++
The acc is 0.8933, 0.8556, 0.9028
Time Consumption for one epoch is 43.618284940719604s
======================================= Epoch 4 =======================================
================= Test Set =================
+++++++++++ Find New Best Min ACC +++++++++++
The acc is 0.9072, 0.8972, 0.9097
Time Consumption for one epoch is 43.17476534843445s
======================================= Epoch 5 =======================================
================= Test Set =================
The acc is 0.9072, 0.8972, 0.9097
Time Consumption for one epoch is 42.57604384422302s
======================================= Epoch 6 =======================================
================= Test Set =================
The acc is 0.9072, 0.8972, 0.9097
Time Consumption for one epoch is 42.59417200088501s
======================================= Epoch 7 =======================================
================= Test Set =================
The acc is 0.9072, 0.8972, 0.9097
Time Consumption for one epoch is 43.421531200408936s
======================================= Epoch 8 =======================================
================= Test Set =================
The acc is 0.9072, 0.8972, 0.9097
Time Consumption for one epoch is 42.142396688461304s
======================================= Epoch 9 =======================================
================= Test Set =================
+++++++++++ Find New Best Min ACC +++++++++++
The acc is 0.9100, 0.8861, 0.9160
Time Consumption for one epoch is 42.27061700820923s
======================================= Epoch 10 =======================================
================= Test Set =================
The acc is 0.9100, 0.8861, 0.9160
Time Consumption for one epoch is 41.042402505874634s
======================================= Epoch 11 =======================================
================= Test Set =================
The acc is 0.9100, 0.8861, 0.9160
Time Consumption for one epoch is 42.47316813468933s
======================================= Epoch 12 =======================================
================= Test Set =================
+++++++++++ Find New Best Min ACC +++++++++++
The acc is 0.9161, 0.9083, 0.9181
Time Consumption for one epoch is 41.90078401565552s
======================================= Epoch 13 =======================================
================= Test Set =================
The acc is 0.9161, 0.9083, 0.9181
Time Consumption for one epoch is 42.86750769615173s
======================================= Epoch 14 =======================================
================= Test Set =================
The acc is 0.9161, 0.9083, 0.9181
Time Consumption for one epoch is 42.567968130111694s
======================================= Epoch 15 =======================================
================= Test Set =================
The acc is 0.9161, 0.9083, 0.9181
Time Consumption for one epoch is 42.742016315460205s
======================================= Epoch 16 =======================================
================= Test Set =================
+++++++++++ Find New Best Min ACC +++++++++++
The acc is 0.9200, 0.9083, 0.9229
Time Consumption for one epoch is 44.11564254760742s
======================================= Epoch 17 =======================================
================= Test Set =================
The acc is 0.9200, 0.9083, 0.9229
Time Consumption for one epoch is 44.29928541183472s
======================================= Epoch 18 =======================================
================= Test Set =================
The acc is 0.9200, 0.9083, 0.9229
Time Consumption for one epoch is 42.97173070907593s
======================================= Epoch 19 =======================================
================= Test Set =================
The acc is 0.9200, 0.9083, 0.9229
Time Consumption for one epoch is 41.505011796951294s
The final acc is 0.9200, 0.9083, 0.9229
