Namespace(data_dir='/data/yihua/dataset/celeba/celeba.hdf5', result_dir='results', checkpoint=None, resume=False, domain_attrs='Male', target_attrs='Blond_Hair', exp_name=None, batch_size=512, lr=0.0001, wd=2e-05, epochs=20, seed=2021, num_workers=8, arch='resnet9', evaluate=False, gv=0.5, gr=0.1)
======================================= Epoch 0 =======================================
================= Test Set =================
+++++++++++ Find New Best Min ACC +++++++++++
The acc is 0.6000, 0.5583, 0.6104
Time Consumption for one epoch is 26.015581607818604s
======================================= Epoch 1 =======================================
================= Test Set =================
+++++++++++ Find New Best Min ACC +++++++++++
The acc is 0.8889, 0.8472, 0.8993
Time Consumption for one epoch is 23.185709714889526s
======================================= Epoch 2 =======================================
================= Test Set =================
The acc is 0.8889, 0.8472, 0.8993
Time Consumption for one epoch is 25.117607355117798s
======================================= Epoch 3 =======================================
================= Test Set =================
The acc is 0.8889, 0.8472, 0.8993
Time Consumption for one epoch is 23.758464574813843s
======================================= Epoch 4 =======================================
================= Test Set =================
+++++++++++ Find New Best Min ACC +++++++++++
The acc is 0.9006, 0.8833, 0.9049
Time Consumption for one epoch is 23.94543218612671s
======================================= Epoch 5 =======================================
================= Test Set =================
+++++++++++ Find New Best Min ACC +++++++++++
The acc is 0.9083, 0.8778, 0.9160
Time Consumption for one epoch is 24.565542936325073s
======================================= Epoch 6 =======================================
================= Test Set =================
The acc is 0.9083, 0.8778, 0.9160
Time Consumption for one epoch is 25.09883975982666s
======================================= Epoch 7 =======================================
================= Test Set =================
+++++++++++ Find New Best Min ACC +++++++++++
The acc is 0.9156, 0.8944, 0.9208
Time Consumption for one epoch is 24.529651880264282s
======================================= Epoch 8 =======================================
================= Test Set =================
The acc is 0.9156, 0.8944, 0.9208
Time Consumption for one epoch is 24.405641317367554s
======================================= Epoch 9 =======================================
================= Test Set =================
The acc is 0.9156, 0.8944, 0.9208
Time Consumption for one epoch is 22.54071307182312s
======================================= Epoch 10 =======================================
================= Test Set =================
The acc is 0.9156, 0.8944, 0.9208
Time Consumption for one epoch is 24.216388702392578s
======================================= Epoch 11 =======================================
================= Test Set =================
The acc is 0.9156, 0.8944, 0.9208
Time Consumption for one epoch is 22.931021690368652s
======================================= Epoch 12 =======================================
================= Test Set =================
The acc is 0.9156, 0.8944, 0.9208
Time Consumption for one epoch is 24.068519830703735s
======================================= Epoch 13 =======================================
================= Test Set =================
The acc is 0.9156, 0.8944, 0.9208
Time Consumption for one epoch is 23.94328284263611s
======================================= Epoch 14 =======================================
================= Test Set =================
+++++++++++ Find New Best Min ACC +++++++++++
The acc is 0.9200, 0.9028, 0.9243
Time Consumption for one epoch is 23.319589853286743s
======================================= Epoch 15 =======================================
================= Test Set =================
The acc is 0.9200, 0.9028, 0.9243
Time Consumption for one epoch is 22.79044532775879s
======================================= Epoch 16 =======================================
================= Test Set =================
+++++++++++ Find New Best Min ACC +++++++++++
The acc is 0.9239, 0.9083, 0.9278
Time Consumption for one epoch is 23.137197256088257s
======================================= Epoch 17 =======================================
================= Test Set =================
The acc is 0.9239, 0.9083, 0.9278
Time Consumption for one epoch is 24.572538137435913s
======================================= Epoch 18 =======================================
================= Test Set =================
The acc is 0.9239, 0.9083, 0.9278
Time Consumption for one epoch is 23.340511322021484s
======================================= Epoch 19 =======================================
================= Test Set =================
The acc is 0.9239, 0.9083, 0.9278
Time Consumption for one epoch is 24.89073610305786s
The final acc is 0.9239, 0.9083, 0.9278
