Namespace(data_dir='/data/yihua/dataset/celeba/celeba.hdf5', result_dir='results', checkpoint=None, resume=False, domain_attrs='Male', target_attrs='Heavy_Makeup', exp_name=None, batch_size=512, lr=0.0001, wd=2e-05, epochs=20, seed=42, num_workers=8, arch='resnet9', evaluate=False, gv=0.3, gr=0.5)
======================================= Epoch 0 =======================================
================= Test Set =================
+++++++++++ Find New Best Min ACC +++++++++++
The acc is 0.5227, 0.5227, 0.5227
Time Consumption for one epoch is 8.691159009933472s
======================================= Epoch 1 =======================================
================= Test Set =================
The acc is 0.5227, 0.5227, 0.5227
Time Consumption for one epoch is 8.701356887817383s
======================================= Epoch 2 =======================================
================= Test Set =================
The acc is 0.5227, 0.5227, 0.5227
Time Consumption for one epoch is 7.7934346199035645s
======================================= Epoch 3 =======================================
================= Test Set =================
The acc is 0.5227, 0.5227, 0.5227
Time Consumption for one epoch is 8.274985074996948s
======================================= Epoch 4 =======================================
================= Test Set =================
The acc is 0.5227, 0.5227, 0.5227
Time Consumption for one epoch is 8.424685955047607s
======================================= Epoch 5 =======================================
================= Test Set =================
+++++++++++ Find New Best Min ACC +++++++++++
The acc is 0.5318, 0.5227, 0.5341
Time Consumption for one epoch is 8.835798025131226s
======================================= Epoch 6 =======================================
================= Test Set =================
+++++++++++ Find New Best Min ACC +++++++++++
The acc is 0.5864, 0.5682, 0.5909
Time Consumption for one epoch is 8.409894227981567s
======================================= Epoch 7 =======================================
================= Test Set =================
+++++++++++ Find New Best Min ACC +++++++++++
The acc is 0.6545, 0.5909, 0.6705
Time Consumption for one epoch is 9.076895475387573s
======================================= Epoch 8 =======================================
================= Test Set =================
The acc is 0.6545, 0.5909, 0.6705
Time Consumption for one epoch is 9.38202691078186s
======================================= Epoch 9 =======================================
================= Test Set =================
+++++++++++ Find New Best Min ACC +++++++++++
The acc is 0.6591, 0.5455, 0.6875
Time Consumption for one epoch is 8.996476650238037s
======================================= Epoch 10 =======================================
================= Test Set =================
+++++++++++ Find New Best Min ACC +++++++++++
The acc is 0.6682, 0.6136, 0.6818
Time Consumption for one epoch is 8.886415958404541s
======================================= Epoch 11 =======================================
================= Test Set =================
+++++++++++ Find New Best Min ACC +++++++++++
The acc is 0.6773, 0.6364, 0.6875
Time Consumption for one epoch is 8.21214747428894s
======================================= Epoch 12 =======================================
================= Test Set =================
The acc is 0.6773, 0.6364, 0.6875
Time Consumption for one epoch is 7.695872783660889s
======================================= Epoch 13 =======================================
================= Test Set =================
The acc is 0.6773, 0.6364, 0.6875
Time Consumption for one epoch is 8.08060884475708s
======================================= Epoch 14 =======================================
================= Test Set =================
+++++++++++ Find New Best Min ACC +++++++++++
The acc is 0.6818, 0.6364, 0.6932
Time Consumption for one epoch is 8.678385972976685s
======================================= Epoch 15 =======================================
================= Test Set =================
+++++++++++ Find New Best Min ACC +++++++++++
The acc is 0.6955, 0.6364, 0.7102
Time Consumption for one epoch is 8.491734981536865s
======================================= Epoch 16 =======================================
================= Test Set =================
The acc is 0.6955, 0.6364, 0.7102
Time Consumption for one epoch is 9.336774349212646s
======================================= Epoch 17 =======================================
================= Test Set =================
The acc is 0.6955, 0.6364, 0.7102
Time Consumption for one epoch is 8.417674541473389s
======================================= Epoch 18 =======================================
================= Test Set =================
+++++++++++ Find New Best Min ACC +++++++++++
The acc is 0.7000, 0.6136, 0.7216
Time Consumption for one epoch is 8.72370982170105s
======================================= Epoch 19 =======================================
================= Test Set =================
The acc is 0.7000, 0.6136, 0.7216
Time Consumption for one epoch is 7.770557165145874s
The final acc is 0.7000, 0.6136, 0.7216
