Namespace(data_dir='/data/yihua/dataset/celeba/celeba.hdf5', result_dir='results', checkpoint=None, resume=False, domain_attrs='Male', target_attrs='Blond_Hair', exp_name=None, batch_size=512, lr=0.0001, wd=2e-05, epochs=20, seed=2022, num_workers=8, arch='resnet9', evaluate=False, gv=0.35, gr=0.3)
======================================= Epoch 0 =======================================
================= Test Set =================
+++++++++++ Find New Best Min ACC +++++++++++
The acc is 0.6700, 0.6056, 0.6861
Time Consumption for one epoch is 27.591138124465942s
======================================= Epoch 1 =======================================
================= Test Set =================
+++++++++++ Find New Best Min ACC +++++++++++
The acc is 0.8817, 0.8222, 0.8965
Time Consumption for one epoch is 25.71090602874756s
======================================= Epoch 2 =======================================
================= Test Set =================
+++++++++++ Find New Best Min ACC +++++++++++
The acc is 0.8844, 0.8472, 0.8938
Time Consumption for one epoch is 24.149924755096436s
======================================= Epoch 3 =======================================
================= Test Set =================
The acc is 0.8844, 0.8472, 0.8938
Time Consumption for one epoch is 24.358208894729614s
======================================= Epoch 4 =======================================
================= Test Set =================
+++++++++++ Find New Best Min ACC +++++++++++
The acc is 0.9078, 0.8639, 0.9187
Time Consumption for one epoch is 25.298738956451416s
======================================= Epoch 5 =======================================
================= Test Set =================
The acc is 0.9078, 0.8639, 0.9187
Time Consumption for one epoch is 24.10097599029541s
======================================= Epoch 6 =======================================
================= Test Set =================
The acc is 0.9078, 0.8639, 0.9187
Time Consumption for one epoch is 25.162785291671753s
======================================= Epoch 7 =======================================
================= Test Set =================
The acc is 0.9078, 0.8639, 0.9187
Time Consumption for one epoch is 24.686994791030884s
======================================= Epoch 8 =======================================
================= Test Set =================
+++++++++++ Find New Best Min ACC +++++++++++
The acc is 0.9150, 0.8917, 0.9208
Time Consumption for one epoch is 23.92484450340271s
======================================= Epoch 9 =======================================
================= Test Set =================
The acc is 0.9150, 0.8917, 0.9208
Time Consumption for one epoch is 24.112788200378418s
======================================= Epoch 10 =======================================
================= Test Set =================
The acc is 0.9150, 0.8917, 0.9208
Time Consumption for one epoch is 24.89932894706726s
======================================= Epoch 11 =======================================
================= Test Set =================
+++++++++++ Find New Best Min ACC +++++++++++
The acc is 0.9156, 0.8889, 0.9222
Time Consumption for one epoch is 23.47603154182434s
======================================= Epoch 12 =======================================
================= Test Set =================
The acc is 0.9156, 0.8889, 0.9222
Time Consumption for one epoch is 24.01133918762207s
======================================= Epoch 13 =======================================
================= Test Set =================
+++++++++++ Find New Best Min ACC +++++++++++
The acc is 0.9183, 0.9111, 0.9201
Time Consumption for one epoch is 24.814409255981445s
======================================= Epoch 14 =======================================
================= Test Set =================
The acc is 0.9183, 0.9111, 0.9201
Time Consumption for one epoch is 23.454559803009033s
======================================= Epoch 15 =======================================
================= Test Set =================
The acc is 0.9183, 0.9111, 0.9201
Time Consumption for one epoch is 24.80473566055298s
======================================= Epoch 16 =======================================
================= Test Set =================
The acc is 0.9183, 0.9111, 0.9201
Time Consumption for one epoch is 23.66550064086914s
======================================= Epoch 17 =======================================
================= Test Set =================
The acc is 0.9183, 0.9111, 0.9201
Time Consumption for one epoch is 24.28081440925598s
======================================= Epoch 18 =======================================
================= Test Set =================
The acc is 0.9183, 0.9111, 0.9201
Time Consumption for one epoch is 25.793444871902466s
======================================= Epoch 19 =======================================
================= Test Set =================
+++++++++++ Find New Best Min ACC +++++++++++
The acc is 0.9189, 0.9056, 0.9222
Time Consumption for one epoch is 24.714614629745483s
The final acc is 0.9189, 0.9056, 0.9222
