Namespace(data_dir='/data/yihua/dataset/celeba/celeba.hdf5', result_dir='results', checkpoint=None, resume=False, domain_attrs='Male', target_attrs='Heavy_Makeup', exp_name=None, batch_size=512, lr=0.0001, wd=2e-05, epochs=20, seed=2022, num_workers=8, arch='resnet9', evaluate=False, gv=0.1, gr=0.5)
======================================= Epoch 0 =======================================
================= Test Set =================
+++++++++++ Find New Best Min ACC +++++++++++
The acc is 0.5000, 0.5000, 0.5000
Time Consumption for one epoch is 9.896207571029663s
======================================= Epoch 1 =======================================
================= Test Set =================
The acc is 0.5000, 0.5000, 0.5000
Time Consumption for one epoch is 8.994590997695923s
======================================= Epoch 2 =======================================
================= Test Set =================
+++++++++++ Find New Best Min ACC +++++++++++
The acc is 0.5273, 0.5000, 0.5341
Time Consumption for one epoch is 7.848388910293579s
======================================= Epoch 3 =======================================
================= Test Set =================
The acc is 0.5273, 0.5000, 0.5341
Time Consumption for one epoch is 9.334142446517944s
======================================= Epoch 4 =======================================
================= Test Set =================
The acc is 0.5273, 0.5000, 0.5341
Time Consumption for one epoch is 8.886696815490723s
======================================= Epoch 5 =======================================
================= Test Set =================
The acc is 0.5273, 0.5000, 0.5341
Time Consumption for one epoch is 8.261785507202148s
======================================= Epoch 6 =======================================
================= Test Set =================
The acc is 0.5273, 0.5000, 0.5341
Time Consumption for one epoch is 10.703797101974487s
======================================= Epoch 7 =======================================
================= Test Set =================
+++++++++++ Find New Best Min ACC +++++++++++
The acc is 0.5409, 0.5227, 0.5455
Time Consumption for one epoch is 9.874431371688843s
======================================= Epoch 8 =======================================
================= Test Set =================
+++++++++++ Find New Best Min ACC +++++++++++
The acc is 0.6182, 0.5227, 0.6420
Time Consumption for one epoch is 8.864410400390625s
======================================= Epoch 9 =======================================
================= Test Set =================
+++++++++++ Find New Best Min ACC +++++++++++
The acc is 0.6409, 0.5227, 0.6705
Time Consumption for one epoch is 10.81815218925476s
======================================= Epoch 10 =======================================
================= Test Set =================
The acc is 0.6409, 0.5227, 0.6705
Time Consumption for one epoch is 8.910327434539795s
======================================= Epoch 11 =======================================
================= Test Set =================
+++++++++++ Find New Best Min ACC +++++++++++
The acc is 0.6727, 0.5455, 0.7045
Time Consumption for one epoch is 8.22138500213623s
======================================= Epoch 12 =======================================
================= Test Set =================
+++++++++++ Find New Best Min ACC +++++++++++
The acc is 0.6955, 0.5909, 0.7216
Time Consumption for one epoch is 9.619910955429077s
======================================= Epoch 13 =======================================
================= Test Set =================
The acc is 0.6955, 0.5909, 0.7216
Time Consumption for one epoch is 7.922286748886108s
======================================= Epoch 14 =======================================
================= Test Set =================
The acc is 0.6955, 0.5909, 0.7216
Time Consumption for one epoch is 9.416966915130615s
======================================= Epoch 15 =======================================
================= Test Set =================
The acc is 0.6955, 0.5909, 0.7216
Time Consumption for one epoch is 9.696961402893066s
======================================= Epoch 16 =======================================
================= Test Set =================
The acc is 0.6955, 0.5909, 0.7216
Time Consumption for one epoch is 9.167800903320312s
======================================= Epoch 17 =======================================
================= Test Set =================
The acc is 0.6955, 0.5909, 0.7216
Time Consumption for one epoch is 8.339519262313843s
======================================= Epoch 18 =======================================
================= Test Set =================
The acc is 0.6955, 0.5909, 0.7216
Time Consumption for one epoch is 8.825165033340454s
======================================= Epoch 19 =======================================
================= Test Set =================
The acc is 0.6955, 0.5909, 0.7216
Time Consumption for one epoch is 8.259353399276733s
The final acc is 0.6955, 0.5909, 0.7216
