Namespace(data_dir='/data/yihua/dataset/celeba/celeba.hdf5', result_dir='results', checkpoint=None, resume=False, domain_attrs='Male', target_attrs='Heavy_Makeup', exp_name=None, batch_size=512, lr=0.0001, wd=2e-05, epochs=20, seed=2020, num_workers=8, arch='resnet9', evaluate=False, gv=0.01, gr=0.1)
======================================= Epoch 0 =======================================
================= Test Set =================
+++++++++++ Find New Best Min ACC +++++++++++
The acc is 0.5000, 0.5000, 0.5000
Time Consumption for one epoch is 9.0145263671875s
======================================= Epoch 1 =======================================
================= Test Set =================
The acc is 0.5000, 0.5000, 0.5000
Time Consumption for one epoch is 9.331007480621338s
======================================= Epoch 2 =======================================
================= Test Set =================
The acc is 0.5000, 0.5000, 0.5000
Time Consumption for one epoch is 8.076862573623657s
======================================= Epoch 3 =======================================
================= Test Set =================
The acc is 0.5000, 0.5000, 0.5000
Time Consumption for one epoch is 7.744431972503662s
======================================= Epoch 4 =======================================
================= Test Set =================
+++++++++++ Find New Best Min ACC +++++++++++
The acc is 0.5045, 0.5227, 0.5000
Time Consumption for one epoch is 9.219936847686768s
======================================= Epoch 5 =======================================
================= Test Set =================
The acc is 0.5045, 0.5227, 0.5000
Time Consumption for one epoch is 8.011517524719238s
======================================= Epoch 6 =======================================
================= Test Set =================
+++++++++++ Find New Best Min ACC +++++++++++
The acc is 0.5364, 0.4773, 0.5511
Time Consumption for one epoch is 8.377852439880371s
======================================= Epoch 7 =======================================
================= Test Set =================
+++++++++++ Find New Best Min ACC +++++++++++
The acc is 0.5636, 0.4773, 0.5852
Time Consumption for one epoch is 10.169617414474487s
======================================= Epoch 8 =======================================
================= Test Set =================
+++++++++++ Find New Best Min ACC +++++++++++
The acc is 0.5727, 0.4773, 0.5966
Time Consumption for one epoch is 8.34083366394043s
======================================= Epoch 9 =======================================
================= Test Set =================
+++++++++++ Find New Best Min ACC +++++++++++
The acc is 0.5864, 0.5000, 0.6080
Time Consumption for one epoch is 10.283444881439209s
======================================= Epoch 10 =======================================
================= Test Set =================
+++++++++++ Find New Best Min ACC +++++++++++
The acc is 0.6273, 0.5455, 0.6477
Time Consumption for one epoch is 9.457015752792358s
======================================= Epoch 11 =======================================
================= Test Set =================
+++++++++++ Find New Best Min ACC +++++++++++
The acc is 0.6318, 0.5227, 0.6591
Time Consumption for one epoch is 7.6285529136657715s
======================================= Epoch 12 =======================================
================= Test Set =================
The acc is 0.6318, 0.5227, 0.6591
Time Consumption for one epoch is 8.492824792861938s
======================================= Epoch 13 =======================================
================= Test Set =================
The acc is 0.6318, 0.5227, 0.6591
Time Consumption for one epoch is 9.385576009750366s
======================================= Epoch 14 =======================================
================= Test Set =================
The acc is 0.6318, 0.5227, 0.6591
Time Consumption for one epoch is 8.050926923751831s
======================================= Epoch 15 =======================================
================= Test Set =================
The acc is 0.6318, 0.5227, 0.6591
Time Consumption for one epoch is 9.007723808288574s
======================================= Epoch 16 =======================================
================= Test Set =================
+++++++++++ Find New Best Min ACC +++++++++++
The acc is 0.6591, 0.5682, 0.6818
Time Consumption for one epoch is 8.943610906600952s
======================================= Epoch 17 =======================================
================= Test Set =================
+++++++++++ Find New Best Min ACC +++++++++++
The acc is 0.6682, 0.5909, 0.6875
Time Consumption for one epoch is 7.71731424331665s
======================================= Epoch 18 =======================================
================= Test Set =================
+++++++++++ Find New Best Min ACC +++++++++++
The acc is 0.6727, 0.6136, 0.6875
Time Consumption for one epoch is 8.90154504776001s
======================================= Epoch 19 =======================================
================= Test Set =================
The acc is 0.6727, 0.6136, 0.6875
Time Consumption for one epoch is 9.990095615386963s
The final acc is 0.6727, 0.6136, 0.6875
