Namespace(data_dir='/data/yihua/dataset/celeba/celeba.hdf5', result_dir='results', checkpoint=None, resume=False, domain_attrs='Male', target_attrs='Heavy_Makeup', exp_name=None, batch_size=512, lr=0.0001, wd=2e-05, epochs=20, seed=2022, num_workers=8, arch='resnet9', evaluate=False, gv=1.0, gr=0.3)
======================================= Epoch 0 =======================================
================= Test Set =================
+++++++++++ Find New Best Min ACC +++++++++++
The acc is 0.5045, 0.5000, 0.5057
Time Consumption for one epoch is 9.019962549209595s
======================================= Epoch 1 =======================================
================= Test Set =================
+++++++++++ Find New Best Min ACC +++++++++++
The acc is 0.5136, 0.4773, 0.5227
Time Consumption for one epoch is 9.495384931564331s
======================================= Epoch 2 =======================================
================= Test Set =================
The acc is 0.5136, 0.4773, 0.5227
Time Consumption for one epoch is 8.575910806655884s
======================================= Epoch 3 =======================================
================= Test Set =================
The acc is 0.5136, 0.4773, 0.5227
Time Consumption for one epoch is 7.829331874847412s
======================================= Epoch 4 =======================================
================= Test Set =================
The acc is 0.5136, 0.4773, 0.5227
Time Consumption for one epoch is 9.160608530044556s
======================================= Epoch 5 =======================================
================= Test Set =================
+++++++++++ Find New Best Min ACC +++++++++++
The acc is 0.5364, 0.5000, 0.5455
Time Consumption for one epoch is 8.593919277191162s
======================================= Epoch 6 =======================================
================= Test Set =================
+++++++++++ Find New Best Min ACC +++++++++++
The acc is 0.5818, 0.5227, 0.5966
Time Consumption for one epoch is 8.38455605506897s
======================================= Epoch 7 =======================================
================= Test Set =================
+++++++++++ Find New Best Min ACC +++++++++++
The acc is 0.6000, 0.5227, 0.6193
Time Consumption for one epoch is 9.200507402420044s
======================================= Epoch 8 =======================================
================= Test Set =================
+++++++++++ Find New Best Min ACC +++++++++++
The acc is 0.6318, 0.5000, 0.6648
Time Consumption for one epoch is 10.007882118225098s
======================================= Epoch 9 =======================================
================= Test Set =================
+++++++++++ Find New Best Min ACC +++++++++++
The acc is 0.6500, 0.5682, 0.6705
Time Consumption for one epoch is 8.372339010238647s
======================================= Epoch 10 =======================================
================= Test Set =================
+++++++++++ Find New Best Min ACC +++++++++++
The acc is 0.6545, 0.5455, 0.6818
Time Consumption for one epoch is 8.393779039382935s
======================================= Epoch 11 =======================================
================= Test Set =================
The acc is 0.6545, 0.5455, 0.6818
Time Consumption for one epoch is 9.930745840072632s
======================================= Epoch 12 =======================================
================= Test Set =================
+++++++++++ Find New Best Min ACC +++++++++++
The acc is 0.6636, 0.5682, 0.6875
Time Consumption for one epoch is 8.368704319000244s
======================================= Epoch 13 =======================================
================= Test Set =================
+++++++++++ Find New Best Min ACC +++++++++++
The acc is 0.6682, 0.5909, 0.6875
Time Consumption for one epoch is 8.78434944152832s
======================================= Epoch 14 =======================================
================= Test Set =================
The acc is 0.6682, 0.5909, 0.6875
Time Consumption for one epoch is 9.723304271697998s
======================================= Epoch 15 =======================================
================= Test Set =================
The acc is 0.6682, 0.5909, 0.6875
Time Consumption for one epoch is 8.571126699447632s
======================================= Epoch 16 =======================================
================= Test Set =================
The acc is 0.6682, 0.5909, 0.6875
Time Consumption for one epoch is 8.679104804992676s
======================================= Epoch 17 =======================================
================= Test Set =================
+++++++++++ Find New Best Min ACC +++++++++++
The acc is 0.6773, 0.6591, 0.6818
Time Consumption for one epoch is 9.238176584243774s
======================================= Epoch 18 =======================================
================= Test Set =================
The acc is 0.6773, 0.6591, 0.6818
Time Consumption for one epoch is 7.877579689025879s
======================================= Epoch 19 =======================================
================= Test Set =================
The acc is 0.6773, 0.6591, 0.6818
Time Consumption for one epoch is 7.665124893188477s
The final acc is 0.6773, 0.6591, 0.6818
