Namespace(data_dir='/data/yihua/dataset/celeba/celeba.hdf5', result_dir='results', checkpoint=None, resume=False, domain_attrs='Male', target_attrs='Blond_Hair', exp_name=None, batch_size=512, lr=0.0001, wd=2e-05, epochs=20, seed=2021, num_workers=8, arch='resnet9', evaluate=False, gv=0.35, gr=0.5)
======================================= Epoch 0 =======================================
================= Test Set =================
+++++++++++ Find New Best Min ACC +++++++++++
The acc is 0.8328, 0.8000, 0.8410
Time Consumption for one epoch is 28.769044876098633s
======================================= Epoch 1 =======================================
================= Test Set =================
+++++++++++ Find New Best Min ACC +++++++++++
The acc is 0.8811, 0.8667, 0.8847
Time Consumption for one epoch is 24.535331964492798s
======================================= Epoch 2 =======================================
================= Test Set =================
The acc is 0.8811, 0.8667, 0.8847
Time Consumption for one epoch is 24.435818910598755s
======================================= Epoch 3 =======================================
================= Test Set =================
+++++++++++ Find New Best Min ACC +++++++++++
The acc is 0.8944, 0.8417, 0.9076
Time Consumption for one epoch is 24.570454597473145s
======================================= Epoch 4 =======================================
================= Test Set =================
+++++++++++ Find New Best Min ACC +++++++++++
The acc is 0.9056, 0.8778, 0.9125
Time Consumption for one epoch is 26.152588844299316s
======================================= Epoch 5 =======================================
================= Test Set =================
+++++++++++ Find New Best Min ACC +++++++++++
The acc is 0.9150, 0.9000, 0.9187
Time Consumption for one epoch is 25.19180727005005s
======================================= Epoch 6 =======================================
================= Test Set =================
The acc is 0.9150, 0.9000, 0.9187
Time Consumption for one epoch is 26.493653774261475s
======================================= Epoch 7 =======================================
================= Test Set =================
The acc is 0.9150, 0.9000, 0.9187
Time Consumption for one epoch is 26.927877187728882s
======================================= Epoch 8 =======================================
================= Test Set =================
The acc is 0.9150, 0.9000, 0.9187
Time Consumption for one epoch is 26.305137634277344s
======================================= Epoch 9 =======================================
================= Test Set =================
The acc is 0.9150, 0.9000, 0.9187
Time Consumption for one epoch is 24.940811157226562s
======================================= Epoch 10 =======================================
================= Test Set =================
The acc is 0.9150, 0.9000, 0.9187
Time Consumption for one epoch is 24.642481088638306s
======================================= Epoch 11 =======================================
================= Test Set =================
The acc is 0.9150, 0.9000, 0.9187
Time Consumption for one epoch is 25.383607864379883s
======================================= Epoch 12 =======================================
================= Test Set =================
The acc is 0.9150, 0.9000, 0.9187
Time Consumption for one epoch is 25.116023302078247s
======================================= Epoch 13 =======================================
================= Test Set =================
The acc is 0.9150, 0.9000, 0.9187
Time Consumption for one epoch is 25.34838557243347s
======================================= Epoch 14 =======================================
================= Test Set =================
The acc is 0.9150, 0.9000, 0.9187
Time Consumption for one epoch is 25.93479323387146s
======================================= Epoch 15 =======================================
================= Test Set =================
The acc is 0.9150, 0.9000, 0.9187
Time Consumption for one epoch is 25.276496171951294s
======================================= Epoch 16 =======================================
================= Test Set =================
+++++++++++ Find New Best Min ACC +++++++++++
The acc is 0.9156, 0.9028, 0.9187
Time Consumption for one epoch is 24.363998651504517s
======================================= Epoch 17 =======================================
================= Test Set =================
The acc is 0.9156, 0.9028, 0.9187
Time Consumption for one epoch is 24.419801712036133s
======================================= Epoch 18 =======================================
================= Test Set =================
The acc is 0.9156, 0.9028, 0.9187
Time Consumption for one epoch is 25.349025011062622s
======================================= Epoch 19 =======================================
================= Test Set =================
The acc is 0.9156, 0.9028, 0.9187
Time Consumption for one epoch is 25.97074055671692s
The final acc is 0.9156, 0.9028, 0.9187
