Namespace(data_dir='/data/yihua/dataset/celeba/celeba.hdf5', result_dir='rotation_study', checkpoint=None, resume=False, domain_attrs='Male', target_attrs='Blond_Hair', exp_name=None, batch_size=512, lr=0.0001, wd=2e-05, epochs=20, seed=2022, num_workers=8, arch='resnet18', evaluate=False, total_num=5000, test_num=1000, gv=120.0, gr=0.5, minor_ratio=0.2, add_aug='rotation')
======================================= Epoch 0 =======================================
================= Test Set =================
+++++++++++ Find New Best Min ACC +++++++++++
The acc is 0.5376, 0.5814, 0.5000
Time Consumption for one epoch is 24.15160036087036s
======================================= Epoch 1 =======================================
================= Test Set =================
The acc is 0.5376, 0.5814, 0.5000
Time Consumption for one epoch is 20.75740623474121s
======================================= Epoch 2 =======================================
================= Test Set =================
+++++++++++ Find New Best Min ACC +++++++++++
The acc is 0.5387, 0.5814, 0.5020
Time Consumption for one epoch is 19.687296628952026s
======================================= Epoch 3 =======================================
================= Test Set =================
+++++++++++ Find New Best Min ACC +++++++++++
The acc is 0.5699, 0.5977, 0.5460
Time Consumption for one epoch is 20.92503046989441s
======================================= Epoch 4 =======================================
================= Test Set =================
+++++++++++ Find New Best Min ACC +++++++++++
The acc is 0.7118, 0.6884, 0.7320
Time Consumption for one epoch is 19.648364782333374s
======================================= Epoch 5 =======================================
================= Test Set =================
+++++++++++ Find New Best Min ACC +++++++++++
The acc is 0.8129, 0.7977, 0.8260
Time Consumption for one epoch is 20.3203547000885s
======================================= Epoch 6 =======================================
================= Test Set =================
+++++++++++ Find New Best Min ACC +++++++++++
The acc is 0.8409, 0.8186, 0.8600
Time Consumption for one epoch is 20.714863538742065s
======================================= Epoch 7 =======================================
================= Test Set =================
+++++++++++ Find New Best Min ACC +++++++++++
The acc is 0.8731, 0.8512, 0.8920
Time Consumption for one epoch is 21.693141222000122s
======================================= Epoch 8 =======================================
================= Test Set =================
The acc is 0.8731, 0.8512, 0.8920
Time Consumption for one epoch is 22.797750234603882s
======================================= Epoch 9 =======================================
================= Test Set =================
+++++++++++ Find New Best Min ACC +++++++++++
The acc is 0.8839, 0.8698, 0.8960
Time Consumption for one epoch is 20.318134784698486s
======================================= Epoch 10 =======================================
================= Test Set =================
+++++++++++ Find New Best Min ACC +++++++++++
The acc is 0.8903, 0.8837, 0.8960
Time Consumption for one epoch is 21.802490949630737s
======================================= Epoch 11 =======================================
================= Test Set =================
The acc is 0.8903, 0.8837, 0.8960
Time Consumption for one epoch is 20.63771915435791s
======================================= Epoch 12 =======================================
================= Test Set =================
The acc is 0.8903, 0.8837, 0.8960
Time Consumption for one epoch is 20.500771284103394s
======================================= Epoch 13 =======================================
================= Test Set =================
The acc is 0.8903, 0.8837, 0.8960
Time Consumption for one epoch is 20.99937152862549s
======================================= Epoch 14 =======================================
================= Test Set =================
The acc is 0.8903, 0.8837, 0.8960
Time Consumption for one epoch is 20.040258407592773s
======================================= Epoch 15 =======================================
================= Test Set =================
The acc is 0.8903, 0.8837, 0.8960
Time Consumption for one epoch is 20.164620399475098s
======================================= Epoch 16 =======================================
================= Test Set =================
+++++++++++ Find New Best Min ACC +++++++++++
The acc is 0.8946, 0.8860, 0.9020
Time Consumption for one epoch is 22.61668038368225s
======================================= Epoch 17 =======================================
================= Test Set =================
+++++++++++ Find New Best Min ACC +++++++++++
The acc is 0.9022, 0.8930, 0.9100
Time Consumption for one epoch is 20.861350297927856s
======================================= Epoch 18 =======================================
================= Test Set =================
The acc is 0.9022, 0.8930, 0.9100
Time Consumption for one epoch is 21.82740044593811s
======================================= Epoch 19 =======================================
================= Test Set =================
The acc is 0.9022, 0.8930, 0.9100
Time Consumption for one epoch is 21.003068208694458s
The final acc is 0.9022, 0.8930, 0.9100
