Namespace(data_dir='/data/yihua/dataset/celeba/celeba.hdf5', result_dir='results', checkpoint=None, resume=False, domain_attrs='Male', target_attrs='Blond_Hair', exp_name=None, batch_size=512, lr=0.0001, wd=2e-05, epochs=20, seed=2022, num_workers=8, arch='resnet18', evaluate=False, gv=10.0, gr=0.3)
======================================= Epoch 0 =======================================
================= Test Set =================
+++++++++++ Find New Best Min ACC +++++++++++
The acc is 0.7511, 0.7278, 0.7569
Time Consumption for one epoch is 46.79260516166687s
======================================= Epoch 1 =======================================
================= Test Set =================
+++++++++++ Find New Best Min ACC +++++++++++
The acc is 0.8872, 0.8417, 0.8986
Time Consumption for one epoch is 44.21222257614136s
======================================= Epoch 2 =======================================
================= Test Set =================
+++++++++++ Find New Best Min ACC +++++++++++
The acc is 0.8922, 0.8417, 0.9049
Time Consumption for one epoch is 42.2116174697876s
======================================= Epoch 3 =======================================
================= Test Set =================
The acc is 0.8922, 0.8417, 0.9049
Time Consumption for one epoch is 43.397074699401855s
======================================= Epoch 4 =======================================
================= Test Set =================
+++++++++++ Find New Best Min ACC +++++++++++
The acc is 0.8983, 0.8833, 0.9021
Time Consumption for one epoch is 43.5362753868103s
======================================= Epoch 5 =======================================
================= Test Set =================
+++++++++++ Find New Best Min ACC +++++++++++
The acc is 0.9111, 0.9028, 0.9132
Time Consumption for one epoch is 43.48457145690918s
======================================= Epoch 6 =======================================
================= Test Set =================
The acc is 0.9111, 0.9028, 0.9132
Time Consumption for one epoch is 41.82910943031311s
======================================= Epoch 7 =======================================
================= Test Set =================
The acc is 0.9111, 0.9028, 0.9132
Time Consumption for one epoch is 43.01811957359314s
======================================= Epoch 8 =======================================
================= Test Set =================
+++++++++++ Find New Best Min ACC +++++++++++
The acc is 0.9117, 0.8917, 0.9167
Time Consumption for one epoch is 43.060094118118286s
======================================= Epoch 9 =======================================
================= Test Set =================
The acc is 0.9117, 0.8917, 0.9167
Time Consumption for one epoch is 43.89447498321533s
======================================= Epoch 10 =======================================
================= Test Set =================
+++++++++++ Find New Best Min ACC +++++++++++
The acc is 0.9150, 0.9028, 0.9181
Time Consumption for one epoch is 43.653371810913086s
======================================= Epoch 11 =======================================
================= Test Set =================
+++++++++++ Find New Best Min ACC +++++++++++
The acc is 0.9244, 0.9167, 0.9264
Time Consumption for one epoch is 43.3316216468811s
======================================= Epoch 12 =======================================
================= Test Set =================
The acc is 0.9244, 0.9167, 0.9264
Time Consumption for one epoch is 42.95110321044922s
======================================= Epoch 13 =======================================
================= Test Set =================
The acc is 0.9244, 0.9167, 0.9264
Time Consumption for one epoch is 43.69936728477478s
======================================= Epoch 14 =======================================
================= Test Set =================
The acc is 0.9244, 0.9167, 0.9264
Time Consumption for one epoch is 42.410863161087036s
======================================= Epoch 15 =======================================
================= Test Set =================
The acc is 0.9244, 0.9167, 0.9264
Time Consumption for one epoch is 41.25452637672424s
======================================= Epoch 16 =======================================
================= Test Set =================
The acc is 0.9244, 0.9167, 0.9264
Time Consumption for one epoch is 43.49889516830444s
======================================= Epoch 17 =======================================
================= Test Set =================
The acc is 0.9244, 0.9167, 0.9264
Time Consumption for one epoch is 44.062532901763916s
======================================= Epoch 18 =======================================
================= Test Set =================
The acc is 0.9244, 0.9167, 0.9264
Time Consumption for one epoch is 42.15194034576416s
======================================= Epoch 19 =======================================
================= Test Set =================
The acc is 0.9244, 0.9167, 0.9264
Time Consumption for one epoch is 42.77122354507446s
The final acc is 0.9244, 0.9167, 0.9264
