Namespace(data_dir='/data/yihua/dataset/celeba/celeba.hdf5', result_dir='crop_study', checkpoint=None, resume=False, domain_attrs='Male', target_attrs='Blond_Hair', exp_name=None, batch_size=512, lr=0.0001, wd=2e-05, epochs=20, seed=2020, num_workers=8, arch='resnet9', evaluate=False, total_num=5000, test_num=1000, gv=220.0, gr=0.5, minor_ratio=0.2, add_aug='crop')
======================================= Epoch 0 =======================================
================= Test Set =================
+++++++++++ Find New Best Min ACC +++++++++++
The acc is 0.4624, 0.4186, 0.5000
Time Consumption for one epoch is 16.980557203292847s
======================================= Epoch 1 =======================================
================= Test Set =================
+++++++++++ Find New Best Min ACC +++++++++++
The acc is 0.4634, 0.4209, 0.5000
Time Consumption for one epoch is 14.77626895904541s
======================================= Epoch 2 =======================================
================= Test Set =================
+++++++++++ Find New Best Min ACC +++++++++++
The acc is 0.7344, 0.6907, 0.7720
Time Consumption for one epoch is 14.853990077972412s
======================================= Epoch 3 =======================================
================= Test Set =================
+++++++++++ Find New Best Min ACC +++++++++++
The acc is 0.8409, 0.8279, 0.8520
Time Consumption for one epoch is 14.676857233047485s
======================================= Epoch 4 =======================================
================= Test Set =================
+++++++++++ Find New Best Min ACC +++++++++++
The acc is 0.8581, 0.8372, 0.8760
Time Consumption for one epoch is 14.765964031219482s
======================================= Epoch 5 =======================================
================= Test Set =================
The acc is 0.8581, 0.8372, 0.8760
Time Consumption for one epoch is 15.028488874435425s
======================================= Epoch 6 =======================================
================= Test Set =================
The acc is 0.8581, 0.8372, 0.8760
Time Consumption for one epoch is 14.716711044311523s
======================================= Epoch 7 =======================================
================= Test Set =================
+++++++++++ Find New Best Min ACC +++++++++++
The acc is 0.8710, 0.8395, 0.8980
Time Consumption for one epoch is 14.982892990112305s
======================================= Epoch 8 =======================================
================= Test Set =================
+++++++++++ Find New Best Min ACC +++++++++++
The acc is 0.8903, 0.8814, 0.8980
Time Consumption for one epoch is 15.017282247543335s
======================================= Epoch 9 =======================================
================= Test Set =================
The acc is 0.8903, 0.8814, 0.8980
Time Consumption for one epoch is 14.783609867095947s
======================================= Epoch 10 =======================================
================= Test Set =================
The acc is 0.8903, 0.8814, 0.8980
Time Consumption for one epoch is 14.329660177230835s
======================================= Epoch 11 =======================================
================= Test Set =================
The acc is 0.8903, 0.8814, 0.8980
Time Consumption for one epoch is 15.028207302093506s
======================================= Epoch 12 =======================================
================= Test Set =================
The acc is 0.8903, 0.8814, 0.8980
Time Consumption for one epoch is 14.446656942367554s
======================================= Epoch 13 =======================================
================= Test Set =================
The acc is 0.8903, 0.8814, 0.8980
Time Consumption for one epoch is 14.548931360244751s
======================================= Epoch 14 =======================================
================= Test Set =================
+++++++++++ Find New Best Min ACC +++++++++++
The acc is 0.8935, 0.8837, 0.9020
Time Consumption for one epoch is 15.13068437576294s
======================================= Epoch 15 =======================================
================= Test Set =================
The acc is 0.8935, 0.8837, 0.9020
Time Consumption for one epoch is 14.837522745132446s
======================================= Epoch 16 =======================================
================= Test Set =================
The acc is 0.8935, 0.8837, 0.9020
Time Consumption for one epoch is 14.722071886062622s
======================================= Epoch 17 =======================================
================= Test Set =================
+++++++++++ Find New Best Min ACC +++++++++++
The acc is 0.8946, 0.8744, 0.9120
Time Consumption for one epoch is 14.838101625442505s
======================================= Epoch 18 =======================================
================= Test Set =================
+++++++++++ Find New Best Min ACC +++++++++++
The acc is 0.8978, 0.8791, 0.9140
Time Consumption for one epoch is 15.022161722183228s
======================================= Epoch 19 =======================================
================= Test Set =================
+++++++++++ Find New Best Min ACC +++++++++++
The acc is 0.8989, 0.8837, 0.9120
Time Consumption for one epoch is 14.898783683776855s
The final acc is 0.8989, 0.8837, 0.9120
