Namespace(data_dir='/data/yihua/dataset/celeba/celeba.hdf5', result_dir='results', checkpoint=None, resume=False, domain_attrs='Male', target_attrs='High_Cheekbones', exp_name=None, batch_size=512, lr=0.0001, wd=2e-05, epochs=20, seed=2022, num_workers=8, arch='resnet9', evaluate=False, gv=0.05, gr=0.3)
======================================= Epoch 0 =======================================
================= Test Set =================
+++++++++++ Find New Best Min ACC +++++++++++
The acc is 0.8500, 0.8015, 0.8621
Time Consumption for one epoch is 136.45326280593872s
======================================= Epoch 1 =======================================
================= Test Set =================
+++++++++++ Find New Best Min ACC +++++++++++
The acc is 0.8569, 0.8164, 0.8670
Time Consumption for one epoch is 134.66691422462463s
======================================= Epoch 2 =======================================
================= Test Set =================
+++++++++++ Find New Best Min ACC +++++++++++
The acc is 0.8655, 0.8160, 0.8779
Time Consumption for one epoch is 133.33637380599976s
======================================= Epoch 3 =======================================
================= Test Set =================
The acc is 0.8655, 0.8160, 0.8779
Time Consumption for one epoch is 133.18140125274658s
======================================= Epoch 4 =======================================
================= Test Set =================
The acc is 0.8655, 0.8160, 0.8779
Time Consumption for one epoch is 134.36813807487488s
======================================= Epoch 5 =======================================
================= Test Set =================
+++++++++++ Find New Best Min ACC +++++++++++
The acc is 0.8765, 0.8344, 0.8871
Time Consumption for one epoch is 135.71743774414062s
======================================= Epoch 6 =======================================
================= Test Set =================
The acc is 0.8765, 0.8344, 0.8871
Time Consumption for one epoch is 134.40039467811584s
======================================= Epoch 7 =======================================
================= Test Set =================
The acc is 0.8765, 0.8344, 0.8871
Time Consumption for one epoch is 134.88652229309082s
======================================= Epoch 8 =======================================
================= Test Set =================
The acc is 0.8765, 0.8344, 0.8871
Time Consumption for one epoch is 134.06395816802979s
======================================= Epoch 9 =======================================
================= Test Set =================
The acc is 0.8765, 0.8344, 0.8871
Time Consumption for one epoch is 134.49658870697021s
======================================= Epoch 10 =======================================
================= Test Set =================
The acc is 0.8765, 0.8344, 0.8871
Time Consumption for one epoch is 134.6164345741272s
======================================= Epoch 11 =======================================
================= Test Set =================
The acc is 0.8765, 0.8344, 0.8871
Time Consumption for one epoch is 135.02871179580688s
======================================= Epoch 12 =======================================
================= Test Set =================
The acc is 0.8765, 0.8344, 0.8871
Time Consumption for one epoch is 134.51879715919495s
======================================= Epoch 13 =======================================
================= Test Set =================
The acc is 0.8765, 0.8344, 0.8871
Time Consumption for one epoch is 133.90663123130798s
======================================= Epoch 14 =======================================
================= Test Set =================
The acc is 0.8765, 0.8344, 0.8871
Time Consumption for one epoch is 134.01344347000122s
======================================= Epoch 15 =======================================
================= Test Set =================
The acc is 0.8765, 0.8344, 0.8871
Time Consumption for one epoch is 133.75272059440613s
======================================= Epoch 16 =======================================
================= Test Set =================
The acc is 0.8765, 0.8344, 0.8871
Time Consumption for one epoch is 133.69383430480957s
======================================= Epoch 17 =======================================
================= Test Set =================
+++++++++++ Find New Best Min ACC +++++++++++
The acc is 0.8772, 0.8380, 0.8870
Time Consumption for one epoch is 135.03768920898438s
======================================= Epoch 18 =======================================
================= Test Set =================
The acc is 0.8772, 0.8380, 0.8870
Time Consumption for one epoch is 133.3440237045288s
======================================= Epoch 19 =======================================
================= Test Set =================
+++++++++++ Find New Best Min ACC +++++++++++
The acc is 0.8779, 0.8356, 0.8885
Time Consumption for one epoch is 133.39040875434875s
The final acc is 0.8779, 0.8356, 0.8885
