Namespace(data_dir='/data/yihua/dataset/celeba/celeba.hdf5', result_dir='results', checkpoint=None, resume=False, domain_attrs='Male', target_attrs='Blond_Hair', exp_name=None, batch_size=512, lr=0.0001, wd=2e-05, epochs=20, seed=2020, num_workers=8, arch='resnet9', evaluate=False, gv=0.15, gr=0.5)
======================================= Epoch 0 =======================================
================= Test Set =================
+++++++++++ Find New Best Min ACC +++++++++++
The acc is 0.7778, 0.7333, 0.7889
Time Consumption for one epoch is 31.175247192382812s
======================================= Epoch 1 =======================================
================= Test Set =================
+++++++++++ Find New Best Min ACC +++++++++++
The acc is 0.8856, 0.8194, 0.9021
Time Consumption for one epoch is 28.893752336502075s
======================================= Epoch 2 =======================================
================= Test Set =================
+++++++++++ Find New Best Min ACC +++++++++++
The acc is 0.8961, 0.8472, 0.9083
Time Consumption for one epoch is 28.650898933410645s
======================================= Epoch 3 =======================================
================= Test Set =================
+++++++++++ Find New Best Min ACC +++++++++++
The acc is 0.9022, 0.8833, 0.9069
Time Consumption for one epoch is 28.375707149505615s
======================================= Epoch 4 =======================================
================= Test Set =================
The acc is 0.9022, 0.8833, 0.9069
Time Consumption for one epoch is 28.067395210266113s
======================================= Epoch 5 =======================================
================= Test Set =================
The acc is 0.9022, 0.8833, 0.9069
Time Consumption for one epoch is 26.880802154541016s
======================================= Epoch 6 =======================================
================= Test Set =================
The acc is 0.9022, 0.8833, 0.9069
Time Consumption for one epoch is 28.435824394226074s
======================================= Epoch 7 =======================================
================= Test Set =================
+++++++++++ Find New Best Min ACC +++++++++++
The acc is 0.9144, 0.8972, 0.9187
Time Consumption for one epoch is 28.783550262451172s
======================================= Epoch 8 =======================================
================= Test Set =================
+++++++++++ Find New Best Min ACC +++++++++++
The acc is 0.9167, 0.9056, 0.9194
Time Consumption for one epoch is 27.949683904647827s
======================================= Epoch 9 =======================================
================= Test Set =================
The acc is 0.9167, 0.9056, 0.9194
Time Consumption for one epoch is 28.3329017162323s
======================================= Epoch 10 =======================================
================= Test Set =================
The acc is 0.9167, 0.9056, 0.9194
Time Consumption for one epoch is 25.232401609420776s
======================================= Epoch 11 =======================================
================= Test Set =================
The acc is 0.9167, 0.9056, 0.9194
Time Consumption for one epoch is 28.76936173439026s
======================================= Epoch 12 =======================================
================= Test Set =================
The acc is 0.9167, 0.9056, 0.9194
Time Consumption for one epoch is 28.66493821144104s
======================================= Epoch 13 =======================================
================= Test Set =================
The acc is 0.9167, 0.9056, 0.9194
Time Consumption for one epoch is 27.935426473617554s
======================================= Epoch 14 =======================================
================= Test Set =================
The acc is 0.9167, 0.9056, 0.9194
Time Consumption for one epoch is 28.502607345581055s
======================================= Epoch 15 =======================================
================= Test Set =================
The acc is 0.9167, 0.9056, 0.9194
Time Consumption for one epoch is 26.466369152069092s
======================================= Epoch 16 =======================================
================= Test Set =================
+++++++++++ Find New Best Min ACC +++++++++++
The acc is 0.9217, 0.9000, 0.9271
Time Consumption for one epoch is 28.10691785812378s
======================================= Epoch 17 =======================================
================= Test Set =================
The acc is 0.9217, 0.9000, 0.9271
Time Consumption for one epoch is 29.90795612335205s
======================================= Epoch 18 =======================================
================= Test Set =================
The acc is 0.9217, 0.9000, 0.9271
Time Consumption for one epoch is 28.739999055862427s
======================================= Epoch 19 =======================================
================= Test Set =================
+++++++++++ Find New Best Min ACC +++++++++++
The acc is 0.9233, 0.9028, 0.9285
Time Consumption for one epoch is 28.901298761367798s
The final acc is 0.9233, 0.9028, 0.9285
