Namespace(data_dir='/data/yihua/dataset/celeba/celeba.hdf5', result_dir='results', checkpoint=None, resume=False, domain_attrs='Male', target_attrs='Heavy_Makeup', exp_name=None, batch_size=512, lr=0.0001, wd=2e-05, epochs=20, seed=2023, num_workers=8, arch='resnet9', evaluate=False, gv=0.001, gr=0.1)
======================================= Epoch 0 =======================================
================= Test Set =================
+++++++++++ Find New Best Min ACC +++++++++++
The acc is 0.5000, 0.5000, 0.5000
Time Consumption for one epoch is 9.345094919204712s
======================================= Epoch 1 =======================================
================= Test Set =================
+++++++++++ Find New Best Min ACC +++++++++++
The acc is 0.5455, 0.5000, 0.5568
Time Consumption for one epoch is 9.01196575164795s
======================================= Epoch 2 =======================================
================= Test Set =================
The acc is 0.5455, 0.5000, 0.5568
Time Consumption for one epoch is 8.233728170394897s
======================================= Epoch 3 =======================================
================= Test Set =================
The acc is 0.5455, 0.5000, 0.5568
Time Consumption for one epoch is 8.459312677383423s
======================================= Epoch 4 =======================================
================= Test Set =================
The acc is 0.5455, 0.5000, 0.5568
Time Consumption for one epoch is 7.936037302017212s
======================================= Epoch 5 =======================================
================= Test Set =================
The acc is 0.5455, 0.5000, 0.5568
Time Consumption for one epoch is 7.747251749038696s
======================================= Epoch 6 =======================================
================= Test Set =================
The acc is 0.5455, 0.5000, 0.5568
Time Consumption for one epoch is 7.397970914840698s
======================================= Epoch 7 =======================================
================= Test Set =================
+++++++++++ Find New Best Min ACC +++++++++++
The acc is 0.5591, 0.5455, 0.5625
Time Consumption for one epoch is 7.676131963729858s
======================================= Epoch 8 =======================================
================= Test Set =================
+++++++++++ Find New Best Min ACC +++++++++++
The acc is 0.5727, 0.5000, 0.5909
Time Consumption for one epoch is 9.329166650772095s
======================================= Epoch 9 =======================================
================= Test Set =================
+++++++++++ Find New Best Min ACC +++++++++++
The acc is 0.6045, 0.4773, 0.6364
Time Consumption for one epoch is 8.373311996459961s
======================================= Epoch 10 =======================================
================= Test Set =================
+++++++++++ Find New Best Min ACC +++++++++++
The acc is 0.6136, 0.5227, 0.6364
Time Consumption for one epoch is 7.885108232498169s
======================================= Epoch 11 =======================================
================= Test Set =================
+++++++++++ Find New Best Min ACC +++++++++++
The acc is 0.6364, 0.5000, 0.6705
Time Consumption for one epoch is 8.349581241607666s
======================================= Epoch 12 =======================================
================= Test Set =================
The acc is 0.6364, 0.5000, 0.6705
Time Consumption for one epoch is 8.69359827041626s
======================================= Epoch 13 =======================================
================= Test Set =================
The acc is 0.6364, 0.5000, 0.6705
Time Consumption for one epoch is 8.998776912689209s
======================================= Epoch 14 =======================================
================= Test Set =================
+++++++++++ Find New Best Min ACC +++++++++++
The acc is 0.6727, 0.6136, 0.6875
Time Consumption for one epoch is 9.050939083099365s
======================================= Epoch 15 =======================================
================= Test Set =================
The acc is 0.6727, 0.6136, 0.6875
Time Consumption for one epoch is 8.233729362487793s
======================================= Epoch 16 =======================================
================= Test Set =================
The acc is 0.6727, 0.6136, 0.6875
Time Consumption for one epoch is 8.70276427268982s
======================================= Epoch 17 =======================================
================= Test Set =================
The acc is 0.6727, 0.6136, 0.6875
Time Consumption for one epoch is 8.646337747573853s
======================================= Epoch 18 =======================================
================= Test Set =================
The acc is 0.6727, 0.6136, 0.6875
Time Consumption for one epoch is 8.140133380889893s
======================================= Epoch 19 =======================================
================= Test Set =================
The acc is 0.6727, 0.6136, 0.6875
Time Consumption for one epoch is 8.078268766403198s
The final acc is 0.6727, 0.6136, 0.6875
