Namespace(data_dir='/data/yihua/dataset/celeba/celeba.hdf5', result_dir='results', checkpoint=None, resume=False, domain_attrs='Male', target_attrs='Blond_Hair', exp_name=None, batch_size=512, lr=0.0001, wd=2e-05, epochs=20, seed=2020, num_workers=8, arch='resnet9', evaluate=False, gv=0.3, gr=0.3)
======================================= Epoch 0 =======================================
================= Test Set =================
+++++++++++ Find New Best Min ACC +++++++++++
The acc is 0.7594, 0.7083, 0.7722
Time Consumption for one epoch is 31.238678455352783s
======================================= Epoch 1 =======================================
================= Test Set =================
+++++++++++ Find New Best Min ACC +++++++++++
The acc is 0.8744, 0.8444, 0.8819
Time Consumption for one epoch is 27.759169340133667s
======================================= Epoch 2 =======================================
================= Test Set =================
+++++++++++ Find New Best Min ACC +++++++++++
The acc is 0.8950, 0.8278, 0.9118
Time Consumption for one epoch is 27.094582319259644s
======================================= Epoch 3 =======================================
================= Test Set =================
The acc is 0.8950, 0.8278, 0.9118
Time Consumption for one epoch is 27.951354265213013s
======================================= Epoch 4 =======================================
================= Test Set =================
The acc is 0.8950, 0.8278, 0.9118
Time Consumption for one epoch is 28.027140617370605s
======================================= Epoch 5 =======================================
================= Test Set =================
+++++++++++ Find New Best Min ACC +++++++++++
The acc is 0.8967, 0.8806, 0.9007
Time Consumption for one epoch is 27.72392225265503s
======================================= Epoch 6 =======================================
================= Test Set =================
+++++++++++ Find New Best Min ACC +++++++++++
The acc is 0.9100, 0.8833, 0.9167
Time Consumption for one epoch is 28.218897104263306s
======================================= Epoch 7 =======================================
================= Test Set =================
The acc is 0.9100, 0.8833, 0.9167
Time Consumption for one epoch is 27.599406480789185s
======================================= Epoch 8 =======================================
================= Test Set =================
The acc is 0.9100, 0.8833, 0.9167
Time Consumption for one epoch is 27.388516902923584s
======================================= Epoch 9 =======================================
================= Test Set =================
+++++++++++ Find New Best Min ACC +++++++++++
The acc is 0.9178, 0.8861, 0.9257
Time Consumption for one epoch is 28.294536113739014s
======================================= Epoch 10 =======================================
================= Test Set =================
+++++++++++ Find New Best Min ACC +++++++++++
The acc is 0.9194, 0.9083, 0.9222
Time Consumption for one epoch is 28.203959941864014s
======================================= Epoch 11 =======================================
================= Test Set =================
The acc is 0.9194, 0.9083, 0.9222
Time Consumption for one epoch is 27.939504384994507s
======================================= Epoch 12 =======================================
================= Test Set =================
The acc is 0.9194, 0.9083, 0.9222
Time Consumption for one epoch is 28.642592430114746s
======================================= Epoch 13 =======================================
================= Test Set =================
The acc is 0.9194, 0.9083, 0.9222
Time Consumption for one epoch is 27.842079401016235s
======================================= Epoch 14 =======================================
================= Test Set =================
The acc is 0.9194, 0.9083, 0.9222
Time Consumption for one epoch is 28.80019187927246s
======================================= Epoch 15 =======================================
================= Test Set =================
The acc is 0.9194, 0.9083, 0.9222
Time Consumption for one epoch is 28.060338497161865s
======================================= Epoch 16 =======================================
================= Test Set =================
+++++++++++ Find New Best Min ACC +++++++++++
The acc is 0.9211, 0.9028, 0.9257
Time Consumption for one epoch is 28.10740613937378s
======================================= Epoch 17 =======================================
================= Test Set =================
+++++++++++ Find New Best Min ACC +++++++++++
The acc is 0.9233, 0.9111, 0.9264
Time Consumption for one epoch is 29.09205174446106s
======================================= Epoch 18 =======================================
================= Test Set =================
The acc is 0.9233, 0.9111, 0.9264
Time Consumption for one epoch is 26.800467252731323s
======================================= Epoch 19 =======================================
================= Test Set =================
The acc is 0.9233, 0.9111, 0.9264
Time Consumption for one epoch is 28.325034141540527s
The final acc is 0.9233, 0.9111, 0.9264
