Namespace(data_dir='/data/yihua/dataset/celeba/celeba.hdf5', result_dir='rotation_study', checkpoint=None, resume=False, domain_attrs='Male', target_attrs='Blond_Hair', exp_name=None, batch_size=512, lr=0.0001, wd=2e-05, epochs=20, seed=2021, num_workers=8, arch='resnet18', evaluate=False, total_num=5000, test_num=1000, gv=30.0, gr=0.1, minor_ratio=0.2, add_aug='rotation')
======================================= Epoch 0 =======================================
================= Test Set =================
+++++++++++ Find New Best Min ACC +++++++++++
The acc is 0.4817, 0.4372, 0.5200
Time Consumption for one epoch is 23.56187915802002s
======================================= Epoch 1 =======================================
================= Test Set =================
+++++++++++ Find New Best Min ACC +++++++++++
The acc is 0.5376, 0.5814, 0.5000
Time Consumption for one epoch is 20.753081560134888s
======================================= Epoch 2 =======================================
================= Test Set =================
The acc is 0.5376, 0.5814, 0.5000
Time Consumption for one epoch is 20.249962091445923s
======================================= Epoch 3 =======================================
================= Test Set =================
The acc is 0.5376, 0.5814, 0.5000
Time Consumption for one epoch is 20.066623210906982s
======================================= Epoch 4 =======================================
================= Test Set =================
+++++++++++ Find New Best Min ACC +++++++++++
The acc is 0.6839, 0.6907, 0.6780
Time Consumption for one epoch is 19.971153020858765s
======================================= Epoch 5 =======================================
================= Test Set =================
+++++++++++ Find New Best Min ACC +++++++++++
The acc is 0.7613, 0.7395, 0.7800
Time Consumption for one epoch is 20.577596187591553s
======================================= Epoch 6 =======================================
================= Test Set =================
+++++++++++ Find New Best Min ACC +++++++++++
The acc is 0.8430, 0.8093, 0.8720
Time Consumption for one epoch is 20.031217575073242s
======================================= Epoch 7 =======================================
================= Test Set =================
+++++++++++ Find New Best Min ACC +++++++++++
The acc is 0.8688, 0.8395, 0.8940
Time Consumption for one epoch is 19.47230625152588s
======================================= Epoch 8 =======================================
================= Test Set =================
The acc is 0.8688, 0.8395, 0.8940
Time Consumption for one epoch is 18.99686026573181s
======================================= Epoch 9 =======================================
================= Test Set =================
The acc is 0.8688, 0.8395, 0.8940
Time Consumption for one epoch is 18.426761865615845s
======================================= Epoch 10 =======================================
================= Test Set =================
The acc is 0.8688, 0.8395, 0.8940
Time Consumption for one epoch is 18.79802179336548s
======================================= Epoch 11 =======================================
================= Test Set =================
+++++++++++ Find New Best Min ACC +++++++++++
The acc is 0.8839, 0.8674, 0.8980
Time Consumption for one epoch is 19.54202389717102s
======================================= Epoch 12 =======================================
================= Test Set =================
The acc is 0.8839, 0.8674, 0.8980
Time Consumption for one epoch is 19.216200351715088s
======================================= Epoch 13 =======================================
================= Test Set =================
The acc is 0.8839, 0.8674, 0.8980
Time Consumption for one epoch is 20.247335195541382s
======================================= Epoch 14 =======================================
================= Test Set =================
+++++++++++ Find New Best Min ACC +++++++++++
The acc is 0.8892, 0.8651, 0.9100
Time Consumption for one epoch is 18.632226705551147s
======================================= Epoch 15 =======================================
================= Test Set =================
The acc is 0.8892, 0.8651, 0.9100
Time Consumption for one epoch is 19.758033514022827s
======================================= Epoch 16 =======================================
================= Test Set =================
The acc is 0.8892, 0.8651, 0.9100
Time Consumption for one epoch is 19.63730502128601s
======================================= Epoch 17 =======================================
================= Test Set =================
The acc is 0.8892, 0.8651, 0.9100
Time Consumption for one epoch is 21.05738663673401s
======================================= Epoch 18 =======================================
================= Test Set =================
The acc is 0.8892, 0.8651, 0.9100
Time Consumption for one epoch is 20.848800897598267s
======================================= Epoch 19 =======================================
================= Test Set =================
+++++++++++ Find New Best Min ACC +++++++++++
The acc is 0.8914, 0.8767, 0.9040
Time Consumption for one epoch is 20.097984790802002s
The final acc is 0.8914, 0.8767, 0.9040
