Namespace(data_dir='/data/yihua/dataset/celeba/celeba.hdf5', result_dir='results', checkpoint=None, resume=False, domain_attrs='Male', target_attrs='Heavy_Makeup', exp_name=None, batch_size=512, lr=0.0001, wd=2e-05, epochs=20, seed=2020, num_workers=8, arch='resnet9', evaluate=False, gv=0.0001, gr=0.5)
======================================= Epoch 0 =======================================
================= Test Set =================
+++++++++++ Find New Best Min ACC +++++++++++
The acc is 0.5000, 0.5000, 0.5000
Time Consumption for one epoch is 11.038997650146484s
======================================= Epoch 1 =======================================
================= Test Set =================
The acc is 0.5000, 0.5000, 0.5000
Time Consumption for one epoch is 8.95008111000061s
======================================= Epoch 2 =======================================
================= Test Set =================
The acc is 0.5000, 0.5000, 0.5000
Time Consumption for one epoch is 8.200537919998169s
======================================= Epoch 3 =======================================
================= Test Set =================
The acc is 0.5000, 0.5000, 0.5000
Time Consumption for one epoch is 9.866249561309814s
======================================= Epoch 4 =======================================
================= Test Set =================
The acc is 0.5000, 0.5000, 0.5000
Time Consumption for one epoch is 9.012495040893555s
======================================= Epoch 5 =======================================
================= Test Set =================
The acc is 0.5000, 0.5000, 0.5000
Time Consumption for one epoch is 8.298032522201538s
======================================= Epoch 6 =======================================
================= Test Set =================
The acc is 0.5000, 0.5000, 0.5000
Time Consumption for one epoch is 8.387977361679077s
======================================= Epoch 7 =======================================
================= Test Set =================
+++++++++++ Find New Best Min ACC +++++++++++
The acc is 0.5136, 0.5000, 0.5170
Time Consumption for one epoch is 9.96321439743042s
======================================= Epoch 8 =======================================
================= Test Set =================
+++++++++++ Find New Best Min ACC +++++++++++
The acc is 0.5455, 0.5455, 0.5455
Time Consumption for one epoch is 9.628649950027466s
======================================= Epoch 9 =======================================
================= Test Set =================
+++++++++++ Find New Best Min ACC +++++++++++
The acc is 0.6409, 0.5455, 0.6648
Time Consumption for one epoch is 10.020617723464966s
======================================= Epoch 10 =======================================
================= Test Set =================
The acc is 0.6409, 0.5455, 0.6648
Time Consumption for one epoch is 7.792341947555542s
======================================= Epoch 11 =======================================
================= Test Set =================
+++++++++++ Find New Best Min ACC +++++++++++
The acc is 0.6955, 0.6364, 0.7102
Time Consumption for one epoch is 8.153770446777344s
======================================= Epoch 12 =======================================
================= Test Set =================
The acc is 0.6955, 0.6364, 0.7102
Time Consumption for one epoch is 9.940667867660522s
======================================= Epoch 13 =======================================
================= Test Set =================
The acc is 0.6955, 0.6364, 0.7102
Time Consumption for one epoch is 7.764019966125488s
======================================= Epoch 14 =======================================
================= Test Set =================
+++++++++++ Find New Best Min ACC +++++++++++
The acc is 0.7000, 0.6136, 0.7216
Time Consumption for one epoch is 9.904896974563599s
======================================= Epoch 15 =======================================
================= Test Set =================
The acc is 0.7000, 0.6136, 0.7216
Time Consumption for one epoch is 9.80223298072815s
======================================= Epoch 16 =======================================
================= Test Set =================
The acc is 0.7000, 0.6136, 0.7216
Time Consumption for one epoch is 7.610269546508789s
======================================= Epoch 17 =======================================
================= Test Set =================
The acc is 0.7000, 0.6136, 0.7216
Time Consumption for one epoch is 9.79521131515503s
======================================= Epoch 18 =======================================
================= Test Set =================
The acc is 0.7000, 0.6136, 0.7216
Time Consumption for one epoch is 8.552266597747803s
======================================= Epoch 19 =======================================
================= Test Set =================
The acc is 0.7000, 0.6136, 0.7216
Time Consumption for one epoch is 9.705219507217407s
The final acc is 0.7000, 0.6136, 0.7216
