Namespace(data_dir='/data/yihua/dataset/celeba/celeba.hdf5', result_dir='results', checkpoint=None, resume=False, domain_attrs='Male', target_attrs='Heavy_Makeup', exp_name=None, batch_size=512, lr=0.0001, wd=2e-05, epochs=20, seed=2021, num_workers=8, arch='resnet9', evaluate=False, gv=10.0, gr=0.5)
======================================= Epoch 0 =======================================
================= Test Set =================
+++++++++++ Find New Best Min ACC +++++++++++
The acc is 0.5000, 0.5000, 0.5000
Time Consumption for one epoch is 10.31334924697876s
======================================= Epoch 1 =======================================
================= Test Set =================
+++++++++++ Find New Best Min ACC +++++++++++
The acc is 0.5045, 0.5227, 0.5000
Time Consumption for one epoch is 8.726540803909302s
======================================= Epoch 2 =======================================
================= Test Set =================
The acc is 0.5045, 0.5227, 0.5000
Time Consumption for one epoch is 8.51242208480835s
======================================= Epoch 3 =======================================
================= Test Set =================
+++++++++++ Find New Best Min ACC +++++++++++
The acc is 0.6000, 0.5227, 0.6193
Time Consumption for one epoch is 9.622921705245972s
======================================= Epoch 4 =======================================
================= Test Set =================
The acc is 0.6000, 0.5227, 0.6193
Time Consumption for one epoch is 8.85657024383545s
======================================= Epoch 5 =======================================
================= Test Set =================
The acc is 0.6000, 0.5227, 0.6193
Time Consumption for one epoch is 9.003393411636353s
======================================= Epoch 6 =======================================
================= Test Set =================
The acc is 0.6000, 0.5227, 0.6193
Time Consumption for one epoch is 8.92123794555664s
======================================= Epoch 7 =======================================
================= Test Set =================
+++++++++++ Find New Best Min ACC +++++++++++
The acc is 0.6136, 0.5227, 0.6364
Time Consumption for one epoch is 7.617898464202881s
======================================= Epoch 8 =======================================
================= Test Set =================
The acc is 0.6136, 0.5227, 0.6364
Time Consumption for one epoch is 9.509771347045898s
======================================= Epoch 9 =======================================
================= Test Set =================
+++++++++++ Find New Best Min ACC +++++++++++
The acc is 0.6455, 0.5455, 0.6705
Time Consumption for one epoch is 9.067220449447632s
======================================= Epoch 10 =======================================
================= Test Set =================
The acc is 0.6455, 0.5455, 0.6705
Time Consumption for one epoch is 8.135971069335938s
======================================= Epoch 11 =======================================
================= Test Set =================
The acc is 0.6455, 0.5455, 0.6705
Time Consumption for one epoch is 10.363449096679688s
======================================= Epoch 12 =======================================
================= Test Set =================
+++++++++++ Find New Best Min ACC +++++++++++
The acc is 0.6591, 0.6364, 0.6648
Time Consumption for one epoch is 8.830230474472046s
======================================= Epoch 13 =======================================
================= Test Set =================
The acc is 0.6591, 0.6364, 0.6648
Time Consumption for one epoch is 8.659207820892334s
======================================= Epoch 14 =======================================
================= Test Set =================
The acc is 0.6591, 0.6364, 0.6648
Time Consumption for one epoch is 10.281370878219604s
======================================= Epoch 15 =======================================
================= Test Set =================
The acc is 0.6591, 0.6364, 0.6648
Time Consumption for one epoch is 7.358312129974365s
======================================= Epoch 16 =======================================
================= Test Set =================
The acc is 0.6591, 0.6364, 0.6648
Time Consumption for one epoch is 9.321755647659302s
======================================= Epoch 17 =======================================
================= Test Set =================
+++++++++++ Find New Best Min ACC +++++++++++
The acc is 0.6773, 0.6136, 0.6932
Time Consumption for one epoch is 9.122813701629639s
======================================= Epoch 18 =======================================
================= Test Set =================
The acc is 0.6773, 0.6136, 0.6932
Time Consumption for one epoch is 7.3395819664001465s
======================================= Epoch 19 =======================================
================= Test Set =================
The acc is 0.6773, 0.6136, 0.6932
Time Consumption for one epoch is 9.74137544631958s
The final acc is 0.6773, 0.6136, 0.6932
