Namespace(data_dir='/data/yihua/dataset/celeba/celeba.hdf5', result_dir='crop_study', checkpoint=None, resume=False, domain_attrs='Male', target_attrs='Blond_Hair', exp_name=None, batch_size=512, lr=0.0001, wd=2e-05, epochs=20, seed=2022, num_workers=8, arch='resnet9', evaluate=False, total_num=5000, test_num=1000, gv=100.0, gr=0.1, minor_ratio=0.2, add_aug='crop')
======================================= Epoch 0 =======================================
================= Test Set =================
+++++++++++ Find New Best Min ACC +++++++++++
The acc is 0.4624, 0.4186, 0.5000
Time Consumption for one epoch is 15.724276542663574s
======================================= Epoch 1 =======================================
================= Test Set =================
The acc is 0.4624, 0.4186, 0.5000
Time Consumption for one epoch is 14.30944538116455s
======================================= Epoch 2 =======================================
================= Test Set =================
+++++++++++ Find New Best Min ACC +++++++++++
The acc is 0.4817, 0.4256, 0.5300
Time Consumption for one epoch is 14.619580745697021s
======================================= Epoch 3 =======================================
================= Test Set =================
+++++++++++ Find New Best Min ACC +++++++++++
The acc is 0.6763, 0.6023, 0.7400
Time Consumption for one epoch is 14.276960849761963s
======================================= Epoch 4 =======================================
================= Test Set =================
+++++++++++ Find New Best Min ACC +++++++++++
The acc is 0.8484, 0.8209, 0.8720
Time Consumption for one epoch is 14.38655138015747s
======================================= Epoch 5 =======================================
================= Test Set =================
+++++++++++ Find New Best Min ACC +++++++++++
The acc is 0.8634, 0.8535, 0.8720
Time Consumption for one epoch is 14.62302851676941s
======================================= Epoch 6 =======================================
================= Test Set =================
+++++++++++ Find New Best Min ACC +++++++++++
The acc is 0.8860, 0.8744, 0.8960
Time Consumption for one epoch is 13.946718692779541s
======================================= Epoch 7 =======================================
================= Test Set =================
The acc is 0.8860, 0.8744, 0.8960
Time Consumption for one epoch is 13.841472148895264s
======================================= Epoch 8 =======================================
================= Test Set =================
The acc is 0.8860, 0.8744, 0.8960
Time Consumption for one epoch is 14.634032249450684s
======================================= Epoch 9 =======================================
================= Test Set =================
The acc is 0.8860, 0.8744, 0.8960
Time Consumption for one epoch is 14.404165267944336s
======================================= Epoch 10 =======================================
================= Test Set =================
The acc is 0.8860, 0.8744, 0.8960
Time Consumption for one epoch is 14.085033893585205s
======================================= Epoch 11 =======================================
================= Test Set =================
The acc is 0.8860, 0.8744, 0.8960
Time Consumption for one epoch is 14.212402105331421s
======================================= Epoch 12 =======================================
================= Test Set =================
+++++++++++ Find New Best Min ACC +++++++++++
The acc is 0.8882, 0.8721, 0.9020
Time Consumption for one epoch is 14.579492092132568s
======================================= Epoch 13 =======================================
================= Test Set =================
+++++++++++ Find New Best Min ACC +++++++++++
The acc is 0.8946, 0.8721, 0.9140
Time Consumption for one epoch is 13.956292390823364s
======================================= Epoch 14 =======================================
================= Test Set =================
The acc is 0.8946, 0.8721, 0.9140
Time Consumption for one epoch is 14.09889268875122s
======================================= Epoch 15 =======================================
================= Test Set =================
The acc is 0.8946, 0.8721, 0.9140
Time Consumption for one epoch is 14.332953453063965s
======================================= Epoch 16 =======================================
================= Test Set =================
The acc is 0.8946, 0.8721, 0.9140
Time Consumption for one epoch is 14.054686546325684s
======================================= Epoch 17 =======================================
================= Test Set =================
The acc is 0.8946, 0.8721, 0.9140
Time Consumption for one epoch is 14.908595323562622s
======================================= Epoch 18 =======================================
================= Test Set =================
The acc is 0.8946, 0.8721, 0.9140
Time Consumption for one epoch is 13.783957242965698s
======================================= Epoch 19 =======================================
================= Test Set =================
The acc is 0.8946, 0.8721, 0.9140
Time Consumption for one epoch is 14.061022281646729s
The final acc is 0.8946, 0.8721, 0.9140
