Namespace(data_dir='/data/yihua/dataset/celeba/celeba.hdf5', result_dir='results', checkpoint=None, resume=False, domain_attrs='Male', target_attrs='Blond_Hair', exp_name=None, batch_size=512, lr=0.0001, wd=2e-05, epochs=20, seed=2022, num_workers=8, arch='resnet9', evaluate=False, gv=0.3, gr=0.1)
======================================= Epoch 0 =======================================
================= Test Set =================
+++++++++++ Find New Best Min ACC +++++++++++
The acc is 0.5917, 0.5389, 0.6049
Time Consumption for one epoch is 30.305243015289307s
======================================= Epoch 1 =======================================
================= Test Set =================
+++++++++++ Find New Best Min ACC +++++++++++
The acc is 0.8461, 0.7778, 0.8632
Time Consumption for one epoch is 26.42524266242981s
======================================= Epoch 2 =======================================
================= Test Set =================
+++++++++++ Find New Best Min ACC +++++++++++
The acc is 0.8506, 0.7750, 0.8694
Time Consumption for one epoch is 26.44238591194153s
======================================= Epoch 3 =======================================
================= Test Set =================
+++++++++++ Find New Best Min ACC +++++++++++
The acc is 0.8972, 0.8528, 0.9083
Time Consumption for one epoch is 27.28089213371277s
======================================= Epoch 4 =======================================
================= Test Set =================
The acc is 0.8972, 0.8528, 0.9083
Time Consumption for one epoch is 26.85047435760498s
======================================= Epoch 5 =======================================
================= Test Set =================
The acc is 0.8972, 0.8528, 0.9083
Time Consumption for one epoch is 26.026216983795166s
======================================= Epoch 6 =======================================
================= Test Set =================
The acc is 0.8972, 0.8528, 0.9083
Time Consumption for one epoch is 23.612260103225708s
======================================= Epoch 7 =======================================
================= Test Set =================
The acc is 0.8972, 0.8528, 0.9083
Time Consumption for one epoch is 26.090848207473755s
======================================= Epoch 8 =======================================
================= Test Set =================
The acc is 0.8972, 0.8528, 0.9083
Time Consumption for one epoch is 26.433626651763916s
======================================= Epoch 9 =======================================
================= Test Set =================
+++++++++++ Find New Best Min ACC +++++++++++
The acc is 0.9044, 0.8833, 0.9097
Time Consumption for one epoch is 26.86389708518982s
======================================= Epoch 10 =======================================
================= Test Set =================
+++++++++++ Find New Best Min ACC +++++++++++
The acc is 0.9172, 0.8917, 0.9236
Time Consumption for one epoch is 26.8389790058136s
======================================= Epoch 11 =======================================
================= Test Set =================
The acc is 0.9172, 0.8917, 0.9236
Time Consumption for one epoch is 27.025747776031494s
======================================= Epoch 12 =======================================
================= Test Set =================
The acc is 0.9172, 0.8917, 0.9236
Time Consumption for one epoch is 24.912714958190918s
======================================= Epoch 13 =======================================
================= Test Set =================
The acc is 0.9172, 0.8917, 0.9236
Time Consumption for one epoch is 26.67739987373352s
======================================= Epoch 14 =======================================
================= Test Set =================
The acc is 0.9172, 0.8917, 0.9236
Time Consumption for one epoch is 27.100000619888306s
======================================= Epoch 15 =======================================
================= Test Set =================
The acc is 0.9172, 0.8917, 0.9236
Time Consumption for one epoch is 26.41047692298889s
======================================= Epoch 16 =======================================
================= Test Set =================
+++++++++++ Find New Best Min ACC +++++++++++
The acc is 0.9189, 0.9000, 0.9236
Time Consumption for one epoch is 25.47236657142639s
======================================= Epoch 17 =======================================
================= Test Set =================
+++++++++++ Find New Best Min ACC +++++++++++
The acc is 0.9211, 0.9028, 0.9257
Time Consumption for one epoch is 26.42959475517273s
======================================= Epoch 18 =======================================
================= Test Set =================
+++++++++++ Find New Best Min ACC +++++++++++
The acc is 0.9222, 0.9000, 0.9278
Time Consumption for one epoch is 24.992947578430176s
======================================= Epoch 19 =======================================
================= Test Set =================
The acc is 0.9222, 0.9000, 0.9278
Time Consumption for one epoch is 27.308456659317017s
The final acc is 0.9222, 0.9000, 0.9278
