Namespace(data_dir='/data/yihua/dataset/celeba/celeba.hdf5', result_dir='results', checkpoint=None, resume=False, domain_attrs='Male', target_attrs='Blond_Hair', exp_name=None, batch_size=512, lr=0.0001, wd=2e-05, epochs=20, seed=2021, num_workers=8, arch='resnet9', evaluate=False, gv=0.1, gr=0.3)
======================================= Epoch 0 =======================================
================= Test Set =================
+++++++++++ Find New Best Min ACC +++++++++++
The acc is 0.7194, 0.6528, 0.7361
Time Consumption for one epoch is 26.631442308425903s
======================================= Epoch 1 =======================================
================= Test Set =================
+++++++++++ Find New Best Min ACC +++++++++++
The acc is 0.8628, 0.8361, 0.8694
Time Consumption for one epoch is 24.842931985855103s
======================================= Epoch 2 =======================================
================= Test Set =================
The acc is 0.8628, 0.8361, 0.8694
Time Consumption for one epoch is 24.244357347488403s
======================================= Epoch 3 =======================================
================= Test Set =================
+++++++++++ Find New Best Min ACC +++++++++++
The acc is 0.8783, 0.8167, 0.8938
Time Consumption for one epoch is 24.763484001159668s
======================================= Epoch 4 =======================================
================= Test Set =================
+++++++++++ Find New Best Min ACC +++++++++++
The acc is 0.8806, 0.8333, 0.8924
Time Consumption for one epoch is 23.645302057266235s
======================================= Epoch 5 =======================================
================= Test Set =================
+++++++++++ Find New Best Min ACC +++++++++++
The acc is 0.8961, 0.8750, 0.9014
Time Consumption for one epoch is 25.5121066570282s
======================================= Epoch 6 =======================================
================= Test Set =================
+++++++++++ Find New Best Min ACC +++++++++++
The acc is 0.9072, 0.8694, 0.9167
Time Consumption for one epoch is 24.699623823165894s
======================================= Epoch 7 =======================================
================= Test Set =================
The acc is 0.9072, 0.8694, 0.9167
Time Consumption for one epoch is 24.6323299407959s
======================================= Epoch 8 =======================================
================= Test Set =================
The acc is 0.9072, 0.8694, 0.9167
Time Consumption for one epoch is 25.130319595336914s
======================================= Epoch 9 =======================================
================= Test Set =================
The acc is 0.9072, 0.8694, 0.9167
Time Consumption for one epoch is 25.42365002632141s
======================================= Epoch 10 =======================================
================= Test Set =================
The acc is 0.9072, 0.8694, 0.9167
Time Consumption for one epoch is 24.81624460220337s
======================================= Epoch 11 =======================================
================= Test Set =================
+++++++++++ Find New Best Min ACC +++++++++++
The acc is 0.9156, 0.8972, 0.9201
Time Consumption for one epoch is 24.913879871368408s
======================================= Epoch 12 =======================================
================= Test Set =================
The acc is 0.9156, 0.8972, 0.9201
Time Consumption for one epoch is 25.127028942108154s
======================================= Epoch 13 =======================================
================= Test Set =================
The acc is 0.9156, 0.8972, 0.9201
Time Consumption for one epoch is 24.425216674804688s
======================================= Epoch 14 =======================================
================= Test Set =================
The acc is 0.9156, 0.8972, 0.9201
Time Consumption for one epoch is 23.630342721939087s
======================================= Epoch 15 =======================================
================= Test Set =================
+++++++++++ Find New Best Min ACC +++++++++++
The acc is 0.9183, 0.9028, 0.9222
Time Consumption for one epoch is 24.474113941192627s
======================================= Epoch 16 =======================================
================= Test Set =================
The acc is 0.9183, 0.9028, 0.9222
Time Consumption for one epoch is 25.056792736053467s
======================================= Epoch 17 =======================================
================= Test Set =================
The acc is 0.9183, 0.9028, 0.9222
Time Consumption for one epoch is 25.328487396240234s
======================================= Epoch 18 =======================================
================= Test Set =================
The acc is 0.9183, 0.9028, 0.9222
Time Consumption for one epoch is 24.607940196990967s
======================================= Epoch 19 =======================================
================= Test Set =================
The acc is 0.9183, 0.9028, 0.9222
Time Consumption for one epoch is 25.008034706115723s
The final acc is 0.9183, 0.9028, 0.9222
