Namespace(data_dir='/data/yihua/dataset/celeba/celeba.hdf5', result_dir='results', checkpoint=None, resume=False, domain_attrs='Male', target_attrs='Blond_Hair', exp_name=None, batch_size=512, lr=0.0001, wd=2e-05, epochs=20, seed=2020, num_workers=8, arch='resnet9', evaluate=False, gv=0.35, gr=0.3)
======================================= Epoch 0 =======================================
================= Test Set =================
+++++++++++ Find New Best Min ACC +++++++++++
The acc is 0.7522, 0.6972, 0.7660
Time Consumption for one epoch is 28.28644871711731s
======================================= Epoch 1 =======================================
================= Test Set =================
+++++++++++ Find New Best Min ACC +++++++++++
The acc is 0.8728, 0.8333, 0.8826
Time Consumption for one epoch is 24.141833782196045s
======================================= Epoch 2 =======================================
================= Test Set =================
+++++++++++ Find New Best Min ACC +++++++++++
The acc is 0.8933, 0.8306, 0.9090
Time Consumption for one epoch is 24.88046884536743s
======================================= Epoch 3 =======================================
================= Test Set =================
+++++++++++ Find New Best Min ACC +++++++++++
The acc is 0.8956, 0.8611, 0.9042
Time Consumption for one epoch is 23.719151735305786s
======================================= Epoch 4 =======================================
================= Test Set =================
+++++++++++ Find New Best Min ACC +++++++++++
The acc is 0.8983, 0.8556, 0.9090
Time Consumption for one epoch is 25.28904104232788s
======================================= Epoch 5 =======================================
================= Test Set =================
The acc is 0.8983, 0.8556, 0.9090
Time Consumption for one epoch is 24.81720232963562s
======================================= Epoch 6 =======================================
================= Test Set =================
+++++++++++ Find New Best Min ACC +++++++++++
The acc is 0.9161, 0.8944, 0.9215
Time Consumption for one epoch is 24.659785747528076s
======================================= Epoch 7 =======================================
================= Test Set =================
The acc is 0.9161, 0.8944, 0.9215
Time Consumption for one epoch is 24.942066192626953s
======================================= Epoch 8 =======================================
================= Test Set =================
The acc is 0.9161, 0.8944, 0.9215
Time Consumption for one epoch is 24.462146997451782s
======================================= Epoch 9 =======================================
================= Test Set =================
The acc is 0.9161, 0.8944, 0.9215
Time Consumption for one epoch is 24.16981840133667s
======================================= Epoch 10 =======================================
================= Test Set =================
+++++++++++ Find New Best Min ACC +++++++++++
The acc is 0.9194, 0.9000, 0.9243
Time Consumption for one epoch is 25.37727952003479s
======================================= Epoch 11 =======================================
================= Test Set =================
The acc is 0.9194, 0.9000, 0.9243
Time Consumption for one epoch is 25.62167191505432s
======================================= Epoch 12 =======================================
================= Test Set =================
The acc is 0.9194, 0.9000, 0.9243
Time Consumption for one epoch is 25.17771005630493s
======================================= Epoch 13 =======================================
================= Test Set =================
The acc is 0.9194, 0.9000, 0.9243
Time Consumption for one epoch is 24.246314764022827s
======================================= Epoch 14 =======================================
================= Test Set =================
The acc is 0.9194, 0.9000, 0.9243
Time Consumption for one epoch is 23.779287338256836s
======================================= Epoch 15 =======================================
================= Test Set =================
The acc is 0.9194, 0.9000, 0.9243
Time Consumption for one epoch is 24.42963480949402s
======================================= Epoch 16 =======================================
================= Test Set =================
+++++++++++ Find New Best Min ACC +++++++++++
The acc is 0.9211, 0.9083, 0.9243
Time Consumption for one epoch is 26.022831916809082s
======================================= Epoch 17 =======================================
================= Test Set =================
+++++++++++ Find New Best Min ACC +++++++++++
The acc is 0.9217, 0.9083, 0.9250
Time Consumption for one epoch is 24.675976514816284s
======================================= Epoch 18 =======================================
================= Test Set =================
The acc is 0.9217, 0.9083, 0.9250
Time Consumption for one epoch is 25.718830347061157s
======================================= Epoch 19 =======================================
================= Test Set =================
The acc is 0.9217, 0.9083, 0.9250
Time Consumption for one epoch is 23.508695125579834s
The final acc is 0.9217, 0.9083, 0.9250
