Namespace(data_dir='/data/yihua/dataset/celeba/celeba.hdf5', result_dir='results', checkpoint=None, resume=False, domain_attrs='Male', target_attrs='Heavy_Makeup', exp_name=None, batch_size=512, lr=0.0001, wd=2e-05, epochs=20, seed=2024, num_workers=8, arch='resnet9', evaluate=False, gv=0.001, gr=0.1)
======================================= Epoch 0 =======================================
================= Test Set =================
+++++++++++ Find New Best Min ACC +++++++++++
The acc is 0.5000, 0.5000, 0.5000
Time Consumption for one epoch is 8.931429386138916s
======================================= Epoch 1 =======================================
================= Test Set =================
The acc is 0.5000, 0.5000, 0.5000
Time Consumption for one epoch is 8.760172367095947s
======================================= Epoch 2 =======================================
================= Test Set =================
The acc is 0.5000, 0.5000, 0.5000
Time Consumption for one epoch is 7.810229539871216s
======================================= Epoch 3 =======================================
================= Test Set =================
The acc is 0.5000, 0.5000, 0.5000
Time Consumption for one epoch is 7.184849977493286s
======================================= Epoch 4 =======================================
================= Test Set =================
The acc is 0.5000, 0.5000, 0.5000
Time Consumption for one epoch is 8.293474435806274s
======================================= Epoch 5 =======================================
================= Test Set =================
The acc is 0.5000, 0.5000, 0.5000
Time Consumption for one epoch is 7.545990943908691s
======================================= Epoch 6 =======================================
================= Test Set =================
The acc is 0.5000, 0.5000, 0.5000
Time Consumption for one epoch is 8.34512209892273s
======================================= Epoch 7 =======================================
================= Test Set =================
The acc is 0.5000, 0.5000, 0.5000
Time Consumption for one epoch is 8.252002716064453s
======================================= Epoch 8 =======================================
================= Test Set =================
The acc is 0.5000, 0.5000, 0.5000
Time Consumption for one epoch is 7.504314184188843s
======================================= Epoch 9 =======================================
================= Test Set =================
+++++++++++ Find New Best Min ACC +++++++++++
The acc is 0.6091, 0.5000, 0.6364
Time Consumption for one epoch is 9.19964599609375s
======================================= Epoch 10 =======================================
================= Test Set =================
+++++++++++ Find New Best Min ACC +++++++++++
The acc is 0.6136, 0.4773, 0.6477
Time Consumption for one epoch is 9.63348126411438s
======================================= Epoch 11 =======================================
================= Test Set =================
+++++++++++ Find New Best Min ACC +++++++++++
The acc is 0.6409, 0.5909, 0.6534
Time Consumption for one epoch is 8.652693748474121s
======================================= Epoch 12 =======================================
================= Test Set =================
The acc is 0.6409, 0.5909, 0.6534
Time Consumption for one epoch is 7.99270224571228s
======================================= Epoch 13 =======================================
================= Test Set =================
+++++++++++ Find New Best Min ACC +++++++++++
The acc is 0.6591, 0.5227, 0.6932
Time Consumption for one epoch is 7.854780197143555s
======================================= Epoch 14 =======================================
================= Test Set =================
The acc is 0.6591, 0.5227, 0.6932
Time Consumption for one epoch is 7.6039698123931885s
======================================= Epoch 15 =======================================
================= Test Set =================
The acc is 0.6591, 0.5227, 0.6932
Time Consumption for one epoch is 8.747606992721558s
======================================= Epoch 16 =======================================
================= Test Set =================
The acc is 0.6591, 0.5227, 0.6932
Time Consumption for one epoch is 9.104411602020264s
======================================= Epoch 17 =======================================
================= Test Set =================
+++++++++++ Find New Best Min ACC +++++++++++
The acc is 0.6864, 0.5682, 0.7159
Time Consumption for one epoch is 8.922118902206421s
======================================= Epoch 18 =======================================
================= Test Set =================
The acc is 0.6864, 0.5682, 0.7159
Time Consumption for one epoch is 7.043793678283691s
======================================= Epoch 19 =======================================
================= Test Set =================
The acc is 0.6864, 0.5682, 0.7159
Time Consumption for one epoch is 8.274843215942383s
The final acc is 0.6864, 0.5682, 0.7159
