Namespace(data_dir='/data/yihua/dataset/celeba/celeba.hdf5', result_dir='crop_study', checkpoint=None, resume=False, domain_attrs='Male', target_attrs='Blond_Hair', exp_name=None, batch_size=512, lr=0.0001, wd=2e-05, epochs=20, seed=2020, num_workers=8, arch='resnet18', evaluate=False, total_num=5000, test_num=1000, gv=100.0, gr=0.5, minor_ratio=0.2, add_aug='crop')
======================================= Epoch 0 =======================================
================= Test Set =================
+++++++++++ Find New Best Min ACC +++++++++++
The acc is 0.4624, 0.4186, 0.5000
Time Consumption for one epoch is 23.938417434692383s
======================================= Epoch 1 =======================================
================= Test Set =================
+++++++++++ Find New Best Min ACC +++++++++++
The acc is 0.5677, 0.5302, 0.6000
Time Consumption for one epoch is 20.59884810447693s
======================================= Epoch 2 =======================================
================= Test Set =================
+++++++++++ Find New Best Min ACC +++++++++++
The acc is 0.6237, 0.6209, 0.6260
Time Consumption for one epoch is 20.57658338546753s
======================================= Epoch 3 =======================================
================= Test Set =================
+++++++++++ Find New Best Min ACC +++++++++++
The acc is 0.7699, 0.7512, 0.7860
Time Consumption for one epoch is 21.7519690990448s
======================================= Epoch 4 =======================================
================= Test Set =================
The acc is 0.7699, 0.7512, 0.7860
Time Consumption for one epoch is 19.6063334941864s
======================================= Epoch 5 =======================================
================= Test Set =================
+++++++++++ Find New Best Min ACC +++++++++++
The acc is 0.8624, 0.8326, 0.8880
Time Consumption for one epoch is 21.60033893585205s
======================================= Epoch 6 =======================================
================= Test Set =================
The acc is 0.8624, 0.8326, 0.8880
Time Consumption for one epoch is 21.78783869743347s
======================================= Epoch 7 =======================================
================= Test Set =================
+++++++++++ Find New Best Min ACC +++++++++++
The acc is 0.8656, 0.8465, 0.8820
Time Consumption for one epoch is 20.82836103439331s
======================================= Epoch 8 =======================================
================= Test Set =================
+++++++++++ Find New Best Min ACC +++++++++++
The acc is 0.8892, 0.8721, 0.9040
Time Consumption for one epoch is 21.930331707000732s
======================================= Epoch 9 =======================================
================= Test Set =================
The acc is 0.8892, 0.8721, 0.9040
Time Consumption for one epoch is 19.794789791107178s
======================================= Epoch 10 =======================================
================= Test Set =================
The acc is 0.8892, 0.8721, 0.9040
Time Consumption for one epoch is 22.46621060371399s
======================================= Epoch 11 =======================================
================= Test Set =================
The acc is 0.8892, 0.8721, 0.9040
Time Consumption for one epoch is 20.053414583206177s
======================================= Epoch 12 =======================================
================= Test Set =================
The acc is 0.8892, 0.8721, 0.9040
Time Consumption for one epoch is 21.49185824394226s
======================================= Epoch 13 =======================================
================= Test Set =================
The acc is 0.8892, 0.8721, 0.9040
Time Consumption for one epoch is 22.41434073448181s
======================================= Epoch 14 =======================================
================= Test Set =================
The acc is 0.8892, 0.8721, 0.9040
Time Consumption for one epoch is 20.01240038871765s
======================================= Epoch 15 =======================================
================= Test Set =================
The acc is 0.8892, 0.8721, 0.9040
Time Consumption for one epoch is 19.393877267837524s
======================================= Epoch 16 =======================================
================= Test Set =================
+++++++++++ Find New Best Min ACC +++++++++++
The acc is 0.8946, 0.8767, 0.9100
Time Consumption for one epoch is 20.1929771900177s
======================================= Epoch 17 =======================================
================= Test Set =================
+++++++++++ Find New Best Min ACC +++++++++++
The acc is 0.9000, 0.8907, 0.9080
Time Consumption for one epoch is 21.257171154022217s
======================================= Epoch 18 =======================================
================= Test Set =================
The acc is 0.9000, 0.8907, 0.9080
Time Consumption for one epoch is 21.091755390167236s
======================================= Epoch 19 =======================================
================= Test Set =================
The acc is 0.9000, 0.8907, 0.9080
Time Consumption for one epoch is 20.817703247070312s
The final acc is 0.9000, 0.8907, 0.9080
