Namespace(data_dir='/data/yihua/dataset/celeba/celeba.hdf5', result_dir='rotation_study', checkpoint=None, resume=False, domain_attrs='Male', target_attrs='Blond_Hair', exp_name=None, batch_size=512, lr=0.0001, wd=2e-05, epochs=20, seed=2020, num_workers=8, arch='resnet18', evaluate=False, total_num=5000, test_num=1000, gv=30.0, gr=0.1, minor_ratio=0.2, add_aug='rotation')
======================================= Epoch 0 =======================================
================= Test Set =================
+++++++++++ Find New Best Min ACC +++++++++++
The acc is 0.4624, 0.4186, 0.5000
Time Consumption for one epoch is 22.537031650543213s
======================================= Epoch 1 =======================================
================= Test Set =================
The acc is 0.4624, 0.4186, 0.5000
Time Consumption for one epoch is 19.91976571083069s
======================================= Epoch 2 =======================================
================= Test Set =================
+++++++++++ Find New Best Min ACC +++++++++++
The acc is 0.4892, 0.5465, 0.4400
Time Consumption for one epoch is 20.173962116241455s
======================================= Epoch 3 =======================================
================= Test Set =================
+++++++++++ Find New Best Min ACC +++++++++++
The acc is 0.5570, 0.6047, 0.5160
Time Consumption for one epoch is 20.0690758228302s
======================================= Epoch 4 =======================================
================= Test Set =================
+++++++++++ Find New Best Min ACC +++++++++++
The acc is 0.5935, 0.6372, 0.5560
Time Consumption for one epoch is 19.999950647354126s
======================================= Epoch 5 =======================================
================= Test Set =================
+++++++++++ Find New Best Min ACC +++++++++++
The acc is 0.8409, 0.8047, 0.8720
Time Consumption for one epoch is 19.235541820526123s
======================================= Epoch 6 =======================================
================= Test Set =================
+++++++++++ Find New Best Min ACC +++++++++++
The acc is 0.8731, 0.8372, 0.9040
Time Consumption for one epoch is 19.15204882621765s
======================================= Epoch 7 =======================================
================= Test Set =================
+++++++++++ Find New Best Min ACC +++++++++++
The acc is 0.8828, 0.8605, 0.9020
Time Consumption for one epoch is 20.725448846817017s
======================================= Epoch 8 =======================================
================= Test Set =================
The acc is 0.8828, 0.8605, 0.9020
Time Consumption for one epoch is 18.752054691314697s
======================================= Epoch 9 =======================================
================= Test Set =================
The acc is 0.8828, 0.8605, 0.9020
Time Consumption for one epoch is 20.265271186828613s
======================================= Epoch 10 =======================================
================= Test Set =================
+++++++++++ Find New Best Min ACC +++++++++++
The acc is 0.8892, 0.8698, 0.9060
Time Consumption for one epoch is 21.529155254364014s
======================================= Epoch 11 =======================================
================= Test Set =================
The acc is 0.8892, 0.8698, 0.9060
Time Consumption for one epoch is 19.691612243652344s
======================================= Epoch 12 =======================================
================= Test Set =================
+++++++++++ Find New Best Min ACC +++++++++++
The acc is 0.8903, 0.8721, 0.9060
Time Consumption for one epoch is 19.636659860610962s
======================================= Epoch 13 =======================================
================= Test Set =================
+++++++++++ Find New Best Min ACC +++++++++++
The acc is 0.8978, 0.8767, 0.9160
Time Consumption for one epoch is 20.577157020568848s
======================================= Epoch 14 =======================================
================= Test Set =================
The acc is 0.8978, 0.8767, 0.9160
Time Consumption for one epoch is 20.031224727630615s
======================================= Epoch 15 =======================================
================= Test Set =================
The acc is 0.8978, 0.8767, 0.9160
Time Consumption for one epoch is 19.84392738342285s
======================================= Epoch 16 =======================================
================= Test Set =================
The acc is 0.8978, 0.8767, 0.9160
Time Consumption for one epoch is 19.953952074050903s
======================================= Epoch 17 =======================================
================= Test Set =================
The acc is 0.8978, 0.8767, 0.9160
Time Consumption for one epoch is 18.51872682571411s
======================================= Epoch 18 =======================================
================= Test Set =================
The acc is 0.8978, 0.8767, 0.9160
Time Consumption for one epoch is 18.643834114074707s
======================================= Epoch 19 =======================================
================= Test Set =================
The acc is 0.8978, 0.8767, 0.9160
Time Consumption for one epoch is 18.60391616821289s
The final acc is 0.8978, 0.8767, 0.9160
