Namespace(data_dir='/data/yihua/dataset/celeba/celeba.hdf5', result_dir='results', checkpoint=None, resume=False, domain_attrs='Male', target_attrs='Blond_Hair', exp_name=None, batch_size=512, lr=0.0001, wd=2e-05, epochs=20, seed=2020, num_workers=8, arch='resnet9', evaluate=False, gv=1e-05, gr=0.5)
======================================= Epoch 0 =======================================
================= Test Set =================
+++++++++++ Find New Best Min ACC +++++++++++
The acc is 0.6850, 0.6222, 0.7007
Time Consumption for one epoch is 28.224390506744385s
======================================= Epoch 1 =======================================
================= Test Set =================
+++++++++++ Find New Best Min ACC +++++++++++
The acc is 0.8883, 0.8528, 0.8972
Time Consumption for one epoch is 25.191854238510132s
======================================= Epoch 2 =======================================
================= Test Set =================
+++++++++++ Find New Best Min ACC +++++++++++
The acc is 0.9000, 0.8556, 0.9111
Time Consumption for one epoch is 26.36142611503601s
======================================= Epoch 3 =======================================
================= Test Set =================
The acc is 0.9000, 0.8556, 0.9111
Time Consumption for one epoch is 24.659003019332886s
======================================= Epoch 4 =======================================
================= Test Set =================
The acc is 0.9000, 0.8556, 0.9111
Time Consumption for one epoch is 25.292619228363037s
======================================= Epoch 5 =======================================
================= Test Set =================
The acc is 0.9000, 0.8556, 0.9111
Time Consumption for one epoch is 25.56877565383911s
======================================= Epoch 6 =======================================
================= Test Set =================
+++++++++++ Find New Best Min ACC +++++++++++
The acc is 0.9028, 0.8861, 0.9069
Time Consumption for one epoch is 25.570224285125732s
======================================= Epoch 7 =======================================
================= Test Set =================
+++++++++++ Find New Best Min ACC +++++++++++
The acc is 0.9144, 0.9028, 0.9174
Time Consumption for one epoch is 25.794651746749878s
======================================= Epoch 8 =======================================
================= Test Set =================
The acc is 0.9144, 0.9028, 0.9174
Time Consumption for one epoch is 24.812422275543213s
======================================= Epoch 9 =======================================
================= Test Set =================
The acc is 0.9144, 0.9028, 0.9174
Time Consumption for one epoch is 23.78611922264099s
======================================= Epoch 10 =======================================
================= Test Set =================
The acc is 0.9144, 0.9028, 0.9174
Time Consumption for one epoch is 25.75592827796936s
======================================= Epoch 11 =======================================
================= Test Set =================
The acc is 0.9144, 0.9028, 0.9174
Time Consumption for one epoch is 23.624189138412476s
======================================= Epoch 12 =======================================
================= Test Set =================
The acc is 0.9144, 0.9028, 0.9174
Time Consumption for one epoch is 25.012596607208252s
======================================= Epoch 13 =======================================
================= Test Set =================
+++++++++++ Find New Best Min ACC +++++++++++
The acc is 0.9167, 0.9028, 0.9201
Time Consumption for one epoch is 24.31565260887146s
======================================= Epoch 14 =======================================
================= Test Set =================
+++++++++++ Find New Best Min ACC +++++++++++
The acc is 0.9183, 0.9194, 0.9181
Time Consumption for one epoch is 25.46442723274231s
======================================= Epoch 15 =======================================
================= Test Set =================
The acc is 0.9183, 0.9194, 0.9181
Time Consumption for one epoch is 25.953900814056396s
======================================= Epoch 16 =======================================
================= Test Set =================
The acc is 0.9183, 0.9194, 0.9181
Time Consumption for one epoch is 25.338438272476196s
======================================= Epoch 17 =======================================
================= Test Set =================
The acc is 0.9183, 0.9194, 0.9181
Time Consumption for one epoch is 24.5634925365448s
======================================= Epoch 18 =======================================
================= Test Set =================
The acc is 0.9183, 0.9194, 0.9181
Time Consumption for one epoch is 24.251811027526855s
======================================= Epoch 19 =======================================
================= Test Set =================
The acc is 0.9183, 0.9194, 0.9181
Time Consumption for one epoch is 25.86458468437195s
The final acc is 0.9183, 0.9194, 0.9181
