Namespace(data_dir='/data/yihua/dataset/celeba/celeba.hdf5', result_dir='results', checkpoint=None, resume=False, domain_attrs='Male', target_attrs='Blond_Hair', exp_name=None, batch_size=512, lr=0.0001, wd=2e-05, epochs=20, seed=2021, num_workers=8, arch='resnet9', evaluate=False, gv=1.0, gr=0.1)
======================================= Epoch 0 =======================================
================= Test Set =================
+++++++++++ Find New Best Min ACC +++++++++++
The acc is 0.6839, 0.6222, 0.6993
Time Consumption for one epoch is 26.81192374229431s
======================================= Epoch 1 =======================================
================= Test Set =================
+++++++++++ Find New Best Min ACC +++++++++++
The acc is 0.8867, 0.8472, 0.8965
Time Consumption for one epoch is 24.803136825561523s
======================================= Epoch 2 =======================================
================= Test Set =================
+++++++++++ Find New Best Min ACC +++++++++++
The acc is 0.8872, 0.8361, 0.9000
Time Consumption for one epoch is 24.129385471343994s
======================================= Epoch 3 =======================================
================= Test Set =================
+++++++++++ Find New Best Min ACC +++++++++++
The acc is 0.8878, 0.8361, 0.9007
Time Consumption for one epoch is 23.4381742477417s
======================================= Epoch 4 =======================================
================= Test Set =================
+++++++++++ Find New Best Min ACC +++++++++++
The acc is 0.8983, 0.8778, 0.9035
Time Consumption for one epoch is 23.578665018081665s
======================================= Epoch 5 =======================================
================= Test Set =================
+++++++++++ Find New Best Min ACC +++++++++++
The acc is 0.9067, 0.8694, 0.9160
Time Consumption for one epoch is 23.21231722831726s
======================================= Epoch 6 =======================================
================= Test Set =================
The acc is 0.9067, 0.8694, 0.9160
Time Consumption for one epoch is 24.25369691848755s
======================================= Epoch 7 =======================================
================= Test Set =================
+++++++++++ Find New Best Min ACC +++++++++++
The acc is 0.9161, 0.8806, 0.9250
Time Consumption for one epoch is 24.562499046325684s
======================================= Epoch 8 =======================================
================= Test Set =================
The acc is 0.9161, 0.8806, 0.9250
Time Consumption for one epoch is 23.413875102996826s
======================================= Epoch 9 =======================================
================= Test Set =================
The acc is 0.9161, 0.8806, 0.9250
Time Consumption for one epoch is 22.352692365646362s
======================================= Epoch 10 =======================================
================= Test Set =================
The acc is 0.9161, 0.8806, 0.9250
Time Consumption for one epoch is 24.29861354827881s
======================================= Epoch 11 =======================================
================= Test Set =================
The acc is 0.9161, 0.8806, 0.9250
Time Consumption for one epoch is 24.70308232307434s
======================================= Epoch 12 =======================================
================= Test Set =================
The acc is 0.9161, 0.8806, 0.9250
Time Consumption for one epoch is 24.240238666534424s
======================================= Epoch 13 =======================================
================= Test Set =================
The acc is 0.9161, 0.8806, 0.9250
Time Consumption for one epoch is 23.439099311828613s
======================================= Epoch 14 =======================================
================= Test Set =================
+++++++++++ Find New Best Min ACC +++++++++++
The acc is 0.9200, 0.9028, 0.9243
Time Consumption for one epoch is 24.33532452583313s
======================================= Epoch 15 =======================================
================= Test Set =================
The acc is 0.9200, 0.9028, 0.9243
Time Consumption for one epoch is 24.130008697509766s
======================================= Epoch 16 =======================================
================= Test Set =================
+++++++++++ Find New Best Min ACC +++++++++++
The acc is 0.9233, 0.9139, 0.9257
Time Consumption for one epoch is 23.080480575561523s
======================================= Epoch 17 =======================================
================= Test Set =================
The acc is 0.9233, 0.9139, 0.9257
Time Consumption for one epoch is 23.846904039382935s
======================================= Epoch 18 =======================================
================= Test Set =================
The acc is 0.9233, 0.9139, 0.9257
Time Consumption for one epoch is 24.463895082473755s
======================================= Epoch 19 =======================================
================= Test Set =================
The acc is 0.9233, 0.9139, 0.9257
Time Consumption for one epoch is 24.55374789237976s
The final acc is 0.9233, 0.9139, 0.9257
