Namespace(data_dir='/data/yihua/dataset/celeba/celeba.hdf5', result_dir='results', checkpoint=None, resume=False, domain_attrs='Male', target_attrs='Blond_Hair', exp_name=None, batch_size=512, lr=0.0001, wd=2e-05, epochs=20, seed=2020, num_workers=8, arch='resnet9', evaluate=False, gv=0.01, gr=0.3)
======================================= Epoch 0 =======================================
================= Test Set =================
+++++++++++ Find New Best Min ACC +++++++++++
The acc is 0.5989, 0.5333, 0.6153
Time Consumption for one epoch is 28.225931882858276s
======================================= Epoch 1 =======================================
================= Test Set =================
+++++++++++ Find New Best Min ACC +++++++++++
The acc is 0.8817, 0.8528, 0.8889
Time Consumption for one epoch is 25.779453992843628s
======================================= Epoch 2 =======================================
================= Test Set =================
+++++++++++ Find New Best Min ACC +++++++++++
The acc is 0.8978, 0.8833, 0.9014
Time Consumption for one epoch is 25.0213840007782s
======================================= Epoch 3 =======================================
================= Test Set =================
+++++++++++ Find New Best Min ACC +++++++++++
The acc is 0.8994, 0.8806, 0.9042
Time Consumption for one epoch is 25.649738311767578s
======================================= Epoch 4 =======================================
================= Test Set =================
+++++++++++ Find New Best Min ACC +++++++++++
The acc is 0.9078, 0.8750, 0.9160
Time Consumption for one epoch is 24.576375246047974s
======================================= Epoch 5 =======================================
================= Test Set =================
The acc is 0.9078, 0.8750, 0.9160
Time Consumption for one epoch is 24.252559185028076s
======================================= Epoch 6 =======================================
================= Test Set =================
+++++++++++ Find New Best Min ACC +++++++++++
The acc is 0.9094, 0.9000, 0.9118
Time Consumption for one epoch is 25.445854425430298s
======================================= Epoch 7 =======================================
================= Test Set =================
+++++++++++ Find New Best Min ACC +++++++++++
The acc is 0.9189, 0.9083, 0.9215
Time Consumption for one epoch is 24.908300161361694s
======================================= Epoch 8 =======================================
================= Test Set =================
The acc is 0.9189, 0.9083, 0.9215
Time Consumption for one epoch is 24.404824256896973s
======================================= Epoch 9 =======================================
================= Test Set =================
The acc is 0.9189, 0.9083, 0.9215
Time Consumption for one epoch is 25.80839228630066s
======================================= Epoch 10 =======================================
================= Test Set =================
+++++++++++ Find New Best Min ACC +++++++++++
The acc is 0.9206, 0.8972, 0.9264
Time Consumption for one epoch is 25.482014894485474s
======================================= Epoch 11 =======================================
================= Test Set =================
The acc is 0.9206, 0.8972, 0.9264
Time Consumption for one epoch is 25.12105917930603s
======================================= Epoch 12 =======================================
================= Test Set =================
The acc is 0.9206, 0.8972, 0.9264
Time Consumption for one epoch is 24.487549304962158s
======================================= Epoch 13 =======================================
================= Test Set =================
The acc is 0.9206, 0.8972, 0.9264
Time Consumption for one epoch is 25.196394443511963s
======================================= Epoch 14 =======================================
================= Test Set =================
The acc is 0.9206, 0.8972, 0.9264
Time Consumption for one epoch is 25.09383225440979s
======================================= Epoch 15 =======================================
================= Test Set =================
The acc is 0.9206, 0.8972, 0.9264
Time Consumption for one epoch is 25.054266452789307s
======================================= Epoch 16 =======================================
================= Test Set =================
The acc is 0.9206, 0.8972, 0.9264
Time Consumption for one epoch is 24.572675704956055s
======================================= Epoch 17 =======================================
================= Test Set =================
The acc is 0.9206, 0.8972, 0.9264
Time Consumption for one epoch is 23.61067223548889s
======================================= Epoch 18 =======================================
================= Test Set =================
The acc is 0.9206, 0.8972, 0.9264
Time Consumption for one epoch is 25.02067255973816s
======================================= Epoch 19 =======================================
================= Test Set =================
The acc is 0.9206, 0.8972, 0.9264
Time Consumption for one epoch is 24.92560577392578s
The final acc is 0.9206, 0.8972, 0.9264
