Namespace(data_dir='/data/yihua/dataset/celeba/celeba.hdf5', result_dir='crop_study', checkpoint=None, resume=False, domain_attrs='Male', target_attrs='Blond_Hair', exp_name=None, batch_size=512, lr=0.0001, wd=2e-05, epochs=20, seed=2021, num_workers=8, arch='resnet18', evaluate=False, total_num=5000, test_num=1000, gv=180.0, gr=0.5, minor_ratio=0.2, add_aug='crop')
======================================= Epoch 0 =======================================
================= Test Set =================
+++++++++++ Find New Best Min ACC +++++++++++
The acc is 0.5032, 0.4558, 0.5440
Time Consumption for one epoch is 22.683094024658203s
======================================= Epoch 1 =======================================
================= Test Set =================
+++++++++++ Find New Best Min ACC +++++++++++
The acc is 0.5376, 0.5814, 0.5000
Time Consumption for one epoch is 22.035213470458984s
======================================= Epoch 2 =======================================
================= Test Set =================
The acc is 0.5376, 0.5814, 0.5000
Time Consumption for one epoch is 19.59695076942444s
======================================= Epoch 3 =======================================
================= Test Set =================
The acc is 0.5376, 0.5814, 0.5000
Time Consumption for one epoch is 21.142672777175903s
======================================= Epoch 4 =======================================
================= Test Set =================
+++++++++++ Find New Best Min ACC +++++++++++
The acc is 0.5742, 0.6116, 0.5420
Time Consumption for one epoch is 20.036133527755737s
======================================= Epoch 5 =======================================
================= Test Set =================
+++++++++++ Find New Best Min ACC +++++++++++
The acc is 0.8624, 0.8372, 0.8840
Time Consumption for one epoch is 22.847546577453613s
======================================= Epoch 6 =======================================
================= Test Set =================
The acc is 0.8624, 0.8372, 0.8840
Time Consumption for one epoch is 19.783200979232788s
======================================= Epoch 7 =======================================
================= Test Set =================
The acc is 0.8624, 0.8372, 0.8840
Time Consumption for one epoch is 20.970472812652588s
======================================= Epoch 8 =======================================
================= Test Set =================
The acc is 0.8624, 0.8372, 0.8840
Time Consumption for one epoch is 20.905335426330566s
======================================= Epoch 9 =======================================
================= Test Set =================
+++++++++++ Find New Best Min ACC +++++++++++
The acc is 0.8645, 0.8372, 0.8880
Time Consumption for one epoch is 22.01195526123047s
======================================= Epoch 10 =======================================
================= Test Set =================
+++++++++++ Find New Best Min ACC +++++++++++
The acc is 0.8903, 0.8814, 0.8980
Time Consumption for one epoch is 21.039748668670654s
======================================= Epoch 11 =======================================
================= Test Set =================
The acc is 0.8903, 0.8814, 0.8980
Time Consumption for one epoch is 21.829417943954468s
======================================= Epoch 12 =======================================
================= Test Set =================
The acc is 0.8903, 0.8814, 0.8980
Time Consumption for one epoch is 22.21440863609314s
======================================= Epoch 13 =======================================
================= Test Set =================
The acc is 0.8903, 0.8814, 0.8980
Time Consumption for one epoch is 20.581843376159668s
======================================= Epoch 14 =======================================
================= Test Set =================
The acc is 0.8903, 0.8814, 0.8980
Time Consumption for one epoch is 23.085073947906494s
======================================= Epoch 15 =======================================
================= Test Set =================
The acc is 0.8903, 0.8814, 0.8980
Time Consumption for one epoch is 20.30917525291443s
======================================= Epoch 16 =======================================
================= Test Set =================
+++++++++++ Find New Best Min ACC +++++++++++
The acc is 0.9022, 0.8860, 0.9160
Time Consumption for one epoch is 19.777858018875122s
======================================= Epoch 17 =======================================
================= Test Set =================
The acc is 0.9022, 0.8860, 0.9160
Time Consumption for one epoch is 22.194591522216797s
======================================= Epoch 18 =======================================
================= Test Set =================
The acc is 0.9022, 0.8860, 0.9160
Time Consumption for one epoch is 22.176725387573242s
======================================= Epoch 19 =======================================
================= Test Set =================
The acc is 0.9022, 0.8860, 0.9160
Time Consumption for one epoch is 22.83947777748108s
The final acc is 0.9022, 0.8860, 0.9160
