Namespace(data_dir='/data/yihua/dataset/celeba/celeba.hdf5', result_dir='results', checkpoint=None, resume=False, domain_attrs='Male', target_attrs='High_Cheekbones', exp_name=None, batch_size=512, lr=0.0001, wd=2e-05, epochs=20, seed=42, num_workers=8, arch='resnet18', evaluate=False, gv=0.3, gr=0.1)
======================================= Epoch 0 =======================================
================= Test Set =================
+++++++++++ Find New Best Min ACC +++++++++++
The acc is 0.8173, 0.7847, 0.8254
Time Consumption for one epoch is 261.73520016670227s
======================================= Epoch 1 =======================================
================= Test Set =================
+++++++++++ Find New Best Min ACC +++++++++++
The acc is 0.8246, 0.7815, 0.8354
Time Consumption for one epoch is 258.64432549476624s
======================================= Epoch 2 =======================================
================= Test Set =================
+++++++++++ Find New Best Min ACC +++++++++++
The acc is 0.8671, 0.8172, 0.8795
Time Consumption for one epoch is 258.4726314544678s
======================================= Epoch 3 =======================================
================= Test Set =================
+++++++++++ Find New Best Min ACC +++++++++++
The acc is 0.8680, 0.8240, 0.8790
Time Consumption for one epoch is 259.20727729797363s
======================================= Epoch 4 =======================================
================= Test Set =================
The acc is 0.8680, 0.8240, 0.8790
Time Consumption for one epoch is 257.5765745639801s
======================================= Epoch 5 =======================================
================= Test Set =================
The acc is 0.8680, 0.8240, 0.8790
Time Consumption for one epoch is 257.63324880599976s
======================================= Epoch 6 =======================================
================= Test Set =================
The acc is 0.8680, 0.8240, 0.8790
Time Consumption for one epoch is 257.3414194583893s
======================================= Epoch 7 =======================================
================= Test Set =================
+++++++++++ Find New Best Min ACC +++++++++++
The acc is 0.8698, 0.8272, 0.8804
Time Consumption for one epoch is 258.91451716423035s
======================================= Epoch 8 =======================================
================= Test Set =================
+++++++++++ Find New Best Min ACC +++++++++++
The acc is 0.8720, 0.8264, 0.8834
Time Consumption for one epoch is 258.68932247161865s
======================================= Epoch 9 =======================================
================= Test Set =================
The acc is 0.8720, 0.8264, 0.8834
Time Consumption for one epoch is 258.50911927223206s
======================================= Epoch 10 =======================================
================= Test Set =================
+++++++++++ Find New Best Min ACC +++++++++++
The acc is 0.8755, 0.8280, 0.8874
Time Consumption for one epoch is 259.2469358444214s
======================================= Epoch 11 =======================================
================= Test Set =================
+++++++++++ Find New Best Min ACC +++++++++++
The acc is 0.8773, 0.8380, 0.8872
Time Consumption for one epoch is 259.7334575653076s
======================================= Epoch 12 =======================================
================= Test Set =================
The acc is 0.8773, 0.8380, 0.8872
Time Consumption for one epoch is 258.08376455307007s
======================================= Epoch 13 =======================================
================= Test Set =================
The acc is 0.8773, 0.8380, 0.8872
Time Consumption for one epoch is 258.6202652454376s
======================================= Epoch 14 =======================================
================= Test Set =================
The acc is 0.8773, 0.8380, 0.8872
Time Consumption for one epoch is 257.7848491668701s
======================================= Epoch 15 =======================================
================= Test Set =================
The acc is 0.8773, 0.8380, 0.8872
Time Consumption for one epoch is 257.25573205947876s
======================================= Epoch 16 =======================================
================= Test Set =================
+++++++++++ Find New Best Min ACC +++++++++++
The acc is 0.8801, 0.8384, 0.8905
Time Consumption for one epoch is 259.12617588043213s
======================================= Epoch 17 =======================================
================= Test Set =================
The acc is 0.8801, 0.8384, 0.8905
Time Consumption for one epoch is 258.58312368392944s
======================================= Epoch 18 =======================================
================= Test Set =================
The acc is 0.8801, 0.8384, 0.8905
Time Consumption for one epoch is 258.1532347202301s
======================================= Epoch 19 =======================================
================= Test Set =================
The acc is 0.8801, 0.8384, 0.8905
Time Consumption for one epoch is 257.9823043346405s
The final acc is 0.8801, 0.8384, 0.8905
