Namespace(data_dir='/data/yihua/dataset/celeba/celeba.hdf5', result_dir='results', checkpoint=None, resume=False, domain_attrs='Male', target_attrs='Heavy_Makeup', exp_name=None, batch_size=512, lr=0.0001, wd=2e-05, epochs=20, seed=2022, num_workers=8, arch='resnet9', evaluate=False, gv=0.1, gr=0.1)
======================================= Epoch 0 =======================================
================= Test Set =================
+++++++++++ Find New Best Min ACC +++++++++++
The acc is 0.5000, 0.5000, 0.5000
Time Consumption for one epoch is 8.317112922668457s
======================================= Epoch 1 =======================================
================= Test Set =================
The acc is 0.5000, 0.5000, 0.5000
Time Consumption for one epoch is 9.765518426895142s
======================================= Epoch 2 =======================================
================= Test Set =================
+++++++++++ Find New Best Min ACC +++++++++++
The acc is 0.5273, 0.4545, 0.5455
Time Consumption for one epoch is 9.33647871017456s
======================================= Epoch 3 =======================================
================= Test Set =================
The acc is 0.5273, 0.4545, 0.5455
Time Consumption for one epoch is 7.065999507904053s
======================================= Epoch 4 =======================================
================= Test Set =================
The acc is 0.5273, 0.4545, 0.5455
Time Consumption for one epoch is 9.082273244857788s
======================================= Epoch 5 =======================================
================= Test Set =================
The acc is 0.5273, 0.4545, 0.5455
Time Consumption for one epoch is 8.870884656906128s
======================================= Epoch 6 =======================================
================= Test Set =================
The acc is 0.5273, 0.4545, 0.5455
Time Consumption for one epoch is 8.39955997467041s
======================================= Epoch 7 =======================================
================= Test Set =================
+++++++++++ Find New Best Min ACC +++++++++++
The acc is 0.5591, 0.5000, 0.5739
Time Consumption for one epoch is 8.985634088516235s
======================================= Epoch 8 =======================================
================= Test Set =================
+++++++++++ Find New Best Min ACC +++++++++++
The acc is 0.5818, 0.5682, 0.5852
Time Consumption for one epoch is 8.718293905258179s
======================================= Epoch 9 =======================================
================= Test Set =================
The acc is 0.5818, 0.5682, 0.5852
Time Consumption for one epoch is 8.373994588851929s
======================================= Epoch 10 =======================================
================= Test Set =================
+++++++++++ Find New Best Min ACC +++++++++++
The acc is 0.6273, 0.5000, 0.6591
Time Consumption for one epoch is 9.846965312957764s
======================================= Epoch 11 =======================================
================= Test Set =================
The acc is 0.6273, 0.5000, 0.6591
Time Consumption for one epoch is 9.539390563964844s
======================================= Epoch 12 =======================================
================= Test Set =================
+++++++++++ Find New Best Min ACC +++++++++++
The acc is 0.6455, 0.5909, 0.6591
Time Consumption for one epoch is 8.96811842918396s
======================================= Epoch 13 =======================================
================= Test Set =================
The acc is 0.6455, 0.5909, 0.6591
Time Consumption for one epoch is 8.518772602081299s
======================================= Epoch 14 =======================================
================= Test Set =================
The acc is 0.6455, 0.5909, 0.6591
Time Consumption for one epoch is 7.611391067504883s
======================================= Epoch 15 =======================================
================= Test Set =================
+++++++++++ Find New Best Min ACC +++++++++++
The acc is 0.6591, 0.5909, 0.6761
Time Consumption for one epoch is 8.70780324935913s
======================================= Epoch 16 =======================================
================= Test Set =================
The acc is 0.6591, 0.5909, 0.6761
Time Consumption for one epoch is 9.110142469406128s
======================================= Epoch 17 =======================================
================= Test Set =================
+++++++++++ Find New Best Min ACC +++++++++++
The acc is 0.6773, 0.6136, 0.6932
Time Consumption for one epoch is 8.446704864501953s
======================================= Epoch 18 =======================================
================= Test Set =================
The acc is 0.6773, 0.6136, 0.6932
Time Consumption for one epoch is 8.356750965118408s
======================================= Epoch 19 =======================================
================= Test Set =================
The acc is 0.6773, 0.6136, 0.6932
Time Consumption for one epoch is 9.429722309112549s
The final acc is 0.6773, 0.6136, 0.6932
