Namespace(data_dir='/data/yihua/dataset/celeba/celeba.hdf5', result_dir='results', checkpoint=None, resume=False, domain_attrs='Male', target_attrs='Blond_Hair', exp_name=None, batch_size=512, lr=0.0001, wd=2e-05, epochs=20, seed=42, num_workers=8, arch='resnet9', evaluate=False, gv=0.3, gr=0.1)
======================================= Epoch 0 =======================================
================= Test Set =================
+++++++++++ Find New Best Min ACC +++++++++++
The acc is 0.7000, 0.6250, 0.7188
Time Consumption for one epoch is 27.91158103942871s
======================================= Epoch 1 =======================================
================= Test Set =================
+++++++++++ Find New Best Min ACC +++++++++++
The acc is 0.8633, 0.8250, 0.8729
Time Consumption for one epoch is 24.914695978164673s
======================================= Epoch 2 =======================================
================= Test Set =================
+++++++++++ Find New Best Min ACC +++++++++++
The acc is 0.8939, 0.8472, 0.9056
Time Consumption for one epoch is 24.977880001068115s
======================================= Epoch 3 =======================================
================= Test Set =================
The acc is 0.8939, 0.8472, 0.9056
Time Consumption for one epoch is 24.687259912490845s
======================================= Epoch 4 =======================================
================= Test Set =================
+++++++++++ Find New Best Min ACC +++++++++++
The acc is 0.8972, 0.8611, 0.9062
Time Consumption for one epoch is 25.234599828720093s
======================================= Epoch 5 =======================================
================= Test Set =================
+++++++++++ Find New Best Min ACC +++++++++++
The acc is 0.9133, 0.8972, 0.9174
Time Consumption for one epoch is 24.201768398284912s
======================================= Epoch 6 =======================================
================= Test Set =================
The acc is 0.9133, 0.8972, 0.9174
Time Consumption for one epoch is 25.940308094024658s
======================================= Epoch 7 =======================================
================= Test Set =================
The acc is 0.9133, 0.8972, 0.9174
Time Consumption for one epoch is 25.111338138580322s
======================================= Epoch 8 =======================================
================= Test Set =================
+++++++++++ Find New Best Min ACC +++++++++++
The acc is 0.9150, 0.9083, 0.9167
Time Consumption for one epoch is 24.666367292404175s
======================================= Epoch 9 =======================================
================= Test Set =================
The acc is 0.9150, 0.9083, 0.9167
Time Consumption for one epoch is 24.53796625137329s
======================================= Epoch 10 =======================================
================= Test Set =================
The acc is 0.9150, 0.9083, 0.9167
Time Consumption for one epoch is 25.731011152267456s
======================================= Epoch 11 =======================================
================= Test Set =================
The acc is 0.9150, 0.9083, 0.9167
Time Consumption for one epoch is 25.21308994293213s
======================================= Epoch 12 =======================================
================= Test Set =================
+++++++++++ Find New Best Min ACC +++++++++++
The acc is 0.9156, 0.9056, 0.9181
Time Consumption for one epoch is 25.02313494682312s
======================================= Epoch 13 =======================================
================= Test Set =================
The acc is 0.9156, 0.9056, 0.9181
Time Consumption for one epoch is 23.67018699645996s
======================================= Epoch 14 =======================================
================= Test Set =================
The acc is 0.9156, 0.9056, 0.9181
Time Consumption for one epoch is 24.19671630859375s
======================================= Epoch 15 =======================================
================= Test Set =================
+++++++++++ Find New Best Min ACC +++++++++++
The acc is 0.9189, 0.8917, 0.9257
Time Consumption for one epoch is 25.58598828315735s
======================================= Epoch 16 =======================================
================= Test Set =================
The acc is 0.9189, 0.8917, 0.9257
Time Consumption for one epoch is 24.498313426971436s
======================================= Epoch 17 =======================================
================= Test Set =================
The acc is 0.9189, 0.8917, 0.9257
Time Consumption for one epoch is 24.106250762939453s
======================================= Epoch 18 =======================================
================= Test Set =================
The acc is 0.9189, 0.8917, 0.9257
Time Consumption for one epoch is 26.470736503601074s
======================================= Epoch 19 =======================================
================= Test Set =================
The acc is 0.9189, 0.8917, 0.9257
Time Consumption for one epoch is 24.029698610305786s
The final acc is 0.9189, 0.8917, 0.9257
