Namespace(data_dir='/data/yihua/dataset/celeba/celeba.hdf5', result_dir='results', checkpoint=None, resume=False, domain_attrs='Male', target_attrs='Blond_Hair', exp_name=None, batch_size=512, lr=0.0001, wd=2e-05, epochs=20, seed=2022, num_workers=8, arch='resnet9', evaluate=False, gv=0.5, gr=0.5)
======================================= Epoch 0 =======================================
================= Test Set =================
+++++++++++ Find New Best Min ACC +++++++++++
The acc is 0.7678, 0.7028, 0.7840
Time Consumption for one epoch is 29.26459574699402s
======================================= Epoch 1 =======================================
================= Test Set =================
+++++++++++ Find New Best Min ACC +++++++++++
The acc is 0.8861, 0.8278, 0.9007
Time Consumption for one epoch is 26.983210802078247s
======================================= Epoch 2 =======================================
================= Test Set =================
The acc is 0.8861, 0.8278, 0.9007
Time Consumption for one epoch is 25.77571415901184s
======================================= Epoch 3 =======================================
================= Test Set =================
+++++++++++ Find New Best Min ACC +++++++++++
The acc is 0.9006, 0.8639, 0.9097
Time Consumption for one epoch is 25.98287606239319s
======================================= Epoch 4 =======================================
================= Test Set =================
The acc is 0.9006, 0.8639, 0.9097
Time Consumption for one epoch is 26.02961778640747s
======================================= Epoch 5 =======================================
================= Test Set =================
+++++++++++ Find New Best Min ACC +++++++++++
The acc is 0.9089, 0.8889, 0.9139
Time Consumption for one epoch is 25.93523907661438s
======================================= Epoch 6 =======================================
================= Test Set =================
The acc is 0.9089, 0.8889, 0.9139
Time Consumption for one epoch is 25.250580310821533s
======================================= Epoch 7 =======================================
================= Test Set =================
The acc is 0.9089, 0.8889, 0.9139
Time Consumption for one epoch is 25.51946210861206s
======================================= Epoch 8 =======================================
================= Test Set =================
The acc is 0.9089, 0.8889, 0.9139
Time Consumption for one epoch is 26.86731266975403s
======================================= Epoch 9 =======================================
================= Test Set =================
+++++++++++ Find New Best Min ACC +++++++++++
The acc is 0.9100, 0.8833, 0.9167
Time Consumption for one epoch is 26.06520986557007s
======================================= Epoch 10 =======================================
================= Test Set =================
+++++++++++ Find New Best Min ACC +++++++++++
The acc is 0.9133, 0.8889, 0.9194
Time Consumption for one epoch is 24.321311712265015s
======================================= Epoch 11 =======================================
================= Test Set =================
+++++++++++ Find New Best Min ACC +++++++++++
The acc is 0.9172, 0.9083, 0.9194
Time Consumption for one epoch is 25.507992029190063s
======================================= Epoch 12 =======================================
================= Test Set =================
The acc is 0.9172, 0.9083, 0.9194
Time Consumption for one epoch is 25.240967512130737s
======================================= Epoch 13 =======================================
================= Test Set =================
+++++++++++ Find New Best Min ACC +++++++++++
The acc is 0.9206, 0.9139, 0.9222
Time Consumption for one epoch is 25.330132007598877s
======================================= Epoch 14 =======================================
================= Test Set =================
The acc is 0.9206, 0.9139, 0.9222
Time Consumption for one epoch is 23.98643708229065s
======================================= Epoch 15 =======================================
================= Test Set =================
The acc is 0.9206, 0.9139, 0.9222
Time Consumption for one epoch is 23.711187601089478s
======================================= Epoch 16 =======================================
================= Test Set =================
The acc is 0.9206, 0.9139, 0.9222
Time Consumption for one epoch is 25.683286666870117s
======================================= Epoch 17 =======================================
================= Test Set =================
The acc is 0.9206, 0.9139, 0.9222
Time Consumption for one epoch is 25.960524559020996s
======================================= Epoch 18 =======================================
================= Test Set =================
The acc is 0.9206, 0.9139, 0.9222
Time Consumption for one epoch is 25.027071714401245s
======================================= Epoch 19 =======================================
================= Test Set =================
The acc is 0.9206, 0.9139, 0.9222
Time Consumption for one epoch is 25.00831174850464s
The final acc is 0.9206, 0.9139, 0.9222
