Namespace(data_dir='/data/yihua/dataset/celeba/celeba.hdf5', result_dir='rotation_study', checkpoint=None, resume=False, domain_attrs='Male', target_attrs='Blond_Hair', exp_name=None, batch_size=512, lr=0.0001, wd=2e-05, epochs=20, seed=2020, num_workers=8, arch='resnet18', evaluate=False, total_num=5000, test_num=1000, gv=180.0, gr=0.3, minor_ratio=0.2, add_aug='rotation')
======================================= Epoch 0 =======================================
================= Test Set =================
+++++++++++ Find New Best Min ACC +++++++++++
The acc is 0.4624, 0.4186, 0.5000
Time Consumption for one epoch is 23.496391534805298s
======================================= Epoch 1 =======================================
================= Test Set =================
+++++++++++ Find New Best Min ACC +++++++++++
The acc is 0.5237, 0.5674, 0.4860
Time Consumption for one epoch is 20.208683013916016s
======================================= Epoch 2 =======================================
================= Test Set =================
+++++++++++ Find New Best Min ACC +++++++++++
The acc is 0.5355, 0.5860, 0.4920
Time Consumption for one epoch is 21.061331033706665s
======================================= Epoch 3 =======================================
================= Test Set =================
+++++++++++ Find New Best Min ACC +++++++++++
The acc is 0.5366, 0.5837, 0.4960
Time Consumption for one epoch is 19.79268217086792s
======================================= Epoch 4 =======================================
================= Test Set =================
+++++++++++ Find New Best Min ACC +++++++++++
The acc is 0.7591, 0.7419, 0.7740
Time Consumption for one epoch is 21.589797258377075s
======================================= Epoch 5 =======================================
================= Test Set =================
+++++++++++ Find New Best Min ACC +++++++++++
The acc is 0.8581, 0.8395, 0.8740
Time Consumption for one epoch is 21.691357374191284s
======================================= Epoch 6 =======================================
================= Test Set =================
+++++++++++ Find New Best Min ACC +++++++++++
The acc is 0.8699, 0.8442, 0.8920
Time Consumption for one epoch is 20.99930167198181s
======================================= Epoch 7 =======================================
================= Test Set =================
The acc is 0.8699, 0.8442, 0.8920
Time Consumption for one epoch is 22.281572580337524s
======================================= Epoch 8 =======================================
================= Test Set =================
+++++++++++ Find New Best Min ACC +++++++++++
The acc is 0.8731, 0.8419, 0.9000
Time Consumption for one epoch is 19.295206308364868s
======================================= Epoch 9 =======================================
================= Test Set =================
+++++++++++ Find New Best Min ACC +++++++++++
The acc is 0.8871, 0.8674, 0.9040
Time Consumption for one epoch is 21.174825429916382s
======================================= Epoch 10 =======================================
================= Test Set =================
The acc is 0.8871, 0.8674, 0.9040
Time Consumption for one epoch is 19.65131950378418s
======================================= Epoch 11 =======================================
================= Test Set =================
The acc is 0.8871, 0.8674, 0.9040
Time Consumption for one epoch is 19.48585534095764s
======================================= Epoch 12 =======================================
================= Test Set =================
The acc is 0.8871, 0.8674, 0.9040
Time Consumption for one epoch is 18.943615913391113s
======================================= Epoch 13 =======================================
================= Test Set =================
The acc is 0.8871, 0.8674, 0.9040
Time Consumption for one epoch is 18.7632474899292s
======================================= Epoch 14 =======================================
================= Test Set =================
The acc is 0.8871, 0.8674, 0.9040
Time Consumption for one epoch is 20.87514305114746s
======================================= Epoch 15 =======================================
================= Test Set =================
The acc is 0.8871, 0.8674, 0.9040
Time Consumption for one epoch is 20.757182836532593s
======================================= Epoch 16 =======================================
================= Test Set =================
The acc is 0.8871, 0.8674, 0.9040
Time Consumption for one epoch is 21.866268157958984s
======================================= Epoch 17 =======================================
================= Test Set =================
+++++++++++ Find New Best Min ACC +++++++++++
The acc is 0.8903, 0.8767, 0.9020
Time Consumption for one epoch is 20.00147819519043s
======================================= Epoch 18 =======================================
================= Test Set =================
The acc is 0.8903, 0.8767, 0.9020
Time Consumption for one epoch is 20.64092779159546s
======================================= Epoch 19 =======================================
================= Test Set =================
The acc is 0.8903, 0.8767, 0.9020
Time Consumption for one epoch is 19.20539426803589s
The final acc is 0.8903, 0.8767, 0.9020
