Namespace(data_dir='/data/yihua/dataset/celeba/celeba.hdf5', result_dir='results', checkpoint=None, resume=False, domain_attrs='Male', target_attrs='Heavy_Makeup', exp_name=None, batch_size=512, lr=0.0001, wd=2e-05, epochs=20, seed=2022, num_workers=8, arch='resnet9', evaluate=False, gv=0.001, gr=0.5)
======================================= Epoch 0 =======================================
================= Test Set =================
+++++++++++ Find New Best Min ACC +++++++++++
The acc is 0.5000, 0.5000, 0.5000
Time Consumption for one epoch is 9.403244495391846s
======================================= Epoch 1 =======================================
================= Test Set =================
The acc is 0.5000, 0.5000, 0.5000
Time Consumption for one epoch is 8.84870171546936s
======================================= Epoch 2 =======================================
================= Test Set =================
+++++++++++ Find New Best Min ACC +++++++++++
The acc is 0.5545, 0.5455, 0.5568
Time Consumption for one epoch is 9.99356746673584s
======================================= Epoch 3 =======================================
================= Test Set =================
The acc is 0.5545, 0.5455, 0.5568
Time Consumption for one epoch is 7.779558897018433s
======================================= Epoch 4 =======================================
================= Test Set =================
The acc is 0.5545, 0.5455, 0.5568
Time Consumption for one epoch is 7.969014406204224s
======================================= Epoch 5 =======================================
================= Test Set =================
The acc is 0.5545, 0.5455, 0.5568
Time Consumption for one epoch is 9.223516702651978s
======================================= Epoch 6 =======================================
================= Test Set =================
The acc is 0.5545, 0.5455, 0.5568
Time Consumption for one epoch is 8.424651384353638s
======================================= Epoch 7 =======================================
================= Test Set =================
The acc is 0.5545, 0.5455, 0.5568
Time Consumption for one epoch is 8.611818075180054s
======================================= Epoch 8 =======================================
================= Test Set =================
+++++++++++ Find New Best Min ACC +++++++++++
The acc is 0.6455, 0.5455, 0.6705
Time Consumption for one epoch is 9.76156735420227s
======================================= Epoch 9 =======================================
================= Test Set =================
The acc is 0.6455, 0.5455, 0.6705
Time Consumption for one epoch is 9.985105037689209s
======================================= Epoch 10 =======================================
================= Test Set =================
The acc is 0.6455, 0.5455, 0.6705
Time Consumption for one epoch is 8.554526567459106s
======================================= Epoch 11 =======================================
================= Test Set =================
+++++++++++ Find New Best Min ACC +++++++++++
The acc is 0.6727, 0.5909, 0.6932
Time Consumption for one epoch is 9.943699598312378s
======================================= Epoch 12 =======================================
================= Test Set =================
+++++++++++ Find New Best Min ACC +++++++++++
The acc is 0.7227, 0.7045, 0.7273
Time Consumption for one epoch is 9.527526140213013s
======================================= Epoch 13 =======================================
================= Test Set =================
The acc is 0.7227, 0.7045, 0.7273
Time Consumption for one epoch is 8.802736282348633s
======================================= Epoch 14 =======================================
================= Test Set =================
The acc is 0.7227, 0.7045, 0.7273
Time Consumption for one epoch is 8.728677988052368s
======================================= Epoch 15 =======================================
================= Test Set =================
The acc is 0.7227, 0.7045, 0.7273
Time Consumption for one epoch is 9.668567657470703s
======================================= Epoch 16 =======================================
================= Test Set =================
The acc is 0.7227, 0.7045, 0.7273
Time Consumption for one epoch is 8.766088962554932s
======================================= Epoch 17 =======================================
================= Test Set =================
The acc is 0.7227, 0.7045, 0.7273
Time Consumption for one epoch is 9.295934200286865s
======================================= Epoch 18 =======================================
================= Test Set =================
The acc is 0.7227, 0.7045, 0.7273
Time Consumption for one epoch is 8.532116174697876s
======================================= Epoch 19 =======================================
================= Test Set =================
The acc is 0.7227, 0.7045, 0.7273
Time Consumption for one epoch is 8.54857325553894s
The final acc is 0.7227, 0.7045, 0.7273
