Namespace(data_dir='/data/yihua/dataset/celeba/celeba.hdf5', result_dir='results', checkpoint=None, resume=False, domain_attrs='Male', target_attrs='Heavy_Makeup', exp_name=None, batch_size=512, lr=0.0001, wd=2e-05, epochs=20, seed=2021, num_workers=8, arch='resnet9', evaluate=False, gv=1e-06, gr=0.1)
======================================= Epoch 0 =======================================
================= Test Set =================
+++++++++++ Find New Best Min ACC +++++++++++
The acc is 0.5000, 0.5000, 0.5000
Time Consumption for one epoch is 10.975093841552734s
======================================= Epoch 1 =======================================
================= Test Set =================
The acc is 0.5000, 0.5000, 0.5000
Time Consumption for one epoch is 8.77554702758789s
======================================= Epoch 2 =======================================
================= Test Set =================
+++++++++++ Find New Best Min ACC +++++++++++
The acc is 0.5045, 0.5227, 0.5000
Time Consumption for one epoch is 9.227802515029907s
======================================= Epoch 3 =======================================
================= Test Set =================
The acc is 0.5045, 0.5227, 0.5000
Time Consumption for one epoch is 10.065519571304321s
======================================= Epoch 4 =======================================
================= Test Set =================
+++++++++++ Find New Best Min ACC +++++++++++
The acc is 0.5091, 0.5227, 0.5057
Time Consumption for one epoch is 8.770373582839966s
======================================= Epoch 5 =======================================
================= Test Set =================
The acc is 0.5091, 0.5227, 0.5057
Time Consumption for one epoch is 8.797237634658813s
======================================= Epoch 6 =======================================
================= Test Set =================
The acc is 0.5091, 0.5227, 0.5057
Time Consumption for one epoch is 9.250462293624878s
======================================= Epoch 7 =======================================
================= Test Set =================
The acc is 0.5091, 0.5227, 0.5057
Time Consumption for one epoch is 8.16836953163147s
======================================= Epoch 8 =======================================
================= Test Set =================
+++++++++++ Find New Best Min ACC +++++++++++
The acc is 0.5227, 0.5455, 0.5170
Time Consumption for one epoch is 9.678131580352783s
======================================= Epoch 9 =======================================
================= Test Set =================
+++++++++++ Find New Best Min ACC +++++++++++
The acc is 0.5591, 0.4773, 0.5795
Time Consumption for one epoch is 9.28496503829956s
======================================= Epoch 10 =======================================
================= Test Set =================
+++++++++++ Find New Best Min ACC +++++++++++
The acc is 0.6136, 0.4318, 0.6591
Time Consumption for one epoch is 7.644726514816284s
======================================= Epoch 11 =======================================
================= Test Set =================
+++++++++++ Find New Best Min ACC +++++++++++
The acc is 0.6364, 0.5227, 0.6648
Time Consumption for one epoch is 7.628630638122559s
======================================= Epoch 12 =======================================
================= Test Set =================
+++++++++++ Find New Best Min ACC +++++++++++
The acc is 0.6636, 0.5909, 0.6818
Time Consumption for one epoch is 9.243333339691162s
======================================= Epoch 13 =======================================
================= Test Set =================
The acc is 0.6636, 0.5909, 0.6818
Time Consumption for one epoch is 7.95191502571106s
======================================= Epoch 14 =======================================
================= Test Set =================
The acc is 0.6636, 0.5909, 0.6818
Time Consumption for one epoch is 9.755451202392578s
======================================= Epoch 15 =======================================
================= Test Set =================
+++++++++++ Find New Best Min ACC +++++++++++
The acc is 0.6727, 0.5682, 0.6989
Time Consumption for one epoch is 9.24611234664917s
======================================= Epoch 16 =======================================
================= Test Set =================
+++++++++++ Find New Best Min ACC +++++++++++
The acc is 0.7045, 0.6136, 0.7273
Time Consumption for one epoch is 9.131541728973389s
======================================= Epoch 17 =======================================
================= Test Set =================
The acc is 0.7045, 0.6136, 0.7273
Time Consumption for one epoch is 9.914207458496094s
======================================= Epoch 18 =======================================
================= Test Set =================
The acc is 0.7045, 0.6136, 0.7273
Time Consumption for one epoch is 7.5388054847717285s
======================================= Epoch 19 =======================================
================= Test Set =================
The acc is 0.7045, 0.6136, 0.7273
Time Consumption for one epoch is 8.248926401138306s
The final acc is 0.7045, 0.6136, 0.7273
