Namespace(data_dir='/data/yihua/dataset/celeba/celeba.hdf5', result_dir='results', checkpoint=None, resume=False, domain_attrs='Male', target_attrs='High_Cheekbones', exp_name=None, batch_size=512, lr=0.0001, wd=2e-05, epochs=20, seed=42, num_workers=8, arch='resnet18', evaluate=False, gv=0.05, gr=0.5)
======================================= Epoch 0 =======================================
================= Test Set =================
+++++++++++ Find New Best Min ACC +++++++++++
The acc is 0.8327, 0.7823, 0.8453
Time Consumption for one epoch is 285.0129096508026s
======================================= Epoch 1 =======================================
================= Test Set =================
+++++++++++ Find New Best Min ACC +++++++++++
The acc is 0.8608, 0.8140, 0.8725
Time Consumption for one epoch is 283.10491132736206s
======================================= Epoch 2 =======================================
================= Test Set =================
The acc is 0.8608, 0.8140, 0.8725
Time Consumption for one epoch is 279.3240387439728s
======================================= Epoch 3 =======================================
================= Test Set =================
The acc is 0.8608, 0.8140, 0.8725
Time Consumption for one epoch is 281.1051814556122s
======================================= Epoch 4 =======================================
================= Test Set =================
The acc is 0.8608, 0.8140, 0.8725
Time Consumption for one epoch is 281.3717005252838s
======================================= Epoch 5 =======================================
================= Test Set =================
The acc is 0.8608, 0.8140, 0.8725
Time Consumption for one epoch is 282.64473152160645s
======================================= Epoch 6 =======================================
================= Test Set =================
+++++++++++ Find New Best Min ACC +++++++++++
The acc is 0.8670, 0.8236, 0.8778
Time Consumption for one epoch is 284.78448605537415s
======================================= Epoch 7 =======================================
================= Test Set =================
The acc is 0.8670, 0.8236, 0.8778
Time Consumption for one epoch is 281.3603618144989s
======================================= Epoch 8 =======================================
================= Test Set =================
+++++++++++ Find New Best Min ACC +++++++++++
The acc is 0.8740, 0.8264, 0.8858
Time Consumption for one epoch is 283.10234475135803s
======================================= Epoch 9 =======================================
================= Test Set =================
The acc is 0.8740, 0.8264, 0.8858
Time Consumption for one epoch is 280.9646110534668s
======================================= Epoch 10 =======================================
================= Test Set =================
+++++++++++ Find New Best Min ACC +++++++++++
The acc is 0.8748, 0.8360, 0.8845
Time Consumption for one epoch is 283.80054807662964s
======================================= Epoch 11 =======================================
================= Test Set =================
The acc is 0.8748, 0.8360, 0.8845
Time Consumption for one epoch is 281.8706531524658s
======================================= Epoch 12 =======================================
================= Test Set =================
The acc is 0.8748, 0.8360, 0.8845
Time Consumption for one epoch is 282.30298471450806s
======================================= Epoch 13 =======================================
================= Test Set =================
+++++++++++ Find New Best Min ACC +++++++++++
The acc is 0.8764, 0.8328, 0.8873
Time Consumption for one epoch is 284.02545285224915s
======================================= Epoch 14 =======================================
================= Test Set =================
The acc is 0.8764, 0.8328, 0.8873
Time Consumption for one epoch is 283.5154597759247s
======================================= Epoch 15 =======================================
================= Test Set =================
The acc is 0.8764, 0.8328, 0.8873
Time Consumption for one epoch is 280.29296803474426s
======================================= Epoch 16 =======================================
================= Test Set =================
+++++++++++ Find New Best Min ACC +++++++++++
The acc is 0.8783, 0.8364, 0.8888
Time Consumption for one epoch is 283.2775733470917s
======================================= Epoch 17 =======================================
================= Test Set =================
The acc is 0.8783, 0.8364, 0.8888
Time Consumption for one epoch is 280.23497915267944s
======================================= Epoch 18 =======================================
================= Test Set =================
The acc is 0.8783, 0.8364, 0.8888
Time Consumption for one epoch is 280.63024854660034s
======================================= Epoch 19 =======================================
================= Test Set =================
The acc is 0.8783, 0.8364, 0.8888
Time Consumption for one epoch is 283.5689380168915s
The final acc is 0.8783, 0.8364, 0.8888
