Namespace(data_dir='/data/yihua/dataset/celeba/celeba.hdf5', result_dir='results', checkpoint=None, resume=False, domain_attrs='Male', target_attrs='High_Cheekbones', exp_name=None, batch_size=512, lr=0.0001, wd=2e-05, epochs=20, seed=2022, num_workers=8, arch='resnet9', evaluate=False, gv=0.4, gr=0.1)
======================================= Epoch 0 =======================================
================= Test Set =================
+++++++++++ Find New Best Min ACC +++++++++++
The acc is 0.8135, 0.7855, 0.8205
Time Consumption for one epoch is 132.17880940437317s
======================================= Epoch 1 =======================================
================= Test Set =================
+++++++++++ Find New Best Min ACC +++++++++++
The acc is 0.8410, 0.7947, 0.8526
Time Consumption for one epoch is 130.02801132202148s
======================================= Epoch 2 =======================================
================= Test Set =================
+++++++++++ Find New Best Min ACC +++++++++++
The acc is 0.8531, 0.8164, 0.8623
Time Consumption for one epoch is 129.24244046211243s
======================================= Epoch 3 =======================================
================= Test Set =================
The acc is 0.8531, 0.8164, 0.8623
Time Consumption for one epoch is 129.38191556930542s
======================================= Epoch 4 =======================================
================= Test Set =================
+++++++++++ Find New Best Min ACC +++++++++++
The acc is 0.8570, 0.8140, 0.8677
Time Consumption for one epoch is 130.43858790397644s
======================================= Epoch 5 =======================================
================= Test Set =================
+++++++++++ Find New Best Min ACC +++++++++++
The acc is 0.8629, 0.8208, 0.8734
Time Consumption for one epoch is 128.86571431159973s
======================================= Epoch 6 =======================================
================= Test Set =================
The acc is 0.8629, 0.8208, 0.8734
Time Consumption for one epoch is 130.1636734008789s
======================================= Epoch 7 =======================================
================= Test Set =================
+++++++++++ Find New Best Min ACC +++++++++++
The acc is 0.8710, 0.8252, 0.8824
Time Consumption for one epoch is 129.3058910369873s
======================================= Epoch 8 =======================================
================= Test Set =================
The acc is 0.8710, 0.8252, 0.8824
Time Consumption for one epoch is 128.92142295837402s
======================================= Epoch 9 =======================================
================= Test Set =================
+++++++++++ Find New Best Min ACC +++++++++++
The acc is 0.8720, 0.8240, 0.8839
Time Consumption for one epoch is 130.1308343410492s
======================================= Epoch 10 =======================================
================= Test Set =================
The acc is 0.8720, 0.8240, 0.8839
Time Consumption for one epoch is 129.77140951156616s
======================================= Epoch 11 =======================================
================= Test Set =================
The acc is 0.8720, 0.8240, 0.8839
Time Consumption for one epoch is 129.78811693191528s
======================================= Epoch 12 =======================================
================= Test Set =================
The acc is 0.8720, 0.8240, 0.8839
Time Consumption for one epoch is 129.23443627357483s
======================================= Epoch 13 =======================================
================= Test Set =================
The acc is 0.8720, 0.8240, 0.8839
Time Consumption for one epoch is 128.0572395324707s
======================================= Epoch 14 =======================================
================= Test Set =================
The acc is 0.8720, 0.8240, 0.8839
Time Consumption for one epoch is 129.2308247089386s
======================================= Epoch 15 =======================================
================= Test Set =================
The acc is 0.8720, 0.8240, 0.8839
Time Consumption for one epoch is 126.56519055366516s
======================================= Epoch 16 =======================================
================= Test Set =================
+++++++++++ Find New Best Min ACC +++++++++++
The acc is 0.8796, 0.8372, 0.8902
Time Consumption for one epoch is 129.88798713684082s
======================================= Epoch 17 =======================================
================= Test Set =================
+++++++++++ Find New Best Min ACC +++++++++++
The acc is 0.8801, 0.8388, 0.8904
Time Consumption for one epoch is 130.12889766693115s
======================================= Epoch 18 =======================================
================= Test Set =================
The acc is 0.8801, 0.8388, 0.8904
Time Consumption for one epoch is 130.1324074268341s
======================================= Epoch 19 =======================================
================= Test Set =================
+++++++++++ Find New Best Min ACC +++++++++++
The acc is 0.8801, 0.8380, 0.8907
Time Consumption for one epoch is 128.5813000202179s
The final acc is 0.8801, 0.8380, 0.8907
