Namespace(data_dir='/data/yihua/dataset/celeba/celeba.hdf5', result_dir='crop_study', checkpoint=None, resume=False, domain_attrs='Male', target_attrs='Blond_Hair', exp_name=None, batch_size=512, lr=0.0001, wd=2e-05, epochs=20, seed=2022, num_workers=8, arch='resnet18', evaluate=False, total_num=5000, test_num=1000, gv=180.0, gr=0.1, minor_ratio=0.2, add_aug='crop')
======================================= Epoch 0 =======================================
================= Test Set =================
+++++++++++ Find New Best Min ACC +++++++++++
The acc is 0.5323, 0.5767, 0.4940
Time Consumption for one epoch is 22.760055780410767s
======================================= Epoch 1 =======================================
================= Test Set =================
+++++++++++ Find New Best Min ACC +++++++++++
The acc is 0.5376, 0.5814, 0.5000
Time Consumption for one epoch is 19.276729583740234s
======================================= Epoch 2 =======================================
================= Test Set =================
The acc is 0.5376, 0.5814, 0.5000
Time Consumption for one epoch is 19.30279517173767s
======================================= Epoch 3 =======================================
================= Test Set =================
+++++++++++ Find New Best Min ACC +++++++++++
The acc is 0.5742, 0.6233, 0.5320
Time Consumption for one epoch is 20.062336921691895s
======================================= Epoch 4 =======================================
================= Test Set =================
The acc is 0.5742, 0.6233, 0.5320
Time Consumption for one epoch is 19.86027479171753s
======================================= Epoch 5 =======================================
================= Test Set =================
+++++++++++ Find New Best Min ACC +++++++++++
The acc is 0.8484, 0.8093, 0.8820
Time Consumption for one epoch is 20.911117792129517s
======================================= Epoch 6 =======================================
================= Test Set =================
The acc is 0.8484, 0.8093, 0.8820
Time Consumption for one epoch is 21.16300940513611s
======================================= Epoch 7 =======================================
================= Test Set =================
+++++++++++ Find New Best Min ACC +++++++++++
The acc is 0.8516, 0.8256, 0.8740
Time Consumption for one epoch is 20.440322637557983s
======================================= Epoch 8 =======================================
================= Test Set =================
The acc is 0.8516, 0.8256, 0.8740
Time Consumption for one epoch is 19.507994174957275s
======================================= Epoch 9 =======================================
================= Test Set =================
+++++++++++ Find New Best Min ACC +++++++++++
The acc is 0.8882, 0.8698, 0.9040
Time Consumption for one epoch is 20.22919774055481s
======================================= Epoch 10 =======================================
================= Test Set =================
The acc is 0.8882, 0.8698, 0.9040
Time Consumption for one epoch is 20.02136731147766s
======================================= Epoch 11 =======================================
================= Test Set =================
The acc is 0.8882, 0.8698, 0.9040
Time Consumption for one epoch is 19.87332773208618s
======================================= Epoch 12 =======================================
================= Test Set =================
The acc is 0.8882, 0.8698, 0.9040
Time Consumption for one epoch is 20.077003002166748s
======================================= Epoch 13 =======================================
================= Test Set =================
The acc is 0.8882, 0.8698, 0.9040
Time Consumption for one epoch is 18.747922658920288s
======================================= Epoch 14 =======================================
================= Test Set =================
The acc is 0.8882, 0.8698, 0.9040
Time Consumption for one epoch is 21.048242807388306s
======================================= Epoch 15 =======================================
================= Test Set =================
The acc is 0.8882, 0.8698, 0.9040
Time Consumption for one epoch is 19.18424916267395s
======================================= Epoch 16 =======================================
================= Test Set =================
+++++++++++ Find New Best Min ACC +++++++++++
The acc is 0.8914, 0.8721, 0.9080
Time Consumption for one epoch is 19.015141487121582s
======================================= Epoch 17 =======================================
================= Test Set =================
+++++++++++ Find New Best Min ACC +++++++++++
The acc is 0.8925, 0.8721, 0.9100
Time Consumption for one epoch is 19.92913317680359s
======================================= Epoch 18 =======================================
================= Test Set =================
+++++++++++ Find New Best Min ACC +++++++++++
The acc is 0.8946, 0.8767, 0.9100
Time Consumption for one epoch is 18.70576500892639s
======================================= Epoch 19 =======================================
================= Test Set =================
The acc is 0.8946, 0.8767, 0.9100
Time Consumption for one epoch is 20.758317947387695s
The final acc is 0.8946, 0.8767, 0.9100
