Namespace(data_dir='/data/yihua/dataset/celeba/celeba.hdf5', result_dir='results', checkpoint=None, resume=False, domain_attrs='Male', target_attrs='Blond_Hair', exp_name=None, batch_size=512, lr=0.0001, wd=2e-05, epochs=20, seed=2021, num_workers=8, arch='resnet18', evaluate=False, gv=1e-05, gr=0.3)
======================================= Epoch 0 =======================================
================= Test Set =================
+++++++++++ Find New Best Min ACC +++++++++++
The acc is 0.5000, 0.5000, 0.5000
Time Consumption for one epoch is 45.67292380332947s
======================================= Epoch 1 =======================================
================= Test Set =================
+++++++++++ Find New Best Min ACC +++++++++++
The acc is 0.7944, 0.7389, 0.8083
Time Consumption for one epoch is 43.29927849769592s
======================================= Epoch 2 =======================================
================= Test Set =================
+++++++++++ Find New Best Min ACC +++++++++++
The acc is 0.8983, 0.8556, 0.9090
Time Consumption for one epoch is 41.70450401306152s
======================================= Epoch 3 =======================================
================= Test Set =================
The acc is 0.8983, 0.8556, 0.9090
Time Consumption for one epoch is 41.7162082195282s
======================================= Epoch 4 =======================================
================= Test Set =================
The acc is 0.8983, 0.8556, 0.9090
Time Consumption for one epoch is 42.94399070739746s
======================================= Epoch 5 =======================================
================= Test Set =================
The acc is 0.8983, 0.8556, 0.9090
Time Consumption for one epoch is 43.65941119194031s
======================================= Epoch 6 =======================================
================= Test Set =================
The acc is 0.8983, 0.8556, 0.9090
Time Consumption for one epoch is 43.626871824264526s
======================================= Epoch 7 =======================================
================= Test Set =================
+++++++++++ Find New Best Min ACC +++++++++++
The acc is 0.9017, 0.8861, 0.9056
Time Consumption for one epoch is 44.442774295806885s
======================================= Epoch 8 =======================================
================= Test Set =================
The acc is 0.9017, 0.8861, 0.9056
Time Consumption for one epoch is 43.16603112220764s
======================================= Epoch 9 =======================================
================= Test Set =================
+++++++++++ Find New Best Min ACC +++++++++++
The acc is 0.9028, 0.8722, 0.9104
Time Consumption for one epoch is 44.52920389175415s
======================================= Epoch 10 =======================================
================= Test Set =================
The acc is 0.9028, 0.8722, 0.9104
Time Consumption for one epoch is 42.35991382598877s
======================================= Epoch 11 =======================================
================= Test Set =================
The acc is 0.9028, 0.8722, 0.9104
Time Consumption for one epoch is 41.544466972351074s
======================================= Epoch 12 =======================================
================= Test Set =================
+++++++++++ Find New Best Min ACC +++++++++++
The acc is 0.9056, 0.8806, 0.9118
Time Consumption for one epoch is 42.52877736091614s
======================================= Epoch 13 =======================================
================= Test Set =================
The acc is 0.9056, 0.8806, 0.9118
Time Consumption for one epoch is 41.7101674079895s
======================================= Epoch 14 =======================================
================= Test Set =================
The acc is 0.9056, 0.8806, 0.9118
Time Consumption for one epoch is 41.6485161781311s
======================================= Epoch 15 =======================================
================= Test Set =================
The acc is 0.9056, 0.8806, 0.9118
Time Consumption for one epoch is 41.72101593017578s
======================================= Epoch 16 =======================================
================= Test Set =================
+++++++++++ Find New Best Min ACC +++++++++++
The acc is 0.9100, 0.8833, 0.9167
Time Consumption for one epoch is 42.942986488342285s
======================================= Epoch 17 =======================================
================= Test Set =================
+++++++++++ Find New Best Min ACC +++++++++++
The acc is 0.9128, 0.8944, 0.9174
Time Consumption for one epoch is 43.40189480781555s
======================================= Epoch 18 =======================================
================= Test Set =================
The acc is 0.9128, 0.8944, 0.9174
Time Consumption for one epoch is 41.366496086120605s
======================================= Epoch 19 =======================================
================= Test Set =================
+++++++++++ Find New Best Min ACC +++++++++++
The acc is 0.9150, 0.8944, 0.9201
Time Consumption for one epoch is 42.81648802757263s
The final acc is 0.9150, 0.8944, 0.9201
