Namespace(data_dir='/data/yihua/dataset/celeba/celeba.hdf5', result_dir='results', checkpoint=None, resume=False, domain_attrs='Male', target_attrs='Blond_Hair', exp_name=None, batch_size=512, lr=0.0001, wd=2e-05, epochs=20, seed=2021, num_workers=8, arch='resnet9', evaluate=False, gv=1e-06, gr=0.1)
======================================= Epoch 0 =======================================
================= Test Set =================
+++++++++++ Find New Best Min ACC +++++++++++
The acc is 0.4944, 0.4944, 0.4944
Time Consumption for one epoch is 25.72973346710205s
======================================= Epoch 1 =======================================
================= Test Set =================
+++++++++++ Find New Best Min ACC +++++++++++
The acc is 0.8694, 0.8167, 0.8826
Time Consumption for one epoch is 23.598883628845215s
======================================= Epoch 2 =======================================
================= Test Set =================
+++++++++++ Find New Best Min ACC +++++++++++
The acc is 0.8967, 0.8528, 0.9076
Time Consumption for one epoch is 25.170485973358154s
======================================= Epoch 3 =======================================
================= Test Set =================
The acc is 0.8967, 0.8528, 0.9076
Time Consumption for one epoch is 23.06858515739441s
======================================= Epoch 4 =======================================
================= Test Set =================
+++++++++++ Find New Best Min ACC +++++++++++
The acc is 0.8989, 0.8667, 0.9069
Time Consumption for one epoch is 24.285831928253174s
======================================= Epoch 5 =======================================
================= Test Set =================
+++++++++++ Find New Best Min ACC +++++++++++
The acc is 0.9106, 0.8917, 0.9153
Time Consumption for one epoch is 24.337200164794922s
======================================= Epoch 6 =======================================
================= Test Set =================
The acc is 0.9106, 0.8917, 0.9153
Time Consumption for one epoch is 24.233534336090088s
======================================= Epoch 7 =======================================
================= Test Set =================
The acc is 0.9106, 0.8917, 0.9153
Time Consumption for one epoch is 24.64168882369995s
======================================= Epoch 8 =======================================
================= Test Set =================
The acc is 0.9106, 0.8917, 0.9153
Time Consumption for one epoch is 23.345930337905884s
======================================= Epoch 9 =======================================
================= Test Set =================
The acc is 0.9106, 0.8917, 0.9153
Time Consumption for one epoch is 23.31612205505371s
======================================= Epoch 10 =======================================
================= Test Set =================
The acc is 0.9106, 0.8917, 0.9153
Time Consumption for one epoch is 23.57049798965454s
======================================= Epoch 11 =======================================
================= Test Set =================
+++++++++++ Find New Best Min ACC +++++++++++
The acc is 0.9111, 0.8833, 0.9181
Time Consumption for one epoch is 23.47192883491516s
======================================= Epoch 12 =======================================
================= Test Set =================
The acc is 0.9111, 0.8833, 0.9181
Time Consumption for one epoch is 22.942171335220337s
======================================= Epoch 13 =======================================
================= Test Set =================
The acc is 0.9111, 0.8833, 0.9181
Time Consumption for one epoch is 22.872192859649658s
======================================= Epoch 14 =======================================
================= Test Set =================
+++++++++++ Find New Best Min ACC +++++++++++
The acc is 0.9128, 0.8917, 0.9181
Time Consumption for one epoch is 24.145688772201538s
======================================= Epoch 15 =======================================
================= Test Set =================
The acc is 0.9128, 0.8917, 0.9181
Time Consumption for one epoch is 24.81904697418213s
======================================= Epoch 16 =======================================
================= Test Set =================
+++++++++++ Find New Best Min ACC +++++++++++
The acc is 0.9228, 0.9139, 0.9250
Time Consumption for one epoch is 25.030544757843018s
======================================= Epoch 17 =======================================
================= Test Set =================
The acc is 0.9228, 0.9139, 0.9250
Time Consumption for one epoch is 22.772495985031128s
======================================= Epoch 18 =======================================
================= Test Set =================
The acc is 0.9228, 0.9139, 0.9250
Time Consumption for one epoch is 24.581302881240845s
======================================= Epoch 19 =======================================
================= Test Set =================
The acc is 0.9228, 0.9139, 0.9250
Time Consumption for one epoch is 25.143583297729492s
The final acc is 0.9228, 0.9139, 0.9250
