Namespace(data_dir='/data/yihua/dataset/celeba/celeba.hdf5', result_dir='results', checkpoint=None, resume=False, domain_attrs='Male', target_attrs='High_Cheekbones', exp_name=None, batch_size=512, lr=0.0001, wd=2e-05, epochs=20, seed=2022, num_workers=8, arch='resnet9', evaluate=False, gv=0.35, gr=0.3)
======================================= Epoch 0 =======================================
================= Test Set =================
+++++++++++ Find New Best Min ACC +++++++++++
The acc is 0.8425, 0.7951, 0.8544
Time Consumption for one epoch is 137.41218066215515s
======================================= Epoch 1 =======================================
================= Test Set =================
The acc is 0.8425, 0.7951, 0.8544
Time Consumption for one epoch is 134.76505637168884s
======================================= Epoch 2 =======================================
================= Test Set =================
+++++++++++ Find New Best Min ACC +++++++++++
The acc is 0.8630, 0.8184, 0.8741
Time Consumption for one epoch is 134.0222625732422s
======================================= Epoch 3 =======================================
================= Test Set =================
The acc is 0.8630, 0.8184, 0.8741
Time Consumption for one epoch is 134.77625918388367s
======================================= Epoch 4 =======================================
================= Test Set =================
The acc is 0.8630, 0.8184, 0.8741
Time Consumption for one epoch is 132.02769207954407s
======================================= Epoch 5 =======================================
================= Test Set =================
+++++++++++ Find New Best Min ACC +++++++++++
The acc is 0.8722, 0.8276, 0.8833
Time Consumption for one epoch is 135.31769180297852s
======================================= Epoch 6 =======================================
================= Test Set =================
The acc is 0.8722, 0.8276, 0.8833
Time Consumption for one epoch is 134.3845295906067s
======================================= Epoch 7 =======================================
================= Test Set =================
The acc is 0.8722, 0.8276, 0.8833
Time Consumption for one epoch is 134.5526430606842s
======================================= Epoch 8 =======================================
================= Test Set =================
The acc is 0.8722, 0.8276, 0.8833
Time Consumption for one epoch is 133.92310190200806s
======================================= Epoch 9 =======================================
================= Test Set =================
The acc is 0.8722, 0.8276, 0.8833
Time Consumption for one epoch is 133.57353615760803s
======================================= Epoch 10 =======================================
================= Test Set =================
+++++++++++ Find New Best Min ACC +++++++++++
The acc is 0.8734, 0.8280, 0.8847
Time Consumption for one epoch is 133.94603943824768s
======================================= Epoch 11 =======================================
================= Test Set =================
The acc is 0.8734, 0.8280, 0.8847
Time Consumption for one epoch is 134.49857330322266s
======================================= Epoch 12 =======================================
================= Test Set =================
+++++++++++ Find New Best Min ACC +++++++++++
The acc is 0.8756, 0.8288, 0.8873
Time Consumption for one epoch is 135.45392203330994s
======================================= Epoch 13 =======================================
================= Test Set =================
The acc is 0.8756, 0.8288, 0.8873
Time Consumption for one epoch is 134.37871742248535s
======================================= Epoch 14 =======================================
================= Test Set =================
The acc is 0.8756, 0.8288, 0.8873
Time Consumption for one epoch is 135.24046659469604s
======================================= Epoch 15 =======================================
================= Test Set =================
The acc is 0.8756, 0.8288, 0.8873
Time Consumption for one epoch is 135.2883517742157s
======================================= Epoch 16 =======================================
================= Test Set =================
+++++++++++ Find New Best Min ACC +++++++++++
The acc is 0.8763, 0.8348, 0.8867
Time Consumption for one epoch is 136.09839630126953s
======================================= Epoch 17 =======================================
================= Test Set =================
+++++++++++ Find New Best Min ACC +++++++++++
The acc is 0.8768, 0.8336, 0.8876
Time Consumption for one epoch is 134.41763830184937s
======================================= Epoch 18 =======================================
================= Test Set =================
+++++++++++ Find New Best Min ACC +++++++++++
The acc is 0.8773, 0.8348, 0.8880
Time Consumption for one epoch is 135.202810049057s
======================================= Epoch 19 =======================================
================= Test Set =================
+++++++++++ Find New Best Min ACC +++++++++++
The acc is 0.8793, 0.8336, 0.8908
Time Consumption for one epoch is 136.2462592124939s
The final acc is 0.8793, 0.8336, 0.8908
