Namespace(data_dir='/data/yihua/dataset/celeba/celeba.hdf5', result_dir='results', checkpoint=None, resume=False, domain_attrs='Male', target_attrs='Blond_Hair', exp_name=None, batch_size=512, lr=0.0001, wd=2e-05, epochs=20, seed=2022, num_workers=8, arch='resnet9', evaluate=False, gv=0.05, gr=0.1)
======================================= Epoch 0 =======================================
================= Test Set =================
+++++++++++ Find New Best Min ACC +++++++++++
The acc is 0.5328, 0.5139, 0.5375
Time Consumption for one epoch is 28.278743028640747s
======================================= Epoch 1 =======================================
================= Test Set =================
+++++++++++ Find New Best Min ACC +++++++++++
The acc is 0.8522, 0.8028, 0.8646
Time Consumption for one epoch is 28.566473722457886s
======================================= Epoch 2 =======================================
================= Test Set =================
+++++++++++ Find New Best Min ACC +++++++++++
The acc is 0.8922, 0.8444, 0.9042
Time Consumption for one epoch is 25.768662929534912s
======================================= Epoch 3 =======================================
================= Test Set =================
+++++++++++ Find New Best Min ACC +++++++++++
The acc is 0.8994, 0.8583, 0.9097
Time Consumption for one epoch is 26.96575617790222s
======================================= Epoch 4 =======================================
================= Test Set =================
+++++++++++ Find New Best Min ACC +++++++++++
The acc is 0.9050, 0.8444, 0.9201
Time Consumption for one epoch is 25.93532633781433s
======================================= Epoch 5 =======================================
================= Test Set =================
The acc is 0.9050, 0.8444, 0.9201
Time Consumption for one epoch is 25.81947922706604s
======================================= Epoch 6 =======================================
================= Test Set =================
The acc is 0.9050, 0.8444, 0.9201
Time Consumption for one epoch is 25.41068196296692s
======================================= Epoch 7 =======================================
================= Test Set =================
The acc is 0.9050, 0.8444, 0.9201
Time Consumption for one epoch is 27.059664249420166s
======================================= Epoch 8 =======================================
================= Test Set =================
The acc is 0.9050, 0.8444, 0.9201
Time Consumption for one epoch is 25.826906204223633s
======================================= Epoch 9 =======================================
================= Test Set =================
The acc is 0.9050, 0.8444, 0.9201
Time Consumption for one epoch is 26.381205558776855s
======================================= Epoch 10 =======================================
================= Test Set =================
+++++++++++ Find New Best Min ACC +++++++++++
The acc is 0.9161, 0.8944, 0.9215
Time Consumption for one epoch is 27.052830934524536s
======================================= Epoch 11 =======================================
================= Test Set =================
The acc is 0.9161, 0.8944, 0.9215
Time Consumption for one epoch is 24.67042374610901s
======================================= Epoch 12 =======================================
================= Test Set =================
The acc is 0.9161, 0.8944, 0.9215
Time Consumption for one epoch is 26.739874601364136s
======================================= Epoch 13 =======================================
================= Test Set =================
The acc is 0.9161, 0.8944, 0.9215
Time Consumption for one epoch is 26.110291481018066s
======================================= Epoch 14 =======================================
================= Test Set =================
The acc is 0.9161, 0.8944, 0.9215
Time Consumption for one epoch is 26.582022428512573s
======================================= Epoch 15 =======================================
================= Test Set =================
The acc is 0.9161, 0.8944, 0.9215
Time Consumption for one epoch is 25.533690452575684s
======================================= Epoch 16 =======================================
================= Test Set =================
+++++++++++ Find New Best Min ACC +++++++++++
The acc is 0.9178, 0.8889, 0.9250
Time Consumption for one epoch is 27.258886575698853s
======================================= Epoch 17 =======================================
================= Test Set =================
+++++++++++ Find New Best Min ACC +++++++++++
The acc is 0.9239, 0.9000, 0.9299
Time Consumption for one epoch is 27.11652421951294s
======================================= Epoch 18 =======================================
================= Test Set =================
The acc is 0.9239, 0.9000, 0.9299
Time Consumption for one epoch is 27.433181524276733s
======================================= Epoch 19 =======================================
================= Test Set =================
The acc is 0.9239, 0.9000, 0.9299
Time Consumption for one epoch is 26.383747100830078s
The final acc is 0.9239, 0.9000, 0.9299
