Namespace(data_dir='/data/yihua/dataset/celeba/celeba.hdf5', result_dir='crop_study', checkpoint=None, resume=False, domain_attrs='Male', target_attrs='Blond_Hair', exp_name=None, batch_size=512, lr=0.0001, wd=2e-05, epochs=20, seed=2022, num_workers=8, arch='resnet18', evaluate=False, total_num=5000, test_num=1000, gv=140.0, gr=0.3, minor_ratio=0.2, add_aug='crop')
======================================= Epoch 0 =======================================
================= Test Set =================
+++++++++++ Find New Best Min ACC +++++++++++
The acc is 0.5376, 0.5814, 0.5000
Time Consumption for one epoch is 22.772895097732544s
======================================= Epoch 1 =======================================
================= Test Set =================
+++++++++++ Find New Best Min ACC +++++++++++
The acc is 0.6462, 0.6209, 0.6680
Time Consumption for one epoch is 19.421374559402466s
======================================= Epoch 2 =======================================
================= Test Set =================
The acc is 0.6462, 0.6209, 0.6680
Time Consumption for one epoch is 19.6268208026886s
======================================= Epoch 3 =======================================
================= Test Set =================
The acc is 0.6462, 0.6209, 0.6680
Time Consumption for one epoch is 21.457817792892456s
======================================= Epoch 4 =======================================
================= Test Set =================
+++++++++++ Find New Best Min ACC +++++++++++
The acc is 0.8022, 0.7698, 0.8300
Time Consumption for one epoch is 20.372023344039917s
======================================= Epoch 5 =======================================
================= Test Set =================
The acc is 0.8022, 0.7698, 0.8300
Time Consumption for one epoch is 20.241949319839478s
======================================= Epoch 6 =======================================
================= Test Set =================
+++++++++++ Find New Best Min ACC +++++++++++
The acc is 0.8634, 0.8279, 0.8940
Time Consumption for one epoch is 19.61203122138977s
======================================= Epoch 7 =======================================
================= Test Set =================
The acc is 0.8634, 0.8279, 0.8940
Time Consumption for one epoch is 19.895176649093628s
======================================= Epoch 8 =======================================
================= Test Set =================
+++++++++++ Find New Best Min ACC +++++++++++
The acc is 0.8903, 0.8767, 0.9020
Time Consumption for one epoch is 21.827860593795776s
======================================= Epoch 9 =======================================
================= Test Set =================
The acc is 0.8903, 0.8767, 0.9020
Time Consumption for one epoch is 20.62229609489441s
======================================= Epoch 10 =======================================
================= Test Set =================
The acc is 0.8903, 0.8767, 0.9020
Time Consumption for one epoch is 21.6239972114563s
======================================= Epoch 11 =======================================
================= Test Set =================
The acc is 0.8903, 0.8767, 0.9020
Time Consumption for one epoch is 20.679694175720215s
======================================= Epoch 12 =======================================
================= Test Set =================
The acc is 0.8903, 0.8767, 0.9020
Time Consumption for one epoch is 19.769661903381348s
======================================= Epoch 13 =======================================
================= Test Set =================
+++++++++++ Find New Best Min ACC +++++++++++
The acc is 0.8914, 0.8721, 0.9080
Time Consumption for one epoch is 20.439786195755005s
======================================= Epoch 14 =======================================
================= Test Set =================
The acc is 0.8914, 0.8721, 0.9080
Time Consumption for one epoch is 20.519068241119385s
======================================= Epoch 15 =======================================
================= Test Set =================
The acc is 0.8914, 0.8721, 0.9080
Time Consumption for one epoch is 21.149917602539062s
======================================= Epoch 16 =======================================
================= Test Set =================
+++++++++++ Find New Best Min ACC +++++++++++
The acc is 0.8946, 0.8837, 0.9040
Time Consumption for one epoch is 20.850839138031006s
======================================= Epoch 17 =======================================
================= Test Set =================
+++++++++++ Find New Best Min ACC +++++++++++
The acc is 0.9000, 0.8930, 0.9060
Time Consumption for one epoch is 22.47726273536682s
======================================= Epoch 18 =======================================
================= Test Set =================
+++++++++++ Find New Best Min ACC +++++++++++
The acc is 0.9065, 0.9023, 0.9100
Time Consumption for one epoch is 20.637351036071777s
======================================= Epoch 19 =======================================
================= Test Set =================
The acc is 0.9065, 0.9023, 0.9100
Time Consumption for one epoch is 20.885313749313354s
The final acc is 0.9065, 0.9023, 0.9100
