Namespace(data_dir='/data/yihua/dataset/celeba/celeba.hdf5', result_dir='rotation_study', checkpoint=None, resume=False, domain_attrs='Male', target_attrs='Blond_Hair', exp_name=None, batch_size=512, lr=0.0001, wd=2e-05, epochs=20, seed=2020, num_workers=8, arch='resnet9', evaluate=False, total_num=5000, test_num=1000, gv=30.0, gr=0.1, minor_ratio=0.2, add_aug='rotation')
======================================= Epoch 0 =======================================
================= Test Set =================
+++++++++++ Find New Best Min ACC +++++++++++
The acc is 0.4624, 0.4186, 0.5000
Time Consumption for one epoch is 15.691957712173462s
======================================= Epoch 1 =======================================
================= Test Set =================
The acc is 0.4624, 0.4186, 0.5000
Time Consumption for one epoch is 13.761134147644043s
======================================= Epoch 2 =======================================
================= Test Set =================
+++++++++++ Find New Best Min ACC +++++++++++
The acc is 0.6419, 0.6279, 0.6540
Time Consumption for one epoch is 13.978901624679565s
======================================= Epoch 3 =======================================
================= Test Set =================
+++++++++++ Find New Best Min ACC +++++++++++
The acc is 0.7387, 0.7256, 0.7500
Time Consumption for one epoch is 14.797491550445557s
======================================= Epoch 4 =======================================
================= Test Set =================
+++++++++++ Find New Best Min ACC +++++++++++
The acc is 0.8419, 0.8000, 0.8780
Time Consumption for one epoch is 14.10265564918518s
======================================= Epoch 5 =======================================
================= Test Set =================
+++++++++++ Find New Best Min ACC +++++++++++
The acc is 0.8731, 0.8442, 0.8980
Time Consumption for one epoch is 14.465226411819458s
======================================= Epoch 6 =======================================
================= Test Set =================
+++++++++++ Find New Best Min ACC +++++++++++
The acc is 0.8806, 0.8605, 0.8980
Time Consumption for one epoch is 14.242542266845703s
======================================= Epoch 7 =======================================
================= Test Set =================
The acc is 0.8806, 0.8605, 0.8980
Time Consumption for one epoch is 13.54672884941101s
======================================= Epoch 8 =======================================
================= Test Set =================
The acc is 0.8806, 0.8605, 0.8980
Time Consumption for one epoch is 13.636649131774902s
======================================= Epoch 9 =======================================
================= Test Set =================
The acc is 0.8806, 0.8605, 0.8980
Time Consumption for one epoch is 14.364633560180664s
======================================= Epoch 10 =======================================
================= Test Set =================
+++++++++++ Find New Best Min ACC +++++++++++
The acc is 0.8860, 0.8674, 0.9020
Time Consumption for one epoch is 13.628129005432129s
======================================= Epoch 11 =======================================
================= Test Set =================
+++++++++++ Find New Best Min ACC +++++++++++
The acc is 0.8935, 0.8837, 0.9020
Time Consumption for one epoch is 14.544541120529175s
======================================= Epoch 12 =======================================
================= Test Set =================
The acc is 0.8935, 0.8837, 0.9020
Time Consumption for one epoch is 14.060547113418579s
======================================= Epoch 13 =======================================
================= Test Set =================
+++++++++++ Find New Best Min ACC +++++++++++
The acc is 0.8946, 0.8837, 0.9040
Time Consumption for one epoch is 14.71208643913269s
======================================= Epoch 14 =======================================
================= Test Set =================
The acc is 0.8946, 0.8837, 0.9040
Time Consumption for one epoch is 14.008469343185425s
======================================= Epoch 15 =======================================
================= Test Set =================
The acc is 0.8946, 0.8837, 0.9040
Time Consumption for one epoch is 13.516160488128662s
======================================= Epoch 16 =======================================
================= Test Set =================
The acc is 0.8946, 0.8837, 0.9040
Time Consumption for one epoch is 14.100008487701416s
======================================= Epoch 17 =======================================
================= Test Set =================
+++++++++++ Find New Best Min ACC +++++++++++
The acc is 0.8957, 0.8907, 0.9000
Time Consumption for one epoch is 14.630161762237549s
======================================= Epoch 18 =======================================
================= Test Set =================
+++++++++++ Find New Best Min ACC +++++++++++
The acc is 0.8968, 0.8907, 0.9020
Time Consumption for one epoch is 14.167112827301025s
======================================= Epoch 19 =======================================
================= Test Set =================
The acc is 0.8968, 0.8907, 0.9020
Time Consumption for one epoch is 14.046753168106079s
The final acc is 0.8968, 0.8907, 0.9020
