Namespace(data_dir='/data/yihua/dataset/celeba/celeba.hdf5', result_dir='rotation_study', checkpoint=None, resume=False, domain_attrs='Male', target_attrs='Blond_Hair', exp_name=None, batch_size=512, lr=0.0001, wd=2e-05, epochs=20, seed=2022, num_workers=8, arch='resnet9', evaluate=False, total_num=5000, test_num=1000, gv=0.0, gr=0.3, minor_ratio=0.2, add_aug='rotation')
======================================= Epoch 0 =======================================
================= Test Set =================
+++++++++++ Find New Best Min ACC +++++++++++
The acc is 0.4624, 0.4186, 0.5000
Time Consumption for one epoch is 16.628302097320557s
======================================= Epoch 1 =======================================
================= Test Set =================
The acc is 0.4624, 0.4186, 0.5000
Time Consumption for one epoch is 14.253324031829834s
======================================= Epoch 2 =======================================
================= Test Set =================
+++++++++++ Find New Best Min ACC +++++++++++
The acc is 0.4828, 0.4302, 0.5280
Time Consumption for one epoch is 15.08174729347229s
======================================= Epoch 3 =======================================
================= Test Set =================
+++++++++++ Find New Best Min ACC +++++++++++
The acc is 0.7312, 0.6744, 0.7800
Time Consumption for one epoch is 14.656852722167969s
======================================= Epoch 4 =======================================
================= Test Set =================
+++++++++++ Find New Best Min ACC +++++++++++
The acc is 0.7516, 0.7140, 0.7840
Time Consumption for one epoch is 14.21296501159668s
======================================= Epoch 5 =======================================
================= Test Set =================
+++++++++++ Find New Best Min ACC +++++++++++
The acc is 0.8645, 0.8488, 0.8780
Time Consumption for one epoch is 14.249891996383667s
======================================= Epoch 6 =======================================
================= Test Set =================
The acc is 0.8645, 0.8488, 0.8780
Time Consumption for one epoch is 13.979040622711182s
======================================= Epoch 7 =======================================
================= Test Set =================
+++++++++++ Find New Best Min ACC +++++++++++
The acc is 0.8806, 0.8558, 0.9020
Time Consumption for one epoch is 14.857613801956177s
======================================= Epoch 8 =======================================
================= Test Set =================
+++++++++++ Find New Best Min ACC +++++++++++
The acc is 0.8860, 0.8581, 0.9100
Time Consumption for one epoch is 14.94777536392212s
======================================= Epoch 9 =======================================
================= Test Set =================
+++++++++++ Find New Best Min ACC +++++++++++
The acc is 0.8882, 0.8651, 0.9080
Time Consumption for one epoch is 14.575264930725098s
======================================= Epoch 10 =======================================
================= Test Set =================
The acc is 0.8882, 0.8651, 0.9080
Time Consumption for one epoch is 14.445746660232544s
======================================= Epoch 11 =======================================
================= Test Set =================
The acc is 0.8882, 0.8651, 0.9080
Time Consumption for one epoch is 14.928596496582031s
======================================= Epoch 12 =======================================
================= Test Set =================
The acc is 0.8882, 0.8651, 0.9080
Time Consumption for one epoch is 14.854352712631226s
======================================= Epoch 13 =======================================
================= Test Set =================
The acc is 0.8882, 0.8651, 0.9080
Time Consumption for one epoch is 14.294254541397095s
======================================= Epoch 14 =======================================
================= Test Set =================
+++++++++++ Find New Best Min ACC +++++++++++
The acc is 0.8903, 0.8674, 0.9100
Time Consumption for one epoch is 14.679742097854614s
======================================= Epoch 15 =======================================
================= Test Set =================
The acc is 0.8903, 0.8674, 0.9100
Time Consumption for one epoch is 13.973472595214844s
======================================= Epoch 16 =======================================
================= Test Set =================
The acc is 0.8903, 0.8674, 0.9100
Time Consumption for one epoch is 14.172096252441406s
======================================= Epoch 17 =======================================
================= Test Set =================
+++++++++++ Find New Best Min ACC +++++++++++
The acc is 0.8925, 0.8767, 0.9060
Time Consumption for one epoch is 14.480168104171753s
======================================= Epoch 18 =======================================
================= Test Set =================
+++++++++++ Find New Best Min ACC +++++++++++
The acc is 0.8957, 0.8791, 0.9100
Time Consumption for one epoch is 14.411746263504028s
======================================= Epoch 19 =======================================
================= Test Set =================
+++++++++++ Find New Best Min ACC +++++++++++
The acc is 0.8989, 0.8884, 0.9080
Time Consumption for one epoch is 14.926806926727295s
The final acc is 0.8989, 0.8884, 0.9080
