Namespace(data_dir='/data/yihua/dataset/celeba/celeba.hdf5', result_dir='crop_study', checkpoint=None, resume=False, domain_attrs='Male', target_attrs='Blond_Hair', exp_name=None, batch_size=512, lr=0.0001, wd=2e-05, epochs=20, seed=2021, num_workers=8, arch='resnet9', evaluate=False, total_num=5000, test_num=1000, gv=220.0, gr=0.3, minor_ratio=0.2, add_aug='crop')
======================================= Epoch 0 =======================================
================= Test Set =================
+++++++++++ Find New Best Min ACC +++++++++++
The acc is 0.4624, 0.4186, 0.5000
Time Consumption for one epoch is 16.455756902694702s
======================================= Epoch 1 =======================================
================= Test Set =================
The acc is 0.4624, 0.4186, 0.5000
Time Consumption for one epoch is 13.783060312271118s
======================================= Epoch 2 =======================================
================= Test Set =================
+++++++++++ Find New Best Min ACC +++++++++++
The acc is 0.6226, 0.6140, 0.6300
Time Consumption for one epoch is 14.77212643623352s
======================================= Epoch 3 =======================================
================= Test Set =================
+++++++++++ Find New Best Min ACC +++++++++++
The acc is 0.7763, 0.7558, 0.7940
Time Consumption for one epoch is 14.016563653945923s
======================================= Epoch 4 =======================================
================= Test Set =================
+++++++++++ Find New Best Min ACC +++++++++++
The acc is 0.8527, 0.8326, 0.8700
Time Consumption for one epoch is 14.142754793167114s
======================================= Epoch 5 =======================================
================= Test Set =================
+++++++++++ Find New Best Min ACC +++++++++++
The acc is 0.8613, 0.8488, 0.8720
Time Consumption for one epoch is 15.018714666366577s
======================================= Epoch 6 =======================================
================= Test Set =================
The acc is 0.8613, 0.8488, 0.8720
Time Consumption for one epoch is 14.895714044570923s
======================================= Epoch 7 =======================================
================= Test Set =================
The acc is 0.8613, 0.8488, 0.8720
Time Consumption for one epoch is 14.155233144760132s
======================================= Epoch 8 =======================================
================= Test Set =================
+++++++++++ Find New Best Min ACC +++++++++++
The acc is 0.8806, 0.8628, 0.8960
Time Consumption for one epoch is 14.639042854309082s
======================================= Epoch 9 =======================================
================= Test Set =================
The acc is 0.8806, 0.8628, 0.8960
Time Consumption for one epoch is 14.274192810058594s
======================================= Epoch 10 =======================================
================= Test Set =================
The acc is 0.8806, 0.8628, 0.8960
Time Consumption for one epoch is 14.832215070724487s
======================================= Epoch 11 =======================================
================= Test Set =================
The acc is 0.8806, 0.8628, 0.8960
Time Consumption for one epoch is 14.620420694351196s
======================================= Epoch 12 =======================================
================= Test Set =================
The acc is 0.8806, 0.8628, 0.8960
Time Consumption for one epoch is 14.842725276947021s
======================================= Epoch 13 =======================================
================= Test Set =================
The acc is 0.8806, 0.8628, 0.8960
Time Consumption for one epoch is 14.272732257843018s
======================================= Epoch 14 =======================================
================= Test Set =================
+++++++++++ Find New Best Min ACC +++++++++++
The acc is 0.8860, 0.8651, 0.9040
Time Consumption for one epoch is 14.83381962776184s
======================================= Epoch 15 =======================================
================= Test Set =================
The acc is 0.8860, 0.8651, 0.9040
Time Consumption for one epoch is 14.916089296340942s
======================================= Epoch 16 =======================================
================= Test Set =================
The acc is 0.8860, 0.8651, 0.9040
Time Consumption for one epoch is 15.040733575820923s
======================================= Epoch 17 =======================================
================= Test Set =================
+++++++++++ Find New Best Min ACC +++++++++++
The acc is 0.8946, 0.8767, 0.9100
Time Consumption for one epoch is 15.342409133911133s
======================================= Epoch 18 =======================================
================= Test Set =================
+++++++++++ Find New Best Min ACC +++++++++++
The acc is 0.8978, 0.8860, 0.9080
Time Consumption for one epoch is 14.7033109664917s
======================================= Epoch 19 =======================================
================= Test Set =================
+++++++++++ Find New Best Min ACC +++++++++++
The acc is 0.8989, 0.8884, 0.9080
Time Consumption for one epoch is 14.970854997634888s
The final acc is 0.8989, 0.8884, 0.9080
