Namespace(data_dir='/data/yihua/dataset/celeba/celeba.hdf5', result_dir='crop_study', checkpoint=None, resume=False, domain_attrs='Male', target_attrs='Blond_Hair', exp_name=None, batch_size=512, lr=0.0001, wd=2e-05, epochs=20, seed=2021, num_workers=8, arch='resnet9', evaluate=False, total_num=5000, test_num=1000, gv=180.0, gr=0.3, minor_ratio=0.2, add_aug='crop')
======================================= Epoch 0 =======================================
================= Test Set =================
+++++++++++ Find New Best Min ACC +++++++++++
The acc is 0.4624, 0.4186, 0.5000
Time Consumption for one epoch is 16.709258317947388s
======================================= Epoch 1 =======================================
================= Test Set =================
The acc is 0.4624, 0.4186, 0.5000
Time Consumption for one epoch is 14.271110773086548s
======================================= Epoch 2 =======================================
================= Test Set =================
+++++++++++ Find New Best Min ACC +++++++++++
The acc is 0.5978, 0.5977, 0.5980
Time Consumption for one epoch is 14.780609846115112s
======================================= Epoch 3 =======================================
================= Test Set =================
+++++++++++ Find New Best Min ACC +++++++++++
The acc is 0.7430, 0.7372, 0.7480
Time Consumption for one epoch is 14.450388193130493s
======================================= Epoch 4 =======================================
================= Test Set =================
+++++++++++ Find New Best Min ACC +++++++++++
The acc is 0.8516, 0.8372, 0.8640
Time Consumption for one epoch is 14.854408979415894s
======================================= Epoch 5 =======================================
================= Test Set =================
+++++++++++ Find New Best Min ACC +++++++++++
The acc is 0.8570, 0.8442, 0.8680
Time Consumption for one epoch is 14.849976062774658s
======================================= Epoch 6 =======================================
================= Test Set =================
+++++++++++ Find New Best Min ACC +++++++++++
The acc is 0.8753, 0.8698, 0.8800
Time Consumption for one epoch is 14.501731634140015s
======================================= Epoch 7 =======================================
================= Test Set =================
The acc is 0.8753, 0.8698, 0.8800
Time Consumption for one epoch is 14.392111539840698s
======================================= Epoch 8 =======================================
================= Test Set =================
The acc is 0.8753, 0.8698, 0.8800
Time Consumption for one epoch is 14.682421207427979s
======================================= Epoch 9 =======================================
================= Test Set =================
+++++++++++ Find New Best Min ACC +++++++++++
The acc is 0.8849, 0.8721, 0.8960
Time Consumption for one epoch is 14.562693119049072s
======================================= Epoch 10 =======================================
================= Test Set =================
The acc is 0.8849, 0.8721, 0.8960
Time Consumption for one epoch is 14.463677406311035s
======================================= Epoch 11 =======================================
================= Test Set =================
The acc is 0.8849, 0.8721, 0.8960
Time Consumption for one epoch is 14.122662544250488s
======================================= Epoch 12 =======================================
================= Test Set =================
The acc is 0.8849, 0.8721, 0.8960
Time Consumption for one epoch is 14.314030885696411s
======================================= Epoch 13 =======================================
================= Test Set =================
The acc is 0.8849, 0.8721, 0.8960
Time Consumption for one epoch is 14.26548719406128s
======================================= Epoch 14 =======================================
================= Test Set =================
+++++++++++ Find New Best Min ACC +++++++++++
The acc is 0.8871, 0.8721, 0.9000
Time Consumption for one epoch is 14.32088828086853s
======================================= Epoch 15 =======================================
================= Test Set =================
The acc is 0.8871, 0.8721, 0.9000
Time Consumption for one epoch is 14.682442426681519s
======================================= Epoch 16 =======================================
================= Test Set =================
The acc is 0.8871, 0.8721, 0.9000
Time Consumption for one epoch is 14.202967643737793s
======================================= Epoch 17 =======================================
================= Test Set =================
The acc is 0.8871, 0.8721, 0.9000
Time Consumption for one epoch is 14.918085813522339s
======================================= Epoch 18 =======================================
================= Test Set =================
+++++++++++ Find New Best Min ACC +++++++++++
The acc is 0.8935, 0.8814, 0.9040
Time Consumption for one epoch is 15.113300085067749s
======================================= Epoch 19 =======================================
================= Test Set =================
The acc is 0.8935, 0.8814, 0.9040
Time Consumption for one epoch is 13.919367551803589s
The final acc is 0.8935, 0.8814, 0.9040
