Namespace(data_dir='/data/yihua/dataset/celeba/celeba.hdf5', result_dir='results', checkpoint=None, resume=False, domain_attrs='Male', target_attrs='Blond_Hair', exp_name=None, batch_size=512, lr=0.0001, wd=2e-05, epochs=20, seed=2022, num_workers=8, arch='resnet9', evaluate=False, gv=0.1, gr=0.3)
======================================= Epoch 0 =======================================
================= Test Set =================
+++++++++++ Find New Best Min ACC +++++++++++
The acc is 0.5811, 0.5333, 0.5931
Time Consumption for one epoch is 27.258750438690186s
======================================= Epoch 1 =======================================
================= Test Set =================
+++++++++++ Find New Best Min ACC +++++++++++
The acc is 0.8817, 0.8222, 0.8965
Time Consumption for one epoch is 24.274238348007202s
======================================= Epoch 2 =======================================
================= Test Set =================
+++++++++++ Find New Best Min ACC +++++++++++
The acc is 0.8861, 0.8528, 0.8944
Time Consumption for one epoch is 25.290492296218872s
======================================= Epoch 3 =======================================
================= Test Set =================
The acc is 0.8861, 0.8528, 0.8944
Time Consumption for one epoch is 25.230456590652466s
======================================= Epoch 4 =======================================
================= Test Set =================
+++++++++++ Find New Best Min ACC +++++++++++
The acc is 0.9017, 0.8806, 0.9069
Time Consumption for one epoch is 23.677242040634155s
======================================= Epoch 5 =======================================
================= Test Set =================
+++++++++++ Find New Best Min ACC +++++++++++
The acc is 0.9044, 0.8667, 0.9139
Time Consumption for one epoch is 25.7256863117218s
======================================= Epoch 6 =======================================
================= Test Set =================
The acc is 0.9044, 0.8667, 0.9139
Time Consumption for one epoch is 24.586753129959106s
======================================= Epoch 7 =======================================
================= Test Set =================
+++++++++++ Find New Best Min ACC +++++++++++
The acc is 0.9144, 0.8972, 0.9187
Time Consumption for one epoch is 24.507364511489868s
======================================= Epoch 8 =======================================
================= Test Set =================
The acc is 0.9144, 0.8972, 0.9187
Time Consumption for one epoch is 24.248048305511475s
======================================= Epoch 9 =======================================
================= Test Set =================
The acc is 0.9144, 0.8972, 0.9187
Time Consumption for one epoch is 25.665093898773193s
======================================= Epoch 10 =======================================
================= Test Set =================
+++++++++++ Find New Best Min ACC +++++++++++
The acc is 0.9233, 0.9111, 0.9264
Time Consumption for one epoch is 24.751884698867798s
======================================= Epoch 11 =======================================
================= Test Set =================
The acc is 0.9233, 0.9111, 0.9264
Time Consumption for one epoch is 24.678220748901367s
======================================= Epoch 12 =======================================
================= Test Set =================
The acc is 0.9233, 0.9111, 0.9264
Time Consumption for one epoch is 24.694430351257324s
======================================= Epoch 13 =======================================
================= Test Set =================
The acc is 0.9233, 0.9111, 0.9264
Time Consumption for one epoch is 24.806915283203125s
======================================= Epoch 14 =======================================
================= Test Set =================
The acc is 0.9233, 0.9111, 0.9264
Time Consumption for one epoch is 24.51712965965271s
======================================= Epoch 15 =======================================
================= Test Set =================
The acc is 0.9233, 0.9111, 0.9264
Time Consumption for one epoch is 25.686167240142822s
======================================= Epoch 16 =======================================
================= Test Set =================
The acc is 0.9233, 0.9111, 0.9264
Time Consumption for one epoch is 24.20348811149597s
======================================= Epoch 17 =======================================
================= Test Set =================
The acc is 0.9233, 0.9111, 0.9264
Time Consumption for one epoch is 24.835503816604614s
======================================= Epoch 18 =======================================
================= Test Set =================
The acc is 0.9233, 0.9111, 0.9264
Time Consumption for one epoch is 26.360830307006836s
======================================= Epoch 19 =======================================
================= Test Set =================
The acc is 0.9233, 0.9111, 0.9264
Time Consumption for one epoch is 24.213096141815186s
The final acc is 0.9233, 0.9111, 0.9264
