Namespace(data_dir='/data/yihua/dataset/celeba/celeba.hdf5', result_dir='results', checkpoint=None, resume=False, domain_attrs='Male', target_attrs='High_Cheekbones', exp_name=None, batch_size=512, lr=0.0001, wd=2e-05, epochs=20, seed=2022, num_workers=8, arch='resnet9', evaluate=False, gv=0.45, gr=0.3)
======================================= Epoch 0 =======================================
================= Test Set =================
+++++++++++ Find New Best Min ACC +++++++++++
The acc is 0.8445, 0.7903, 0.8580
Time Consumption for one epoch is 136.78211975097656s
======================================= Epoch 1 =======================================
================= Test Set =================
The acc is 0.8445, 0.7903, 0.8580
Time Consumption for one epoch is 134.46164202690125s
======================================= Epoch 2 =======================================
================= Test Set =================
+++++++++++ Find New Best Min ACC +++++++++++
The acc is 0.8634, 0.8136, 0.8758
Time Consumption for one epoch is 134.2534236907959s
======================================= Epoch 3 =======================================
================= Test Set =================
The acc is 0.8634, 0.8136, 0.8758
Time Consumption for one epoch is 134.19876670837402s
======================================= Epoch 4 =======================================
================= Test Set =================
The acc is 0.8634, 0.8136, 0.8758
Time Consumption for one epoch is 135.25008392333984s
======================================= Epoch 5 =======================================
================= Test Set =================
+++++++++++ Find New Best Min ACC +++++++++++
The acc is 0.8739, 0.8292, 0.8850
Time Consumption for one epoch is 134.7071726322174s
======================================= Epoch 6 =======================================
================= Test Set =================
The acc is 0.8739, 0.8292, 0.8850
Time Consumption for one epoch is 134.46043610572815s
======================================= Epoch 7 =======================================
================= Test Set =================
The acc is 0.8739, 0.8292, 0.8850
Time Consumption for one epoch is 133.94654250144958s
======================================= Epoch 8 =======================================
================= Test Set =================
The acc is 0.8739, 0.8292, 0.8850
Time Consumption for one epoch is 134.40285658836365s
======================================= Epoch 9 =======================================
================= Test Set =================
The acc is 0.8739, 0.8292, 0.8850
Time Consumption for one epoch is 134.34716510772705s
======================================= Epoch 10 =======================================
================= Test Set =================
The acc is 0.8739, 0.8292, 0.8850
Time Consumption for one epoch is 133.04884004592896s
======================================= Epoch 11 =======================================
================= Test Set =================
The acc is 0.8739, 0.8292, 0.8850
Time Consumption for one epoch is 134.58559703826904s
======================================= Epoch 12 =======================================
================= Test Set =================
The acc is 0.8739, 0.8292, 0.8850
Time Consumption for one epoch is 135.13924884796143s
======================================= Epoch 13 =======================================
================= Test Set =================
The acc is 0.8739, 0.8292, 0.8850
Time Consumption for one epoch is 133.18206071853638s
======================================= Epoch 14 =======================================
================= Test Set =================
The acc is 0.8739, 0.8292, 0.8850
Time Consumption for one epoch is 133.83155012130737s
======================================= Epoch 15 =======================================
================= Test Set =================
The acc is 0.8739, 0.8292, 0.8850
Time Consumption for one epoch is 133.77734184265137s
======================================= Epoch 16 =======================================
================= Test Set =================
+++++++++++ Find New Best Min ACC +++++++++++
The acc is 0.8752, 0.8364, 0.8848
Time Consumption for one epoch is 133.60784435272217s
======================================= Epoch 17 =======================================
================= Test Set =================
+++++++++++ Find New Best Min ACC +++++++++++
The acc is 0.8768, 0.8316, 0.8881
Time Consumption for one epoch is 133.94883275032043s
======================================= Epoch 18 =======================================
================= Test Set =================
+++++++++++ Find New Best Min ACC +++++++++++
The acc is 0.8772, 0.8340, 0.8880
Time Consumption for one epoch is 136.21665740013123s
======================================= Epoch 19 =======================================
================= Test Set =================
+++++++++++ Find New Best Min ACC +++++++++++
The acc is 0.8785, 0.8332, 0.8899
Time Consumption for one epoch is 135.42054677009583s
The final acc is 0.8785, 0.8332, 0.8899
