Namespace(data_dir='/data/yihua/dataset/celeba/celeba.hdf5', result_dir='results', checkpoint=None, resume=False, domain_attrs='Male', target_attrs='Blond_Hair', exp_name=None, batch_size=512, lr=0.0001, wd=2e-05, epochs=20, seed=2022, num_workers=8, arch='resnet9', evaluate=False, gv=0.01, gr=0.3)
======================================= Epoch 0 =======================================
================= Test Set =================
+++++++++++ Find New Best Min ACC +++++++++++
The acc is 0.6156, 0.5528, 0.6312
Time Consumption for one epoch is 27.398107051849365s
======================================= Epoch 1 =======================================
================= Test Set =================
+++++++++++ Find New Best Min ACC +++++++++++
The acc is 0.8822, 0.8389, 0.8931
Time Consumption for one epoch is 23.946980476379395s
======================================= Epoch 2 =======================================
================= Test Set =================
+++++++++++ Find New Best Min ACC +++++++++++
The acc is 0.8889, 0.8333, 0.9028
Time Consumption for one epoch is 24.713680028915405s
======================================= Epoch 3 =======================================
================= Test Set =================
+++++++++++ Find New Best Min ACC +++++++++++
The acc is 0.8956, 0.8750, 0.9007
Time Consumption for one epoch is 26.91434383392334s
======================================= Epoch 4 =======================================
================= Test Set =================
+++++++++++ Find New Best Min ACC +++++++++++
The acc is 0.9028, 0.8500, 0.9160
Time Consumption for one epoch is 25.62389087677002s
======================================= Epoch 5 =======================================
================= Test Set =================
The acc is 0.9028, 0.8500, 0.9160
Time Consumption for one epoch is 25.401628255844116s
======================================= Epoch 6 =======================================
================= Test Set =================
+++++++++++ Find New Best Min ACC +++++++++++
The acc is 0.9050, 0.9083, 0.9042
Time Consumption for one epoch is 25.723920822143555s
======================================= Epoch 7 =======================================
================= Test Set =================
+++++++++++ Find New Best Min ACC +++++++++++
The acc is 0.9061, 0.8694, 0.9153
Time Consumption for one epoch is 25.634384870529175s
======================================= Epoch 8 =======================================
================= Test Set =================
+++++++++++ Find New Best Min ACC +++++++++++
The acc is 0.9144, 0.8889, 0.9208
Time Consumption for one epoch is 24.561925411224365s
======================================= Epoch 9 =======================================
================= Test Set =================
+++++++++++ Find New Best Min ACC +++++++++++
The acc is 0.9206, 0.9083, 0.9236
Time Consumption for one epoch is 24.276076316833496s
======================================= Epoch 10 =======================================
================= Test Set =================
The acc is 0.9206, 0.9083, 0.9236
Time Consumption for one epoch is 25.3545880317688s
======================================= Epoch 11 =======================================
================= Test Set =================
The acc is 0.9206, 0.9083, 0.9236
Time Consumption for one epoch is 24.075835943222046s
======================================= Epoch 12 =======================================
================= Test Set =================
The acc is 0.9206, 0.9083, 0.9236
Time Consumption for one epoch is 25.587244272232056s
======================================= Epoch 13 =======================================
================= Test Set =================
The acc is 0.9206, 0.9083, 0.9236
Time Consumption for one epoch is 25.057491540908813s
======================================= Epoch 14 =======================================
================= Test Set =================
The acc is 0.9206, 0.9083, 0.9236
Time Consumption for one epoch is 24.68207359313965s
======================================= Epoch 15 =======================================
================= Test Set =================
The acc is 0.9206, 0.9083, 0.9236
Time Consumption for one epoch is 25.209389686584473s
======================================= Epoch 16 =======================================
================= Test Set =================
The acc is 0.9206, 0.9083, 0.9236
Time Consumption for one epoch is 24.323867082595825s
======================================= Epoch 17 =======================================
================= Test Set =================
The acc is 0.9206, 0.9083, 0.9236
Time Consumption for one epoch is 24.245203971862793s
======================================= Epoch 18 =======================================
================= Test Set =================
The acc is 0.9206, 0.9083, 0.9236
Time Consumption for one epoch is 24.75315570831299s
======================================= Epoch 19 =======================================
================= Test Set =================
The acc is 0.9206, 0.9083, 0.9236
Time Consumption for one epoch is 26.02370572090149s
The final acc is 0.9206, 0.9083, 0.9236
