Namespace(data_dir='/data/yihua/dataset/celeba/celeba.hdf5', result_dir='results', checkpoint=None, resume=False, domain_attrs='Male', target_attrs='Blond_Hair', exp_name=None, batch_size=512, lr=0.0001, wd=2e-05, epochs=20, seed=42, num_workers=8, arch='resnet9', evaluate=False, gv=0.1, gr=0.3)
======================================= Epoch 0 =======================================
================= Test Set =================
+++++++++++ Find New Best Min ACC +++++++++++
The acc is 0.6850, 0.6361, 0.6972
Time Consumption for one epoch is 27.66596508026123s
======================================= Epoch 1 =======================================
================= Test Set =================
+++++++++++ Find New Best Min ACC +++++++++++
The acc is 0.8872, 0.8500, 0.8965
Time Consumption for one epoch is 26.670668125152588s
======================================= Epoch 2 =======================================
================= Test Set =================
+++++++++++ Find New Best Min ACC +++++++++++
The acc is 0.8911, 0.8306, 0.9062
Time Consumption for one epoch is 24.597330331802368s
======================================= Epoch 3 =======================================
================= Test Set =================
The acc is 0.8911, 0.8306, 0.9062
Time Consumption for one epoch is 27.67323398590088s
======================================= Epoch 4 =======================================
================= Test Set =================
The acc is 0.8911, 0.8306, 0.9062
Time Consumption for one epoch is 24.86017632484436s
======================================= Epoch 5 =======================================
================= Test Set =================
+++++++++++ Find New Best Min ACC +++++++++++
The acc is 0.9117, 0.9056, 0.9132
Time Consumption for one epoch is 26.046953201293945s
======================================= Epoch 6 =======================================
================= Test Set =================
The acc is 0.9117, 0.9056, 0.9132
Time Consumption for one epoch is 24.06341814994812s
======================================= Epoch 7 =======================================
================= Test Set =================
The acc is 0.9117, 0.9056, 0.9132
Time Consumption for one epoch is 24.777655124664307s
======================================= Epoch 8 =======================================
================= Test Set =================
The acc is 0.9117, 0.9056, 0.9132
Time Consumption for one epoch is 25.246549367904663s
======================================= Epoch 9 =======================================
================= Test Set =================
The acc is 0.9117, 0.9056, 0.9132
Time Consumption for one epoch is 25.040066480636597s
======================================= Epoch 10 =======================================
================= Test Set =================
+++++++++++ Find New Best Min ACC +++++++++++
The acc is 0.9156, 0.8944, 0.9208
Time Consumption for one epoch is 26.439002752304077s
======================================= Epoch 11 =======================================
================= Test Set =================
+++++++++++ Find New Best Min ACC +++++++++++
The acc is 0.9167, 0.9028, 0.9201
Time Consumption for one epoch is 24.301903247833252s
======================================= Epoch 12 =======================================
================= Test Set =================
The acc is 0.9167, 0.9028, 0.9201
Time Consumption for one epoch is 26.094531059265137s
======================================= Epoch 13 =======================================
================= Test Set =================
The acc is 0.9167, 0.9028, 0.9201
Time Consumption for one epoch is 25.075577974319458s
======================================= Epoch 14 =======================================
================= Test Set =================
The acc is 0.9167, 0.9028, 0.9201
Time Consumption for one epoch is 26.82525324821472s
======================================= Epoch 15 =======================================
================= Test Set =================
The acc is 0.9167, 0.9028, 0.9201
Time Consumption for one epoch is 25.80209970474243s
======================================= Epoch 16 =======================================
================= Test Set =================
+++++++++++ Find New Best Min ACC +++++++++++
The acc is 0.9183, 0.9028, 0.9222
Time Consumption for one epoch is 26.07608413696289s
======================================= Epoch 17 =======================================
================= Test Set =================
+++++++++++ Find New Best Min ACC +++++++++++
The acc is 0.9189, 0.9000, 0.9236
Time Consumption for one epoch is 25.782175302505493s
======================================= Epoch 18 =======================================
================= Test Set =================
The acc is 0.9189, 0.9000, 0.9236
Time Consumption for one epoch is 26.085862159729004s
======================================= Epoch 19 =======================================
================= Test Set =================
+++++++++++ Find New Best Min ACC +++++++++++
The acc is 0.9206, 0.9056, 0.9243
Time Consumption for one epoch is 26.65489149093628s
The final acc is 0.9206, 0.9056, 0.9243
