Namespace(data_dir='/data/yihua/dataset/celeba/celeba.hdf5', result_dir='results', checkpoint=None, resume=False, domain_attrs='Male', target_attrs='Blond_Hair', exp_name=None, batch_size=512, lr=0.0001, wd=2e-05, epochs=20, seed=2020, num_workers=8, arch='resnet9', evaluate=False, gv=1.0, gr=0.5)
======================================= Epoch 0 =======================================
================= Test Set =================
+++++++++++ Find New Best Min ACC +++++++++++
The acc is 0.8317, 0.7889, 0.8424
Time Consumption for one epoch is 27.333788871765137s
======================================= Epoch 1 =======================================
================= Test Set =================
+++++++++++ Find New Best Min ACC +++++++++++
The acc is 0.8489, 0.7528, 0.8729
Time Consumption for one epoch is 25.541038036346436s
======================================= Epoch 2 =======================================
================= Test Set =================
+++++++++++ Find New Best Min ACC +++++++++++
The acc is 0.8944, 0.8500, 0.9056
Time Consumption for one epoch is 24.16137719154358s
======================================= Epoch 3 =======================================
================= Test Set =================
+++++++++++ Find New Best Min ACC +++++++++++
The acc is 0.8950, 0.8639, 0.9028
Time Consumption for one epoch is 25.239059686660767s
======================================= Epoch 4 =======================================
================= Test Set =================
The acc is 0.8950, 0.8639, 0.9028
Time Consumption for one epoch is 25.250847339630127s
======================================= Epoch 5 =======================================
================= Test Set =================
+++++++++++ Find New Best Min ACC +++++++++++
The acc is 0.8994, 0.8778, 0.9049
Time Consumption for one epoch is 25.69004726409912s
======================================= Epoch 6 =======================================
================= Test Set =================
The acc is 0.8994, 0.8778, 0.9049
Time Consumption for one epoch is 25.289268970489502s
======================================= Epoch 7 =======================================
================= Test Set =================
+++++++++++ Find New Best Min ACC +++++++++++
The acc is 0.9128, 0.8972, 0.9167
Time Consumption for one epoch is 24.28971290588379s
======================================= Epoch 8 =======================================
================= Test Set =================
The acc is 0.9128, 0.8972, 0.9167
Time Consumption for one epoch is 24.89976954460144s
======================================= Epoch 9 =======================================
================= Test Set =================
The acc is 0.9128, 0.8972, 0.9167
Time Consumption for one epoch is 24.14502739906311s
======================================= Epoch 10 =======================================
================= Test Set =================
The acc is 0.9128, 0.8972, 0.9167
Time Consumption for one epoch is 24.020683765411377s
======================================= Epoch 11 =======================================
================= Test Set =================
The acc is 0.9128, 0.8972, 0.9167
Time Consumption for one epoch is 25.278876781463623s
======================================= Epoch 12 =======================================
================= Test Set =================
The acc is 0.9128, 0.8972, 0.9167
Time Consumption for one epoch is 24.31779956817627s
======================================= Epoch 13 =======================================
================= Test Set =================
The acc is 0.9128, 0.8972, 0.9167
Time Consumption for one epoch is 24.412023067474365s
======================================= Epoch 14 =======================================
================= Test Set =================
The acc is 0.9128, 0.8972, 0.9167
Time Consumption for one epoch is 23.95948815345764s
======================================= Epoch 15 =======================================
================= Test Set =================
The acc is 0.9128, 0.8972, 0.9167
Time Consumption for one epoch is 25.895394802093506s
======================================= Epoch 16 =======================================
================= Test Set =================
+++++++++++ Find New Best Min ACC +++++++++++
The acc is 0.9139, 0.8889, 0.9201
Time Consumption for one epoch is 26.4914767742157s
======================================= Epoch 17 =======================================
================= Test Set =================
+++++++++++ Find New Best Min ACC +++++++++++
The acc is 0.9206, 0.8944, 0.9271
Time Consumption for one epoch is 26.28986144065857s
======================================= Epoch 18 =======================================
================= Test Set =================
The acc is 0.9206, 0.8944, 0.9271
Time Consumption for one epoch is 25.837480306625366s
======================================= Epoch 19 =======================================
================= Test Set =================
The acc is 0.9206, 0.8944, 0.9271
Time Consumption for one epoch is 26.777719974517822s
The final acc is 0.9206, 0.8944, 0.9271
