Namespace(data_dir='/data/yihua/dataset/celeba/celeba.hdf5', result_dir='results', checkpoint=None, resume=False, domain_attrs='Male', target_attrs='Heavy_Makeup', exp_name=None, batch_size=512, lr=0.0001, wd=2e-05, epochs=20, seed=2022, num_workers=8, arch='resnet9', evaluate=False, gv=10.0, gr=0.5)
======================================= Epoch 0 =======================================
================= Test Set =================
+++++++++++ Find New Best Min ACC +++++++++++
The acc is 0.5000, 0.5000, 0.5000
Time Consumption for one epoch is 10.474390506744385s
======================================= Epoch 1 =======================================
================= Test Set =================
The acc is 0.5000, 0.5000, 0.5000
Time Consumption for one epoch is 8.903069496154785s
======================================= Epoch 2 =======================================
================= Test Set =================
+++++++++++ Find New Best Min ACC +++++++++++
The acc is 0.5091, 0.4773, 0.5170
Time Consumption for one epoch is 9.522715330123901s
======================================= Epoch 3 =======================================
================= Test Set =================
+++++++++++ Find New Best Min ACC +++++++++++
The acc is 0.5682, 0.4318, 0.6023
Time Consumption for one epoch is 8.605042457580566s
======================================= Epoch 4 =======================================
================= Test Set =================
+++++++++++ Find New Best Min ACC +++++++++++
The acc is 0.5864, 0.5682, 0.5909
Time Consumption for one epoch is 9.70609974861145s
======================================= Epoch 5 =======================================
================= Test Set =================
+++++++++++ Find New Best Min ACC +++++++++++
The acc is 0.6000, 0.5227, 0.6193
Time Consumption for one epoch is 9.973047494888306s
======================================= Epoch 6 =======================================
================= Test Set =================
+++++++++++ Find New Best Min ACC +++++++++++
The acc is 0.6318, 0.5000, 0.6648
Time Consumption for one epoch is 8.963841199874878s
======================================= Epoch 7 =======================================
================= Test Set =================
The acc is 0.6318, 0.5000, 0.6648
Time Consumption for one epoch is 9.807618379592896s
======================================= Epoch 8 =======================================
================= Test Set =================
+++++++++++ Find New Best Min ACC +++++++++++
The acc is 0.6455, 0.5455, 0.6705
Time Consumption for one epoch is 8.195140838623047s
======================================= Epoch 9 =======================================
================= Test Set =================
+++++++++++ Find New Best Min ACC +++++++++++
The acc is 0.6500, 0.5682, 0.6705
Time Consumption for one epoch is 9.574746370315552s
======================================= Epoch 10 =======================================
================= Test Set =================
The acc is 0.6500, 0.5682, 0.6705
Time Consumption for one epoch is 10.262194633483887s
======================================= Epoch 11 =======================================
================= Test Set =================
The acc is 0.6500, 0.5682, 0.6705
Time Consumption for one epoch is 8.099916934967041s
======================================= Epoch 12 =======================================
================= Test Set =================
+++++++++++ Find New Best Min ACC +++++++++++
The acc is 0.6636, 0.6136, 0.6761
Time Consumption for one epoch is 9.465534687042236s
======================================= Epoch 13 =======================================
================= Test Set =================
The acc is 0.6636, 0.6136, 0.6761
Time Consumption for one epoch is 10.06877589225769s
======================================= Epoch 14 =======================================
================= Test Set =================
The acc is 0.6636, 0.6136, 0.6761
Time Consumption for one epoch is 8.111722946166992s
======================================= Epoch 15 =======================================
================= Test Set =================
+++++++++++ Find New Best Min ACC +++++++++++
The acc is 0.6727, 0.5682, 0.6989
Time Consumption for one epoch is 9.842811822891235s
======================================= Epoch 16 =======================================
================= Test Set =================
The acc is 0.6727, 0.5682, 0.6989
Time Consumption for one epoch is 9.497474193572998s
======================================= Epoch 17 =======================================
================= Test Set =================
The acc is 0.6727, 0.5682, 0.6989
Time Consumption for one epoch is 9.048179149627686s
======================================= Epoch 18 =======================================
================= Test Set =================
The acc is 0.6727, 0.5682, 0.6989
Time Consumption for one epoch is 10.954137325286865s
======================================= Epoch 19 =======================================
================= Test Set =================
The acc is 0.6727, 0.5682, 0.6989
Time Consumption for one epoch is 8.481036186218262s
The final acc is 0.6727, 0.5682, 0.6989
