Namespace(data_dir='/data/yihua/dataset/celeba/celeba.hdf5', result_dir='results', checkpoint=None, resume=False, domain_attrs='Male', target_attrs='Blond_Hair', exp_name=None, batch_size=512, lr=0.0001, wd=2e-05, epochs=20, seed=2021, num_workers=8, arch='resnet9', evaluate=False, gv=0.25, gr=0.1)
======================================= Epoch 0 =======================================
================= Test Set =================
+++++++++++ Find New Best Min ACC +++++++++++
The acc is 0.5578, 0.5417, 0.5618
Time Consumption for one epoch is 30.963184118270874s
======================================= Epoch 1 =======================================
================= Test Set =================
+++++++++++ Find New Best Min ACC +++++++++++
The acc is 0.8839, 0.8417, 0.8944
Time Consumption for one epoch is 27.212966918945312s
======================================= Epoch 2 =======================================
================= Test Set =================
+++++++++++ Find New Best Min ACC +++++++++++
The acc is 0.8917, 0.8611, 0.8993
Time Consumption for one epoch is 26.530766010284424s
======================================= Epoch 3 =======================================
================= Test Set =================
The acc is 0.8917, 0.8611, 0.8993
Time Consumption for one epoch is 25.388160705566406s
======================================= Epoch 4 =======================================
================= Test Set =================
+++++++++++ Find New Best Min ACC +++++++++++
The acc is 0.9022, 0.8889, 0.9056
Time Consumption for one epoch is 27.34028959274292s
======================================= Epoch 5 =======================================
================= Test Set =================
+++++++++++ Find New Best Min ACC +++++++++++
The acc is 0.9028, 0.8778, 0.9090
Time Consumption for one epoch is 26.688891410827637s
======================================= Epoch 6 =======================================
================= Test Set =================
The acc is 0.9028, 0.8778, 0.9090
Time Consumption for one epoch is 26.919742345809937s
======================================= Epoch 7 =======================================
================= Test Set =================
+++++++++++ Find New Best Min ACC +++++++++++
The acc is 0.9067, 0.8833, 0.9125
Time Consumption for one epoch is 26.298175811767578s
======================================= Epoch 8 =======================================
================= Test Set =================
The acc is 0.9067, 0.8833, 0.9125
Time Consumption for one epoch is 26.380274057388306s
======================================= Epoch 9 =======================================
================= Test Set =================
The acc is 0.9067, 0.8833, 0.9125
Time Consumption for one epoch is 27.32410979270935s
======================================= Epoch 10 =======================================
================= Test Set =================
The acc is 0.9067, 0.8833, 0.9125
Time Consumption for one epoch is 26.56607699394226s
======================================= Epoch 11 =======================================
================= Test Set =================
+++++++++++ Find New Best Min ACC +++++++++++
The acc is 0.9144, 0.9000, 0.9181
Time Consumption for one epoch is 26.46854305267334s
======================================= Epoch 12 =======================================
================= Test Set =================
The acc is 0.9144, 0.9000, 0.9181
Time Consumption for one epoch is 26.733160257339478s
======================================= Epoch 13 =======================================
================= Test Set =================
The acc is 0.9144, 0.9000, 0.9181
Time Consumption for one epoch is 26.790292263031006s
======================================= Epoch 14 =======================================
================= Test Set =================
+++++++++++ Find New Best Min ACC +++++++++++
The acc is 0.9156, 0.8861, 0.9229
Time Consumption for one epoch is 26.42822027206421s
======================================= Epoch 15 =======================================
================= Test Set =================
The acc is 0.9156, 0.8861, 0.9229
Time Consumption for one epoch is 26.21496295928955s
======================================= Epoch 16 =======================================
================= Test Set =================
+++++++++++ Find New Best Min ACC +++++++++++
The acc is 0.9228, 0.9028, 0.9278
Time Consumption for one epoch is 26.33745765686035s
======================================= Epoch 17 =======================================
================= Test Set =================
+++++++++++ Find New Best Min ACC +++++++++++
The acc is 0.9239, 0.9167, 0.9257
Time Consumption for one epoch is 26.845327138900757s
======================================= Epoch 18 =======================================
================= Test Set =================
The acc is 0.9239, 0.9167, 0.9257
Time Consumption for one epoch is 26.384966135025024s
======================================= Epoch 19 =======================================
================= Test Set =================
The acc is 0.9239, 0.9167, 0.9257
Time Consumption for one epoch is 25.423903226852417s
The final acc is 0.9239, 0.9167, 0.9257
