Namespace(data_dir='/data/yihua/dataset/celeba/celeba.hdf5', result_dir='results', checkpoint=None, resume=False, domain_attrs='Male', target_attrs='Blond_Hair', exp_name=None, batch_size=512, lr=0.0001, wd=2e-05, epochs=20, seed=2020, num_workers=8, arch='resnet9', evaluate=False, gv=0.25, gr=0.5)
======================================= Epoch 0 =======================================
================= Test Set =================
+++++++++++ Find New Best Min ACC +++++++++++
The acc is 0.7989, 0.7583, 0.8090
Time Consumption for one epoch is 31.81588363647461s
======================================= Epoch 1 =======================================
================= Test Set =================
+++++++++++ Find New Best Min ACC +++++++++++
The acc is 0.8683, 0.7944, 0.8868
Time Consumption for one epoch is 28.560518503189087s
======================================= Epoch 2 =======================================
================= Test Set =================
+++++++++++ Find New Best Min ACC +++++++++++
The acc is 0.8967, 0.8472, 0.9090
Time Consumption for one epoch is 28.177760124206543s
======================================= Epoch 3 =======================================
================= Test Set =================
The acc is 0.8967, 0.8472, 0.9090
Time Consumption for one epoch is 28.19057536125183s
======================================= Epoch 4 =======================================
================= Test Set =================
The acc is 0.8967, 0.8472, 0.9090
Time Consumption for one epoch is 29.149977922439575s
======================================= Epoch 5 =======================================
================= Test Set =================
The acc is 0.8967, 0.8472, 0.9090
Time Consumption for one epoch is 28.59600806236267s
======================================= Epoch 6 =======================================
================= Test Set =================
The acc is 0.8967, 0.8472, 0.9090
Time Consumption for one epoch is 28.730361461639404s
======================================= Epoch 7 =======================================
================= Test Set =================
+++++++++++ Find New Best Min ACC +++++++++++
The acc is 0.9122, 0.8833, 0.9194
Time Consumption for one epoch is 29.12133026123047s
======================================= Epoch 8 =======================================
================= Test Set =================
The acc is 0.9122, 0.8833, 0.9194
Time Consumption for one epoch is 27.840524911880493s
======================================= Epoch 9 =======================================
================= Test Set =================
The acc is 0.9122, 0.8833, 0.9194
Time Consumption for one epoch is 28.34672498703003s
======================================= Epoch 10 =======================================
================= Test Set =================
The acc is 0.9122, 0.8833, 0.9194
Time Consumption for one epoch is 27.39862298965454s
======================================= Epoch 11 =======================================
================= Test Set =================
The acc is 0.9122, 0.8833, 0.9194
Time Consumption for one epoch is 28.96892285346985s
======================================= Epoch 12 =======================================
================= Test Set =================
The acc is 0.9122, 0.8833, 0.9194
Time Consumption for one epoch is 28.919543743133545s
======================================= Epoch 13 =======================================
================= Test Set =================
The acc is 0.9122, 0.8833, 0.9194
Time Consumption for one epoch is 28.084535360336304s
======================================= Epoch 14 =======================================
================= Test Set =================
The acc is 0.9122, 0.8833, 0.9194
Time Consumption for one epoch is 27.966940879821777s
======================================= Epoch 15 =======================================
================= Test Set =================
The acc is 0.9122, 0.8833, 0.9194
Time Consumption for one epoch is 28.339998245239258s
======================================= Epoch 16 =======================================
================= Test Set =================
+++++++++++ Find New Best Min ACC +++++++++++
The acc is 0.9161, 0.8889, 0.9229
Time Consumption for one epoch is 29.400834798812866s
======================================= Epoch 17 =======================================
================= Test Set =================
+++++++++++ Find New Best Min ACC +++++++++++
The acc is 0.9189, 0.8944, 0.9250
Time Consumption for one epoch is 29.155884504318237s
======================================= Epoch 18 =======================================
================= Test Set =================
The acc is 0.9189, 0.8944, 0.9250
Time Consumption for one epoch is 28.925958395004272s
======================================= Epoch 19 =======================================
================= Test Set =================
+++++++++++ Find New Best Min ACC +++++++++++
The acc is 0.9200, 0.8972, 0.9257
Time Consumption for one epoch is 27.986656427383423s
The final acc is 0.9200, 0.8972, 0.9257
