Namespace(data_dir='/data/yihua/dataset/celeba/celeba.hdf5', result_dir='results', checkpoint=None, resume=False, domain_attrs='Male', target_attrs='Heavy_Makeup', exp_name=None, batch_size=512, lr=0.0001, wd=2e-05, epochs=20, seed=2021, num_workers=8, arch='resnet9', evaluate=False, gv=1e-05, gr=0.3)
======================================= Epoch 0 =======================================
================= Test Set =================
+++++++++++ Find New Best Min ACC +++++++++++
The acc is 0.5000, 0.5000, 0.5000
Time Consumption for one epoch is 9.487260818481445s
======================================= Epoch 1 =======================================
================= Test Set =================
The acc is 0.5000, 0.5000, 0.5000
Time Consumption for one epoch is 8.043830156326294s
======================================= Epoch 2 =======================================
================= Test Set =================
+++++++++++ Find New Best Min ACC +++++++++++
The acc is 0.5045, 0.5227, 0.5000
Time Consumption for one epoch is 9.453614711761475s
======================================= Epoch 3 =======================================
================= Test Set =================
The acc is 0.5045, 0.5227, 0.5000
Time Consumption for one epoch is 8.36662244796753s
======================================= Epoch 4 =======================================
================= Test Set =================
The acc is 0.5045, 0.5227, 0.5000
Time Consumption for one epoch is 9.618159770965576s
======================================= Epoch 5 =======================================
================= Test Set =================
The acc is 0.5045, 0.5227, 0.5000
Time Consumption for one epoch is 8.924665212631226s
======================================= Epoch 6 =======================================
================= Test Set =================
The acc is 0.5045, 0.5227, 0.5000
Time Consumption for one epoch is 9.60366940498352s
======================================= Epoch 7 =======================================
================= Test Set =================
The acc is 0.5045, 0.5227, 0.5000
Time Consumption for one epoch is 7.757104873657227s
======================================= Epoch 8 =======================================
================= Test Set =================
+++++++++++ Find New Best Min ACC +++++++++++
The acc is 0.5091, 0.5000, 0.5114
Time Consumption for one epoch is 9.469659805297852s
======================================= Epoch 9 =======================================
================= Test Set =================
+++++++++++ Find New Best Min ACC +++++++++++
The acc is 0.5273, 0.4773, 0.5398
Time Consumption for one epoch is 9.245237112045288s
======================================= Epoch 10 =======================================
================= Test Set =================
+++++++++++ Find New Best Min ACC +++++++++++
The acc is 0.6773, 0.5909, 0.6989
Time Consumption for one epoch is 8.540889739990234s
======================================= Epoch 11 =======================================
================= Test Set =================
The acc is 0.6773, 0.5909, 0.6989
Time Consumption for one epoch is 9.982771873474121s
======================================= Epoch 12 =======================================
================= Test Set =================
The acc is 0.6773, 0.5909, 0.6989
Time Consumption for one epoch is 8.959066152572632s
======================================= Epoch 13 =======================================
================= Test Set =================
The acc is 0.6773, 0.5909, 0.6989
Time Consumption for one epoch is 7.831820487976074s
======================================= Epoch 14 =======================================
================= Test Set =================
+++++++++++ Find New Best Min ACC +++++++++++
The acc is 0.7273, 0.7273, 0.7273
Time Consumption for one epoch is 9.458394765853882s
======================================= Epoch 15 =======================================
================= Test Set =================
The acc is 0.7273, 0.7273, 0.7273
Time Consumption for one epoch is 9.194636106491089s
======================================= Epoch 16 =======================================
================= Test Set =================
The acc is 0.7273, 0.7273, 0.7273
Time Consumption for one epoch is 8.959086418151855s
======================================= Epoch 17 =======================================
================= Test Set =================
The acc is 0.7273, 0.7273, 0.7273
Time Consumption for one epoch is 8.877432346343994s
======================================= Epoch 18 =======================================
================= Test Set =================
The acc is 0.7273, 0.7273, 0.7273
Time Consumption for one epoch is 8.473984956741333s
======================================= Epoch 19 =======================================
================= Test Set =================
The acc is 0.7273, 0.7273, 0.7273
Time Consumption for one epoch is 8.628000974655151s
The final acc is 0.7273, 0.7273, 0.7273
