Namespace(data_dir='/data/yihua/dataset/celeba/celeba.hdf5', result_dir='rotation_study', checkpoint=None, resume=False, domain_attrs='Male', target_attrs='Blond_Hair', exp_name=None, batch_size=512, lr=0.0001, wd=2e-05, epochs=20, seed=2020, num_workers=8, arch='resnet9', evaluate=False, total_num=5000, test_num=1000, gv=90.0, gr=0.3, minor_ratio=0.2, add_aug='rotation')
======================================= Epoch 0 =======================================
================= Test Set =================
+++++++++++ Find New Best Min ACC +++++++++++
The acc is 0.4624, 0.4186, 0.5000
Time Consumption for one epoch is 16.420963525772095s
======================================= Epoch 1 =======================================
================= Test Set =================
+++++++++++ Find New Best Min ACC +++++++++++
The acc is 0.5226, 0.4558, 0.5800
Time Consumption for one epoch is 15.047614812850952s
======================================= Epoch 2 =======================================
================= Test Set =================
+++++++++++ Find New Best Min ACC +++++++++++
The acc is 0.7839, 0.7698, 0.7960
Time Consumption for one epoch is 14.568213939666748s
======================================= Epoch 3 =======================================
================= Test Set =================
+++++++++++ Find New Best Min ACC +++++++++++
The acc is 0.8247, 0.7977, 0.8480
Time Consumption for one epoch is 14.34678864479065s
======================================= Epoch 4 =======================================
================= Test Set =================
+++++++++++ Find New Best Min ACC +++++++++++
The acc is 0.8527, 0.8326, 0.8700
Time Consumption for one epoch is 14.636196613311768s
======================================= Epoch 5 =======================================
================= Test Set =================
+++++++++++ Find New Best Min ACC +++++++++++
The acc is 0.8677, 0.8372, 0.8940
Time Consumption for one epoch is 15.378790855407715s
======================================= Epoch 6 =======================================
================= Test Set =================
+++++++++++ Find New Best Min ACC +++++++++++
The acc is 0.8763, 0.8744, 0.8780
Time Consumption for one epoch is 14.429037094116211s
======================================= Epoch 7 =======================================
================= Test Set =================
The acc is 0.8763, 0.8744, 0.8780
Time Consumption for one epoch is 14.724486112594604s
======================================= Epoch 8 =======================================
================= Test Set =================
The acc is 0.8763, 0.8744, 0.8780
Time Consumption for one epoch is 15.024855136871338s
======================================= Epoch 9 =======================================
================= Test Set =================
The acc is 0.8763, 0.8744, 0.8780
Time Consumption for one epoch is 14.592034578323364s
======================================= Epoch 10 =======================================
================= Test Set =================
+++++++++++ Find New Best Min ACC +++++++++++
The acc is 0.8796, 0.8628, 0.8940
Time Consumption for one epoch is 14.613044261932373s
======================================= Epoch 11 =======================================
================= Test Set =================
+++++++++++ Find New Best Min ACC +++++++++++
The acc is 0.8892, 0.8791, 0.8980
Time Consumption for one epoch is 14.228883028030396s
======================================= Epoch 12 =======================================
================= Test Set =================
The acc is 0.8892, 0.8791, 0.8980
Time Consumption for one epoch is 14.442432165145874s
======================================= Epoch 13 =======================================
================= Test Set =================
The acc is 0.8892, 0.8791, 0.8980
Time Consumption for one epoch is 14.02065396308899s
======================================= Epoch 14 =======================================
================= Test Set =================
+++++++++++ Find New Best Min ACC +++++++++++
The acc is 0.8935, 0.8791, 0.9060
Time Consumption for one epoch is 14.71649169921875s
======================================= Epoch 15 =======================================
================= Test Set =================
+++++++++++ Find New Best Min ACC +++++++++++
The acc is 0.8946, 0.8814, 0.9060
Time Consumption for one epoch is 14.135657787322998s
======================================= Epoch 16 =======================================
================= Test Set =================
+++++++++++ Find New Best Min ACC +++++++++++
The acc is 0.9011, 0.8860, 0.9140
Time Consumption for one epoch is 14.537618398666382s
======================================= Epoch 17 =======================================
================= Test Set =================
The acc is 0.9011, 0.8860, 0.9140
Time Consumption for one epoch is 14.374932765960693s
======================================= Epoch 18 =======================================
================= Test Set =================
The acc is 0.9011, 0.8860, 0.9140
Time Consumption for one epoch is 14.776147842407227s
======================================= Epoch 19 =======================================
================= Test Set =================
The acc is 0.9011, 0.8860, 0.9140
Time Consumption for one epoch is 15.039957046508789s
The final acc is 0.9011, 0.8860, 0.9140
