Namespace(data_dir='/data/yihua/dataset/celeba/celeba.hdf5', result_dir='results', checkpoint=None, resume=False, domain_attrs='Male', target_attrs='Blond_Hair', exp_name=None, batch_size=512, lr=0.0001, wd=2e-05, epochs=20, seed=2022, num_workers=8, arch='resnet9', evaluate=False, gv=0.3, gr=0.5)
======================================= Epoch 0 =======================================
================= Test Set =================
+++++++++++ Find New Best Min ACC +++++++++++
The acc is 0.7272, 0.6417, 0.7486
Time Consumption for one epoch is 31.493592977523804s
======================================= Epoch 1 =======================================
================= Test Set =================
+++++++++++ Find New Best Min ACC +++++++++++
The acc is 0.8856, 0.8306, 0.8993
Time Consumption for one epoch is 29.082499027252197s
======================================= Epoch 2 =======================================
================= Test Set =================
+++++++++++ Find New Best Min ACC +++++++++++
The acc is 0.8883, 0.8472, 0.8986
Time Consumption for one epoch is 29.225682020187378s
======================================= Epoch 3 =======================================
================= Test Set =================
+++++++++++ Find New Best Min ACC +++++++++++
The acc is 0.8989, 0.8750, 0.9049
Time Consumption for one epoch is 29.65114402770996s
======================================= Epoch 4 =======================================
================= Test Set =================
+++++++++++ Find New Best Min ACC +++++++++++
The acc is 0.8994, 0.8889, 0.9021
Time Consumption for one epoch is 28.382673978805542s
======================================= Epoch 5 =======================================
================= Test Set =================
+++++++++++ Find New Best Min ACC +++++++++++
The acc is 0.9061, 0.8750, 0.9139
Time Consumption for one epoch is 29.628693103790283s
======================================= Epoch 6 =======================================
================= Test Set =================
+++++++++++ Find New Best Min ACC +++++++++++
The acc is 0.9094, 0.8806, 0.9167
Time Consumption for one epoch is 28.82398271560669s
======================================= Epoch 7 =======================================
================= Test Set =================
The acc is 0.9094, 0.8806, 0.9167
Time Consumption for one epoch is 27.710328102111816s
======================================= Epoch 8 =======================================
================= Test Set =================
The acc is 0.9094, 0.8806, 0.9167
Time Consumption for one epoch is 28.389888286590576s
======================================= Epoch 9 =======================================
================= Test Set =================
+++++++++++ Find New Best Min ACC +++++++++++
The acc is 0.9100, 0.8889, 0.9153
Time Consumption for one epoch is 29.897555828094482s
======================================= Epoch 10 =======================================
================= Test Set =================
The acc is 0.9100, 0.8889, 0.9153
Time Consumption for one epoch is 30.07093048095703s
======================================= Epoch 11 =======================================
================= Test Set =================
+++++++++++ Find New Best Min ACC +++++++++++
The acc is 0.9167, 0.9167, 0.9167
Time Consumption for one epoch is 28.906384706497192s
======================================= Epoch 12 =======================================
================= Test Set =================
+++++++++++ Find New Best Min ACC +++++++++++
The acc is 0.9178, 0.8944, 0.9236
Time Consumption for one epoch is 29.21680474281311s
======================================= Epoch 13 =======================================
================= Test Set =================
+++++++++++ Find New Best Min ACC +++++++++++
The acc is 0.9189, 0.9111, 0.9208
Time Consumption for one epoch is 28.894184589385986s
======================================= Epoch 14 =======================================
================= Test Set =================
The acc is 0.9189, 0.9111, 0.9208
Time Consumption for one epoch is 28.915144205093384s
======================================= Epoch 15 =======================================
================= Test Set =================
The acc is 0.9189, 0.9111, 0.9208
Time Consumption for one epoch is 29.030678510665894s
======================================= Epoch 16 =======================================
================= Test Set =================
The acc is 0.9189, 0.9111, 0.9208
Time Consumption for one epoch is 28.3160080909729s
======================================= Epoch 17 =======================================
================= Test Set =================
The acc is 0.9189, 0.9111, 0.9208
Time Consumption for one epoch is 29.197579860687256s
======================================= Epoch 18 =======================================
================= Test Set =================
The acc is 0.9189, 0.9111, 0.9208
Time Consumption for one epoch is 28.2867648601532s
======================================= Epoch 19 =======================================
================= Test Set =================
The acc is 0.9189, 0.9111, 0.9208
Time Consumption for one epoch is 30.223517894744873s
The final acc is 0.9189, 0.9111, 0.9208
