Namespace(data_dir='/data/yihua/dataset/celeba/celeba.hdf5', result_dir='rotation_study', checkpoint=None, resume=False, domain_attrs='Male', target_attrs='Blond_Hair', exp_name=None, batch_size=512, lr=0.0001, wd=2e-05, epochs=20, seed=2021, num_workers=8, arch='resnet9', evaluate=False, total_num=5000, test_num=1000, gv=150.0, gr=0.5, minor_ratio=0.2, add_aug='rotation')
======================================= Epoch 0 =======================================
================= Test Set =================
+++++++++++ Find New Best Min ACC +++++++++++
The acc is 0.4624, 0.4186, 0.5000
Time Consumption for one epoch is 16.683263063430786s
======================================= Epoch 1 =======================================
================= Test Set =================
The acc is 0.4624, 0.4186, 0.5000
Time Consumption for one epoch is 14.612492561340332s
======================================= Epoch 2 =======================================
================= Test Set =================
+++++++++++ Find New Best Min ACC +++++++++++
The acc is 0.6667, 0.6395, 0.6900
Time Consumption for one epoch is 15.1111741065979s
======================================= Epoch 3 =======================================
================= Test Set =================
The acc is 0.6667, 0.6395, 0.6900
Time Consumption for one epoch is 14.681745529174805s
======================================= Epoch 4 =======================================
================= Test Set =================
+++++++++++ Find New Best Min ACC +++++++++++
The acc is 0.8387, 0.8233, 0.8520
Time Consumption for one epoch is 15.10683298110962s
======================================= Epoch 5 =======================================
================= Test Set =================
+++++++++++ Find New Best Min ACC +++++++++++
The acc is 0.8613, 0.8279, 0.8900
Time Consumption for one epoch is 14.348189115524292s
======================================= Epoch 6 =======================================
================= Test Set =================
The acc is 0.8613, 0.8279, 0.8900
Time Consumption for one epoch is 14.411292791366577s
======================================= Epoch 7 =======================================
================= Test Set =================
+++++++++++ Find New Best Min ACC +++++++++++
The acc is 0.8624, 0.8349, 0.8860
Time Consumption for one epoch is 14.957061767578125s
======================================= Epoch 8 =======================================
================= Test Set =================
+++++++++++ Find New Best Min ACC +++++++++++
The acc is 0.8667, 0.8442, 0.8860
Time Consumption for one epoch is 14.551064729690552s
======================================= Epoch 9 =======================================
================= Test Set =================
The acc is 0.8667, 0.8442, 0.8860
Time Consumption for one epoch is 14.434943675994873s
======================================= Epoch 10 =======================================
================= Test Set =================
+++++++++++ Find New Best Min ACC +++++++++++
The acc is 0.8914, 0.8744, 0.9060
Time Consumption for one epoch is 15.27699875831604s
======================================= Epoch 11 =======================================
================= Test Set =================
The acc is 0.8914, 0.8744, 0.9060
Time Consumption for one epoch is 15.232086658477783s
======================================= Epoch 12 =======================================
================= Test Set =================
The acc is 0.8914, 0.8744, 0.9060
Time Consumption for one epoch is 14.734376430511475s
======================================= Epoch 13 =======================================
================= Test Set =================
The acc is 0.8914, 0.8744, 0.9060
Time Consumption for one epoch is 14.865750074386597s
======================================= Epoch 14 =======================================
================= Test Set =================
+++++++++++ Find New Best Min ACC +++++++++++
The acc is 0.8968, 0.8884, 0.9040
Time Consumption for one epoch is 14.729421615600586s
======================================= Epoch 15 =======================================
================= Test Set =================
The acc is 0.8968, 0.8884, 0.9040
Time Consumption for one epoch is 14.674623012542725s
======================================= Epoch 16 =======================================
================= Test Set =================
The acc is 0.8968, 0.8884, 0.9040
Time Consumption for one epoch is 14.094352960586548s
======================================= Epoch 17 =======================================
================= Test Set =================
The acc is 0.8968, 0.8884, 0.9040
Time Consumption for one epoch is 14.409449577331543s
======================================= Epoch 18 =======================================
================= Test Set =================
The acc is 0.8968, 0.8884, 0.9040
Time Consumption for one epoch is 14.658927202224731s
======================================= Epoch 19 =======================================
================= Test Set =================
The acc is 0.8968, 0.8884, 0.9040
Time Consumption for one epoch is 15.000011682510376s
The final acc is 0.8968, 0.8884, 0.9040
