Namespace(data_dir='/data/yihua/dataset/celeba/celeba.hdf5', result_dir='results', checkpoint=None, resume=False, domain_attrs='Male', target_attrs='Heavy_Makeup', exp_name=None, batch_size=512, lr=0.0001, wd=2e-05, epochs=20, seed=2020, num_workers=8, arch='resnet9', evaluate=False, gv=0.1, gr=0.1)
======================================= Epoch 0 =======================================
================= Test Set =================
+++++++++++ Find New Best Min ACC +++++++++++
The acc is 0.5000, 0.5000, 0.5000
Time Consumption for one epoch is 8.505551099777222s
======================================= Epoch 1 =======================================
================= Test Set =================
The acc is 0.5000, 0.5000, 0.5000
Time Consumption for one epoch is 7.64799165725708s
======================================= Epoch 2 =======================================
================= Test Set =================
The acc is 0.5000, 0.5000, 0.5000
Time Consumption for one epoch is 9.092840909957886s
======================================= Epoch 3 =======================================
================= Test Set =================
The acc is 0.5000, 0.5000, 0.5000
Time Consumption for one epoch is 7.6516358852386475s
======================================= Epoch 4 =======================================
================= Test Set =================
The acc is 0.5000, 0.5000, 0.5000
Time Consumption for one epoch is 7.124351263046265s
======================================= Epoch 5 =======================================
================= Test Set =================
+++++++++++ Find New Best Min ACC +++++++++++
The acc is 0.5136, 0.5227, 0.5114
Time Consumption for one epoch is 9.877869844436646s
======================================= Epoch 6 =======================================
================= Test Set =================
+++++++++++ Find New Best Min ACC +++++++++++
The acc is 0.5273, 0.5000, 0.5341
Time Consumption for one epoch is 9.894922971725464s
======================================= Epoch 7 =======================================
================= Test Set =================
+++++++++++ Find New Best Min ACC +++++++++++
The acc is 0.5818, 0.4773, 0.6080
Time Consumption for one epoch is 8.338902711868286s
======================================= Epoch 8 =======================================
================= Test Set =================
The acc is 0.5818, 0.4773, 0.6080
Time Consumption for one epoch is 9.125249862670898s
======================================= Epoch 9 =======================================
================= Test Set =================
+++++++++++ Find New Best Min ACC +++++++++++
The acc is 0.5955, 0.5000, 0.6193
Time Consumption for one epoch is 8.315215349197388s
======================================= Epoch 10 =======================================
================= Test Set =================
+++++++++++ Find New Best Min ACC +++++++++++
The acc is 0.6045, 0.5000, 0.6307
Time Consumption for one epoch is 9.070035219192505s
======================================= Epoch 11 =======================================
================= Test Set =================
+++++++++++ Find New Best Min ACC +++++++++++
The acc is 0.6318, 0.4773, 0.6705
Time Consumption for one epoch is 8.967748641967773s
======================================= Epoch 12 =======================================
================= Test Set =================
The acc is 0.6318, 0.4773, 0.6705
Time Consumption for one epoch is 7.787532091140747s
======================================= Epoch 13 =======================================
================= Test Set =================
The acc is 0.6318, 0.4773, 0.6705
Time Consumption for one epoch is 8.622522115707397s
======================================= Epoch 14 =======================================
================= Test Set =================
+++++++++++ Find New Best Min ACC +++++++++++
The acc is 0.6409, 0.5682, 0.6591
Time Consumption for one epoch is 9.155601263046265s
======================================= Epoch 15 =======================================
================= Test Set =================
+++++++++++ Find New Best Min ACC +++++++++++
The acc is 0.6591, 0.6364, 0.6648
Time Consumption for one epoch is 7.2525224685668945s
======================================= Epoch 16 =======================================
================= Test Set =================
The acc is 0.6591, 0.6364, 0.6648
Time Consumption for one epoch is 8.689393758773804s
======================================= Epoch 17 =======================================
================= Test Set =================
+++++++++++ Find New Best Min ACC +++++++++++
The acc is 0.6636, 0.6364, 0.6705
Time Consumption for one epoch is 8.833077430725098s
======================================= Epoch 18 =======================================
================= Test Set =================
The acc is 0.6636, 0.6364, 0.6705
Time Consumption for one epoch is 8.830102443695068s
======================================= Epoch 19 =======================================
================= Test Set =================
The acc is 0.6636, 0.6364, 0.6705
Time Consumption for one epoch is 8.925163745880127s
The final acc is 0.6636, 0.6364, 0.6705
