Namespace(data_dir='/data/yihua/dataset/celeba/celeba.hdf5', result_dir='results', checkpoint=None, resume=False, domain_attrs='Male', target_attrs='Blond_Hair', exp_name=None, batch_size=512, lr=0.0001, wd=2e-05, epochs=20, seed=2022, num_workers=8, arch='resnet18', evaluate=False, gv=10.0, gr=0.5)
======================================= Epoch 0 =======================================
================= Test Set =================
+++++++++++ Find New Best Min ACC +++++++++++
The acc is 0.6700, 0.6361, 0.6785
Time Consumption for one epoch is 46.649736642837524s
======================================= Epoch 1 =======================================
================= Test Set =================
+++++++++++ Find New Best Min ACC +++++++++++
The acc is 0.8844, 0.8444, 0.8944
Time Consumption for one epoch is 45.03559422492981s
======================================= Epoch 2 =======================================
================= Test Set =================
+++++++++++ Find New Best Min ACC +++++++++++
The acc is 0.8856, 0.8667, 0.8903
Time Consumption for one epoch is 46.07552433013916s
======================================= Epoch 3 =======================================
================= Test Set =================
+++++++++++ Find New Best Min ACC +++++++++++
The acc is 0.8983, 0.8583, 0.9083
Time Consumption for one epoch is 45.63338494300842s
======================================= Epoch 4 =======================================
================= Test Set =================
The acc is 0.8983, 0.8583, 0.9083
Time Consumption for one epoch is 43.49224233627319s
======================================= Epoch 5 =======================================
================= Test Set =================
The acc is 0.8983, 0.8583, 0.9083
Time Consumption for one epoch is 44.50627875328064s
======================================= Epoch 6 =======================================
================= Test Set =================
The acc is 0.8983, 0.8583, 0.9083
Time Consumption for one epoch is 43.44959735870361s
======================================= Epoch 7 =======================================
================= Test Set =================
+++++++++++ Find New Best Min ACC +++++++++++
The acc is 0.9067, 0.8806, 0.9132
Time Consumption for one epoch is 44.84233379364014s
======================================= Epoch 8 =======================================
================= Test Set =================
+++++++++++ Find New Best Min ACC +++++++++++
The acc is 0.9089, 0.8861, 0.9146
Time Consumption for one epoch is 46.39094090461731s
======================================= Epoch 9 =======================================
================= Test Set =================
+++++++++++ Find New Best Min ACC +++++++++++
The acc is 0.9122, 0.8861, 0.9187
Time Consumption for one epoch is 44.41446495056152s
======================================= Epoch 10 =======================================
================= Test Set =================
The acc is 0.9122, 0.8861, 0.9187
Time Consumption for one epoch is 45.083991289138794s
======================================= Epoch 11 =======================================
================= Test Set =================
The acc is 0.9122, 0.8861, 0.9187
Time Consumption for one epoch is 43.59649872779846s
======================================= Epoch 12 =======================================
================= Test Set =================
The acc is 0.9122, 0.8861, 0.9187
Time Consumption for one epoch is 43.1834237575531s
======================================= Epoch 13 =======================================
================= Test Set =================
The acc is 0.9122, 0.8861, 0.9187
Time Consumption for one epoch is 44.77253246307373s
======================================= Epoch 14 =======================================
================= Test Set =================
The acc is 0.9122, 0.8861, 0.9187
Time Consumption for one epoch is 45.097962856292725s
======================================= Epoch 15 =======================================
================= Test Set =================
The acc is 0.9122, 0.8861, 0.9187
Time Consumption for one epoch is 43.92299675941467s
======================================= Epoch 16 =======================================
================= Test Set =================
+++++++++++ Find New Best Min ACC +++++++++++
The acc is 0.9211, 0.9083, 0.9243
Time Consumption for one epoch is 44.17639946937561s
======================================= Epoch 17 =======================================
================= Test Set =================
+++++++++++ Find New Best Min ACC +++++++++++
The acc is 0.9250, 0.9194, 0.9264
Time Consumption for one epoch is 43.98383569717407s
======================================= Epoch 18 =======================================
================= Test Set =================
The acc is 0.9250, 0.9194, 0.9264
Time Consumption for one epoch is 44.29499578475952s
======================================= Epoch 19 =======================================
================= Test Set =================
+++++++++++ Find New Best Min ACC +++++++++++
The acc is 0.9261, 0.9167, 0.9285
Time Consumption for one epoch is 45.876221895217896s
The final acc is 0.9261, 0.9167, 0.9285
