Namespace(data_dir='/data/yihua/dataset/celeba/celeba.hdf5', result_dir='results', checkpoint=None, resume=False, domain_attrs='Male', target_attrs='High_Cheekbones', exp_name=None, batch_size=512, lr=0.0001, wd=2e-05, epochs=20, seed=2022, num_workers=8, arch='resnet9', evaluate=False, gv=0.35, gr=0.5)
======================================= Epoch 0 =======================================
================= Test Set =================
+++++++++++ Find New Best Min ACC +++++++++++
The acc is 0.8471, 0.8015, 0.8585
Time Consumption for one epoch is 142.9010946750641s
======================================= Epoch 1 =======================================
================= Test Set =================
The acc is 0.8471, 0.8015, 0.8585
Time Consumption for one epoch is 143.57764410972595s
======================================= Epoch 2 =======================================
================= Test Set =================
+++++++++++ Find New Best Min ACC +++++++++++
The acc is 0.8519, 0.8067, 0.8632
Time Consumption for one epoch is 142.95818448066711s
======================================= Epoch 3 =======================================
================= Test Set =================
+++++++++++ Find New Best Min ACC +++++++++++
The acc is 0.8652, 0.8212, 0.8762
Time Consumption for one epoch is 143.33258366584778s
======================================= Epoch 4 =======================================
================= Test Set =================
The acc is 0.8652, 0.8212, 0.8762
Time Consumption for one epoch is 142.9110209941864s
======================================= Epoch 5 =======================================
================= Test Set =================
+++++++++++ Find New Best Min ACC +++++++++++
The acc is 0.8682, 0.8228, 0.8795
Time Consumption for one epoch is 144.24718809127808s
======================================= Epoch 6 =======================================
================= Test Set =================
+++++++++++ Find New Best Min ACC +++++++++++
The acc is 0.8733, 0.8272, 0.8848
Time Consumption for one epoch is 144.2295753955841s
======================================= Epoch 7 =======================================
================= Test Set =================
The acc is 0.8733, 0.8272, 0.8848
Time Consumption for one epoch is 143.26632738113403s
======================================= Epoch 8 =======================================
================= Test Set =================
The acc is 0.8733, 0.8272, 0.8848
Time Consumption for one epoch is 144.13620328903198s
======================================= Epoch 9 =======================================
================= Test Set =================
The acc is 0.8733, 0.8272, 0.8848
Time Consumption for one epoch is 142.6427674293518s
======================================= Epoch 10 =======================================
================= Test Set =================
+++++++++++ Find New Best Min ACC +++++++++++
The acc is 0.8743, 0.8332, 0.8845
Time Consumption for one epoch is 144.1702823638916s
======================================= Epoch 11 =======================================
================= Test Set =================
The acc is 0.8743, 0.8332, 0.8845
Time Consumption for one epoch is 142.87057542800903s
======================================= Epoch 12 =======================================
================= Test Set =================
The acc is 0.8743, 0.8332, 0.8845
Time Consumption for one epoch is 144.69756770133972s
======================================= Epoch 13 =======================================
================= Test Set =================
+++++++++++ Find New Best Min ACC +++++++++++
The acc is 0.8747, 0.8336, 0.8849
Time Consumption for one epoch is 142.31039309501648s
======================================= Epoch 14 =======================================
================= Test Set =================
The acc is 0.8747, 0.8336, 0.8849
Time Consumption for one epoch is 142.96620535850525s
======================================= Epoch 15 =======================================
================= Test Set =================
The acc is 0.8747, 0.8336, 0.8849
Time Consumption for one epoch is 143.05226182937622s
======================================= Epoch 16 =======================================
================= Test Set =================
+++++++++++ Find New Best Min ACC +++++++++++
The acc is 0.8811, 0.8360, 0.8924
Time Consumption for one epoch is 143.70433902740479s
======================================= Epoch 17 =======================================
================= Test Set =================
The acc is 0.8811, 0.8360, 0.8924
Time Consumption for one epoch is 144.96006560325623s
======================================= Epoch 18 =======================================
================= Test Set =================
The acc is 0.8811, 0.8360, 0.8924
Time Consumption for one epoch is 143.81646990776062s
======================================= Epoch 19 =======================================
================= Test Set =================
The acc is 0.8811, 0.8360, 0.8924
Time Consumption for one epoch is 141.80943489074707s
The final acc is 0.8811, 0.8360, 0.8924
