Namespace(data_dir='/data/yihua/dataset/celeba/celeba.hdf5', result_dir='results', checkpoint=None, resume=False, domain_attrs='Male', target_attrs='Blond_Hair', exp_name=None, batch_size=512, lr=0.0001, wd=2e-05, epochs=20, seed=2021, num_workers=8, arch='resnet18', evaluate=False, gv=0.01, gr=0.3)
======================================= Epoch 0 =======================================
================= Test Set =================
+++++++++++ Find New Best Min ACC +++++++++++
The acc is 0.5000, 0.5000, 0.5000
Time Consumption for one epoch is 45.357598066329956s
======================================= Epoch 1 =======================================
================= Test Set =================
+++++++++++ Find New Best Min ACC +++++++++++
The acc is 0.8272, 0.7500, 0.8465
Time Consumption for one epoch is 43.01132917404175s
======================================= Epoch 2 =======================================
================= Test Set =================
+++++++++++ Find New Best Min ACC +++++++++++
The acc is 0.8889, 0.8389, 0.9014
Time Consumption for one epoch is 42.963454246520996s
======================================= Epoch 3 =======================================
================= Test Set =================
The acc is 0.8889, 0.8389, 0.9014
Time Consumption for one epoch is 41.28467273712158s
======================================= Epoch 4 =======================================
================= Test Set =================
+++++++++++ Find New Best Min ACC +++++++++++
The acc is 0.8961, 0.8667, 0.9035
Time Consumption for one epoch is 42.17649435997009s
======================================= Epoch 5 =======================================
================= Test Set =================
The acc is 0.8961, 0.8667, 0.9035
Time Consumption for one epoch is 41.432721853256226s
======================================= Epoch 6 =======================================
================= Test Set =================
The acc is 0.8961, 0.8667, 0.9035
Time Consumption for one epoch is 42.11806797981262s
======================================= Epoch 7 =======================================
================= Test Set =================
The acc is 0.8961, 0.8667, 0.9035
Time Consumption for one epoch is 42.55876016616821s
======================================= Epoch 8 =======================================
================= Test Set =================
The acc is 0.8961, 0.8667, 0.9035
Time Consumption for one epoch is 41.92119526863098s
======================================= Epoch 9 =======================================
================= Test Set =================
+++++++++++ Find New Best Min ACC +++++++++++
The acc is 0.9006, 0.8778, 0.9062
Time Consumption for one epoch is 42.99322009086609s
======================================= Epoch 10 =======================================
================= Test Set =================
+++++++++++ Find New Best Min ACC +++++++++++
The acc is 0.9117, 0.8889, 0.9174
Time Consumption for one epoch is 44.653735876083374s
======================================= Epoch 11 =======================================
================= Test Set =================
The acc is 0.9117, 0.8889, 0.9174
Time Consumption for one epoch is 42.96027588844299s
======================================= Epoch 12 =======================================
================= Test Set =================
The acc is 0.9117, 0.8889, 0.9174
Time Consumption for one epoch is 42.84769606590271s
======================================= Epoch 13 =======================================
================= Test Set =================
The acc is 0.9117, 0.8889, 0.9174
Time Consumption for one epoch is 41.885621309280396s
======================================= Epoch 14 =======================================
================= Test Set =================
The acc is 0.9117, 0.8889, 0.9174
Time Consumption for one epoch is 43.36821174621582s
======================================= Epoch 15 =======================================
================= Test Set =================
The acc is 0.9117, 0.8889, 0.9174
Time Consumption for one epoch is 42.22551417350769s
======================================= Epoch 16 =======================================
================= Test Set =================
The acc is 0.9117, 0.8889, 0.9174
Time Consumption for one epoch is 42.896878242492676s
======================================= Epoch 17 =======================================
================= Test Set =================
The acc is 0.9117, 0.8889, 0.9174
Time Consumption for one epoch is 42.76667022705078s
======================================= Epoch 18 =======================================
================= Test Set =================
The acc is 0.9117, 0.8889, 0.9174
Time Consumption for one epoch is 42.60850119590759s
======================================= Epoch 19 =======================================
================= Test Set =================
The acc is 0.9117, 0.8889, 0.9174
Time Consumption for one epoch is 43.033735275268555s
The final acc is 0.9117, 0.8889, 0.9174
