Namespace(data_dir='/data/yihua/dataset/celeba/celeba.hdf5', result_dir='results', checkpoint=None, resume=False, domain_attrs='Male', target_attrs='High_Cheekbones', exp_name=None, batch_size=512, lr=0.0001, wd=2e-05, epochs=20, seed=42, num_workers=8, arch='resnet18', evaluate=False, gv=0.3, gr=0.5)
======================================= Epoch 0 =======================================
================= Test Set =================
+++++++++++ Find New Best Min ACC +++++++++++
The acc is 0.8449, 0.7995, 0.8563
Time Consumption for one epoch is 280.46483421325684s
======================================= Epoch 1 =======================================
================= Test Set =================
+++++++++++ Find New Best Min ACC +++++++++++
The acc is 0.8596, 0.8156, 0.8706
Time Consumption for one epoch is 278.2509527206421s
======================================= Epoch 2 =======================================
================= Test Set =================
The acc is 0.8596, 0.8156, 0.8706
Time Consumption for one epoch is 277.878093957901s
======================================= Epoch 3 =======================================
================= Test Set =================
+++++++++++ Find New Best Min ACC +++++++++++
The acc is 0.8707, 0.8272, 0.8815
Time Consumption for one epoch is 277.8157138824463s
======================================= Epoch 4 =======================================
================= Test Set =================
The acc is 0.8707, 0.8272, 0.8815
Time Consumption for one epoch is 277.1041188240051s
======================================= Epoch 5 =======================================
================= Test Set =================
The acc is 0.8707, 0.8272, 0.8815
Time Consumption for one epoch is 277.14805936813354s
======================================= Epoch 6 =======================================
================= Test Set =================
The acc is 0.8707, 0.8272, 0.8815
Time Consumption for one epoch is 277.6323781013489s
======================================= Epoch 7 =======================================
================= Test Set =================
The acc is 0.8707, 0.8272, 0.8815
Time Consumption for one epoch is 278.5801639556885s
======================================= Epoch 8 =======================================
================= Test Set =================
+++++++++++ Find New Best Min ACC +++++++++++
The acc is 0.8736, 0.8288, 0.8847
Time Consumption for one epoch is 277.66380977630615s
======================================= Epoch 9 =======================================
================= Test Set =================
+++++++++++ Find New Best Min ACC +++++++++++
The acc is 0.8744, 0.8292, 0.8857
Time Consumption for one epoch is 278.87356543540955s
======================================= Epoch 10 =======================================
================= Test Set =================
The acc is 0.8744, 0.8292, 0.8857
Time Consumption for one epoch is 278.2272479534149s
======================================= Epoch 11 =======================================
================= Test Set =================
The acc is 0.8744, 0.8292, 0.8857
Time Consumption for one epoch is 277.4214861392975s
======================================= Epoch 12 =======================================
================= Test Set =================
+++++++++++ Find New Best Min ACC +++++++++++
The acc is 0.8783, 0.8396, 0.8880
Time Consumption for one epoch is 279.4328646659851s
======================================= Epoch 13 =======================================
================= Test Set =================
The acc is 0.8783, 0.8396, 0.8880
Time Consumption for one epoch is 275.9013171195984s
======================================= Epoch 14 =======================================
================= Test Set =================
The acc is 0.8783, 0.8396, 0.8880
Time Consumption for one epoch is 277.05608081817627s
======================================= Epoch 15 =======================================
================= Test Set =================
The acc is 0.8783, 0.8396, 0.8880
Time Consumption for one epoch is 278.30201506614685s
======================================= Epoch 16 =======================================
================= Test Set =================
The acc is 0.8783, 0.8396, 0.8880
Time Consumption for one epoch is 278.9206049442291s
======================================= Epoch 17 =======================================
================= Test Set =================
The acc is 0.8783, 0.8396, 0.8880
Time Consumption for one epoch is 277.4479193687439s
======================================= Epoch 18 =======================================
================= Test Set =================
The acc is 0.8783, 0.8396, 0.8880
Time Consumption for one epoch is 277.8996551036835s
======================================= Epoch 19 =======================================
================= Test Set =================
The acc is 0.8783, 0.8396, 0.8880
Time Consumption for one epoch is 277.56840991973877s
The final acc is 0.8783, 0.8396, 0.8880
