Namespace(data_dir='/data/yihua/dataset/celeba/celeba.hdf5', result_dir='results', checkpoint=None, resume=False, domain_attrs='Male', target_attrs='Blond_Hair', exp_name=None, batch_size=512, lr=0.0001, wd=2e-05, epochs=20, seed=2022, num_workers=8, arch='resnet9', evaluate=False, gv=0.01, gr=0.1)
======================================= Epoch 0 =======================================
================= Test Set =================
+++++++++++ Find New Best Min ACC +++++++++++
The acc is 0.6506, 0.6083, 0.6611
Time Consumption for one epoch is 27.704612016677856s
======================================= Epoch 1 =======================================
================= Test Set =================
+++++++++++ Find New Best Min ACC +++++++++++
The acc is 0.8367, 0.7639, 0.8549
Time Consumption for one epoch is 24.976013660430908s
======================================= Epoch 2 =======================================
================= Test Set =================
+++++++++++ Find New Best Min ACC +++++++++++
The acc is 0.8833, 0.8306, 0.8965
Time Consumption for one epoch is 24.079087257385254s
======================================= Epoch 3 =======================================
================= Test Set =================
+++++++++++ Find New Best Min ACC +++++++++++
The acc is 0.8983, 0.8583, 0.9083
Time Consumption for one epoch is 24.522814512252808s
======================================= Epoch 4 =======================================
================= Test Set =================
+++++++++++ Find New Best Min ACC +++++++++++
The acc is 0.9050, 0.8528, 0.9181
Time Consumption for one epoch is 24.57826256752014s
======================================= Epoch 5 =======================================
================= Test Set =================
The acc is 0.9050, 0.8528, 0.9181
Time Consumption for one epoch is 23.5123233795166s
======================================= Epoch 6 =======================================
================= Test Set =================
The acc is 0.9050, 0.8528, 0.9181
Time Consumption for one epoch is 25.020265102386475s
======================================= Epoch 7 =======================================
================= Test Set =================
The acc is 0.9050, 0.8528, 0.9181
Time Consumption for one epoch is 25.03298783302307s
======================================= Epoch 8 =======================================
================= Test Set =================
The acc is 0.9050, 0.8528, 0.9181
Time Consumption for one epoch is 23.835383415222168s
======================================= Epoch 9 =======================================
================= Test Set =================
+++++++++++ Find New Best Min ACC +++++++++++
The acc is 0.9078, 0.8806, 0.9146
Time Consumption for one epoch is 24.998078107833862s
======================================= Epoch 10 =======================================
================= Test Set =================
+++++++++++ Find New Best Min ACC +++++++++++
The acc is 0.9122, 0.8778, 0.9208
Time Consumption for one epoch is 24.514247179031372s
======================================= Epoch 11 =======================================
================= Test Set =================
+++++++++++ Find New Best Min ACC +++++++++++
The acc is 0.9150, 0.8639, 0.9278
Time Consumption for one epoch is 23.955760717391968s
======================================= Epoch 12 =======================================
================= Test Set =================
The acc is 0.9150, 0.8639, 0.9278
Time Consumption for one epoch is 23.463890314102173s
======================================= Epoch 13 =======================================
================= Test Set =================
The acc is 0.9150, 0.8639, 0.9278
Time Consumption for one epoch is 24.302372455596924s
======================================= Epoch 14 =======================================
================= Test Set =================
The acc is 0.9150, 0.8639, 0.9278
Time Consumption for one epoch is 24.936106204986572s
======================================= Epoch 15 =======================================
================= Test Set =================
The acc is 0.9150, 0.8639, 0.9278
Time Consumption for one epoch is 24.107096672058105s
======================================= Epoch 16 =======================================
================= Test Set =================
+++++++++++ Find New Best Min ACC +++++++++++
The acc is 0.9189, 0.8944, 0.9250
Time Consumption for one epoch is 24.895504236221313s
======================================= Epoch 17 =======================================
================= Test Set =================
+++++++++++ Find New Best Min ACC +++++++++++
The acc is 0.9206, 0.9056, 0.9243
Time Consumption for one epoch is 24.03182601928711s
======================================= Epoch 18 =======================================
================= Test Set =================
The acc is 0.9206, 0.9056, 0.9243
Time Consumption for one epoch is 24.864794492721558s
======================================= Epoch 19 =======================================
================= Test Set =================
The acc is 0.9206, 0.9056, 0.9243
Time Consumption for one epoch is 23.706440925598145s
The final acc is 0.9206, 0.9056, 0.9243
