Namespace(data_dir='/data/yihua/dataset/celeba/celeba.hdf5', result_dir='rotation_study', checkpoint=None, resume=False, domain_attrs='Male', target_attrs='Blond_Hair', exp_name=None, batch_size=512, lr=0.0001, wd=2e-05, epochs=20, seed=2022, num_workers=8, arch='resnet9', evaluate=False, total_num=5000, test_num=1000, gv=150.0, gr=0.3, minor_ratio=0.2, add_aug='rotation')
======================================= Epoch 0 =======================================
================= Test Set =================
+++++++++++ Find New Best Min ACC +++++++++++
The acc is 0.4624, 0.4186, 0.5000
Time Consumption for one epoch is 16.602728366851807s
======================================= Epoch 1 =======================================
================= Test Set =================
The acc is 0.4624, 0.4186, 0.5000
Time Consumption for one epoch is 14.769097328186035s
======================================= Epoch 2 =======================================
================= Test Set =================
+++++++++++ Find New Best Min ACC +++++++++++
The acc is 0.4935, 0.4372, 0.5420
Time Consumption for one epoch is 14.979885578155518s
======================================= Epoch 3 =======================================
================= Test Set =================
+++++++++++ Find New Best Min ACC +++++++++++
The acc is 0.7161, 0.6581, 0.7660
Time Consumption for one epoch is 14.870801210403442s
======================================= Epoch 4 =======================================
================= Test Set =================
+++++++++++ Find New Best Min ACC +++++++++++
The acc is 0.7935, 0.7558, 0.8260
Time Consumption for one epoch is 14.503952026367188s
======================================= Epoch 5 =======================================
================= Test Set =================
+++++++++++ Find New Best Min ACC +++++++++++
The acc is 0.8613, 0.8419, 0.8780
Time Consumption for one epoch is 14.5772123336792s
======================================= Epoch 6 =======================================
================= Test Set =================
+++++++++++ Find New Best Min ACC +++++++++++
The acc is 0.8624, 0.8372, 0.8840
Time Consumption for one epoch is 14.745540142059326s
======================================= Epoch 7 =======================================
================= Test Set =================
+++++++++++ Find New Best Min ACC +++++++++++
The acc is 0.8806, 0.8535, 0.9040
Time Consumption for one epoch is 15.031523942947388s
======================================= Epoch 8 =======================================
================= Test Set =================
The acc is 0.8806, 0.8535, 0.9040
Time Consumption for one epoch is 14.692281723022461s
======================================= Epoch 9 =======================================
================= Test Set =================
+++++++++++ Find New Best Min ACC +++++++++++
The acc is 0.8871, 0.8674, 0.9040
Time Consumption for one epoch is 14.367794513702393s
======================================= Epoch 10 =======================================
================= Test Set =================
The acc is 0.8871, 0.8674, 0.9040
Time Consumption for one epoch is 14.570397138595581s
======================================= Epoch 11 =======================================
================= Test Set =================
The acc is 0.8871, 0.8674, 0.9040
Time Consumption for one epoch is 14.779690980911255s
======================================= Epoch 12 =======================================
================= Test Set =================
The acc is 0.8871, 0.8674, 0.9040
Time Consumption for one epoch is 14.979126453399658s
======================================= Epoch 13 =======================================
================= Test Set =================
The acc is 0.8871, 0.8674, 0.9040
Time Consumption for one epoch is 14.63236665725708s
======================================= Epoch 14 =======================================
================= Test Set =================
+++++++++++ Find New Best Min ACC +++++++++++
The acc is 0.8914, 0.8767, 0.9040
Time Consumption for one epoch is 14.786312818527222s
======================================= Epoch 15 =======================================
================= Test Set =================
The acc is 0.8914, 0.8767, 0.9040
Time Consumption for one epoch is 14.765549898147583s
======================================= Epoch 16 =======================================
================= Test Set =================
The acc is 0.8914, 0.8767, 0.9040
Time Consumption for one epoch is 14.305065393447876s
======================================= Epoch 17 =======================================
================= Test Set =================
+++++++++++ Find New Best Min ACC +++++++++++
The acc is 0.8968, 0.8837, 0.9080
Time Consumption for one epoch is 14.756913185119629s
======================================= Epoch 18 =======================================
================= Test Set =================
+++++++++++ Find New Best Min ACC +++++++++++
The acc is 0.9000, 0.8860, 0.9120
Time Consumption for one epoch is 14.63036847114563s
======================================= Epoch 19 =======================================
================= Test Set =================
The acc is 0.9000, 0.8860, 0.9120
Time Consumption for one epoch is 14.146915435791016s
The final acc is 0.9000, 0.8860, 0.9120
