Namespace(data_dir='/data/yihua/dataset/celeba/celeba.hdf5', result_dir='crop_study', checkpoint=None, resume=False, domain_attrs='Male', target_attrs='Blond_Hair', exp_name=None, batch_size=512, lr=0.0001, wd=2e-05, epochs=20, seed=2022, num_workers=8, arch='resnet9', evaluate=False, total_num=5000, test_num=1000, gv=160.0, gr=0.5, minor_ratio=0.2, add_aug='crop')
======================================= Epoch 0 =======================================
================= Test Set =================
+++++++++++ Find New Best Min ACC +++++++++++
The acc is 0.4624, 0.4186, 0.5000
Time Consumption for one epoch is 16.361860513687134s
======================================= Epoch 1 =======================================
================= Test Set =================
The acc is 0.4624, 0.4186, 0.5000
Time Consumption for one epoch is 14.644381523132324s
======================================= Epoch 2 =======================================
================= Test Set =================
+++++++++++ Find New Best Min ACC +++++++++++
The acc is 0.5376, 0.4581, 0.6060
Time Consumption for one epoch is 14.660729169845581s
======================================= Epoch 3 =======================================
================= Test Set =================
+++++++++++ Find New Best Min ACC +++++++++++
The acc is 0.7473, 0.6977, 0.7900
Time Consumption for one epoch is 14.959013938903809s
======================================= Epoch 4 =======================================
================= Test Set =================
+++++++++++ Find New Best Min ACC +++++++++++
The acc is 0.8581, 0.8349, 0.8780
Time Consumption for one epoch is 14.82339334487915s
======================================= Epoch 5 =======================================
================= Test Set =================
+++++++++++ Find New Best Min ACC +++++++++++
The acc is 0.8624, 0.8465, 0.8760
Time Consumption for one epoch is 14.291046380996704s
======================================= Epoch 6 =======================================
================= Test Set =================
+++++++++++ Find New Best Min ACC +++++++++++
The acc is 0.8839, 0.8674, 0.8980
Time Consumption for one epoch is 14.499910116195679s
======================================= Epoch 7 =======================================
================= Test Set =================
The acc is 0.8839, 0.8674, 0.8980
Time Consumption for one epoch is 14.613072872161865s
======================================= Epoch 8 =======================================
================= Test Set =================
The acc is 0.8839, 0.8674, 0.8980
Time Consumption for one epoch is 14.391033172607422s
======================================= Epoch 9 =======================================
================= Test Set =================
The acc is 0.8839, 0.8674, 0.8980
Time Consumption for one epoch is 14.164358854293823s
======================================= Epoch 10 =======================================
================= Test Set =================
The acc is 0.8839, 0.8674, 0.8980
Time Consumption for one epoch is 14.791507959365845s
======================================= Epoch 11 =======================================
================= Test Set =================
+++++++++++ Find New Best Min ACC +++++++++++
The acc is 0.8925, 0.8837, 0.9000
Time Consumption for one epoch is 15.187541246414185s
======================================= Epoch 12 =======================================
================= Test Set =================
The acc is 0.8925, 0.8837, 0.9000
Time Consumption for one epoch is 14.689174890518188s
======================================= Epoch 13 =======================================
================= Test Set =================
The acc is 0.8925, 0.8837, 0.9000
Time Consumption for one epoch is 14.098923683166504s
======================================= Epoch 14 =======================================
================= Test Set =================
The acc is 0.8925, 0.8837, 0.9000
Time Consumption for one epoch is 14.474410057067871s
======================================= Epoch 15 =======================================
================= Test Set =================
The acc is 0.8925, 0.8837, 0.9000
Time Consumption for one epoch is 14.748722791671753s
======================================= Epoch 16 =======================================
================= Test Set =================
The acc is 0.8925, 0.8837, 0.9000
Time Consumption for one epoch is 14.763885021209717s
======================================= Epoch 17 =======================================
================= Test Set =================
+++++++++++ Find New Best Min ACC +++++++++++
The acc is 0.8978, 0.8907, 0.9040
Time Consumption for one epoch is 14.652251720428467s
======================================= Epoch 18 =======================================
================= Test Set =================
+++++++++++ Find New Best Min ACC +++++++++++
The acc is 0.9022, 0.8907, 0.9120
Time Consumption for one epoch is 14.937233448028564s
======================================= Epoch 19 =======================================
================= Test Set =================
The acc is 0.9022, 0.8907, 0.9120
Time Consumption for one epoch is 14.183715581893921s
The final acc is 0.9022, 0.8907, 0.9120
