Namespace(data_dir='/data/yihua/dataset/celeba/celeba.hdf5', result_dir='results', checkpoint=None, resume=False, domain_attrs='Male', target_attrs='High_Cheekbones', exp_name=None, batch_size=512, lr=0.0001, wd=2e-05, epochs=20, seed=2022, num_workers=8, arch='resnet9', evaluate=False, gv=0.35, gr=0.1)
======================================= Epoch 0 =======================================
================= Test Set =================
+++++++++++ Find New Best Min ACC +++++++++++
The acc is 0.8084, 0.7867, 0.8138
Time Consumption for one epoch is 132.05116605758667s
======================================= Epoch 1 =======================================
================= Test Set =================
+++++++++++ Find New Best Min ACC +++++++++++
The acc is 0.8422, 0.7919, 0.8548
Time Consumption for one epoch is 130.0900776386261s
======================================= Epoch 2 =======================================
================= Test Set =================
+++++++++++ Find New Best Min ACC +++++++++++
The acc is 0.8524, 0.8144, 0.8619
Time Consumption for one epoch is 130.68609404563904s
======================================= Epoch 3 =======================================
================= Test Set =================
The acc is 0.8524, 0.8144, 0.8619
Time Consumption for one epoch is 129.22427988052368s
======================================= Epoch 4 =======================================
================= Test Set =================
+++++++++++ Find New Best Min ACC +++++++++++
The acc is 0.8546, 0.8156, 0.8644
Time Consumption for one epoch is 129.98533272743225s
======================================= Epoch 5 =======================================
================= Test Set =================
+++++++++++ Find New Best Min ACC +++++++++++
The acc is 0.8666, 0.8288, 0.8760
Time Consumption for one epoch is 129.66406893730164s
======================================= Epoch 6 =======================================
================= Test Set =================
The acc is 0.8666, 0.8288, 0.8760
Time Consumption for one epoch is 130.7025589942932s
======================================= Epoch 7 =======================================
================= Test Set =================
+++++++++++ Find New Best Min ACC +++++++++++
The acc is 0.8727, 0.8260, 0.8843
Time Consumption for one epoch is 129.78712677955627s
======================================= Epoch 8 =======================================
================= Test Set =================
The acc is 0.8727, 0.8260, 0.8843
Time Consumption for one epoch is 130.0402090549469s
======================================= Epoch 9 =======================================
================= Test Set =================
The acc is 0.8727, 0.8260, 0.8843
Time Consumption for one epoch is 128.2325563430786s
======================================= Epoch 10 =======================================
================= Test Set =================
+++++++++++ Find New Best Min ACC +++++++++++
The acc is 0.8750, 0.8300, 0.8862
Time Consumption for one epoch is 128.40414810180664s
======================================= Epoch 11 =======================================
================= Test Set =================
The acc is 0.8750, 0.8300, 0.8862
Time Consumption for one epoch is 128.82907557487488s
======================================= Epoch 12 =======================================
================= Test Set =================
The acc is 0.8750, 0.8300, 0.8862
Time Consumption for one epoch is 129.96538710594177s
======================================= Epoch 13 =======================================
================= Test Set =================
The acc is 0.8750, 0.8300, 0.8862
Time Consumption for one epoch is 128.9686517715454s
======================================= Epoch 14 =======================================
================= Test Set =================
The acc is 0.8750, 0.8300, 0.8862
Time Consumption for one epoch is 130.09848880767822s
======================================= Epoch 15 =======================================
================= Test Set =================
The acc is 0.8750, 0.8300, 0.8862
Time Consumption for one epoch is 129.63711643218994s
======================================= Epoch 16 =======================================
================= Test Set =================
+++++++++++ Find New Best Min ACC +++++++++++
The acc is 0.8796, 0.8380, 0.8900
Time Consumption for one epoch is 131.09812593460083s
======================================= Epoch 17 =======================================
================= Test Set =================
+++++++++++ Find New Best Min ACC +++++++++++
The acc is 0.8803, 0.8404, 0.8903
Time Consumption for one epoch is 129.8242757320404s
======================================= Epoch 18 =======================================
================= Test Set =================
The acc is 0.8803, 0.8404, 0.8903
Time Consumption for one epoch is 130.36560440063477s
======================================= Epoch 19 =======================================
================= Test Set =================
+++++++++++ Find New Best Min ACC +++++++++++
The acc is 0.8813, 0.8396, 0.8918
Time Consumption for one epoch is 129.6008849143982s
The final acc is 0.8813, 0.8396, 0.8918
