Namespace(data_dir='/data/yihua/dataset/celeba/celeba.hdf5', result_dir='results', checkpoint=None, resume=False, domain_attrs='Male', target_attrs='Blond_Hair', exp_name=None, batch_size=512, lr=0.0001, wd=2e-05, epochs=20, seed=2020, num_workers=8, arch='resnet9', evaluate=False, gv=0.4, gr=0.3)
======================================= Epoch 0 =======================================
================= Test Set =================
+++++++++++ Find New Best Min ACC +++++++++++
The acc is 0.7706, 0.7222, 0.7826
Time Consumption for one epoch is 27.404470205307007s
======================================= Epoch 1 =======================================
================= Test Set =================
+++++++++++ Find New Best Min ACC +++++++++++
The acc is 0.8739, 0.8306, 0.8847
Time Consumption for one epoch is 24.932393074035645s
======================================= Epoch 2 =======================================
================= Test Set =================
+++++++++++ Find New Best Min ACC +++++++++++
The acc is 0.8967, 0.8333, 0.9125
Time Consumption for one epoch is 25.53159189224243s
======================================= Epoch 3 =======================================
================= Test Set =================
The acc is 0.8967, 0.8333, 0.9125
Time Consumption for one epoch is 25.801433563232422s
======================================= Epoch 4 =======================================
================= Test Set =================
The acc is 0.8967, 0.8333, 0.9125
Time Consumption for one epoch is 24.466450691223145s
======================================= Epoch 5 =======================================
================= Test Set =================
The acc is 0.8967, 0.8333, 0.9125
Time Consumption for one epoch is 24.971108436584473s
======================================= Epoch 6 =======================================
================= Test Set =================
+++++++++++ Find New Best Min ACC +++++++++++
The acc is 0.9106, 0.8778, 0.9187
Time Consumption for one epoch is 24.917659044265747s
======================================= Epoch 7 =======================================
================= Test Set =================
The acc is 0.9106, 0.8778, 0.9187
Time Consumption for one epoch is 24.483761072158813s
======================================= Epoch 8 =======================================
================= Test Set =================
The acc is 0.9106, 0.8778, 0.9187
Time Consumption for one epoch is 22.733048677444458s
======================================= Epoch 9 =======================================
================= Test Set =================
The acc is 0.9106, 0.8778, 0.9187
Time Consumption for one epoch is 24.45615315437317s
======================================= Epoch 10 =======================================
================= Test Set =================
+++++++++++ Find New Best Min ACC +++++++++++
The acc is 0.9150, 0.8917, 0.9208
Time Consumption for one epoch is 25.238547563552856s
======================================= Epoch 11 =======================================
================= Test Set =================
The acc is 0.9150, 0.8917, 0.9208
Time Consumption for one epoch is 24.21665120124817s
======================================= Epoch 12 =======================================
================= Test Set =================
The acc is 0.9150, 0.8917, 0.9208
Time Consumption for one epoch is 23.506834268569946s
======================================= Epoch 13 =======================================
================= Test Set =================
The acc is 0.9150, 0.8917, 0.9208
Time Consumption for one epoch is 24.800239086151123s
======================================= Epoch 14 =======================================
================= Test Set =================
The acc is 0.9150, 0.8917, 0.9208
Time Consumption for one epoch is 25.114004850387573s
======================================= Epoch 15 =======================================
================= Test Set =================
The acc is 0.9150, 0.8917, 0.9208
Time Consumption for one epoch is 25.389689445495605s
======================================= Epoch 16 =======================================
================= Test Set =================
+++++++++++ Find New Best Min ACC +++++++++++
The acc is 0.9178, 0.8972, 0.9229
Time Consumption for one epoch is 24.092150688171387s
======================================= Epoch 17 =======================================
================= Test Set =================
+++++++++++ Find New Best Min ACC +++++++++++
The acc is 0.9206, 0.9028, 0.9250
Time Consumption for one epoch is 24.42845606803894s
======================================= Epoch 18 =======================================
================= Test Set =================
The acc is 0.9206, 0.9028, 0.9250
Time Consumption for one epoch is 23.256491899490356s
======================================= Epoch 19 =======================================
================= Test Set =================
The acc is 0.9206, 0.9028, 0.9250
Time Consumption for one epoch is 25.504873275756836s
The final acc is 0.9206, 0.9028, 0.9250
