Namespace(data_dir='/data/yihua/dataset/celeba/celeba.hdf5', result_dir='rotation_study', checkpoint=None, resume=False, domain_attrs='Male', target_attrs='Blond_Hair', exp_name=None, batch_size=512, lr=0.0001, wd=2e-05, epochs=20, seed=2020, num_workers=8, arch='resnet9', evaluate=False, total_num=5000, test_num=1000, gv=90.0, gr=0.1, minor_ratio=0.2, add_aug='rotation')
======================================= Epoch 0 =======================================
================= Test Set =================
+++++++++++ Find New Best Min ACC +++++++++++
The acc is 0.4624, 0.4186, 0.5000
Time Consumption for one epoch is 16.31383728981018s
======================================= Epoch 1 =======================================
================= Test Set =================
The acc is 0.4624, 0.4186, 0.5000
Time Consumption for one epoch is 13.623203039169312s
======================================= Epoch 2 =======================================
================= Test Set =================
+++++++++++ Find New Best Min ACC +++++++++++
The acc is 0.6258, 0.6140, 0.6360
Time Consumption for one epoch is 13.851960182189941s
======================================= Epoch 3 =======================================
================= Test Set =================
+++++++++++ Find New Best Min ACC +++++++++++
The acc is 0.7194, 0.7140, 0.7240
Time Consumption for one epoch is 14.669569492340088s
======================================= Epoch 4 =======================================
================= Test Set =================
+++++++++++ Find New Best Min ACC +++++++++++
The acc is 0.8516, 0.8279, 0.8720
Time Consumption for one epoch is 14.40021800994873s
======================================= Epoch 5 =======================================
================= Test Set =================
+++++++++++ Find New Best Min ACC +++++++++++
The acc is 0.8753, 0.8488, 0.8980
Time Consumption for one epoch is 13.783913373947144s
======================================= Epoch 6 =======================================
================= Test Set =================
+++++++++++ Find New Best Min ACC +++++++++++
The acc is 0.8785, 0.8581, 0.8960
Time Consumption for one epoch is 13.833685398101807s
======================================= Epoch 7 =======================================
================= Test Set =================
The acc is 0.8785, 0.8581, 0.8960
Time Consumption for one epoch is 13.386059761047363s
======================================= Epoch 8 =======================================
================= Test Set =================
The acc is 0.8785, 0.8581, 0.8960
Time Consumption for one epoch is 14.350780487060547s
======================================= Epoch 9 =======================================
================= Test Set =================
The acc is 0.8785, 0.8581, 0.8960
Time Consumption for one epoch is 13.738280534744263s
======================================= Epoch 10 =======================================
================= Test Set =================
+++++++++++ Find New Best Min ACC +++++++++++
The acc is 0.8871, 0.8651, 0.9060
Time Consumption for one epoch is 14.14474368095398s
======================================= Epoch 11 =======================================
================= Test Set =================
+++++++++++ Find New Best Min ACC +++++++++++
The acc is 0.9000, 0.8814, 0.9160
Time Consumption for one epoch is 14.292643785476685s
======================================= Epoch 12 =======================================
================= Test Set =================
The acc is 0.9000, 0.8814, 0.9160
Time Consumption for one epoch is 14.416489362716675s
======================================= Epoch 13 =======================================
================= Test Set =================
The acc is 0.9000, 0.8814, 0.9160
Time Consumption for one epoch is 14.41498589515686s
======================================= Epoch 14 =======================================
================= Test Set =================
The acc is 0.9000, 0.8814, 0.9160
Time Consumption for one epoch is 13.58361530303955s
======================================= Epoch 15 =======================================
================= Test Set =================
The acc is 0.9000, 0.8814, 0.9160
Time Consumption for one epoch is 13.494819164276123s
======================================= Epoch 16 =======================================
================= Test Set =================
The acc is 0.9000, 0.8814, 0.9160
Time Consumption for one epoch is 13.792811155319214s
======================================= Epoch 17 =======================================
================= Test Set =================
The acc is 0.9000, 0.8814, 0.9160
Time Consumption for one epoch is 14.514192581176758s
======================================= Epoch 18 =======================================
================= Test Set =================
The acc is 0.9000, 0.8814, 0.9160
Time Consumption for one epoch is 13.711273431777954s
======================================= Epoch 19 =======================================
================= Test Set =================
The acc is 0.9000, 0.8814, 0.9160
Time Consumption for one epoch is 14.61718201637268s
The final acc is 0.9000, 0.8814, 0.9160
