Namespace(data_dir='/data/yihua/dataset/celeba/celeba.hdf5', result_dir='crop_study', checkpoint=None, resume=False, domain_attrs='Male', target_attrs='Blond_Hair', exp_name=None, batch_size=512, lr=0.0001, wd=2e-05, epochs=20, seed=2020, num_workers=8, arch='resnet18', evaluate=False, total_num=5000, test_num=1000, gv=140.0, gr=0.5, minor_ratio=0.2, add_aug='crop')
======================================= Epoch 0 =======================================
================= Test Set =================
+++++++++++ Find New Best Min ACC +++++++++++
The acc is 0.4624, 0.4186, 0.5000
Time Consumption for one epoch is 24.88091802597046s
======================================= Epoch 1 =======================================
================= Test Set =================
+++++++++++ Find New Best Min ACC +++++++++++
The acc is 0.5484, 0.4977, 0.5920
Time Consumption for one epoch is 21.908687829971313s
======================================= Epoch 2 =======================================
================= Test Set =================
+++++++++++ Find New Best Min ACC +++++++++++
The acc is 0.7108, 0.6837, 0.7340
Time Consumption for one epoch is 20.241384744644165s
======================================= Epoch 3 =======================================
================= Test Set =================
The acc is 0.7108, 0.6837, 0.7340
Time Consumption for one epoch is 22.36555552482605s
======================================= Epoch 4 =======================================
================= Test Set =================
The acc is 0.7108, 0.6837, 0.7340
Time Consumption for one epoch is 21.68953037261963s
======================================= Epoch 5 =======================================
================= Test Set =================
+++++++++++ Find New Best Min ACC +++++++++++
The acc is 0.8097, 0.7884, 0.8280
Time Consumption for one epoch is 21.056482315063477s
======================================= Epoch 6 =======================================
================= Test Set =================
+++++++++++ Find New Best Min ACC +++++++++++
The acc is 0.8731, 0.8488, 0.8940
Time Consumption for one epoch is 21.588647603988647s
======================================= Epoch 7 =======================================
================= Test Set =================
+++++++++++ Find New Best Min ACC +++++++++++
The acc is 0.8796, 0.8512, 0.9040
Time Consumption for one epoch is 22.184439182281494s
======================================= Epoch 8 =======================================
================= Test Set =================
The acc is 0.8796, 0.8512, 0.9040
Time Consumption for one epoch is 22.212164878845215s
======================================= Epoch 9 =======================================
================= Test Set =================
+++++++++++ Find New Best Min ACC +++++++++++
The acc is 0.8892, 0.8721, 0.9040
Time Consumption for one epoch is 22.7731351852417s
======================================= Epoch 10 =======================================
================= Test Set =================
The acc is 0.8892, 0.8721, 0.9040
Time Consumption for one epoch is 20.02779269218445s
======================================= Epoch 11 =======================================
================= Test Set =================
+++++++++++ Find New Best Min ACC +++++++++++
The acc is 0.8925, 0.8744, 0.9080
Time Consumption for one epoch is 22.66983389854431s
======================================= Epoch 12 =======================================
================= Test Set =================
The acc is 0.8925, 0.8744, 0.9080
Time Consumption for one epoch is 20.890571355819702s
======================================= Epoch 13 =======================================
================= Test Set =================
The acc is 0.8925, 0.8744, 0.9080
Time Consumption for one epoch is 22.542560577392578s
======================================= Epoch 14 =======================================
================= Test Set =================
+++++++++++ Find New Best Min ACC +++++++++++
The acc is 0.9000, 0.8907, 0.9080
Time Consumption for one epoch is 21.94980502128601s
======================================= Epoch 15 =======================================
================= Test Set =================
The acc is 0.9000, 0.8907, 0.9080
Time Consumption for one epoch is 20.04790234565735s
======================================= Epoch 16 =======================================
================= Test Set =================
The acc is 0.9000, 0.8907, 0.9080
Time Consumption for one epoch is 21.387876510620117s
======================================= Epoch 17 =======================================
================= Test Set =================
The acc is 0.9000, 0.8907, 0.9080
Time Consumption for one epoch is 22.362088680267334s
======================================= Epoch 18 =======================================
================= Test Set =================
The acc is 0.9000, 0.8907, 0.9080
Time Consumption for one epoch is 22.483093976974487s
======================================= Epoch 19 =======================================
================= Test Set =================
The acc is 0.9000, 0.8907, 0.9080
Time Consumption for one epoch is 20.897879123687744s
The final acc is 0.9000, 0.8907, 0.9080
