Namespace(data_dir='/data/yihua/dataset/celeba/celeba.hdf5', result_dir='rotation_study', checkpoint=None, resume=False, domain_attrs='Male', target_attrs='Blond_Hair', exp_name=None, batch_size=512, lr=0.0001, wd=2e-05, epochs=20, seed=2020, num_workers=8, arch='resnet9', evaluate=False, total_num=5000, test_num=1000, gv=60.0, gr=0.3, minor_ratio=0.2, add_aug='rotation')
======================================= Epoch 0 =======================================
================= Test Set =================
+++++++++++ Find New Best Min ACC +++++++++++
The acc is 0.4624, 0.4186, 0.5000
Time Consumption for one epoch is 16.20151400566101s
======================================= Epoch 1 =======================================
================= Test Set =================
+++++++++++ Find New Best Min ACC +++++++++++
The acc is 0.5022, 0.4442, 0.5520
Time Consumption for one epoch is 14.617069721221924s
======================================= Epoch 2 =======================================
================= Test Set =================
+++++++++++ Find New Best Min ACC +++++++++++
The acc is 0.7591, 0.7465, 0.7700
Time Consumption for one epoch is 14.50417947769165s
======================================= Epoch 3 =======================================
================= Test Set =================
+++++++++++ Find New Best Min ACC +++++++++++
The acc is 0.8032, 0.7837, 0.8200
Time Consumption for one epoch is 14.807496547698975s
======================================= Epoch 4 =======================================
================= Test Set =================
+++++++++++ Find New Best Min ACC +++++++++++
The acc is 0.8538, 0.8279, 0.8760
Time Consumption for one epoch is 14.972696542739868s
======================================= Epoch 5 =======================================
================= Test Set =================
+++++++++++ Find New Best Min ACC +++++++++++
The acc is 0.8774, 0.8465, 0.9040
Time Consumption for one epoch is 14.653226137161255s
======================================= Epoch 6 =======================================
================= Test Set =================
+++++++++++ Find New Best Min ACC +++++++++++
The acc is 0.8785, 0.8767, 0.8800
Time Consumption for one epoch is 14.735654354095459s
======================================= Epoch 7 =======================================
================= Test Set =================
The acc is 0.8785, 0.8767, 0.8800
Time Consumption for one epoch is 14.626378536224365s
======================================= Epoch 8 =======================================
================= Test Set =================
The acc is 0.8785, 0.8767, 0.8800
Time Consumption for one epoch is 14.592586278915405s
======================================= Epoch 9 =======================================
================= Test Set =================
The acc is 0.8785, 0.8767, 0.8800
Time Consumption for one epoch is 14.459916830062866s
======================================= Epoch 10 =======================================
================= Test Set =================
+++++++++++ Find New Best Min ACC +++++++++++
The acc is 0.8882, 0.8698, 0.9040
Time Consumption for one epoch is 14.328885555267334s
======================================= Epoch 11 =======================================
================= Test Set =================
+++++++++++ Find New Best Min ACC +++++++++++
The acc is 0.8892, 0.8744, 0.9020
Time Consumption for one epoch is 14.752381563186646s
======================================= Epoch 12 =======================================
================= Test Set =================
The acc is 0.8892, 0.8744, 0.9020
Time Consumption for one epoch is 14.788267850875854s
======================================= Epoch 13 =======================================
================= Test Set =================
The acc is 0.8892, 0.8744, 0.9020
Time Consumption for one epoch is 14.221301317214966s
======================================= Epoch 14 =======================================
================= Test Set =================
+++++++++++ Find New Best Min ACC +++++++++++
The acc is 0.8935, 0.8767, 0.9080
Time Consumption for one epoch is 14.415005683898926s
======================================= Epoch 15 =======================================
================= Test Set =================
The acc is 0.8935, 0.8767, 0.9080
Time Consumption for one epoch is 14.682852029800415s
======================================= Epoch 16 =======================================
================= Test Set =================
+++++++++++ Find New Best Min ACC +++++++++++
The acc is 0.8946, 0.8744, 0.9120
Time Consumption for one epoch is 14.417909145355225s
======================================= Epoch 17 =======================================
================= Test Set =================
+++++++++++ Find New Best Min ACC +++++++++++
The acc is 0.8957, 0.8744, 0.9140
Time Consumption for one epoch is 14.885012865066528s
======================================= Epoch 18 =======================================
================= Test Set =================
The acc is 0.8957, 0.8744, 0.9140
Time Consumption for one epoch is 14.951765775680542s
======================================= Epoch 19 =======================================
================= Test Set =================
+++++++++++ Find New Best Min ACC +++++++++++
The acc is 0.8978, 0.8791, 0.9140
Time Consumption for one epoch is 14.366028070449829s
The final acc is 0.8978, 0.8791, 0.9140
