Namespace(data_dir='/data/yihua/dataset/celeba/celeba.hdf5', result_dir='crop_study', checkpoint=None, resume=False, domain_attrs='Male', target_attrs='Blond_Hair', exp_name=None, batch_size=512, lr=0.0001, wd=2e-05, epochs=20, seed=2020, num_workers=8, arch='resnet9', evaluate=False, total_num=5000, test_num=1000, gv=160.0, gr=0.5, minor_ratio=0.2, add_aug='crop')
======================================= Epoch 0 =======================================
================= Test Set =================
+++++++++++ Find New Best Min ACC +++++++++++
The acc is 0.4624, 0.4186, 0.5000
Time Consumption for one epoch is 16.32428741455078s
======================================= Epoch 1 =======================================
================= Test Set =================
+++++++++++ Find New Best Min ACC +++++++++++
The acc is 0.4860, 0.4349, 0.5300
Time Consumption for one epoch is 14.446131944656372s
======================================= Epoch 2 =======================================
================= Test Set =================
+++++++++++ Find New Best Min ACC +++++++++++
The acc is 0.7538, 0.7116, 0.7900
Time Consumption for one epoch is 14.862805366516113s
======================================= Epoch 3 =======================================
================= Test Set =================
+++++++++++ Find New Best Min ACC +++++++++++
The acc is 0.8269, 0.8023, 0.8480
Time Consumption for one epoch is 14.574751615524292s
======================================= Epoch 4 =======================================
================= Test Set =================
+++++++++++ Find New Best Min ACC +++++++++++
The acc is 0.8591, 0.8372, 0.8780
Time Consumption for one epoch is 15.300781965255737s
======================================= Epoch 5 =======================================
================= Test Set =================
The acc is 0.8591, 0.8372, 0.8780
Time Consumption for one epoch is 15.060930252075195s
======================================= Epoch 6 =======================================
================= Test Set =================
+++++++++++ Find New Best Min ACC +++++++++++
The acc is 0.8710, 0.8488, 0.8900
Time Consumption for one epoch is 14.568806171417236s
======================================= Epoch 7 =======================================
================= Test Set =================
+++++++++++ Find New Best Min ACC +++++++++++
The acc is 0.8903, 0.8791, 0.9000
Time Consumption for one epoch is 15.355287075042725s
======================================= Epoch 8 =======================================
================= Test Set =================
The acc is 0.8903, 0.8791, 0.9000
Time Consumption for one epoch is 14.708736658096313s
======================================= Epoch 9 =======================================
================= Test Set =================
The acc is 0.8903, 0.8791, 0.9000
Time Consumption for one epoch is 14.375747680664062s
======================================= Epoch 10 =======================================
================= Test Set =================
The acc is 0.8903, 0.8791, 0.9000
Time Consumption for one epoch is 14.296223878860474s
======================================= Epoch 11 =======================================
================= Test Set =================
The acc is 0.8903, 0.8791, 0.9000
Time Consumption for one epoch is 14.77693796157837s
======================================= Epoch 12 =======================================
================= Test Set =================
The acc is 0.8903, 0.8791, 0.9000
Time Consumption for one epoch is 14.349933862686157s
======================================= Epoch 13 =======================================
================= Test Set =================
The acc is 0.8903, 0.8791, 0.9000
Time Consumption for one epoch is 14.460986852645874s
======================================= Epoch 14 =======================================
================= Test Set =================
+++++++++++ Find New Best Min ACC +++++++++++
The acc is 0.8946, 0.8814, 0.9060
Time Consumption for one epoch is 14.865432739257812s
======================================= Epoch 15 =======================================
================= Test Set =================
+++++++++++ Find New Best Min ACC +++++++++++
The acc is 0.8978, 0.8791, 0.9140
Time Consumption for one epoch is 14.818451881408691s
======================================= Epoch 16 =======================================
================= Test Set =================
+++++++++++ Find New Best Min ACC +++++++++++
The acc is 0.8989, 0.8860, 0.9100
Time Consumption for one epoch is 14.834740400314331s
======================================= Epoch 17 =======================================
================= Test Set =================
+++++++++++ Find New Best Min ACC +++++++++++
The acc is 0.9022, 0.8860, 0.9160
Time Consumption for one epoch is 14.781528234481812s
======================================= Epoch 18 =======================================
================= Test Set =================
The acc is 0.9022, 0.8860, 0.9160
Time Consumption for one epoch is 15.34241533279419s
======================================= Epoch 19 =======================================
================= Test Set =================
The acc is 0.9022, 0.8860, 0.9160
Time Consumption for one epoch is 14.948887348175049s
The final acc is 0.9022, 0.8860, 0.9160
