Namespace(data_dir='/data/yihua/dataset/celeba/celeba.hdf5', result_dir='results', checkpoint=None, resume=False, domain_attrs='Male', target_attrs='Blond_Hair', exp_name=None, batch_size=512, lr=0.0001, wd=2e-05, epochs=20, seed=2020, num_workers=8, arch='resnet9', evaluate=False, gv=0.25, gr=0.3)
======================================= Epoch 0 =======================================
================= Test Set =================
+++++++++++ Find New Best Min ACC +++++++++++
The acc is 0.7744, 0.7333, 0.7847
Time Consumption for one epoch is 30.925660133361816s
======================================= Epoch 1 =======================================
================= Test Set =================
+++++++++++ Find New Best Min ACC +++++++++++
The acc is 0.8744, 0.8444, 0.8819
Time Consumption for one epoch is 27.820395946502686s
======================================= Epoch 2 =======================================
================= Test Set =================
+++++++++++ Find New Best Min ACC +++++++++++
The acc is 0.8972, 0.8278, 0.9146
Time Consumption for one epoch is 26.939239263534546s
======================================= Epoch 3 =======================================
================= Test Set =================
The acc is 0.8972, 0.8278, 0.9146
Time Consumption for one epoch is 26.924163579940796s
======================================= Epoch 4 =======================================
================= Test Set =================
The acc is 0.8972, 0.8278, 0.9146
Time Consumption for one epoch is 27.671218872070312s
======================================= Epoch 5 =======================================
================= Test Set =================
The acc is 0.8972, 0.8278, 0.9146
Time Consumption for one epoch is 26.688767671585083s
======================================= Epoch 6 =======================================
================= Test Set =================
+++++++++++ Find New Best Min ACC +++++++++++
The acc is 0.9133, 0.9000, 0.9167
Time Consumption for one epoch is 27.19210457801819s
======================================= Epoch 7 =======================================
================= Test Set =================
The acc is 0.9133, 0.9000, 0.9167
Time Consumption for one epoch is 26.08038306236267s
======================================= Epoch 8 =======================================
================= Test Set =================
The acc is 0.9133, 0.9000, 0.9167
Time Consumption for one epoch is 28.13526725769043s
======================================= Epoch 9 =======================================
================= Test Set =================
+++++++++++ Find New Best Min ACC +++++++++++
The acc is 0.9161, 0.8889, 0.9229
Time Consumption for one epoch is 28.16312336921692s
======================================= Epoch 10 =======================================
================= Test Set =================
+++++++++++ Find New Best Min ACC +++++++++++
The acc is 0.9172, 0.9000, 0.9215
Time Consumption for one epoch is 27.901941776275635s
======================================= Epoch 11 =======================================
================= Test Set =================
The acc is 0.9172, 0.9000, 0.9215
Time Consumption for one epoch is 27.67567777633667s
======================================= Epoch 12 =======================================
================= Test Set =================
The acc is 0.9172, 0.9000, 0.9215
Time Consumption for one epoch is 25.540874242782593s
======================================= Epoch 13 =======================================
================= Test Set =================
The acc is 0.9172, 0.9000, 0.9215
Time Consumption for one epoch is 27.683935403823853s
======================================= Epoch 14 =======================================
================= Test Set =================
The acc is 0.9172, 0.9000, 0.9215
Time Consumption for one epoch is 27.61617875099182s
======================================= Epoch 15 =======================================
================= Test Set =================
The acc is 0.9172, 0.9000, 0.9215
Time Consumption for one epoch is 27.06847357749939s
======================================= Epoch 16 =======================================
================= Test Set =================
The acc is 0.9172, 0.9000, 0.9215
Time Consumption for one epoch is 27.943991661071777s
======================================= Epoch 17 =======================================
================= Test Set =================
+++++++++++ Find New Best Min ACC +++++++++++
The acc is 0.9194, 0.9056, 0.9229
Time Consumption for one epoch is 27.770603895187378s
======================================= Epoch 18 =======================================
================= Test Set =================
The acc is 0.9194, 0.9056, 0.9229
Time Consumption for one epoch is 26.375277519226074s
======================================= Epoch 19 =======================================
================= Test Set =================
The acc is 0.9194, 0.9056, 0.9229
Time Consumption for one epoch is 27.25786566734314s
The final acc is 0.9194, 0.9056, 0.9229
