Namespace(data_dir='/data/yihua/dataset/celeba/celeba.hdf5', result_dir='crop_study', checkpoint=None, resume=False, domain_attrs='Male', target_attrs='Blond_Hair', exp_name=None, batch_size=512, lr=0.0001, wd=2e-05, epochs=20, seed=2020, num_workers=8, arch='resnet18', evaluate=False, total_num=5000, test_num=1000, gv=180.0, gr=0.3, minor_ratio=0.2, add_aug='crop')
======================================= Epoch 0 =======================================
================= Test Set =================
+++++++++++ Find New Best Min ACC +++++++++++
The acc is 0.4624, 0.4186, 0.5000
Time Consumption for one epoch is 21.949941158294678s
======================================= Epoch 1 =======================================
================= Test Set =================
+++++++++++ Find New Best Min ACC +++++++++++
The acc is 0.5280, 0.5767, 0.4860
Time Consumption for one epoch is 21.34099245071411s
======================================= Epoch 2 =======================================
================= Test Set =================
+++++++++++ Find New Best Min ACC +++++++++++
The acc is 0.5699, 0.6093, 0.5360
Time Consumption for one epoch is 20.04256796836853s
======================================= Epoch 3 =======================================
================= Test Set =================
+++++++++++ Find New Best Min ACC +++++++++++
The acc is 0.6247, 0.6488, 0.6040
Time Consumption for one epoch is 18.90340566635132s
======================================= Epoch 4 =======================================
================= Test Set =================
The acc is 0.6247, 0.6488, 0.6040
Time Consumption for one epoch is 20.20749282836914s
======================================= Epoch 5 =======================================
================= Test Set =================
+++++++++++ Find New Best Min ACC +++++++++++
The acc is 0.8688, 0.8465, 0.8880
Time Consumption for one epoch is 19.226494073867798s
======================================= Epoch 6 =======================================
================= Test Set =================
+++++++++++ Find New Best Min ACC +++++++++++
The acc is 0.8699, 0.8488, 0.8880
Time Consumption for one epoch is 20.56000304222107s
======================================= Epoch 7 =======================================
================= Test Set =================
+++++++++++ Find New Best Min ACC +++++++++++
The acc is 0.8785, 0.8558, 0.8980
Time Consumption for one epoch is 20.72045373916626s
======================================= Epoch 8 =======================================
================= Test Set =================
The acc is 0.8785, 0.8558, 0.8980
Time Consumption for one epoch is 20.6614031791687s
======================================= Epoch 9 =======================================
================= Test Set =================
The acc is 0.8785, 0.8558, 0.8980
Time Consumption for one epoch is 20.499350786209106s
======================================= Epoch 10 =======================================
================= Test Set =================
+++++++++++ Find New Best Min ACC +++++++++++
The acc is 0.8806, 0.8558, 0.9020
Time Consumption for one epoch is 20.4009747505188s
======================================= Epoch 11 =======================================
================= Test Set =================
The acc is 0.8806, 0.8558, 0.9020
Time Consumption for one epoch is 20.154019355773926s
======================================= Epoch 12 =======================================
================= Test Set =================
+++++++++++ Find New Best Min ACC +++++++++++
The acc is 0.8817, 0.8674, 0.8940
Time Consumption for one epoch is 20.715156316757202s
======================================= Epoch 13 =======================================
================= Test Set =================
The acc is 0.8817, 0.8674, 0.8940
Time Consumption for one epoch is 20.589069843292236s
======================================= Epoch 14 =======================================
================= Test Set =================
+++++++++++ Find New Best Min ACC +++++++++++
The acc is 0.8860, 0.8744, 0.8960
Time Consumption for one epoch is 19.219284534454346s
======================================= Epoch 15 =======================================
================= Test Set =================
The acc is 0.8860, 0.8744, 0.8960
Time Consumption for one epoch is 19.69516396522522s
======================================= Epoch 16 =======================================
================= Test Set =================
The acc is 0.8860, 0.8744, 0.8960
Time Consumption for one epoch is 20.481672525405884s
======================================= Epoch 17 =======================================
================= Test Set =================
+++++++++++ Find New Best Min ACC +++++++++++
The acc is 0.8968, 0.8814, 0.9100
Time Consumption for one epoch is 20.770837783813477s
======================================= Epoch 18 =======================================
================= Test Set =================
The acc is 0.8968, 0.8814, 0.9100
Time Consumption for one epoch is 19.698906660079956s
======================================= Epoch 19 =======================================
================= Test Set =================
The acc is 0.8968, 0.8814, 0.9100
Time Consumption for one epoch is 20.72338056564331s
The final acc is 0.8968, 0.8814, 0.9100
