Namespace(data_dir='/data/yihua/dataset/celeba/celeba.hdf5', result_dir='results', checkpoint=None, resume=False, domain_attrs='Male', target_attrs='Blond_Hair', exp_name=None, batch_size=512, lr=0.0001, wd=2e-05, epochs=20, seed=2020, num_workers=8, arch='resnet9', evaluate=False, gv=0.1, gr=0.3)
======================================= Epoch 0 =======================================
================= Test Set =================
+++++++++++ Find New Best Min ACC +++++++++++
The acc is 0.6933, 0.6500, 0.7042
Time Consumption for one epoch is 26.707523107528687s
======================================= Epoch 1 =======================================
================= Test Set =================
+++++++++++ Find New Best Min ACC +++++++++++
The acc is 0.8783, 0.8444, 0.8868
Time Consumption for one epoch is 27.9296133518219s
======================================= Epoch 2 =======================================
================= Test Set =================
+++++++++++ Find New Best Min ACC +++++++++++
The acc is 0.9006, 0.8389, 0.9160
Time Consumption for one epoch is 27.61311364173889s
======================================= Epoch 3 =======================================
================= Test Set =================
The acc is 0.9006, 0.8389, 0.9160
Time Consumption for one epoch is 27.47864580154419s
======================================= Epoch 4 =======================================
================= Test Set =================
+++++++++++ Find New Best Min ACC +++++++++++
The acc is 0.9022, 0.8778, 0.9083
Time Consumption for one epoch is 27.54518985748291s
======================================= Epoch 5 =======================================
================= Test Set =================
The acc is 0.9022, 0.8778, 0.9083
Time Consumption for one epoch is 26.953561782836914s
======================================= Epoch 6 =======================================
================= Test Set =================
+++++++++++ Find New Best Min ACC +++++++++++
The acc is 0.9150, 0.8972, 0.9194
Time Consumption for one epoch is 27.75224280357361s
======================================= Epoch 7 =======================================
================= Test Set =================
The acc is 0.9150, 0.8972, 0.9194
Time Consumption for one epoch is 27.213210344314575s
======================================= Epoch 8 =======================================
================= Test Set =================
The acc is 0.9150, 0.8972, 0.9194
Time Consumption for one epoch is 27.300187587738037s
======================================= Epoch 9 =======================================
================= Test Set =================
The acc is 0.9150, 0.8972, 0.9194
Time Consumption for one epoch is 27.230805158615112s
======================================= Epoch 10 =======================================
================= Test Set =================
The acc is 0.9150, 0.8972, 0.9194
Time Consumption for one epoch is 26.32350206375122s
======================================= Epoch 11 =======================================
================= Test Set =================
The acc is 0.9150, 0.8972, 0.9194
Time Consumption for one epoch is 26.553852319717407s
======================================= Epoch 12 =======================================
================= Test Set =================
The acc is 0.9150, 0.8972, 0.9194
Time Consumption for one epoch is 27.826524257659912s
======================================= Epoch 13 =======================================
================= Test Set =================
+++++++++++ Find New Best Min ACC +++++++++++
The acc is 0.9161, 0.8944, 0.9215
Time Consumption for one epoch is 28.521421670913696s
======================================= Epoch 14 =======================================
================= Test Set =================
The acc is 0.9161, 0.8944, 0.9215
Time Consumption for one epoch is 27.83828568458557s
======================================= Epoch 15 =======================================
================= Test Set =================
The acc is 0.9161, 0.8944, 0.9215
Time Consumption for one epoch is 27.28229331970215s
======================================= Epoch 16 =======================================
================= Test Set =================
+++++++++++ Find New Best Min ACC +++++++++++
The acc is 0.9172, 0.8944, 0.9229
Time Consumption for one epoch is 25.896541833877563s
======================================= Epoch 17 =======================================
================= Test Set =================
+++++++++++ Find New Best Min ACC +++++++++++
The acc is 0.9211, 0.9139, 0.9229
Time Consumption for one epoch is 28.704659461975098s
======================================= Epoch 18 =======================================
================= Test Set =================
The acc is 0.9211, 0.9139, 0.9229
Time Consumption for one epoch is 27.540284395217896s
======================================= Epoch 19 =======================================
================= Test Set =================
The acc is 0.9211, 0.9139, 0.9229
Time Consumption for one epoch is 27.836101055145264s
The final acc is 0.9211, 0.9139, 0.9229
