Namespace(data_dir='/data/yihua/dataset/celeba/celeba.hdf5', result_dir='results', checkpoint=None, resume=False, domain_attrs='Male', target_attrs='Heavy_Makeup', exp_name=None, batch_size=512, lr=0.0001, wd=2e-05, epochs=20, seed=2021, num_workers=8, arch='resnet9', evaluate=False, gv=1.0, gr=0.3)
======================================= Epoch 0 =======================================
================= Test Set =================
+++++++++++ Find New Best Min ACC +++++++++++
The acc is 0.5000, 0.5000, 0.5000
Time Consumption for one epoch is 8.816264629364014s
======================================= Epoch 1 =======================================
================= Test Set =================
The acc is 0.5000, 0.5000, 0.5000
Time Consumption for one epoch is 9.810012340545654s
======================================= Epoch 2 =======================================
================= Test Set =================
The acc is 0.5000, 0.5000, 0.5000
Time Consumption for one epoch is 9.36814260482788s
======================================= Epoch 3 =======================================
================= Test Set =================
+++++++++++ Find New Best Min ACC +++++++++++
The acc is 0.5045, 0.5227, 0.5000
Time Consumption for one epoch is 7.78968071937561s
======================================= Epoch 4 =======================================
================= Test Set =================
+++++++++++ Find New Best Min ACC +++++++++++
The acc is 0.5136, 0.5455, 0.5057
Time Consumption for one epoch is 7.883331537246704s
======================================= Epoch 5 =======================================
================= Test Set =================
+++++++++++ Find New Best Min ACC +++++++++++
The acc is 0.6000, 0.5455, 0.6136
Time Consumption for one epoch is 9.532044649124146s
======================================= Epoch 6 =======================================
================= Test Set =================
The acc is 0.6000, 0.5455, 0.6136
Time Consumption for one epoch is 8.140644311904907s
======================================= Epoch 7 =======================================
================= Test Set =================
+++++++++++ Find New Best Min ACC +++++++++++
The acc is 0.6136, 0.4545, 0.6534
Time Consumption for one epoch is 9.503665685653687s
======================================= Epoch 8 =======================================
================= Test Set =================
+++++++++++ Find New Best Min ACC +++++++++++
The acc is 0.6318, 0.6136, 0.6364
Time Consumption for one epoch is 9.43593955039978s
======================================= Epoch 9 =======================================
================= Test Set =================
+++++++++++ Find New Best Min ACC +++++++++++
The acc is 0.6682, 0.5909, 0.6875
Time Consumption for one epoch is 8.22921633720398s
======================================= Epoch 10 =======================================
================= Test Set =================
The acc is 0.6682, 0.5909, 0.6875
Time Consumption for one epoch is 9.19714641571045s
======================================= Epoch 11 =======================================
================= Test Set =================
The acc is 0.6682, 0.5909, 0.6875
Time Consumption for one epoch is 9.424641609191895s
======================================= Epoch 12 =======================================
================= Test Set =================
The acc is 0.6682, 0.5909, 0.6875
Time Consumption for one epoch is 9.650522947311401s
======================================= Epoch 13 =======================================
================= Test Set =================
The acc is 0.6682, 0.5909, 0.6875
Time Consumption for one epoch is 10.057107925415039s
======================================= Epoch 14 =======================================
================= Test Set =================
The acc is 0.6682, 0.5909, 0.6875
Time Consumption for one epoch is 7.665207147598267s
======================================= Epoch 15 =======================================
================= Test Set =================
+++++++++++ Find New Best Min ACC +++++++++++
The acc is 0.6773, 0.6818, 0.6761
Time Consumption for one epoch is 9.363081216812134s
======================================= Epoch 16 =======================================
================= Test Set =================
The acc is 0.6773, 0.6818, 0.6761
Time Consumption for one epoch is 9.650808334350586s
======================================= Epoch 17 =======================================
================= Test Set =================
+++++++++++ Find New Best Min ACC +++++++++++
The acc is 0.6909, 0.6136, 0.7102
Time Consumption for one epoch is 7.951394557952881s
======================================= Epoch 18 =======================================
================= Test Set =================
The acc is 0.6909, 0.6136, 0.7102
Time Consumption for one epoch is 9.125404357910156s
======================================= Epoch 19 =======================================
================= Test Set =================
The acc is 0.6909, 0.6136, 0.7102
Time Consumption for one epoch is 8.264007568359375s
The final acc is 0.6909, 0.6136, 0.7102
