Namespace(data_dir='/data/yihua/dataset/celeba/celeba.hdf5', result_dir='crop_study', checkpoint=None, resume=False, domain_attrs='Male', target_attrs='Blond_Hair', exp_name=None, batch_size=512, lr=0.0001, wd=2e-05, epochs=20, seed=2022, num_workers=8, arch='resnet9', evaluate=False, total_num=5000, test_num=1000, gv=160.0, gr=0.1, minor_ratio=0.2, add_aug='crop')
======================================= Epoch 0 =======================================
================= Test Set =================
+++++++++++ Find New Best Min ACC +++++++++++
The acc is 0.4624, 0.4186, 0.5000
Time Consumption for one epoch is 16.794283390045166s
======================================= Epoch 1 =======================================
================= Test Set =================
The acc is 0.4624, 0.4186, 0.5000
Time Consumption for one epoch is 14.11569881439209s
======================================= Epoch 2 =======================================
================= Test Set =================
+++++++++++ Find New Best Min ACC +++++++++++
The acc is 0.5011, 0.4349, 0.5580
Time Consumption for one epoch is 14.461649656295776s
======================================= Epoch 3 =======================================
================= Test Set =================
+++++++++++ Find New Best Min ACC +++++++++++
The acc is 0.7247, 0.6605, 0.7800
Time Consumption for one epoch is 14.6333909034729s
======================================= Epoch 4 =======================================
================= Test Set =================
+++++++++++ Find New Best Min ACC +++++++++++
The acc is 0.8398, 0.8209, 0.8560
Time Consumption for one epoch is 14.190914154052734s
======================================= Epoch 5 =======================================
================= Test Set =================
+++++++++++ Find New Best Min ACC +++++++++++
The acc is 0.8731, 0.8605, 0.8840
Time Consumption for one epoch is 14.452843427658081s
======================================= Epoch 6 =======================================
================= Test Set =================
+++++++++++ Find New Best Min ACC +++++++++++
The acc is 0.8828, 0.8651, 0.8980
Time Consumption for one epoch is 13.673183917999268s
======================================= Epoch 7 =======================================
================= Test Set =================
The acc is 0.8828, 0.8651, 0.8980
Time Consumption for one epoch is 14.134999990463257s
======================================= Epoch 8 =======================================
================= Test Set =================
The acc is 0.8828, 0.8651, 0.8980
Time Consumption for one epoch is 13.924596786499023s
======================================= Epoch 9 =======================================
================= Test Set =================
The acc is 0.8828, 0.8651, 0.8980
Time Consumption for one epoch is 13.993585586547852s
======================================= Epoch 10 =======================================
================= Test Set =================
The acc is 0.8828, 0.8651, 0.8980
Time Consumption for one epoch is 14.450734853744507s
======================================= Epoch 11 =======================================
================= Test Set =================
The acc is 0.8828, 0.8651, 0.8980
Time Consumption for one epoch is 14.314113855361938s
======================================= Epoch 12 =======================================
================= Test Set =================
+++++++++++ Find New Best Min ACC +++++++++++
The acc is 0.8849, 0.8721, 0.8960
Time Consumption for one epoch is 14.55298113822937s
======================================= Epoch 13 =======================================
================= Test Set =================
+++++++++++ Find New Best Min ACC +++++++++++
The acc is 0.8935, 0.8744, 0.9100
Time Consumption for one epoch is 14.359463453292847s
======================================= Epoch 14 =======================================
================= Test Set =================
The acc is 0.8935, 0.8744, 0.9100
Time Consumption for one epoch is 13.751792430877686s
======================================= Epoch 15 =======================================
================= Test Set =================
The acc is 0.8935, 0.8744, 0.9100
Time Consumption for one epoch is 13.798348426818848s
======================================= Epoch 16 =======================================
================= Test Set =================
The acc is 0.8935, 0.8744, 0.9100
Time Consumption for one epoch is 13.917482137680054s
======================================= Epoch 17 =======================================
================= Test Set =================
+++++++++++ Find New Best Min ACC +++++++++++
The acc is 0.8957, 0.8884, 0.9020
Time Consumption for one epoch is 14.970113277435303s
======================================= Epoch 18 =======================================
================= Test Set =================
+++++++++++ Find New Best Min ACC +++++++++++
The acc is 0.9011, 0.8930, 0.9080
Time Consumption for one epoch is 14.852760314941406s
======================================= Epoch 19 =======================================
================= Test Set =================
The acc is 0.9011, 0.8930, 0.9080
Time Consumption for one epoch is 14.599605321884155s
The final acc is 0.9011, 0.8930, 0.9080
