Namespace(data_dir='/data/yihua/dataset/celeba/celeba.hdf5', result_dir='results', checkpoint=None, resume=False, domain_attrs='Male', target_attrs='Blond_Hair', exp_name=None, batch_size=512, lr=0.0001, wd=2e-05, epochs=20, seed=2022, num_workers=8, arch='resnet9', evaluate=False, gv=1.0, gr=0.3)
======================================= Epoch 0 =======================================
================= Test Set =================
+++++++++++ Find New Best Min ACC +++++++++++
The acc is 0.6744, 0.6194, 0.6882
Time Consumption for one epoch is 28.169700860977173s
======================================= Epoch 1 =======================================
================= Test Set =================
+++++++++++ Find New Best Min ACC +++++++++++
The acc is 0.8828, 0.8333, 0.8951
Time Consumption for one epoch is 24.463265419006348s
======================================= Epoch 2 =======================================
================= Test Set =================
The acc is 0.8828, 0.8333, 0.8951
Time Consumption for one epoch is 25.090569734573364s
======================================= Epoch 3 =======================================
================= Test Set =================
The acc is 0.8828, 0.8333, 0.8951
Time Consumption for one epoch is 25.20217275619507s
======================================= Epoch 4 =======================================
================= Test Set =================
+++++++++++ Find New Best Min ACC +++++++++++
The acc is 0.9017, 0.8556, 0.9132
Time Consumption for one epoch is 24.954946517944336s
======================================= Epoch 5 =======================================
================= Test Set =================
The acc is 0.9017, 0.8556, 0.9132
Time Consumption for one epoch is 24.97179913520813s
======================================= Epoch 6 =======================================
================= Test Set =================
The acc is 0.9017, 0.8556, 0.9132
Time Consumption for one epoch is 24.067986011505127s
======================================= Epoch 7 =======================================
================= Test Set =================
+++++++++++ Find New Best Min ACC +++++++++++
The acc is 0.9022, 0.8528, 0.9146
Time Consumption for one epoch is 25.35616159439087s
======================================= Epoch 8 =======================================
================= Test Set =================
+++++++++++ Find New Best Min ACC +++++++++++
The acc is 0.9150, 0.8833, 0.9229
Time Consumption for one epoch is 24.64354181289673s
======================================= Epoch 9 =======================================
================= Test Set =================
The acc is 0.9150, 0.8833, 0.9229
Time Consumption for one epoch is 24.208714485168457s
======================================= Epoch 10 =======================================
================= Test Set =================
+++++++++++ Find New Best Min ACC +++++++++++
The acc is 0.9167, 0.9056, 0.9194
Time Consumption for one epoch is 24.694788217544556s
======================================= Epoch 11 =======================================
================= Test Set =================
The acc is 0.9167, 0.9056, 0.9194
Time Consumption for one epoch is 24.17071771621704s
======================================= Epoch 12 =======================================
================= Test Set =================
The acc is 0.9167, 0.9056, 0.9194
Time Consumption for one epoch is 25.17285466194153s
======================================= Epoch 13 =======================================
================= Test Set =================
+++++++++++ Find New Best Min ACC +++++++++++
The acc is 0.9200, 0.9111, 0.9222
Time Consumption for one epoch is 25.099878549575806s
======================================= Epoch 14 =======================================
================= Test Set =================
The acc is 0.9200, 0.9111, 0.9222
Time Consumption for one epoch is 24.079668521881104s
======================================= Epoch 15 =======================================
================= Test Set =================
The acc is 0.9200, 0.9111, 0.9222
Time Consumption for one epoch is 24.008991956710815s
======================================= Epoch 16 =======================================
================= Test Set =================
The acc is 0.9200, 0.9111, 0.9222
Time Consumption for one epoch is 24.363545656204224s
======================================= Epoch 17 =======================================
================= Test Set =================
The acc is 0.9200, 0.9111, 0.9222
Time Consumption for one epoch is 26.16644859313965s
======================================= Epoch 18 =======================================
================= Test Set =================
The acc is 0.9200, 0.9111, 0.9222
Time Consumption for one epoch is 24.1352276802063s
======================================= Epoch 19 =======================================
================= Test Set =================
The acc is 0.9200, 0.9111, 0.9222
Time Consumption for one epoch is 25.636792182922363s
The final acc is 0.9200, 0.9111, 0.9222
