Namespace(data_dir='/data/yihua/dataset/celeba/celeba.hdf5', result_dir='results', checkpoint=None, resume=False, domain_attrs='Male', target_attrs='Blond_Hair', exp_name=None, batch_size=512, lr=0.0001, wd=2e-05, epochs=20, seed=2022, num_workers=8, arch='resnet9', evaluate=False, gv=0.4, gr=0.1)
======================================= Epoch 0 =======================================
================= Test Set =================
+++++++++++ Find New Best Min ACC +++++++++++
The acc is 0.5922, 0.5389, 0.6056
Time Consumption for one epoch is 26.74527597427368s
======================================= Epoch 1 =======================================
================= Test Set =================
+++++++++++ Find New Best Min ACC +++++++++++
The acc is 0.8506, 0.7889, 0.8660
Time Consumption for one epoch is 23.984440565109253s
======================================= Epoch 2 =======================================
================= Test Set =================
The acc is 0.8506, 0.7889, 0.8660
Time Consumption for one epoch is 25.282320737838745s
======================================= Epoch 3 =======================================
================= Test Set =================
+++++++++++ Find New Best Min ACC +++++++++++
The acc is 0.8983, 0.8611, 0.9076
Time Consumption for one epoch is 25.154465913772583s
======================================= Epoch 4 =======================================
================= Test Set =================
The acc is 0.8983, 0.8611, 0.9076
Time Consumption for one epoch is 23.917952060699463s
======================================= Epoch 5 =======================================
================= Test Set =================
+++++++++++ Find New Best Min ACC +++++++++++
The acc is 0.9028, 0.8750, 0.9097
Time Consumption for one epoch is 23.668627977371216s
======================================= Epoch 6 =======================================
================= Test Set =================
The acc is 0.9028, 0.8750, 0.9097
Time Consumption for one epoch is 23.435769081115723s
======================================= Epoch 7 =======================================
================= Test Set =================
The acc is 0.9028, 0.8750, 0.9097
Time Consumption for one epoch is 25.133121490478516s
======================================= Epoch 8 =======================================
================= Test Set =================
The acc is 0.9028, 0.8750, 0.9097
Time Consumption for one epoch is 24.27702236175537s
======================================= Epoch 9 =======================================
================= Test Set =================
+++++++++++ Find New Best Min ACC +++++++++++
The acc is 0.9067, 0.8806, 0.9132
Time Consumption for one epoch is 23.096251010894775s
======================================= Epoch 10 =======================================
================= Test Set =================
+++++++++++ Find New Best Min ACC +++++++++++
The acc is 0.9183, 0.8917, 0.9250
Time Consumption for one epoch is 24.49283003807068s
======================================= Epoch 11 =======================================
================= Test Set =================
The acc is 0.9183, 0.8917, 0.9250
Time Consumption for one epoch is 22.895816564559937s
======================================= Epoch 12 =======================================
================= Test Set =================
The acc is 0.9183, 0.8917, 0.9250
Time Consumption for one epoch is 23.03445339202881s
======================================= Epoch 13 =======================================
================= Test Set =================
The acc is 0.9183, 0.8917, 0.9250
Time Consumption for one epoch is 22.79020357131958s
======================================= Epoch 14 =======================================
================= Test Set =================
The acc is 0.9183, 0.8917, 0.9250
Time Consumption for one epoch is 24.180943489074707s
======================================= Epoch 15 =======================================
================= Test Set =================
The acc is 0.9183, 0.8917, 0.9250
Time Consumption for one epoch is 23.01313877105713s
======================================= Epoch 16 =======================================
================= Test Set =================
The acc is 0.9183, 0.8917, 0.9250
Time Consumption for one epoch is 23.509910106658936s
======================================= Epoch 17 =======================================
================= Test Set =================
+++++++++++ Find New Best Min ACC +++++++++++
The acc is 0.9194, 0.9083, 0.9222
Time Consumption for one epoch is 25.3376727104187s
======================================= Epoch 18 =======================================
================= Test Set =================
The acc is 0.9194, 0.9083, 0.9222
Time Consumption for one epoch is 22.308489561080933s
======================================= Epoch 19 =======================================
================= Test Set =================
The acc is 0.9194, 0.9083, 0.9222
Time Consumption for one epoch is 23.730449676513672s
The final acc is 0.9194, 0.9083, 0.9222
