Namespace(data_dir='/data/yihua/dataset/celeba/celeba.hdf5', result_dir='rotation_study', checkpoint=None, resume=False, domain_attrs='Male', target_attrs='Blond_Hair', exp_name=None, batch_size=512, lr=0.0001, wd=2e-05, epochs=20, seed=2022, num_workers=8, arch='resnet9', evaluate=False, total_num=5000, test_num=1000, gv=60.0, gr=0.3, minor_ratio=0.2, add_aug='rotation')
======================================= Epoch 0 =======================================
================= Test Set =================
+++++++++++ Find New Best Min ACC +++++++++++
The acc is 0.4624, 0.4186, 0.5000
Time Consumption for one epoch is 16.755188941955566s
======================================= Epoch 1 =======================================
================= Test Set =================
The acc is 0.4624, 0.4186, 0.5000
Time Consumption for one epoch is 14.987579345703125s
======================================= Epoch 2 =======================================
================= Test Set =================
+++++++++++ Find New Best Min ACC +++++++++++
The acc is 0.5108, 0.4512, 0.5620
Time Consumption for one epoch is 14.850127696990967s
======================================= Epoch 3 =======================================
================= Test Set =================
+++++++++++ Find New Best Min ACC +++++++++++
The acc is 0.7473, 0.7000, 0.7880
Time Consumption for one epoch is 14.75647234916687s
======================================= Epoch 4 =======================================
================= Test Set =================
+++++++++++ Find New Best Min ACC +++++++++++
The acc is 0.8108, 0.7791, 0.8380
Time Consumption for one epoch is 15.158698797225952s
======================================= Epoch 5 =======================================
================= Test Set =================
+++++++++++ Find New Best Min ACC +++++++++++
The acc is 0.8677, 0.8512, 0.8820
Time Consumption for one epoch is 14.452087640762329s
======================================= Epoch 6 =======================================
================= Test Set =================
The acc is 0.8677, 0.8512, 0.8820
Time Consumption for one epoch is 14.878523826599121s
======================================= Epoch 7 =======================================
================= Test Set =================
+++++++++++ Find New Best Min ACC +++++++++++
The acc is 0.8849, 0.8651, 0.9020
Time Consumption for one epoch is 15.041657209396362s
======================================= Epoch 8 =======================================
================= Test Set =================
The acc is 0.8849, 0.8651, 0.9020
Time Consumption for one epoch is 14.557400703430176s
======================================= Epoch 9 =======================================
================= Test Set =================
+++++++++++ Find New Best Min ACC +++++++++++
The acc is 0.8914, 0.8744, 0.9060
Time Consumption for one epoch is 14.379887819290161s
======================================= Epoch 10 =======================================
================= Test Set =================
The acc is 0.8914, 0.8744, 0.9060
Time Consumption for one epoch is 14.206094980239868s
======================================= Epoch 11 =======================================
================= Test Set =================
The acc is 0.8914, 0.8744, 0.9060
Time Consumption for one epoch is 14.105312585830688s
======================================= Epoch 12 =======================================
================= Test Set =================
The acc is 0.8914, 0.8744, 0.9060
Time Consumption for one epoch is 13.794301986694336s
======================================= Epoch 13 =======================================
================= Test Set =================
+++++++++++ Find New Best Min ACC +++++++++++
The acc is 0.8925, 0.8721, 0.9100
Time Consumption for one epoch is 14.55713939666748s
======================================= Epoch 14 =======================================
================= Test Set =================
+++++++++++ Find New Best Min ACC +++++++++++
The acc is 0.8957, 0.8791, 0.9100
Time Consumption for one epoch is 15.10603404045105s
======================================= Epoch 15 =======================================
================= Test Set =================
The acc is 0.8957, 0.8791, 0.9100
Time Consumption for one epoch is 14.430931806564331s
======================================= Epoch 16 =======================================
================= Test Set =================
The acc is 0.8957, 0.8791, 0.9100
Time Consumption for one epoch is 14.029473304748535s
======================================= Epoch 17 =======================================
================= Test Set =================
+++++++++++ Find New Best Min ACC +++++++++++
The acc is 0.9011, 0.8907, 0.9100
Time Consumption for one epoch is 14.806896209716797s
======================================= Epoch 18 =======================================
================= Test Set =================
The acc is 0.9011, 0.8907, 0.9100
Time Consumption for one epoch is 14.629185914993286s
======================================= Epoch 19 =======================================
================= Test Set =================
The acc is 0.9011, 0.8907, 0.9100
Time Consumption for one epoch is 14.050543785095215s
The final acc is 0.9011, 0.8907, 0.9100
