Namespace(data_dir='/data/yihua/dataset/celeba/celeba.hdf5', result_dir='results', checkpoint=None, resume=False, domain_attrs='Male', target_attrs='Blond_Hair', exp_name=None, batch_size=512, lr=0.0001, wd=2e-05, epochs=20, seed=2021, num_workers=8, arch='resnet18', evaluate=False, gv=1.0, gr=0.1)
======================================= Epoch 0 =======================================
================= Test Set =================
+++++++++++ Find New Best Min ACC +++++++++++
The acc is 0.6878, 0.6167, 0.7056
Time Consumption for one epoch is 44.91828155517578s
======================================= Epoch 1 =======================================
================= Test Set =================
+++++++++++ Find New Best Min ACC +++++++++++
The acc is 0.7200, 0.6444, 0.7389
Time Consumption for one epoch is 41.93657684326172s
======================================= Epoch 2 =======================================
================= Test Set =================
+++++++++++ Find New Best Min ACC +++++++++++
The acc is 0.8906, 0.8417, 0.9028
Time Consumption for one epoch is 42.424737215042114s
======================================= Epoch 3 =======================================
================= Test Set =================
The acc is 0.8906, 0.8417, 0.9028
Time Consumption for one epoch is 40.978541135787964s
======================================= Epoch 4 =======================================
================= Test Set =================
+++++++++++ Find New Best Min ACC +++++++++++
The acc is 0.9039, 0.8889, 0.9076
Time Consumption for one epoch is 41.23781180381775s
======================================= Epoch 5 =======================================
================= Test Set =================
The acc is 0.9039, 0.8889, 0.9076
Time Consumption for one epoch is 41.785104513168335s
======================================= Epoch 6 =======================================
================= Test Set =================
+++++++++++ Find New Best Min ACC +++++++++++
The acc is 0.9044, 0.8861, 0.9090
Time Consumption for one epoch is 42.32829833030701s
======================================= Epoch 7 =======================================
================= Test Set =================
+++++++++++ Find New Best Min ACC +++++++++++
The acc is 0.9072, 0.8889, 0.9118
Time Consumption for one epoch is 41.84700155258179s
======================================= Epoch 8 =======================================
================= Test Set =================
The acc is 0.9072, 0.8889, 0.9118
Time Consumption for one epoch is 40.82616329193115s
======================================= Epoch 9 =======================================
================= Test Set =================
The acc is 0.9072, 0.8889, 0.9118
Time Consumption for one epoch is 40.8245689868927s
======================================= Epoch 10 =======================================
================= Test Set =================
+++++++++++ Find New Best Min ACC +++++++++++
The acc is 0.9117, 0.8944, 0.9160
Time Consumption for one epoch is 41.12639832496643s
======================================= Epoch 11 =======================================
================= Test Set =================
The acc is 0.9117, 0.8944, 0.9160
Time Consumption for one epoch is 40.92833924293518s
======================================= Epoch 12 =======================================
================= Test Set =================
The acc is 0.9117, 0.8944, 0.9160
Time Consumption for one epoch is 40.244407415390015s
======================================= Epoch 13 =======================================
================= Test Set =================
The acc is 0.9117, 0.8944, 0.9160
Time Consumption for one epoch is 41.58198285102844s
======================================= Epoch 14 =======================================
================= Test Set =================
The acc is 0.9117, 0.8944, 0.9160
Time Consumption for one epoch is 40.134597301483154s
======================================= Epoch 15 =======================================
================= Test Set =================
The acc is 0.9117, 0.8944, 0.9160
Time Consumption for one epoch is 42.333807945251465s
======================================= Epoch 16 =======================================
================= Test Set =================
+++++++++++ Find New Best Min ACC +++++++++++
The acc is 0.9172, 0.9000, 0.9215
Time Consumption for one epoch is 40.82062339782715s
======================================= Epoch 17 =======================================
================= Test Set =================
+++++++++++ Find New Best Min ACC +++++++++++
The acc is 0.9194, 0.9000, 0.9243
Time Consumption for one epoch is 41.987367391586304s
======================================= Epoch 18 =======================================
================= Test Set =================
The acc is 0.9194, 0.9000, 0.9243
Time Consumption for one epoch is 42.091628074645996s
======================================= Epoch 19 =======================================
================= Test Set =================
The acc is 0.9194, 0.9000, 0.9243
Time Consumption for one epoch is 42.05219554901123s
The final acc is 0.9194, 0.9000, 0.9243
