Namespace(data_dir='/data/yihua/dataset/celeba/celeba.hdf5', result_dir='crop_study', checkpoint=None, resume=False, domain_attrs='Male', target_attrs='Blond_Hair', exp_name=None, batch_size=512, lr=0.0001, wd=2e-05, epochs=20, seed=2022, num_workers=8, arch='resnet9', evaluate=False, total_num=5000, test_num=1000, gv=120.0, gr=0.3, minor_ratio=0.2, add_aug='crop')
======================================= Epoch 0 =======================================
================= Test Set =================
+++++++++++ Find New Best Min ACC +++++++++++
The acc is 0.4624, 0.4186, 0.5000
Time Consumption for one epoch is 16.798643112182617s
======================================= Epoch 1 =======================================
================= Test Set =================
The acc is 0.4624, 0.4186, 0.5000
Time Consumption for one epoch is 14.603997230529785s
======================================= Epoch 2 =======================================
================= Test Set =================
+++++++++++ Find New Best Min ACC +++++++++++
The acc is 0.4699, 0.4233, 0.5100
Time Consumption for one epoch is 15.061904191970825s
======================================= Epoch 3 =======================================
================= Test Set =================
+++++++++++ Find New Best Min ACC +++++++++++
The acc is 0.6903, 0.6465, 0.7280
Time Consumption for one epoch is 14.415903806686401s
======================================= Epoch 4 =======================================
================= Test Set =================
+++++++++++ Find New Best Min ACC +++++++++++
The acc is 0.7914, 0.7581, 0.8200
Time Consumption for one epoch is 14.736270189285278s
======================================= Epoch 5 =======================================
================= Test Set =================
+++++++++++ Find New Best Min ACC +++++++++++
The acc is 0.8688, 0.8605, 0.8760
Time Consumption for one epoch is 14.720645904541016s
======================================= Epoch 6 =======================================
================= Test Set =================
The acc is 0.8688, 0.8605, 0.8760
Time Consumption for one epoch is 14.092708349227905s
======================================= Epoch 7 =======================================
================= Test Set =================
The acc is 0.8688, 0.8605, 0.8760
Time Consumption for one epoch is 14.847461462020874s
======================================= Epoch 8 =======================================
================= Test Set =================
+++++++++++ Find New Best Min ACC +++++++++++
The acc is 0.8720, 0.8395, 0.9000
Time Consumption for one epoch is 14.65691328048706s
======================================= Epoch 9 =======================================
================= Test Set =================
+++++++++++ Find New Best Min ACC +++++++++++
The acc is 0.8892, 0.8721, 0.9040
Time Consumption for one epoch is 14.42210602760315s
======================================= Epoch 10 =======================================
================= Test Set =================
The acc is 0.8892, 0.8721, 0.9040
Time Consumption for one epoch is 14.88948917388916s
======================================= Epoch 11 =======================================
================= Test Set =================
The acc is 0.8892, 0.8721, 0.9040
Time Consumption for one epoch is 14.721261262893677s
======================================= Epoch 12 =======================================
================= Test Set =================
The acc is 0.8892, 0.8721, 0.9040
Time Consumption for one epoch is 14.272665739059448s
======================================= Epoch 13 =======================================
================= Test Set =================
The acc is 0.8892, 0.8721, 0.9040
Time Consumption for one epoch is 14.233827590942383s
======================================= Epoch 14 =======================================
================= Test Set =================
+++++++++++ Find New Best Min ACC +++++++++++
The acc is 0.8914, 0.8791, 0.9020
Time Consumption for one epoch is 15.132509231567383s
======================================= Epoch 15 =======================================
================= Test Set =================
The acc is 0.8914, 0.8791, 0.9020
Time Consumption for one epoch is 14.095857620239258s
======================================= Epoch 16 =======================================
================= Test Set =================
+++++++++++ Find New Best Min ACC +++++++++++
The acc is 0.8946, 0.8721, 0.9140
Time Consumption for one epoch is 14.612051010131836s
======================================= Epoch 17 =======================================
================= Test Set =================
+++++++++++ Find New Best Min ACC +++++++++++
The acc is 0.8968, 0.8791, 0.9120
Time Consumption for one epoch is 14.407635927200317s
======================================= Epoch 18 =======================================
================= Test Set =================
+++++++++++ Find New Best Min ACC +++++++++++
The acc is 0.8978, 0.8814, 0.9120
Time Consumption for one epoch is 14.705329179763794s
======================================= Epoch 19 =======================================
================= Test Set =================
+++++++++++ Find New Best Min ACC +++++++++++
The acc is 0.9011, 0.8884, 0.9120
Time Consumption for one epoch is 15.34371280670166s
The final acc is 0.9011, 0.8884, 0.9120
