Namespace(data_dir='/data/yihua/dataset/celeba/celeba.hdf5', result_dir='crop_study', checkpoint=None, resume=False, domain_attrs='Male', target_attrs='Blond_Hair', exp_name=None, batch_size=512, lr=0.0001, wd=2e-05, epochs=20, seed=2022, num_workers=8, arch='resnet9', evaluate=False, total_num=5000, test_num=1000, gv=140.0, gr=0.3, minor_ratio=0.2, add_aug='crop')
======================================= Epoch 0 =======================================
================= Test Set =================
+++++++++++ Find New Best Min ACC +++++++++++
The acc is 0.4624, 0.4186, 0.5000
Time Consumption for one epoch is 16.63166642189026s
======================================= Epoch 1 =======================================
================= Test Set =================
The acc is 0.4624, 0.4186, 0.5000
Time Consumption for one epoch is 13.746559858322144s
======================================= Epoch 2 =======================================
================= Test Set =================
+++++++++++ Find New Best Min ACC +++++++++++
The acc is 0.4699, 0.4233, 0.5100
Time Consumption for one epoch is 14.343813180923462s
======================================= Epoch 3 =======================================
================= Test Set =================
+++++++++++ Find New Best Min ACC +++++++++++
The acc is 0.7613, 0.7047, 0.8100
Time Consumption for one epoch is 14.642992973327637s
======================================= Epoch 4 =======================================
================= Test Set =================
+++++++++++ Find New Best Min ACC +++++++++++
The acc is 0.7688, 0.7279, 0.8040
Time Consumption for one epoch is 14.499975681304932s
======================================= Epoch 5 =======================================
================= Test Set =================
+++++++++++ Find New Best Min ACC +++++++++++
The acc is 0.8753, 0.8488, 0.8980
Time Consumption for one epoch is 14.7632737159729s
======================================= Epoch 6 =======================================
================= Test Set =================
The acc is 0.8753, 0.8488, 0.8980
Time Consumption for one epoch is 14.152894735336304s
======================================= Epoch 7 =======================================
================= Test Set =================
The acc is 0.8753, 0.8488, 0.8980
Time Consumption for one epoch is 14.751048803329468s
======================================= Epoch 8 =======================================
================= Test Set =================
+++++++++++ Find New Best Min ACC +++++++++++
The acc is 0.8860, 0.8674, 0.9020
Time Consumption for one epoch is 15.031349182128906s
======================================= Epoch 9 =======================================
================= Test Set =================
+++++++++++ Find New Best Min ACC +++++++++++
The acc is 0.8957, 0.8791, 0.9100
Time Consumption for one epoch is 14.68058443069458s
======================================= Epoch 10 =======================================
================= Test Set =================
The acc is 0.8957, 0.8791, 0.9100
Time Consumption for one epoch is 14.467670202255249s
======================================= Epoch 11 =======================================
================= Test Set =================
The acc is 0.8957, 0.8791, 0.9100
Time Consumption for one epoch is 14.855425357818604s
======================================= Epoch 12 =======================================
================= Test Set =================
The acc is 0.8957, 0.8791, 0.9100
Time Consumption for one epoch is 14.509353637695312s
======================================= Epoch 13 =======================================
================= Test Set =================
The acc is 0.8957, 0.8791, 0.9100
Time Consumption for one epoch is 14.390648603439331s
======================================= Epoch 14 =======================================
================= Test Set =================
The acc is 0.8957, 0.8791, 0.9100
Time Consumption for one epoch is 14.646472930908203s
======================================= Epoch 15 =======================================
================= Test Set =================
The acc is 0.8957, 0.8791, 0.9100
Time Consumption for one epoch is 14.303855657577515s
======================================= Epoch 16 =======================================
================= Test Set =================
+++++++++++ Find New Best Min ACC +++++++++++
The acc is 0.8989, 0.8837, 0.9120
Time Consumption for one epoch is 14.93420672416687s
======================================= Epoch 17 =======================================
================= Test Set =================
The acc is 0.8989, 0.8837, 0.9120
Time Consumption for one epoch is 14.510363101959229s
======================================= Epoch 18 =======================================
================= Test Set =================
The acc is 0.8989, 0.8837, 0.9120
Time Consumption for one epoch is 15.089074611663818s
======================================= Epoch 19 =======================================
================= Test Set =================
The acc is 0.8989, 0.8837, 0.9120
Time Consumption for one epoch is 14.439416408538818s
The final acc is 0.8989, 0.8837, 0.9120
