Namespace(data_dir='/data/yihua/dataset/celeba/celeba.hdf5', result_dir='results', checkpoint=None, resume=False, domain_attrs='Male', target_attrs='Blond_Hair', exp_name=None, batch_size=512, lr=0.0001, wd=2e-05, epochs=20, seed=2022, num_workers=8, arch='resnet9', evaluate=False, gv=0.1, gr=0.1)
======================================= Epoch 0 =======================================
================= Test Set =================
+++++++++++ Find New Best Min ACC +++++++++++
The acc is 0.5322, 0.5139, 0.5368
Time Consumption for one epoch is 30.79437780380249s
======================================= Epoch 1 =======================================
================= Test Set =================
+++++++++++ Find New Best Min ACC +++++++++++
The acc is 0.8594, 0.8056, 0.8729
Time Consumption for one epoch is 25.622268199920654s
======================================= Epoch 2 =======================================
================= Test Set =================
The acc is 0.8594, 0.8056, 0.8729
Time Consumption for one epoch is 27.6793270111084s
======================================= Epoch 3 =======================================
================= Test Set =================
+++++++++++ Find New Best Min ACC +++++++++++
The acc is 0.9006, 0.8472, 0.9139
Time Consumption for one epoch is 27.106780767440796s
======================================= Epoch 4 =======================================
================= Test Set =================
The acc is 0.9006, 0.8472, 0.9139
Time Consumption for one epoch is 26.803969144821167s
======================================= Epoch 5 =======================================
================= Test Set =================
The acc is 0.9006, 0.8472, 0.9139
Time Consumption for one epoch is 26.186094284057617s
======================================= Epoch 6 =======================================
================= Test Set =================
The acc is 0.9006, 0.8472, 0.9139
Time Consumption for one epoch is 26.28976273536682s
======================================= Epoch 7 =======================================
================= Test Set =================
The acc is 0.9006, 0.8472, 0.9139
Time Consumption for one epoch is 24.840914011001587s
======================================= Epoch 8 =======================================
================= Test Set =================
The acc is 0.9006, 0.8472, 0.9139
Time Consumption for one epoch is 28.18736243247986s
======================================= Epoch 9 =======================================
================= Test Set =================
+++++++++++ Find New Best Min ACC +++++++++++
The acc is 0.9100, 0.8806, 0.9174
Time Consumption for one epoch is 26.29095482826233s
======================================= Epoch 10 =======================================
================= Test Set =================
+++++++++++ Find New Best Min ACC +++++++++++
The acc is 0.9172, 0.8889, 0.9243
Time Consumption for one epoch is 27.09552240371704s
======================================= Epoch 11 =======================================
================= Test Set =================
The acc is 0.9172, 0.8889, 0.9243
Time Consumption for one epoch is 26.274725437164307s
======================================= Epoch 12 =======================================
================= Test Set =================
+++++++++++ Find New Best Min ACC +++++++++++
The acc is 0.9194, 0.8917, 0.9264
Time Consumption for one epoch is 27.174827575683594s
======================================= Epoch 13 =======================================
================= Test Set =================
The acc is 0.9194, 0.8917, 0.9264
Time Consumption for one epoch is 26.764238357543945s
======================================= Epoch 14 =======================================
================= Test Set =================
The acc is 0.9194, 0.8917, 0.9264
Time Consumption for one epoch is 26.50197148323059s
======================================= Epoch 15 =======================================
================= Test Set =================
The acc is 0.9194, 0.8917, 0.9264
Time Consumption for one epoch is 27.368298530578613s
======================================= Epoch 16 =======================================
================= Test Set =================
The acc is 0.9194, 0.8917, 0.9264
Time Consumption for one epoch is 26.28358817100525s
======================================= Epoch 17 =======================================
================= Test Set =================
+++++++++++ Find New Best Min ACC +++++++++++
The acc is 0.9250, 0.9083, 0.9292
Time Consumption for one epoch is 25.869866371154785s
======================================= Epoch 18 =======================================
================= Test Set =================
The acc is 0.9250, 0.9083, 0.9292
Time Consumption for one epoch is 27.840596914291382s
======================================= Epoch 19 =======================================
================= Test Set =================
The acc is 0.9250, 0.9083, 0.9292
Time Consumption for one epoch is 27.287628650665283s
The final acc is 0.9250, 0.9083, 0.9292
