Namespace(data_dir='/data/yihua/dataset/celeba/celeba.hdf5', result_dir='results', checkpoint=None, resume=False, domain_attrs='Male', target_attrs='Blond_Hair', exp_name=None, batch_size=512, lr=0.0001, wd=2e-05, epochs=20, seed=2022, num_workers=8, arch='resnet9', evaluate=False, gv=0.45, gr=0.1)
======================================= Epoch 0 =======================================
================= Test Set =================
+++++++++++ Find New Best Min ACC +++++++++++
The acc is 0.5844, 0.5389, 0.5958
Time Consumption for one epoch is 26.39568591117859s
======================================= Epoch 1 =======================================
================= Test Set =================
+++++++++++ Find New Best Min ACC +++++++++++
The acc is 0.8539, 0.7889, 0.8701
Time Consumption for one epoch is 25.172194719314575s
======================================= Epoch 2 =======================================
================= Test Set =================
The acc is 0.8539, 0.7889, 0.8701
Time Consumption for one epoch is 23.433029174804688s
======================================= Epoch 3 =======================================
================= Test Set =================
+++++++++++ Find New Best Min ACC +++++++++++
The acc is 0.9006, 0.8583, 0.9111
Time Consumption for one epoch is 24.991416692733765s
======================================= Epoch 4 =======================================
================= Test Set =================
The acc is 0.9006, 0.8583, 0.9111
Time Consumption for one epoch is 24.248051166534424s
======================================= Epoch 5 =======================================
================= Test Set =================
The acc is 0.9006, 0.8583, 0.9111
Time Consumption for one epoch is 23.50714683532715s
======================================= Epoch 6 =======================================
================= Test Set =================
The acc is 0.9006, 0.8583, 0.9111
Time Consumption for one epoch is 25.06192183494568s
======================================= Epoch 7 =======================================
================= Test Set =================
The acc is 0.9006, 0.8583, 0.9111
Time Consumption for one epoch is 24.520928382873535s
======================================= Epoch 8 =======================================
================= Test Set =================
The acc is 0.9006, 0.8583, 0.9111
Time Consumption for one epoch is 24.763065338134766s
======================================= Epoch 9 =======================================
================= Test Set =================
+++++++++++ Find New Best Min ACC +++++++++++
The acc is 0.9017, 0.8750, 0.9083
Time Consumption for one epoch is 22.855172634124756s
======================================= Epoch 10 =======================================
================= Test Set =================
+++++++++++ Find New Best Min ACC +++++++++++
The acc is 0.9117, 0.8833, 0.9187
Time Consumption for one epoch is 24.24226713180542s
======================================= Epoch 11 =======================================
================= Test Set =================
The acc is 0.9117, 0.8833, 0.9187
Time Consumption for one epoch is 23.308475971221924s
======================================= Epoch 12 =======================================
================= Test Set =================
+++++++++++ Find New Best Min ACC +++++++++++
The acc is 0.9150, 0.8806, 0.9236
Time Consumption for one epoch is 24.28807020187378s
======================================= Epoch 13 =======================================
================= Test Set =================
The acc is 0.9150, 0.8806, 0.9236
Time Consumption for one epoch is 23.134990215301514s
======================================= Epoch 14 =======================================
================= Test Set =================
+++++++++++ Find New Best Min ACC +++++++++++
The acc is 0.9167, 0.8972, 0.9215
Time Consumption for one epoch is 23.363696813583374s
======================================= Epoch 15 =======================================
================= Test Set =================
The acc is 0.9167, 0.8972, 0.9215
Time Consumption for one epoch is 23.312320947647095s
======================================= Epoch 16 =======================================
================= Test Set =================
The acc is 0.9167, 0.8972, 0.9215
Time Consumption for one epoch is 23.891535758972168s
======================================= Epoch 17 =======================================
================= Test Set =================
+++++++++++ Find New Best Min ACC +++++++++++
The acc is 0.9217, 0.9056, 0.9257
Time Consumption for one epoch is 24.545578002929688s
======================================= Epoch 18 =======================================
================= Test Set =================
The acc is 0.9217, 0.9056, 0.9257
Time Consumption for one epoch is 25.388399362564087s
======================================= Epoch 19 =======================================
================= Test Set =================
The acc is 0.9217, 0.9056, 0.9257
Time Consumption for one epoch is 24.534090280532837s
The final acc is 0.9217, 0.9056, 0.9257
