Namespace(data_dir='/data/yihua/dataset/celeba/celeba.hdf5', result_dir='crop_study', checkpoint=None, resume=False, domain_attrs='Male', target_attrs='Blond_Hair', exp_name=None, batch_size=512, lr=0.0001, wd=2e-05, epochs=20, seed=2022, num_workers=8, arch='resnet9', evaluate=False, total_num=5000, test_num=1000, gv=100.0, gr=0.5, minor_ratio=0.2, add_aug='crop')
======================================= Epoch 0 =======================================
================= Test Set =================
+++++++++++ Find New Best Min ACC +++++++++++
The acc is 0.4624, 0.4186, 0.5000
Time Consumption for one epoch is 16.054811477661133s
======================================= Epoch 1 =======================================
================= Test Set =================
The acc is 0.4624, 0.4186, 0.5000
Time Consumption for one epoch is 13.7439546585083s
======================================= Epoch 2 =======================================
================= Test Set =================
+++++++++++ Find New Best Min ACC +++++++++++
The acc is 0.4710, 0.4233, 0.5120
Time Consumption for one epoch is 13.980964183807373s
======================================= Epoch 3 =======================================
================= Test Set =================
+++++++++++ Find New Best Min ACC +++++++++++
The acc is 0.7172, 0.6419, 0.7820
Time Consumption for one epoch is 14.126302003860474s
======================================= Epoch 4 =======================================
================= Test Set =================
+++++++++++ Find New Best Min ACC +++++++++++
The acc is 0.8527, 0.8233, 0.8780
Time Consumption for one epoch is 14.651615381240845s
======================================= Epoch 5 =======================================
================= Test Set =================
+++++++++++ Find New Best Min ACC +++++++++++
The acc is 0.8742, 0.8512, 0.8940
Time Consumption for one epoch is 13.87846851348877s
======================================= Epoch 6 =======================================
================= Test Set =================
+++++++++++ Find New Best Min ACC +++++++++++
The acc is 0.8785, 0.8488, 0.9040
Time Consumption for one epoch is 13.908840417861938s
======================================= Epoch 7 =======================================
================= Test Set =================
The acc is 0.8785, 0.8488, 0.9040
Time Consumption for one epoch is 14.123271942138672s
======================================= Epoch 8 =======================================
================= Test Set =================
The acc is 0.8785, 0.8488, 0.9040
Time Consumption for one epoch is 14.279555559158325s
======================================= Epoch 9 =======================================
================= Test Set =================
The acc is 0.8785, 0.8488, 0.9040
Time Consumption for one epoch is 13.979860782623291s
======================================= Epoch 10 =======================================
================= Test Set =================
The acc is 0.8785, 0.8488, 0.9040
Time Consumption for one epoch is 14.20130729675293s
======================================= Epoch 11 =======================================
================= Test Set =================
+++++++++++ Find New Best Min ACC +++++++++++
The acc is 0.8892, 0.8791, 0.8980
Time Consumption for one epoch is 14.385880708694458s
======================================= Epoch 12 =======================================
================= Test Set =================
+++++++++++ Find New Best Min ACC +++++++++++
The acc is 0.8957, 0.8860, 0.9040
Time Consumption for one epoch is 14.065304279327393s
======================================= Epoch 13 =======================================
================= Test Set =================
The acc is 0.8957, 0.8860, 0.9040
Time Consumption for one epoch is 14.037309169769287s
======================================= Epoch 14 =======================================
================= Test Set =================
+++++++++++ Find New Best Min ACC +++++++++++
The acc is 0.8968, 0.8837, 0.9080
Time Consumption for one epoch is 14.480665922164917s
======================================= Epoch 15 =======================================
================= Test Set =================
The acc is 0.8968, 0.8837, 0.9080
Time Consumption for one epoch is 14.403019905090332s
======================================= Epoch 16 =======================================
================= Test Set =================
+++++++++++ Find New Best Min ACC +++++++++++
The acc is 0.9043, 0.8953, 0.9120
Time Consumption for one epoch is 14.109601974487305s
======================================= Epoch 17 =======================================
================= Test Set =================
+++++++++++ Find New Best Min ACC +++++++++++
The acc is 0.9065, 0.9000, 0.9120
Time Consumption for one epoch is 14.061647653579712s
======================================= Epoch 18 =======================================
================= Test Set =================
The acc is 0.9065, 0.9000, 0.9120
Time Consumption for one epoch is 14.041968822479248s
======================================= Epoch 19 =======================================
================= Test Set =================
The acc is 0.9065, 0.9000, 0.9120
Time Consumption for one epoch is 13.963786602020264s
The final acc is 0.9065, 0.9000, 0.9120
