Namespace(data_dir='/data/yihua/dataset/celeba/celeba.hdf5', result_dir='results', checkpoint=None, resume=False, domain_attrs='Male', target_attrs='Heavy_Makeup', exp_name=None, batch_size=512, lr=0.0001, wd=2e-05, epochs=20, seed=2020, num_workers=8, arch='resnet9', evaluate=False, gv=1e-06, gr=0.3)
======================================= Epoch 0 =======================================
================= Test Set =================
+++++++++++ Find New Best Min ACC +++++++++++
The acc is 0.5000, 0.5000, 0.5000
Time Consumption for one epoch is 8.325483322143555s
======================================= Epoch 1 =======================================
================= Test Set =================
The acc is 0.5000, 0.5000, 0.5000
Time Consumption for one epoch is 9.328991174697876s
======================================= Epoch 2 =======================================
================= Test Set =================
The acc is 0.5000, 0.5000, 0.5000
Time Consumption for one epoch is 8.333329200744629s
======================================= Epoch 3 =======================================
================= Test Set =================
The acc is 0.5000, 0.5000, 0.5000
Time Consumption for one epoch is 8.40694808959961s
======================================= Epoch 4 =======================================
================= Test Set =================
+++++++++++ Find New Best Min ACC +++++++++++
The acc is 0.5045, 0.5227, 0.5000
Time Consumption for one epoch is 9.513299942016602s
======================================= Epoch 5 =======================================
================= Test Set =================
The acc is 0.5045, 0.5227, 0.5000
Time Consumption for one epoch is 8.098315715789795s
======================================= Epoch 6 =======================================
================= Test Set =================
The acc is 0.5045, 0.5227, 0.5000
Time Consumption for one epoch is 9.105810165405273s
======================================= Epoch 7 =======================================
================= Test Set =================
+++++++++++ Find New Best Min ACC +++++++++++
The acc is 0.5136, 0.5000, 0.5170
Time Consumption for one epoch is 9.483393669128418s
======================================= Epoch 8 =======================================
================= Test Set =================
+++++++++++ Find New Best Min ACC +++++++++++
The acc is 0.6000, 0.5455, 0.6136
Time Consumption for one epoch is 8.912486553192139s
======================================= Epoch 9 =======================================
================= Test Set =================
+++++++++++ Find New Best Min ACC +++++++++++
The acc is 0.6409, 0.5455, 0.6648
Time Consumption for one epoch is 10.4019193649292s
======================================= Epoch 10 =======================================
================= Test Set =================
+++++++++++ Find New Best Min ACC +++++++++++
The acc is 0.6455, 0.5909, 0.6591
Time Consumption for one epoch is 9.374345541000366s
======================================= Epoch 11 =======================================
================= Test Set =================
+++++++++++ Find New Best Min ACC +++++++++++
The acc is 0.6500, 0.5909, 0.6648
Time Consumption for one epoch is 8.349859476089478s
======================================= Epoch 12 =======================================
================= Test Set =================
+++++++++++ Find New Best Min ACC +++++++++++
The acc is 0.6727, 0.7273, 0.6591
Time Consumption for one epoch is 9.917454242706299s
======================================= Epoch 13 =======================================
================= Test Set =================
The acc is 0.6727, 0.7273, 0.6591
Time Consumption for one epoch is 8.756232261657715s
======================================= Epoch 14 =======================================
================= Test Set =================
+++++++++++ Find New Best Min ACC +++++++++++
The acc is 0.6955, 0.7045, 0.6932
Time Consumption for one epoch is 9.141379594802856s
======================================= Epoch 15 =======================================
================= Test Set =================
+++++++++++ Find New Best Min ACC +++++++++++
The acc is 0.7045, 0.6364, 0.7216
Time Consumption for one epoch is 9.477420806884766s
======================================= Epoch 16 =======================================
================= Test Set =================
+++++++++++ Find New Best Min ACC +++++++++++
The acc is 0.7273, 0.6818, 0.7386
Time Consumption for one epoch is 8.15207290649414s
======================================= Epoch 17 =======================================
================= Test Set =================
The acc is 0.7273, 0.6818, 0.7386
Time Consumption for one epoch is 9.440284967422485s
======================================= Epoch 18 =======================================
================= Test Set =================
The acc is 0.7273, 0.6818, 0.7386
Time Consumption for one epoch is 8.510104179382324s
======================================= Epoch 19 =======================================
================= Test Set =================
The acc is 0.7273, 0.6818, 0.7386
Time Consumption for one epoch is 8.017099380493164s
The final acc is 0.7273, 0.6818, 0.7386
