Namespace(data_dir='/data/yihua/dataset/celeba/celeba.hdf5', result_dir='results', checkpoint=None, resume=False, domain_attrs='Male', target_attrs='Blond_Hair', exp_name=None, batch_size=512, lr=0.0001, wd=2e-05, epochs=20, seed=2022, num_workers=8, arch='resnet9', evaluate=False, gv=0.1, gr=0.5)
======================================= Epoch 0 =======================================
================= Test Set =================
+++++++++++ Find New Best Min ACC +++++++++++
The acc is 0.6561, 0.5778, 0.6757
Time Consumption for one epoch is 27.43117880821228s
======================================= Epoch 1 =======================================
================= Test Set =================
+++++++++++ Find New Best Min ACC +++++++++++
The acc is 0.8833, 0.8111, 0.9014
Time Consumption for one epoch is 27.16755509376526s
======================================= Epoch 2 =======================================
================= Test Set =================
+++++++++++ Find New Best Min ACC +++++++++++
The acc is 0.8894, 0.8333, 0.9035
Time Consumption for one epoch is 26.01397967338562s
======================================= Epoch 3 =======================================
================= Test Set =================
+++++++++++ Find New Best Min ACC +++++++++++
The acc is 0.9028, 0.8861, 0.9069
Time Consumption for one epoch is 26.41561245918274s
======================================= Epoch 4 =======================================
================= Test Set =================
+++++++++++ Find New Best Min ACC +++++++++++
The acc is 0.9089, 0.8972, 0.9118
Time Consumption for one epoch is 25.150691032409668s
======================================= Epoch 5 =======================================
================= Test Set =================
+++++++++++ Find New Best Min ACC +++++++++++
The acc is 0.9094, 0.8889, 0.9146
Time Consumption for one epoch is 25.79964590072632s
======================================= Epoch 6 =======================================
================= Test Set =================
+++++++++++ Find New Best Min ACC +++++++++++
The acc is 0.9111, 0.8833, 0.9181
Time Consumption for one epoch is 25.687344551086426s
======================================= Epoch 7 =======================================
================= Test Set =================
+++++++++++ Find New Best Min ACC +++++++++++
The acc is 0.9128, 0.8861, 0.9194
Time Consumption for one epoch is 25.676647424697876s
======================================= Epoch 8 =======================================
================= Test Set =================
The acc is 0.9128, 0.8861, 0.9194
Time Consumption for one epoch is 24.010507822036743s
======================================= Epoch 9 =======================================
================= Test Set =================
The acc is 0.9128, 0.8861, 0.9194
Time Consumption for one epoch is 23.843211889266968s
======================================= Epoch 10 =======================================
================= Test Set =================
The acc is 0.9128, 0.8861, 0.9194
Time Consumption for one epoch is 24.133966207504272s
======================================= Epoch 11 =======================================
================= Test Set =================
+++++++++++ Find New Best Min ACC +++++++++++
The acc is 0.9156, 0.9139, 0.9160
Time Consumption for one epoch is 24.895312547683716s
======================================= Epoch 12 =======================================
================= Test Set =================
The acc is 0.9156, 0.9139, 0.9160
Time Consumption for one epoch is 25.649864673614502s
======================================= Epoch 13 =======================================
================= Test Set =================
+++++++++++ Find New Best Min ACC +++++++++++
The acc is 0.9172, 0.9083, 0.9194
Time Consumption for one epoch is 24.45055627822876s
======================================= Epoch 14 =======================================
================= Test Set =================
The acc is 0.9172, 0.9083, 0.9194
Time Consumption for one epoch is 25.31350541114807s
======================================= Epoch 15 =======================================
================= Test Set =================
The acc is 0.9172, 0.9083, 0.9194
Time Consumption for one epoch is 25.384910345077515s
======================================= Epoch 16 =======================================
================= Test Set =================
+++++++++++ Find New Best Min ACC +++++++++++
The acc is 0.9178, 0.9000, 0.9222
Time Consumption for one epoch is 25.406436681747437s
======================================= Epoch 17 =======================================
================= Test Set =================
The acc is 0.9178, 0.9000, 0.9222
Time Consumption for one epoch is 26.027936935424805s
======================================= Epoch 18 =======================================
================= Test Set =================
The acc is 0.9178, 0.9000, 0.9222
Time Consumption for one epoch is 25.58760094642639s
======================================= Epoch 19 =======================================
================= Test Set =================
The acc is 0.9178, 0.9000, 0.9222
Time Consumption for one epoch is 24.578908920288086s
The final acc is 0.9178, 0.9000, 0.9222
