Namespace(data_dir='/data/yihua/dataset/celeba/celeba.hdf5', result_dir='results', checkpoint=None, resume=False, domain_attrs='Male', target_attrs='Blond_Hair', exp_name=None, batch_size=512, lr=0.0001, wd=2e-05, epochs=20, seed=2021, num_workers=8, arch='resnet9', evaluate=False, gv=10.0, gr=0.3)
======================================= Epoch 0 =======================================
================= Test Set =================
+++++++++++ Find New Best Min ACC +++++++++++
The acc is 0.8311, 0.8028, 0.8382
Time Consumption for one epoch is 26.65663433074951s
======================================= Epoch 1 =======================================
================= Test Set =================
The acc is 0.8311, 0.8028, 0.8382
Time Consumption for one epoch is 24.98855233192444s
======================================= Epoch 2 =======================================
================= Test Set =================
+++++++++++ Find New Best Min ACC +++++++++++
The acc is 0.8661, 0.8111, 0.8799
Time Consumption for one epoch is 25.16125249862671s
======================================= Epoch 3 =======================================
================= Test Set =================
+++++++++++ Find New Best Min ACC +++++++++++
The acc is 0.8900, 0.8528, 0.8993
Time Consumption for one epoch is 24.53914475440979s
======================================= Epoch 4 =======================================
================= Test Set =================
The acc is 0.8900, 0.8528, 0.8993
Time Consumption for one epoch is 23.241238355636597s
======================================= Epoch 5 =======================================
================= Test Set =================
+++++++++++ Find New Best Min ACC +++++++++++
The acc is 0.8972, 0.8778, 0.9021
Time Consumption for one epoch is 26.2800190448761s
======================================= Epoch 6 =======================================
================= Test Set =================
+++++++++++ Find New Best Min ACC +++++++++++
The acc is 0.9056, 0.8833, 0.9111
Time Consumption for one epoch is 25.841979265213013s
======================================= Epoch 7 =======================================
================= Test Set =================
The acc is 0.9056, 0.8833, 0.9111
Time Consumption for one epoch is 24.864035844802856s
======================================= Epoch 8 =======================================
================= Test Set =================
The acc is 0.9056, 0.8833, 0.9111
Time Consumption for one epoch is 24.88320302963257s
======================================= Epoch 9 =======================================
================= Test Set =================
The acc is 0.9056, 0.8833, 0.9111
Time Consumption for one epoch is 25.48246955871582s
======================================= Epoch 10 =======================================
================= Test Set =================
The acc is 0.9056, 0.8833, 0.9111
Time Consumption for one epoch is 24.232232570648193s
======================================= Epoch 11 =======================================
================= Test Set =================
The acc is 0.9056, 0.8833, 0.9111
Time Consumption for one epoch is 23.56446862220764s
======================================= Epoch 12 =======================================
================= Test Set =================
+++++++++++ Find New Best Min ACC +++++++++++
The acc is 0.9117, 0.8806, 0.9194
Time Consumption for one epoch is 23.63973045349121s
======================================= Epoch 13 =======================================
================= Test Set =================
The acc is 0.9117, 0.8806, 0.9194
Time Consumption for one epoch is 25.036357641220093s
======================================= Epoch 14 =======================================
================= Test Set =================
The acc is 0.9117, 0.8806, 0.9194
Time Consumption for one epoch is 24.524018049240112s
======================================= Epoch 15 =======================================
================= Test Set =================
The acc is 0.9117, 0.8806, 0.9194
Time Consumption for one epoch is 24.20689606666565s
======================================= Epoch 16 =======================================
================= Test Set =================
+++++++++++ Find New Best Min ACC +++++++++++
The acc is 0.9156, 0.8972, 0.9201
Time Consumption for one epoch is 24.750322341918945s
======================================= Epoch 17 =======================================
================= Test Set =================
The acc is 0.9156, 0.8972, 0.9201
Time Consumption for one epoch is 24.42873454093933s
======================================= Epoch 18 =======================================
================= Test Set =================
+++++++++++ Find New Best Min ACC +++++++++++
The acc is 0.9194, 0.9056, 0.9229
Time Consumption for one epoch is 24.036360263824463s
======================================= Epoch 19 =======================================
================= Test Set =================
The acc is 0.9194, 0.9056, 0.9229
Time Consumption for one epoch is 25.099589824676514s
The final acc is 0.9194, 0.9056, 0.9229
