Namespace(data_dir='/data/yihua/dataset/celeba/celeba.hdf5', result_dir='results', checkpoint=None, resume=False, domain_attrs='Male', target_attrs='Heavy_Makeup', exp_name=None, batch_size=512, lr=0.0001, wd=2e-05, epochs=20, seed=2020, num_workers=8, arch='resnet9', evaluate=False, gv=10.0, gr=0.5)
======================================= Epoch 0 =======================================
================= Test Set =================
+++++++++++ Find New Best Min ACC +++++++++++
The acc is 0.5000, 0.5000, 0.5000
Time Consumption for one epoch is 9.165875673294067s
======================================= Epoch 1 =======================================
================= Test Set =================
The acc is 0.5000, 0.5000, 0.5000
Time Consumption for one epoch is 9.4447762966156s
======================================= Epoch 2 =======================================
================= Test Set =================
The acc is 0.5000, 0.5000, 0.5000
Time Consumption for one epoch is 9.90239930152893s
======================================= Epoch 3 =======================================
================= Test Set =================
The acc is 0.5000, 0.5000, 0.5000
Time Consumption for one epoch is 8.515307188034058s
======================================= Epoch 4 =======================================
================= Test Set =================
+++++++++++ Find New Best Min ACC +++++++++++
The acc is 0.6000, 0.5227, 0.6193
Time Consumption for one epoch is 9.45943284034729s
======================================= Epoch 5 =======================================
================= Test Set =================
The acc is 0.6000, 0.5227, 0.6193
Time Consumption for one epoch is 9.02141523361206s
======================================= Epoch 6 =======================================
================= Test Set =================
+++++++++++ Find New Best Min ACC +++++++++++
The acc is 0.6318, 0.5455, 0.6534
Time Consumption for one epoch is 7.970333099365234s
======================================= Epoch 7 =======================================
================= Test Set =================
+++++++++++ Find New Best Min ACC +++++++++++
The acc is 0.6409, 0.5227, 0.6705
Time Consumption for one epoch is 8.786253213882446s
======================================= Epoch 8 =======================================
================= Test Set =================
The acc is 0.6409, 0.5227, 0.6705
Time Consumption for one epoch is 9.425652503967285s
======================================= Epoch 9 =======================================
================= Test Set =================
The acc is 0.6409, 0.5227, 0.6705
Time Consumption for one epoch is 7.65496826171875s
======================================= Epoch 10 =======================================
================= Test Set =================
+++++++++++ Find New Best Min ACC +++++++++++
The acc is 0.6455, 0.5909, 0.6591
Time Consumption for one epoch is 8.999226093292236s
======================================= Epoch 11 =======================================
================= Test Set =================
The acc is 0.6455, 0.5909, 0.6591
Time Consumption for one epoch is 9.767250537872314s
======================================= Epoch 12 =======================================
================= Test Set =================
The acc is 0.6455, 0.5909, 0.6591
Time Consumption for one epoch is 8.080955743789673s
======================================= Epoch 13 =======================================
================= Test Set =================
The acc is 0.6455, 0.5909, 0.6591
Time Consumption for one epoch is 8.533323764801025s
======================================= Epoch 14 =======================================
================= Test Set =================
The acc is 0.6455, 0.5909, 0.6591
Time Consumption for one epoch is 9.165607690811157s
======================================= Epoch 15 =======================================
================= Test Set =================
+++++++++++ Find New Best Min ACC +++++++++++
The acc is 0.6500, 0.5455, 0.6761
Time Consumption for one epoch is 7.6134538650512695s
======================================= Epoch 16 =======================================
================= Test Set =================
The acc is 0.6500, 0.5455, 0.6761
Time Consumption for one epoch is 8.623918771743774s
======================================= Epoch 17 =======================================
================= Test Set =================
+++++++++++ Find New Best Min ACC +++++++++++
The acc is 0.6955, 0.5909, 0.7216
Time Consumption for one epoch is 9.512782573699951s
======================================= Epoch 18 =======================================
================= Test Set =================
The acc is 0.6955, 0.5909, 0.7216
Time Consumption for one epoch is 7.941464900970459s
======================================= Epoch 19 =======================================
================= Test Set =================
The acc is 0.6955, 0.5909, 0.7216
Time Consumption for one epoch is 9.169718980789185s
The final acc is 0.6955, 0.5909, 0.7216
