Namespace(data_dir='/data/yihua/dataset/celeba/celeba.hdf5', result_dir='crop_study', checkpoint=None, resume=False, domain_attrs='Male', target_attrs='Blond_Hair', exp_name=None, batch_size=512, lr=0.0001, wd=2e-05, epochs=20, seed=2020, num_workers=8, arch='resnet9', evaluate=False, total_num=5000, test_num=1000, gv=140.0, gr=0.1, minor_ratio=0.2, add_aug='crop')
======================================= Epoch 0 =======================================
================= Test Set =================
+++++++++++ Find New Best Min ACC +++++++++++
The acc is 0.4624, 0.4186, 0.5000
Time Consumption for one epoch is 16.253825664520264s
======================================= Epoch 1 =======================================
================= Test Set =================
+++++++++++ Find New Best Min ACC +++++++++++
The acc is 0.4828, 0.4349, 0.5240
Time Consumption for one epoch is 14.526224851608276s
======================================= Epoch 2 =======================================
================= Test Set =================
+++++++++++ Find New Best Min ACC +++++++++++
The acc is 0.6215, 0.6419, 0.6040
Time Consumption for one epoch is 14.777804136276245s
======================================= Epoch 3 =======================================
================= Test Set =================
+++++++++++ Find New Best Min ACC +++++++++++
The acc is 0.8118, 0.7907, 0.8300
Time Consumption for one epoch is 14.123603820800781s
======================================= Epoch 4 =======================================
================= Test Set =================
+++++++++++ Find New Best Min ACC +++++++++++
The acc is 0.8430, 0.8093, 0.8720
Time Consumption for one epoch is 14.797163486480713s
======================================= Epoch 5 =======================================
================= Test Set =================
+++++++++++ Find New Best Min ACC +++++++++++
The acc is 0.8495, 0.8186, 0.8760
Time Consumption for one epoch is 14.91700005531311s
======================================= Epoch 6 =======================================
================= Test Set =================
+++++++++++ Find New Best Min ACC +++++++++++
The acc is 0.8785, 0.8605, 0.8940
Time Consumption for one epoch is 14.527765035629272s
======================================= Epoch 7 =======================================
================= Test Set =================
The acc is 0.8785, 0.8605, 0.8940
Time Consumption for one epoch is 14.61479902267456s
======================================= Epoch 8 =======================================
================= Test Set =================
+++++++++++ Find New Best Min ACC +++++++++++
The acc is 0.8796, 0.8628, 0.8940
Time Consumption for one epoch is 14.222107410430908s
======================================= Epoch 9 =======================================
================= Test Set =================
+++++++++++ Find New Best Min ACC +++++++++++
The acc is 0.8871, 0.8721, 0.9000
Time Consumption for one epoch is 14.443753957748413s
======================================= Epoch 10 =======================================
================= Test Set =================
+++++++++++ Find New Best Min ACC +++++++++++
The acc is 0.8882, 0.8651, 0.9080
Time Consumption for one epoch is 14.4206862449646s
======================================= Epoch 11 =======================================
================= Test Set =================
+++++++++++ Find New Best Min ACC +++++++++++
The acc is 0.8914, 0.8744, 0.9060
Time Consumption for one epoch is 14.675615787506104s
======================================= Epoch 12 =======================================
================= Test Set =================
The acc is 0.8914, 0.8744, 0.9060
Time Consumption for one epoch is 14.674036979675293s
======================================= Epoch 13 =======================================
================= Test Set =================
The acc is 0.8914, 0.8744, 0.9060
Time Consumption for one epoch is 14.528571605682373s
======================================= Epoch 14 =======================================
================= Test Set =================
The acc is 0.8914, 0.8744, 0.9060
Time Consumption for one epoch is 14.61285662651062s
======================================= Epoch 15 =======================================
================= Test Set =================
The acc is 0.8914, 0.8744, 0.9060
Time Consumption for one epoch is 14.270761728286743s
======================================= Epoch 16 =======================================
================= Test Set =================
The acc is 0.8914, 0.8744, 0.9060
Time Consumption for one epoch is 15.234903335571289s
======================================= Epoch 17 =======================================
================= Test Set =================
+++++++++++ Find New Best Min ACC +++++++++++
The acc is 0.8989, 0.8930, 0.9040
Time Consumption for one epoch is 14.791429042816162s
======================================= Epoch 18 =======================================
================= Test Set =================
The acc is 0.8989, 0.8930, 0.9040
Time Consumption for one epoch is 14.958536148071289s
======================================= Epoch 19 =======================================
================= Test Set =================
+++++++++++ Find New Best Min ACC +++++++++++
The acc is 0.9000, 0.8930, 0.9060
Time Consumption for one epoch is 14.231623888015747s
The final acc is 0.9000, 0.8930, 0.9060
