Namespace(data_dir='/data/yihua/dataset/celeba/celeba.hdf5', result_dir='results', checkpoint=None, resume=False, domain_attrs='Male', target_attrs='Blond_Hair', exp_name=None, batch_size=512, lr=0.0001, wd=2e-05, epochs=20, seed=2021, num_workers=8, arch='resnet9', evaluate=False, gv=0.01, gr=0.3)
======================================= Epoch 0 =======================================
================= Test Set =================
+++++++++++ Find New Best Min ACC +++++++++++
The acc is 0.6683, 0.6000, 0.6854
Time Consumption for one epoch is 27.931320667266846s
======================================= Epoch 1 =======================================
================= Test Set =================
+++++++++++ Find New Best Min ACC +++++++++++
The acc is 0.8567, 0.8333, 0.8625
Time Consumption for one epoch is 25.005512237548828s
======================================= Epoch 2 =======================================
================= Test Set =================
The acc is 0.8567, 0.8333, 0.8625
Time Consumption for one epoch is 24.333420038223267s
======================================= Epoch 3 =======================================
================= Test Set =================
+++++++++++ Find New Best Min ACC +++++++++++
The acc is 0.8972, 0.8583, 0.9069
Time Consumption for one epoch is 24.69099736213684s
======================================= Epoch 4 =======================================
================= Test Set =================
+++++++++++ Find New Best Min ACC +++++++++++
The acc is 0.8983, 0.8639, 0.9069
Time Consumption for one epoch is 25.44551110267639s
======================================= Epoch 5 =======================================
================= Test Set =================
+++++++++++ Find New Best Min ACC +++++++++++
The acc is 0.9072, 0.8833, 0.9132
Time Consumption for one epoch is 24.768361568450928s
======================================= Epoch 6 =======================================
================= Test Set =================
The acc is 0.9072, 0.8833, 0.9132
Time Consumption for one epoch is 24.68713092803955s
======================================= Epoch 7 =======================================
================= Test Set =================
The acc is 0.9072, 0.8833, 0.9132
Time Consumption for one epoch is 24.15365958213806s
======================================= Epoch 8 =======================================
================= Test Set =================
The acc is 0.9072, 0.8833, 0.9132
Time Consumption for one epoch is 24.97344708442688s
======================================= Epoch 9 =======================================
================= Test Set =================
+++++++++++ Find New Best Min ACC +++++++++++
The acc is 0.9150, 0.8889, 0.9215
Time Consumption for one epoch is 25.6496741771698s
======================================= Epoch 10 =======================================
================= Test Set =================
The acc is 0.9150, 0.8889, 0.9215
Time Consumption for one epoch is 24.726661205291748s
======================================= Epoch 11 =======================================
================= Test Set =================
The acc is 0.9150, 0.8889, 0.9215
Time Consumption for one epoch is 23.92979335784912s
======================================= Epoch 12 =======================================
================= Test Set =================
The acc is 0.9150, 0.8889, 0.9215
Time Consumption for one epoch is 24.128039360046387s
======================================= Epoch 13 =======================================
================= Test Set =================
The acc is 0.9150, 0.8889, 0.9215
Time Consumption for one epoch is 25.04187798500061s
======================================= Epoch 14 =======================================
================= Test Set =================
The acc is 0.9150, 0.8889, 0.9215
Time Consumption for one epoch is 24.498918294906616s
======================================= Epoch 15 =======================================
================= Test Set =================
+++++++++++ Find New Best Min ACC +++++++++++
The acc is 0.9167, 0.9139, 0.9174
Time Consumption for one epoch is 25.278116464614868s
======================================= Epoch 16 =======================================
================= Test Set =================
The acc is 0.9167, 0.9139, 0.9174
Time Consumption for one epoch is 25.192129850387573s
======================================= Epoch 17 =======================================
================= Test Set =================
The acc is 0.9167, 0.9139, 0.9174
Time Consumption for one epoch is 25.52124524116516s
======================================= Epoch 18 =======================================
================= Test Set =================
The acc is 0.9167, 0.9139, 0.9174
Time Consumption for one epoch is 24.666850090026855s
======================================= Epoch 19 =======================================
================= Test Set =================
The acc is 0.9167, 0.9139, 0.9174
Time Consumption for one epoch is 25.346061944961548s
The final acc is 0.9167, 0.9139, 0.9174
