Namespace(data_dir='/data/yihua/dataset/celeba/celeba.hdf5', result_dir='rotation_study', checkpoint=None, resume=False, domain_attrs='Male', target_attrs='Blond_Hair', exp_name=None, batch_size=512, lr=0.0001, wd=2e-05, epochs=20, seed=2022, num_workers=8, arch='resnet18', evaluate=False, total_num=5000, test_num=1000, gv=180.0, gr=0.3, minor_ratio=0.2, add_aug='rotation')
======================================= Epoch 0 =======================================
================= Test Set =================
+++++++++++ Find New Best Min ACC +++++++++++
The acc is 0.5376, 0.5814, 0.5000
Time Consumption for one epoch is 21.080055236816406s
======================================= Epoch 1 =======================================
================= Test Set =================
+++++++++++ Find New Best Min ACC +++++++++++
The acc is 0.6806, 0.6395, 0.7160
Time Consumption for one epoch is 20.034186601638794s
======================================= Epoch 2 =======================================
================= Test Set =================
The acc is 0.6806, 0.6395, 0.7160
Time Consumption for one epoch is 21.03509831428528s
======================================= Epoch 3 =======================================
================= Test Set =================
The acc is 0.6806, 0.6395, 0.7160
Time Consumption for one epoch is 20.083836555480957s
======================================= Epoch 4 =======================================
================= Test Set =================
+++++++++++ Find New Best Min ACC +++++++++++
The acc is 0.7151, 0.6651, 0.7580
Time Consumption for one epoch is 22.061453580856323s
======================================= Epoch 5 =======================================
================= Test Set =================
+++++++++++ Find New Best Min ACC +++++++++++
The acc is 0.7183, 0.7047, 0.7300
Time Consumption for one epoch is 21.086516857147217s
======================================= Epoch 6 =======================================
================= Test Set =================
+++++++++++ Find New Best Min ACC +++++++++++
The acc is 0.8333, 0.7977, 0.8640
Time Consumption for one epoch is 19.646976947784424s
======================================= Epoch 7 =======================================
================= Test Set =================
The acc is 0.8333, 0.7977, 0.8640
Time Consumption for one epoch is 19.67115592956543s
======================================= Epoch 8 =======================================
================= Test Set =================
The acc is 0.8333, 0.7977, 0.8640
Time Consumption for one epoch is 19.758933782577515s
======================================= Epoch 9 =======================================
================= Test Set =================
The acc is 0.8333, 0.7977, 0.8640
Time Consumption for one epoch is 20.29479694366455s
======================================= Epoch 10 =======================================
================= Test Set =================
The acc is 0.8333, 0.7977, 0.8640
Time Consumption for one epoch is 20.788912296295166s
======================================= Epoch 11 =======================================
================= Test Set =================
+++++++++++ Find New Best Min ACC +++++++++++
The acc is 0.8667, 0.8419, 0.8880
Time Consumption for one epoch is 20.774398803710938s
======================================= Epoch 12 =======================================
================= Test Set =================
The acc is 0.8667, 0.8419, 0.8880
Time Consumption for one epoch is 20.55448865890503s
======================================= Epoch 13 =======================================
================= Test Set =================
+++++++++++ Find New Best Min ACC +++++++++++
The acc is 0.8882, 0.8628, 0.9100
Time Consumption for one epoch is 19.451997995376587s
======================================= Epoch 14 =======================================
================= Test Set =================
The acc is 0.8882, 0.8628, 0.9100
Time Consumption for one epoch is 20.214316844940186s
======================================= Epoch 15 =======================================
================= Test Set =================
The acc is 0.8882, 0.8628, 0.9100
Time Consumption for one epoch is 20.388821840286255s
======================================= Epoch 16 =======================================
================= Test Set =================
The acc is 0.8882, 0.8628, 0.9100
Time Consumption for one epoch is 20.808025598526s
======================================= Epoch 17 =======================================
================= Test Set =================
The acc is 0.8882, 0.8628, 0.9100
Time Consumption for one epoch is 19.622368812561035s
======================================= Epoch 18 =======================================
================= Test Set =================
+++++++++++ Find New Best Min ACC +++++++++++
The acc is 0.8935, 0.8791, 0.9060
Time Consumption for one epoch is 21.38986086845398s
======================================= Epoch 19 =======================================
================= Test Set =================
+++++++++++ Find New Best Min ACC +++++++++++
The acc is 0.8957, 0.8814, 0.9080
Time Consumption for one epoch is 20.929834365844727s
The final acc is 0.8957, 0.8814, 0.9080
