Namespace(data_dir='/data/yihua/dataset/celeba/celeba.hdf5', result_dir='results', checkpoint=None, resume=False, domain_attrs='Male', target_attrs='High_Cheekbones', exp_name=None, batch_size=512, lr=0.0001, wd=2e-05, epochs=20, seed=2022, num_workers=8, arch='resnet9', evaluate=False, gv=0.15, gr=0.5)
======================================= Epoch 0 =======================================
================= Test Set =================
+++++++++++ Find New Best Min ACC +++++++++++
The acc is 0.8419, 0.7887, 0.8552
Time Consumption for one epoch is 146.0687472820282s
======================================= Epoch 1 =======================================
================= Test Set =================
+++++++++++ Find New Best Min ACC +++++++++++
The acc is 0.8557, 0.8115, 0.8667
Time Consumption for one epoch is 143.75748229026794s
======================================= Epoch 2 =======================================
================= Test Set =================
The acc is 0.8557, 0.8115, 0.8667
Time Consumption for one epoch is 144.1641149520874s
======================================= Epoch 3 =======================================
================= Test Set =================
+++++++++++ Find New Best Min ACC +++++++++++
The acc is 0.8692, 0.8228, 0.8808
Time Consumption for one epoch is 144.03700041770935s
======================================= Epoch 4 =======================================
================= Test Set =================
The acc is 0.8692, 0.8228, 0.8808
Time Consumption for one epoch is 142.85881733894348s
======================================= Epoch 5 =======================================
================= Test Set =================
The acc is 0.8692, 0.8228, 0.8808
Time Consumption for one epoch is 142.417494058609s
======================================= Epoch 6 =======================================
================= Test Set =================
+++++++++++ Find New Best Min ACC +++++++++++
The acc is 0.8723, 0.8288, 0.8831
Time Consumption for one epoch is 143.98609232902527s
======================================= Epoch 7 =======================================
================= Test Set =================
The acc is 0.8723, 0.8288, 0.8831
Time Consumption for one epoch is 142.1674199104309s
======================================= Epoch 8 =======================================
================= Test Set =================
The acc is 0.8723, 0.8288, 0.8831
Time Consumption for one epoch is 144.3892240524292s
======================================= Epoch 9 =======================================
================= Test Set =================
The acc is 0.8723, 0.8288, 0.8831
Time Consumption for one epoch is 144.752046585083s
======================================= Epoch 10 =======================================
================= Test Set =================
+++++++++++ Find New Best Min ACC +++++++++++
The acc is 0.8750, 0.8304, 0.8861
Time Consumption for one epoch is 145.61002492904663s
======================================= Epoch 11 =======================================
================= Test Set =================
The acc is 0.8750, 0.8304, 0.8861
Time Consumption for one epoch is 142.2873158454895s
======================================= Epoch 12 =======================================
================= Test Set =================
+++++++++++ Find New Best Min ACC +++++++++++
The acc is 0.8756, 0.8396, 0.8845
Time Consumption for one epoch is 142.88024759292603s
======================================= Epoch 13 =======================================
================= Test Set =================
+++++++++++ Find New Best Min ACC +++++++++++
The acc is 0.8769, 0.8320, 0.8882
Time Consumption for one epoch is 143.9604892730713s
======================================= Epoch 14 =======================================
================= Test Set =================
The acc is 0.8769, 0.8320, 0.8882
Time Consumption for one epoch is 144.23577547073364s
======================================= Epoch 15 =======================================
================= Test Set =================
The acc is 0.8769, 0.8320, 0.8882
Time Consumption for one epoch is 142.58310270309448s
======================================= Epoch 16 =======================================
================= Test Set =================
+++++++++++ Find New Best Min ACC +++++++++++
The acc is 0.8791, 0.8352, 0.8901
Time Consumption for one epoch is 141.73693990707397s
======================================= Epoch 17 =======================================
================= Test Set =================
The acc is 0.8791, 0.8352, 0.8901
Time Consumption for one epoch is 144.53860521316528s
======================================= Epoch 18 =======================================
================= Test Set =================
+++++++++++ Find New Best Min ACC +++++++++++
The acc is 0.8793, 0.8388, 0.8895
Time Consumption for one epoch is 140.9417290687561s
======================================= Epoch 19 =======================================
================= Test Set =================
+++++++++++ Find New Best Min ACC +++++++++++
The acc is 0.8797, 0.8400, 0.8896
Time Consumption for one epoch is 143.40979719161987s
The final acc is 0.8797, 0.8400, 0.8896
