Namespace(data_dir='/data/yihua/dataset/celeba/celeba.hdf5', result_dir='results', checkpoint=None, resume=False, domain_attrs='Male', target_attrs='Blond_Hair', exp_name=None, batch_size=512, lr=0.0001, wd=2e-05, epochs=20, seed=2022, num_workers=8, arch='resnet9', evaluate=False, gv=1e-06, gr=0.3)
======================================= Epoch 0 =======================================
================= Test Set =================
+++++++++++ Find New Best Min ACC +++++++++++
The acc is 0.6650, 0.6083, 0.6792
Time Consumption for one epoch is 28.323655128479004s
======================================= Epoch 1 =======================================
================= Test Set =================
+++++++++++ Find New Best Min ACC +++++++++++
The acc is 0.8767, 0.8500, 0.8833
Time Consumption for one epoch is 24.501938819885254s
======================================= Epoch 2 =======================================
================= Test Set =================
+++++++++++ Find New Best Min ACC +++++++++++
The acc is 0.8839, 0.8333, 0.8965
Time Consumption for one epoch is 23.965214490890503s
======================================= Epoch 3 =======================================
================= Test Set =================
+++++++++++ Find New Best Min ACC +++++++++++
The acc is 0.8983, 0.8861, 0.9014
Time Consumption for one epoch is 24.47977566719055s
======================================= Epoch 4 =======================================
================= Test Set =================
The acc is 0.8983, 0.8861, 0.9014
Time Consumption for one epoch is 25.606210231781006s
======================================= Epoch 5 =======================================
================= Test Set =================
The acc is 0.8983, 0.8861, 0.9014
Time Consumption for one epoch is 25.078001976013184s
======================================= Epoch 6 =======================================
================= Test Set =================
+++++++++++ Find New Best Min ACC +++++++++++
The acc is 0.9106, 0.8917, 0.9153
Time Consumption for one epoch is 24.51507306098938s
======================================= Epoch 7 =======================================
================= Test Set =================
The acc is 0.9106, 0.8917, 0.9153
Time Consumption for one epoch is 23.427191019058228s
======================================= Epoch 8 =======================================
================= Test Set =================
The acc is 0.9106, 0.8917, 0.9153
Time Consumption for one epoch is 24.70963978767395s
======================================= Epoch 9 =======================================
================= Test Set =================
+++++++++++ Find New Best Min ACC +++++++++++
The acc is 0.9111, 0.8889, 0.9167
Time Consumption for one epoch is 24.339267253875732s
======================================= Epoch 10 =======================================
================= Test Set =================
+++++++++++ Find New Best Min ACC +++++++++++
The acc is 0.9156, 0.9000, 0.9194
Time Consumption for one epoch is 25.693836450576782s
======================================= Epoch 11 =======================================
================= Test Set =================
The acc is 0.9156, 0.9000, 0.9194
Time Consumption for one epoch is 23.988837718963623s
======================================= Epoch 12 =======================================
================= Test Set =================
+++++++++++ Find New Best Min ACC +++++++++++
The acc is 0.9194, 0.9194, 0.9194
Time Consumption for one epoch is 26.214341402053833s
======================================= Epoch 13 =======================================
================= Test Set =================
The acc is 0.9194, 0.9194, 0.9194
Time Consumption for one epoch is 23.5587317943573s
======================================= Epoch 14 =======================================
================= Test Set =================
The acc is 0.9194, 0.9194, 0.9194
Time Consumption for one epoch is 24.823578596115112s
======================================= Epoch 15 =======================================
================= Test Set =================
The acc is 0.9194, 0.9194, 0.9194
Time Consumption for one epoch is 24.469170570373535s
======================================= Epoch 16 =======================================
================= Test Set =================
The acc is 0.9194, 0.9194, 0.9194
Time Consumption for one epoch is 24.643714427947998s
======================================= Epoch 17 =======================================
================= Test Set =================
The acc is 0.9194, 0.9194, 0.9194
Time Consumption for one epoch is 24.747373342514038s
======================================= Epoch 18 =======================================
================= Test Set =================
The acc is 0.9194, 0.9194, 0.9194
Time Consumption for one epoch is 24.856477975845337s
======================================= Epoch 19 =======================================
================= Test Set =================
The acc is 0.9194, 0.9194, 0.9194
Time Consumption for one epoch is 25.187721967697144s
The final acc is 0.9194, 0.9194, 0.9194
