Namespace(data_dir='/data/yihua/dataset/celeba/celeba.hdf5', result_dir='results', checkpoint=None, resume=False, domain_attrs='Male', target_attrs='Blond_Hair', exp_name=None, batch_size=512, lr=0.0001, wd=2e-05, epochs=20, seed=2022, num_workers=8, arch='resnet9', evaluate=False, gv=0.25, gr=0.5)
======================================= Epoch 0 =======================================
================= Test Set =================
+++++++++++ Find New Best Min ACC +++++++++++
The acc is 0.6867, 0.6111, 0.7056
Time Consumption for one epoch is 31.176432609558105s
======================================= Epoch 1 =======================================
================= Test Set =================
+++++++++++ Find New Best Min ACC +++++++++++
The acc is 0.8889, 0.8222, 0.9056
Time Consumption for one epoch is 29.20595908164978s
======================================= Epoch 2 =======================================
================= Test Set =================
The acc is 0.8889, 0.8222, 0.9056
Time Consumption for one epoch is 29.035700798034668s
======================================= Epoch 3 =======================================
================= Test Set =================
+++++++++++ Find New Best Min ACC +++++++++++
The acc is 0.9028, 0.8806, 0.9083
Time Consumption for one epoch is 27.112601041793823s
======================================= Epoch 4 =======================================
================= Test Set =================
The acc is 0.9028, 0.8806, 0.9083
Time Consumption for one epoch is 29.36526846885681s
======================================= Epoch 5 =======================================
================= Test Set =================
+++++++++++ Find New Best Min ACC +++++++++++
The acc is 0.9133, 0.8972, 0.9174
Time Consumption for one epoch is 29.418980360031128s
======================================= Epoch 6 =======================================
================= Test Set =================
The acc is 0.9133, 0.8972, 0.9174
Time Consumption for one epoch is 29.05187463760376s
======================================= Epoch 7 =======================================
================= Test Set =================
The acc is 0.9133, 0.8972, 0.9174
Time Consumption for one epoch is 28.366178274154663s
======================================= Epoch 8 =======================================
================= Test Set =================
The acc is 0.9133, 0.8972, 0.9174
Time Consumption for one epoch is 25.9220027923584s
======================================= Epoch 9 =======================================
================= Test Set =================
The acc is 0.9133, 0.8972, 0.9174
Time Consumption for one epoch is 28.913832426071167s
======================================= Epoch 10 =======================================
================= Test Set =================
The acc is 0.9133, 0.8972, 0.9174
Time Consumption for one epoch is 29.79985499382019s
======================================= Epoch 11 =======================================
================= Test Set =================
+++++++++++ Find New Best Min ACC +++++++++++
The acc is 0.9217, 0.9222, 0.9215
Time Consumption for one epoch is 28.60154128074646s
======================================= Epoch 12 =======================================
================= Test Set =================
The acc is 0.9217, 0.9222, 0.9215
Time Consumption for one epoch is 29.207660913467407s
======================================= Epoch 13 =======================================
================= Test Set =================
The acc is 0.9217, 0.9222, 0.9215
Time Consumption for one epoch is 25.871904850006104s
======================================= Epoch 14 =======================================
================= Test Set =================
The acc is 0.9217, 0.9222, 0.9215
Time Consumption for one epoch is 28.529629468917847s
======================================= Epoch 15 =======================================
================= Test Set =================
The acc is 0.9217, 0.9222, 0.9215
Time Consumption for one epoch is 28.869024515151978s
======================================= Epoch 16 =======================================
================= Test Set =================
The acc is 0.9217, 0.9222, 0.9215
Time Consumption for one epoch is 29.321990251541138s
======================================= Epoch 17 =======================================
================= Test Set =================
The acc is 0.9217, 0.9222, 0.9215
Time Consumption for one epoch is 28.615785121917725s
======================================= Epoch 18 =======================================
================= Test Set =================
The acc is 0.9217, 0.9222, 0.9215
Time Consumption for one epoch is 27.98414397239685s
======================================= Epoch 19 =======================================
================= Test Set =================
The acc is 0.9217, 0.9222, 0.9215
Time Consumption for one epoch is 29.29485034942627s
The final acc is 0.9217, 0.9222, 0.9215
