Namespace(data_dir='/data/yihua/dataset/celeba/celeba.hdf5', result_dir='results', checkpoint=None, resume=False, domain_attrs='Male', target_attrs='Blond_Hair', exp_name=None, batch_size=512, lr=0.0001, wd=2e-05, epochs=20, seed=42, num_workers=8, arch='resnet9', evaluate=False, gv=0.1, gr=0.5)
======================================= Epoch 0 =======================================
================= Test Set =================
+++++++++++ Find New Best Min ACC +++++++++++
The acc is 0.8183, 0.7861, 0.8264
Time Consumption for one epoch is 28.01026701927185s
======================================= Epoch 1 =======================================
================= Test Set =================
+++++++++++ Find New Best Min ACC +++++++++++
The acc is 0.8794, 0.8389, 0.8896
Time Consumption for one epoch is 27.010884284973145s
======================================= Epoch 2 =======================================
================= Test Set =================
+++++++++++ Find New Best Min ACC +++++++++++
The acc is 0.8900, 0.8306, 0.9049
Time Consumption for one epoch is 25.94048023223877s
======================================= Epoch 3 =======================================
================= Test Set =================
+++++++++++ Find New Best Min ACC +++++++++++
The acc is 0.8989, 0.8583, 0.9090
Time Consumption for one epoch is 27.428752660751343s
======================================= Epoch 4 =======================================
================= Test Set =================
The acc is 0.8989, 0.8583, 0.9090
Time Consumption for one epoch is 26.740118265151978s
======================================= Epoch 5 =======================================
================= Test Set =================
+++++++++++ Find New Best Min ACC +++++++++++
The acc is 0.9089, 0.8833, 0.9153
Time Consumption for one epoch is 27.388365983963013s
======================================= Epoch 6 =======================================
================= Test Set =================
The acc is 0.9089, 0.8833, 0.9153
Time Consumption for one epoch is 26.389392614364624s
======================================= Epoch 7 =======================================
================= Test Set =================
The acc is 0.9089, 0.8833, 0.9153
Time Consumption for one epoch is 25.651965856552124s
======================================= Epoch 8 =======================================
================= Test Set =================
The acc is 0.9089, 0.8833, 0.9153
Time Consumption for one epoch is 26.6246657371521s
======================================= Epoch 9 =======================================
================= Test Set =================
+++++++++++ Find New Best Min ACC +++++++++++
The acc is 0.9144, 0.9000, 0.9181
Time Consumption for one epoch is 27.110080003738403s
======================================= Epoch 10 =======================================
================= Test Set =================
The acc is 0.9144, 0.9000, 0.9181
Time Consumption for one epoch is 25.58108377456665s
======================================= Epoch 11 =======================================
================= Test Set =================
The acc is 0.9144, 0.9000, 0.9181
Time Consumption for one epoch is 25.59067153930664s
======================================= Epoch 12 =======================================
================= Test Set =================
The acc is 0.9144, 0.9000, 0.9181
Time Consumption for one epoch is 26.66150689125061s
======================================= Epoch 13 =======================================
================= Test Set =================
+++++++++++ Find New Best Min ACC +++++++++++
The acc is 0.9189, 0.9000, 0.9236
Time Consumption for one epoch is 26.26798176765442s
======================================= Epoch 14 =======================================
================= Test Set =================
+++++++++++ Find New Best Min ACC +++++++++++
The acc is 0.9222, 0.9194, 0.9229
Time Consumption for one epoch is 27.608907461166382s
======================================= Epoch 15 =======================================
================= Test Set =================
The acc is 0.9222, 0.9194, 0.9229
Time Consumption for one epoch is 26.772374153137207s
======================================= Epoch 16 =======================================
================= Test Set =================
The acc is 0.9222, 0.9194, 0.9229
Time Consumption for one epoch is 25.889776706695557s
======================================= Epoch 17 =======================================
================= Test Set =================
The acc is 0.9222, 0.9194, 0.9229
Time Consumption for one epoch is 25.749056577682495s
======================================= Epoch 18 =======================================
================= Test Set =================
The acc is 0.9222, 0.9194, 0.9229
Time Consumption for one epoch is 25.53847336769104s
======================================= Epoch 19 =======================================
================= Test Set =================
The acc is 0.9222, 0.9194, 0.9229
Time Consumption for one epoch is 26.354294538497925s
The final acc is 0.9222, 0.9194, 0.9229
