Namespace(data_dir='/data/yihua/dataset/celeba/celeba.hdf5', result_dir='results', checkpoint=None, resume=False, domain_attrs='Male', target_attrs='Blond_Hair', exp_name=None, batch_size=512, lr=0.0001, wd=2e-05, epochs=20, seed=2022, num_workers=8, arch='resnet18', evaluate=False, gv=0.1, gr=0.5)
======================================= Epoch 0 =======================================
================= Test Set =================
+++++++++++ Find New Best Min ACC +++++++++++
The acc is 0.5000, 0.4972, 0.5007
Time Consumption for one epoch is 47.57031011581421s
======================================= Epoch 1 =======================================
================= Test Set =================
+++++++++++ Find New Best Min ACC +++++++++++
The acc is 0.8850, 0.8639, 0.8903
Time Consumption for one epoch is 43.67198348045349s
======================================= Epoch 2 =======================================
================= Test Set =================
The acc is 0.8850, 0.8639, 0.8903
Time Consumption for one epoch is 43.6956832408905s
======================================= Epoch 3 =======================================
================= Test Set =================
+++++++++++ Find New Best Min ACC +++++++++++
The acc is 0.8989, 0.8639, 0.9076
Time Consumption for one epoch is 45.38658785820007s
======================================= Epoch 4 =======================================
================= Test Set =================
The acc is 0.8989, 0.8639, 0.9076
Time Consumption for one epoch is 43.65278911590576s
======================================= Epoch 5 =======================================
================= Test Set =================
+++++++++++ Find New Best Min ACC +++++++++++
The acc is 0.9067, 0.8722, 0.9153
Time Consumption for one epoch is 44.318094968795776s
======================================= Epoch 6 =======================================
================= Test Set =================
The acc is 0.9067, 0.8722, 0.9153
Time Consumption for one epoch is 44.6358904838562s
======================================= Epoch 7 =======================================
================= Test Set =================
The acc is 0.9067, 0.8722, 0.9153
Time Consumption for one epoch is 43.364670276641846s
======================================= Epoch 8 =======================================
================= Test Set =================
The acc is 0.9067, 0.8722, 0.9153
Time Consumption for one epoch is 43.647390842437744s
======================================= Epoch 9 =======================================
================= Test Set =================
The acc is 0.9067, 0.8722, 0.9153
Time Consumption for one epoch is 43.93041157722473s
======================================= Epoch 10 =======================================
================= Test Set =================
The acc is 0.9067, 0.8722, 0.9153
Time Consumption for one epoch is 44.058424949645996s
======================================= Epoch 11 =======================================
================= Test Set =================
+++++++++++ Find New Best Min ACC +++++++++++
The acc is 0.9150, 0.9028, 0.9181
Time Consumption for one epoch is 44.39504337310791s
======================================= Epoch 12 =======================================
================= Test Set =================
The acc is 0.9150, 0.9028, 0.9181
Time Consumption for one epoch is 44.95548105239868s
======================================= Epoch 13 =======================================
================= Test Set =================
The acc is 0.9150, 0.9028, 0.9181
Time Consumption for one epoch is 44.71000123023987s
======================================= Epoch 14 =======================================
================= Test Set =================
The acc is 0.9150, 0.9028, 0.9181
Time Consumption for one epoch is 42.60640907287598s
======================================= Epoch 15 =======================================
================= Test Set =================
The acc is 0.9150, 0.9028, 0.9181
Time Consumption for one epoch is 42.28155040740967s
======================================= Epoch 16 =======================================
================= Test Set =================
+++++++++++ Find New Best Min ACC +++++++++++
The acc is 0.9178, 0.9000, 0.9222
Time Consumption for one epoch is 44.732401847839355s
======================================= Epoch 17 =======================================
================= Test Set =================
+++++++++++ Find New Best Min ACC +++++++++++
The acc is 0.9194, 0.9028, 0.9236
Time Consumption for one epoch is 44.251028060913086s
======================================= Epoch 18 =======================================
================= Test Set =================
+++++++++++ Find New Best Min ACC +++++++++++
The acc is 0.9211, 0.9083, 0.9243
Time Consumption for one epoch is 45.687278747558594s
======================================= Epoch 19 =======================================
================= Test Set =================
The acc is 0.9211, 0.9083, 0.9243
Time Consumption for one epoch is 42.839560747146606s
The final acc is 0.9211, 0.9083, 0.9243
