Namespace(data_dir='/data/yihua/dataset/celeba/celeba.hdf5', result_dir='results', checkpoint=None, resume=False, domain_attrs='Male', target_attrs='Blond_Hair', exp_name=None, batch_size=512, lr=0.0001, wd=2e-05, epochs=20, seed=2021, num_workers=8, arch='resnet9', evaluate=False, gv=0.5, gr=0.5)
======================================= Epoch 0 =======================================
================= Test Set =================
+++++++++++ Find New Best Min ACC +++++++++++
The acc is 0.8422, 0.8083, 0.8507
Time Consumption for one epoch is 27.04980158805847s
======================================= Epoch 1 =======================================
================= Test Set =================
+++++++++++ Find New Best Min ACC +++++++++++
The acc is 0.8811, 0.8583, 0.8868
Time Consumption for one epoch is 24.51882839202881s
======================================= Epoch 2 =======================================
================= Test Set =================
The acc is 0.8811, 0.8583, 0.8868
Time Consumption for one epoch is 25.890660524368286s
======================================= Epoch 3 =======================================
================= Test Set =================
+++++++++++ Find New Best Min ACC +++++++++++
The acc is 0.8889, 0.8306, 0.9035
Time Consumption for one epoch is 25.05181884765625s
======================================= Epoch 4 =======================================
================= Test Set =================
+++++++++++ Find New Best Min ACC +++++++++++
The acc is 0.9011, 0.8694, 0.9090
Time Consumption for one epoch is 24.31249976158142s
======================================= Epoch 5 =======================================
================= Test Set =================
+++++++++++ Find New Best Min ACC +++++++++++
The acc is 0.9056, 0.8833, 0.9111
Time Consumption for one epoch is 23.864117860794067s
======================================= Epoch 6 =======================================
================= Test Set =================
+++++++++++ Find New Best Min ACC +++++++++++
The acc is 0.9072, 0.8778, 0.9146
Time Consumption for one epoch is 24.91843008995056s
======================================= Epoch 7 =======================================
================= Test Set =================
+++++++++++ Find New Best Min ACC +++++++++++
The acc is 0.9089, 0.8833, 0.9153
Time Consumption for one epoch is 25.829004049301147s
======================================= Epoch 8 =======================================
================= Test Set =================
+++++++++++ Find New Best Min ACC +++++++++++
The acc is 0.9178, 0.9111, 0.9194
Time Consumption for one epoch is 24.96349835395813s
======================================= Epoch 9 =======================================
================= Test Set =================
The acc is 0.9178, 0.9111, 0.9194
Time Consumption for one epoch is 25.28454351425171s
======================================= Epoch 10 =======================================
================= Test Set =================
The acc is 0.9178, 0.9111, 0.9194
Time Consumption for one epoch is 24.729723930358887s
======================================= Epoch 11 =======================================
================= Test Set =================
The acc is 0.9178, 0.9111, 0.9194
Time Consumption for one epoch is 26.175237894058228s
======================================= Epoch 12 =======================================
================= Test Set =================
The acc is 0.9178, 0.9111, 0.9194
Time Consumption for one epoch is 25.94588828086853s
======================================= Epoch 13 =======================================
================= Test Set =================
The acc is 0.9178, 0.9111, 0.9194
Time Consumption for one epoch is 25.885379552841187s
======================================= Epoch 14 =======================================
================= Test Set =================
The acc is 0.9178, 0.9111, 0.9194
Time Consumption for one epoch is 25.897048234939575s
======================================= Epoch 15 =======================================
================= Test Set =================
The acc is 0.9178, 0.9111, 0.9194
Time Consumption for one epoch is 25.151519298553467s
======================================= Epoch 16 =======================================
================= Test Set =================
The acc is 0.9178, 0.9111, 0.9194
Time Consumption for one epoch is 25.332064390182495s
======================================= Epoch 17 =======================================
================= Test Set =================
The acc is 0.9178, 0.9111, 0.9194
Time Consumption for one epoch is 25.387088775634766s
======================================= Epoch 18 =======================================
================= Test Set =================
The acc is 0.9178, 0.9111, 0.9194
Time Consumption for one epoch is 26.11973214149475s
======================================= Epoch 19 =======================================
================= Test Set =================
The acc is 0.9178, 0.9111, 0.9194
Time Consumption for one epoch is 25.483792543411255s
The final acc is 0.9178, 0.9111, 0.9194
