Namespace(data_dir='/data/yihua/dataset/celeba/celeba.hdf5', result_dir='crop_study', checkpoint=None, resume=False, domain_attrs='Male', target_attrs='Blond_Hair', exp_name=None, batch_size=512, lr=0.0001, wd=2e-05, epochs=20, seed=2022, num_workers=8, arch='resnet18', evaluate=False, total_num=5000, test_num=1000, gv=120.0, gr=0.1, minor_ratio=0.2, add_aug='crop')
======================================= Epoch 0 =======================================
================= Test Set =================
+++++++++++ Find New Best Min ACC +++++++++++
The acc is 0.6000, 0.6279, 0.5760
Time Consumption for one epoch is 23.01798176765442s
======================================= Epoch 1 =======================================
================= Test Set =================
The acc is 0.6000, 0.6279, 0.5760
Time Consumption for one epoch is 20.075268268585205s
======================================= Epoch 2 =======================================
================= Test Set =================
The acc is 0.6000, 0.6279, 0.5760
Time Consumption for one epoch is 19.735674381256104s
======================================= Epoch 3 =======================================
================= Test Set =================
+++++++++++ Find New Best Min ACC +++++++++++
The acc is 0.6968, 0.7000, 0.6940
Time Consumption for one epoch is 20.921774864196777s
======================================= Epoch 4 =======================================
================= Test Set =================
The acc is 0.6968, 0.7000, 0.6940
Time Consumption for one epoch is 19.146231651306152s
======================================= Epoch 5 =======================================
================= Test Set =================
+++++++++++ Find New Best Min ACC +++++++++++
The acc is 0.8538, 0.8140, 0.8880
Time Consumption for one epoch is 19.174991369247437s
======================================= Epoch 6 =======================================
================= Test Set =================
The acc is 0.8538, 0.8140, 0.8880
Time Consumption for one epoch is 19.46707582473755s
======================================= Epoch 7 =======================================
================= Test Set =================
+++++++++++ Find New Best Min ACC +++++++++++
The acc is 0.8634, 0.8349, 0.8880
Time Consumption for one epoch is 20.21177911758423s
======================================= Epoch 8 =======================================
================= Test Set =================
The acc is 0.8634, 0.8349, 0.8880
Time Consumption for one epoch is 20.526575088500977s
======================================= Epoch 9 =======================================
================= Test Set =================
+++++++++++ Find New Best Min ACC +++++++++++
The acc is 0.8849, 0.8698, 0.8980
Time Consumption for one epoch is 19.191762924194336s
======================================= Epoch 10 =======================================
================= Test Set =================
The acc is 0.8849, 0.8698, 0.8980
Time Consumption for one epoch is 19.212127923965454s
======================================= Epoch 11 =======================================
================= Test Set =================
The acc is 0.8849, 0.8698, 0.8980
Time Consumption for one epoch is 19.519330978393555s
======================================= Epoch 12 =======================================
================= Test Set =================
The acc is 0.8849, 0.8698, 0.8980
Time Consumption for one epoch is 20.617300987243652s
======================================= Epoch 13 =======================================
================= Test Set =================
The acc is 0.8849, 0.8698, 0.8980
Time Consumption for one epoch is 19.596043348312378s
======================================= Epoch 14 =======================================
================= Test Set =================
The acc is 0.8849, 0.8698, 0.8980
Time Consumption for one epoch is 19.570069789886475s
======================================= Epoch 15 =======================================
================= Test Set =================
The acc is 0.8849, 0.8698, 0.8980
Time Consumption for one epoch is 19.921247243881226s
======================================= Epoch 16 =======================================
================= Test Set =================
+++++++++++ Find New Best Min ACC +++++++++++
The acc is 0.8968, 0.8837, 0.9080
Time Consumption for one epoch is 19.707878828048706s
======================================= Epoch 17 =======================================
================= Test Set =================
The acc is 0.8968, 0.8837, 0.9080
Time Consumption for one epoch is 19.954047203063965s
======================================= Epoch 18 =======================================
================= Test Set =================
The acc is 0.8968, 0.8837, 0.9080
Time Consumption for one epoch is 19.645734548568726s
======================================= Epoch 19 =======================================
================= Test Set =================
+++++++++++ Find New Best Min ACC +++++++++++
The acc is 0.8989, 0.8884, 0.9080
Time Consumption for one epoch is 21.569053649902344s
The final acc is 0.8989, 0.8884, 0.9080
