Namespace(data_dir='/data/yihua/dataset/celeba/celeba.hdf5', result_dir='results', checkpoint=None, resume=False, domain_attrs='Male', target_attrs='High_Cheekbones', exp_name=None, batch_size=512, lr=0.0001, wd=2e-05, epochs=20, seed=42, num_workers=8, arch='resnet9', evaluate=False, gv=0.3, gr=0.3)
======================================= Epoch 0 =======================================
================= Test Set =================
+++++++++++ Find New Best Min ACC +++++++++++
The acc is 0.8508, 0.7979, 0.8640
Time Consumption for one epoch is 140.10287857055664s
======================================= Epoch 1 =======================================
================= Test Set =================
The acc is 0.8508, 0.7979, 0.8640
Time Consumption for one epoch is 135.780291557312s
======================================= Epoch 2 =======================================
================= Test Set =================
+++++++++++ Find New Best Min ACC +++++++++++
The acc is 0.8635, 0.8180, 0.8749
Time Consumption for one epoch is 135.05356812477112s
======================================= Epoch 3 =======================================
================= Test Set =================
The acc is 0.8635, 0.8180, 0.8749
Time Consumption for one epoch is 138.95113444328308s
======================================= Epoch 4 =======================================
================= Test Set =================
The acc is 0.8635, 0.8180, 0.8749
Time Consumption for one epoch is 137.20153284072876s
======================================= Epoch 5 =======================================
================= Test Set =================
+++++++++++ Find New Best Min ACC +++++++++++
The acc is 0.8702, 0.8244, 0.8816
Time Consumption for one epoch is 138.18875002861023s
======================================= Epoch 6 =======================================
================= Test Set =================
+++++++++++ Find New Best Min ACC +++++++++++
The acc is 0.8756, 0.8312, 0.8868
Time Consumption for one epoch is 137.0249993801117s
======================================= Epoch 7 =======================================
================= Test Set =================
The acc is 0.8756, 0.8312, 0.8868
Time Consumption for one epoch is 137.18017625808716s
======================================= Epoch 8 =======================================
================= Test Set =================
The acc is 0.8756, 0.8312, 0.8868
Time Consumption for one epoch is 134.95091795921326s
======================================= Epoch 9 =======================================
================= Test Set =================
The acc is 0.8756, 0.8312, 0.8868
Time Consumption for one epoch is 134.57334685325623s
======================================= Epoch 10 =======================================
================= Test Set =================
The acc is 0.8756, 0.8312, 0.8868
Time Consumption for one epoch is 133.71222710609436s
======================================= Epoch 11 =======================================
================= Test Set =================
The acc is 0.8756, 0.8312, 0.8868
Time Consumption for one epoch is 135.0441963672638s
======================================= Epoch 12 =======================================
================= Test Set =================
The acc is 0.8756, 0.8312, 0.8868
Time Consumption for one epoch is 135.70677947998047s
======================================= Epoch 13 =======================================
================= Test Set =================
The acc is 0.8756, 0.8312, 0.8868
Time Consumption for one epoch is 135.73466801643372s
======================================= Epoch 14 =======================================
================= Test Set =================
+++++++++++ Find New Best Min ACC +++++++++++
The acc is 0.8769, 0.8344, 0.8876
Time Consumption for one epoch is 133.60450887680054s
======================================= Epoch 15 =======================================
================= Test Set =================
The acc is 0.8769, 0.8344, 0.8876
Time Consumption for one epoch is 135.49620389938354s
======================================= Epoch 16 =======================================
================= Test Set =================
The acc is 0.8769, 0.8344, 0.8876
Time Consumption for one epoch is 135.04538226127625s
======================================= Epoch 17 =======================================
================= Test Set =================
The acc is 0.8769, 0.8344, 0.8876
Time Consumption for one epoch is 134.30867075920105s
======================================= Epoch 18 =======================================
================= Test Set =================
+++++++++++ Find New Best Min ACC +++++++++++
The acc is 0.8797, 0.8364, 0.8905
Time Consumption for one epoch is 136.18796515464783s
======================================= Epoch 19 =======================================
================= Test Set =================
+++++++++++ Find New Best Min ACC +++++++++++
The acc is 0.8802, 0.8348, 0.8916
Time Consumption for one epoch is 133.1672637462616s
The final acc is 0.8802, 0.8348, 0.8916
