Namespace(data_dir='/data/yihua/dataset/celeba/celeba.hdf5', result_dir='results', checkpoint=None, resume=False, domain_attrs='Male', target_attrs='High_Cheekbones', exp_name=None, batch_size=512, lr=0.0001, wd=2e-05, epochs=20, seed=42, num_workers=8, arch='resnet18', evaluate=False, gv=0.1, gr=0.3)
======================================= Epoch 0 =======================================
================= Test Set =================
+++++++++++ Find New Best Min ACC +++++++++++
The acc is 0.79, 0.76, 0.80
Time Consumption for one epoch is 270.26457810401917s
======================================= Epoch 1 =======================================
================= Test Set =================
+++++++++++ Find New Best Min ACC +++++++++++
The acc is 0.85, 0.80, 0.86
Time Consumption for one epoch is 267.8719484806061s
======================================= Epoch 2 =======================================
================= Test Set =================
+++++++++++ Find New Best Min ACC +++++++++++
The acc is 0.87, 0.82, 0.88
Time Consumption for one epoch is 267.9845161437988s
======================================= Epoch 3 =======================================
================= Test Set =================
The acc is 0.87, 0.82, 0.88
Time Consumption for one epoch is 267.60806679725647s
======================================= Epoch 4 =======================================
================= Test Set =================
The acc is 0.87, 0.82, 0.88
Time Consumption for one epoch is 266.6112735271454s
======================================= Epoch 5 =======================================
================= Test Set =================
+++++++++++ Find New Best Min ACC +++++++++++
The acc is 0.87, 0.83, 0.88
Time Consumption for one epoch is 267.5138957500458s
======================================= Epoch 6 =======================================
================= Test Set =================
+++++++++++ Find New Best Min ACC +++++++++++
The acc is 0.87, 0.82, 0.88
Time Consumption for one epoch is 268.50675678253174s
======================================= Epoch 7 =======================================
================= Test Set =================
+++++++++++ Find New Best Min ACC +++++++++++
The acc is 0.87, 0.83, 0.88
Time Consumption for one epoch is 269.74356293678284s
======================================= Epoch 8 =======================================
================= Test Set =================
The acc is 0.87, 0.83, 0.88
Time Consumption for one epoch is 266.9337284564972s
======================================= Epoch 9 =======================================
================= Test Set =================
+++++++++++ Find New Best Min ACC +++++++++++
The acc is 0.88, 0.84, 0.89
Time Consumption for one epoch is 267.2063453197479s
======================================= Epoch 10 =======================================
================= Test Set =================
The acc is 0.88, 0.84, 0.89
Time Consumption for one epoch is 266.55360674858093s
======================================= Epoch 11 =======================================
================= Test Set =================
The acc is 0.88, 0.84, 0.89
Time Consumption for one epoch is 267.9868540763855s
======================================= Epoch 12 =======================================
================= Test Set =================
The acc is 0.88, 0.84, 0.89
Time Consumption for one epoch is 266.9655191898346s
======================================= Epoch 13 =======================================
================= Test Set =================
The acc is 0.88, 0.84, 0.89
Time Consumption for one epoch is 267.2666428089142s
======================================= Epoch 14 =======================================
================= Test Set =================
+++++++++++ Find New Best Min ACC +++++++++++
The acc is 0.88, 0.83, 0.89
Time Consumption for one epoch is 267.51458048820496s
======================================= Epoch 15 =======================================
================= Test Set =================
The acc is 0.88, 0.83, 0.89
Time Consumption for one epoch is 266.41517090797424s
======================================= Epoch 16 =======================================
================= Test Set =================
+++++++++++ Find New Best Min ACC +++++++++++
The acc is 0.88, 0.84, 0.89
Time Consumption for one epoch is 267.9555504322052s
======================================= Epoch 17 =======================================
================= Test Set =================
+++++++++++ Find New Best Min ACC +++++++++++
The acc is 0.88, 0.84, 0.89
Time Consumption for one epoch is 268.62601923942566s
======================================= Epoch 18 =======================================
================= Test Set =================
The acc is 0.88, 0.84, 0.89
Time Consumption for one epoch is 267.738397359848s
======================================= Epoch 19 =======================================
================= Test Set =================
The acc is 0.88, 0.84, 0.89
Time Consumption for one epoch is 266.5789284706116s
The final acc is 0.88, 0.84, 0.89
