Namespace(data_dir='/data/yihua/dataset/celeba/celeba.hdf5', result_dir='results', checkpoint=None, resume=False, domain_attrs='Male', target_attrs='Blond_Hair', exp_name=None, batch_size=512, lr=0.0001, wd=2e-05, epochs=20, seed=2021, num_workers=8, arch='resnet9', evaluate=False, gv=0.001, gr=0.1)
======================================= Epoch 0 =======================================
================= Test Set =================
+++++++++++ Find New Best Min ACC +++++++++++
The acc is 0.5189, 0.5056, 0.5222
Time Consumption for one epoch is 24.784029245376587s
======================================= Epoch 1 =======================================
================= Test Set =================
+++++++++++ Find New Best Min ACC +++++++++++
The acc is 0.8789, 0.8333, 0.8903
Time Consumption for one epoch is 24.407480478286743s
======================================= Epoch 2 =======================================
================= Test Set =================
+++++++++++ Find New Best Min ACC +++++++++++
The acc is 0.8894, 0.8389, 0.9021
Time Consumption for one epoch is 24.359349250793457s
======================================= Epoch 3 =======================================
================= Test Set =================
The acc is 0.8894, 0.8389, 0.9021
Time Consumption for one epoch is 22.88296365737915s
======================================= Epoch 4 =======================================
================= Test Set =================
+++++++++++ Find New Best Min ACC +++++++++++
The acc is 0.8928, 0.8472, 0.9042
Time Consumption for one epoch is 24.82381796836853s
======================================= Epoch 5 =======================================
================= Test Set =================
+++++++++++ Find New Best Min ACC +++++++++++
The acc is 0.9128, 0.9028, 0.9153
Time Consumption for one epoch is 24.56752371788025s
======================================= Epoch 6 =======================================
================= Test Set =================
The acc is 0.9128, 0.9028, 0.9153
Time Consumption for one epoch is 23.588361501693726s
======================================= Epoch 7 =======================================
================= Test Set =================
The acc is 0.9128, 0.9028, 0.9153
Time Consumption for one epoch is 24.795534372329712s
======================================= Epoch 8 =======================================
================= Test Set =================
The acc is 0.9128, 0.9028, 0.9153
Time Consumption for one epoch is 23.37718415260315s
======================================= Epoch 9 =======================================
================= Test Set =================
The acc is 0.9128, 0.9028, 0.9153
Time Consumption for one epoch is 24.37914276123047s
======================================= Epoch 10 =======================================
================= Test Set =================
The acc is 0.9128, 0.9028, 0.9153
Time Consumption for one epoch is 23.34147596359253s
======================================= Epoch 11 =======================================
================= Test Set =================
+++++++++++ Find New Best Min ACC +++++++++++
The acc is 0.9150, 0.8917, 0.9208
Time Consumption for one epoch is 24.614498138427734s
======================================= Epoch 12 =======================================
================= Test Set =================
The acc is 0.9150, 0.8917, 0.9208
Time Consumption for one epoch is 23.280285596847534s
======================================= Epoch 13 =======================================
================= Test Set =================
The acc is 0.9150, 0.8917, 0.9208
Time Consumption for one epoch is 22.356424570083618s
======================================= Epoch 14 =======================================
================= Test Set =================
The acc is 0.9150, 0.8917, 0.9208
Time Consumption for one epoch is 23.460294723510742s
======================================= Epoch 15 =======================================
================= Test Set =================
The acc is 0.9150, 0.8917, 0.9208
Time Consumption for one epoch is 23.981329679489136s
======================================= Epoch 16 =======================================
================= Test Set =================
+++++++++++ Find New Best Min ACC +++++++++++
The acc is 0.9239, 0.9139, 0.9264
Time Consumption for one epoch is 24.440336227416992s
======================================= Epoch 17 =======================================
================= Test Set =================
The acc is 0.9239, 0.9139, 0.9264
Time Consumption for one epoch is 24.025177717208862s
======================================= Epoch 18 =======================================
================= Test Set =================
The acc is 0.9239, 0.9139, 0.9264
Time Consumption for one epoch is 24.335203170776367s
======================================= Epoch 19 =======================================
================= Test Set =================
The acc is 0.9239, 0.9139, 0.9264
Time Consumption for one epoch is 24.633023977279663s
The final acc is 0.9239, 0.9139, 0.9264
