Namespace(data_dir='/data/yihua/dataset/celeba/celeba.hdf5', result_dir='results', checkpoint=None, resume=False, domain_attrs='Male', target_attrs='Blond_Hair', exp_name=None, batch_size=512, lr=0.0001, wd=2e-05, epochs=20, seed=2022, num_workers=8, arch='resnet18', evaluate=False, gv=0.1, gr=0.1)
======================================= Epoch 0 =======================================
================= Test Set =================
+++++++++++ Find New Best Min ACC +++++++++++
The acc is 0.5000, 0.5000, 0.5000
Time Consumption for one epoch is 44.56101727485657s
======================================= Epoch 1 =======================================
================= Test Set =================
+++++++++++ Find New Best Min ACC +++++++++++
The acc is 0.7978, 0.7139, 0.8187
Time Consumption for one epoch is 42.401259660720825s
======================================= Epoch 2 =======================================
================= Test Set =================
+++++++++++ Find New Best Min ACC +++++++++++
The acc is 0.8739, 0.8500, 0.8799
Time Consumption for one epoch is 42.62399935722351s
======================================= Epoch 3 =======================================
================= Test Set =================
+++++++++++ Find New Best Min ACC +++++++++++
The acc is 0.8928, 0.8889, 0.8938
Time Consumption for one epoch is 42.31138586997986s
======================================= Epoch 4 =======================================
================= Test Set =================
+++++++++++ Find New Best Min ACC +++++++++++
The acc is 0.9044, 0.8833, 0.9097
Time Consumption for one epoch is 42.55850434303284s
======================================= Epoch 5 =======================================
================= Test Set =================
The acc is 0.9044, 0.8833, 0.9097
Time Consumption for one epoch is 40.75258231163025s
======================================= Epoch 6 =======================================
================= Test Set =================
The acc is 0.9044, 0.8833, 0.9097
Time Consumption for one epoch is 41.11194634437561s
======================================= Epoch 7 =======================================
================= Test Set =================
The acc is 0.9044, 0.8833, 0.9097
Time Consumption for one epoch is 41.9301962852478s
======================================= Epoch 8 =======================================
================= Test Set =================
The acc is 0.9044, 0.8833, 0.9097
Time Consumption for one epoch is 41.88060545921326s
======================================= Epoch 9 =======================================
================= Test Set =================
The acc is 0.9044, 0.8833, 0.9097
Time Consumption for one epoch is 40.98019599914551s
======================================= Epoch 10 =======================================
================= Test Set =================
The acc is 0.9044, 0.8833, 0.9097
Time Consumption for one epoch is 41.884116411209106s
======================================= Epoch 11 =======================================
================= Test Set =================
The acc is 0.9044, 0.8833, 0.9097
Time Consumption for one epoch is 40.90902137756348s
======================================= Epoch 12 =======================================
================= Test Set =================
The acc is 0.9044, 0.8833, 0.9097
Time Consumption for one epoch is 40.08721375465393s
======================================= Epoch 13 =======================================
================= Test Set =================
+++++++++++ Find New Best Min ACC +++++++++++
The acc is 0.9167, 0.9111, 0.9181
Time Consumption for one epoch is 43.405038595199585s
======================================= Epoch 14 =======================================
================= Test Set =================
The acc is 0.9167, 0.9111, 0.9181
Time Consumption for one epoch is 40.67944097518921s
======================================= Epoch 15 =======================================
================= Test Set =================
The acc is 0.9167, 0.9111, 0.9181
Time Consumption for one epoch is 39.987143754959106s
======================================= Epoch 16 =======================================
================= Test Set =================
The acc is 0.9167, 0.9111, 0.9181
Time Consumption for one epoch is 42.173927783966064s
======================================= Epoch 17 =======================================
================= Test Set =================
The acc is 0.9167, 0.9111, 0.9181
Time Consumption for one epoch is 43.361175537109375s
======================================= Epoch 18 =======================================
================= Test Set =================
The acc is 0.9167, 0.9111, 0.9181
Time Consumption for one epoch is 41.992199420928955s
======================================= Epoch 19 =======================================
================= Test Set =================
The acc is 0.9167, 0.9111, 0.9181
Time Consumption for one epoch is 41.832026720047s
The final acc is 0.9167, 0.9111, 0.9181
