Namespace(data_dir='/data/yihua/dataset/celeba/celeba.hdf5', result_dir='results', checkpoint=None, resume=False, domain_attrs='Male', target_attrs='Blond_Hair', exp_name=None, batch_size=512, lr=0.0001, wd=2e-05, epochs=20, seed=42, num_workers=8, arch='resnet9', evaluate=False, gv=0.2, gr=0.5)
======================================= Epoch 0 =======================================
================= Test Set =================
+++++++++++ Find New Best Min ACC +++++++++++
The acc is 0.8217, 0.7972, 0.8278
Time Consumption for one epoch is 29.260464906692505s
======================================= Epoch 1 =======================================
================= Test Set =================
+++++++++++ Find New Best Min ACC +++++++++++
The acc is 0.8739, 0.8333, 0.8840
Time Consumption for one epoch is 26.43856644630432s
======================================= Epoch 2 =======================================
================= Test Set =================
+++++++++++ Find New Best Min ACC +++++++++++
The acc is 0.8906, 0.8472, 0.9014
Time Consumption for one epoch is 26.620309352874756s
======================================= Epoch 3 =======================================
================= Test Set =================
+++++++++++ Find New Best Min ACC +++++++++++
The acc is 0.8956, 0.8472, 0.9076
Time Consumption for one epoch is 26.405455112457275s
======================================= Epoch 4 =======================================
================= Test Set =================
The acc is 0.8956, 0.8472, 0.9076
Time Consumption for one epoch is 26.619718074798584s
======================================= Epoch 5 =======================================
================= Test Set =================
+++++++++++ Find New Best Min ACC +++++++++++
The acc is 0.9044, 0.8778, 0.9111
Time Consumption for one epoch is 27.49699854850769s
======================================= Epoch 6 =======================================
================= Test Set =================
+++++++++++ Find New Best Min ACC +++++++++++
The acc is 0.9050, 0.8944, 0.9076
Time Consumption for one epoch is 26.94546937942505s
======================================= Epoch 7 =======================================
================= Test Set =================
+++++++++++ Find New Best Min ACC +++++++++++
The acc is 0.9061, 0.8778, 0.9132
Time Consumption for one epoch is 27.462024688720703s
======================================= Epoch 8 =======================================
================= Test Set =================
The acc is 0.9061, 0.8778, 0.9132
Time Consumption for one epoch is 25.128798007965088s
======================================= Epoch 9 =======================================
================= Test Set =================
+++++++++++ Find New Best Min ACC +++++++++++
The acc is 0.9189, 0.9056, 0.9222
Time Consumption for one epoch is 26.65294337272644s
======================================= Epoch 10 =======================================
================= Test Set =================
The acc is 0.9189, 0.9056, 0.9222
Time Consumption for one epoch is 26.862365245819092s
======================================= Epoch 11 =======================================
================= Test Set =================
The acc is 0.9189, 0.9056, 0.9222
Time Consumption for one epoch is 25.428998231887817s
======================================= Epoch 12 =======================================
================= Test Set =================
The acc is 0.9189, 0.9056, 0.9222
Time Consumption for one epoch is 25.067376852035522s
======================================= Epoch 13 =======================================
================= Test Set =================
+++++++++++ Find New Best Min ACC +++++++++++
The acc is 0.9206, 0.9083, 0.9236
Time Consumption for one epoch is 26.390684843063354s
======================================= Epoch 14 =======================================
================= Test Set =================
The acc is 0.9206, 0.9083, 0.9236
Time Consumption for one epoch is 26.56258535385132s
======================================= Epoch 15 =======================================
================= Test Set =================
The acc is 0.9206, 0.9083, 0.9236
Time Consumption for one epoch is 25.608866453170776s
======================================= Epoch 16 =======================================
================= Test Set =================
The acc is 0.9206, 0.9083, 0.9236
Time Consumption for one epoch is 26.56881618499756s
======================================= Epoch 17 =======================================
================= Test Set =================
The acc is 0.9206, 0.9083, 0.9236
Time Consumption for one epoch is 26.168471574783325s
======================================= Epoch 18 =======================================
================= Test Set =================
The acc is 0.9206, 0.9083, 0.9236
Time Consumption for one epoch is 26.28022837638855s
======================================= Epoch 19 =======================================
================= Test Set =================
The acc is 0.9206, 0.9083, 0.9236
Time Consumption for one epoch is 25.850226640701294s
The final acc is 0.9206, 0.9083, 0.9236
