Namespace(data_dir='/data/yihua/dataset/celeba/celeba.hdf5', result_dir='results', checkpoint=None, resume=False, domain_attrs='Male', target_attrs='Heavy_Makeup', exp_name=None, batch_size=512, lr=0.0001, wd=2e-05, epochs=20, seed=2022, num_workers=8, arch='resnet9', evaluate=False, gv=0.0001, gr=0.3)
======================================= Epoch 0 =======================================
================= Test Set =================
+++++++++++ Find New Best Min ACC +++++++++++
The acc is 0.5000, 0.5000, 0.5000
Time Consumption for one epoch is 10.398698568344116s
======================================= Epoch 1 =======================================
================= Test Set =================
The acc is 0.5000, 0.5000, 0.5000
Time Consumption for one epoch is 8.55738115310669s
======================================= Epoch 2 =======================================
================= Test Set =================
+++++++++++ Find New Best Min ACC +++++++++++
The acc is 0.5409, 0.5000, 0.5511
Time Consumption for one epoch is 8.89390754699707s
======================================= Epoch 3 =======================================
================= Test Set =================
The acc is 0.5409, 0.5000, 0.5511
Time Consumption for one epoch is 9.263217210769653s
======================================= Epoch 4 =======================================
================= Test Set =================
The acc is 0.5409, 0.5000, 0.5511
Time Consumption for one epoch is 7.938251733779907s
======================================= Epoch 5 =======================================
================= Test Set =================
The acc is 0.5409, 0.5000, 0.5511
Time Consumption for one epoch is 9.81893277168274s
======================================= Epoch 6 =======================================
================= Test Set =================
The acc is 0.5409, 0.5000, 0.5511
Time Consumption for one epoch is 8.703144073486328s
======================================= Epoch 7 =======================================
================= Test Set =================
The acc is 0.5409, 0.5000, 0.5511
Time Consumption for one epoch is 8.648158311843872s
======================================= Epoch 8 =======================================
================= Test Set =================
+++++++++++ Find New Best Min ACC +++++++++++
The acc is 0.5500, 0.5455, 0.5511
Time Consumption for one epoch is 10.244488716125488s
======================================= Epoch 9 =======================================
================= Test Set =================
+++++++++++ Find New Best Min ACC +++++++++++
The acc is 0.6045, 0.4545, 0.6420
Time Consumption for one epoch is 8.825291872024536s
======================================= Epoch 10 =======================================
================= Test Set =================
+++++++++++ Find New Best Min ACC +++++++++++
The acc is 0.6409, 0.5227, 0.6705
Time Consumption for one epoch is 8.482767343521118s
======================================= Epoch 11 =======================================
================= Test Set =================
The acc is 0.6409, 0.5227, 0.6705
Time Consumption for one epoch is 8.516530990600586s
======================================= Epoch 12 =======================================
================= Test Set =================
+++++++++++ Find New Best Min ACC +++++++++++
The acc is 0.6727, 0.5909, 0.6932
Time Consumption for one epoch is 8.717087745666504s
======================================= Epoch 13 =======================================
================= Test Set =================
The acc is 0.6727, 0.5909, 0.6932
Time Consumption for one epoch is 8.789788007736206s
======================================= Epoch 14 =======================================
================= Test Set =================
+++++++++++ Find New Best Min ACC +++++++++++
The acc is 0.6818, 0.5682, 0.7102
Time Consumption for one epoch is 10.021703243255615s
======================================= Epoch 15 =======================================
================= Test Set =================
The acc is 0.6818, 0.5682, 0.7102
Time Consumption for one epoch is 8.545510292053223s
======================================= Epoch 16 =======================================
================= Test Set =================
+++++++++++ Find New Best Min ACC +++++++++++
The acc is 0.6864, 0.6364, 0.6989
Time Consumption for one epoch is 9.054796695709229s
======================================= Epoch 17 =======================================
================= Test Set =================
+++++++++++ Find New Best Min ACC +++++++++++
The acc is 0.7000, 0.6591, 0.7102
Time Consumption for one epoch is 9.895566940307617s
======================================= Epoch 18 =======================================
================= Test Set =================
The acc is 0.7000, 0.6591, 0.7102
Time Consumption for one epoch is 7.851409196853638s
======================================= Epoch 19 =======================================
================= Test Set =================
+++++++++++ Find New Best Min ACC +++++++++++
The acc is 0.7045, 0.6591, 0.7159
Time Consumption for one epoch is 8.28213381767273s
The final acc is 0.7045, 0.6591, 0.7159
