Namespace(data_dir='/data/yihua/dataset/celeba/celeba.hdf5', result_dir='crop_study', checkpoint=None, resume=False, domain_attrs='Male', target_attrs='Blond_Hair', exp_name=None, batch_size=512, lr=0.0001, wd=2e-05, epochs=20, seed=2021, num_workers=8, arch='resnet18', evaluate=False, total_num=5000, test_num=1000, gv=100.0, gr=0.3, minor_ratio=0.2, add_aug='crop')
======================================= Epoch 0 =======================================
================= Test Set =================
+++++++++++ Find New Best Min ACC +++++++++++
The acc is 0.6613, 0.6256, 0.6920
Time Consumption for one epoch is 23.50808048248291s
======================================= Epoch 1 =======================================
================= Test Set =================
The acc is 0.6613, 0.6256, 0.6920
Time Consumption for one epoch is 20.083613634109497s
======================================= Epoch 2 =======================================
================= Test Set =================
The acc is 0.6613, 0.6256, 0.6920
Time Consumption for one epoch is 20.23122811317444s
======================================= Epoch 3 =======================================
================= Test Set =================
The acc is 0.6613, 0.6256, 0.6920
Time Consumption for one epoch is 20.648761987686157s
======================================= Epoch 4 =======================================
================= Test Set =================
The acc is 0.6613, 0.6256, 0.6920
Time Consumption for one epoch is 21.119864225387573s
======================================= Epoch 5 =======================================
================= Test Set =================
+++++++++++ Find New Best Min ACC +++++++++++
The acc is 0.8581, 0.8419, 0.8720
Time Consumption for one epoch is 21.835543632507324s
======================================= Epoch 6 =======================================
================= Test Set =================
+++++++++++ Find New Best Min ACC +++++++++++
The acc is 0.8785, 0.8605, 0.8940
Time Consumption for one epoch is 19.314548015594482s
======================================= Epoch 7 =======================================
================= Test Set =================
The acc is 0.8785, 0.8605, 0.8940
Time Consumption for one epoch is 19.760510444641113s
======================================= Epoch 8 =======================================
================= Test Set =================
The acc is 0.8785, 0.8605, 0.8940
Time Consumption for one epoch is 18.901065826416016s
======================================= Epoch 9 =======================================
================= Test Set =================
The acc is 0.8785, 0.8605, 0.8940
Time Consumption for one epoch is 20.949928998947144s
======================================= Epoch 10 =======================================
================= Test Set =================
The acc is 0.8785, 0.8605, 0.8940
Time Consumption for one epoch is 20.22687315940857s
======================================= Epoch 11 =======================================
================= Test Set =================
The acc is 0.8785, 0.8605, 0.8940
Time Consumption for one epoch is 20.58678150177002s
======================================= Epoch 12 =======================================
================= Test Set =================
+++++++++++ Find New Best Min ACC +++++++++++
The acc is 0.8849, 0.8605, 0.9060
Time Consumption for one epoch is 20.26601219177246s
======================================= Epoch 13 =======================================
================= Test Set =================
+++++++++++ Find New Best Min ACC +++++++++++
The acc is 0.8903, 0.8651, 0.9120
Time Consumption for one epoch is 19.30138087272644s
======================================= Epoch 14 =======================================
================= Test Set =================
The acc is 0.8903, 0.8651, 0.9120
Time Consumption for one epoch is 20.376322746276855s
======================================= Epoch 15 =======================================
================= Test Set =================
The acc is 0.8903, 0.8651, 0.9120
Time Consumption for one epoch is 21.294119596481323s
======================================= Epoch 16 =======================================
================= Test Set =================
The acc is 0.8903, 0.8651, 0.9120
Time Consumption for one epoch is 21.27788257598877s
======================================= Epoch 17 =======================================
================= Test Set =================
+++++++++++ Find New Best Min ACC +++++++++++
The acc is 0.8914, 0.8674, 0.9120
Time Consumption for one epoch is 20.355241537094116s
======================================= Epoch 18 =======================================
================= Test Set =================
The acc is 0.8914, 0.8674, 0.9120
Time Consumption for one epoch is 22.39517641067505s
======================================= Epoch 19 =======================================
================= Test Set =================
The acc is 0.8914, 0.8674, 0.9120
Time Consumption for one epoch is 22.364394426345825s
The final acc is 0.8914, 0.8674, 0.9120
