Namespace(data_dir='/data/yihua/dataset/celeba/celeba.hdf5', result_dir='results', checkpoint=None, resume=False, domain_attrs='Male', target_attrs='Blond_Hair', exp_name=None, batch_size=512, lr=0.0001, wd=2e-05, epochs=20, seed=2022, num_workers=8, arch='resnet9', evaluate=False, gv=0.0001, gr=0.1)
======================================= Epoch 0 =======================================
================= Test Set =================
+++++++++++ Find New Best Min ACC +++++++++++
The acc is 0.6294, 0.5889, 0.6396
Time Consumption for one epoch is 27.886345386505127s
======================================= Epoch 1 =======================================
================= Test Set =================
+++++++++++ Find New Best Min ACC +++++++++++
The acc is 0.8372, 0.7861, 0.8500
Time Consumption for one epoch is 24.083101511001587s
======================================= Epoch 2 =======================================
================= Test Set =================
+++++++++++ Find New Best Min ACC +++++++++++
The acc is 0.8656, 0.7972, 0.8826
Time Consumption for one epoch is 25.05045461654663s
======================================= Epoch 3 =======================================
================= Test Set =================
+++++++++++ Find New Best Min ACC +++++++++++
The acc is 0.9000, 0.8639, 0.9090
Time Consumption for one epoch is 25.682806491851807s
======================================= Epoch 4 =======================================
================= Test Set =================
The acc is 0.9000, 0.8639, 0.9090
Time Consumption for one epoch is 23.10500168800354s
======================================= Epoch 5 =======================================
================= Test Set =================
+++++++++++ Find New Best Min ACC +++++++++++
The acc is 0.9028, 0.8556, 0.9146
Time Consumption for one epoch is 24.241093635559082s
======================================= Epoch 6 =======================================
================= Test Set =================
The acc is 0.9028, 0.8556, 0.9146
Time Consumption for one epoch is 24.349652767181396s
======================================= Epoch 7 =======================================
================= Test Set =================
The acc is 0.9028, 0.8556, 0.9146
Time Consumption for one epoch is 24.442775011062622s
======================================= Epoch 8 =======================================
================= Test Set =================
The acc is 0.9028, 0.8556, 0.9146
Time Consumption for one epoch is 24.38216757774353s
======================================= Epoch 9 =======================================
================= Test Set =================
+++++++++++ Find New Best Min ACC +++++++++++
The acc is 0.9117, 0.8889, 0.9174
Time Consumption for one epoch is 24.48913049697876s
======================================= Epoch 10 =======================================
================= Test Set =================
+++++++++++ Find New Best Min ACC +++++++++++
The acc is 0.9167, 0.8889, 0.9236
Time Consumption for one epoch is 24.658238649368286s
======================================= Epoch 11 =======================================
================= Test Set =================
The acc is 0.9167, 0.8889, 0.9236
Time Consumption for one epoch is 24.564615488052368s
======================================= Epoch 12 =======================================
================= Test Set =================
The acc is 0.9167, 0.8889, 0.9236
Time Consumption for one epoch is 25.16192865371704s
======================================= Epoch 13 =======================================
================= Test Set =================
The acc is 0.9167, 0.8889, 0.9236
Time Consumption for one epoch is 23.709612369537354s
======================================= Epoch 14 =======================================
================= Test Set =================
The acc is 0.9167, 0.8889, 0.9236
Time Consumption for one epoch is 25.035538911819458s
======================================= Epoch 15 =======================================
================= Test Set =================
The acc is 0.9167, 0.8889, 0.9236
Time Consumption for one epoch is 23.41232132911682s
======================================= Epoch 16 =======================================
================= Test Set =================
+++++++++++ Find New Best Min ACC +++++++++++
The acc is 0.9239, 0.9056, 0.9285
Time Consumption for one epoch is 24.781490325927734s
======================================= Epoch 17 =======================================
================= Test Set =================
The acc is 0.9239, 0.9056, 0.9285
Time Consumption for one epoch is 24.69217276573181s
======================================= Epoch 18 =======================================
================= Test Set =================
The acc is 0.9239, 0.9056, 0.9285
Time Consumption for one epoch is 24.927144050598145s
======================================= Epoch 19 =======================================
================= Test Set =================
The acc is 0.9239, 0.9056, 0.9285
Time Consumption for one epoch is 23.57790517807007s
The final acc is 0.9239, 0.9056, 0.9285
