Namespace(data_dir='/data/yihua/dataset/celeba/celeba.hdf5', result_dir='results', checkpoint=None, resume=False, domain_attrs='Male', target_attrs='Blond_Hair', exp_name=None, batch_size=512, lr=0.0001, wd=2e-05, epochs=20, seed=2021, num_workers=8, arch='resnet18', evaluate=False, gv=1e-05, gr=0.1)
======================================= Epoch 0 =======================================
================= Test Set =================
+++++++++++ Find New Best Min ACC +++++++++++
The acc is 0.7139, 0.6333, 0.7340
Time Consumption for one epoch is 44.4561562538147s
======================================= Epoch 1 =======================================
================= Test Set =================
+++++++++++ Find New Best Min ACC +++++++++++
The acc is 0.8744, 0.8222, 0.8875
Time Consumption for one epoch is 41.199371576309204s
======================================= Epoch 2 =======================================
================= Test Set =================
The acc is 0.8744, 0.8222, 0.8875
Time Consumption for one epoch is 42.34141159057617s
======================================= Epoch 3 =======================================
================= Test Set =================
The acc is 0.8744, 0.8222, 0.8875
Time Consumption for one epoch is 41.48334741592407s
======================================= Epoch 4 =======================================
================= Test Set =================
The acc is 0.8744, 0.8222, 0.8875
Time Consumption for one epoch is 41.5105094909668s
======================================= Epoch 5 =======================================
================= Test Set =================
+++++++++++ Find New Best Min ACC +++++++++++
The acc is 0.8978, 0.8778, 0.9028
Time Consumption for one epoch is 42.94377517700195s
======================================= Epoch 6 =======================================
================= Test Set =================
The acc is 0.8978, 0.8778, 0.9028
Time Consumption for one epoch is 41.37736678123474s
======================================= Epoch 7 =======================================
================= Test Set =================
+++++++++++ Find New Best Min ACC +++++++++++
The acc is 0.9117, 0.8889, 0.9174
Time Consumption for one epoch is 42.89482045173645s
======================================= Epoch 8 =======================================
================= Test Set =================
The acc is 0.9117, 0.8889, 0.9174
Time Consumption for one epoch is 42.73076248168945s
======================================= Epoch 9 =======================================
================= Test Set =================
The acc is 0.9117, 0.8889, 0.9174
Time Consumption for one epoch is 42.72105431556702s
======================================= Epoch 10 =======================================
================= Test Set =================
The acc is 0.9117, 0.8889, 0.9174
Time Consumption for one epoch is 41.31627869606018s
======================================= Epoch 11 =======================================
================= Test Set =================
The acc is 0.9117, 0.8889, 0.9174
Time Consumption for one epoch is 40.05121374130249s
======================================= Epoch 12 =======================================
================= Test Set =================
The acc is 0.9117, 0.8889, 0.9174
Time Consumption for one epoch is 41.17527151107788s
======================================= Epoch 13 =======================================
================= Test Set =================
The acc is 0.9117, 0.8889, 0.9174
Time Consumption for one epoch is 42.33784747123718s
======================================= Epoch 14 =======================================
================= Test Set =================
The acc is 0.9117, 0.8889, 0.9174
Time Consumption for one epoch is 40.93588161468506s
======================================= Epoch 15 =======================================
================= Test Set =================
The acc is 0.9117, 0.8889, 0.9174
Time Consumption for one epoch is 41.44219994544983s
======================================= Epoch 16 =======================================
================= Test Set =================
The acc is 0.9117, 0.8889, 0.9174
Time Consumption for one epoch is 39.921550273895264s
======================================= Epoch 17 =======================================
================= Test Set =================
+++++++++++ Find New Best Min ACC +++++++++++
The acc is 0.9183, 0.8972, 0.9236
Time Consumption for one epoch is 43.734681367874146s
======================================= Epoch 18 =======================================
================= Test Set =================
The acc is 0.9183, 0.8972, 0.9236
Time Consumption for one epoch is 41.00993752479553s
======================================= Epoch 19 =======================================
================= Test Set =================
The acc is 0.9183, 0.8972, 0.9236
Time Consumption for one epoch is 42.06556987762451s
The final acc is 0.9183, 0.8972, 0.9236
