Namespace(data_dir='/data/yihua/dataset/celeba/celeba.hdf5', result_dir='rotation_study', checkpoint=None, resume=False, domain_attrs='Male', target_attrs='Blond_Hair', exp_name=None, batch_size=512, lr=0.0001, wd=2e-05, epochs=20, seed=2020, num_workers=8, arch='resnet18', evaluate=False, total_num=5000, test_num=1000, gv=150.0, gr=0.1, minor_ratio=0.2, add_aug='rotation')
======================================= Epoch 0 =======================================
================= Test Set =================
+++++++++++ Find New Best Min ACC +++++++++++
The acc is 0.4624, 0.4186, 0.5000
Time Consumption for one epoch is 21.219706773757935s
======================================= Epoch 1 =======================================
================= Test Set =================
The acc is 0.4624, 0.4186, 0.5000
Time Consumption for one epoch is 20.180623054504395s
======================================= Epoch 2 =======================================
================= Test Set =================
+++++++++++ Find New Best Min ACC +++++++++++
The acc is 0.4753, 0.5047, 0.4500
Time Consumption for one epoch is 19.368052005767822s
======================================= Epoch 3 =======================================
================= Test Set =================
+++++++++++ Find New Best Min ACC +++++++++++
The acc is 0.5613, 0.6047, 0.5240
Time Consumption for one epoch is 20.392091274261475s
======================================= Epoch 4 =======================================
================= Test Set =================
+++++++++++ Find New Best Min ACC +++++++++++
The acc is 0.6011, 0.6279, 0.5780
Time Consumption for one epoch is 19.913379192352295s
======================================= Epoch 5 =======================================
================= Test Set =================
+++++++++++ Find New Best Min ACC +++++++++++
The acc is 0.8140, 0.7977, 0.8280
Time Consumption for one epoch is 19.72185969352722s
======================================= Epoch 6 =======================================
================= Test Set =================
+++++++++++ Find New Best Min ACC +++++++++++
The acc is 0.8634, 0.8279, 0.8940
Time Consumption for one epoch is 21.09189748764038s
======================================= Epoch 7 =======================================
================= Test Set =================
+++++++++++ Find New Best Min ACC +++++++++++
The acc is 0.8720, 0.8488, 0.8920
Time Consumption for one epoch is 18.48586416244507s
======================================= Epoch 8 =======================================
================= Test Set =================
The acc is 0.8720, 0.8488, 0.8920
Time Consumption for one epoch is 20.774731397628784s
======================================= Epoch 9 =======================================
================= Test Set =================
The acc is 0.8720, 0.8488, 0.8920
Time Consumption for one epoch is 20.345943689346313s
======================================= Epoch 10 =======================================
================= Test Set =================
+++++++++++ Find New Best Min ACC +++++++++++
The acc is 0.8796, 0.8674, 0.8900
Time Consumption for one epoch is 18.93514132499695s
======================================= Epoch 11 =======================================
================= Test Set =================
The acc is 0.8796, 0.8674, 0.8900
Time Consumption for one epoch is 20.30241322517395s
======================================= Epoch 12 =======================================
================= Test Set =================
The acc is 0.8796, 0.8674, 0.8900
Time Consumption for one epoch is 19.55290389060974s
======================================= Epoch 13 =======================================
================= Test Set =================
+++++++++++ Find New Best Min ACC +++++++++++
The acc is 0.8957, 0.8721, 0.9160
Time Consumption for one epoch is 18.64623212814331s
======================================= Epoch 14 =======================================
================= Test Set =================
The acc is 0.8957, 0.8721, 0.9160
Time Consumption for one epoch is 20.271377325057983s
======================================= Epoch 15 =======================================
================= Test Set =================
The acc is 0.8957, 0.8721, 0.9160
Time Consumption for one epoch is 19.26992964744568s
======================================= Epoch 16 =======================================
================= Test Set =================
The acc is 0.8957, 0.8721, 0.9160
Time Consumption for one epoch is 19.870964527130127s
======================================= Epoch 17 =======================================
================= Test Set =================
The acc is 0.8957, 0.8721, 0.9160
Time Consumption for one epoch is 19.54083752632141s
======================================= Epoch 18 =======================================
================= Test Set =================
The acc is 0.8957, 0.8721, 0.9160
Time Consumption for one epoch is 20.21182107925415s
======================================= Epoch 19 =======================================
================= Test Set =================
The acc is 0.8957, 0.8721, 0.9160
Time Consumption for one epoch is 20.022369146347046s
The final acc is 0.8957, 0.8721, 0.9160
