Namespace(data_dir='/data/yihua/dataset/celeba/celeba.hdf5', result_dir='results', checkpoint=None, resume=False, domain_attrs='Male', target_attrs='Blond_Hair', exp_name=None, batch_size=512, lr=0.0001, wd=2e-05, epochs=20, seed=2021, num_workers=8, arch='resnet9', evaluate=False, gv=10.0, gr=0.5)
======================================= Epoch 0 =======================================
================= Test Set =================
+++++++++++ Find New Best Min ACC +++++++++++
The acc is 0.8450, 0.8056, 0.8549
Time Consumption for one epoch is 29.16934299468994s
======================================= Epoch 1 =======================================
================= Test Set =================
+++++++++++ Find New Best Min ACC +++++++++++
The acc is 0.8794, 0.8333, 0.8910
Time Consumption for one epoch is 23.70137929916382s
======================================= Epoch 2 =======================================
================= Test Set =================
The acc is 0.8794, 0.8333, 0.8910
Time Consumption for one epoch is 26.718636751174927s
======================================= Epoch 3 =======================================
================= Test Set =================
+++++++++++ Find New Best Min ACC +++++++++++
The acc is 0.8828, 0.8222, 0.8979
Time Consumption for one epoch is 24.532697916030884s
======================================= Epoch 4 =======================================
================= Test Set =================
+++++++++++ Find New Best Min ACC +++++++++++
The acc is 0.8856, 0.8194, 0.9021
Time Consumption for one epoch is 24.584014892578125s
======================================= Epoch 5 =======================================
================= Test Set =================
+++++++++++ Find New Best Min ACC +++++++++++
The acc is 0.9022, 0.8722, 0.9097
Time Consumption for one epoch is 26.389045476913452s
======================================= Epoch 6 =======================================
================= Test Set =================
The acc is 0.9022, 0.8722, 0.9097
Time Consumption for one epoch is 26.352602005004883s
======================================= Epoch 7 =======================================
================= Test Set =================
The acc is 0.9022, 0.8722, 0.9097
Time Consumption for one epoch is 26.689788579940796s
======================================= Epoch 8 =======================================
================= Test Set =================
+++++++++++ Find New Best Min ACC +++++++++++
The acc is 0.9028, 0.8778, 0.9090
Time Consumption for one epoch is 26.931310892105103s
======================================= Epoch 9 =======================================
================= Test Set =================
The acc is 0.9028, 0.8778, 0.9090
Time Consumption for one epoch is 25.70847988128662s
======================================= Epoch 10 =======================================
================= Test Set =================
The acc is 0.9028, 0.8778, 0.9090
Time Consumption for one epoch is 24.640772104263306s
======================================= Epoch 11 =======================================
================= Test Set =================
The acc is 0.9028, 0.8778, 0.9090
Time Consumption for one epoch is 26.062427759170532s
======================================= Epoch 12 =======================================
================= Test Set =================
The acc is 0.9028, 0.8778, 0.9090
Time Consumption for one epoch is 26.077152967453003s
======================================= Epoch 13 =======================================
================= Test Set =================
The acc is 0.9028, 0.8778, 0.9090
Time Consumption for one epoch is 24.65799641609192s
======================================= Epoch 14 =======================================
================= Test Set =================
+++++++++++ Find New Best Min ACC +++++++++++
The acc is 0.9094, 0.8889, 0.9146
Time Consumption for one epoch is 25.05912756919861s
======================================= Epoch 15 =======================================
================= Test Set =================
The acc is 0.9094, 0.8889, 0.9146
Time Consumption for one epoch is 26.09356689453125s
======================================= Epoch 16 =======================================
================= Test Set =================
+++++++++++ Find New Best Min ACC +++++++++++
The acc is 0.9111, 0.9028, 0.9132
Time Consumption for one epoch is 26.585592031478882s
======================================= Epoch 17 =======================================
================= Test Set =================
The acc is 0.9111, 0.9028, 0.9132
Time Consumption for one epoch is 26.567091464996338s
======================================= Epoch 18 =======================================
================= Test Set =================
+++++++++++ Find New Best Min ACC +++++++++++
The acc is 0.9122, 0.9056, 0.9139
Time Consumption for one epoch is 26.51638174057007s
======================================= Epoch 19 =======================================
================= Test Set =================
The acc is 0.9122, 0.9056, 0.9139
Time Consumption for one epoch is 25.405901670455933s
The final acc is 0.9122, 0.9056, 0.9139
