Namespace(data_dir='/data/yihua/dataset/celeba/celeba.hdf5', result_dir='crop_study', checkpoint=None, resume=False, domain_attrs='Male', target_attrs='Blond_Hair', exp_name=None, batch_size=512, lr=0.0001, wd=2e-05, epochs=20, seed=2020, num_workers=8, arch='resnet18', evaluate=False, total_num=5000, test_num=1000, gv=160.0, gr=0.5, minor_ratio=0.2, add_aug='crop')
======================================= Epoch 0 =======================================
================= Test Set =================
+++++++++++ Find New Best Min ACC +++++++++++
The acc is 0.4624, 0.4186, 0.5000
Time Consumption for one epoch is 22.5361065864563s
======================================= Epoch 1 =======================================
================= Test Set =================
The acc is 0.4624, 0.4186, 0.5000
Time Consumption for one epoch is 20.48762035369873s
======================================= Epoch 2 =======================================
================= Test Set =================
+++++++++++ Find New Best Min ACC +++++++++++
The acc is 0.6161, 0.6023, 0.6280
Time Consumption for one epoch is 21.012165784835815s
======================================= Epoch 3 =======================================
================= Test Set =================
The acc is 0.6161, 0.6023, 0.6280
Time Consumption for one epoch is 20.850112676620483s
======================================= Epoch 4 =======================================
================= Test Set =================
The acc is 0.6161, 0.6023, 0.6280
Time Consumption for one epoch is 21.089507341384888s
======================================= Epoch 5 =======================================
================= Test Set =================
+++++++++++ Find New Best Min ACC +++++++++++
The acc is 0.8290, 0.7977, 0.8560
Time Consumption for one epoch is 19.851887941360474s
======================================= Epoch 6 =======================================
================= Test Set =================
+++++++++++ Find New Best Min ACC +++++++++++
The acc is 0.8731, 0.8465, 0.8960
Time Consumption for one epoch is 21.307239532470703s
======================================= Epoch 7 =======================================
================= Test Set =================
+++++++++++ Find New Best Min ACC +++++++++++
The acc is 0.8796, 0.8558, 0.9000
Time Consumption for one epoch is 21.368862867355347s
======================================= Epoch 8 =======================================
================= Test Set =================
The acc is 0.8796, 0.8558, 0.9000
Time Consumption for one epoch is 21.246145248413086s
======================================= Epoch 9 =======================================
================= Test Set =================
+++++++++++ Find New Best Min ACC +++++++++++
The acc is 0.8925, 0.8791, 0.9040
Time Consumption for one epoch is 22.251781940460205s
======================================= Epoch 10 =======================================
================= Test Set =================
The acc is 0.8925, 0.8791, 0.9040
Time Consumption for one epoch is 21.14602565765381s
======================================= Epoch 11 =======================================
================= Test Set =================
The acc is 0.8925, 0.8791, 0.9040
Time Consumption for one epoch is 21.952606201171875s
======================================= Epoch 12 =======================================
================= Test Set =================
The acc is 0.8925, 0.8791, 0.9040
Time Consumption for one epoch is 22.315539121627808s
======================================= Epoch 13 =======================================
================= Test Set =================
The acc is 0.8925, 0.8791, 0.9040
Time Consumption for one epoch is 21.52106213569641s
======================================= Epoch 14 =======================================
================= Test Set =================
The acc is 0.8925, 0.8791, 0.9040
Time Consumption for one epoch is 20.48398995399475s
======================================= Epoch 15 =======================================
================= Test Set =================
The acc is 0.8925, 0.8791, 0.9040
Time Consumption for one epoch is 20.742539644241333s
======================================= Epoch 16 =======================================
================= Test Set =================
The acc is 0.8925, 0.8791, 0.9040
Time Consumption for one epoch is 20.798200607299805s
======================================= Epoch 17 =======================================
================= Test Set =================
The acc is 0.8925, 0.8791, 0.9040
Time Consumption for one epoch is 21.179435968399048s
======================================= Epoch 18 =======================================
================= Test Set =================
The acc is 0.8925, 0.8791, 0.9040
Time Consumption for one epoch is 20.46855401992798s
======================================= Epoch 19 =======================================
================= Test Set =================
The acc is 0.8925, 0.8791, 0.9040
Time Consumption for one epoch is 23.004117488861084s
The final acc is 0.8925, 0.8791, 0.9040
