Namespace(data_dir='/data/yihua/dataset/celeba/celeba.hdf5', result_dir='results', checkpoint=None, resume=False, domain_attrs='Male', target_attrs='Blond_Hair', exp_name=None, batch_size=512, lr=0.0001, wd=2e-05, epochs=20, seed=2021, num_workers=8, arch='resnet9', evaluate=False, gv=0.15, gr=0.1)
======================================= Epoch 0 =======================================
================= Test Set =================
+++++++++++ Find New Best Min ACC +++++++++++
The acc is 0.5583, 0.5417, 0.5625
Time Consumption for one epoch is 29.447489261627197s
======================================= Epoch 1 =======================================
================= Test Set =================
+++++++++++ Find New Best Min ACC +++++++++++
The acc is 0.8856, 0.8500, 0.8944
Time Consumption for one epoch is 26.91481113433838s
======================================= Epoch 2 =======================================
================= Test Set =================
+++++++++++ Find New Best Min ACC +++++++++++
The acc is 0.8950, 0.8694, 0.9014
Time Consumption for one epoch is 28.022600889205933s
======================================= Epoch 3 =======================================
================= Test Set =================
The acc is 0.8950, 0.8694, 0.9014
Time Consumption for one epoch is 26.750658750534058s
======================================= Epoch 4 =======================================
================= Test Set =================
+++++++++++ Find New Best Min ACC +++++++++++
The acc is 0.8989, 0.8833, 0.9028
Time Consumption for one epoch is 27.924026250839233s
======================================= Epoch 5 =======================================
================= Test Set =================
+++++++++++ Find New Best Min ACC +++++++++++
The acc is 0.9061, 0.8806, 0.9125
Time Consumption for one epoch is 25.745617389678955s
======================================= Epoch 6 =======================================
================= Test Set =================
The acc is 0.9061, 0.8806, 0.9125
Time Consumption for one epoch is 25.717454433441162s
======================================= Epoch 7 =======================================
================= Test Set =================
The acc is 0.9061, 0.8806, 0.9125
Time Consumption for one epoch is 27.9179265499115s
======================================= Epoch 8 =======================================
================= Test Set =================
The acc is 0.9061, 0.8806, 0.9125
Time Consumption for one epoch is 27.11563014984131s
======================================= Epoch 9 =======================================
================= Test Set =================
The acc is 0.9061, 0.8806, 0.9125
Time Consumption for one epoch is 26.827186107635498s
======================================= Epoch 10 =======================================
================= Test Set =================
The acc is 0.9061, 0.8806, 0.9125
Time Consumption for one epoch is 25.921287298202515s
======================================= Epoch 11 =======================================
================= Test Set =================
+++++++++++ Find New Best Min ACC +++++++++++
The acc is 0.9150, 0.8861, 0.9222
Time Consumption for one epoch is 26.12917995452881s
======================================= Epoch 12 =======================================
================= Test Set =================
The acc is 0.9150, 0.8861, 0.9222
Time Consumption for one epoch is 26.649296045303345s
======================================= Epoch 13 =======================================
================= Test Set =================
The acc is 0.9150, 0.8861, 0.9222
Time Consumption for one epoch is 25.888810396194458s
======================================= Epoch 14 =======================================
================= Test Set =================
The acc is 0.9150, 0.8861, 0.9222
Time Consumption for one epoch is 26.019583463668823s
======================================= Epoch 15 =======================================
================= Test Set =================
+++++++++++ Find New Best Min ACC +++++++++++
The acc is 0.9211, 0.9000, 0.9264
Time Consumption for one epoch is 27.21631097793579s
======================================= Epoch 16 =======================================
================= Test Set =================
+++++++++++ Find New Best Min ACC +++++++++++
The acc is 0.9233, 0.9028, 0.9285
Time Consumption for one epoch is 26.977814435958862s
======================================= Epoch 17 =======================================
================= Test Set =================
The acc is 0.9233, 0.9028, 0.9285
Time Consumption for one epoch is 26.767345666885376s
======================================= Epoch 18 =======================================
================= Test Set =================
The acc is 0.9233, 0.9028, 0.9285
Time Consumption for one epoch is 26.812447547912598s
======================================= Epoch 19 =======================================
================= Test Set =================
The acc is 0.9233, 0.9028, 0.9285
Time Consumption for one epoch is 28.270431756973267s
The final acc is 0.9233, 0.9028, 0.9285
