Namespace(data_dir='/data/yihua/dataset/celeba/celeba.hdf5', result_dir='rotation_study', checkpoint=None, resume=False, domain_attrs='Male', target_attrs='Blond_Hair', exp_name=None, batch_size=512, lr=0.0001, wd=2e-05, epochs=20, seed=2021, num_workers=8, arch='resnet9', evaluate=False, total_num=5000, test_num=1000, gv=150.0, gr=0.1, minor_ratio=0.2, add_aug='rotation')
======================================= Epoch 0 =======================================
================= Test Set =================
+++++++++++ Find New Best Min ACC +++++++++++
The acc is 0.4624, 0.4186, 0.5000
Time Consumption for one epoch is 15.866248369216919s
======================================= Epoch 1 =======================================
================= Test Set =================
The acc is 0.4624, 0.4186, 0.5000
Time Consumption for one epoch is 14.414310216903687s
======================================= Epoch 2 =======================================
================= Test Set =================
+++++++++++ Find New Best Min ACC +++++++++++
The acc is 0.6376, 0.5884, 0.6800
Time Consumption for one epoch is 14.112004041671753s
======================================= Epoch 3 =======================================
================= Test Set =================
+++++++++++ Find New Best Min ACC +++++++++++
The acc is 0.6624, 0.6628, 0.6620
Time Consumption for one epoch is 14.884489297866821s
======================================= Epoch 4 =======================================
================= Test Set =================
+++++++++++ Find New Best Min ACC +++++++++++
The acc is 0.7839, 0.7535, 0.8100
Time Consumption for one epoch is 15.086868047714233s
======================================= Epoch 5 =======================================
================= Test Set =================
+++++++++++ Find New Best Min ACC +++++++++++
The acc is 0.8452, 0.8302, 0.8580
Time Consumption for one epoch is 14.73608684539795s
======================================= Epoch 6 =======================================
================= Test Set =================
+++++++++++ Find New Best Min ACC +++++++++++
The acc is 0.8688, 0.8512, 0.8840
Time Consumption for one epoch is 14.211973905563354s
======================================= Epoch 7 =======================================
================= Test Set =================
+++++++++++ Find New Best Min ACC +++++++++++
The acc is 0.8785, 0.8488, 0.9040
Time Consumption for one epoch is 14.186426877975464s
======================================= Epoch 8 =======================================
================= Test Set =================
The acc is 0.8785, 0.8488, 0.9040
Time Consumption for one epoch is 14.391526460647583s
======================================= Epoch 9 =======================================
================= Test Set =================
The acc is 0.8785, 0.8488, 0.9040
Time Consumption for one epoch is 14.092895269393921s
======================================= Epoch 10 =======================================
================= Test Set =================
The acc is 0.8785, 0.8488, 0.9040
Time Consumption for one epoch is 14.735424518585205s
======================================= Epoch 11 =======================================
================= Test Set =================
The acc is 0.8785, 0.8488, 0.9040
Time Consumption for one epoch is 14.850570917129517s
======================================= Epoch 12 =======================================
================= Test Set =================
The acc is 0.8785, 0.8488, 0.9040
Time Consumption for one epoch is 13.95128583908081s
======================================= Epoch 13 =======================================
================= Test Set =================
+++++++++++ Find New Best Min ACC +++++++++++
The acc is 0.8806, 0.8581, 0.9000
Time Consumption for one epoch is 14.72264289855957s
======================================= Epoch 14 =======================================
================= Test Set =================
The acc is 0.8806, 0.8581, 0.9000
Time Consumption for one epoch is 14.231205463409424s
======================================= Epoch 15 =======================================
================= Test Set =================
The acc is 0.8806, 0.8581, 0.9000
Time Consumption for one epoch is 13.889501333236694s
======================================= Epoch 16 =======================================
================= Test Set =================
+++++++++++ Find New Best Min ACC +++++++++++
The acc is 0.8925, 0.8767, 0.9060
Time Consumption for one epoch is 14.590306758880615s
======================================= Epoch 17 =======================================
================= Test Set =================
The acc is 0.8925, 0.8767, 0.9060
Time Consumption for one epoch is 14.929320335388184s
======================================= Epoch 18 =======================================
================= Test Set =================
The acc is 0.8925, 0.8767, 0.9060
Time Consumption for one epoch is 13.959351062774658s
======================================= Epoch 19 =======================================
================= Test Set =================
The acc is 0.8925, 0.8767, 0.9060
Time Consumption for one epoch is 14.15536093711853s
The final acc is 0.8925, 0.8767, 0.9060
