Namespace(data_dir='/data/yihua/dataset/celeba/celeba.hdf5', result_dir='results', checkpoint=None, resume=False, domain_attrs='Male', target_attrs='Heavy_Makeup', exp_name=None, batch_size=512, lr=0.0001, wd=2e-05, epochs=20, seed=42, num_workers=8, arch='resnet9', evaluate=False, gv=0.1, gr=0.1)
======================================= Epoch 0 =======================================
================= Test Set =================
+++++++++++ Find New Best Min ACC +++++++++++
The acc is 0.5000, 0.5000, 0.5000
Time Consumption for one epoch is 9.135403633117676s
======================================= Epoch 1 =======================================
================= Test Set =================
The acc is 0.5000, 0.5000, 0.5000
Time Consumption for one epoch is 7.8780834674835205s
======================================= Epoch 2 =======================================
================= Test Set =================
The acc is 0.5000, 0.5000, 0.5000
Time Consumption for one epoch is 8.170433759689331s
======================================= Epoch 3 =======================================
================= Test Set =================
The acc is 0.5000, 0.5000, 0.5000
Time Consumption for one epoch is 7.2338831424713135s
======================================= Epoch 4 =======================================
================= Test Set =================
The acc is 0.5000, 0.5000, 0.5000
Time Consumption for one epoch is 8.337674140930176s
======================================= Epoch 5 =======================================
================= Test Set =================
The acc is 0.5000, 0.5000, 0.5000
Time Consumption for one epoch is 8.680532455444336s
======================================= Epoch 6 =======================================
================= Test Set =================
+++++++++++ Find New Best Min ACC +++++++++++
The acc is 0.5091, 0.5227, 0.5057
Time Consumption for one epoch is 7.847463846206665s
======================================= Epoch 7 =======================================
================= Test Set =================
+++++++++++ Find New Best Min ACC +++++++++++
The acc is 0.5182, 0.5227, 0.5170
Time Consumption for one epoch is 9.869358777999878s
======================================= Epoch 8 =======================================
================= Test Set =================
+++++++++++ Find New Best Min ACC +++++++++++
The acc is 0.5864, 0.5227, 0.6023
Time Consumption for one epoch is 7.903334140777588s
======================================= Epoch 9 =======================================
================= Test Set =================
+++++++++++ Find New Best Min ACC +++++++++++
The acc is 0.5909, 0.5227, 0.6080
Time Consumption for one epoch is 8.955653190612793s
======================================= Epoch 10 =======================================
================= Test Set =================
+++++++++++ Find New Best Min ACC +++++++++++
The acc is 0.6227, 0.4773, 0.6591
Time Consumption for one epoch is 9.094448804855347s
======================================= Epoch 11 =======================================
================= Test Set =================
The acc is 0.6227, 0.4773, 0.6591
Time Consumption for one epoch is 9.263917207717896s
======================================= Epoch 12 =======================================
================= Test Set =================
+++++++++++ Find New Best Min ACC +++++++++++
The acc is 0.6409, 0.5682, 0.6591
Time Consumption for one epoch is 7.583597421646118s
======================================= Epoch 13 =======================================
================= Test Set =================
The acc is 0.6409, 0.5682, 0.6591
Time Consumption for one epoch is 8.974968910217285s
======================================= Epoch 14 =======================================
================= Test Set =================
The acc is 0.6409, 0.5682, 0.6591
Time Consumption for one epoch is 7.74549674987793s
======================================= Epoch 15 =======================================
================= Test Set =================
+++++++++++ Find New Best Min ACC +++++++++++
The acc is 0.6818, 0.6136, 0.6989
Time Consumption for one epoch is 9.419090986251831s
======================================= Epoch 16 =======================================
================= Test Set =================
The acc is 0.6818, 0.6136, 0.6989
Time Consumption for one epoch is 8.653836965560913s
======================================= Epoch 17 =======================================
================= Test Set =================
The acc is 0.6818, 0.6136, 0.6989
Time Consumption for one epoch is 9.268710851669312s
======================================= Epoch 18 =======================================
================= Test Set =================
The acc is 0.6818, 0.6136, 0.6989
Time Consumption for one epoch is 7.322794198989868s
======================================= Epoch 19 =======================================
================= Test Set =================
The acc is 0.6818, 0.6136, 0.6989
Time Consumption for one epoch is 7.591392993927002s
The final acc is 0.6818, 0.6136, 0.6989
