Namespace(data_dir='/data/yihua/dataset/celeba/celeba.hdf5', result_dir='results', checkpoint=None, resume=False, domain_attrs='Male', target_attrs='Heavy_Makeup', exp_name=None, batch_size=512, lr=0.0001, wd=2e-05, epochs=20, seed=2021, num_workers=8, arch='resnet9', evaluate=False, gv=1.0, gr=0.5)
======================================= Epoch 0 =======================================
================= Test Set =================
+++++++++++ Find New Best Min ACC +++++++++++
The acc is 0.5000, 0.5000, 0.5000
Time Consumption for one epoch is 10.996856689453125s
======================================= Epoch 1 =======================================
================= Test Set =================
The acc is 0.5000, 0.5000, 0.5000
Time Consumption for one epoch is 7.43642783164978s
======================================= Epoch 2 =======================================
================= Test Set =================
The acc is 0.5000, 0.5000, 0.5000
Time Consumption for one epoch is 7.525619745254517s
======================================= Epoch 3 =======================================
================= Test Set =================
+++++++++++ Find New Best Min ACC +++++++++++
The acc is 0.5136, 0.5000, 0.5170
Time Consumption for one epoch is 9.168602228164673s
======================================= Epoch 4 =======================================
================= Test Set =================
+++++++++++ Find New Best Min ACC +++++++++++
The acc is 0.5636, 0.5000, 0.5795
Time Consumption for one epoch is 8.257357358932495s
======================================= Epoch 5 =======================================
================= Test Set =================
+++++++++++ Find New Best Min ACC +++++++++++
The acc is 0.5864, 0.5227, 0.6023
Time Consumption for one epoch is 8.963123083114624s
======================================= Epoch 6 =======================================
================= Test Set =================
+++++++++++ Find New Best Min ACC +++++++++++
The acc is 0.6273, 0.5682, 0.6420
Time Consumption for one epoch is 10.595573425292969s
======================================= Epoch 7 =======================================
================= Test Set =================
+++++++++++ Find New Best Min ACC +++++++++++
The acc is 0.6318, 0.5682, 0.6477
Time Consumption for one epoch is 8.897542476654053s
======================================= Epoch 8 =======================================
================= Test Set =================
+++++++++++ Find New Best Min ACC +++++++++++
The acc is 0.6500, 0.6136, 0.6591
Time Consumption for one epoch is 9.864633083343506s
======================================= Epoch 9 =======================================
================= Test Set =================
The acc is 0.6500, 0.6136, 0.6591
Time Consumption for one epoch is 8.517244338989258s
======================================= Epoch 10 =======================================
================= Test Set =================
+++++++++++ Find New Best Min ACC +++++++++++
The acc is 0.6909, 0.6364, 0.7045
Time Consumption for one epoch is 8.331614017486572s
======================================= Epoch 11 =======================================
================= Test Set =================
The acc is 0.6909, 0.6364, 0.7045
Time Consumption for one epoch is 10.34873366355896s
======================================= Epoch 12 =======================================
================= Test Set =================
The acc is 0.6909, 0.6364, 0.7045
Time Consumption for one epoch is 8.864184141159058s
======================================= Epoch 13 =======================================
================= Test Set =================
The acc is 0.6909, 0.6364, 0.7045
Time Consumption for one epoch is 8.341222524642944s
======================================= Epoch 14 =======================================
================= Test Set =================
The acc is 0.6909, 0.6364, 0.7045
Time Consumption for one epoch is 9.277988910675049s
======================================= Epoch 15 =======================================
================= Test Set =================
The acc is 0.6909, 0.6364, 0.7045
Time Consumption for one epoch is 9.207346677780151s
======================================= Epoch 16 =======================================
================= Test Set =================
The acc is 0.6909, 0.6364, 0.7045
Time Consumption for one epoch is 9.320757627487183s
======================================= Epoch 17 =======================================
================= Test Set =================
The acc is 0.6909, 0.6364, 0.7045
Time Consumption for one epoch is 10.33156943321228s
======================================= Epoch 18 =======================================
================= Test Set =================
The acc is 0.6909, 0.6364, 0.7045
Time Consumption for one epoch is 9.332918405532837s
======================================= Epoch 19 =======================================
================= Test Set =================
The acc is 0.6909, 0.6364, 0.7045
Time Consumption for one epoch is 9.445136785507202s
The final acc is 0.6909, 0.6364, 0.7045
