Namespace(data_dir='/data/yihua/dataset/celeba/celeba.hdf5', result_dir='crop_study', checkpoint=None, resume=False, domain_attrs='Male', target_attrs='Blond_Hair', exp_name=None, batch_size=512, lr=0.0001, wd=2e-05, epochs=20, seed=2021, num_workers=8, arch='resnet18', evaluate=False, total_num=5000, test_num=1000, gv=220.0, gr=0.1, minor_ratio=0.2, add_aug='crop')
======================================= Epoch 0 =======================================
================= Test Set =================
+++++++++++ Find New Best Min ACC +++++++++++
The acc is 0.4688, 0.4256, 0.5060
Time Consumption for one epoch is 21.811076641082764s
======================================= Epoch 1 =======================================
================= Test Set =================
+++++++++++ Find New Best Min ACC +++++++++++
The acc is 0.5376, 0.5814, 0.5000
Time Consumption for one epoch is 19.70837926864624s
======================================= Epoch 2 =======================================
================= Test Set =================
The acc is 0.5376, 0.5814, 0.5000
Time Consumption for one epoch is 19.5888991355896s
======================================= Epoch 3 =======================================
================= Test Set =================
The acc is 0.5376, 0.5814, 0.5000
Time Consumption for one epoch is 20.464879512786865s
======================================= Epoch 4 =======================================
================= Test Set =================
+++++++++++ Find New Best Min ACC +++++++++++
The acc is 0.5591, 0.6023, 0.5220
Time Consumption for one epoch is 19.57896113395691s
======================================= Epoch 5 =======================================
================= Test Set =================
+++++++++++ Find New Best Min ACC +++++++++++
The acc is 0.7989, 0.7767, 0.8180
Time Consumption for one epoch is 20.059139728546143s
======================================= Epoch 6 =======================================
================= Test Set =================
+++++++++++ Find New Best Min ACC +++++++++++
The acc is 0.8258, 0.7930, 0.8540
Time Consumption for one epoch is 20.41963768005371s
======================================= Epoch 7 =======================================
================= Test Set =================
+++++++++++ Find New Best Min ACC +++++++++++
The acc is 0.8591, 0.8256, 0.8880
Time Consumption for one epoch is 20.629459619522095s
======================================= Epoch 8 =======================================
================= Test Set =================
The acc is 0.8591, 0.8256, 0.8880
Time Consumption for one epoch is 19.55258059501648s
======================================= Epoch 9 =======================================
================= Test Set =================
+++++++++++ Find New Best Min ACC +++++++++++
The acc is 0.8849, 0.8628, 0.9040
Time Consumption for one epoch is 19.197697401046753s
======================================= Epoch 10 =======================================
================= Test Set =================
The acc is 0.8849, 0.8628, 0.9040
Time Consumption for one epoch is 19.169880628585815s
======================================= Epoch 11 =======================================
================= Test Set =================
The acc is 0.8849, 0.8628, 0.9040
Time Consumption for one epoch is 20.970452547073364s
======================================= Epoch 12 =======================================
================= Test Set =================
The acc is 0.8849, 0.8628, 0.9040
Time Consumption for one epoch is 19.143511533737183s
======================================= Epoch 13 =======================================
================= Test Set =================
The acc is 0.8849, 0.8628, 0.9040
Time Consumption for one epoch is 20.415690183639526s
======================================= Epoch 14 =======================================
================= Test Set =================
The acc is 0.8849, 0.8628, 0.9040
Time Consumption for one epoch is 20.858941793441772s
======================================= Epoch 15 =======================================
================= Test Set =================
The acc is 0.8849, 0.8628, 0.9040
Time Consumption for one epoch is 19.628868103027344s
======================================= Epoch 16 =======================================
================= Test Set =================
The acc is 0.8849, 0.8628, 0.9040
Time Consumption for one epoch is 21.22481369972229s
======================================= Epoch 17 =======================================
================= Test Set =================
+++++++++++ Find New Best Min ACC +++++++++++
The acc is 0.8925, 0.8767, 0.9060
Time Consumption for one epoch is 19.869836807250977s
======================================= Epoch 18 =======================================
================= Test Set =================
The acc is 0.8925, 0.8767, 0.9060
Time Consumption for one epoch is 20.209267139434814s
======================================= Epoch 19 =======================================
================= Test Set =================
The acc is 0.8925, 0.8767, 0.9060
Time Consumption for one epoch is 20.83124303817749s
The final acc is 0.8925, 0.8767, 0.9060
