Namespace(data_dir='/data/yihua/dataset/celeba/celeba.hdf5', result_dir='results', checkpoint=None, resume=False, domain_attrs='Male', target_attrs='High_Cheekbones', exp_name=None, batch_size=512, lr=0.0001, wd=2e-05, epochs=20, seed=42, num_workers=8, arch='resnet18', evaluate=False, gv=0.3, gr=0.3)
======================================= Epoch 0 =======================================
================= Test Set =================
+++++++++++ Find New Best Min ACC +++++++++++
The acc is 0.8476, 0.7863, 0.8629
Time Consumption for one epoch is 270.9573743343353s
======================================= Epoch 1 =======================================
================= Test Set =================
+++++++++++ Find New Best Min ACC +++++++++++
The acc is 0.8548, 0.8011, 0.8682
Time Consumption for one epoch is 268.83505606651306s
======================================= Epoch 2 =======================================
================= Test Set =================
+++++++++++ Find New Best Min ACC +++++++++++
The acc is 0.8623, 0.8180, 0.8734
Time Consumption for one epoch is 268.06033205986023s
======================================= Epoch 3 =======================================
================= Test Set =================
+++++++++++ Find New Best Min ACC +++++++++++
The acc is 0.8651, 0.8172, 0.8771
Time Consumption for one epoch is 268.88736057281494s
======================================= Epoch 4 =======================================
================= Test Set =================
The acc is 0.8651, 0.8172, 0.8771
Time Consumption for one epoch is 267.8280506134033s
======================================= Epoch 5 =======================================
================= Test Set =================
The acc is 0.8651, 0.8172, 0.8771
Time Consumption for one epoch is 267.08373641967773s
======================================= Epoch 6 =======================================
================= Test Set =================
+++++++++++ Find New Best Min ACC +++++++++++
The acc is 0.8697, 0.8252, 0.8808
Time Consumption for one epoch is 267.65756702423096s
======================================= Epoch 7 =======================================
================= Test Set =================
+++++++++++ Find New Best Min ACC +++++++++++
The acc is 0.8723, 0.8228, 0.8846
Time Consumption for one epoch is 268.9427888393402s
======================================= Epoch 8 =======================================
================= Test Set =================
+++++++++++ Find New Best Min ACC +++++++++++
The acc is 0.8740, 0.8264, 0.8859
Time Consumption for one epoch is 269.13599467277527s
======================================= Epoch 9 =======================================
================= Test Set =================
The acc is 0.8740, 0.8264, 0.8859
Time Consumption for one epoch is 267.0205361843109s
======================================= Epoch 10 =======================================
================= Test Set =================
The acc is 0.8740, 0.8264, 0.8859
Time Consumption for one epoch is 268.00065636634827s
======================================= Epoch 11 =======================================
================= Test Set =================
+++++++++++ Find New Best Min ACC +++++++++++
The acc is 0.8750, 0.8300, 0.8862
Time Consumption for one epoch is 268.3039879798889s
======================================= Epoch 12 =======================================
================= Test Set =================
The acc is 0.8750, 0.8300, 0.8862
Time Consumption for one epoch is 267.4249370098114s
======================================= Epoch 13 =======================================
================= Test Set =================
The acc is 0.8750, 0.8300, 0.8862
Time Consumption for one epoch is 267.96676683425903s
======================================= Epoch 14 =======================================
================= Test Set =================
The acc is 0.8750, 0.8300, 0.8862
Time Consumption for one epoch is 267.55110788345337s
======================================= Epoch 15 =======================================
================= Test Set =================
The acc is 0.8750, 0.8300, 0.8862
Time Consumption for one epoch is 267.8525059223175s
======================================= Epoch 16 =======================================
================= Test Set =================
+++++++++++ Find New Best Min ACC +++++++++++
The acc is 0.8769, 0.8344, 0.8876
Time Consumption for one epoch is 267.80720686912537s
======================================= Epoch 17 =======================================
================= Test Set =================
+++++++++++ Find New Best Min ACC +++++++++++
The acc is 0.8790, 0.8376, 0.8894
Time Consumption for one epoch is 267.48766684532166s
======================================= Epoch 18 =======================================
================= Test Set =================
The acc is 0.8790, 0.8376, 0.8894
Time Consumption for one epoch is 267.57460379600525s
======================================= Epoch 19 =======================================
================= Test Set =================
The acc is 0.8790, 0.8376, 0.8894
Time Consumption for one epoch is 267.3822593688965s
The final acc is 0.8790, 0.8376, 0.8894
