Namespace(data_dir='/data/yihua/dataset/celeba/celeba.hdf5', result_dir='results', checkpoint=None, resume=False, domain_attrs='Male', target_attrs='Heavy_Makeup', exp_name=None, batch_size=512, lr=0.0001, wd=2e-05, epochs=20, seed=2022, num_workers=8, arch='resnet9', evaluate=False, gv=1e-05, gr=0.3)
======================================= Epoch 0 =======================================
================= Test Set =================
+++++++++++ Find New Best Min ACC +++++++++++
The acc is 0.5000, 0.5000, 0.5000
Time Consumption for one epoch is 10.512006044387817s
======================================= Epoch 1 =======================================
================= Test Set =================
The acc is 0.5000, 0.5000, 0.5000
Time Consumption for one epoch is 7.672459840774536s
======================================= Epoch 2 =======================================
================= Test Set =================
+++++++++++ Find New Best Min ACC +++++++++++
The acc is 0.5409, 0.5000, 0.5511
Time Consumption for one epoch is 8.969610452651978s
======================================= Epoch 3 =======================================
================= Test Set =================
The acc is 0.5409, 0.5000, 0.5511
Time Consumption for one epoch is 8.839526176452637s
======================================= Epoch 4 =======================================
================= Test Set =================
The acc is 0.5409, 0.5000, 0.5511
Time Consumption for one epoch is 7.542899131774902s
======================================= Epoch 5 =======================================
================= Test Set =================
The acc is 0.5409, 0.5000, 0.5511
Time Consumption for one epoch is 8.75715184211731s
======================================= Epoch 6 =======================================
================= Test Set =================
The acc is 0.5409, 0.5000, 0.5511
Time Consumption for one epoch is 9.066474676132202s
======================================= Epoch 7 =======================================
================= Test Set =================
The acc is 0.5409, 0.5000, 0.5511
Time Consumption for one epoch is 7.890106439590454s
======================================= Epoch 8 =======================================
================= Test Set =================
+++++++++++ Find New Best Min ACC +++++++++++
The acc is 0.5636, 0.5682, 0.5625
Time Consumption for one epoch is 9.096392631530762s
======================================= Epoch 9 =======================================
================= Test Set =================
+++++++++++ Find New Best Min ACC +++++++++++
The acc is 0.6045, 0.4318, 0.6477
Time Consumption for one epoch is 9.157308101654053s
======================================= Epoch 10 =======================================
================= Test Set =================
+++++++++++ Find New Best Min ACC +++++++++++
The acc is 0.6455, 0.5227, 0.6761
Time Consumption for one epoch is 8.728270292282104s
======================================= Epoch 11 =======================================
================= Test Set =================
The acc is 0.6455, 0.5227, 0.6761
Time Consumption for one epoch is 8.858302354812622s
======================================= Epoch 12 =======================================
================= Test Set =================
+++++++++++ Find New Best Min ACC +++++++++++
The acc is 0.6955, 0.5909, 0.7216
Time Consumption for one epoch is 8.712289571762085s
======================================= Epoch 13 =======================================
================= Test Set =================
The acc is 0.6955, 0.5909, 0.7216
Time Consumption for one epoch is 8.710490942001343s
======================================= Epoch 14 =======================================
================= Test Set =================
The acc is 0.6955, 0.5909, 0.7216
Time Consumption for one epoch is 8.582578420639038s
======================================= Epoch 15 =======================================
================= Test Set =================
The acc is 0.6955, 0.5909, 0.7216
Time Consumption for one epoch is 8.545671463012695s
======================================= Epoch 16 =======================================
================= Test Set =================
The acc is 0.6955, 0.5909, 0.7216
Time Consumption for one epoch is 7.499752521514893s
======================================= Epoch 17 =======================================
================= Test Set =================
The acc is 0.6955, 0.5909, 0.7216
Time Consumption for one epoch is 8.596713304519653s
======================================= Epoch 18 =======================================
================= Test Set =================
+++++++++++ Find New Best Min ACC +++++++++++
The acc is 0.7091, 0.6591, 0.7216
Time Consumption for one epoch is 9.496269464492798s
======================================= Epoch 19 =======================================
================= Test Set =================
The acc is 0.7091, 0.6591, 0.7216
Time Consumption for one epoch is 8.695038795471191s
The final acc is 0.7091, 0.6591, 0.7216
