Namespace(data_dir='/data/yihua/dataset/celeba/celeba.hdf5', result_dir='results', checkpoint=None, resume=False, domain_attrs='Male', target_attrs='Heavy_Makeup', exp_name=None, batch_size=512, lr=0.0001, wd=2e-05, epochs=20, seed=2023, num_workers=8, arch='resnet9', evaluate=False, gv=10.0, gr=0.5)
======================================= Epoch 0 =======================================
================= Test Set =================
+++++++++++ Find New Best Min ACC +++++++++++
The acc is 0.5000, 0.5000, 0.5000
Time Consumption for one epoch is 8.463251829147339s
======================================= Epoch 1 =======================================
================= Test Set =================
+++++++++++ Find New Best Min ACC +++++++++++
The acc is 0.5591, 0.5227, 0.5682
Time Consumption for one epoch is 7.7581870555877686s
======================================= Epoch 2 =======================================
================= Test Set =================
The acc is 0.5591, 0.5227, 0.5682
Time Consumption for one epoch is 8.839307308197021s
======================================= Epoch 3 =======================================
================= Test Set =================
+++++++++++ Find New Best Min ACC +++++++++++
The acc is 0.5864, 0.5000, 0.6080
Time Consumption for one epoch is 8.104148387908936s
======================================= Epoch 4 =======================================
================= Test Set =================
+++++++++++ Find New Best Min ACC +++++++++++
The acc is 0.6136, 0.5227, 0.6364
Time Consumption for one epoch is 8.253722906112671s
======================================= Epoch 5 =======================================
================= Test Set =================
The acc is 0.6136, 0.5227, 0.6364
Time Consumption for one epoch is 8.901491165161133s
======================================= Epoch 6 =======================================
================= Test Set =================
+++++++++++ Find New Best Min ACC +++++++++++
The acc is 0.6273, 0.5909, 0.6364
Time Consumption for one epoch is 9.46693754196167s
======================================= Epoch 7 =======================================
================= Test Set =================
+++++++++++ Find New Best Min ACC +++++++++++
The acc is 0.6364, 0.5455, 0.6591
Time Consumption for one epoch is 9.748167753219604s
======================================= Epoch 8 =======================================
================= Test Set =================
The acc is 0.6364, 0.5455, 0.6591
Time Consumption for one epoch is 9.930925607681274s
======================================= Epoch 9 =======================================
================= Test Set =================
The acc is 0.6364, 0.5455, 0.6591
Time Consumption for one epoch is 9.129883766174316s
======================================= Epoch 10 =======================================
================= Test Set =================
+++++++++++ Find New Best Min ACC +++++++++++
The acc is 0.6591, 0.5682, 0.6818
Time Consumption for one epoch is 9.057586193084717s
======================================= Epoch 11 =======================================
================= Test Set =================
The acc is 0.6591, 0.5682, 0.6818
Time Consumption for one epoch is 8.79931378364563s
======================================= Epoch 12 =======================================
================= Test Set =================
The acc is 0.6591, 0.5682, 0.6818
Time Consumption for one epoch is 8.080108880996704s
======================================= Epoch 13 =======================================
================= Test Set =================
+++++++++++ Find New Best Min ACC +++++++++++
The acc is 0.6682, 0.6591, 0.6705
Time Consumption for one epoch is 8.734986305236816s
======================================= Epoch 14 =======================================
================= Test Set =================
The acc is 0.6682, 0.6591, 0.6705
Time Consumption for one epoch is 8.644771575927734s
======================================= Epoch 15 =======================================
================= Test Set =================
+++++++++++ Find New Best Min ACC +++++++++++
The acc is 0.6727, 0.6364, 0.6818
Time Consumption for one epoch is 9.259896993637085s
======================================= Epoch 16 =======================================
================= Test Set =================
The acc is 0.6727, 0.6364, 0.6818
Time Consumption for one epoch is 8.728620767593384s
======================================= Epoch 17 =======================================
================= Test Set =================
The acc is 0.6727, 0.6364, 0.6818
Time Consumption for one epoch is 9.091086864471436s
======================================= Epoch 18 =======================================
================= Test Set =================
The acc is 0.6727, 0.6364, 0.6818
Time Consumption for one epoch is 7.4676313400268555s
======================================= Epoch 19 =======================================
================= Test Set =================
The acc is 0.6727, 0.6364, 0.6818
Time Consumption for one epoch is 7.981922388076782s
The final acc is 0.6727, 0.6364, 0.6818
