Namespace(data_dir='/data/yihua/dataset/celeba/celeba.hdf5', result_dir='results', checkpoint=None, resume=False, domain_attrs='Male', target_attrs='Heavy_Makeup', exp_name=None, batch_size=512, lr=0.0001, wd=2e-05, epochs=20, seed=2023, num_workers=8, arch='resnet9', evaluate=False, gv=0.0001, gr=0.1)
======================================= Epoch 0 =======================================
================= Test Set =================
+++++++++++ Find New Best Min ACC +++++++++++
The acc is 0.5000, 0.5000, 0.5000
Time Consumption for one epoch is 8.558424472808838s
======================================= Epoch 1 =======================================
================= Test Set =================
+++++++++++ Find New Best Min ACC +++++++++++
The acc is 0.5818, 0.5000, 0.6023
Time Consumption for one epoch is 7.899070501327515s
======================================= Epoch 2 =======================================
================= Test Set =================
The acc is 0.5818, 0.5000, 0.6023
Time Consumption for one epoch is 8.574082136154175s
======================================= Epoch 3 =======================================
================= Test Set =================
The acc is 0.5818, 0.5000, 0.6023
Time Consumption for one epoch is 8.796128988265991s
======================================= Epoch 4 =======================================
================= Test Set =================
The acc is 0.5818, 0.5000, 0.6023
Time Consumption for one epoch is 8.522281169891357s
======================================= Epoch 5 =======================================
================= Test Set =================
The acc is 0.5818, 0.5000, 0.6023
Time Consumption for one epoch is 8.055960893630981s
======================================= Epoch 6 =======================================
================= Test Set =================
The acc is 0.5818, 0.5000, 0.6023
Time Consumption for one epoch is 7.024576663970947s
======================================= Epoch 7 =======================================
================= Test Set =================
The acc is 0.5818, 0.5000, 0.6023
Time Consumption for one epoch is 7.795849084854126s
======================================= Epoch 8 =======================================
================= Test Set =================
The acc is 0.5818, 0.5000, 0.6023
Time Consumption for one epoch is 7.428362846374512s
======================================= Epoch 9 =======================================
================= Test Set =================
The acc is 0.5818, 0.5000, 0.6023
Time Consumption for one epoch is 8.548621892929077s
======================================= Epoch 10 =======================================
================= Test Set =================
+++++++++++ Find New Best Min ACC +++++++++++
The acc is 0.6136, 0.4773, 0.6477
Time Consumption for one epoch is 8.74181079864502s
======================================= Epoch 11 =======================================
================= Test Set =================
+++++++++++ Find New Best Min ACC +++++++++++
The acc is 0.6318, 0.5455, 0.6534
Time Consumption for one epoch is 8.510150909423828s
======================================= Epoch 12 =======================================
================= Test Set =================
+++++++++++ Find New Best Min ACC +++++++++++
The acc is 0.6364, 0.6136, 0.6420
Time Consumption for one epoch is 8.679057121276855s
======================================= Epoch 13 =======================================
================= Test Set =================
The acc is 0.6364, 0.6136, 0.6420
Time Consumption for one epoch is 8.780214309692383s
======================================= Epoch 14 =======================================
================= Test Set =================
+++++++++++ Find New Best Min ACC +++++++++++
The acc is 0.7045, 0.5909, 0.7330
Time Consumption for one epoch is 8.394222021102905s
======================================= Epoch 15 =======================================
================= Test Set =================
The acc is 0.7045, 0.5909, 0.7330
Time Consumption for one epoch is 8.039218187332153s
======================================= Epoch 16 =======================================
================= Test Set =================
The acc is 0.7045, 0.5909, 0.7330
Time Consumption for one epoch is 8.211924314498901s
======================================= Epoch 17 =======================================
================= Test Set =================
The acc is 0.7045, 0.5909, 0.7330
Time Consumption for one epoch is 8.588312149047852s
======================================= Epoch 18 =======================================
================= Test Set =================
The acc is 0.7045, 0.5909, 0.7330
Time Consumption for one epoch is 8.623965501785278s
======================================= Epoch 19 =======================================
================= Test Set =================
The acc is 0.7045, 0.5909, 0.7330
Time Consumption for one epoch is 7.945872783660889s
The final acc is 0.7045, 0.5909, 0.7330
