Namespace(data_dir='/data/yihua/dataset/celeba/celeba.hdf5', result_dir='results', checkpoint=None, resume=False, domain_attrs='Male', target_attrs='Heavy_Makeup', exp_name=None, batch_size=512, lr=0.0001, wd=2e-05, epochs=20, seed=2023, num_workers=8, arch='resnet9', evaluate=False, gv=1.0, gr=0.5)
======================================= Epoch 0 =======================================
================= Test Set =================
+++++++++++ Find New Best Min ACC +++++++++++
The acc is 0.5045, 0.5000, 0.5057
Time Consumption for one epoch is 10.591511011123657s
======================================= Epoch 1 =======================================
================= Test Set =================
The acc is 0.5045, 0.5000, 0.5057
Time Consumption for one epoch is 9.63746953010559s
======================================= Epoch 2 =======================================
================= Test Set =================
The acc is 0.5045, 0.5000, 0.5057
Time Consumption for one epoch is 8.289950847625732s
======================================= Epoch 3 =======================================
================= Test Set =================
The acc is 0.5045, 0.5000, 0.5057
Time Consumption for one epoch is 8.90835976600647s
======================================= Epoch 4 =======================================
================= Test Set =================
+++++++++++ Find New Best Min ACC +++++++++++
The acc is 0.5091, 0.5455, 0.5000
Time Consumption for one epoch is 8.82239842414856s
======================================= Epoch 5 =======================================
================= Test Set =================
+++++++++++ Find New Best Min ACC +++++++++++
The acc is 0.5500, 0.4545, 0.5739
Time Consumption for one epoch is 9.34051513671875s
======================================= Epoch 6 =======================================
================= Test Set =================
+++++++++++ Find New Best Min ACC +++++++++++
The acc is 0.6136, 0.5227, 0.6364
Time Consumption for one epoch is 8.759105443954468s
======================================= Epoch 7 =======================================
================= Test Set =================
+++++++++++ Find New Best Min ACC +++++++++++
The acc is 0.6409, 0.5455, 0.6648
Time Consumption for one epoch is 7.878557443618774s
======================================= Epoch 8 =======================================
================= Test Set =================
+++++++++++ Find New Best Min ACC +++++++++++
The acc is 0.6455, 0.5455, 0.6705
Time Consumption for one epoch is 8.006094217300415s
======================================= Epoch 9 =======================================
================= Test Set =================
The acc is 0.6455, 0.5455, 0.6705
Time Consumption for one epoch is 8.113322973251343s
======================================= Epoch 10 =======================================
================= Test Set =================
+++++++++++ Find New Best Min ACC +++++++++++
The acc is 0.6636, 0.5682, 0.6875
Time Consumption for one epoch is 8.66064739227295s
======================================= Epoch 11 =======================================
================= Test Set =================
The acc is 0.6636, 0.5682, 0.6875
Time Consumption for one epoch is 8.417173147201538s
======================================= Epoch 12 =======================================
================= Test Set =================
The acc is 0.6636, 0.5682, 0.6875
Time Consumption for one epoch is 8.666316032409668s
======================================= Epoch 13 =======================================
================= Test Set =================
The acc is 0.6636, 0.5682, 0.6875
Time Consumption for one epoch is 7.89786434173584s
======================================= Epoch 14 =======================================
================= Test Set =================
+++++++++++ Find New Best Min ACC +++++++++++
The acc is 0.6682, 0.6364, 0.6761
Time Consumption for one epoch is 9.56334137916565s
======================================= Epoch 15 =======================================
================= Test Set =================
The acc is 0.6682, 0.6364, 0.6761
Time Consumption for one epoch is 9.422329902648926s
======================================= Epoch 16 =======================================
================= Test Set =================
+++++++++++ Find New Best Min ACC +++++++++++
The acc is 0.6773, 0.6136, 0.6932
Time Consumption for one epoch is 8.185211658477783s
======================================= Epoch 17 =======================================
================= Test Set =================
The acc is 0.6773, 0.6136, 0.6932
Time Consumption for one epoch is 8.831994771957397s
======================================= Epoch 18 =======================================
================= Test Set =================
+++++++++++ Find New Best Min ACC +++++++++++
The acc is 0.6818, 0.6136, 0.6989
Time Consumption for one epoch is 7.991215229034424s
======================================= Epoch 19 =======================================
================= Test Set =================
The acc is 0.6818, 0.6136, 0.6989
Time Consumption for one epoch is 8.55543565750122s
The final acc is 0.6818, 0.6136, 0.6989
