Namespace(data_dir='/data/yihua/dataset/celeba/celeba.hdf5', result_dir='results', checkpoint=None, resume=False, domain_attrs='Male', target_attrs='Heavy_Makeup', exp_name=None, batch_size=512, lr=0.0001, wd=2e-05, epochs=20, seed=2020, num_workers=8, arch='resnet9', evaluate=False, gv=1.0, gr=0.5)
======================================= Epoch 0 =======================================
================= Test Set =================
+++++++++++ Find New Best Min ACC +++++++++++
The acc is 0.5000, 0.5000, 0.5000
Time Consumption for one epoch is 8.804957389831543s
======================================= Epoch 1 =======================================
================= Test Set =================
The acc is 0.5000, 0.5000, 0.5000
Time Consumption for one epoch is 8.642391681671143s
======================================= Epoch 2 =======================================
================= Test Set =================
+++++++++++ Find New Best Min ACC +++++++++++
The acc is 0.5045, 0.5227, 0.5000
Time Consumption for one epoch is 9.177958488464355s
======================================= Epoch 3 =======================================
================= Test Set =================
The acc is 0.5045, 0.5227, 0.5000
Time Consumption for one epoch is 8.585778951644897s
======================================= Epoch 4 =======================================
================= Test Set =================
The acc is 0.5045, 0.5227, 0.5000
Time Consumption for one epoch is 10.188173294067383s
======================================= Epoch 5 =======================================
================= Test Set =================
+++++++++++ Find New Best Min ACC +++++++++++
The acc is 0.5773, 0.5682, 0.5795
Time Consumption for one epoch is 9.749942541122437s
======================================= Epoch 6 =======================================
================= Test Set =================
+++++++++++ Find New Best Min ACC +++++++++++
The acc is 0.6227, 0.5455, 0.6420
Time Consumption for one epoch is 8.88880467414856s
======================================= Epoch 7 =======================================
================= Test Set =================
The acc is 0.6227, 0.5455, 0.6420
Time Consumption for one epoch is 9.59960389137268s
======================================= Epoch 8 =======================================
================= Test Set =================
The acc is 0.6227, 0.5455, 0.6420
Time Consumption for one epoch is 7.900940179824829s
======================================= Epoch 9 =======================================
================= Test Set =================
+++++++++++ Find New Best Min ACC +++++++++++
The acc is 0.6273, 0.5455, 0.6477
Time Consumption for one epoch is 10.37760615348816s
======================================= Epoch 10 =======================================
================= Test Set =================
+++++++++++ Find New Best Min ACC +++++++++++
The acc is 0.6591, 0.6136, 0.6705
Time Consumption for one epoch is 9.430324077606201s
======================================= Epoch 11 =======================================
================= Test Set =================
+++++++++++ Find New Best Min ACC +++++++++++
The acc is 0.6727, 0.6364, 0.6818
Time Consumption for one epoch is 8.045186519622803s
======================================= Epoch 12 =======================================
================= Test Set =================
The acc is 0.6727, 0.6364, 0.6818
Time Consumption for one epoch is 9.731372833251953s
======================================= Epoch 13 =======================================
================= Test Set =================
The acc is 0.6727, 0.6364, 0.6818
Time Consumption for one epoch is 8.696306705474854s
======================================= Epoch 14 =======================================
================= Test Set =================
The acc is 0.6727, 0.6364, 0.6818
Time Consumption for one epoch is 8.38401460647583s
======================================= Epoch 15 =======================================
================= Test Set =================
+++++++++++ Find New Best Min ACC +++++++++++
The acc is 0.6773, 0.6818, 0.6761
Time Consumption for one epoch is 9.751532077789307s
======================================= Epoch 16 =======================================
================= Test Set =================
The acc is 0.6773, 0.6818, 0.6761
Time Consumption for one epoch is 8.212448596954346s
======================================= Epoch 17 =======================================
================= Test Set =================
The acc is 0.6773, 0.6818, 0.6761
Time Consumption for one epoch is 8.730303525924683s
======================================= Epoch 18 =======================================
================= Test Set =================
+++++++++++ Find New Best Min ACC +++++++++++
The acc is 0.6864, 0.6818, 0.6875
Time Consumption for one epoch is 9.343180179595947s
======================================= Epoch 19 =======================================
================= Test Set =================
The acc is 0.6864, 0.6818, 0.6875
Time Consumption for one epoch is 9.565975904464722s
The final acc is 0.6864, 0.6818, 0.6875
