Namespace(data_dir='/data/yihua/dataset/celeba/celeba.hdf5', result_dir='rotation_study', checkpoint=None, resume=False, domain_attrs='Male', target_attrs='Blond_Hair', exp_name=None, batch_size=512, lr=0.0001, wd=2e-05, epochs=20, seed=2021, num_workers=8, arch='resnet18', evaluate=False, total_num=5000, test_num=1000, gv=120.0, gr=0.5, minor_ratio=0.2, add_aug='rotation')
======================================= Epoch 0 =======================================
================= Test Set =================
+++++++++++ Find New Best Min ACC +++++++++++
The acc is 0.4624, 0.4186, 0.5000
Time Consumption for one epoch is 24.447377681732178s
======================================= Epoch 1 =======================================
================= Test Set =================
+++++++++++ Find New Best Min ACC +++++++++++
The acc is 0.5376, 0.5814, 0.5000
Time Consumption for one epoch is 23.34243631362915s
======================================= Epoch 2 =======================================
================= Test Set =================
The acc is 0.5376, 0.5814, 0.5000
Time Consumption for one epoch is 21.325806140899658s
======================================= Epoch 3 =======================================
================= Test Set =================
The acc is 0.5376, 0.5814, 0.5000
Time Consumption for one epoch is 20.990062713623047s
======================================= Epoch 4 =======================================
================= Test Set =================
+++++++++++ Find New Best Min ACC +++++++++++
The acc is 0.6849, 0.6791, 0.6900
Time Consumption for one epoch is 20.987366676330566s
======================================= Epoch 5 =======================================
================= Test Set =================
+++++++++++ Find New Best Min ACC +++++++++++
The acc is 0.8634, 0.8326, 0.8900
Time Consumption for one epoch is 21.543168783187866s
======================================= Epoch 6 =======================================
================= Test Set =================
The acc is 0.8634, 0.8326, 0.8900
Time Consumption for one epoch is 20.918935298919678s
======================================= Epoch 7 =======================================
================= Test Set =================
+++++++++++ Find New Best Min ACC +++++++++++
The acc is 0.8710, 0.8535, 0.8860
Time Consumption for one epoch is 20.718518018722534s
======================================= Epoch 8 =======================================
================= Test Set =================
The acc is 0.8710, 0.8535, 0.8860
Time Consumption for one epoch is 21.83948826789856s
======================================= Epoch 9 =======================================
================= Test Set =================
The acc is 0.8710, 0.8535, 0.8860
Time Consumption for one epoch is 21.490358591079712s
======================================= Epoch 10 =======================================
================= Test Set =================
+++++++++++ Find New Best Min ACC +++++++++++
The acc is 0.8742, 0.8628, 0.8840
Time Consumption for one epoch is 22.63366937637329s
======================================= Epoch 11 =======================================
================= Test Set =================
+++++++++++ Find New Best Min ACC +++++++++++
The acc is 0.8817, 0.8628, 0.8980
Time Consumption for one epoch is 21.733907222747803s
======================================= Epoch 12 =======================================
================= Test Set =================
The acc is 0.8817, 0.8628, 0.8980
Time Consumption for one epoch is 21.544944047927856s
======================================= Epoch 13 =======================================
================= Test Set =================
The acc is 0.8817, 0.8628, 0.8980
Time Consumption for one epoch is 20.659712076187134s
======================================= Epoch 14 =======================================
================= Test Set =================
+++++++++++ Find New Best Min ACC +++++++++++
The acc is 0.8882, 0.8605, 0.9120
Time Consumption for one epoch is 21.83744788169861s
======================================= Epoch 15 =======================================
================= Test Set =================
The acc is 0.8882, 0.8605, 0.9120
Time Consumption for one epoch is 21.2212393283844s
======================================= Epoch 16 =======================================
================= Test Set =================
+++++++++++ Find New Best Min ACC +++++++++++
The acc is 0.8989, 0.8837, 0.9120
Time Consumption for one epoch is 21.119213581085205s
======================================= Epoch 17 =======================================
================= Test Set =================
The acc is 0.8989, 0.8837, 0.9120
Time Consumption for one epoch is 22.247053146362305s
======================================= Epoch 18 =======================================
================= Test Set =================
+++++++++++ Find New Best Min ACC +++++++++++
The acc is 0.9000, 0.8884, 0.9100
Time Consumption for one epoch is 20.54507565498352s
======================================= Epoch 19 =======================================
================= Test Set =================
The acc is 0.9000, 0.8884, 0.9100
Time Consumption for one epoch is 20.42267870903015s
The final acc is 0.9000, 0.8884, 0.9100
