Namespace(data_dir='/data/yihua/dataset/celeba/celeba.hdf5', result_dir='results', checkpoint=None, resume=False, domain_attrs='Male', target_attrs='Blond_Hair', exp_name=None, batch_size=512, lr=0.0001, wd=2e-05, epochs=20, seed=2020, num_workers=8, arch='resnet9', evaluate=False, gv=0.2, gr=0.3)
======================================= Epoch 0 =======================================
================= Test Set =================
+++++++++++ Find New Best Min ACC +++++++++++
The acc is 0.7706, 0.7167, 0.7840
Time Consumption for one epoch is 31.13374638557434s
======================================= Epoch 1 =======================================
================= Test Set =================
+++++++++++ Find New Best Min ACC +++++++++++
The acc is 0.8744, 0.8444, 0.8819
Time Consumption for one epoch is 27.01147150993347s
======================================= Epoch 2 =======================================
================= Test Set =================
+++++++++++ Find New Best Min ACC +++++++++++
The acc is 0.8972, 0.8389, 0.9118
Time Consumption for one epoch is 26.45118522644043s
======================================= Epoch 3 =======================================
================= Test Set =================
+++++++++++ Find New Best Min ACC +++++++++++
The acc is 0.8989, 0.8694, 0.9062
Time Consumption for one epoch is 28.606485843658447s
======================================= Epoch 4 =======================================
================= Test Set =================
+++++++++++ Find New Best Min ACC +++++++++++
The acc is 0.9056, 0.8694, 0.9146
Time Consumption for one epoch is 28.125922679901123s
======================================= Epoch 5 =======================================
================= Test Set =================
The acc is 0.9056, 0.8694, 0.9146
Time Consumption for one epoch is 28.181113481521606s
======================================= Epoch 6 =======================================
================= Test Set =================
+++++++++++ Find New Best Min ACC +++++++++++
The acc is 0.9117, 0.8917, 0.9167
Time Consumption for one epoch is 27.711533784866333s
======================================= Epoch 7 =======================================
================= Test Set =================
The acc is 0.9117, 0.8917, 0.9167
Time Consumption for one epoch is 25.692323207855225s
======================================= Epoch 8 =======================================
================= Test Set =================
The acc is 0.9117, 0.8917, 0.9167
Time Consumption for one epoch is 27.956087827682495s
======================================= Epoch 9 =======================================
================= Test Set =================
The acc is 0.9117, 0.8917, 0.9167
Time Consumption for one epoch is 28.518319845199585s
======================================= Epoch 10 =======================================
================= Test Set =================
+++++++++++ Find New Best Min ACC +++++++++++
The acc is 0.9172, 0.9000, 0.9215
Time Consumption for one epoch is 27.81025743484497s
======================================= Epoch 11 =======================================
================= Test Set =================
The acc is 0.9172, 0.9000, 0.9215
Time Consumption for one epoch is 28.014655113220215s
======================================= Epoch 12 =======================================
================= Test Set =================
The acc is 0.9172, 0.9000, 0.9215
Time Consumption for one epoch is 28.07001566886902s
======================================= Epoch 13 =======================================
================= Test Set =================
The acc is 0.9172, 0.9000, 0.9215
Time Consumption for one epoch is 27.116029262542725s
======================================= Epoch 14 =======================================
================= Test Set =================
The acc is 0.9172, 0.9000, 0.9215
Time Consumption for one epoch is 28.7019464969635s
======================================= Epoch 15 =======================================
================= Test Set =================
The acc is 0.9172, 0.9000, 0.9215
Time Consumption for one epoch is 28.02921462059021s
======================================= Epoch 16 =======================================
================= Test Set =================
The acc is 0.9172, 0.9000, 0.9215
Time Consumption for one epoch is 26.8522732257843s
======================================= Epoch 17 =======================================
================= Test Set =================
+++++++++++ Find New Best Min ACC +++++++++++
The acc is 0.9189, 0.9000, 0.9236
Time Consumption for one epoch is 26.391737937927246s
======================================= Epoch 18 =======================================
================= Test Set =================
The acc is 0.9189, 0.9000, 0.9236
Time Consumption for one epoch is 28.79938244819641s
======================================= Epoch 19 =======================================
================= Test Set =================
The acc is 0.9189, 0.9000, 0.9236
Time Consumption for one epoch is 27.962754726409912s
The final acc is 0.9189, 0.9000, 0.9236
