Namespace(data_dir='/data/yihua/dataset/celeba/celeba.hdf5', result_dir='rotation_study', checkpoint=None, resume=False, domain_attrs='Male', target_attrs='Blond_Hair', exp_name=None, batch_size=512, lr=0.0001, wd=2e-05, epochs=20, seed=2020, num_workers=8, arch='resnet9', evaluate=False, total_num=5000, test_num=1000, gv=180.0, gr=0.5, minor_ratio=0.2, add_aug='rotation')
======================================= Epoch 0 =======================================
================= Test Set =================
+++++++++++ Find New Best Min ACC +++++++++++
The acc is 0.4624, 0.4186, 0.5000
Time Consumption for one epoch is 16.475802659988403s
======================================= Epoch 1 =======================================
================= Test Set =================
The acc is 0.4624, 0.4186, 0.5000
Time Consumption for one epoch is 14.560366153717041s
======================================= Epoch 2 =======================================
================= Test Set =================
+++++++++++ Find New Best Min ACC +++++++++++
The acc is 0.6753, 0.6233, 0.7200
Time Consumption for one epoch is 14.760014057159424s
======================================= Epoch 3 =======================================
================= Test Set =================
+++++++++++ Find New Best Min ACC +++++++++++
The acc is 0.8086, 0.7837, 0.8300
Time Consumption for one epoch is 14.691068887710571s
======================================= Epoch 4 =======================================
================= Test Set =================
+++++++++++ Find New Best Min ACC +++++++++++
The acc is 0.8323, 0.7953, 0.8640
Time Consumption for one epoch is 15.100918054580688s
======================================= Epoch 5 =======================================
================= Test Set =================
+++++++++++ Find New Best Min ACC +++++++++++
The acc is 0.8656, 0.8349, 0.8920
Time Consumption for one epoch is 14.472832441329956s
======================================= Epoch 6 =======================================
================= Test Set =================
The acc is 0.8656, 0.8349, 0.8920
Time Consumption for one epoch is 14.422375202178955s
======================================= Epoch 7 =======================================
================= Test Set =================
+++++++++++ Find New Best Min ACC +++++++++++
The acc is 0.8731, 0.8512, 0.8920
Time Consumption for one epoch is 14.515221118927002s
======================================= Epoch 8 =======================================
================= Test Set =================
+++++++++++ Find New Best Min ACC +++++++++++
The acc is 0.8860, 0.8674, 0.9020
Time Consumption for one epoch is 15.215381383895874s
======================================= Epoch 9 =======================================
================= Test Set =================
The acc is 0.8860, 0.8674, 0.9020
Time Consumption for one epoch is 15.09225869178772s
======================================= Epoch 10 =======================================
================= Test Set =================
The acc is 0.8860, 0.8674, 0.9020
Time Consumption for one epoch is 14.289097785949707s
======================================= Epoch 11 =======================================
================= Test Set =================
+++++++++++ Find New Best Min ACC +++++++++++
The acc is 0.8946, 0.8837, 0.9040
Time Consumption for one epoch is 15.166610956192017s
======================================= Epoch 12 =======================================
================= Test Set =================
The acc is 0.8946, 0.8837, 0.9040
Time Consumption for one epoch is 14.393029928207397s
======================================= Epoch 13 =======================================
================= Test Set =================
The acc is 0.8946, 0.8837, 0.9040
Time Consumption for one epoch is 14.940417528152466s
======================================= Epoch 14 =======================================
================= Test Set =================
The acc is 0.8946, 0.8837, 0.9040
Time Consumption for one epoch is 14.596704006195068s
======================================= Epoch 15 =======================================
================= Test Set =================
+++++++++++ Find New Best Min ACC +++++++++++
The acc is 0.8968, 0.8698, 0.9200
Time Consumption for one epoch is 15.069365501403809s
======================================= Epoch 16 =======================================
================= Test Set =================
The acc is 0.8968, 0.8698, 0.9200
Time Consumption for one epoch is 14.805016279220581s
======================================= Epoch 17 =======================================
================= Test Set =================
+++++++++++ Find New Best Min ACC +++++++++++
The acc is 0.9011, 0.8767, 0.9220
Time Consumption for one epoch is 14.870067119598389s
======================================= Epoch 18 =======================================
================= Test Set =================
The acc is 0.9011, 0.8767, 0.9220
Time Consumption for one epoch is 15.355114936828613s
======================================= Epoch 19 =======================================
================= Test Set =================
The acc is 0.9011, 0.8767, 0.9220
Time Consumption for one epoch is 14.132272005081177s
The final acc is 0.9011, 0.8767, 0.9220
