Namespace(data_dir='/data/yihua/dataset/celeba/celeba.hdf5', result_dir='results', checkpoint=None, resume=False, domain_attrs='Male', target_attrs='Blond_Hair', exp_name=None, batch_size=512, lr=0.0001, wd=2e-05, epochs=20, seed=2021, num_workers=8, arch='resnet9', evaluate=False, gv=0.3, gr=0.3)
======================================= Epoch 0 =======================================
================= Test Set =================
+++++++++++ Find New Best Min ACC +++++++++++
The acc is 0.7667, 0.7222, 0.7778
Time Consumption for one epoch is 30.650697469711304s
======================================= Epoch 1 =======================================
================= Test Set =================
+++++++++++ Find New Best Min ACC +++++++++++
The acc is 0.8650, 0.8389, 0.8715
Time Consumption for one epoch is 27.76111936569214s
======================================= Epoch 2 =======================================
================= Test Set =================
The acc is 0.8650, 0.8389, 0.8715
Time Consumption for one epoch is 28.089892387390137s
======================================= Epoch 3 =======================================
================= Test Set =================
+++++++++++ Find New Best Min ACC +++++++++++
The acc is 0.8917, 0.8556, 0.9007
Time Consumption for one epoch is 27.389833688735962s
======================================= Epoch 4 =======================================
================= Test Set =================
The acc is 0.8917, 0.8556, 0.9007
Time Consumption for one epoch is 26.458906412124634s
======================================= Epoch 5 =======================================
================= Test Set =================
+++++++++++ Find New Best Min ACC +++++++++++
The acc is 0.9056, 0.8750, 0.9132
Time Consumption for one epoch is 27.911447525024414s
======================================= Epoch 6 =======================================
================= Test Set =================
+++++++++++ Find New Best Min ACC +++++++++++
The acc is 0.9122, 0.8889, 0.9181
Time Consumption for one epoch is 27.995203018188477s
======================================= Epoch 7 =======================================
================= Test Set =================
The acc is 0.9122, 0.8889, 0.9181
Time Consumption for one epoch is 28.50149917602539s
======================================= Epoch 8 =======================================
================= Test Set =================
The acc is 0.9122, 0.8889, 0.9181
Time Consumption for one epoch is 26.92874312400818s
======================================= Epoch 9 =======================================
================= Test Set =================
+++++++++++ Find New Best Min ACC +++++++++++
The acc is 0.9156, 0.8944, 0.9208
Time Consumption for one epoch is 26.877263069152832s
======================================= Epoch 10 =======================================
================= Test Set =================
The acc is 0.9156, 0.8944, 0.9208
Time Consumption for one epoch is 28.52583384513855s
======================================= Epoch 11 =======================================
================= Test Set =================
The acc is 0.9156, 0.8944, 0.9208
Time Consumption for one epoch is 27.443458795547485s
======================================= Epoch 12 =======================================
================= Test Set =================
The acc is 0.9156, 0.8944, 0.9208
Time Consumption for one epoch is 27.643694400787354s
======================================= Epoch 13 =======================================
================= Test Set =================
The acc is 0.9156, 0.8944, 0.9208
Time Consumption for one epoch is 26.695368766784668s
======================================= Epoch 14 =======================================
================= Test Set =================
The acc is 0.9156, 0.8944, 0.9208
Time Consumption for one epoch is 25.969883918762207s
======================================= Epoch 15 =======================================
================= Test Set =================
+++++++++++ Find New Best Min ACC +++++++++++
The acc is 0.9172, 0.9028, 0.9208
Time Consumption for one epoch is 28.13360333442688s
======================================= Epoch 16 =======================================
================= Test Set =================
The acc is 0.9172, 0.9028, 0.9208
Time Consumption for one epoch is 27.096214294433594s
======================================= Epoch 17 =======================================
================= Test Set =================
The acc is 0.9172, 0.9028, 0.9208
Time Consumption for one epoch is 26.190249919891357s
======================================= Epoch 18 =======================================
================= Test Set =================
The acc is 0.9172, 0.9028, 0.9208
Time Consumption for one epoch is 29.027332544326782s
======================================= Epoch 19 =======================================
================= Test Set =================
The acc is 0.9172, 0.9028, 0.9208
Time Consumption for one epoch is 26.133228302001953s
The final acc is 0.9172, 0.9028, 0.9208
