Namespace(data_dir='/data/yihua/dataset/celeba/celeba.hdf5', result_dir='results', checkpoint=None, resume=False, domain_attrs='Male', target_attrs='Blond_Hair', exp_name=None, batch_size=512, lr=0.0001, wd=2e-05, epochs=20, seed=2021, num_workers=8, arch='resnet9', evaluate=False, gv=0.05, gr=0.1)
======================================= Epoch 0 =======================================
================= Test Set =================
+++++++++++ Find New Best Min ACC +++++++++++
The acc is 0.5511, 0.5417, 0.5535
Time Consumption for one epoch is 30.37968349456787s
======================================= Epoch 1 =======================================
================= Test Set =================
+++++++++++ Find New Best Min ACC +++++++++++
The acc is 0.8683, 0.8194, 0.8806
Time Consumption for one epoch is 27.202698469161987s
======================================= Epoch 2 =======================================
================= Test Set =================
+++++++++++ Find New Best Min ACC +++++++++++
The acc is 0.8956, 0.8583, 0.9049
Time Consumption for one epoch is 27.032909154891968s
======================================= Epoch 3 =======================================
================= Test Set =================
The acc is 0.8956, 0.8583, 0.9049
Time Consumption for one epoch is 26.53238797187805s
======================================= Epoch 4 =======================================
================= Test Set =================
The acc is 0.8956, 0.8583, 0.9049
Time Consumption for one epoch is 26.005452394485474s
======================================= Epoch 5 =======================================
================= Test Set =================
+++++++++++ Find New Best Min ACC +++++++++++
The acc is 0.9017, 0.8778, 0.9076
Time Consumption for one epoch is 26.708082675933838s
======================================= Epoch 6 =======================================
================= Test Set =================
The acc is 0.9017, 0.8778, 0.9076
Time Consumption for one epoch is 27.373798608779907s
======================================= Epoch 7 =======================================
================= Test Set =================
+++++++++++ Find New Best Min ACC +++++++++++
The acc is 0.9144, 0.8972, 0.9187
Time Consumption for one epoch is 26.80939483642578s
======================================= Epoch 8 =======================================
================= Test Set =================
The acc is 0.9144, 0.8972, 0.9187
Time Consumption for one epoch is 26.735103130340576s
======================================= Epoch 9 =======================================
================= Test Set =================
The acc is 0.9144, 0.8972, 0.9187
Time Consumption for one epoch is 26.387057304382324s
======================================= Epoch 10 =======================================
================= Test Set =================
The acc is 0.9144, 0.8972, 0.9187
Time Consumption for one epoch is 25.581279516220093s
======================================= Epoch 11 =======================================
================= Test Set =================
+++++++++++ Find New Best Min ACC +++++++++++
The acc is 0.9194, 0.9056, 0.9229
Time Consumption for one epoch is 27.83327889442444s
======================================= Epoch 12 =======================================
================= Test Set =================
The acc is 0.9194, 0.9056, 0.9229
Time Consumption for one epoch is 26.50262212753296s
======================================= Epoch 13 =======================================
================= Test Set =================
The acc is 0.9194, 0.9056, 0.9229
Time Consumption for one epoch is 26.93332028388977s
======================================= Epoch 14 =======================================
================= Test Set =================
The acc is 0.9194, 0.9056, 0.9229
Time Consumption for one epoch is 25.871118783950806s
======================================= Epoch 15 =======================================
================= Test Set =================
The acc is 0.9194, 0.9056, 0.9229
Time Consumption for one epoch is 26.51000428199768s
======================================= Epoch 16 =======================================
================= Test Set =================
+++++++++++ Find New Best Min ACC +++++++++++
The acc is 0.9233, 0.9056, 0.9278
Time Consumption for one epoch is 26.795556783676147s
======================================= Epoch 17 =======================================
================= Test Set =================
The acc is 0.9233, 0.9056, 0.9278
Time Consumption for one epoch is 26.696120738983154s
======================================= Epoch 18 =======================================
================= Test Set =================
The acc is 0.9233, 0.9056, 0.9278
Time Consumption for one epoch is 26.91331458091736s
======================================= Epoch 19 =======================================
================= Test Set =================
The acc is 0.9233, 0.9056, 0.9278
Time Consumption for one epoch is 27.41699504852295s
The final acc is 0.9233, 0.9056, 0.9278
