Namespace(data_dir='/data/yihua/dataset/celeba/celeba.hdf5', result_dir='results', checkpoint=None, resume=False, domain_attrs='Male', target_attrs='Heavy_Makeup', exp_name=None, batch_size=512, lr=0.0001, wd=2e-05, epochs=20, seed=2020, num_workers=8, arch='resnet9', evaluate=False, gv=0.001, gr=0.3)
======================================= Epoch 0 =======================================
================= Test Set =================
+++++++++++ Find New Best Min ACC +++++++++++
The acc is 0.5000, 0.5000, 0.5000
Time Consumption for one epoch is 9.217470645904541s
======================================= Epoch 1 =======================================
================= Test Set =================
The acc is 0.5000, 0.5000, 0.5000
Time Consumption for one epoch is 10.609262228012085s
======================================= Epoch 2 =======================================
================= Test Set =================
The acc is 0.5000, 0.5000, 0.5000
Time Consumption for one epoch is 8.213003396987915s
======================================= Epoch 3 =======================================
================= Test Set =================
The acc is 0.5000, 0.5000, 0.5000
Time Consumption for one epoch is 9.085887432098389s
======================================= Epoch 4 =======================================
================= Test Set =================
The acc is 0.5000, 0.5000, 0.5000
Time Consumption for one epoch is 9.651561975479126s
======================================= Epoch 5 =======================================
================= Test Set =================
The acc is 0.5000, 0.5000, 0.5000
Time Consumption for one epoch is 7.624008655548096s
======================================= Epoch 6 =======================================
================= Test Set =================
+++++++++++ Find New Best Min ACC +++++++++++
The acc is 0.5136, 0.5000, 0.5170
Time Consumption for one epoch is 9.757089853286743s
======================================= Epoch 7 =======================================
================= Test Set =================
+++++++++++ Find New Best Min ACC +++++++++++
The acc is 0.5727, 0.5227, 0.5852
Time Consumption for one epoch is 8.664764642715454s
======================================= Epoch 8 =======================================
================= Test Set =================
+++++++++++ Find New Best Min ACC +++++++++++
The acc is 0.6045, 0.5000, 0.6307
Time Consumption for one epoch is 9.182271480560303s
======================================= Epoch 9 =======================================
================= Test Set =================
+++++++++++ Find New Best Min ACC +++++++++++
The acc is 0.6455, 0.5909, 0.6591
Time Consumption for one epoch is 9.641372680664062s
======================================= Epoch 10 =======================================
================= Test Set =================
+++++++++++ Find New Best Min ACC +++++++++++
The acc is 0.6500, 0.5909, 0.6648
Time Consumption for one epoch is 8.863003730773926s
======================================= Epoch 11 =======================================
================= Test Set =================
+++++++++++ Find New Best Min ACC +++++++++++
The acc is 0.7091, 0.6364, 0.7273
Time Consumption for one epoch is 8.397722721099854s
======================================= Epoch 12 =======================================
================= Test Set =================
The acc is 0.7091, 0.6364, 0.7273
Time Consumption for one epoch is 9.3849515914917s
======================================= Epoch 13 =======================================
================= Test Set =================
The acc is 0.7091, 0.6364, 0.7273
Time Consumption for one epoch is 9.577603816986084s
======================================= Epoch 14 =======================================
================= Test Set =================
The acc is 0.7091, 0.6364, 0.7273
Time Consumption for one epoch is 9.721085786819458s
======================================= Epoch 15 =======================================
================= Test Set =================
The acc is 0.7091, 0.6364, 0.7273
Time Consumption for one epoch is 7.775420665740967s
======================================= Epoch 16 =======================================
================= Test Set =================
The acc is 0.7091, 0.6364, 0.7273
Time Consumption for one epoch is 7.968257665634155s
======================================= Epoch 17 =======================================
================= Test Set =================
The acc is 0.7091, 0.6364, 0.7273
Time Consumption for one epoch is 10.203173875808716s
======================================= Epoch 18 =======================================
================= Test Set =================
The acc is 0.7091, 0.6364, 0.7273
Time Consumption for one epoch is 8.947178602218628s
======================================= Epoch 19 =======================================
================= Test Set =================
The acc is 0.7091, 0.6364, 0.7273
Time Consumption for one epoch is 8.584113121032715s
The final acc is 0.7091, 0.6364, 0.7273
