Namespace(data_dir='/data/yihua/dataset/celeba/celeba.hdf5', result_dir='rotation_study', checkpoint=None, resume=False, domain_attrs='Male', target_attrs='Blond_Hair', exp_name=None, batch_size=512, lr=0.0001, wd=2e-05, epochs=20, seed=2022, num_workers=8, arch='resnet18', evaluate=False, total_num=5000, test_num=1000, gv=180.0, gr=0.5, minor_ratio=0.2, add_aug='rotation')
======================================= Epoch 0 =======================================
================= Test Set =================
+++++++++++ Find New Best Min ACC +++++++++++
The acc is 0.5376, 0.5814, 0.5000
Time Consumption for one epoch is 22.3789005279541s
======================================= Epoch 1 =======================================
================= Test Set =================
The acc is 0.5376, 0.5814, 0.5000
Time Consumption for one epoch is 22.331822872161865s
======================================= Epoch 2 =======================================
================= Test Set =================
The acc is 0.5376, 0.5814, 0.5000
Time Consumption for one epoch is 21.32773733139038s
======================================= Epoch 3 =======================================
================= Test Set =================
+++++++++++ Find New Best Min ACC +++++++++++
The acc is 0.5871, 0.6093, 0.5680
Time Consumption for one epoch is 21.09792184829712s
======================================= Epoch 4 =======================================
================= Test Set =================
+++++++++++ Find New Best Min ACC +++++++++++
The acc is 0.7957, 0.7721, 0.8160
Time Consumption for one epoch is 21.146918296813965s
======================================= Epoch 5 =======================================
================= Test Set =================
The acc is 0.7957, 0.7721, 0.8160
Time Consumption for one epoch is 21.904040336608887s
======================================= Epoch 6 =======================================
================= Test Set =================
+++++++++++ Find New Best Min ACC +++++++++++
The acc is 0.8688, 0.8395, 0.8940
Time Consumption for one epoch is 22.111624240875244s
======================================= Epoch 7 =======================================
================= Test Set =================
The acc is 0.8688, 0.8395, 0.8940
Time Consumption for one epoch is 19.630991220474243s
======================================= Epoch 8 =======================================
================= Test Set =================
The acc is 0.8688, 0.8395, 0.8940
Time Consumption for one epoch is 19.500261783599854s
======================================= Epoch 9 =======================================
================= Test Set =================
The acc is 0.8688, 0.8395, 0.8940
Time Consumption for one epoch is 20.850754976272583s
======================================= Epoch 10 =======================================
================= Test Set =================
+++++++++++ Find New Best Min ACC +++++++++++
The acc is 0.8925, 0.8837, 0.9000
Time Consumption for one epoch is 22.366548776626587s
======================================= Epoch 11 =======================================
================= Test Set =================
The acc is 0.8925, 0.8837, 0.9000
Time Consumption for one epoch is 22.87720227241516s
======================================= Epoch 12 =======================================
================= Test Set =================
The acc is 0.8925, 0.8837, 0.9000
Time Consumption for one epoch is 20.350173950195312s
======================================= Epoch 13 =======================================
================= Test Set =================
The acc is 0.8925, 0.8837, 0.9000
Time Consumption for one epoch is 20.755534648895264s
======================================= Epoch 14 =======================================
================= Test Set =================
The acc is 0.8925, 0.8837, 0.9000
Time Consumption for one epoch is 20.84297013282776s
======================================= Epoch 15 =======================================
================= Test Set =================
The acc is 0.8925, 0.8837, 0.9000
Time Consumption for one epoch is 20.740939140319824s
======================================= Epoch 16 =======================================
================= Test Set =================
The acc is 0.8925, 0.8837, 0.9000
Time Consumption for one epoch is 21.43415856361389s
======================================= Epoch 17 =======================================
================= Test Set =================
+++++++++++ Find New Best Min ACC +++++++++++
The acc is 0.8968, 0.8837, 0.9080
Time Consumption for one epoch is 20.52919363975525s
======================================= Epoch 18 =======================================
================= Test Set =================
+++++++++++ Find New Best Min ACC +++++++++++
The acc is 0.8989, 0.8884, 0.9080
Time Consumption for one epoch is 21.72962760925293s
======================================= Epoch 19 =======================================
================= Test Set =================
The acc is 0.8989, 0.8884, 0.9080
Time Consumption for one epoch is 20.833910703659058s
The final acc is 0.8989, 0.8884, 0.9080
