Namespace(data_dir='/data/yihua/dataset/celeba/celeba.hdf5', result_dir='results', checkpoint=None, resume=False, domain_attrs='Male', target_attrs='Blond_Hair', exp_name=None, batch_size=512, lr=0.0001, wd=2e-05, epochs=20, seed=2021, num_workers=8, arch='resnet9', evaluate=False, gv=0.0001, gr=0.1)
======================================= Epoch 0 =======================================
================= Test Set =================
+++++++++++ Find New Best Min ACC +++++++++++
The acc is 0.5106, 0.5000, 0.5132
Time Consumption for one epoch is 25.605871200561523s
======================================= Epoch 1 =======================================
================= Test Set =================
+++++++++++ Find New Best Min ACC +++++++++++
The acc is 0.8789, 0.8333, 0.8903
Time Consumption for one epoch is 22.75748085975647s
======================================= Epoch 2 =======================================
================= Test Set =================
+++++++++++ Find New Best Min ACC +++++++++++
The acc is 0.8956, 0.8472, 0.9076
Time Consumption for one epoch is 25.797126531600952s
======================================= Epoch 3 =======================================
================= Test Set =================
The acc is 0.8956, 0.8472, 0.9076
Time Consumption for one epoch is 24.28294610977173s
======================================= Epoch 4 =======================================
================= Test Set =================
The acc is 0.8956, 0.8472, 0.9076
Time Consumption for one epoch is 23.617993354797363s
======================================= Epoch 5 =======================================
================= Test Set =================
+++++++++++ Find New Best Min ACC +++++++++++
The acc is 0.9067, 0.8889, 0.9111
Time Consumption for one epoch is 24.3888521194458s
======================================= Epoch 6 =======================================
================= Test Set =================
The acc is 0.9067, 0.8889, 0.9111
Time Consumption for one epoch is 24.31161618232727s
======================================= Epoch 7 =======================================
================= Test Set =================
+++++++++++ Find New Best Min ACC +++++++++++
The acc is 0.9139, 0.8944, 0.9187
Time Consumption for one epoch is 25.147326946258545s
======================================= Epoch 8 =======================================
================= Test Set =================
The acc is 0.9139, 0.8944, 0.9187
Time Consumption for one epoch is 24.298123359680176s
======================================= Epoch 9 =======================================
================= Test Set =================
The acc is 0.9139, 0.8944, 0.9187
Time Consumption for one epoch is 24.961538076400757s
======================================= Epoch 10 =======================================
================= Test Set =================
The acc is 0.9139, 0.8944, 0.9187
Time Consumption for one epoch is 23.357763051986694s
======================================= Epoch 11 =======================================
================= Test Set =================
The acc is 0.9139, 0.8944, 0.9187
Time Consumption for one epoch is 22.935534477233887s
======================================= Epoch 12 =======================================
================= Test Set =================
The acc is 0.9139, 0.8944, 0.9187
Time Consumption for one epoch is 24.32759189605713s
======================================= Epoch 13 =======================================
================= Test Set =================
The acc is 0.9139, 0.8944, 0.9187
Time Consumption for one epoch is 23.345450162887573s
======================================= Epoch 14 =======================================
================= Test Set =================
The acc is 0.9139, 0.8944, 0.9187
Time Consumption for one epoch is 22.97564959526062s
======================================= Epoch 15 =======================================
================= Test Set =================
The acc is 0.9139, 0.8944, 0.9187
Time Consumption for one epoch is 23.293646574020386s
======================================= Epoch 16 =======================================
================= Test Set =================
+++++++++++ Find New Best Min ACC +++++++++++
The acc is 0.9250, 0.9111, 0.9285
Time Consumption for one epoch is 24.83341145515442s
======================================= Epoch 17 =======================================
================= Test Set =================
The acc is 0.9250, 0.9111, 0.9285
Time Consumption for one epoch is 23.864083766937256s
======================================= Epoch 18 =======================================
================= Test Set =================
The acc is 0.9250, 0.9111, 0.9285
Time Consumption for one epoch is 24.11518692970276s
======================================= Epoch 19 =======================================
================= Test Set =================
The acc is 0.9250, 0.9111, 0.9285
Time Consumption for one epoch is 24.64986228942871s
The final acc is 0.9250, 0.9111, 0.9285
