Namespace(data_dir='/data/yihua/dataset/celeba/celeba.hdf5', result_dir='rotation_study', checkpoint=None, resume=False, domain_attrs='Male', target_attrs='Blond_Hair', exp_name=None, batch_size=512, lr=0.0001, wd=2e-05, epochs=20, seed=2020, num_workers=8, arch='resnet18', evaluate=False, total_num=5000, test_num=1000, gv=0.0, gr=0.3, minor_ratio=0.2, add_aug='rotation')
======================================= Epoch 0 =======================================
================= Test Set =================
+++++++++++ Find New Best Min ACC +++++++++++
The acc is 0.4624, 0.4186, 0.5000
Time Consumption for one epoch is 21.174821138381958s
======================================= Epoch 1 =======================================
================= Test Set =================
+++++++++++ Find New Best Min ACC +++++++++++
The acc is 0.5301, 0.5698, 0.4960
Time Consumption for one epoch is 20.34460711479187s
======================================= Epoch 2 =======================================
================= Test Set =================
The acc is 0.5301, 0.5698, 0.4960
Time Consumption for one epoch is 21.551000356674194s
======================================= Epoch 3 =======================================
================= Test Set =================
+++++++++++ Find New Best Min ACC +++++++++++
The acc is 0.5591, 0.6000, 0.5240
Time Consumption for one epoch is 21.16841220855713s
======================================= Epoch 4 =======================================
================= Test Set =================
+++++++++++ Find New Best Min ACC +++++++++++
The acc is 0.7323, 0.7093, 0.7520
Time Consumption for one epoch is 20.363539457321167s
======================================= Epoch 5 =======================================
================= Test Set =================
+++++++++++ Find New Best Min ACC +++++++++++
The acc is 0.8570, 0.8442, 0.8680
Time Consumption for one epoch is 20.247442483901978s
======================================= Epoch 6 =======================================
================= Test Set =================
+++++++++++ Find New Best Min ACC +++++++++++
The acc is 0.8634, 0.8395, 0.8840
Time Consumption for one epoch is 20.274742126464844s
======================================= Epoch 7 =======================================
================= Test Set =================
+++++++++++ Find New Best Min ACC +++++++++++
The acc is 0.8774, 0.8512, 0.9000
Time Consumption for one epoch is 20.590367078781128s
======================================= Epoch 8 =======================================
================= Test Set =================
The acc is 0.8774, 0.8512, 0.9000
Time Consumption for one epoch is 20.326925039291382s
======================================= Epoch 9 =======================================
================= Test Set =================
The acc is 0.8774, 0.8512, 0.9000
Time Consumption for one epoch is 21.4808030128479s
======================================= Epoch 10 =======================================
================= Test Set =================
The acc is 0.8774, 0.8512, 0.9000
Time Consumption for one epoch is 19.536309242248535s
======================================= Epoch 11 =======================================
================= Test Set =================
The acc is 0.8774, 0.8512, 0.9000
Time Consumption for one epoch is 20.45961308479309s
======================================= Epoch 12 =======================================
================= Test Set =================
The acc is 0.8774, 0.8512, 0.9000
Time Consumption for one epoch is 19.741714000701904s
======================================= Epoch 13 =======================================
================= Test Set =================
+++++++++++ Find New Best Min ACC +++++++++++
The acc is 0.8978, 0.8837, 0.9100
Time Consumption for one epoch is 19.50806951522827s
======================================= Epoch 14 =======================================
================= Test Set =================
The acc is 0.8978, 0.8837, 0.9100
Time Consumption for one epoch is 22.18177080154419s
======================================= Epoch 15 =======================================
================= Test Set =================
The acc is 0.8978, 0.8837, 0.9100
Time Consumption for one epoch is 20.07456874847412s
======================================= Epoch 16 =======================================
================= Test Set =================
The acc is 0.8978, 0.8837, 0.9100
Time Consumption for one epoch is 20.119590759277344s
======================================= Epoch 17 =======================================
================= Test Set =================
The acc is 0.8978, 0.8837, 0.9100
Time Consumption for one epoch is 19.99878716468811s
======================================= Epoch 18 =======================================
================= Test Set =================
The acc is 0.8978, 0.8837, 0.9100
Time Consumption for one epoch is 20.366653203964233s
======================================= Epoch 19 =======================================
================= Test Set =================
The acc is 0.8978, 0.8837, 0.9100
Time Consumption for one epoch is 21.229240894317627s
The final acc is 0.8978, 0.8837, 0.9100
