Namespace(data_dir='/data/yihua/dataset/celeba/celeba.hdf5', result_dir='rotation_study', checkpoint=None, resume=False, domain_attrs='Male', target_attrs='Blond_Hair', exp_name=None, batch_size=512, lr=0.0001, wd=2e-05, epochs=20, seed=2020, num_workers=8, arch='resnet18', evaluate=False, total_num=5000, test_num=1000, gv=0.0, gr=0.5, minor_ratio=0.2, add_aug='rotation')
======================================= Epoch 0 =======================================
================= Test Set =================
+++++++++++ Find New Best Min ACC +++++++++++
The acc is 0.4624, 0.4186, 0.5000
Time Consumption for one epoch is 21.24646806716919s
======================================= Epoch 1 =======================================
================= Test Set =================
+++++++++++ Find New Best Min ACC +++++++++++
The acc is 0.5247, 0.5767, 0.4800
Time Consumption for one epoch is 21.822728395462036s
======================================= Epoch 2 =======================================
================= Test Set =================
+++++++++++ Find New Best Min ACC +++++++++++
The acc is 0.5688, 0.6000, 0.5420
Time Consumption for one epoch is 21.007853031158447s
======================================= Epoch 3 =======================================
================= Test Set =================
+++++++++++ Find New Best Min ACC +++++++++++
The acc is 0.6215, 0.6442, 0.6020
Time Consumption for one epoch is 20.684051752090454s
======================================= Epoch 4 =======================================
================= Test Set =================
+++++++++++ Find New Best Min ACC +++++++++++
The acc is 0.8183, 0.8047, 0.8300
Time Consumption for one epoch is 21.24731206893921s
======================================= Epoch 5 =======================================
================= Test Set =================
+++++++++++ Find New Best Min ACC +++++++++++
The acc is 0.8355, 0.8186, 0.8500
Time Consumption for one epoch is 21.438039779663086s
======================================= Epoch 6 =======================================
================= Test Set =================
+++++++++++ Find New Best Min ACC +++++++++++
The acc is 0.8699, 0.8442, 0.8920
Time Consumption for one epoch is 21.052525520324707s
======================================= Epoch 7 =======================================
================= Test Set =================
The acc is 0.8699, 0.8442, 0.8920
Time Consumption for one epoch is 20.097986459732056s
======================================= Epoch 8 =======================================
================= Test Set =================
The acc is 0.8699, 0.8442, 0.8920
Time Consumption for one epoch is 21.327720642089844s
======================================= Epoch 9 =======================================
================= Test Set =================
+++++++++++ Find New Best Min ACC +++++++++++
The acc is 0.8828, 0.8651, 0.8980
Time Consumption for one epoch is 20.836073875427246s
======================================= Epoch 10 =======================================
================= Test Set =================
The acc is 0.8828, 0.8651, 0.8980
Time Consumption for one epoch is 20.797216415405273s
======================================= Epoch 11 =======================================
================= Test Set =================
The acc is 0.8828, 0.8651, 0.8980
Time Consumption for one epoch is 20.398948907852173s
======================================= Epoch 12 =======================================
================= Test Set =================
The acc is 0.8828, 0.8651, 0.8980
Time Consumption for one epoch is 20.18209195137024s
======================================= Epoch 13 =======================================
================= Test Set =================
The acc is 0.8828, 0.8651, 0.8980
Time Consumption for one epoch is 22.68452024459839s
======================================= Epoch 14 =======================================
================= Test Set =================
The acc is 0.8828, 0.8651, 0.8980
Time Consumption for one epoch is 21.592583179473877s
======================================= Epoch 15 =======================================
================= Test Set =================
+++++++++++ Find New Best Min ACC +++++++++++
The acc is 0.8892, 0.8767, 0.9000
Time Consumption for one epoch is 21.671585083007812s
======================================= Epoch 16 =======================================
================= Test Set =================
The acc is 0.8892, 0.8767, 0.9000
Time Consumption for one epoch is 21.781893730163574s
======================================= Epoch 17 =======================================
================= Test Set =================
The acc is 0.8892, 0.8767, 0.9000
Time Consumption for one epoch is 21.714267253875732s
======================================= Epoch 18 =======================================
================= Test Set =================
The acc is 0.8892, 0.8767, 0.9000
Time Consumption for one epoch is 21.36863088607788s
======================================= Epoch 19 =======================================
================= Test Set =================
The acc is 0.8892, 0.8767, 0.9000
Time Consumption for one epoch is 20.459145307540894s
The final acc is 0.8892, 0.8767, 0.9000
