Namespace(data_dir='/data/yihua/dataset/celeba/celeba.hdf5', result_dir='rotation_study', checkpoint=None, resume=False, domain_attrs='Male', target_attrs='Blond_Hair', exp_name=None, batch_size=512, lr=0.0001, wd=2e-05, epochs=20, seed=2020, num_workers=8, arch='resnet18', evaluate=False, total_num=5000, test_num=1000, gv=90.0, gr=0.3, minor_ratio=0.2, add_aug='rotation')
======================================= Epoch 0 =======================================
================= Test Set =================
+++++++++++ Find New Best Min ACC +++++++++++
The acc is 0.4624, 0.4186, 0.5000
Time Consumption for one epoch is 22.1304931640625s
======================================= Epoch 1 =======================================
================= Test Set =================
+++++++++++ Find New Best Min ACC +++++++++++
The acc is 0.5247, 0.5698, 0.4860
Time Consumption for one epoch is 19.709362030029297s
======================================= Epoch 2 =======================================
================= Test Set =================
+++++++++++ Find New Best Min ACC +++++++++++
The acc is 0.5344, 0.5814, 0.4940
Time Consumption for one epoch is 20.598663330078125s
======================================= Epoch 3 =======================================
================= Test Set =================
+++++++++++ Find New Best Min ACC +++++++++++
The acc is 0.5430, 0.5860, 0.5060
Time Consumption for one epoch is 20.82683515548706s
======================================= Epoch 4 =======================================
================= Test Set =================
+++++++++++ Find New Best Min ACC +++++++++++
The acc is 0.7108, 0.6977, 0.7220
Time Consumption for one epoch is 20.434086799621582s
======================================= Epoch 5 =======================================
================= Test Set =================
+++++++++++ Find New Best Min ACC +++++++++++
The acc is 0.8441, 0.8047, 0.8780
Time Consumption for one epoch is 20.569369077682495s
======================================= Epoch 6 =======================================
================= Test Set =================
+++++++++++ Find New Best Min ACC +++++++++++
The acc is 0.8774, 0.8488, 0.9020
Time Consumption for one epoch is 19.197631359100342s
======================================= Epoch 7 =======================================
================= Test Set =================
+++++++++++ Find New Best Min ACC +++++++++++
The acc is 0.8849, 0.8674, 0.9000
Time Consumption for one epoch is 19.47730588912964s
======================================= Epoch 8 =======================================
================= Test Set =================
The acc is 0.8849, 0.8674, 0.9000
Time Consumption for one epoch is 20.60728096961975s
======================================= Epoch 9 =======================================
================= Test Set =================
+++++++++++ Find New Best Min ACC +++++++++++
The acc is 0.8903, 0.8721, 0.9060
Time Consumption for one epoch is 19.074368715286255s
======================================= Epoch 10 =======================================
================= Test Set =================
The acc is 0.8903, 0.8721, 0.9060
Time Consumption for one epoch is 19.426839113235474s
======================================= Epoch 11 =======================================
================= Test Set =================
The acc is 0.8903, 0.8721, 0.9060
Time Consumption for one epoch is 20.85980772972107s
======================================= Epoch 12 =======================================
================= Test Set =================
The acc is 0.8903, 0.8721, 0.9060
Time Consumption for one epoch is 20.270689249038696s
======================================= Epoch 13 =======================================
================= Test Set =================
The acc is 0.8903, 0.8721, 0.9060
Time Consumption for one epoch is 20.317728757858276s
======================================= Epoch 14 =======================================
================= Test Set =================
The acc is 0.8903, 0.8721, 0.9060
Time Consumption for one epoch is 20.847535610198975s
======================================= Epoch 15 =======================================
================= Test Set =================
The acc is 0.8903, 0.8721, 0.9060
Time Consumption for one epoch is 21.25321388244629s
======================================= Epoch 16 =======================================
================= Test Set =================
The acc is 0.8903, 0.8721, 0.9060
Time Consumption for one epoch is 21.06808614730835s
======================================= Epoch 17 =======================================
================= Test Set =================
The acc is 0.8903, 0.8721, 0.9060
Time Consumption for one epoch is 21.94270133972168s
======================================= Epoch 18 =======================================
================= Test Set =================
The acc is 0.8903, 0.8721, 0.9060
Time Consumption for one epoch is 20.197555541992188s
======================================= Epoch 19 =======================================
================= Test Set =================
The acc is 0.8903, 0.8721, 0.9060
Time Consumption for one epoch is 19.70160698890686s
The final acc is 0.8903, 0.8721, 0.9060
