Namespace(data_dir='/data/yihua/dataset/celeba/celeba.hdf5', result_dir='results', checkpoint=None, resume=False, domain_attrs='Male', target_attrs='Blond_Hair', exp_name=None, batch_size=512, lr=0.0001, wd=2e-05, epochs=20, seed=2021, num_workers=8, arch='resnet9', evaluate=False, gv=0.01, gr=0.1)
======================================= Epoch 0 =======================================
================= Test Set =================
+++++++++++ Find New Best Min ACC +++++++++++
The acc is 0.5233, 0.5083, 0.5271
Time Consumption for one epoch is 26.304192066192627s
======================================= Epoch 1 =======================================
================= Test Set =================
+++++++++++ Find New Best Min ACC +++++++++++
The acc is 0.8472, 0.7806, 0.8639
Time Consumption for one epoch is 23.242345333099365s
======================================= Epoch 2 =======================================
================= Test Set =================
+++++++++++ Find New Best Min ACC +++++++++++
The acc is 0.8950, 0.8694, 0.9014
Time Consumption for one epoch is 24.666601181030273s
======================================= Epoch 3 =======================================
================= Test Set =================
The acc is 0.8950, 0.8694, 0.9014
Time Consumption for one epoch is 22.98063015937805s
======================================= Epoch 4 =======================================
================= Test Set =================
The acc is 0.8950, 0.8694, 0.9014
Time Consumption for one epoch is 24.167096614837646s
======================================= Epoch 5 =======================================
================= Test Set =================
+++++++++++ Find New Best Min ACC +++++++++++
The acc is 0.9100, 0.8917, 0.9146
Time Consumption for one epoch is 24.611551523208618s
======================================= Epoch 6 =======================================
================= Test Set =================
The acc is 0.9100, 0.8917, 0.9146
Time Consumption for one epoch is 24.163355588912964s
======================================= Epoch 7 =======================================
================= Test Set =================
The acc is 0.9100, 0.8917, 0.9146
Time Consumption for one epoch is 24.074145793914795s
======================================= Epoch 8 =======================================
================= Test Set =================
The acc is 0.9100, 0.8917, 0.9146
Time Consumption for one epoch is 23.58262872695923s
======================================= Epoch 9 =======================================
================= Test Set =================
The acc is 0.9100, 0.8917, 0.9146
Time Consumption for one epoch is 23.797621965408325s
======================================= Epoch 10 =======================================
================= Test Set =================
The acc is 0.9100, 0.8917, 0.9146
Time Consumption for one epoch is 24.051337718963623s
======================================= Epoch 11 =======================================
================= Test Set =================
+++++++++++ Find New Best Min ACC +++++++++++
The acc is 0.9161, 0.9028, 0.9194
Time Consumption for one epoch is 23.703416109085083s
======================================= Epoch 12 =======================================
================= Test Set =================
The acc is 0.9161, 0.9028, 0.9194
Time Consumption for one epoch is 24.309404373168945s
======================================= Epoch 13 =======================================
================= Test Set =================
The acc is 0.9161, 0.9028, 0.9194
Time Consumption for one epoch is 24.400289297103882s
======================================= Epoch 14 =======================================
================= Test Set =================
The acc is 0.9161, 0.9028, 0.9194
Time Consumption for one epoch is 23.43851613998413s
======================================= Epoch 15 =======================================
================= Test Set =================
The acc is 0.9161, 0.9028, 0.9194
Time Consumption for one epoch is 25.142374753952026s
======================================= Epoch 16 =======================================
================= Test Set =================
+++++++++++ Find New Best Min ACC +++++++++++
The acc is 0.9239, 0.9167, 0.9257
Time Consumption for one epoch is 23.87657403945923s
======================================= Epoch 17 =======================================
================= Test Set =================
The acc is 0.9239, 0.9167, 0.9257
Time Consumption for one epoch is 24.548949718475342s
======================================= Epoch 18 =======================================
================= Test Set =================
The acc is 0.9239, 0.9167, 0.9257
Time Consumption for one epoch is 24.182926416397095s
======================================= Epoch 19 =======================================
================= Test Set =================
The acc is 0.9239, 0.9167, 0.9257
Time Consumption for one epoch is 24.33486819267273s
The final acc is 0.9239, 0.9167, 0.9257
