Namespace(data_dir='/data/yihua/dataset/celeba/celeba.hdf5', result_dir='crop_study', checkpoint=None, resume=False, domain_attrs='Male', target_attrs='Blond_Hair', exp_name=None, batch_size=512, lr=0.0001, wd=2e-05, epochs=20, seed=2021, num_workers=8, arch='resnet9', evaluate=False, total_num=5000, test_num=1000, gv=200.0, gr=0.1, minor_ratio=0.2, add_aug='crop')
======================================= Epoch 0 =======================================
================= Test Set =================
+++++++++++ Find New Best Min ACC +++++++++++
The acc is 0.4624, 0.4186, 0.5000
Time Consumption for one epoch is 16.34436058998108s
======================================= Epoch 1 =======================================
================= Test Set =================
The acc is 0.4624, 0.4186, 0.5000
Time Consumption for one epoch is 13.827297449111938s
======================================= Epoch 2 =======================================
================= Test Set =================
+++++++++++ Find New Best Min ACC +++++++++++
The acc is 0.5968, 0.5581, 0.6300
Time Consumption for one epoch is 14.213704586029053s
======================================= Epoch 3 =======================================
================= Test Set =================
+++++++++++ Find New Best Min ACC +++++++++++
The acc is 0.6312, 0.6395, 0.6240
Time Consumption for one epoch is 14.818357706069946s
======================================= Epoch 4 =======================================
================= Test Set =================
+++++++++++ Find New Best Min ACC +++++++++++
The acc is 0.8161, 0.7907, 0.8380
Time Consumption for one epoch is 13.996548891067505s
======================================= Epoch 5 =======================================
================= Test Set =================
+++++++++++ Find New Best Min ACC +++++++++++
The acc is 0.8505, 0.8233, 0.8740
Time Consumption for one epoch is 14.781341791152954s
======================================= Epoch 6 =======================================
================= Test Set =================
+++++++++++ Find New Best Min ACC +++++++++++
The acc is 0.8613, 0.8302, 0.8880
Time Consumption for one epoch is 14.740322828292847s
======================================= Epoch 7 =======================================
================= Test Set =================
+++++++++++ Find New Best Min ACC +++++++++++
The acc is 0.8763, 0.8512, 0.8980
Time Consumption for one epoch is 14.467193365097046s
======================================= Epoch 8 =======================================
================= Test Set =================
The acc is 0.8763, 0.8512, 0.8980
Time Consumption for one epoch is 13.791385889053345s
======================================= Epoch 9 =======================================
================= Test Set =================
The acc is 0.8763, 0.8512, 0.8980
Time Consumption for one epoch is 14.105623006820679s
======================================= Epoch 10 =======================================
================= Test Set =================
+++++++++++ Find New Best Min ACC +++++++++++
The acc is 0.8774, 0.8535, 0.8980
Time Consumption for one epoch is 14.508585214614868s
======================================= Epoch 11 =======================================
================= Test Set =================
+++++++++++ Find New Best Min ACC +++++++++++
The acc is 0.8882, 0.8674, 0.9060
Time Consumption for one epoch is 14.153146266937256s
======================================= Epoch 12 =======================================
================= Test Set =================
The acc is 0.8882, 0.8674, 0.9060
Time Consumption for one epoch is 14.472995281219482s
======================================= Epoch 13 =======================================
================= Test Set =================
The acc is 0.8882, 0.8674, 0.9060
Time Consumption for one epoch is 14.415958642959595s
======================================= Epoch 14 =======================================
================= Test Set =================
The acc is 0.8882, 0.8674, 0.9060
Time Consumption for one epoch is 14.183784008026123s
======================================= Epoch 15 =======================================
================= Test Set =================
+++++++++++ Find New Best Min ACC +++++++++++
The acc is 0.8914, 0.8767, 0.9040
Time Consumption for one epoch is 14.246671438217163s
======================================= Epoch 16 =======================================
================= Test Set =================
The acc is 0.8914, 0.8767, 0.9040
Time Consumption for one epoch is 14.305294752120972s
======================================= Epoch 17 =======================================
================= Test Set =================
+++++++++++ Find New Best Min ACC +++++++++++
The acc is 0.8989, 0.8814, 0.9140
Time Consumption for one epoch is 14.960931777954102s
======================================= Epoch 18 =======================================
================= Test Set =================
The acc is 0.8989, 0.8814, 0.9140
Time Consumption for one epoch is 14.090721845626831s
======================================= Epoch 19 =======================================
================= Test Set =================
The acc is 0.8989, 0.8814, 0.9140
Time Consumption for one epoch is 14.172716856002808s
The final acc is 0.8989, 0.8814, 0.9140
