Namespace(data_dir='/data/yihua/dataset/celeba/celeba.hdf5', result_dir='rotation_study', checkpoint=None, resume=False, domain_attrs='Male', target_attrs='Blond_Hair', exp_name=None, batch_size=512, lr=0.0001, wd=2e-05, epochs=20, seed=2021, num_workers=8, arch='resnet18', evaluate=False, total_num=5000, test_num=1000, gv=60.0, gr=0.3, minor_ratio=0.2, add_aug='rotation')
======================================= Epoch 0 =======================================
================= Test Set =================
+++++++++++ Find New Best Min ACC +++++++++++
The acc is 0.4624, 0.4186, 0.5000
Time Consumption for one epoch is 21.23135256767273s
======================================= Epoch 1 =======================================
================= Test Set =================
+++++++++++ Find New Best Min ACC +++++++++++
The acc is 0.5376, 0.5814, 0.5000
Time Consumption for one epoch is 19.86590051651001s
======================================= Epoch 2 =======================================
================= Test Set =================
The acc is 0.5376, 0.5814, 0.5000
Time Consumption for one epoch is 21.01625657081604s
======================================= Epoch 3 =======================================
================= Test Set =================
The acc is 0.5376, 0.5814, 0.5000
Time Consumption for one epoch is 20.3791561126709s
======================================= Epoch 4 =======================================
================= Test Set =================
+++++++++++ Find New Best Min ACC +++++++++++
The acc is 0.7892, 0.7767, 0.8000
Time Consumption for one epoch is 21.25828742980957s
======================================= Epoch 5 =======================================
================= Test Set =================
+++++++++++ Find New Best Min ACC +++++++++++
The acc is 0.8527, 0.8279, 0.8740
Time Consumption for one epoch is 20.290421962738037s
======================================= Epoch 6 =======================================
================= Test Set =================
+++++++++++ Find New Best Min ACC +++++++++++
The acc is 0.8581, 0.8395, 0.8740
Time Consumption for one epoch is 20.49378776550293s
======================================= Epoch 7 =======================================
================= Test Set =================
+++++++++++ Find New Best Min ACC +++++++++++
The acc is 0.8699, 0.8465, 0.8900
Time Consumption for one epoch is 19.306841373443604s
======================================= Epoch 8 =======================================
================= Test Set =================
The acc is 0.8699, 0.8465, 0.8900
Time Consumption for one epoch is 20.096771240234375s
======================================= Epoch 9 =======================================
================= Test Set =================
The acc is 0.8699, 0.8465, 0.8900
Time Consumption for one epoch is 19.523330450057983s
======================================= Epoch 10 =======================================
================= Test Set =================
The acc is 0.8699, 0.8465, 0.8900
Time Consumption for one epoch is 20.23446536064148s
======================================= Epoch 11 =======================================
================= Test Set =================
The acc is 0.8699, 0.8465, 0.8900
Time Consumption for one epoch is 20.988478899002075s
======================================= Epoch 12 =======================================
================= Test Set =================
The acc is 0.8699, 0.8465, 0.8900
Time Consumption for one epoch is 19.266942739486694s
======================================= Epoch 13 =======================================
================= Test Set =================
+++++++++++ Find New Best Min ACC +++++++++++
The acc is 0.8753, 0.8558, 0.8920
Time Consumption for one epoch is 21.773386001586914s
======================================= Epoch 14 =======================================
================= Test Set =================
The acc is 0.8753, 0.8558, 0.8920
Time Consumption for one epoch is 22.261041402816772s
======================================= Epoch 15 =======================================
================= Test Set =================
The acc is 0.8753, 0.8558, 0.8920
Time Consumption for one epoch is 20.661574840545654s
======================================= Epoch 16 =======================================
================= Test Set =================
+++++++++++ Find New Best Min ACC +++++++++++
The acc is 0.8925, 0.8744, 0.9080
Time Consumption for one epoch is 20.203083276748657s
======================================= Epoch 17 =======================================
================= Test Set =================
+++++++++++ Find New Best Min ACC +++++++++++
The acc is 0.8968, 0.8791, 0.9120
Time Consumption for one epoch is 20.00620985031128s
======================================= Epoch 18 =======================================
================= Test Set =================
+++++++++++ Find New Best Min ACC +++++++++++
The acc is 0.8989, 0.8930, 0.9040
Time Consumption for one epoch is 21.144176483154297s
======================================= Epoch 19 =======================================
================= Test Set =================
The acc is 0.8989, 0.8930, 0.9040
Time Consumption for one epoch is 20.328782320022583s
The final acc is 0.8989, 0.8930, 0.9040
