Namespace(data_dir='/data/yihua/dataset/celeba/celeba.hdf5', result_dir='results', checkpoint=None, resume=False, domain_attrs='Male', target_attrs='Heavy_Makeup', exp_name=None, batch_size=512, lr=0.0001, wd=2e-05, epochs=20, seed=2021, num_workers=8, arch='resnet9', evaluate=False, gv=0.0001, gr=0.5)
======================================= Epoch 0 =======================================
================= Test Set =================
+++++++++++ Find New Best Min ACC +++++++++++
The acc is 0.5000, 0.5000, 0.5000
Time Consumption for one epoch is 10.449437141418457s
======================================= Epoch 1 =======================================
================= Test Set =================
The acc is 0.5000, 0.5000, 0.5000
Time Consumption for one epoch is 8.97205638885498s
======================================= Epoch 2 =======================================
================= Test Set =================
The acc is 0.5000, 0.5000, 0.5000
Time Consumption for one epoch is 7.442177057266235s
======================================= Epoch 3 =======================================
================= Test Set =================
The acc is 0.5000, 0.5000, 0.5000
Time Consumption for one epoch is 10.118175983428955s
======================================= Epoch 4 =======================================
================= Test Set =================
+++++++++++ Find New Best Min ACC +++++++++++
The acc is 0.5045, 0.5227, 0.5000
Time Consumption for one epoch is 8.805832862854004s
======================================= Epoch 5 =======================================
================= Test Set =================
The acc is 0.5045, 0.5227, 0.5000
Time Consumption for one epoch is 8.67935562133789s
======================================= Epoch 6 =======================================
================= Test Set =================
The acc is 0.5045, 0.5227, 0.5000
Time Consumption for one epoch is 9.495199203491211s
======================================= Epoch 7 =======================================
================= Test Set =================
The acc is 0.5045, 0.5227, 0.5000
Time Consumption for one epoch is 8.014187335968018s
======================================= Epoch 8 =======================================
================= Test Set =================
The acc is 0.5045, 0.5227, 0.5000
Time Consumption for one epoch is 9.000833511352539s
======================================= Epoch 9 =======================================
================= Test Set =================
+++++++++++ Find New Best Min ACC +++++++++++
The acc is 0.5318, 0.5000, 0.5398
Time Consumption for one epoch is 9.399025678634644s
======================================= Epoch 10 =======================================
================= Test Set =================
+++++++++++ Find New Best Min ACC +++++++++++
The acc is 0.6455, 0.5909, 0.6591
Time Consumption for one epoch is 8.665431261062622s
======================================= Epoch 11 =======================================
================= Test Set =================
+++++++++++ Find New Best Min ACC +++++++++++
The acc is 0.6636, 0.5227, 0.6989
Time Consumption for one epoch is 8.424475908279419s
======================================= Epoch 12 =======================================
================= Test Set =================
The acc is 0.6636, 0.5227, 0.6989
Time Consumption for one epoch is 9.50068712234497s
======================================= Epoch 13 =======================================
================= Test Set =================
The acc is 0.6636, 0.5227, 0.6989
Time Consumption for one epoch is 8.531015157699585s
======================================= Epoch 14 =======================================
================= Test Set =================
The acc is 0.6636, 0.5227, 0.6989
Time Consumption for one epoch is 8.652521848678589s
======================================= Epoch 15 =======================================
================= Test Set =================
The acc is 0.6636, 0.5227, 0.6989
Time Consumption for one epoch is 9.90021276473999s
======================================= Epoch 16 =======================================
================= Test Set =================
The acc is 0.6636, 0.5227, 0.6989
Time Consumption for one epoch is 9.052198648452759s
======================================= Epoch 17 =======================================
================= Test Set =================
The acc is 0.6636, 0.5227, 0.6989
Time Consumption for one epoch is 10.117828369140625s
======================================= Epoch 18 =======================================
================= Test Set =================
+++++++++++ Find New Best Min ACC +++++++++++
The acc is 0.6773, 0.6136, 0.6932
Time Consumption for one epoch is 8.910932779312134s
======================================= Epoch 19 =======================================
================= Test Set =================
The acc is 0.6773, 0.6136, 0.6932
Time Consumption for one epoch is 8.092194318771362s
The final acc is 0.6773, 0.6136, 0.6932
