Namespace(data_dir='/data/yihua/dataset/celeba/celeba.hdf5', result_dir='results', checkpoint=None, resume=False, domain_attrs='Male', target_attrs='Heavy_Makeup', exp_name=None, batch_size=512, lr=0.0001, wd=2e-05, epochs=20, seed=2022, num_workers=8, arch='resnet9', evaluate=False, gv=0.1, gr=0.3)
======================================= Epoch 0 =======================================
================= Test Set =================
+++++++++++ Find New Best Min ACC +++++++++++
The acc is 0.5000, 0.5000, 0.5000
Time Consumption for one epoch is 10.330304384231567s
======================================= Epoch 1 =======================================
================= Test Set =================
The acc is 0.5000, 0.5000, 0.5000
Time Consumption for one epoch is 8.508164644241333s
======================================= Epoch 2 =======================================
================= Test Set =================
+++++++++++ Find New Best Min ACC +++++++++++
The acc is 0.5273, 0.5000, 0.5341
Time Consumption for one epoch is 9.355667114257812s
======================================= Epoch 3 =======================================
================= Test Set =================
The acc is 0.5273, 0.5000, 0.5341
Time Consumption for one epoch is 9.578272104263306s
======================================= Epoch 4 =======================================
================= Test Set =================
The acc is 0.5273, 0.5000, 0.5341
Time Consumption for one epoch is 8.717997550964355s
======================================= Epoch 5 =======================================
================= Test Set =================
The acc is 0.5273, 0.5000, 0.5341
Time Consumption for one epoch is 9.428045988082886s
======================================= Epoch 6 =======================================
================= Test Set =================
The acc is 0.5273, 0.5000, 0.5341
Time Consumption for one epoch is 8.284327983856201s
======================================= Epoch 7 =======================================
================= Test Set =================
+++++++++++ Find New Best Min ACC +++++++++++
The acc is 0.5727, 0.5227, 0.5852
Time Consumption for one epoch is 9.676370620727539s
======================================= Epoch 8 =======================================
================= Test Set =================
+++++++++++ Find New Best Min ACC +++++++++++
The acc is 0.6273, 0.6136, 0.6307
Time Consumption for one epoch is 9.920268297195435s
======================================= Epoch 9 =======================================
================= Test Set =================
The acc is 0.6273, 0.6136, 0.6307
Time Consumption for one epoch is 8.665138483047485s
======================================= Epoch 10 =======================================
================= Test Set =================
+++++++++++ Find New Best Min ACC +++++++++++
The acc is 0.6318, 0.5000, 0.6648
Time Consumption for one epoch is 9.742020606994629s
======================================= Epoch 11 =======================================
================= Test Set =================
+++++++++++ Find New Best Min ACC +++++++++++
The acc is 0.6364, 0.5682, 0.6534
Time Consumption for one epoch is 9.140140533447266s
======================================= Epoch 12 =======================================
================= Test Set =================
+++++++++++ Find New Best Min ACC +++++++++++
The acc is 0.6545, 0.6136, 0.6648
Time Consumption for one epoch is 8.511270761489868s
======================================= Epoch 13 =======================================
================= Test Set =================
+++++++++++ Find New Best Min ACC +++++++++++
The acc is 0.6682, 0.6136, 0.6818
Time Consumption for one epoch is 9.751084089279175s
======================================= Epoch 14 =======================================
================= Test Set =================
+++++++++++ Find New Best Min ACC +++++++++++
The acc is 0.6909, 0.6136, 0.7102
Time Consumption for one epoch is 8.953816890716553s
======================================= Epoch 15 =======================================
================= Test Set =================
The acc is 0.6909, 0.6136, 0.7102
Time Consumption for one epoch is 9.007718563079834s
======================================= Epoch 16 =======================================
================= Test Set =================
The acc is 0.6909, 0.6136, 0.7102
Time Consumption for one epoch is 8.205853939056396s
======================================= Epoch 17 =======================================
================= Test Set =================
The acc is 0.6909, 0.6136, 0.7102
Time Consumption for one epoch is 8.53568172454834s
======================================= Epoch 18 =======================================
================= Test Set =================
The acc is 0.6909, 0.6136, 0.7102
Time Consumption for one epoch is 8.585584163665771s
======================================= Epoch 19 =======================================
================= Test Set =================
The acc is 0.6909, 0.6136, 0.7102
Time Consumption for one epoch is 9.322591781616211s
The final acc is 0.6909, 0.6136, 0.7102
