Namespace(data_dir='/data/yihua/dataset/celeba/celeba.hdf5', result_dir='results', checkpoint=None, resume=False, domain_attrs='Male', target_attrs='Blond_Hair', exp_name=None, batch_size=512, lr=0.0001, wd=2e-05, epochs=20, seed=2022, num_workers=8, arch='resnet9', evaluate=False, gv=0.001, gr=0.5)
======================================= Epoch 0 =======================================
================= Test Set =================
+++++++++++ Find New Best Min ACC +++++++++++
The acc is 0.5039, 0.5000, 0.5049
Time Consumption for one epoch is 28.237309217453003s
======================================= Epoch 1 =======================================
================= Test Set =================
+++++++++++ Find New Best Min ACC +++++++++++
The acc is 0.8872, 0.8583, 0.8944
Time Consumption for one epoch is 24.7702796459198s
======================================= Epoch 2 =======================================
================= Test Set =================
+++++++++++ Find New Best Min ACC +++++++++++
The acc is 0.8978, 0.8583, 0.9076
Time Consumption for one epoch is 26.282037496566772s
======================================= Epoch 3 =======================================
================= Test Set =================
+++++++++++ Find New Best Min ACC +++++++++++
The acc is 0.8983, 0.8750, 0.9042
Time Consumption for one epoch is 25.260891675949097s
======================================= Epoch 4 =======================================
================= Test Set =================
The acc is 0.8983, 0.8750, 0.9042
Time Consumption for one epoch is 24.562592029571533s
======================================= Epoch 5 =======================================
================= Test Set =================
+++++++++++ Find New Best Min ACC +++++++++++
The acc is 0.9111, 0.9056, 0.9125
Time Consumption for one epoch is 25.662727117538452s
======================================= Epoch 6 =======================================
================= Test Set =================
+++++++++++ Find New Best Min ACC +++++++++++
The acc is 0.9117, 0.8972, 0.9153
Time Consumption for one epoch is 25.608940601348877s
======================================= Epoch 7 =======================================
================= Test Set =================
The acc is 0.9117, 0.8972, 0.9153
Time Consumption for one epoch is 26.16441512107849s
======================================= Epoch 8 =======================================
================= Test Set =================
+++++++++++ Find New Best Min ACC +++++++++++
The acc is 0.9139, 0.8944, 0.9187
Time Consumption for one epoch is 26.16288948059082s
======================================= Epoch 9 =======================================
================= Test Set =================
+++++++++++ Find New Best Min ACC +++++++++++
The acc is 0.9222, 0.9111, 0.9250
Time Consumption for one epoch is 24.10163903236389s
======================================= Epoch 10 =======================================
================= Test Set =================
The acc is 0.9222, 0.9111, 0.9250
Time Consumption for one epoch is 26.11153244972229s
======================================= Epoch 11 =======================================
================= Test Set =================
The acc is 0.9222, 0.9111, 0.9250
Time Consumption for one epoch is 26.103976488113403s
======================================= Epoch 12 =======================================
================= Test Set =================
The acc is 0.9222, 0.9111, 0.9250
Time Consumption for one epoch is 27.199576377868652s
======================================= Epoch 13 =======================================
================= Test Set =================
The acc is 0.9222, 0.9111, 0.9250
Time Consumption for one epoch is 26.258501768112183s
======================================= Epoch 14 =======================================
================= Test Set =================
The acc is 0.9222, 0.9111, 0.9250
Time Consumption for one epoch is 25.904026985168457s
======================================= Epoch 15 =======================================
================= Test Set =================
The acc is 0.9222, 0.9111, 0.9250
Time Consumption for one epoch is 25.282909154891968s
======================================= Epoch 16 =======================================
================= Test Set =================
The acc is 0.9222, 0.9111, 0.9250
Time Consumption for one epoch is 26.599082946777344s
======================================= Epoch 17 =======================================
================= Test Set =================
The acc is 0.9222, 0.9111, 0.9250
Time Consumption for one epoch is 24.89245343208313s
======================================= Epoch 18 =======================================
================= Test Set =================
The acc is 0.9222, 0.9111, 0.9250
Time Consumption for one epoch is 25.65318465232849s
======================================= Epoch 19 =======================================
================= Test Set =================
The acc is 0.9222, 0.9111, 0.9250
Time Consumption for one epoch is 26.781115293502808s
The final acc is 0.9222, 0.9111, 0.9250
