Namespace(data_dir='/data/yihua/dataset/celeba/celeba.hdf5', result_dir='results', checkpoint=None, resume=False, domain_attrs='Male', target_attrs='High_Cheekbones', exp_name=None, batch_size=512, lr=0.0001, wd=2e-05, epochs=20, seed=2022, num_workers=8, arch='resnet9', evaluate=False, gv=0.25, gr=0.1)
======================================= Epoch 0 =======================================
================= Test Set =================
+++++++++++ Find New Best Min ACC +++++++++++
The acc is 0.7849, 0.7602, 0.7910
Time Consumption for one epoch is 132.2290539741516s
======================================= Epoch 1 =======================================
================= Test Set =================
+++++++++++ Find New Best Min ACC +++++++++++
The acc is 0.8449, 0.7995, 0.8563
Time Consumption for one epoch is 130.28527355194092s
======================================= Epoch 2 =======================================
================= Test Set =================
+++++++++++ Find New Best Min ACC +++++++++++
The acc is 0.8561, 0.8184, 0.8655
Time Consumption for one epoch is 128.57875156402588s
======================================= Epoch 3 =======================================
================= Test Set =================
The acc is 0.8561, 0.8184, 0.8655
Time Consumption for one epoch is 129.90043950080872s
======================================= Epoch 4 =======================================
================= Test Set =================
+++++++++++ Find New Best Min ACC +++++++++++
The acc is 0.8573, 0.8176, 0.8672
Time Consumption for one epoch is 129.26393699645996s
======================================= Epoch 5 =======================================
================= Test Set =================
+++++++++++ Find New Best Min ACC +++++++++++
The acc is 0.8685, 0.8296, 0.8782
Time Consumption for one epoch is 129.9582314491272s
======================================= Epoch 6 =======================================
================= Test Set =================
The acc is 0.8685, 0.8296, 0.8782
Time Consumption for one epoch is 128.24880862236023s
======================================= Epoch 7 =======================================
================= Test Set =================
+++++++++++ Find New Best Min ACC +++++++++++
The acc is 0.8736, 0.8308, 0.8843
Time Consumption for one epoch is 130.6146423816681s
======================================= Epoch 8 =======================================
================= Test Set =================
The acc is 0.8736, 0.8308, 0.8843
Time Consumption for one epoch is 130.85860347747803s
======================================= Epoch 9 =======================================
================= Test Set =================
The acc is 0.8736, 0.8308, 0.8843
Time Consumption for one epoch is 130.26562523841858s
======================================= Epoch 10 =======================================
================= Test Set =================
The acc is 0.8736, 0.8308, 0.8843
Time Consumption for one epoch is 130.9377143383026s
======================================= Epoch 11 =======================================
================= Test Set =================
The acc is 0.8736, 0.8308, 0.8843
Time Consumption for one epoch is 129.60949659347534s
======================================= Epoch 12 =======================================
================= Test Set =================
The acc is 0.8736, 0.8308, 0.8843
Time Consumption for one epoch is 128.6236264705658s
======================================= Epoch 13 =======================================
================= Test Set =================
The acc is 0.8736, 0.8308, 0.8843
Time Consumption for one epoch is 129.6708960533142s
======================================= Epoch 14 =======================================
================= Test Set =================
The acc is 0.8736, 0.8308, 0.8843
Time Consumption for one epoch is 128.7797622680664s
======================================= Epoch 15 =======================================
================= Test Set =================
The acc is 0.8736, 0.8308, 0.8843
Time Consumption for one epoch is 129.97631335258484s
======================================= Epoch 16 =======================================
================= Test Set =================
+++++++++++ Find New Best Min ACC +++++++++++
The acc is 0.8790, 0.8376, 0.8894
Time Consumption for one epoch is 128.60452699661255s
======================================= Epoch 17 =======================================
================= Test Set =================
+++++++++++ Find New Best Min ACC +++++++++++
The acc is 0.8805, 0.8376, 0.8913
Time Consumption for one epoch is 130.0325357913971s
======================================= Epoch 18 =======================================
================= Test Set =================
The acc is 0.8805, 0.8376, 0.8913
Time Consumption for one epoch is 129.63338708877563s
======================================= Epoch 19 =======================================
================= Test Set =================
+++++++++++ Find New Best Min ACC +++++++++++
The acc is 0.8806, 0.8368, 0.8916
Time Consumption for one epoch is 128.5251133441925s
The final acc is 0.8806, 0.8368, 0.8916
