Namespace(data_dir='/data/yihua/dataset/celeba/celeba.hdf5', result_dir='results', checkpoint=None, resume=False, domain_attrs='Male', target_attrs='Blond_Hair', exp_name=None, batch_size=512, lr=0.0001, wd=2e-05, epochs=20, seed=2021, num_workers=8, arch='resnet9', evaluate=False, gv=0.001, gr=0.5)
======================================= Epoch 0 =======================================
================= Test Set =================
+++++++++++ Find New Best Min ACC +++++++++++
The acc is 0.6639, 0.6222, 0.6743
Time Consumption for one epoch is 26.893189668655396s
======================================= Epoch 1 =======================================
================= Test Set =================
+++++++++++ Find New Best Min ACC +++++++++++
The acc is 0.8833, 0.8639, 0.8882
Time Consumption for one epoch is 26.080750703811646s
======================================= Epoch 2 =======================================
================= Test Set =================
+++++++++++ Find New Best Min ACC +++++++++++
The acc is 0.8856, 0.8361, 0.8979
Time Consumption for one epoch is 25.199759483337402s
======================================= Epoch 3 =======================================
================= Test Set =================
The acc is 0.8856, 0.8361, 0.8979
Time Consumption for one epoch is 25.663942098617554s
======================================= Epoch 4 =======================================
================= Test Set =================
+++++++++++ Find New Best Min ACC +++++++++++
The acc is 0.9039, 0.8889, 0.9076
Time Consumption for one epoch is 26.179473161697388s
======================================= Epoch 5 =======================================
================= Test Set =================
The acc is 0.9039, 0.8889, 0.9076
Time Consumption for one epoch is 25.499001264572144s
======================================= Epoch 6 =======================================
================= Test Set =================
The acc is 0.9039, 0.8889, 0.9076
Time Consumption for one epoch is 24.755191564559937s
======================================= Epoch 7 =======================================
================= Test Set =================
+++++++++++ Find New Best Min ACC +++++++++++
The acc is 0.9100, 0.8806, 0.9174
Time Consumption for one epoch is 24.517767190933228s
======================================= Epoch 8 =======================================
================= Test Set =================
The acc is 0.9100, 0.8806, 0.9174
Time Consumption for one epoch is 24.70421600341797s
======================================= Epoch 9 =======================================
================= Test Set =================
The acc is 0.9100, 0.8806, 0.9174
Time Consumption for one epoch is 24.64467692375183s
======================================= Epoch 10 =======================================
================= Test Set =================
+++++++++++ Find New Best Min ACC +++++++++++
The acc is 0.9206, 0.9111, 0.9229
Time Consumption for one epoch is 25.774237394332886s
======================================= Epoch 11 =======================================
================= Test Set =================
The acc is 0.9206, 0.9111, 0.9229
Time Consumption for one epoch is 25.060758352279663s
======================================= Epoch 12 =======================================
================= Test Set =================
The acc is 0.9206, 0.9111, 0.9229
Time Consumption for one epoch is 24.855377674102783s
======================================= Epoch 13 =======================================
================= Test Set =================
The acc is 0.9206, 0.9111, 0.9229
Time Consumption for one epoch is 25.952986478805542s
======================================= Epoch 14 =======================================
================= Test Set =================
The acc is 0.9206, 0.9111, 0.9229
Time Consumption for one epoch is 25.52445125579834s
======================================= Epoch 15 =======================================
================= Test Set =================
The acc is 0.9206, 0.9111, 0.9229
Time Consumption for one epoch is 25.527068853378296s
======================================= Epoch 16 =======================================
================= Test Set =================
The acc is 0.9206, 0.9111, 0.9229
Time Consumption for one epoch is 25.277755975723267s
======================================= Epoch 17 =======================================
================= Test Set =================
+++++++++++ Find New Best Min ACC +++++++++++
The acc is 0.9211, 0.9028, 0.9257
Time Consumption for one epoch is 25.938483953475952s
======================================= Epoch 18 =======================================
================= Test Set =================
+++++++++++ Find New Best Min ACC +++++++++++
The acc is 0.9222, 0.8972, 0.9285
Time Consumption for one epoch is 26.25412392616272s
======================================= Epoch 19 =======================================
================= Test Set =================
The acc is 0.9222, 0.8972, 0.9285
Time Consumption for one epoch is 24.396960973739624s
The final acc is 0.9222, 0.8972, 0.9285
