Namespace(data_dir='/data/yihua/dataset/celeba/celeba.hdf5', result_dir='crop_study', checkpoint=None, resume=False, domain_attrs='Male', target_attrs='Blond_Hair', exp_name=None, batch_size=512, lr=0.0001, wd=2e-05, epochs=20, seed=2022, num_workers=8, arch='resnet9', evaluate=False, total_num=5000, test_num=1000, gv=220.0, gr=0.1, minor_ratio=0.2, add_aug='crop')
======================================= Epoch 0 =======================================
================= Test Set =================
+++++++++++ Find New Best Min ACC +++++++++++
The acc is 0.4624, 0.4186, 0.5000
Time Consumption for one epoch is 15.809468746185303s
======================================= Epoch 1 =======================================
================= Test Set =================
The acc is 0.4624, 0.4186, 0.5000
Time Consumption for one epoch is 14.482703685760498s
======================================= Epoch 2 =======================================
================= Test Set =================
+++++++++++ Find New Best Min ACC +++++++++++
The acc is 0.5075, 0.4395, 0.5660
Time Consumption for one epoch is 14.041191339492798s
======================================= Epoch 3 =======================================
================= Test Set =================
+++++++++++ Find New Best Min ACC +++++++++++
The acc is 0.7624, 0.7302, 0.7900
Time Consumption for one epoch is 14.48854374885559s
======================================= Epoch 4 =======================================
================= Test Set =================
+++++++++++ Find New Best Min ACC +++++++++++
The acc is 0.8032, 0.7791, 0.8240
Time Consumption for one epoch is 14.354520559310913s
======================================= Epoch 5 =======================================
================= Test Set =================
+++++++++++ Find New Best Min ACC +++++++++++
The acc is 0.8591, 0.8465, 0.8700
Time Consumption for one epoch is 14.610844373703003s
======================================= Epoch 6 =======================================
================= Test Set =================
+++++++++++ Find New Best Min ACC +++++++++++
The acc is 0.8871, 0.8744, 0.8980
Time Consumption for one epoch is 14.629896640777588s
======================================= Epoch 7 =======================================
================= Test Set =================
The acc is 0.8871, 0.8744, 0.8980
Time Consumption for one epoch is 14.529965877532959s
======================================= Epoch 8 =======================================
================= Test Set =================
The acc is 0.8871, 0.8744, 0.8980
Time Consumption for one epoch is 14.467269897460938s
======================================= Epoch 9 =======================================
================= Test Set =================
The acc is 0.8871, 0.8744, 0.8980
Time Consumption for one epoch is 14.238653421401978s
======================================= Epoch 10 =======================================
================= Test Set =================
The acc is 0.8871, 0.8744, 0.8980
Time Consumption for one epoch is 13.827385187149048s
======================================= Epoch 11 =======================================
================= Test Set =================
The acc is 0.8871, 0.8744, 0.8980
Time Consumption for one epoch is 14.150662899017334s
======================================= Epoch 12 =======================================
================= Test Set =================
+++++++++++ Find New Best Min ACC +++++++++++
The acc is 0.8882, 0.8744, 0.9000
Time Consumption for one epoch is 14.061854839324951s
======================================= Epoch 13 =======================================
================= Test Set =================
+++++++++++ Find New Best Min ACC +++++++++++
The acc is 0.8946, 0.8767, 0.9100
Time Consumption for one epoch is 14.304265260696411s
======================================= Epoch 14 =======================================
================= Test Set =================
The acc is 0.8946, 0.8767, 0.9100
Time Consumption for one epoch is 13.772879838943481s
======================================= Epoch 15 =======================================
================= Test Set =================
The acc is 0.8946, 0.8767, 0.9100
Time Consumption for one epoch is 14.215346097946167s
======================================= Epoch 16 =======================================
================= Test Set =================
The acc is 0.8946, 0.8767, 0.9100
Time Consumption for one epoch is 13.945889472961426s
======================================= Epoch 17 =======================================
================= Test Set =================
+++++++++++ Find New Best Min ACC +++++++++++
The acc is 0.8989, 0.8907, 0.9060
Time Consumption for one epoch is 15.160463333129883s
======================================= Epoch 18 =======================================
================= Test Set =================
+++++++++++ Find New Best Min ACC +++++++++++
The acc is 0.9000, 0.8860, 0.9120
Time Consumption for one epoch is 14.416230916976929s
======================================= Epoch 19 =======================================
================= Test Set =================
+++++++++++ Find New Best Min ACC +++++++++++
The acc is 0.9011, 0.8860, 0.9140
Time Consumption for one epoch is 14.463165283203125s
The final acc is 0.9011, 0.8860, 0.9140
