Namespace(data_dir='/data/yihua/dataset/celeba/celeba.hdf5', result_dir='rotation_study', checkpoint=None, resume=False, domain_attrs='Male', target_attrs='Blond_Hair', exp_name=None, batch_size=512, lr=0.0001, wd=2e-05, epochs=20, seed=2022, num_workers=8, arch='resnet18', evaluate=False, total_num=5000, test_num=1000, gv=120.0, gr=0.1, minor_ratio=0.2, add_aug='rotation')
======================================= Epoch 0 =======================================
================= Test Set =================
+++++++++++ Find New Best Min ACC +++++++++++
The acc is 0.4645, 0.4186, 0.5040
Time Consumption for one epoch is 23.517741203308105s
======================================= Epoch 1 =======================================
================= Test Set =================
+++++++++++ Find New Best Min ACC +++++++++++
The acc is 0.5376, 0.5814, 0.5000
Time Consumption for one epoch is 20.433810234069824s
======================================= Epoch 2 =======================================
================= Test Set =================
The acc is 0.5376, 0.5814, 0.5000
Time Consumption for one epoch is 18.42814564704895s
======================================= Epoch 3 =======================================
================= Test Set =================
+++++++++++ Find New Best Min ACC +++++++++++
The acc is 0.5462, 0.5419, 0.5500
Time Consumption for one epoch is 19.826852798461914s
======================================= Epoch 4 =======================================
================= Test Set =================
The acc is 0.5462, 0.5419, 0.5500
Time Consumption for one epoch is 19.346329927444458s
======================================= Epoch 5 =======================================
================= Test Set =================
+++++++++++ Find New Best Min ACC +++++++++++
The acc is 0.8086, 0.7791, 0.8340
Time Consumption for one epoch is 20.432317972183228s
======================================= Epoch 6 =======================================
================= Test Set =================
+++++++++++ Find New Best Min ACC +++++++++++
The acc is 0.8409, 0.7953, 0.8800
Time Consumption for one epoch is 21.520358085632324s
======================================= Epoch 7 =======================================
================= Test Set =================
The acc is 0.8409, 0.7953, 0.8800
Time Consumption for one epoch is 20.49986219406128s
======================================= Epoch 8 =======================================
================= Test Set =================
The acc is 0.8409, 0.7953, 0.8800
Time Consumption for one epoch is 20.869145393371582s
======================================= Epoch 9 =======================================
================= Test Set =================
The acc is 0.8409, 0.7953, 0.8800
Time Consumption for one epoch is 19.842153787612915s
======================================= Epoch 10 =======================================
================= Test Set =================
+++++++++++ Find New Best Min ACC +++++++++++
The acc is 0.8892, 0.8651, 0.9100
Time Consumption for one epoch is 19.362969160079956s
======================================= Epoch 11 =======================================
================= Test Set =================
The acc is 0.8892, 0.8651, 0.9100
Time Consumption for one epoch is 19.089600086212158s
======================================= Epoch 12 =======================================
================= Test Set =================
The acc is 0.8892, 0.8651, 0.9100
Time Consumption for one epoch is 19.812684535980225s
======================================= Epoch 13 =======================================
================= Test Set =================
The acc is 0.8892, 0.8651, 0.9100
Time Consumption for one epoch is 19.94657301902771s
======================================= Epoch 14 =======================================
================= Test Set =================
The acc is 0.8892, 0.8651, 0.9100
Time Consumption for one epoch is 18.676447868347168s
======================================= Epoch 15 =======================================
================= Test Set =================
The acc is 0.8892, 0.8651, 0.9100
Time Consumption for one epoch is 20.334423780441284s
======================================= Epoch 16 =======================================
================= Test Set =================
+++++++++++ Find New Best Min ACC +++++++++++
The acc is 0.8903, 0.8814, 0.8980
Time Consumption for one epoch is 18.45511531829834s
======================================= Epoch 17 =======================================
================= Test Set =================
+++++++++++ Find New Best Min ACC +++++++++++
The acc is 0.8925, 0.8860, 0.8980
Time Consumption for one epoch is 20.026180267333984s
======================================= Epoch 18 =======================================
================= Test Set =================
+++++++++++ Find New Best Min ACC +++++++++++
The acc is 0.8935, 0.8884, 0.8980
Time Consumption for one epoch is 20.495788097381592s
======================================= Epoch 19 =======================================
================= Test Set =================
+++++++++++ Find New Best Min ACC +++++++++++
The acc is 0.8957, 0.8907, 0.9000
Time Consumption for one epoch is 19.942184448242188s
The final acc is 0.8957, 0.8907, 0.9000
