Namespace(data_dir='/data/yihua/dataset/celeba/celeba.hdf5', result_dir='results', checkpoint=None, resume=False, domain_attrs='Male', target_attrs='Heavy_Makeup', exp_name=None, batch_size=512, lr=0.0001, wd=2e-05, epochs=20, seed=2020, num_workers=8, arch='resnet9', evaluate=False, gv=0.0001, gr=0.3)
======================================= Epoch 0 =======================================
================= Test Set =================
+++++++++++ Find New Best Min ACC +++++++++++
The acc is 0.5000, 0.5000, 0.5000
Time Consumption for one epoch is 8.228561401367188s
======================================= Epoch 1 =======================================
================= Test Set =================
The acc is 0.5000, 0.5000, 0.5000
Time Consumption for one epoch is 8.266757011413574s
======================================= Epoch 2 =======================================
================= Test Set =================
The acc is 0.5000, 0.5000, 0.5000
Time Consumption for one epoch is 9.139283657073975s
======================================= Epoch 3 =======================================
================= Test Set =================
The acc is 0.5000, 0.5000, 0.5000
Time Consumption for one epoch is 8.793833494186401s
======================================= Epoch 4 =======================================
================= Test Set =================
+++++++++++ Find New Best Min ACC +++++++++++
The acc is 0.5045, 0.5227, 0.5000
Time Consumption for one epoch is 8.058645963668823s
======================================= Epoch 5 =======================================
================= Test Set =================
The acc is 0.5045, 0.5227, 0.5000
Time Consumption for one epoch is 8.893239736557007s
======================================= Epoch 6 =======================================
================= Test Set =================
The acc is 0.5045, 0.5227, 0.5000
Time Consumption for one epoch is 8.682666063308716s
======================================= Epoch 7 =======================================
================= Test Set =================
+++++++++++ Find New Best Min ACC +++++++++++
The acc is 0.5182, 0.5000, 0.5227
Time Consumption for one epoch is 7.892511606216431s
======================================= Epoch 8 =======================================
================= Test Set =================
+++++++++++ Find New Best Min ACC +++++++++++
The acc is 0.6091, 0.5455, 0.6250
Time Consumption for one epoch is 10.247198343276978s
======================================= Epoch 9 =======================================
================= Test Set =================
+++++++++++ Find New Best Min ACC +++++++++++
The acc is 0.6409, 0.5682, 0.6591
Time Consumption for one epoch is 9.511284828186035s
======================================= Epoch 10 =======================================
================= Test Set =================
The acc is 0.6409, 0.5682, 0.6591
Time Consumption for one epoch is 7.374644756317139s
======================================= Epoch 11 =======================================
================= Test Set =================
+++++++++++ Find New Best Min ACC +++++++++++
The acc is 0.6455, 0.5909, 0.6591
Time Consumption for one epoch is 10.67927098274231s
======================================= Epoch 12 =======================================
================= Test Set =================
+++++++++++ Find New Best Min ACC +++++++++++
The acc is 0.6864, 0.7045, 0.6818
Time Consumption for one epoch is 8.704585313796997s
======================================= Epoch 13 =======================================
================= Test Set =================
The acc is 0.6864, 0.7045, 0.6818
Time Consumption for one epoch is 8.924587726593018s
======================================= Epoch 14 =======================================
================= Test Set =================
+++++++++++ Find New Best Min ACC +++++++++++
The acc is 0.7091, 0.6591, 0.7216
Time Consumption for one epoch is 9.074413537979126s
======================================= Epoch 15 =======================================
================= Test Set =================
The acc is 0.7091, 0.6591, 0.7216
Time Consumption for one epoch is 7.4336771965026855s
======================================= Epoch 16 =======================================
================= Test Set =================
The acc is 0.7091, 0.6591, 0.7216
Time Consumption for one epoch is 8.968403577804565s
======================================= Epoch 17 =======================================
================= Test Set =================
The acc is 0.7091, 0.6591, 0.7216
Time Consumption for one epoch is 8.71900725364685s
======================================= Epoch 18 =======================================
================= Test Set =================
The acc is 0.7091, 0.6591, 0.7216
Time Consumption for one epoch is 8.045098304748535s
======================================= Epoch 19 =======================================
================= Test Set =================
The acc is 0.7091, 0.6591, 0.7216
Time Consumption for one epoch is 10.096607208251953s
The final acc is 0.7091, 0.6591, 0.7216
