Namespace(data_dir='/data/yihua/dataset/celeba/celeba.hdf5', result_dir='rotation_study', checkpoint=None, resume=False, domain_attrs='Male', target_attrs='Blond_Hair', exp_name=None, batch_size=512, lr=0.0001, wd=2e-05, epochs=20, seed=2021, num_workers=8, arch='resnet18', evaluate=False, total_num=5000, test_num=1000, gv=180.0, gr=0.1, minor_ratio=0.2, add_aug='rotation')
======================================= Epoch 0 =======================================
================= Test Set =================
+++++++++++ Find New Best Min ACC +++++++++++
The acc is 0.4720, 0.4279, 0.5100
Time Consumption for one epoch is 22.690696001052856s
======================================= Epoch 1 =======================================
================= Test Set =================
+++++++++++ Find New Best Min ACC +++++++++++
The acc is 0.5376, 0.5814, 0.5000
Time Consumption for one epoch is 21.522041082382202s
======================================= Epoch 2 =======================================
================= Test Set =================
The acc is 0.5376, 0.5814, 0.5000
Time Consumption for one epoch is 18.67174506187439s
======================================= Epoch 3 =======================================
================= Test Set =================
The acc is 0.5376, 0.5814, 0.5000
Time Consumption for one epoch is 20.816245555877686s
======================================= Epoch 4 =======================================
================= Test Set =================
+++++++++++ Find New Best Min ACC +++++++++++
The acc is 0.5925, 0.6302, 0.5600
Time Consumption for one epoch is 20.28408670425415s
======================================= Epoch 5 =======================================
================= Test Set =================
+++++++++++ Find New Best Min ACC +++++++++++
The acc is 0.6753, 0.6814, 0.6700
Time Consumption for one epoch is 19.900904417037964s
======================================= Epoch 6 =======================================
================= Test Set =================
+++++++++++ Find New Best Min ACC +++++++++++
The acc is 0.8634, 0.8326, 0.8900
Time Consumption for one epoch is 20.28422260284424s
======================================= Epoch 7 =======================================
================= Test Set =================
+++++++++++ Find New Best Min ACC +++++++++++
The acc is 0.8828, 0.8628, 0.9000
Time Consumption for one epoch is 19.088616371154785s
======================================= Epoch 8 =======================================
================= Test Set =================
The acc is 0.8828, 0.8628, 0.9000
Time Consumption for one epoch is 20.541746616363525s
======================================= Epoch 9 =======================================
================= Test Set =================
The acc is 0.8828, 0.8628, 0.9000
Time Consumption for one epoch is 19.28504729270935s
======================================= Epoch 10 =======================================
================= Test Set =================
The acc is 0.8828, 0.8628, 0.9000
Time Consumption for one epoch is 18.718152284622192s
======================================= Epoch 11 =======================================
================= Test Set =================
The acc is 0.8828, 0.8628, 0.9000
Time Consumption for one epoch is 20.099847555160522s
======================================= Epoch 12 =======================================
================= Test Set =================
The acc is 0.8828, 0.8628, 0.9000
Time Consumption for one epoch is 20.92515778541565s
======================================= Epoch 13 =======================================
================= Test Set =================
The acc is 0.8828, 0.8628, 0.9000
Time Consumption for one epoch is 19.730751037597656s
======================================= Epoch 14 =======================================
================= Test Set =================
+++++++++++ Find New Best Min ACC +++++++++++
The acc is 0.8914, 0.8698, 0.9100
Time Consumption for one epoch is 19.35821008682251s
======================================= Epoch 15 =======================================
================= Test Set =================
The acc is 0.8914, 0.8698, 0.9100
Time Consumption for one epoch is 19.286001205444336s
======================================= Epoch 16 =======================================
================= Test Set =================
The acc is 0.8914, 0.8698, 0.9100
Time Consumption for one epoch is 18.660958290100098s
======================================= Epoch 17 =======================================
================= Test Set =================
The acc is 0.8914, 0.8698, 0.9100
Time Consumption for one epoch is 19.01412057876587s
======================================= Epoch 18 =======================================
================= Test Set =================
+++++++++++ Find New Best Min ACC +++++++++++
The acc is 0.8957, 0.8814, 0.9080
Time Consumption for one epoch is 20.70232629776001s
======================================= Epoch 19 =======================================
================= Test Set =================
The acc is 0.8957, 0.8814, 0.9080
Time Consumption for one epoch is 19.6122465133667s
The final acc is 0.8957, 0.8814, 0.9080
