Namespace(data_dir='/data/yihua/dataset/celeba/celeba.hdf5', result_dir='crop_study', checkpoint=None, resume=False, domain_attrs='Male', target_attrs='Blond_Hair', exp_name=None, batch_size=512, lr=0.0001, wd=2e-05, epochs=20, seed=2020, num_workers=8, arch='resnet9', evaluate=False, total_num=5000, test_num=1000, gv=220.0, gr=0.1, minor_ratio=0.2, add_aug='crop')
======================================= Epoch 0 =======================================
================= Test Set =================
+++++++++++ Find New Best Min ACC +++++++++++
The acc is 0.4624, 0.4186, 0.5000
Time Consumption for one epoch is 16.673113346099854s
======================================= Epoch 1 =======================================
================= Test Set =================
+++++++++++ Find New Best Min ACC +++++++++++
The acc is 0.5075, 0.4442, 0.5620
Time Consumption for one epoch is 14.879282712936401s
======================================= Epoch 2 =======================================
================= Test Set =================
+++++++++++ Find New Best Min ACC +++++++++++
The acc is 0.6280, 0.6442, 0.6140
Time Consumption for one epoch is 14.374193668365479s
======================================= Epoch 3 =======================================
================= Test Set =================
+++++++++++ Find New Best Min ACC +++++++++++
The acc is 0.8086, 0.7860, 0.8280
Time Consumption for one epoch is 15.003700494766235s
======================================= Epoch 4 =======================================
================= Test Set =================
+++++++++++ Find New Best Min ACC +++++++++++
The acc is 0.8301, 0.8000, 0.8560
Time Consumption for one epoch is 14.35912799835205s
======================================= Epoch 5 =======================================
================= Test Set =================
+++++++++++ Find New Best Min ACC +++++++++++
The acc is 0.8495, 0.8163, 0.8780
Time Consumption for one epoch is 14.193333625793457s
======================================= Epoch 6 =======================================
================= Test Set =================
+++++++++++ Find New Best Min ACC +++++++++++
The acc is 0.8774, 0.8535, 0.8980
Time Consumption for one epoch is 14.750595331192017s
======================================= Epoch 7 =======================================
================= Test Set =================
The acc is 0.8774, 0.8535, 0.8980
Time Consumption for one epoch is 14.600075721740723s
======================================= Epoch 8 =======================================
================= Test Set =================
+++++++++++ Find New Best Min ACC +++++++++++
The acc is 0.8839, 0.8674, 0.8980
Time Consumption for one epoch is 14.568236112594604s
======================================= Epoch 9 =======================================
================= Test Set =================
+++++++++++ Find New Best Min ACC +++++++++++
The acc is 0.8903, 0.8744, 0.9040
Time Consumption for one epoch is 15.220762491226196s
======================================= Epoch 10 =======================================
================= Test Set =================
+++++++++++ Find New Best Min ACC +++++++++++
The acc is 0.8925, 0.8674, 0.9140
Time Consumption for one epoch is 15.265856266021729s
======================================= Epoch 11 =======================================
================= Test Set =================
+++++++++++ Find New Best Min ACC +++++++++++
The acc is 0.8935, 0.8744, 0.9100
Time Consumption for one epoch is 14.966501951217651s
======================================= Epoch 12 =======================================
================= Test Set =================
The acc is 0.8935, 0.8744, 0.9100
Time Consumption for one epoch is 14.376336097717285s
======================================= Epoch 13 =======================================
================= Test Set =================
The acc is 0.8935, 0.8744, 0.9100
Time Consumption for one epoch is 14.009913921356201s
======================================= Epoch 14 =======================================
================= Test Set =================
The acc is 0.8935, 0.8744, 0.9100
Time Consumption for one epoch is 14.320934057235718s
======================================= Epoch 15 =======================================
================= Test Set =================
The acc is 0.8935, 0.8744, 0.9100
Time Consumption for one epoch is 14.059855937957764s
======================================= Epoch 16 =======================================
================= Test Set =================
The acc is 0.8935, 0.8744, 0.9100
Time Consumption for one epoch is 14.686558485031128s
======================================= Epoch 17 =======================================
================= Test Set =================
+++++++++++ Find New Best Min ACC +++++++++++
The acc is 0.9000, 0.8953, 0.9040
Time Consumption for one epoch is 14.646224021911621s
======================================= Epoch 18 =======================================
================= Test Set =================
The acc is 0.9000, 0.8953, 0.9040
Time Consumption for one epoch is 14.79950475692749s
======================================= Epoch 19 =======================================
================= Test Set =================
+++++++++++ Find New Best Min ACC +++++++++++
The acc is 0.9011, 0.8953, 0.9060
Time Consumption for one epoch is 14.81951117515564s
The final acc is 0.9011, 0.8953, 0.9060
