Namespace(data_dir='/data/yihua/dataset/celeba/celeba.hdf5', result_dir='results', checkpoint=None, resume=False, domain_attrs='Male', target_attrs='Heavy_Makeup', exp_name=None, batch_size=512, lr=0.0001, wd=2e-05, epochs=20, seed=2024, num_workers=8, arch='resnet9', evaluate=False, gv=1.0, gr=0.5)
======================================= Epoch 0 =======================================
================= Test Set =================
+++++++++++ Find New Best Min ACC +++++++++++
The acc is 0.5000, 0.5000, 0.5000
Time Consumption for one epoch is 8.816556930541992s
======================================= Epoch 1 =======================================
================= Test Set =================
+++++++++++ Find New Best Min ACC +++++++++++
The acc is 0.5727, 0.5455, 0.5795
Time Consumption for one epoch is 7.82132625579834s
======================================= Epoch 2 =======================================
================= Test Set =================
The acc is 0.5727, 0.5455, 0.5795
Time Consumption for one epoch is 7.852497577667236s
======================================= Epoch 3 =======================================
================= Test Set =================
The acc is 0.5727, 0.5455, 0.5795
Time Consumption for one epoch is 9.182811260223389s
======================================= Epoch 4 =======================================
================= Test Set =================
+++++++++++ Find New Best Min ACC +++++++++++
The acc is 0.6182, 0.4545, 0.6591
Time Consumption for one epoch is 9.707015037536621s
======================================= Epoch 5 =======================================
================= Test Set =================
The acc is 0.6182, 0.4545, 0.6591
Time Consumption for one epoch is 9.225257158279419s
======================================= Epoch 6 =======================================
================= Test Set =================
+++++++++++ Find New Best Min ACC +++++++++++
The acc is 0.6227, 0.4773, 0.6591
Time Consumption for one epoch is 9.080654382705688s
======================================= Epoch 7 =======================================
================= Test Set =================
+++++++++++ Find New Best Min ACC +++++++++++
The acc is 0.6455, 0.5227, 0.6761
Time Consumption for one epoch is 8.556124210357666s
======================================= Epoch 8 =======================================
================= Test Set =================
The acc is 0.6455, 0.5227, 0.6761
Time Consumption for one epoch is 8.834606409072876s
======================================= Epoch 9 =======================================
================= Test Set =================
The acc is 0.6455, 0.5227, 0.6761
Time Consumption for one epoch is 9.530563116073608s
======================================= Epoch 10 =======================================
================= Test Set =================
The acc is 0.6455, 0.5227, 0.6761
Time Consumption for one epoch is 8.58998441696167s
======================================= Epoch 11 =======================================
================= Test Set =================
+++++++++++ Find New Best Min ACC +++++++++++
The acc is 0.6500, 0.5682, 0.6705
Time Consumption for one epoch is 9.12504506111145s
======================================= Epoch 12 =======================================
================= Test Set =================
The acc is 0.6500, 0.5682, 0.6705
Time Consumption for one epoch is 7.428910732269287s
======================================= Epoch 13 =======================================
================= Test Set =================
+++++++++++ Find New Best Min ACC +++++++++++
The acc is 0.6818, 0.6136, 0.6989
Time Consumption for one epoch is 9.030610084533691s
======================================= Epoch 14 =======================================
================= Test Set =================
+++++++++++ Find New Best Min ACC +++++++++++
The acc is 0.6864, 0.6364, 0.6989
Time Consumption for one epoch is 8.377713203430176s
======================================= Epoch 15 =======================================
================= Test Set =================
The acc is 0.6864, 0.6364, 0.6989
Time Consumption for one epoch is 9.818896770477295s
======================================= Epoch 16 =======================================
================= Test Set =================
The acc is 0.6864, 0.6364, 0.6989
Time Consumption for one epoch is 8.004027605056763s
======================================= Epoch 17 =======================================
================= Test Set =================
The acc is 0.6864, 0.6364, 0.6989
Time Consumption for one epoch is 8.102847814559937s
======================================= Epoch 18 =======================================
================= Test Set =================
The acc is 0.6864, 0.6364, 0.6989
Time Consumption for one epoch is 9.830533742904663s
======================================= Epoch 19 =======================================
================= Test Set =================
The acc is 0.6864, 0.6364, 0.6989
Time Consumption for one epoch is 8.39419960975647s
The final acc is 0.6864, 0.6364, 0.6989
