Namespace(data_dir='/data/yihua/dataset/celeba/celeba.hdf5', result_dir='rotation_study', checkpoint=None, resume=False, domain_attrs='Male', target_attrs='Blond_Hair', exp_name=None, batch_size=512, lr=0.0001, wd=2e-05, epochs=20, seed=2022, num_workers=8, arch='resnet18', evaluate=False, total_num=5000, test_num=1000, gv=30.0, gr=0.5, minor_ratio=0.2, add_aug='rotation')
======================================= Epoch 0 =======================================
================= Test Set =================
+++++++++++ Find New Best Min ACC +++++++++++
The acc is 0.5376, 0.5814, 0.5000
Time Consumption for one epoch is 23.006635427474976s
======================================= Epoch 1 =======================================
================= Test Set =================
The acc is 0.5376, 0.5814, 0.5000
Time Consumption for one epoch is 22.401510000228882s
======================================= Epoch 2 =======================================
================= Test Set =================
The acc is 0.5376, 0.5814, 0.5000
Time Consumption for one epoch is 21.196038961410522s
======================================= Epoch 3 =======================================
================= Test Set =================
+++++++++++ Find New Best Min ACC +++++++++++
The acc is 0.5462, 0.5953, 0.5040
Time Consumption for one epoch is 21.97535538673401s
======================================= Epoch 4 =======================================
================= Test Set =================
+++++++++++ Find New Best Min ACC +++++++++++
The acc is 0.8043, 0.7837, 0.8220
Time Consumption for one epoch is 20.07790994644165s
======================================= Epoch 5 =======================================
================= Test Set =================
+++++++++++ Find New Best Min ACC +++++++++++
The acc is 0.8430, 0.8116, 0.8700
Time Consumption for one epoch is 21.852701902389526s
======================================= Epoch 6 =======================================
================= Test Set =================
+++++++++++ Find New Best Min ACC +++++++++++
The acc is 0.8731, 0.8465, 0.8960
Time Consumption for one epoch is 22.078629732131958s
======================================= Epoch 7 =======================================
================= Test Set =================
+++++++++++ Find New Best Min ACC +++++++++++
The acc is 0.8828, 0.8721, 0.8920
Time Consumption for one epoch is 21.36620283126831s
======================================= Epoch 8 =======================================
================= Test Set =================
+++++++++++ Find New Best Min ACC +++++++++++
The acc is 0.8849, 0.8721, 0.8960
Time Consumption for one epoch is 21.136402130126953s
======================================= Epoch 9 =======================================
================= Test Set =================
The acc is 0.8849, 0.8721, 0.8960
Time Consumption for one epoch is 22.088956117630005s
======================================= Epoch 10 =======================================
================= Test Set =================
+++++++++++ Find New Best Min ACC +++++++++++
The acc is 0.8860, 0.8721, 0.8980
Time Consumption for one epoch is 20.42781138420105s
======================================= Epoch 11 =======================================
================= Test Set =================
+++++++++++ Find New Best Min ACC +++++++++++
The acc is 0.8914, 0.8837, 0.8980
Time Consumption for one epoch is 21.56886863708496s
======================================= Epoch 12 =======================================
================= Test Set =================
The acc is 0.8914, 0.8837, 0.8980
Time Consumption for one epoch is 21.3444983959198s
======================================= Epoch 13 =======================================
================= Test Set =================
The acc is 0.8914, 0.8837, 0.8980
Time Consumption for one epoch is 20.47085213661194s
======================================= Epoch 14 =======================================
================= Test Set =================
+++++++++++ Find New Best Min ACC +++++++++++
The acc is 0.8968, 0.8837, 0.9080
Time Consumption for one epoch is 20.413938522338867s
======================================= Epoch 15 =======================================
================= Test Set =================
The acc is 0.8968, 0.8837, 0.9080
Time Consumption for one epoch is 20.30180859565735s
======================================= Epoch 16 =======================================
================= Test Set =================
The acc is 0.8968, 0.8837, 0.9080
Time Consumption for one epoch is 20.475248098373413s
======================================= Epoch 17 =======================================
================= Test Set =================
The acc is 0.8968, 0.8837, 0.9080
Time Consumption for one epoch is 21.623167276382446s
======================================= Epoch 18 =======================================
================= Test Set =================
The acc is 0.8968, 0.8837, 0.9080
Time Consumption for one epoch is 20.984467267990112s
======================================= Epoch 19 =======================================
================= Test Set =================
The acc is 0.8968, 0.8837, 0.9080
Time Consumption for one epoch is 20.353567600250244s
The final acc is 0.8968, 0.8837, 0.9080
