Namespace(data_dir='/data/yihua/dataset/celeba/celeba.hdf5', result_dir='rotation_study', checkpoint=None, resume=False, domain_attrs='Male', target_attrs='Blond_Hair', exp_name=None, batch_size=512, lr=0.0001, wd=2e-05, epochs=20, seed=2022, num_workers=8, arch='resnet18', evaluate=False, total_num=5000, test_num=1000, gv=30.0, gr=0.1, minor_ratio=0.2, add_aug='rotation')
======================================= Epoch 0 =======================================
================= Test Set =================
+++++++++++ Find New Best Min ACC +++++++++++
The acc is 0.5903, 0.5465, 0.6280
Time Consumption for one epoch is 21.315879583358765s
======================================= Epoch 1 =======================================
================= Test Set =================
The acc is 0.5903, 0.5465, 0.6280
Time Consumption for one epoch is 19.269612550735474s
======================================= Epoch 2 =======================================
================= Test Set =================
The acc is 0.5903, 0.5465, 0.6280
Time Consumption for one epoch is 19.98197054862976s
======================================= Epoch 3 =======================================
================= Test Set =================
+++++++++++ Find New Best Min ACC +++++++++++
The acc is 0.6355, 0.6326, 0.6380
Time Consumption for one epoch is 19.565650939941406s
======================================= Epoch 4 =======================================
================= Test Set =================
The acc is 0.6355, 0.6326, 0.6380
Time Consumption for one epoch is 21.204402923583984s
======================================= Epoch 5 =======================================
================= Test Set =================
+++++++++++ Find New Best Min ACC +++++++++++
The acc is 0.8366, 0.8023, 0.8660
Time Consumption for one epoch is 20.209347248077393s
======================================= Epoch 6 =======================================
================= Test Set =================
The acc is 0.8366, 0.8023, 0.8660
Time Consumption for one epoch is 21.682867288589478s
======================================= Epoch 7 =======================================
================= Test Set =================
The acc is 0.8366, 0.8023, 0.8660
Time Consumption for one epoch is 19.99230670928955s
======================================= Epoch 8 =======================================
================= Test Set =================
+++++++++++ Find New Best Min ACC +++++++++++
The acc is 0.8548, 0.8163, 0.8880
Time Consumption for one epoch is 18.966899156570435s
======================================= Epoch 9 =======================================
================= Test Set =================
+++++++++++ Find New Best Min ACC +++++++++++
The acc is 0.8785, 0.8744, 0.8820
Time Consumption for one epoch is 19.201908588409424s
======================================= Epoch 10 =======================================
================= Test Set =================
The acc is 0.8785, 0.8744, 0.8820
Time Consumption for one epoch is 20.908257722854614s
======================================= Epoch 11 =======================================
================= Test Set =================
The acc is 0.8785, 0.8744, 0.8820
Time Consumption for one epoch is 19.596383571624756s
======================================= Epoch 12 =======================================
================= Test Set =================
+++++++++++ Find New Best Min ACC +++++++++++
The acc is 0.8860, 0.8558, 0.9120
Time Consumption for one epoch is 19.66596794128418s
======================================= Epoch 13 =======================================
================= Test Set =================
The acc is 0.8860, 0.8558, 0.9120
Time Consumption for one epoch is 20.358827590942383s
======================================= Epoch 14 =======================================
================= Test Set =================
The acc is 0.8860, 0.8558, 0.9120
Time Consumption for one epoch is 20.115301609039307s
======================================= Epoch 15 =======================================
================= Test Set =================
The acc is 0.8860, 0.8558, 0.9120
Time Consumption for one epoch is 21.245015859603882s
======================================= Epoch 16 =======================================
================= Test Set =================
+++++++++++ Find New Best Min ACC +++++++++++
The acc is 0.8968, 0.8884, 0.9040
Time Consumption for one epoch is 19.482972860336304s
======================================= Epoch 17 =======================================
================= Test Set =================
The acc is 0.8968, 0.8884, 0.9040
Time Consumption for one epoch is 19.986673831939697s
======================================= Epoch 18 =======================================
================= Test Set =================
The acc is 0.8968, 0.8884, 0.9040
Time Consumption for one epoch is 19.088310480117798s
======================================= Epoch 19 =======================================
================= Test Set =================
+++++++++++ Find New Best Min ACC +++++++++++
The acc is 0.8978, 0.8930, 0.9020
Time Consumption for one epoch is 20.484567165374756s
The final acc is 0.8978, 0.8930, 0.9020
