Namespace(data_dir='/data/yihua/dataset/celeba/celeba.hdf5', result_dir='crop_study', checkpoint=None, resume=False, domain_attrs='Male', target_attrs='Blond_Hair', exp_name=None, batch_size=512, lr=0.0001, wd=2e-05, epochs=20, seed=2020, num_workers=8, arch='resnet9', evaluate=False, total_num=5000, test_num=1000, gv=200.0, gr=0.3, minor_ratio=0.2, add_aug='crop')
======================================= Epoch 0 =======================================
================= Test Set =================
+++++++++++ Find New Best Min ACC +++++++++++
The acc is 0.4624, 0.4186, 0.5000
Time Consumption for one epoch is 16.87777042388916s
======================================= Epoch 1 =======================================
================= Test Set =================
+++++++++++ Find New Best Min ACC +++++++++++
The acc is 0.4634, 0.4209, 0.5000
Time Consumption for one epoch is 14.296391487121582s
======================================= Epoch 2 =======================================
================= Test Set =================
+++++++++++ Find New Best Min ACC +++++++++++
The acc is 0.7441, 0.7256, 0.7600
Time Consumption for one epoch is 14.497653245925903s
======================================= Epoch 3 =======================================
================= Test Set =================
+++++++++++ Find New Best Min ACC +++++++++++
The acc is 0.8323, 0.8047, 0.8560
Time Consumption for one epoch is 15.045575380325317s
======================================= Epoch 4 =======================================
================= Test Set =================
+++++++++++ Find New Best Min ACC +++++++++++
The acc is 0.8527, 0.8256, 0.8760
Time Consumption for one epoch is 14.412269115447998s
======================================= Epoch 5 =======================================
================= Test Set =================
+++++++++++ Find New Best Min ACC +++++++++++
The acc is 0.8817, 0.8605, 0.9000
Time Consumption for one epoch is 15.141196012496948s
======================================= Epoch 6 =======================================
================= Test Set =================
The acc is 0.8817, 0.8605, 0.9000
Time Consumption for one epoch is 14.591070652008057s
======================================= Epoch 7 =======================================
================= Test Set =================
+++++++++++ Find New Best Min ACC +++++++++++
The acc is 0.8839, 0.8767, 0.8900
Time Consumption for one epoch is 15.04642915725708s
======================================= Epoch 8 =======================================
================= Test Set =================
The acc is 0.8839, 0.8767, 0.8900
Time Consumption for one epoch is 14.07249116897583s
======================================= Epoch 9 =======================================
================= Test Set =================
The acc is 0.8839, 0.8767, 0.8900
Time Consumption for one epoch is 14.799188137054443s
======================================= Epoch 10 =======================================
================= Test Set =================
+++++++++++ Find New Best Min ACC +++++++++++
The acc is 0.8914, 0.8791, 0.9020
Time Consumption for one epoch is 14.580400943756104s
======================================= Epoch 11 =======================================
================= Test Set =================
The acc is 0.8914, 0.8791, 0.9020
Time Consumption for one epoch is 14.136208295822144s
======================================= Epoch 12 =======================================
================= Test Set =================
The acc is 0.8914, 0.8791, 0.9020
Time Consumption for one epoch is 14.644012689590454s
======================================= Epoch 13 =======================================
================= Test Set =================
The acc is 0.8914, 0.8791, 0.9020
Time Consumption for one epoch is 14.107134342193604s
======================================= Epoch 14 =======================================
================= Test Set =================
+++++++++++ Find New Best Min ACC +++++++++++
The acc is 0.8935, 0.8791, 0.9060
Time Consumption for one epoch is 14.666396617889404s
======================================= Epoch 15 =======================================
================= Test Set =================
The acc is 0.8935, 0.8791, 0.9060
Time Consumption for one epoch is 14.338166236877441s
======================================= Epoch 16 =======================================
================= Test Set =================
+++++++++++ Find New Best Min ACC +++++++++++
The acc is 0.8978, 0.8814, 0.9120
Time Consumption for one epoch is 15.240592956542969s
======================================= Epoch 17 =======================================
================= Test Set =================
The acc is 0.8978, 0.8814, 0.9120
Time Consumption for one epoch is 14.194545984268188s
======================================= Epoch 18 =======================================
================= Test Set =================
The acc is 0.8978, 0.8814, 0.9120
Time Consumption for one epoch is 15.0090491771698s
======================================= Epoch 19 =======================================
================= Test Set =================
+++++++++++ Find New Best Min ACC +++++++++++
The acc is 0.9000, 0.8814, 0.9160
Time Consumption for one epoch is 14.509686470031738s
The final acc is 0.9000, 0.8814, 0.9160
