Namespace(data_dir='/data/yihua/dataset/celeba/celeba.hdf5', result_dir='crop_study', checkpoint=None, resume=False, domain_attrs='Male', target_attrs='Blond_Hair', exp_name=None, batch_size=512, lr=0.0001, wd=2e-05, epochs=20, seed=2020, num_workers=8, arch='resnet18', evaluate=False, total_num=5000, test_num=1000, gv=180.0, gr=0.5, minor_ratio=0.2, add_aug='crop')
======================================= Epoch 0 =======================================
================= Test Set =================
+++++++++++ Find New Best Min ACC +++++++++++
The acc is 0.4624, 0.4186, 0.5000
Time Consumption for one epoch is 21.885178565979004s
======================================= Epoch 1 =======================================
================= Test Set =================
+++++++++++ Find New Best Min ACC +++++++++++
The acc is 0.5226, 0.4860, 0.5540
Time Consumption for one epoch is 20.64853262901306s
======================================= Epoch 2 =======================================
================= Test Set =================
+++++++++++ Find New Best Min ACC +++++++++++
The acc is 0.6645, 0.6535, 0.6740
Time Consumption for one epoch is 20.891690731048584s
======================================= Epoch 3 =======================================
================= Test Set =================
The acc is 0.6645, 0.6535, 0.6740
Time Consumption for one epoch is 21.70076322555542s
======================================= Epoch 4 =======================================
================= Test Set =================
The acc is 0.6645, 0.6535, 0.6740
Time Consumption for one epoch is 21.523857831954956s
======================================= Epoch 5 =======================================
================= Test Set =================
+++++++++++ Find New Best Min ACC +++++++++++
The acc is 0.8828, 0.8581, 0.9040
Time Consumption for one epoch is 21.43663740158081s
======================================= Epoch 6 =======================================
================= Test Set =================
The acc is 0.8828, 0.8581, 0.9040
Time Consumption for one epoch is 21.50200653076172s
======================================= Epoch 7 =======================================
================= Test Set =================
The acc is 0.8828, 0.8581, 0.9040
Time Consumption for one epoch is 19.328704118728638s
======================================= Epoch 8 =======================================
================= Test Set =================
The acc is 0.8828, 0.8581, 0.9040
Time Consumption for one epoch is 20.826510190963745s
======================================= Epoch 9 =======================================
================= Test Set =================
The acc is 0.8828, 0.8581, 0.9040
Time Consumption for one epoch is 19.196069717407227s
======================================= Epoch 10 =======================================
================= Test Set =================
+++++++++++ Find New Best Min ACC +++++++++++
The acc is 0.8860, 0.8698, 0.9000
Time Consumption for one epoch is 19.756239652633667s
======================================= Epoch 11 =======================================
================= Test Set =================
The acc is 0.8860, 0.8698, 0.9000
Time Consumption for one epoch is 21.889737844467163s
======================================= Epoch 12 =======================================
================= Test Set =================
The acc is 0.8860, 0.8698, 0.9000
Time Consumption for one epoch is 22.28831958770752s
======================================= Epoch 13 =======================================
================= Test Set =================
The acc is 0.8860, 0.8698, 0.9000
Time Consumption for one epoch is 20.290178060531616s
======================================= Epoch 14 =======================================
================= Test Set =================
+++++++++++ Find New Best Min ACC +++++++++++
The acc is 0.8871, 0.8767, 0.8960
Time Consumption for one epoch is 20.30136203765869s
======================================= Epoch 15 =======================================
================= Test Set =================
The acc is 0.8871, 0.8767, 0.8960
Time Consumption for one epoch is 20.124955654144287s
======================================= Epoch 16 =======================================
================= Test Set =================
+++++++++++ Find New Best Min ACC +++++++++++
The acc is 0.8957, 0.8884, 0.9020
Time Consumption for one epoch is 19.59236454963684s
======================================= Epoch 17 =======================================
================= Test Set =================
The acc is 0.8957, 0.8884, 0.9020
Time Consumption for one epoch is 22.712117671966553s
======================================= Epoch 18 =======================================
================= Test Set =================
The acc is 0.8957, 0.8884, 0.9020
Time Consumption for one epoch is 20.269002437591553s
======================================= Epoch 19 =======================================
================= Test Set =================
The acc is 0.8957, 0.8884, 0.9020
Time Consumption for one epoch is 20.163288831710815s
The final acc is 0.8957, 0.8884, 0.9020
