Namespace(data_dir='/data/yihua/dataset/celeba/celeba.hdf5', result_dir='results', checkpoint=None, resume=False, domain_attrs='Male', target_attrs='Blond_Hair', exp_name=None, batch_size=512, lr=0.0001, wd=2e-05, epochs=20, seed=2022, num_workers=8, arch='resnet9', evaluate=False, gv=1.0, gr=0.5)
======================================= Epoch 0 =======================================
================= Test Set =================
+++++++++++ Find New Best Min ACC +++++++++++
The acc is 0.7928, 0.7278, 0.8090
Time Consumption for one epoch is 29.842939615249634s
======================================= Epoch 1 =======================================
================= Test Set =================
+++++++++++ Find New Best Min ACC +++++++++++
The acc is 0.8822, 0.8278, 0.8958
Time Consumption for one epoch is 25.242972135543823s
======================================= Epoch 2 =======================================
================= Test Set =================
+++++++++++ Find New Best Min ACC +++++++++++
The acc is 0.8867, 0.8306, 0.9007
Time Consumption for one epoch is 25.735625505447388s
======================================= Epoch 3 =======================================
================= Test Set =================
+++++++++++ Find New Best Min ACC +++++++++++
The acc is 0.8917, 0.8500, 0.9021
Time Consumption for one epoch is 25.89285898208618s
======================================= Epoch 4 =======================================
================= Test Set =================
+++++++++++ Find New Best Min ACC +++++++++++
The acc is 0.9006, 0.9000, 0.9007
Time Consumption for one epoch is 25.599933862686157s
======================================= Epoch 5 =======================================
================= Test Set =================
+++++++++++ Find New Best Min ACC +++++++++++
The acc is 0.9072, 0.8806, 0.9139
Time Consumption for one epoch is 26.28153896331787s
======================================= Epoch 6 =======================================
================= Test Set =================
+++++++++++ Find New Best Min ACC +++++++++++
The acc is 0.9122, 0.8944, 0.9167
Time Consumption for one epoch is 25.922852754592896s
======================================= Epoch 7 =======================================
================= Test Set =================
The acc is 0.9122, 0.8944, 0.9167
Time Consumption for one epoch is 26.463494777679443s
======================================= Epoch 8 =======================================
================= Test Set =================
The acc is 0.9122, 0.8944, 0.9167
Time Consumption for one epoch is 25.18010449409485s
======================================= Epoch 9 =======================================
================= Test Set =================
The acc is 0.9122, 0.8944, 0.9167
Time Consumption for one epoch is 26.08236050605774s
======================================= Epoch 10 =======================================
================= Test Set =================
+++++++++++ Find New Best Min ACC +++++++++++
The acc is 0.9172, 0.8861, 0.9250
Time Consumption for one epoch is 26.861268520355225s
======================================= Epoch 11 =======================================
================= Test Set =================
The acc is 0.9172, 0.8861, 0.9250
Time Consumption for one epoch is 25.521564245224s
======================================= Epoch 12 =======================================
================= Test Set =================
The acc is 0.9172, 0.8861, 0.9250
Time Consumption for one epoch is 25.419512033462524s
======================================= Epoch 13 =======================================
================= Test Set =================
+++++++++++ Find New Best Min ACC +++++++++++
The acc is 0.9211, 0.9111, 0.9236
Time Consumption for one epoch is 26.454414129257202s
======================================= Epoch 14 =======================================
================= Test Set =================
The acc is 0.9211, 0.9111, 0.9236
Time Consumption for one epoch is 26.79438591003418s
======================================= Epoch 15 =======================================
================= Test Set =================
The acc is 0.9211, 0.9111, 0.9236
Time Consumption for one epoch is 24.807442903518677s
======================================= Epoch 16 =======================================
================= Test Set =================
The acc is 0.9211, 0.9111, 0.9236
Time Consumption for one epoch is 24.460553884506226s
======================================= Epoch 17 =======================================
================= Test Set =================
The acc is 0.9211, 0.9111, 0.9236
Time Consumption for one epoch is 24.986634731292725s
======================================= Epoch 18 =======================================
================= Test Set =================
+++++++++++ Find New Best Min ACC +++++++++++
The acc is 0.9222, 0.9139, 0.9243
Time Consumption for one epoch is 25.402229070663452s
======================================= Epoch 19 =======================================
================= Test Set =================
The acc is 0.9222, 0.9139, 0.9243
Time Consumption for one epoch is 26.0792179107666s
The final acc is 0.9222, 0.9139, 0.9243
