Namespace(data_dir='/data/yihua/dataset/celeba/celeba.hdf5', result_dir='results', checkpoint=None, resume=False, domain_attrs='Male', target_attrs='Blond_Hair', exp_name=None, batch_size=512, lr=0.0001, wd=2e-05, epochs=20, seed=2022, num_workers=8, arch='resnet9', evaluate=False, gv=0.25, gr=0.3)
======================================= Epoch 0 =======================================
================= Test Set =================
+++++++++++ Find New Best Min ACC +++++++++++
The acc is 0.6472, 0.5806, 0.6639
Time Consumption for one epoch is 31.17909264564514s
======================================= Epoch 1 =======================================
================= Test Set =================
+++++++++++ Find New Best Min ACC +++++++++++
The acc is 0.8783, 0.8167, 0.8938
Time Consumption for one epoch is 28.37107753753662s
======================================= Epoch 2 =======================================
================= Test Set =================
+++++++++++ Find New Best Min ACC +++++++++++
The acc is 0.8811, 0.8528, 0.8882
Time Consumption for one epoch is 28.061846017837524s
======================================= Epoch 3 =======================================
================= Test Set =================
The acc is 0.8811, 0.8528, 0.8882
Time Consumption for one epoch is 27.991583347320557s
======================================= Epoch 4 =======================================
================= Test Set =================
+++++++++++ Find New Best Min ACC +++++++++++
The acc is 0.9061, 0.8694, 0.9153
Time Consumption for one epoch is 26.39222812652588s
======================================= Epoch 5 =======================================
================= Test Set =================
The acc is 0.9061, 0.8694, 0.9153
Time Consumption for one epoch is 27.959148645401s
======================================= Epoch 6 =======================================
================= Test Set =================
The acc is 0.9061, 0.8694, 0.9153
Time Consumption for one epoch is 28.372121572494507s
======================================= Epoch 7 =======================================
================= Test Set =================
The acc is 0.9061, 0.8694, 0.9153
Time Consumption for one epoch is 27.411988973617554s
======================================= Epoch 8 =======================================
================= Test Set =================
+++++++++++ Find New Best Min ACC +++++++++++
The acc is 0.9156, 0.8806, 0.9243
Time Consumption for one epoch is 28.475287437438965s
======================================= Epoch 9 =======================================
================= Test Set =================
The acc is 0.9156, 0.8806, 0.9243
Time Consumption for one epoch is 27.270915985107422s
======================================= Epoch 10 =======================================
================= Test Set =================
The acc is 0.9156, 0.8806, 0.9243
Time Consumption for one epoch is 26.569514274597168s
======================================= Epoch 11 =======================================
================= Test Set =================
The acc is 0.9156, 0.8806, 0.9243
Time Consumption for one epoch is 27.307663679122925s
======================================= Epoch 12 =======================================
================= Test Set =================
The acc is 0.9156, 0.8806, 0.9243
Time Consumption for one epoch is 28.342142820358276s
======================================= Epoch 13 =======================================
================= Test Set =================
+++++++++++ Find New Best Min ACC +++++++++++
The acc is 0.9217, 0.9139, 0.9236
Time Consumption for one epoch is 26.99743390083313s
======================================= Epoch 14 =======================================
================= Test Set =================
The acc is 0.9217, 0.9139, 0.9236
Time Consumption for one epoch is 26.794127464294434s
======================================= Epoch 15 =======================================
================= Test Set =================
The acc is 0.9217, 0.9139, 0.9236
Time Consumption for one epoch is 27.38237977027893s
======================================= Epoch 16 =======================================
================= Test Set =================
The acc is 0.9217, 0.9139, 0.9236
Time Consumption for one epoch is 27.952500581741333s
======================================= Epoch 17 =======================================
================= Test Set =================
The acc is 0.9217, 0.9139, 0.9236
Time Consumption for one epoch is 27.799173593521118s
======================================= Epoch 18 =======================================
================= Test Set =================
The acc is 0.9217, 0.9139, 0.9236
Time Consumption for one epoch is 28.137964963912964s
======================================= Epoch 19 =======================================
================= Test Set =================
The acc is 0.9217, 0.9139, 0.9236
Time Consumption for one epoch is 26.577621936798096s
The final acc is 0.9217, 0.9139, 0.9236
