Namespace(data_dir='/data/yihua/dataset/celeba/celeba.hdf5', result_dir='rotation_study', checkpoint=None, resume=False, domain_attrs='Male', target_attrs='Blond_Hair', exp_name=None, batch_size=512, lr=0.0001, wd=2e-05, epochs=20, seed=2021, num_workers=8, arch='resnet9', evaluate=False, total_num=5000, test_num=1000, gv=0.0, gr=0.3, minor_ratio=0.2, add_aug='rotation')
======================================= Epoch 0 =======================================
================= Test Set =================
+++++++++++ Find New Best Min ACC +++++++++++
The acc is 0.4624, 0.4186, 0.5000
Time Consumption for one epoch is 16.296658992767334s
======================================= Epoch 1 =======================================
================= Test Set =================
The acc is 0.4624, 0.4186, 0.5000
Time Consumption for one epoch is 14.025821447372437s
======================================= Epoch 2 =======================================
================= Test Set =================
+++++++++++ Find New Best Min ACC +++++++++++
The acc is 0.7011, 0.6674, 0.7300
Time Consumption for one epoch is 14.779207944869995s
======================================= Epoch 3 =======================================
================= Test Set =================
+++++++++++ Find New Best Min ACC +++++++++++
The acc is 0.7968, 0.7814, 0.8100
Time Consumption for one epoch is 14.752666711807251s
======================================= Epoch 4 =======================================
================= Test Set =================
+++++++++++ Find New Best Min ACC +++++++++++
The acc is 0.8323, 0.8047, 0.8560
Time Consumption for one epoch is 14.522962093353271s
======================================= Epoch 5 =======================================
================= Test Set =================
The acc is 0.8323, 0.8047, 0.8560
Time Consumption for one epoch is 14.330528497695923s
======================================= Epoch 6 =======================================
================= Test Set =================
The acc is 0.8323, 0.8047, 0.8560
Time Consumption for one epoch is 14.562560796737671s
======================================= Epoch 7 =======================================
================= Test Set =================
+++++++++++ Find New Best Min ACC +++++++++++
The acc is 0.8366, 0.8116, 0.8580
Time Consumption for one epoch is 14.689606666564941s
======================================= Epoch 8 =======================================
================= Test Set =================
+++++++++++ Find New Best Min ACC +++++++++++
The acc is 0.8828, 0.8512, 0.9100
Time Consumption for one epoch is 14.671992540359497s
======================================= Epoch 9 =======================================
================= Test Set =================
The acc is 0.8828, 0.8512, 0.9100
Time Consumption for one epoch is 14.438153743743896s
======================================= Epoch 10 =======================================
================= Test Set =================
The acc is 0.8828, 0.8512, 0.9100
Time Consumption for one epoch is 14.814068794250488s
======================================= Epoch 11 =======================================
================= Test Set =================
The acc is 0.8828, 0.8512, 0.9100
Time Consumption for one epoch is 14.53703498840332s
======================================= Epoch 12 =======================================
================= Test Set =================
+++++++++++ Find New Best Min ACC +++++++++++
The acc is 0.8849, 0.8698, 0.8980
Time Consumption for one epoch is 14.616804599761963s
======================================= Epoch 13 =======================================
================= Test Set =================
The acc is 0.8849, 0.8698, 0.8980
Time Consumption for one epoch is 14.520155906677246s
======================================= Epoch 14 =======================================
================= Test Set =================
+++++++++++ Find New Best Min ACC +++++++++++
The acc is 0.8892, 0.8698, 0.9060
Time Consumption for one epoch is 14.605324506759644s
======================================= Epoch 15 =======================================
================= Test Set =================
The acc is 0.8892, 0.8698, 0.9060
Time Consumption for one epoch is 14.616917848587036s
======================================= Epoch 16 =======================================
================= Test Set =================
The acc is 0.8892, 0.8698, 0.9060
Time Consumption for one epoch is 13.963026285171509s
======================================= Epoch 17 =======================================
================= Test Set =================
The acc is 0.8892, 0.8698, 0.9060
Time Consumption for one epoch is 14.091210842132568s
======================================= Epoch 18 =======================================
================= Test Set =================
The acc is 0.8892, 0.8698, 0.9060
Time Consumption for one epoch is 13.91791319847107s
======================================= Epoch 19 =======================================
================= Test Set =================
The acc is 0.8892, 0.8698, 0.9060
Time Consumption for one epoch is 14.004367589950562s
The final acc is 0.8892, 0.8698, 0.9060
