Namespace(data_dir='/data/yihua/dataset/celeba/celeba.hdf5', result_dir='results', checkpoint=None, resume=False, domain_attrs='Male', target_attrs='High_Cheekbones', exp_name=None, batch_size=512, lr=0.0001, wd=2e-05, epochs=20, seed=42, num_workers=8, arch='resnet18', evaluate=False, gv=0.25, gr=0.3)
======================================= Epoch 0 =======================================
================= Test Set =================
+++++++++++ Find New Best Min ACC +++++++++++
The acc is 0.8423, 0.7871, 0.8561
Time Consumption for one epoch is 271.8875629901886s
======================================= Epoch 1 =======================================
================= Test Set =================
+++++++++++ Find New Best Min ACC +++++++++++
The acc is 0.8562, 0.8007, 0.8700
Time Consumption for one epoch is 268.5858163833618s
======================================= Epoch 2 =======================================
================= Test Set =================
+++++++++++ Find New Best Min ACC +++++++++++
The acc is 0.8570, 0.8067, 0.8696
Time Consumption for one epoch is 268.16161131858826s
======================================= Epoch 3 =======================================
================= Test Set =================
+++++++++++ Find New Best Min ACC +++++++++++
The acc is 0.8682, 0.8244, 0.8791
Time Consumption for one epoch is 267.4248311519623s
======================================= Epoch 4 =======================================
================= Test Set =================
The acc is 0.8682, 0.8244, 0.8791
Time Consumption for one epoch is 266.35476446151733s
======================================= Epoch 5 =======================================
================= Test Set =================
The acc is 0.8682, 0.8244, 0.8791
Time Consumption for one epoch is 266.3041286468506s
======================================= Epoch 6 =======================================
================= Test Set =================
+++++++++++ Find New Best Min ACC +++++++++++
The acc is 0.8695, 0.8208, 0.8816
Time Consumption for one epoch is 268.0257406234741s
======================================= Epoch 7 =======================================
================= Test Set =================
The acc is 0.8695, 0.8208, 0.8816
Time Consumption for one epoch is 267.06468057632446s
======================================= Epoch 8 =======================================
================= Test Set =================
The acc is 0.8695, 0.8208, 0.8816
Time Consumption for one epoch is 266.7057161331177s
======================================= Epoch 9 =======================================
================= Test Set =================
The acc is 0.8695, 0.8208, 0.8816
Time Consumption for one epoch is 267.239563703537s
======================================= Epoch 10 =======================================
================= Test Set =================
+++++++++++ Find New Best Min ACC +++++++++++
The acc is 0.8736, 0.8324, 0.8838
Time Consumption for one epoch is 268.45298314094543s
======================================= Epoch 11 =======================================
================= Test Set =================
+++++++++++ Find New Best Min ACC +++++++++++
The acc is 0.8737, 0.8244, 0.8860
Time Consumption for one epoch is 268.5877134799957s
======================================= Epoch 12 =======================================
================= Test Set =================
The acc is 0.8737, 0.8244, 0.8860
Time Consumption for one epoch is 267.4845917224884s
======================================= Epoch 13 =======================================
================= Test Set =================
+++++++++++ Find New Best Min ACC +++++++++++
The acc is 0.8744, 0.8292, 0.8857
Time Consumption for one epoch is 268.0489249229431s
======================================= Epoch 14 =======================================
================= Test Set =================
The acc is 0.8744, 0.8292, 0.8857
Time Consumption for one epoch is 267.1874043941498s
======================================= Epoch 15 =======================================
================= Test Set =================
The acc is 0.8744, 0.8292, 0.8857
Time Consumption for one epoch is 267.993937253952s
======================================= Epoch 16 =======================================
================= Test Set =================
+++++++++++ Find New Best Min ACC +++++++++++
The acc is 0.8757, 0.8332, 0.8863
Time Consumption for one epoch is 267.9632451534271s
======================================= Epoch 17 =======================================
================= Test Set =================
+++++++++++ Find New Best Min ACC +++++++++++
The acc is 0.8780, 0.8308, 0.8898
Time Consumption for one epoch is 267.52845096588135s
======================================= Epoch 18 =======================================
================= Test Set =================
The acc is 0.8780, 0.8308, 0.8898
Time Consumption for one epoch is 267.85821652412415s
======================================= Epoch 19 =======================================
================= Test Set =================
The acc is 0.8780, 0.8308, 0.8898
Time Consumption for one epoch is 267.3251461982727s
The final acc is 0.8780, 0.8308, 0.8898
