Namespace(data_dir='/data/yihua/dataset/celeba/celeba.hdf5', result_dir='results', checkpoint=None, resume=False, domain_attrs='Male', target_attrs='Blond_Hair', exp_name=None, batch_size=512, lr=0.0001, wd=2e-05, epochs=20, seed=2021, num_workers=8, arch='resnet18', evaluate=False, gv=0.0001, gr=0.1)
======================================= Epoch 0 =======================================
================= Test Set =================
+++++++++++ Find New Best Min ACC +++++++++++
The acc is 0.7372, 0.6472, 0.7597
Time Consumption for one epoch is 45.07306361198425s
======================================= Epoch 1 =======================================
================= Test Set =================
+++++++++++ Find New Best Min ACC +++++++++++
The acc is 0.8767, 0.8389, 0.8861
Time Consumption for one epoch is 42.71757674217224s
======================================= Epoch 2 =======================================
================= Test Set =================
+++++++++++ Find New Best Min ACC +++++++++++
The acc is 0.8961, 0.8500, 0.9076
Time Consumption for one epoch is 41.90943670272827s
======================================= Epoch 3 =======================================
================= Test Set =================
The acc is 0.8961, 0.8500, 0.9076
Time Consumption for one epoch is 40.51077675819397s
======================================= Epoch 4 =======================================
================= Test Set =================
The acc is 0.8961, 0.8500, 0.9076
Time Consumption for one epoch is 39.8183856010437s
======================================= Epoch 5 =======================================
================= Test Set =================
The acc is 0.8961, 0.8500, 0.9076
Time Consumption for one epoch is 41.08505964279175s
======================================= Epoch 6 =======================================
================= Test Set =================
The acc is 0.8961, 0.8500, 0.9076
Time Consumption for one epoch is 40.20066022872925s
======================================= Epoch 7 =======================================
================= Test Set =================
The acc is 0.8961, 0.8500, 0.9076
Time Consumption for one epoch is 41.74555063247681s
======================================= Epoch 8 =======================================
================= Test Set =================
+++++++++++ Find New Best Min ACC +++++++++++
The acc is 0.9017, 0.9000, 0.9021
Time Consumption for one epoch is 41.89037847518921s
======================================= Epoch 9 =======================================
================= Test Set =================
The acc is 0.9017, 0.9000, 0.9021
Time Consumption for one epoch is 41.05330777168274s
======================================= Epoch 10 =======================================
================= Test Set =================
The acc is 0.9017, 0.9000, 0.9021
Time Consumption for one epoch is 40.14037728309631s
======================================= Epoch 11 =======================================
================= Test Set =================
The acc is 0.9017, 0.9000, 0.9021
Time Consumption for one epoch is 40.28836679458618s
======================================= Epoch 12 =======================================
================= Test Set =================
The acc is 0.9017, 0.9000, 0.9021
Time Consumption for one epoch is 40.54181909561157s
======================================= Epoch 13 =======================================
================= Test Set =================
The acc is 0.9017, 0.9000, 0.9021
Time Consumption for one epoch is 41.95674014091492s
======================================= Epoch 14 =======================================
================= Test Set =================
The acc is 0.9017, 0.9000, 0.9021
Time Consumption for one epoch is 41.08093190193176s
======================================= Epoch 15 =======================================
================= Test Set =================
The acc is 0.9017, 0.9000, 0.9021
Time Consumption for one epoch is 42.33993649482727s
======================================= Epoch 16 =======================================
================= Test Set =================
The acc is 0.9017, 0.9000, 0.9021
Time Consumption for one epoch is 41.496710777282715s
======================================= Epoch 17 =======================================
================= Test Set =================
+++++++++++ Find New Best Min ACC +++++++++++
The acc is 0.9067, 0.8750, 0.9146
Time Consumption for one epoch is 41.085219621658325s
======================================= Epoch 18 =======================================
================= Test Set =================
+++++++++++ Find New Best Min ACC +++++++++++
The acc is 0.9089, 0.8833, 0.9153
Time Consumption for one epoch is 42.074187994003296s
======================================= Epoch 19 =======================================
================= Test Set =================
+++++++++++ Find New Best Min ACC +++++++++++
The acc is 0.9094, 0.8778, 0.9174
Time Consumption for one epoch is 42.128857135772705s
The final acc is 0.9094, 0.8778, 0.9174
