Namespace(data_dir='/data/yihua/dataset/celeba/celeba.hdf5', result_dir='crop_study', checkpoint=None, resume=False, domain_attrs='Male', target_attrs='Blond_Hair', exp_name=None, batch_size=512, lr=0.0001, wd=2e-05, epochs=20, seed=2020, num_workers=8, arch='resnet18', evaluate=False, total_num=5000, test_num=1000, gv=120.0, gr=0.5, minor_ratio=0.2, add_aug='crop')
======================================= Epoch 0 =======================================
================= Test Set =================
+++++++++++ Find New Best Min ACC +++++++++++
The acc is 0.4624, 0.4186, 0.5000
Time Consumption for one epoch is 22.01566457748413s
======================================= Epoch 1 =======================================
================= Test Set =================
+++++++++++ Find New Best Min ACC +++++++++++
The acc is 0.4645, 0.4233, 0.5000
Time Consumption for one epoch is 20.423609733581543s
======================================= Epoch 2 =======================================
================= Test Set =================
+++++++++++ Find New Best Min ACC +++++++++++
The acc is 0.5419, 0.5000, 0.5780
Time Consumption for one epoch is 20.38093328475952s
======================================= Epoch 3 =======================================
================= Test Set =================
+++++++++++ Find New Best Min ACC +++++++++++
The acc is 0.5720, 0.6093, 0.5400
Time Consumption for one epoch is 20.695003509521484s
======================================= Epoch 4 =======================================
================= Test Set =================
+++++++++++ Find New Best Min ACC +++++++++++
The acc is 0.6226, 0.6488, 0.6000
Time Consumption for one epoch is 20.494277477264404s
======================================= Epoch 5 =======================================
================= Test Set =================
+++++++++++ Find New Best Min ACC +++++++++++
The acc is 0.7849, 0.7628, 0.8040
Time Consumption for one epoch is 21.232390880584717s
======================================= Epoch 6 =======================================
================= Test Set =================
+++++++++++ Find New Best Min ACC +++++++++++
The acc is 0.8172, 0.7977, 0.8340
Time Consumption for one epoch is 21.902331352233887s
======================================= Epoch 7 =======================================
================= Test Set =================
+++++++++++ Find New Best Min ACC +++++++++++
The acc is 0.8839, 0.8558, 0.9080
Time Consumption for one epoch is 19.96843695640564s
======================================= Epoch 8 =======================================
================= Test Set =================
The acc is 0.8839, 0.8558, 0.9080
Time Consumption for one epoch is 20.847134828567505s
======================================= Epoch 9 =======================================
================= Test Set =================
The acc is 0.8839, 0.8558, 0.9080
Time Consumption for one epoch is 21.0967378616333s
======================================= Epoch 10 =======================================
================= Test Set =================
The acc is 0.8839, 0.8558, 0.9080
Time Consumption for one epoch is 19.73819613456726s
======================================= Epoch 11 =======================================
================= Test Set =================
The acc is 0.8839, 0.8558, 0.9080
Time Consumption for one epoch is 21.14564061164856s
======================================= Epoch 12 =======================================
================= Test Set =================
The acc is 0.8839, 0.8558, 0.9080
Time Consumption for one epoch is 21.314499139785767s
======================================= Epoch 13 =======================================
================= Test Set =================
The acc is 0.8839, 0.8558, 0.9080
Time Consumption for one epoch is 21.923657178878784s
======================================= Epoch 14 =======================================
================= Test Set =================
+++++++++++ Find New Best Min ACC +++++++++++
The acc is 0.8860, 0.8674, 0.9020
Time Consumption for one epoch is 22.114418983459473s
======================================= Epoch 15 =======================================
================= Test Set =================
The acc is 0.8860, 0.8674, 0.9020
Time Consumption for one epoch is 21.690967798233032s
======================================= Epoch 16 =======================================
================= Test Set =================
+++++++++++ Find New Best Min ACC +++++++++++
The acc is 0.8978, 0.8837, 0.9100
Time Consumption for one epoch is 20.655439853668213s
======================================= Epoch 17 =======================================
================= Test Set =================
The acc is 0.8978, 0.8837, 0.9100
Time Consumption for one epoch is 22.030972242355347s
======================================= Epoch 18 =======================================
================= Test Set =================
The acc is 0.8978, 0.8837, 0.9100
Time Consumption for one epoch is 21.278632164001465s
======================================= Epoch 19 =======================================
================= Test Set =================
The acc is 0.8978, 0.8837, 0.9100
Time Consumption for one epoch is 21.541847467422485s
The final acc is 0.8978, 0.8837, 0.9100
