Namespace(data_dir='/data/yihua/dataset/celeba/celeba.hdf5', result_dir='results', checkpoint=None, resume=False, domain_attrs='Male', target_attrs='Heavy_Makeup', exp_name=None, batch_size=512, lr=0.0001, wd=2e-05, epochs=20, seed=2023, num_workers=8, arch='resnet9', evaluate=False, gv=1e-05, gr=0.1)
======================================= Epoch 0 =======================================
================= Test Set =================
+++++++++++ Find New Best Min ACC +++++++++++
The acc is 0.5000, 0.5000, 0.5000
Time Consumption for one epoch is 8.811355829238892s
======================================= Epoch 1 =======================================
================= Test Set =================
+++++++++++ Find New Best Min ACC +++++++++++
The acc is 0.5773, 0.5000, 0.5966
Time Consumption for one epoch is 8.34111738204956s
======================================= Epoch 2 =======================================
================= Test Set =================
The acc is 0.5773, 0.5000, 0.5966
Time Consumption for one epoch is 7.100537538528442s
======================================= Epoch 3 =======================================
================= Test Set =================
The acc is 0.5773, 0.5000, 0.5966
Time Consumption for one epoch is 7.887633323669434s
======================================= Epoch 4 =======================================
================= Test Set =================
The acc is 0.5773, 0.5000, 0.5966
Time Consumption for one epoch is 8.935447216033936s
======================================= Epoch 5 =======================================
================= Test Set =================
The acc is 0.5773, 0.5000, 0.5966
Time Consumption for one epoch is 7.9211742877960205s
======================================= Epoch 6 =======================================
================= Test Set =================
The acc is 0.5773, 0.5000, 0.5966
Time Consumption for one epoch is 7.618255615234375s
======================================= Epoch 7 =======================================
================= Test Set =================
The acc is 0.5773, 0.5000, 0.5966
Time Consumption for one epoch is 7.6567254066467285s
======================================= Epoch 8 =======================================
================= Test Set =================
The acc is 0.5773, 0.5000, 0.5966
Time Consumption for one epoch is 7.802384376525879s
======================================= Epoch 9 =======================================
================= Test Set =================
+++++++++++ Find New Best Min ACC +++++++++++
The acc is 0.6000, 0.4773, 0.6307
Time Consumption for one epoch is 9.657885074615479s
======================================= Epoch 10 =======================================
================= Test Set =================
The acc is 0.6000, 0.4773, 0.6307
Time Consumption for one epoch is 7.907539367675781s
======================================= Epoch 11 =======================================
================= Test Set =================
+++++++++++ Find New Best Min ACC +++++++++++
The acc is 0.6318, 0.5227, 0.6591
Time Consumption for one epoch is 7.1007397174835205s
======================================= Epoch 12 =======================================
================= Test Set =================
The acc is 0.6318, 0.5227, 0.6591
Time Consumption for one epoch is 7.232799291610718s
======================================= Epoch 13 =======================================
================= Test Set =================
The acc is 0.6318, 0.5227, 0.6591
Time Consumption for one epoch is 7.99653697013855s
======================================= Epoch 14 =======================================
================= Test Set =================
+++++++++++ Find New Best Min ACC +++++++++++
The acc is 0.6591, 0.5455, 0.6875
Time Consumption for one epoch is 9.251588106155396s
======================================= Epoch 15 =======================================
================= Test Set =================
The acc is 0.6591, 0.5455, 0.6875
Time Consumption for one epoch is 7.576109170913696s
======================================= Epoch 16 =======================================
================= Test Set =================
The acc is 0.6591, 0.5455, 0.6875
Time Consumption for one epoch is 6.847617864608765s
======================================= Epoch 17 =======================================
================= Test Set =================
The acc is 0.6591, 0.5455, 0.6875
Time Consumption for one epoch is 6.937973260879517s
======================================= Epoch 18 =======================================
================= Test Set =================
The acc is 0.6591, 0.5455, 0.6875
Time Consumption for one epoch is 8.54718542098999s
======================================= Epoch 19 =======================================
================= Test Set =================
The acc is 0.6591, 0.5455, 0.6875
Time Consumption for one epoch is 8.467829942703247s
The final acc is 0.6591, 0.5455, 0.6875
