Namespace(data_dir='/data/yihua/dataset/celeba/celeba.hdf5', result_dir='results', checkpoint=None, resume=False, domain_attrs='Male', target_attrs='Heavy_Makeup', exp_name=None, batch_size=512, lr=0.0001, wd=2e-05, epochs=20, seed=2022, num_workers=8, arch='resnet9', evaluate=False, gv=0.001, gr=0.3)
======================================= Epoch 0 =======================================
================= Test Set =================
+++++++++++ Find New Best Min ACC +++++++++++
The acc is 0.5000, 0.5000, 0.5000
Time Consumption for one epoch is 8.97677230834961s
======================================= Epoch 1 =======================================
================= Test Set =================
The acc is 0.5000, 0.5000, 0.5000
Time Consumption for one epoch is 7.498063564300537s
======================================= Epoch 2 =======================================
================= Test Set =================
+++++++++++ Find New Best Min ACC +++++++++++
The acc is 0.5227, 0.5000, 0.5284
Time Consumption for one epoch is 9.67128872871399s
======================================= Epoch 3 =======================================
================= Test Set =================
The acc is 0.5227, 0.5000, 0.5284
Time Consumption for one epoch is 7.9146809577941895s
======================================= Epoch 4 =======================================
================= Test Set =================
The acc is 0.5227, 0.5000, 0.5284
Time Consumption for one epoch is 9.82739806175232s
======================================= Epoch 5 =======================================
================= Test Set =================
The acc is 0.5227, 0.5000, 0.5284
Time Consumption for one epoch is 9.711240768432617s
======================================= Epoch 6 =======================================
================= Test Set =================
The acc is 0.5227, 0.5000, 0.5284
Time Consumption for one epoch is 8.404821634292603s
======================================= Epoch 7 =======================================
================= Test Set =================
+++++++++++ Find New Best Min ACC +++++++++++
The acc is 0.5545, 0.5455, 0.5568
Time Consumption for one epoch is 8.512778759002686s
======================================= Epoch 8 =======================================
================= Test Set =================
The acc is 0.5545, 0.5455, 0.5568
Time Consumption for one epoch is 8.840852975845337s
======================================= Epoch 9 =======================================
================= Test Set =================
+++++++++++ Find New Best Min ACC +++++++++++
The acc is 0.6045, 0.5000, 0.6307
Time Consumption for one epoch is 8.636433601379395s
======================================= Epoch 10 =======================================
================= Test Set =================
+++++++++++ Find New Best Min ACC +++++++++++
The acc is 0.6318, 0.5455, 0.6534
Time Consumption for one epoch is 7.695734977722168s
======================================= Epoch 11 =======================================
================= Test Set =================
The acc is 0.6318, 0.5455, 0.6534
Time Consumption for one epoch is 8.248690605163574s
======================================= Epoch 12 =======================================
================= Test Set =================
+++++++++++ Find New Best Min ACC +++++++++++
The acc is 0.6682, 0.5682, 0.6932
Time Consumption for one epoch is 9.261373043060303s
======================================= Epoch 13 =======================================
================= Test Set =================
+++++++++++ Find New Best Min ACC +++++++++++
The acc is 0.6727, 0.5909, 0.6932
Time Consumption for one epoch is 7.301417827606201s
======================================= Epoch 14 =======================================
================= Test Set =================
+++++++++++ Find New Best Min ACC +++++++++++
The acc is 0.6909, 0.6136, 0.7102
Time Consumption for one epoch is 8.450801134109497s
======================================= Epoch 15 =======================================
================= Test Set =================
The acc is 0.6909, 0.6136, 0.7102
Time Consumption for one epoch is 9.523864269256592s
======================================= Epoch 16 =======================================
================= Test Set =================
+++++++++++ Find New Best Min ACC +++++++++++
The acc is 0.7091, 0.6591, 0.7216
Time Consumption for one epoch is 8.307368516921997s
======================================= Epoch 17 =======================================
================= Test Set =================
+++++++++++ Find New Best Min ACC +++++++++++
The acc is 0.7136, 0.6364, 0.7330
Time Consumption for one epoch is 9.385913848876953s
======================================= Epoch 18 =======================================
================= Test Set =================
The acc is 0.7136, 0.6364, 0.7330
Time Consumption for one epoch is 9.45874571800232s
======================================= Epoch 19 =======================================
================= Test Set =================
The acc is 0.7136, 0.6364, 0.7330
Time Consumption for one epoch is 9.317526817321777s
The final acc is 0.7136, 0.6364, 0.7330
