Namespace(data_dir='/data/yihua/dataset/celeba/celeba.hdf5', result_dir='results', checkpoint=None, resume=False, domain_attrs='Male', target_attrs='Heavy_Makeup', exp_name=None, batch_size=512, lr=0.0001, wd=2e-05, epochs=20, seed=2020, num_workers=8, arch='resnet9', evaluate=False, gv=10.0, gr=0.1)
======================================= Epoch 0 =======================================
================= Test Set =================
+++++++++++ Find New Best Min ACC +++++++++++
The acc is 0.5000, 0.5000, 0.5000
Time Consumption for one epoch is 8.306920528411865s
======================================= Epoch 1 =======================================
================= Test Set =================
The acc is 0.5000, 0.5000, 0.5000
Time Consumption for one epoch is 8.974739789962769s
======================================= Epoch 2 =======================================
================= Test Set =================
The acc is 0.5000, 0.5000, 0.5000
Time Consumption for one epoch is 9.254168033599854s
======================================= Epoch 3 =======================================
================= Test Set =================
The acc is 0.5000, 0.5000, 0.5000
Time Consumption for one epoch is 7.125640630722046s
======================================= Epoch 4 =======================================
================= Test Set =================
The acc is 0.5000, 0.5000, 0.5000
Time Consumption for one epoch is 9.679105281829834s
======================================= Epoch 5 =======================================
================= Test Set =================
+++++++++++ Find New Best Min ACC +++++++++++
The acc is 0.6091, 0.5682, 0.6193
Time Consumption for one epoch is 8.745552062988281s
======================================= Epoch 6 =======================================
================= Test Set =================
+++++++++++ Find New Best Min ACC +++++++++++
The acc is 0.6318, 0.5227, 0.6591
Time Consumption for one epoch is 8.049476861953735s
======================================= Epoch 7 =======================================
================= Test Set =================
The acc is 0.6318, 0.5227, 0.6591
Time Consumption for one epoch is 9.397539138793945s
======================================= Epoch 8 =======================================
================= Test Set =================
The acc is 0.6318, 0.5227, 0.6591
Time Consumption for one epoch is 8.163276195526123s
======================================= Epoch 9 =======================================
================= Test Set =================
The acc is 0.6318, 0.5227, 0.6591
Time Consumption for one epoch is 7.258597373962402s
======================================= Epoch 10 =======================================
================= Test Set =================
The acc is 0.6318, 0.5227, 0.6591
Time Consumption for one epoch is 8.402764320373535s
======================================= Epoch 11 =======================================
================= Test Set =================
The acc is 0.6318, 0.5227, 0.6591
Time Consumption for one epoch is 8.448588609695435s
======================================= Epoch 12 =======================================
================= Test Set =================
The acc is 0.6318, 0.5227, 0.6591
Time Consumption for one epoch is 8.728599071502686s
======================================= Epoch 13 =======================================
================= Test Set =================
The acc is 0.6318, 0.5227, 0.6591
Time Consumption for one epoch is 8.929367542266846s
======================================= Epoch 14 =======================================
================= Test Set =================
+++++++++++ Find New Best Min ACC +++++++++++
The acc is 0.6455, 0.5682, 0.6648
Time Consumption for one epoch is 9.428905725479126s
======================================= Epoch 15 =======================================
================= Test Set =================
The acc is 0.6455, 0.5682, 0.6648
Time Consumption for one epoch is 7.746685981750488s
======================================= Epoch 16 =======================================
================= Test Set =================
The acc is 0.6455, 0.5682, 0.6648
Time Consumption for one epoch is 9.667994260787964s
======================================= Epoch 17 =======================================
================= Test Set =================
The acc is 0.6455, 0.5682, 0.6648
Time Consumption for one epoch is 9.064286231994629s
======================================= Epoch 18 =======================================
================= Test Set =================
The acc is 0.6455, 0.5682, 0.6648
Time Consumption for one epoch is 7.52105450630188s
======================================= Epoch 19 =======================================
================= Test Set =================
The acc is 0.6455, 0.5682, 0.6648
Time Consumption for one epoch is 7.213026523590088s
The final acc is 0.6455, 0.5682, 0.6648
