Namespace(data_dir='/data/yihua/dataset/celeba/celeba.hdf5', result_dir='results', checkpoint=None, resume=False, domain_attrs='Male', target_attrs='Blond_Hair', exp_name=None, batch_size=512, lr=0.0001, wd=2e-05, epochs=20, seed=2021, num_workers=8, arch='resnet9', evaluate=False, gv=0.2, gr=0.5)
======================================= Epoch 0 =======================================
================= Test Set =================
+++++++++++ Find New Best Min ACC +++++++++++
The acc is 0.8044, 0.7611, 0.8153
Time Consumption for one epoch is 31.315192699432373s
======================================= Epoch 1 =======================================
================= Test Set =================
+++++++++++ Find New Best Min ACC +++++++++++
The acc is 0.8867, 0.8639, 0.8924
Time Consumption for one epoch is 28.008814334869385s
======================================= Epoch 2 =======================================
================= Test Set =================
The acc is 0.8867, 0.8639, 0.8924
Time Consumption for one epoch is 29.12473201751709s
======================================= Epoch 3 =======================================
================= Test Set =================
+++++++++++ Find New Best Min ACC +++++++++++
The acc is 0.8950, 0.8444, 0.9076
Time Consumption for one epoch is 28.770517826080322s
======================================= Epoch 4 =======================================
================= Test Set =================
+++++++++++ Find New Best Min ACC +++++++++++
The acc is 0.9050, 0.8778, 0.9118
Time Consumption for one epoch is 29.5992112159729s
======================================= Epoch 5 =======================================
================= Test Set =================
The acc is 0.9050, 0.8778, 0.9118
Time Consumption for one epoch is 29.058818101882935s
======================================= Epoch 6 =======================================
================= Test Set =================
The acc is 0.9050, 0.8778, 0.9118
Time Consumption for one epoch is 26.895712852478027s
======================================= Epoch 7 =======================================
================= Test Set =================
+++++++++++ Find New Best Min ACC +++++++++++
The acc is 0.9067, 0.8806, 0.9132
Time Consumption for one epoch is 29.845924615859985s
======================================= Epoch 8 =======================================
================= Test Set =================
+++++++++++ Find New Best Min ACC +++++++++++
The acc is 0.9189, 0.9167, 0.9194
Time Consumption for one epoch is 29.484269380569458s
======================================= Epoch 9 =======================================
================= Test Set =================
The acc is 0.9189, 0.9167, 0.9194
Time Consumption for one epoch is 29.251760005950928s
======================================= Epoch 10 =======================================
================= Test Set =================
The acc is 0.9189, 0.9167, 0.9194
Time Consumption for one epoch is 29.55387830734253s
======================================= Epoch 11 =======================================
================= Test Set =================
The acc is 0.9189, 0.9167, 0.9194
Time Consumption for one epoch is 25.59186601638794s
======================================= Epoch 12 =======================================
================= Test Set =================
The acc is 0.9189, 0.9167, 0.9194
Time Consumption for one epoch is 28.470619440078735s
======================================= Epoch 13 =======================================
================= Test Set =================
The acc is 0.9189, 0.9167, 0.9194
Time Consumption for one epoch is 29.001352071762085s
======================================= Epoch 14 =======================================
================= Test Set =================
The acc is 0.9189, 0.9167, 0.9194
Time Consumption for one epoch is 28.361432790756226s
======================================= Epoch 15 =======================================
================= Test Set =================
The acc is 0.9189, 0.9167, 0.9194
Time Consumption for one epoch is 28.434633493423462s
======================================= Epoch 16 =======================================
================= Test Set =================
The acc is 0.9189, 0.9167, 0.9194
Time Consumption for one epoch is 27.546070098876953s
======================================= Epoch 17 =======================================
================= Test Set =================
The acc is 0.9189, 0.9167, 0.9194
Time Consumption for one epoch is 28.218996286392212s
======================================= Epoch 18 =======================================
================= Test Set =================
The acc is 0.9189, 0.9167, 0.9194
Time Consumption for one epoch is 28.991935968399048s
======================================= Epoch 19 =======================================
================= Test Set =================
The acc is 0.9189, 0.9167, 0.9194
Time Consumption for one epoch is 29.487809419631958s
The final acc is 0.9189, 0.9167, 0.9194
