Namespace(data_dir='/data/yihua/dataset/celeba/celeba.hdf5', result_dir='results', checkpoint=None, resume=False, domain_attrs='Male', target_attrs='High_Cheekbones', exp_name=None, batch_size=512, lr=0.0001, wd=2e-05, epochs=20, seed=2022, num_workers=8, arch='resnet9', evaluate=False, gv=0.3, gr=0.1)
======================================= Epoch 0 =======================================
================= Test Set =================
+++++++++++ Find New Best Min ACC +++++++++++
The acc is 0.8024, 0.7791, 0.8082
Time Consumption for one epoch is 134.4524552822113s
======================================= Epoch 1 =======================================
================= Test Set =================
+++++++++++ Find New Best Min ACC +++++++++++
The acc is 0.8293, 0.7751, 0.8429
Time Consumption for one epoch is 129.2556529045105s
======================================= Epoch 2 =======================================
================= Test Set =================
+++++++++++ Find New Best Min ACC +++++++++++
The acc is 0.8420, 0.8075, 0.8507
Time Consumption for one epoch is 129.55964398384094s
======================================= Epoch 3 =======================================
================= Test Set =================
+++++++++++ Find New Best Min ACC +++++++++++
The acc is 0.8442, 0.8051, 0.8540
Time Consumption for one epoch is 129.1459777355194s
======================================= Epoch 4 =======================================
================= Test Set =================
+++++++++++ Find New Best Min ACC +++++++++++
The acc is 0.8609, 0.8252, 0.8698
Time Consumption for one epoch is 130.54726147651672s
======================================= Epoch 5 =======================================
================= Test Set =================
+++++++++++ Find New Best Min ACC +++++++++++
The acc is 0.8657, 0.8220, 0.8766
Time Consumption for one epoch is 129.41035914421082s
======================================= Epoch 6 =======================================
================= Test Set =================
+++++++++++ Find New Best Min ACC +++++++++++
The acc is 0.8659, 0.8123, 0.8793
Time Consumption for one epoch is 130.04581236839294s
======================================= Epoch 7 =======================================
================= Test Set =================
+++++++++++ Find New Best Min ACC +++++++++++
The acc is 0.8741, 0.8304, 0.8850
Time Consumption for one epoch is 129.3333818912506s
======================================= Epoch 8 =======================================
================= Test Set =================
The acc is 0.8741, 0.8304, 0.8850
Time Consumption for one epoch is 129.54244589805603s
======================================= Epoch 9 =======================================
================= Test Set =================
The acc is 0.8741, 0.8304, 0.8850
Time Consumption for one epoch is 129.36341953277588s
======================================= Epoch 10 =======================================
================= Test Set =================
The acc is 0.8741, 0.8304, 0.8850
Time Consumption for one epoch is 129.85485553741455s
======================================= Epoch 11 =======================================
================= Test Set =================
The acc is 0.8741, 0.8304, 0.8850
Time Consumption for one epoch is 130.460107088089s
======================================= Epoch 12 =======================================
================= Test Set =================
The acc is 0.8741, 0.8304, 0.8850
Time Consumption for one epoch is 130.4219207763672s
======================================= Epoch 13 =======================================
================= Test Set =================
The acc is 0.8741, 0.8304, 0.8850
Time Consumption for one epoch is 129.45108699798584s
======================================= Epoch 14 =======================================
================= Test Set =================
The acc is 0.8741, 0.8304, 0.8850
Time Consumption for one epoch is 128.31390500068665s
======================================= Epoch 15 =======================================
================= Test Set =================
The acc is 0.8741, 0.8304, 0.8850
Time Consumption for one epoch is 129.23722624778748s
======================================= Epoch 16 =======================================
================= Test Set =================
+++++++++++ Find New Best Min ACC +++++++++++
The acc is 0.8783, 0.8356, 0.8890
Time Consumption for one epoch is 130.60297298431396s
======================================= Epoch 17 =======================================
================= Test Set =================
The acc is 0.8783, 0.8356, 0.8890
Time Consumption for one epoch is 129.44519543647766s
======================================= Epoch 18 =======================================
================= Test Set =================
The acc is 0.8783, 0.8356, 0.8890
Time Consumption for one epoch is 129.35895109176636s
======================================= Epoch 19 =======================================
================= Test Set =================
+++++++++++ Find New Best Min ACC +++++++++++
The acc is 0.8801, 0.8364, 0.8910
Time Consumption for one epoch is 129.77289533615112s
The final acc is 0.8801, 0.8364, 0.8910
