Namespace(data_dir='/data/yihua/dataset/celeba/celeba.hdf5', result_dir='results', checkpoint=None, resume=False, domain_attrs='Male', target_attrs='Blond_Hair', exp_name=None, batch_size=512, lr=0.0001, wd=2e-05, epochs=20, seed=2020, num_workers=8, arch='resnet9', evaluate=False, gv=0.1, gr=0.5)
======================================= Epoch 0 =======================================
================= Test Set =================
+++++++++++ Find New Best Min ACC +++++++++++
The acc is 0.7594, 0.7056, 0.7729
Time Consumption for one epoch is 29.694406032562256s
======================================= Epoch 1 =======================================
================= Test Set =================
+++++++++++ Find New Best Min ACC +++++++++++
The acc is 0.8739, 0.7972, 0.8931
Time Consumption for one epoch is 26.15483546257019s
======================================= Epoch 2 =======================================
================= Test Set =================
+++++++++++ Find New Best Min ACC +++++++++++
The acc is 0.8939, 0.8583, 0.9028
Time Consumption for one epoch is 26.113721132278442s
======================================= Epoch 3 =======================================
================= Test Set =================
The acc is 0.8939, 0.8583, 0.9028
Time Consumption for one epoch is 25.938838720321655s
======================================= Epoch 4 =======================================
================= Test Set =================
The acc is 0.8939, 0.8583, 0.9028
Time Consumption for one epoch is 24.835341453552246s
======================================= Epoch 5 =======================================
================= Test Set =================
+++++++++++ Find New Best Min ACC +++++++++++
The acc is 0.8994, 0.8806, 0.9042
Time Consumption for one epoch is 25.92738938331604s
======================================= Epoch 6 =======================================
================= Test Set =================
+++++++++++ Find New Best Min ACC +++++++++++
The acc is 0.9044, 0.8833, 0.9097
Time Consumption for one epoch is 25.634007692337036s
======================================= Epoch 7 =======================================
================= Test Set =================
+++++++++++ Find New Best Min ACC +++++++++++
The acc is 0.9117, 0.8778, 0.9201
Time Consumption for one epoch is 25.364142894744873s
======================================= Epoch 8 =======================================
================= Test Set =================
+++++++++++ Find New Best Min ACC +++++++++++
The acc is 0.9150, 0.9028, 0.9181
Time Consumption for one epoch is 25.172143936157227s
======================================= Epoch 9 =======================================
================= Test Set =================
The acc is 0.9150, 0.9028, 0.9181
Time Consumption for one epoch is 24.671972036361694s
======================================= Epoch 10 =======================================
================= Test Set =================
The acc is 0.9150, 0.9028, 0.9181
Time Consumption for one epoch is 25.922346353530884s
======================================= Epoch 11 =======================================
================= Test Set =================
+++++++++++ Find New Best Min ACC +++++++++++
The acc is 0.9183, 0.9000, 0.9229
Time Consumption for one epoch is 25.64232325553894s
======================================= Epoch 12 =======================================
================= Test Set =================
The acc is 0.9183, 0.9000, 0.9229
Time Consumption for one epoch is 25.993935346603394s
======================================= Epoch 13 =======================================
================= Test Set =================
The acc is 0.9183, 0.9000, 0.9229
Time Consumption for one epoch is 26.183432579040527s
======================================= Epoch 14 =======================================
================= Test Set =================
The acc is 0.9183, 0.9000, 0.9229
Time Consumption for one epoch is 25.668519973754883s
======================================= Epoch 15 =======================================
================= Test Set =================
The acc is 0.9183, 0.9000, 0.9229
Time Consumption for one epoch is 25.784301280975342s
======================================= Epoch 16 =======================================
================= Test Set =================
+++++++++++ Find New Best Min ACC +++++++++++
The acc is 0.9228, 0.9028, 0.9278
Time Consumption for one epoch is 25.744521617889404s
======================================= Epoch 17 =======================================
================= Test Set =================
The acc is 0.9228, 0.9028, 0.9278
Time Consumption for one epoch is 23.695342540740967s
======================================= Epoch 18 =======================================
================= Test Set =================
+++++++++++ Find New Best Min ACC +++++++++++
The acc is 0.9233, 0.9028, 0.9285
Time Consumption for one epoch is 24.886142253875732s
======================================= Epoch 19 =======================================
================= Test Set =================
The acc is 0.9233, 0.9028, 0.9285
Time Consumption for one epoch is 25.722504377365112s
The final acc is 0.9233, 0.9028, 0.9285
