Namespace(data_dir='/data/yihua/dataset/celeba/celeba.hdf5', result_dir='rotation_study', checkpoint=None, resume=False, domain_attrs='Male', target_attrs='Blond_Hair', exp_name=None, batch_size=512, lr=0.0001, wd=2e-05, epochs=20, seed=2021, num_workers=8, arch='resnet18', evaluate=False, total_num=5000, test_num=1000, gv=180.0, gr=0.3, minor_ratio=0.2, add_aug='rotation')
======================================= Epoch 0 =======================================
================= Test Set =================
+++++++++++ Find New Best Min ACC +++++++++++
The acc is 0.4624, 0.4186, 0.5000
Time Consumption for one epoch is 24.026188373565674s
======================================= Epoch 1 =======================================
================= Test Set =================
+++++++++++ Find New Best Min ACC +++++++++++
The acc is 0.5376, 0.5814, 0.5000
Time Consumption for one epoch is 21.72612166404724s
======================================= Epoch 2 =======================================
================= Test Set =================
The acc is 0.5376, 0.5814, 0.5000
Time Consumption for one epoch is 21.795344352722168s
======================================= Epoch 3 =======================================
================= Test Set =================
The acc is 0.5376, 0.5814, 0.5000
Time Consumption for one epoch is 20.351534366607666s
======================================= Epoch 4 =======================================
================= Test Set =================
+++++++++++ Find New Best Min ACC +++++++++++
The acc is 0.7559, 0.7558, 0.7560
Time Consumption for one epoch is 20.908466339111328s
======================================= Epoch 5 =======================================
================= Test Set =================
+++++++++++ Find New Best Min ACC +++++++++++
The acc is 0.8505, 0.8233, 0.8740
Time Consumption for one epoch is 20.608827114105225s
======================================= Epoch 6 =======================================
================= Test Set =================
+++++++++++ Find New Best Min ACC +++++++++++
The acc is 0.8710, 0.8535, 0.8860
Time Consumption for one epoch is 19.989938735961914s
======================================= Epoch 7 =======================================
================= Test Set =================
The acc is 0.8710, 0.8535, 0.8860
Time Consumption for one epoch is 19.25079083442688s
======================================= Epoch 8 =======================================
================= Test Set =================
The acc is 0.8710, 0.8535, 0.8860
Time Consumption for one epoch is 19.29385209083557s
======================================= Epoch 9 =======================================
================= Test Set =================
The acc is 0.8710, 0.8535, 0.8860
Time Consumption for one epoch is 19.75658369064331s
======================================= Epoch 10 =======================================
================= Test Set =================
The acc is 0.8710, 0.8535, 0.8860
Time Consumption for one epoch is 21.133978128433228s
======================================= Epoch 11 =======================================
================= Test Set =================
+++++++++++ Find New Best Min ACC +++++++++++
The acc is 0.8753, 0.8674, 0.8820
Time Consumption for one epoch is 21.672600507736206s
======================================= Epoch 12 =======================================
================= Test Set =================
The acc is 0.8753, 0.8674, 0.8820
Time Consumption for one epoch is 19.692822217941284s
======================================= Epoch 13 =======================================
================= Test Set =================
+++++++++++ Find New Best Min ACC +++++++++++
The acc is 0.8892, 0.8721, 0.9040
Time Consumption for one epoch is 20.77657175064087s
======================================= Epoch 14 =======================================
================= Test Set =================
The acc is 0.8892, 0.8721, 0.9040
Time Consumption for one epoch is 19.682897329330444s
======================================= Epoch 15 =======================================
================= Test Set =================
The acc is 0.8892, 0.8721, 0.9040
Time Consumption for one epoch is 19.29032850265503s
======================================= Epoch 16 =======================================
================= Test Set =================
+++++++++++ Find New Best Min ACC +++++++++++
The acc is 0.8903, 0.8744, 0.9040
Time Consumption for one epoch is 19.480305194854736s
======================================= Epoch 17 =======================================
================= Test Set =================
+++++++++++ Find New Best Min ACC +++++++++++
The acc is 0.8968, 0.8791, 0.9120
Time Consumption for one epoch is 20.7437105178833s
======================================= Epoch 18 =======================================
================= Test Set =================
+++++++++++ Find New Best Min ACC +++++++++++
The acc is 0.8989, 0.8930, 0.9040
Time Consumption for one epoch is 21.650575399398804s
======================================= Epoch 19 =======================================
================= Test Set =================
The acc is 0.8989, 0.8930, 0.9040
Time Consumption for one epoch is 21.372620105743408s
The final acc is 0.8989, 0.8930, 0.9040
