Namespace(data_dir='/data/yihua/dataset/celeba/celeba.hdf5', result_dir='results', checkpoint=None, resume=False, domain_attrs='Male', target_attrs='High_Cheekbones', exp_name=None, batch_size=512, lr=0.0001, wd=2e-05, epochs=20, seed=2021, num_workers=8, arch='resnet9', evaluate=False, gv=0.4, gr=0.5)
======================================= Epoch 0 =======================================
================= Test Set =================
+++++++++++ Find New Best Min ACC +++++++++++
The acc is 0.8083, 0.7702, 0.8178
Time Consumption for one epoch is 140.04942965507507s
======================================= Epoch 1 =======================================
================= Test Set =================
+++++++++++ Find New Best Min ACC +++++++++++
The acc is 0.8614, 0.8184, 0.8721
Time Consumption for one epoch is 139.45166993141174s
======================================= Epoch 2 =======================================
================= Test Set =================
The acc is 0.8614, 0.8184, 0.8721
Time Consumption for one epoch is 140.70446586608887s
======================================= Epoch 3 =======================================
================= Test Set =================
+++++++++++ Find New Best Min ACC +++++++++++
The acc is 0.8645, 0.8156, 0.8767
Time Consumption for one epoch is 138.47059321403503s
======================================= Epoch 4 =======================================
================= Test Set =================
The acc is 0.8645, 0.8156, 0.8767
Time Consumption for one epoch is 137.4629077911377s
======================================= Epoch 5 =======================================
================= Test Set =================
+++++++++++ Find New Best Min ACC +++++++++++
The acc is 0.8671, 0.8103, 0.8813
Time Consumption for one epoch is 139.3031928539276s
======================================= Epoch 6 =======================================
================= Test Set =================
The acc is 0.8671, 0.8103, 0.8813
Time Consumption for one epoch is 139.5545334815979s
======================================= Epoch 7 =======================================
================= Test Set =================
+++++++++++ Find New Best Min ACC +++++++++++
The acc is 0.8703, 0.8220, 0.8824
Time Consumption for one epoch is 139.2173719406128s
======================================= Epoch 8 =======================================
================= Test Set =================
The acc is 0.8703, 0.8220, 0.8824
Time Consumption for one epoch is 139.03327083587646s
======================================= Epoch 9 =======================================
================= Test Set =================
+++++++++++ Find New Best Min ACC +++++++++++
The acc is 0.8724, 0.8288, 0.8832
Time Consumption for one epoch is 139.4349980354309s
======================================= Epoch 10 =======================================
================= Test Set =================
The acc is 0.8724, 0.8288, 0.8832
Time Consumption for one epoch is 138.87216472625732s
======================================= Epoch 11 =======================================
================= Test Set =================
The acc is 0.8724, 0.8288, 0.8832
Time Consumption for one epoch is 139.9531490802765s
======================================= Epoch 12 =======================================
================= Test Set =================
+++++++++++ Find New Best Min ACC +++++++++++
The acc is 0.8729, 0.8252, 0.8848
Time Consumption for one epoch is 140.69481325149536s
======================================= Epoch 13 =======================================
================= Test Set =================
The acc is 0.8729, 0.8252, 0.8848
Time Consumption for one epoch is 138.45120215415955s
======================================= Epoch 14 =======================================
================= Test Set =================
The acc is 0.8729, 0.8252, 0.8848
Time Consumption for one epoch is 138.4325408935547s
======================================= Epoch 15 =======================================
================= Test Set =================
The acc is 0.8729, 0.8252, 0.8848
Time Consumption for one epoch is 139.79620718955994s
======================================= Epoch 16 =======================================
================= Test Set =================
+++++++++++ Find New Best Min ACC +++++++++++
The acc is 0.8762, 0.8340, 0.8868
Time Consumption for one epoch is 140.3936460018158s
======================================= Epoch 17 =======================================
================= Test Set =================
The acc is 0.8762, 0.8340, 0.8868
Time Consumption for one epoch is 140.59142637252808s
======================================= Epoch 18 =======================================
================= Test Set =================
+++++++++++ Find New Best Min ACC +++++++++++
The acc is 0.8775, 0.8356, 0.8880
Time Consumption for one epoch is 140.4248650074005s
======================================= Epoch 19 =======================================
================= Test Set =================
The acc is 0.8775, 0.8356, 0.8880
Time Consumption for one epoch is 140.16252517700195s
The final acc is 0.8775, 0.8356, 0.8880
