Namespace(data_dir='/data/yihua/dataset/celeba/celeba.hdf5', result_dir='results', checkpoint=None, resume=False, domain_attrs='Male', target_attrs='High_Cheekbones', exp_name=None, batch_size=512, lr=0.0001, wd=2e-05, epochs=20, seed=2022, num_workers=8, arch='resnet9', evaluate=False, gv=0.2, gr=0.3)
======================================= Epoch 0 =======================================
================= Test Set =================
+++++++++++ Find New Best Min ACC +++++++++++
The acc is 0.8378, 0.7907, 0.8496
Time Consumption for one epoch is 136.75153708457947s
======================================= Epoch 1 =======================================
================= Test Set =================
The acc is 0.8378, 0.7907, 0.8496
Time Consumption for one epoch is 134.9592366218567s
======================================= Epoch 2 =======================================
================= Test Set =================
+++++++++++ Find New Best Min ACC +++++++++++
The acc is 0.8684, 0.8220, 0.8800
Time Consumption for one epoch is 133.67880654335022s
======================================= Epoch 3 =======================================
================= Test Set =================
The acc is 0.8684, 0.8220, 0.8800
Time Consumption for one epoch is 133.7832612991333s
======================================= Epoch 4 =======================================
================= Test Set =================
The acc is 0.8684, 0.8220, 0.8800
Time Consumption for one epoch is 135.07257461547852s
======================================= Epoch 5 =======================================
================= Test Set =================
+++++++++++ Find New Best Min ACC +++++++++++
The acc is 0.8720, 0.8300, 0.8825
Time Consumption for one epoch is 134.2667555809021s
======================================= Epoch 6 =======================================
================= Test Set =================
The acc is 0.8720, 0.8300, 0.8825
Time Consumption for one epoch is 134.72816705703735s
======================================= Epoch 7 =======================================
================= Test Set =================
The acc is 0.8720, 0.8300, 0.8825
Time Consumption for one epoch is 133.85606026649475s
======================================= Epoch 8 =======================================
================= Test Set =================
The acc is 0.8720, 0.8300, 0.8825
Time Consumption for one epoch is 134.77329421043396s
======================================= Epoch 9 =======================================
================= Test Set =================
The acc is 0.8720, 0.8300, 0.8825
Time Consumption for one epoch is 134.400217294693s
======================================= Epoch 10 =======================================
================= Test Set =================
+++++++++++ Find New Best Min ACC +++++++++++
The acc is 0.8724, 0.8292, 0.8832
Time Consumption for one epoch is 134.2804675102234s
======================================= Epoch 11 =======================================
================= Test Set =================
+++++++++++ Find New Best Min ACC +++++++++++
The acc is 0.8738, 0.8304, 0.8846
Time Consumption for one epoch is 135.3495500087738s
======================================= Epoch 12 =======================================
================= Test Set =================
The acc is 0.8738, 0.8304, 0.8846
Time Consumption for one epoch is 134.1929337978363s
======================================= Epoch 13 =======================================
================= Test Set =================
+++++++++++ Find New Best Min ACC +++++++++++
The acc is 0.8740, 0.8352, 0.8837
Time Consumption for one epoch is 134.55787253379822s
======================================= Epoch 14 =======================================
================= Test Set =================
The acc is 0.8740, 0.8352, 0.8837
Time Consumption for one epoch is 134.00743699073792s
======================================= Epoch 15 =======================================
================= Test Set =================
+++++++++++ Find New Best Min ACC +++++++++++
The acc is 0.8759, 0.8292, 0.8876
Time Consumption for one epoch is 133.76171374320984s
======================================= Epoch 16 =======================================
================= Test Set =================
The acc is 0.8759, 0.8292, 0.8876
Time Consumption for one epoch is 134.25356316566467s
======================================= Epoch 17 =======================================
================= Test Set =================
+++++++++++ Find New Best Min ACC +++++++++++
The acc is 0.8768, 0.8384, 0.8863
Time Consumption for one epoch is 135.5075011253357s
======================================= Epoch 18 =======================================
================= Test Set =================
The acc is 0.8768, 0.8384, 0.8863
Time Consumption for one epoch is 134.25684356689453s
======================================= Epoch 19 =======================================
================= Test Set =================
+++++++++++ Find New Best Min ACC +++++++++++
The acc is 0.8807, 0.8408, 0.8907
Time Consumption for one epoch is 134.83864068984985s
The final acc is 0.8807, 0.8408, 0.8907
