Namespace(data_dir='/data/yihua/dataset/celeba/celeba.hdf5', result_dir='results', checkpoint=None, resume=False, domain_attrs='Male', target_attrs='Blond_Hair', exp_name=None, batch_size=512, lr=0.0001, wd=2e-05, epochs=20, seed=2020, num_workers=8, arch='resnet9', evaluate=False, gv=0.01, gr=0.5)
======================================= Epoch 0 =======================================
================= Test Set =================
+++++++++++ Find New Best Min ACC +++++++++++
The acc is 0.6833, 0.6000, 0.7042
Time Consumption for one epoch is 28.744961500167847s
======================================= Epoch 1 =======================================
================= Test Set =================
+++++++++++ Find New Best Min ACC +++++++++++
The acc is 0.8878, 0.8417, 0.8993
Time Consumption for one epoch is 26.225322484970093s
======================================= Epoch 2 =======================================
================= Test Set =================
+++++++++++ Find New Best Min ACC +++++++++++
The acc is 0.8967, 0.8722, 0.9028
Time Consumption for one epoch is 24.936806201934814s
======================================= Epoch 3 =======================================
================= Test Set =================
+++++++++++ Find New Best Min ACC +++++++++++
The acc is 0.8978, 0.8778, 0.9028
Time Consumption for one epoch is 25.92681574821472s
======================================= Epoch 4 =======================================
================= Test Set =================
The acc is 0.8978, 0.8778, 0.9028
Time Consumption for one epoch is 25.13919425010681s
======================================= Epoch 5 =======================================
================= Test Set =================
+++++++++++ Find New Best Min ACC +++++++++++
The acc is 0.8994, 0.8778, 0.9049
Time Consumption for one epoch is 26.040427684783936s
======================================= Epoch 6 =======================================
================= Test Set =================
The acc is 0.8994, 0.8778, 0.9049
Time Consumption for one epoch is 25.64242649078369s
======================================= Epoch 7 =======================================
================= Test Set =================
+++++++++++ Find New Best Min ACC +++++++++++
The acc is 0.9106, 0.8778, 0.9187
Time Consumption for one epoch is 24.884761333465576s
======================================= Epoch 8 =======================================
================= Test Set =================
+++++++++++ Find New Best Min ACC +++++++++++
The acc is 0.9117, 0.8944, 0.9160
Time Consumption for one epoch is 24.870306730270386s
======================================= Epoch 9 =======================================
================= Test Set =================
The acc is 0.9117, 0.8944, 0.9160
Time Consumption for one epoch is 25.905648708343506s
======================================= Epoch 10 =======================================
================= Test Set =================
The acc is 0.9117, 0.8944, 0.9160
Time Consumption for one epoch is 24.1752986907959s
======================================= Epoch 11 =======================================
================= Test Set =================
+++++++++++ Find New Best Min ACC +++++++++++
The acc is 0.9150, 0.9000, 0.9187
Time Consumption for one epoch is 26.508657693862915s
======================================= Epoch 12 =======================================
================= Test Set =================
The acc is 0.9150, 0.9000, 0.9187
Time Consumption for one epoch is 25.40019965171814s
======================================= Epoch 13 =======================================
================= Test Set =================
+++++++++++ Find New Best Min ACC +++++++++++
The acc is 0.9189, 0.9139, 0.9201
Time Consumption for one epoch is 25.62762999534607s
======================================= Epoch 14 =======================================
================= Test Set =================
+++++++++++ Find New Best Min ACC +++++++++++
The acc is 0.9239, 0.9111, 0.9271
Time Consumption for one epoch is 26.688985109329224s
======================================= Epoch 15 =======================================
================= Test Set =================
The acc is 0.9239, 0.9111, 0.9271
Time Consumption for one epoch is 25.67588520050049s
======================================= Epoch 16 =======================================
================= Test Set =================
The acc is 0.9239, 0.9111, 0.9271
Time Consumption for one epoch is 25.204987287521362s
======================================= Epoch 17 =======================================
================= Test Set =================
The acc is 0.9239, 0.9111, 0.9271
Time Consumption for one epoch is 25.363916397094727s
======================================= Epoch 18 =======================================
================= Test Set =================
The acc is 0.9239, 0.9111, 0.9271
Time Consumption for one epoch is 26.316484689712524s
======================================= Epoch 19 =======================================
================= Test Set =================
The acc is 0.9239, 0.9111, 0.9271
Time Consumption for one epoch is 26.42880630493164s
The final acc is 0.9239, 0.9111, 0.9271
