Namespace(data_dir='/data/yihua/dataset/celeba/celeba.hdf5', result_dir='crop_study', checkpoint=None, resume=False, domain_attrs='Male', target_attrs='Blond_Hair', exp_name=None, batch_size=512, lr=0.0001, wd=2e-05, epochs=20, seed=2020, num_workers=8, arch='resnet9', evaluate=False, total_num=5000, test_num=1000, gv=160.0, gr=0.1, minor_ratio=0.2, add_aug='crop')
======================================= Epoch 0 =======================================
================= Test Set =================
+++++++++++ Find New Best Min ACC +++++++++++
The acc is 0.4624, 0.4186, 0.5000
Time Consumption for one epoch is 16.029813766479492s
======================================= Epoch 1 =======================================
================= Test Set =================
+++++++++++ Find New Best Min ACC +++++++++++
The acc is 0.4914, 0.4395, 0.5360
Time Consumption for one epoch is 14.549171686172485s
======================================= Epoch 2 =======================================
================= Test Set =================
+++++++++++ Find New Best Min ACC +++++++++++
The acc is 0.6269, 0.6395, 0.6160
Time Consumption for one epoch is 13.895328760147095s
======================================= Epoch 3 =======================================
================= Test Set =================
+++++++++++ Find New Best Min ACC +++++++++++
The acc is 0.8032, 0.7721, 0.8300
Time Consumption for one epoch is 14.606073379516602s
======================================= Epoch 4 =======================================
================= Test Set =================
+++++++++++ Find New Best Min ACC +++++++++++
The acc is 0.8290, 0.8000, 0.8540
Time Consumption for one epoch is 14.322797775268555s
======================================= Epoch 5 =======================================
================= Test Set =================
The acc is 0.8290, 0.8000, 0.8540
Time Consumption for one epoch is 13.538587093353271s
======================================= Epoch 6 =======================================
================= Test Set =================
+++++++++++ Find New Best Min ACC +++++++++++
The acc is 0.8828, 0.8651, 0.8980
Time Consumption for one epoch is 14.217742919921875s
======================================= Epoch 7 =======================================
================= Test Set =================
The acc is 0.8828, 0.8651, 0.8980
Time Consumption for one epoch is 14.033239841461182s
======================================= Epoch 8 =======================================
================= Test Set =================
The acc is 0.8828, 0.8651, 0.8980
Time Consumption for one epoch is 13.889670610427856s
======================================= Epoch 9 =======================================
================= Test Set =================
+++++++++++ Find New Best Min ACC +++++++++++
The acc is 0.8849, 0.8674, 0.9000
Time Consumption for one epoch is 13.89790654182434s
======================================= Epoch 10 =======================================
================= Test Set =================
+++++++++++ Find New Best Min ACC +++++++++++
The acc is 0.8925, 0.8674, 0.9140
Time Consumption for one epoch is 13.812949895858765s
======================================= Epoch 11 =======================================
================= Test Set =================
The acc is 0.8925, 0.8674, 0.9140
Time Consumption for one epoch is 14.198933124542236s
======================================= Epoch 12 =======================================
================= Test Set =================
The acc is 0.8925, 0.8674, 0.9140
Time Consumption for one epoch is 13.699421644210815s
======================================= Epoch 13 =======================================
================= Test Set =================
The acc is 0.8925, 0.8674, 0.9140
Time Consumption for one epoch is 13.337886571884155s
======================================= Epoch 14 =======================================
================= Test Set =================
The acc is 0.8925, 0.8674, 0.9140
Time Consumption for one epoch is 13.865615129470825s
======================================= Epoch 15 =======================================
================= Test Set =================
The acc is 0.8925, 0.8674, 0.9140
Time Consumption for one epoch is 13.969169616699219s
======================================= Epoch 16 =======================================
================= Test Set =================
The acc is 0.8925, 0.8674, 0.9140
Time Consumption for one epoch is 14.13262414932251s
======================================= Epoch 17 =======================================
================= Test Set =================
+++++++++++ Find New Best Min ACC +++++++++++
The acc is 0.8968, 0.8884, 0.9040
Time Consumption for one epoch is 14.566487789154053s
======================================= Epoch 18 =======================================
================= Test Set =================
The acc is 0.8968, 0.8884, 0.9040
Time Consumption for one epoch is 13.951035022735596s
======================================= Epoch 19 =======================================
================= Test Set =================
+++++++++++ Find New Best Min ACC +++++++++++
The acc is 0.8978, 0.8884, 0.9060
Time Consumption for one epoch is 14.105838060379028s
The final acc is 0.8978, 0.8884, 0.9060
