Namespace(data_dir='/data/yihua/dataset/celeba/celeba.hdf5', result_dir='results', checkpoint=None, resume=False, domain_attrs='Male', target_attrs='Blond_Hair', exp_name=None, batch_size=512, lr=0.0001, wd=2e-05, epochs=20, seed=2022, num_workers=8, arch='resnet18', evaluate=False, gv=1e-06, gr=0.3)
======================================= Epoch 0 =======================================
================= Test Set =================
+++++++++++ Find New Best Min ACC +++++++++++
The acc is 0.5000, 0.5000, 0.5000
Time Consumption for one epoch is 46.26041078567505s
======================================= Epoch 1 =======================================
================= Test Set =================
+++++++++++ Find New Best Min ACC +++++++++++
The acc is 0.7583, 0.6722, 0.7799
Time Consumption for one epoch is 43.52650785446167s
======================================= Epoch 2 =======================================
================= Test Set =================
+++++++++++ Find New Best Min ACC +++++++++++
The acc is 0.9006, 0.8694, 0.9083
Time Consumption for one epoch is 44.39538216590881s
======================================= Epoch 3 =======================================
================= Test Set =================
The acc is 0.9006, 0.8694, 0.9083
Time Consumption for one epoch is 43.64733815193176s
======================================= Epoch 4 =======================================
================= Test Set =================
+++++++++++ Find New Best Min ACC +++++++++++
The acc is 0.9100, 0.8889, 0.9153
Time Consumption for one epoch is 42.79381346702576s
======================================= Epoch 5 =======================================
================= Test Set =================
+++++++++++ Find New Best Min ACC +++++++++++
The acc is 0.9106, 0.9111, 0.9104
Time Consumption for one epoch is 41.94757008552551s
======================================= Epoch 6 =======================================
================= Test Set =================
+++++++++++ Find New Best Min ACC +++++++++++
The acc is 0.9122, 0.9111, 0.9125
Time Consumption for one epoch is 42.81798434257507s
======================================= Epoch 7 =======================================
================= Test Set =================
The acc is 0.9122, 0.9111, 0.9125
Time Consumption for one epoch is 42.30430889129639s
======================================= Epoch 8 =======================================
================= Test Set =================
The acc is 0.9122, 0.9111, 0.9125
Time Consumption for one epoch is 42.21503210067749s
======================================= Epoch 9 =======================================
================= Test Set =================
The acc is 0.9122, 0.9111, 0.9125
Time Consumption for one epoch is 42.8567419052124s
======================================= Epoch 10 =======================================
================= Test Set =================
The acc is 0.9122, 0.9111, 0.9125
Time Consumption for one epoch is 43.4286675453186s
======================================= Epoch 11 =======================================
================= Test Set =================
The acc is 0.9122, 0.9111, 0.9125
Time Consumption for one epoch is 43.27614665031433s
======================================= Epoch 12 =======================================
================= Test Set =================
The acc is 0.9122, 0.9111, 0.9125
Time Consumption for one epoch is 42.40099906921387s
======================================= Epoch 13 =======================================
================= Test Set =================
The acc is 0.9122, 0.9111, 0.9125
Time Consumption for one epoch is 43.711495876312256s
======================================= Epoch 14 =======================================
================= Test Set =================
The acc is 0.9122, 0.9111, 0.9125
Time Consumption for one epoch is 43.415992736816406s
======================================= Epoch 15 =======================================
================= Test Set =================
The acc is 0.9122, 0.9111, 0.9125
Time Consumption for one epoch is 42.74746537208557s
======================================= Epoch 16 =======================================
================= Test Set =================
+++++++++++ Find New Best Min ACC +++++++++++
The acc is 0.9167, 0.9028, 0.9201
Time Consumption for one epoch is 43.256022691726685s
======================================= Epoch 17 =======================================
================= Test Set =================
The acc is 0.9167, 0.9028, 0.9201
Time Consumption for one epoch is 41.65012860298157s
======================================= Epoch 18 =======================================
================= Test Set =================
The acc is 0.9167, 0.9028, 0.9201
Time Consumption for one epoch is 41.66414737701416s
======================================= Epoch 19 =======================================
================= Test Set =================
The acc is 0.9167, 0.9028, 0.9201
Time Consumption for one epoch is 41.95710253715515s
The final acc is 0.9167, 0.9028, 0.9201
