Namespace(data_dir='/data/yihua/dataset/celeba/celeba.hdf5', result_dir='rotation_study', checkpoint=None, resume=False, domain_attrs='Male', target_attrs='Blond_Hair', exp_name=None, batch_size=512, lr=0.0001, wd=2e-05, epochs=20, seed=2021, num_workers=8, arch='resnet9', evaluate=False, total_num=5000, test_num=1000, gv=0.0, gr=0.1, minor_ratio=0.2, add_aug='rotation')
======================================= Epoch 0 =======================================
================= Test Set =================
+++++++++++ Find New Best Min ACC +++++++++++
The acc is 0.4624, 0.4186, 0.5000
Time Consumption for one epoch is 16.18856930732727s
======================================= Epoch 1 =======================================
================= Test Set =================
The acc is 0.4624, 0.4186, 0.5000
Time Consumption for one epoch is 14.267284870147705s
======================================= Epoch 2 =======================================
================= Test Set =================
+++++++++++ Find New Best Min ACC +++++++++++
The acc is 0.6430, 0.6000, 0.6800
Time Consumption for one epoch is 14.315871715545654s
======================================= Epoch 3 =======================================
================= Test Set =================
The acc is 0.6430, 0.6000, 0.6800
Time Consumption for one epoch is 14.017433643341064s
======================================= Epoch 4 =======================================
================= Test Set =================
+++++++++++ Find New Best Min ACC +++++++++++
The acc is 0.7828, 0.7558, 0.8060
Time Consumption for one epoch is 13.922796726226807s
======================================= Epoch 5 =======================================
================= Test Set =================
+++++++++++ Find New Best Min ACC +++++++++++
The acc is 0.8495, 0.8186, 0.8760
Time Consumption for one epoch is 13.783522367477417s
======================================= Epoch 6 =======================================
================= Test Set =================
+++++++++++ Find New Best Min ACC +++++++++++
The acc is 0.8688, 0.8465, 0.8880
Time Consumption for one epoch is 14.67046308517456s
======================================= Epoch 7 =======================================
================= Test Set =================
+++++++++++ Find New Best Min ACC +++++++++++
The acc is 0.8763, 0.8512, 0.8980
Time Consumption for one epoch is 13.755316495895386s
======================================= Epoch 8 =======================================
================= Test Set =================
+++++++++++ Find New Best Min ACC +++++++++++
The acc is 0.8806, 0.8558, 0.9020
Time Consumption for one epoch is 13.95978593826294s
======================================= Epoch 9 =======================================
================= Test Set =================
The acc is 0.8806, 0.8558, 0.9020
Time Consumption for one epoch is 14.045585870742798s
======================================= Epoch 10 =======================================
================= Test Set =================
The acc is 0.8806, 0.8558, 0.9020
Time Consumption for one epoch is 14.144562244415283s
======================================= Epoch 11 =======================================
================= Test Set =================
+++++++++++ Find New Best Min ACC +++++++++++
The acc is 0.8849, 0.8651, 0.9020
Time Consumption for one epoch is 14.62189531326294s
======================================= Epoch 12 =======================================
================= Test Set =================
The acc is 0.8849, 0.8651, 0.9020
Time Consumption for one epoch is 14.097183465957642s
======================================= Epoch 13 =======================================
================= Test Set =================
+++++++++++ Find New Best Min ACC +++++++++++
The acc is 0.8903, 0.8791, 0.9000
Time Consumption for one epoch is 14.167426586151123s
======================================= Epoch 14 =======================================
================= Test Set =================
The acc is 0.8903, 0.8791, 0.9000
Time Consumption for one epoch is 14.34086799621582s
======================================= Epoch 15 =======================================
================= Test Set =================
The acc is 0.8903, 0.8791, 0.9000
Time Consumption for one epoch is 13.567178964614868s
======================================= Epoch 16 =======================================
================= Test Set =================
The acc is 0.8903, 0.8791, 0.9000
Time Consumption for one epoch is 13.95766019821167s
======================================= Epoch 17 =======================================
================= Test Set =================
The acc is 0.8903, 0.8791, 0.9000
Time Consumption for one epoch is 14.071088552474976s
======================================= Epoch 18 =======================================
================= Test Set =================
+++++++++++ Find New Best Min ACC +++++++++++
The acc is 0.8925, 0.8721, 0.9100
Time Consumption for one epoch is 13.817531108856201s
======================================= Epoch 19 =======================================
================= Test Set =================
+++++++++++ Find New Best Min ACC +++++++++++
The acc is 0.8935, 0.8767, 0.9080
Time Consumption for one epoch is 14.243739128112793s
The final acc is 0.8935, 0.8767, 0.9080
