Namespace(data_dir='/data/yihua/dataset/celeba/celeba.hdf5', result_dir='results', checkpoint=None, resume=False, domain_attrs='Male', target_attrs='Heavy_Makeup', exp_name=None, batch_size=512, lr=0.0001, wd=2e-05, epochs=20, seed=2021, num_workers=8, arch='resnet9', evaluate=False, gv=0.001, gr=0.1)
======================================= Epoch 0 =======================================
================= Test Set =================
+++++++++++ Find New Best Min ACC +++++++++++
The acc is 0.5000, 0.5000, 0.5000
Time Consumption for one epoch is 8.44410228729248s
======================================= Epoch 1 =======================================
================= Test Set =================
The acc is 0.5000, 0.5000, 0.5000
Time Consumption for one epoch is 7.441010236740112s
======================================= Epoch 2 =======================================
================= Test Set =================
+++++++++++ Find New Best Min ACC +++++++++++
The acc is 0.5045, 0.5227, 0.5000
Time Consumption for one epoch is 9.333345413208008s
======================================= Epoch 3 =======================================
================= Test Set =================
The acc is 0.5045, 0.5227, 0.5000
Time Consumption for one epoch is 8.212466955184937s
======================================= Epoch 4 =======================================
================= Test Set =================
The acc is 0.5045, 0.5227, 0.5000
Time Consumption for one epoch is 8.561819791793823s
======================================= Epoch 5 =======================================
================= Test Set =================
+++++++++++ Find New Best Min ACC +++++++++++
The acc is 0.5091, 0.5227, 0.5057
Time Consumption for one epoch is 8.936023950576782s
======================================= Epoch 6 =======================================
================= Test Set =================
The acc is 0.5091, 0.5227, 0.5057
Time Consumption for one epoch is 7.813817501068115s
======================================= Epoch 7 =======================================
================= Test Set =================
The acc is 0.5091, 0.5227, 0.5057
Time Consumption for one epoch is 8.313843965530396s
======================================= Epoch 8 =======================================
================= Test Set =================
+++++++++++ Find New Best Min ACC +++++++++++
The acc is 0.5273, 0.5455, 0.5227
Time Consumption for one epoch is 8.775712251663208s
======================================= Epoch 9 =======================================
================= Test Set =================
+++++++++++ Find New Best Min ACC +++++++++++
The acc is 0.6136, 0.5000, 0.6420
Time Consumption for one epoch is 8.22015118598938s
======================================= Epoch 10 =======================================
================= Test Set =================
+++++++++++ Find New Best Min ACC +++++++++++
The acc is 0.6318, 0.4318, 0.6818
Time Consumption for one epoch is 9.105862617492676s
======================================= Epoch 11 =======================================
================= Test Set =================
+++++++++++ Find New Best Min ACC +++++++++++
The acc is 0.6409, 0.4773, 0.6818
Time Consumption for one epoch is 9.67455792427063s
======================================= Epoch 12 =======================================
================= Test Set =================
+++++++++++ Find New Best Min ACC +++++++++++
The acc is 0.6500, 0.5227, 0.6818
Time Consumption for one epoch is 8.637223243713379s
======================================= Epoch 13 =======================================
================= Test Set =================
The acc is 0.6500, 0.5227, 0.6818
Time Consumption for one epoch is 9.41016936302185s
======================================= Epoch 14 =======================================
================= Test Set =================
+++++++++++ Find New Best Min ACC +++++++++++
The acc is 0.6545, 0.5227, 0.6875
Time Consumption for one epoch is 8.47024941444397s
======================================= Epoch 15 =======================================
================= Test Set =================
+++++++++++ Find New Best Min ACC +++++++++++
The acc is 0.6727, 0.5682, 0.6989
Time Consumption for one epoch is 7.672962427139282s
======================================= Epoch 16 =======================================
================= Test Set =================
+++++++++++ Find New Best Min ACC +++++++++++
The acc is 0.6909, 0.5682, 0.7216
Time Consumption for one epoch is 9.611881732940674s
======================================= Epoch 17 =======================================
================= Test Set =================
The acc is 0.6909, 0.5682, 0.7216
Time Consumption for one epoch is 8.121003150939941s
======================================= Epoch 18 =======================================
================= Test Set =================
The acc is 0.6909, 0.5682, 0.7216
Time Consumption for one epoch is 9.235342025756836s
======================================= Epoch 19 =======================================
================= Test Set =================
The acc is 0.6909, 0.5682, 0.7216
Time Consumption for one epoch is 8.622567653656006s
The final acc is 0.6909, 0.5682, 0.7216
