Namespace(data_dir='/data/yihua/dataset/celeba/celeba.hdf5', result_dir='results', checkpoint=None, resume=False, domain_attrs='Male', target_attrs='Blond_Hair', exp_name=None, batch_size=512, lr=0.0001, wd=2e-05, epochs=20, seed=2022, num_workers=8, arch='resnet18', evaluate=False, gv=0.0001, gr=0.1)
======================================= Epoch 0 =======================================
================= Test Set =================
+++++++++++ Find New Best Min ACC +++++++++++
The acc is 0.5000, 0.5000, 0.5000
Time Consumption for one epoch is 45.246076345443726s
======================================= Epoch 1 =======================================
================= Test Set =================
+++++++++++ Find New Best Min ACC +++++++++++
The acc is 0.6450, 0.5944, 0.6576
Time Consumption for one epoch is 41.599257469177246s
======================================= Epoch 2 =======================================
================= Test Set =================
+++++++++++ Find New Best Min ACC +++++++++++
The acc is 0.8289, 0.8250, 0.8299
Time Consumption for one epoch is 41.56372046470642s
======================================= Epoch 3 =======================================
================= Test Set =================
+++++++++++ Find New Best Min ACC +++++++++++
The acc is 0.9056, 0.9000, 0.9069
Time Consumption for one epoch is 41.95689344406128s
======================================= Epoch 4 =======================================
================= Test Set =================
The acc is 0.9056, 0.9000, 0.9069
Time Consumption for one epoch is 41.01181697845459s
======================================= Epoch 5 =======================================
================= Test Set =================
+++++++++++ Find New Best Min ACC +++++++++++
The acc is 0.9128, 0.8972, 0.9167
Time Consumption for one epoch is 41.93175292015076s
======================================= Epoch 6 =======================================
================= Test Set =================
The acc is 0.9128, 0.8972, 0.9167
Time Consumption for one epoch is 41.300015926361084s
======================================= Epoch 7 =======================================
================= Test Set =================
The acc is 0.9128, 0.8972, 0.9167
Time Consumption for one epoch is 41.120561361312866s
======================================= Epoch 8 =======================================
================= Test Set =================
The acc is 0.9128, 0.8972, 0.9167
Time Consumption for one epoch is 41.3948609828949s
======================================= Epoch 9 =======================================
================= Test Set =================
The acc is 0.9128, 0.8972, 0.9167
Time Consumption for one epoch is 41.26605176925659s
======================================= Epoch 10 =======================================
================= Test Set =================
The acc is 0.9128, 0.8972, 0.9167
Time Consumption for one epoch is 41.852216482162476s
======================================= Epoch 11 =======================================
================= Test Set =================
The acc is 0.9128, 0.8972, 0.9167
Time Consumption for one epoch is 41.89484214782715s
======================================= Epoch 12 =======================================
================= Test Set =================
The acc is 0.9128, 0.8972, 0.9167
Time Consumption for one epoch is 41.584301233291626s
======================================= Epoch 13 =======================================
================= Test Set =================
The acc is 0.9128, 0.8972, 0.9167
Time Consumption for one epoch is 40.64560317993164s
======================================= Epoch 14 =======================================
================= Test Set =================
The acc is 0.9128, 0.8972, 0.9167
Time Consumption for one epoch is 41.32316064834595s
======================================= Epoch 15 =======================================
================= Test Set =================
The acc is 0.9128, 0.8972, 0.9167
Time Consumption for one epoch is 43.150795459747314s
======================================= Epoch 16 =======================================
================= Test Set =================
+++++++++++ Find New Best Min ACC +++++++++++
The acc is 0.9189, 0.9000, 0.9236
Time Consumption for one epoch is 42.530789375305176s
======================================= Epoch 17 =======================================
================= Test Set =================
The acc is 0.9189, 0.9000, 0.9236
Time Consumption for one epoch is 40.74106574058533s
======================================= Epoch 18 =======================================
================= Test Set =================
The acc is 0.9189, 0.9000, 0.9236
Time Consumption for one epoch is 40.56733751296997s
======================================= Epoch 19 =======================================
================= Test Set =================
The acc is 0.9189, 0.9000, 0.9236
Time Consumption for one epoch is 41.507325410842896s
The final acc is 0.9189, 0.9000, 0.9236
