Namespace(data_dir='/data/yihua/dataset/celeba/celeba.hdf5', result_dir='results', checkpoint=None, resume=False, domain_attrs='Male', target_attrs='Blond_Hair', exp_name=None, batch_size=512, lr=0.0001, wd=2e-05, epochs=20, seed=2021, num_workers=8, arch='resnet9', evaluate=False, gv=10.0, gr=0.1)
======================================= Epoch 0 =======================================
================= Test Set =================
+++++++++++ Find New Best Min ACC +++++++++++
The acc is 0.8217, 0.8111, 0.8243
Time Consumption for one epoch is 27.666571140289307s
======================================= Epoch 1 =======================================
================= Test Set =================
+++++++++++ Find New Best Min ACC +++++++++++
The acc is 0.8706, 0.8222, 0.8826
Time Consumption for one epoch is 24.185961723327637s
======================================= Epoch 2 =======================================
================= Test Set =================
+++++++++++ Find New Best Min ACC +++++++++++
The acc is 0.8756, 0.8194, 0.8896
Time Consumption for one epoch is 23.49475336074829s
======================================= Epoch 3 =======================================
================= Test Set =================
+++++++++++ Find New Best Min ACC +++++++++++
The acc is 0.8956, 0.8667, 0.9028
Time Consumption for one epoch is 23.026031255722046s
======================================= Epoch 4 =======================================
================= Test Set =================
The acc is 0.8956, 0.8667, 0.9028
Time Consumption for one epoch is 22.97973322868347s
======================================= Epoch 5 =======================================
================= Test Set =================
+++++++++++ Find New Best Min ACC +++++++++++
The acc is 0.8994, 0.8583, 0.9097
Time Consumption for one epoch is 23.488393783569336s
======================================= Epoch 6 =======================================
================= Test Set =================
The acc is 0.8994, 0.8583, 0.9097
Time Consumption for one epoch is 23.006658792495728s
======================================= Epoch 7 =======================================
================= Test Set =================
The acc is 0.8994, 0.8583, 0.9097
Time Consumption for one epoch is 24.10844111442566s
======================================= Epoch 8 =======================================
================= Test Set =================
The acc is 0.8994, 0.8583, 0.9097
Time Consumption for one epoch is 23.57925844192505s
======================================= Epoch 9 =======================================
================= Test Set =================
+++++++++++ Find New Best Min ACC +++++++++++
The acc is 0.9028, 0.8722, 0.9104
Time Consumption for one epoch is 23.8622829914093s
======================================= Epoch 10 =======================================
================= Test Set =================
+++++++++++ Find New Best Min ACC +++++++++++
The acc is 0.9078, 0.8861, 0.9132
Time Consumption for one epoch is 24.67892050743103s
======================================= Epoch 11 =======================================
================= Test Set =================
+++++++++++ Find New Best Min ACC +++++++++++
The acc is 0.9183, 0.9111, 0.9201
Time Consumption for one epoch is 24.418323516845703s
======================================= Epoch 12 =======================================
================= Test Set =================
The acc is 0.9183, 0.9111, 0.9201
Time Consumption for one epoch is 24.836745977401733s
======================================= Epoch 13 =======================================
================= Test Set =================
The acc is 0.9183, 0.9111, 0.9201
Time Consumption for one epoch is 25.2752583026886s
======================================= Epoch 14 =======================================
================= Test Set =================
The acc is 0.9183, 0.9111, 0.9201
Time Consumption for one epoch is 24.710131406784058s
======================================= Epoch 15 =======================================
================= Test Set =================
The acc is 0.9183, 0.9111, 0.9201
Time Consumption for one epoch is 23.38858699798584s
======================================= Epoch 16 =======================================
================= Test Set =================
+++++++++++ Find New Best Min ACC +++++++++++
The acc is 0.9200, 0.9111, 0.9222
Time Consumption for one epoch is 25.119275331497192s
======================================= Epoch 17 =======================================
================= Test Set =================
The acc is 0.9200, 0.9111, 0.9222
Time Consumption for one epoch is 23.90692710876465s
======================================= Epoch 18 =======================================
================= Test Set =================
The acc is 0.9200, 0.9111, 0.9222
Time Consumption for one epoch is 23.939011335372925s
======================================= Epoch 19 =======================================
================= Test Set =================
The acc is 0.9200, 0.9111, 0.9222
Time Consumption for one epoch is 24.71505880355835s
The final acc is 0.9200, 0.9111, 0.9222
