Namespace(data_dir='/data/yihua/dataset/celeba/celeba.hdf5', result_dir='results', checkpoint=None, resume=False, domain_attrs='Male', target_attrs='Blond_Hair', exp_name=None, batch_size=512, lr=0.0001, wd=2e-05, epochs=20, seed=2022, num_workers=8, arch='resnet9', evaluate=False, gv=0.4, gr=0.5)
======================================= Epoch 0 =======================================
================= Test Set =================
+++++++++++ Find New Best Min ACC +++++++++++
The acc is 0.7567, 0.6889, 0.7736
Time Consumption for one epoch is 28.018199682235718s
======================================= Epoch 1 =======================================
================= Test Set =================
+++++++++++ Find New Best Min ACC +++++++++++
The acc is 0.8850, 0.8250, 0.9000
Time Consumption for one epoch is 26.66780710220337s
======================================= Epoch 2 =======================================
================= Test Set =================
The acc is 0.8850, 0.8250, 0.9000
Time Consumption for one epoch is 24.5111563205719s
======================================= Epoch 3 =======================================
================= Test Set =================
+++++++++++ Find New Best Min ACC +++++++++++
The acc is 0.8994, 0.8694, 0.9069
Time Consumption for one epoch is 23.593151569366455s
======================================= Epoch 4 =======================================
================= Test Set =================
The acc is 0.8994, 0.8694, 0.9069
Time Consumption for one epoch is 26.83856511116028s
======================================= Epoch 5 =======================================
================= Test Set =================
+++++++++++ Find New Best Min ACC +++++++++++
The acc is 0.9072, 0.8806, 0.9139
Time Consumption for one epoch is 24.90465545654297s
======================================= Epoch 6 =======================================
================= Test Set =================
+++++++++++ Find New Best Min ACC +++++++++++
The acc is 0.9078, 0.8694, 0.9174
Time Consumption for one epoch is 25.813049793243408s
======================================= Epoch 7 =======================================
================= Test Set =================
+++++++++++ Find New Best Min ACC +++++++++++
The acc is 0.9089, 0.8806, 0.9160
Time Consumption for one epoch is 25.309107065200806s
======================================= Epoch 8 =======================================
================= Test Set =================
The acc is 0.9089, 0.8806, 0.9160
Time Consumption for one epoch is 26.899285078048706s
======================================= Epoch 9 =======================================
================= Test Set =================
+++++++++++ Find New Best Min ACC +++++++++++
The acc is 0.9100, 0.8861, 0.9160
Time Consumption for one epoch is 25.749149560928345s
======================================= Epoch 10 =======================================
================= Test Set =================
The acc is 0.9100, 0.8861, 0.9160
Time Consumption for one epoch is 25.266332149505615s
======================================= Epoch 11 =======================================
================= Test Set =================
+++++++++++ Find New Best Min ACC +++++++++++
The acc is 0.9211, 0.9167, 0.9222
Time Consumption for one epoch is 26.360772609710693s
======================================= Epoch 12 =======================================
================= Test Set =================
The acc is 0.9211, 0.9167, 0.9222
Time Consumption for one epoch is 25.264776945114136s
======================================= Epoch 13 =======================================
================= Test Set =================
The acc is 0.9211, 0.9167, 0.9222
Time Consumption for one epoch is 25.921435356140137s
======================================= Epoch 14 =======================================
================= Test Set =================
The acc is 0.9211, 0.9167, 0.9222
Time Consumption for one epoch is 26.19224739074707s
======================================= Epoch 15 =======================================
================= Test Set =================
The acc is 0.9211, 0.9167, 0.9222
Time Consumption for one epoch is 25.16381049156189s
======================================= Epoch 16 =======================================
================= Test Set =================
The acc is 0.9211, 0.9167, 0.9222
Time Consumption for one epoch is 24.750707626342773s
======================================= Epoch 17 =======================================
================= Test Set =================
The acc is 0.9211, 0.9167, 0.9222
Time Consumption for one epoch is 26.467459201812744s
======================================= Epoch 18 =======================================
================= Test Set =================
The acc is 0.9211, 0.9167, 0.9222
Time Consumption for one epoch is 25.906163215637207s
======================================= Epoch 19 =======================================
================= Test Set =================
The acc is 0.9211, 0.9167, 0.9222
Time Consumption for one epoch is 24.468735933303833s
The final acc is 0.9211, 0.9167, 0.9222
