Namespace(data_dir='/data/yihua/dataset/celeba/celeba.hdf5', result_dir='results', checkpoint=None, resume=False, domain_attrs='Male', target_attrs='Heavy_Makeup', exp_name=None, batch_size=512, lr=0.0001, wd=2e-05, epochs=20, seed=42, num_workers=8, arch='resnet9', evaluate=False, gv=0.25, gr=0.1)
======================================= Epoch 0 =======================================
================= Test Set =================
+++++++++++ Find New Best Min ACC +++++++++++
The acc is 0.5000, 0.5000, 0.5000
Time Consumption for one epoch is 9.740451097488403s
======================================= Epoch 1 =======================================
================= Test Set =================
The acc is 0.5000, 0.5000, 0.5000
Time Consumption for one epoch is 8.285894393920898s
======================================= Epoch 2 =======================================
================= Test Set =================
The acc is 0.5000, 0.5000, 0.5000
Time Consumption for one epoch is 7.456250429153442s
======================================= Epoch 3 =======================================
================= Test Set =================
The acc is 0.5000, 0.5000, 0.5000
Time Consumption for one epoch is 7.769683361053467s
======================================= Epoch 4 =======================================
================= Test Set =================
The acc is 0.5000, 0.5000, 0.5000
Time Consumption for one epoch is 7.503418445587158s
======================================= Epoch 5 =======================================
================= Test Set =================
The acc is 0.5000, 0.5000, 0.5000
Time Consumption for one epoch is 8.25312876701355s
======================================= Epoch 6 =======================================
================= Test Set =================
+++++++++++ Find New Best Min ACC +++++++++++
The acc is 0.5091, 0.5455, 0.5000
Time Consumption for one epoch is 8.076475620269775s
======================================= Epoch 7 =======================================
================= Test Set =================
+++++++++++ Find New Best Min ACC +++++++++++
The acc is 0.5182, 0.5227, 0.5170
Time Consumption for one epoch is 7.964299917221069s
======================================= Epoch 8 =======================================
================= Test Set =================
+++++++++++ Find New Best Min ACC +++++++++++
The acc is 0.6000, 0.5682, 0.6080
Time Consumption for one epoch is 8.921478271484375s
======================================= Epoch 9 =======================================
================= Test Set =================
The acc is 0.6000, 0.5682, 0.6080
Time Consumption for one epoch is 7.550280332565308s
======================================= Epoch 10 =======================================
================= Test Set =================
+++++++++++ Find New Best Min ACC +++++++++++
The acc is 0.6318, 0.5682, 0.6477
Time Consumption for one epoch is 9.689284086227417s
======================================= Epoch 11 =======================================
================= Test Set =================
+++++++++++ Find New Best Min ACC +++++++++++
The acc is 0.6409, 0.5909, 0.6534
Time Consumption for one epoch is 7.812376499176025s
======================================= Epoch 12 =======================================
================= Test Set =================
The acc is 0.6409, 0.5909, 0.6534
Time Consumption for one epoch is 7.479960203170776s
======================================= Epoch 13 =======================================
================= Test Set =================
+++++++++++ Find New Best Min ACC +++++++++++
The acc is 0.6500, 0.5455, 0.6761
Time Consumption for one epoch is 7.439016580581665s
======================================= Epoch 14 =======================================
================= Test Set =================
The acc is 0.6500, 0.5455, 0.6761
Time Consumption for one epoch is 7.752766370773315s
======================================= Epoch 15 =======================================
================= Test Set =================
+++++++++++ Find New Best Min ACC +++++++++++
The acc is 0.6727, 0.5682, 0.6989
Time Consumption for one epoch is 8.234672784805298s
======================================= Epoch 16 =======================================
================= Test Set =================
The acc is 0.6727, 0.5682, 0.6989
Time Consumption for one epoch is 8.338374137878418s
======================================= Epoch 17 =======================================
================= Test Set =================
The acc is 0.6727, 0.5682, 0.6989
Time Consumption for one epoch is 9.287426948547363s
======================================= Epoch 18 =======================================
================= Test Set =================
The acc is 0.6727, 0.5682, 0.6989
Time Consumption for one epoch is 9.151026487350464s
======================================= Epoch 19 =======================================
================= Test Set =================
The acc is 0.6727, 0.5682, 0.6989
Time Consumption for one epoch is 9.381376028060913s
The final acc is 0.6727, 0.5682, 0.6989
