Namespace(data_dir='/data/yihua/dataset/celeba/celeba.hdf5', result_dir='results', checkpoint=None, resume=False, domain_attrs='Male', target_attrs='Blond_Hair', exp_name=None, batch_size=512, lr=0.0001, wd=2e-05, epochs=20, seed=2021, num_workers=8, arch='resnet18', evaluate=False, gv=10.0, gr=0.1)
======================================= Epoch 0 =======================================
================= Test Set =================
+++++++++++ Find New Best Min ACC +++++++++++
The acc is 0.7828, 0.7528, 0.7903
Time Consumption for one epoch is 45.775891065597534s
======================================= Epoch 1 =======================================
================= Test Set =================
+++++++++++ Find New Best Min ACC +++++++++++
The acc is 0.8689, 0.8000, 0.8861
Time Consumption for one epoch is 42.20116829872131s
======================================= Epoch 2 =======================================
================= Test Set =================
+++++++++++ Find New Best Min ACC +++++++++++
The acc is 0.8778, 0.8333, 0.8889
Time Consumption for one epoch is 42.48644137382507s
======================================= Epoch 3 =======================================
================= Test Set =================
The acc is 0.8778, 0.8333, 0.8889
Time Consumption for one epoch is 40.38860297203064s
======================================= Epoch 4 =======================================
================= Test Set =================
+++++++++++ Find New Best Min ACC +++++++++++
The acc is 0.9006, 0.8833, 0.9049
Time Consumption for one epoch is 42.04851269721985s
======================================= Epoch 5 =======================================
================= Test Set =================
+++++++++++ Find New Best Min ACC +++++++++++
The acc is 0.9094, 0.8861, 0.9153
Time Consumption for one epoch is 41.72268295288086s
======================================= Epoch 6 =======================================
================= Test Set =================
The acc is 0.9094, 0.8861, 0.9153
Time Consumption for one epoch is 41.14923095703125s
======================================= Epoch 7 =======================================
================= Test Set =================
The acc is 0.9094, 0.8861, 0.9153
Time Consumption for one epoch is 40.99605941772461s
======================================= Epoch 8 =======================================
================= Test Set =================
The acc is 0.9094, 0.8861, 0.9153
Time Consumption for one epoch is 40.33507752418518s
======================================= Epoch 9 =======================================
================= Test Set =================
+++++++++++ Find New Best Min ACC +++++++++++
The acc is 0.9150, 0.8889, 0.9215
Time Consumption for one epoch is 42.76966691017151s
======================================= Epoch 10 =======================================
================= Test Set =================
The acc is 0.9150, 0.8889, 0.9215
Time Consumption for one epoch is 41.68982172012329s
======================================= Epoch 11 =======================================
================= Test Set =================
The acc is 0.9150, 0.8889, 0.9215
Time Consumption for one epoch is 40.640669107437134s
======================================= Epoch 12 =======================================
================= Test Set =================
The acc is 0.9150, 0.8889, 0.9215
Time Consumption for one epoch is 40.92592811584473s
======================================= Epoch 13 =======================================
================= Test Set =================
The acc is 0.9150, 0.8889, 0.9215
Time Consumption for one epoch is 41.67523145675659s
======================================= Epoch 14 =======================================
================= Test Set =================
The acc is 0.9150, 0.8889, 0.9215
Time Consumption for one epoch is 41.34355401992798s
======================================= Epoch 15 =======================================
