Namespace(data_dir='/data/yihua/dataset/celeba/celeba.hdf5', result_dir='results', checkpoint=None, resume=False, domain_attrs='Male', target_attrs='Heavy_Makeup', exp_name=None, batch_size=512, lr=0.0001, wd=2e-05, epochs=20, seed=2021, num_workers=8, arch='resnet9', evaluate=False, gv=0.01, gr=0.3)
======================================= Epoch 0 =======================================
================= Test Set =================
+++++++++++ Find New Best Min ACC +++++++++++
The acc is 0.5000, 0.5000, 0.5000
Time Consumption for one epoch is 10.575019836425781s
======================================= Epoch 1 =======================================
================= Test Set =================
The acc is 0.5000, 0.5000, 0.5000
Time Consumption for one epoch is 8.788814067840576s
======================================= Epoch 2 =======================================
================= Test Set =================
The acc is 0.5000, 0.5000, 0.5000
Time Consumption for one epoch is 7.805904865264893s
======================================= Epoch 3 =======================================
================= Test Set =================
The acc is 0.5000, 0.5000, 0.5000
Time Consumption for one epoch is 9.834810972213745s
======================================= Epoch 4 =======================================
================= Test Set =================
The acc is 0.5000, 0.5000, 0.5000
Time Consumption for one epoch is 7.836563587188721s
======================================= Epoch 5 =======================================
================= Test Set =================
The acc is 0.5000, 0.5000, 0.5000
Time Consumption for one epoch is 7.73632550239563s
======================================= Epoch 6 =======================================
================= Test Set =================
+++++++++++ Find New Best Min ACC +++++++++++
The acc is 0.5045, 0.5227, 0.5000
Time Consumption for one epoch is 9.457021951675415s
======================================= Epoch 7 =======================================
================= Test Set =================
The acc is 0.5045, 0.5227, 0.5000
Time Consumption for one epoch is 8.278858423233032s
======================================= Epoch 8 =======================================
================= Test Set =================
+++++++++++ Find New Best Min ACC +++++++++++
The acc is 0.5545, 0.5227, 0.5625
Time Consumption for one epoch is 8.347033023834229s
======================================= Epoch 9 =======================================
================= Test Set =================
The acc is 0.5545, 0.5227, 0.5625
Time Consumption for one epoch is 9.586262226104736s
======================================= Epoch 10 =======================================
================= Test Set =================
+++++++++++ Find New Best Min ACC +++++++++++
The acc is 0.6455, 0.5682, 0.6648
Time Consumption for one epoch is 9.62506651878357s
======================================= Epoch 11 =======================================
================= Test Set =================
The acc is 0.6455, 0.5682, 0.6648
Time Consumption for one epoch is 8.224773645401001s
======================================= Epoch 12 =======================================
================= Test Set =================
The acc is 0.6455, 0.5682, 0.6648
Time Consumption for one epoch is 8.829956769943237s
======================================= Epoch 13 =======================================
================= Test Set =================
+++++++++++ Find New Best Min ACC +++++++++++
The acc is 0.6727, 0.5909, 0.6932
Time Consumption for one epoch is 10.935990571975708s
======================================= Epoch 14 =======================================
================= Test Set =================
+++++++++++ Find New Best Min ACC +++++++++++
The acc is 0.7091, 0.6364, 0.7273
Time Consumption for one epoch is 8.001539945602417s
======================================= Epoch 15 =======================================
================= Test Set =================
The acc is 0.7091, 0.6364, 0.7273
Time Consumption for one epoch is 9.015814542770386s
======================================= Epoch 16 =======================================
================= Test Set =================
The acc is 0.7091, 0.6364, 0.7273
Time Consumption for one epoch is 8.849533796310425s
======================================= Epoch 17 =======================================
================= Test Set =================
+++++++++++ Find New Best Min ACC +++++++++++
The acc is 0.7182, 0.6818, 0.7273
Time Consumption for one epoch is 8.26193618774414s
======================================= Epoch 18 =======================================
================= Test Set =================
The acc is 0.7182, 0.6818, 0.7273
Time Consumption for one epoch is 8.603849411010742s
======================================= Epoch 19 =======================================
================= Test Set =================
The acc is 0.7182, 0.6818, 0.7273
Time Consumption for one epoch is 9.075536012649536s
The final acc is 0.7182, 0.6818, 0.7273
