Namespace(data_dir='/data/yihua/dataset/celeba/celeba.hdf5', result_dir='rotation_study', checkpoint=None, resume=False, domain_attrs='Male', target_attrs='Blond_Hair', exp_name=None, batch_size=512, lr=0.0001, wd=2e-05, epochs=20, seed=2022, num_workers=8, arch='resnet18', evaluate=False, total_num=5000, test_num=1000, gv=60.0, gr=0.5, minor_ratio=0.2, add_aug='rotation')
======================================= Epoch 0 =======================================
================= Test Set =================
+++++++++++ Find New Best Min ACC +++++++++++
The acc is 0.5366, 0.5791, 0.5000
Time Consumption for one epoch is 24.170284271240234s
======================================= Epoch 1 =======================================
================= Test Set =================
+++++++++++ Find New Best Min ACC +++++++++++
The acc is 0.5376, 0.5814, 0.5000
Time Consumption for one epoch is 19.97616696357727s
======================================= Epoch 2 =======================================
================= Test Set =================
The acc is 0.5376, 0.5814, 0.5000
Time Consumption for one epoch is 20.941773653030396s
======================================= Epoch 3 =======================================
================= Test Set =================
+++++++++++ Find New Best Min ACC +++++++++++
The acc is 0.5559, 0.6023, 0.5160
Time Consumption for one epoch is 20.495782136917114s
======================================= Epoch 4 =======================================
================= Test Set =================
+++++++++++ Find New Best Min ACC +++++++++++
The acc is 0.8312, 0.8070, 0.8520
Time Consumption for one epoch is 22.391584396362305s
======================================= Epoch 5 =======================================
================= Test Set =================
The acc is 0.8312, 0.8070, 0.8520
Time Consumption for one epoch is 20.774285078048706s
======================================= Epoch 6 =======================================
================= Test Set =================
+++++++++++ Find New Best Min ACC +++++++++++
The acc is 0.8742, 0.8488, 0.8960
Time Consumption for one epoch is 20.133713960647583s
======================================= Epoch 7 =======================================
================= Test Set =================
The acc is 0.8742, 0.8488, 0.8960
Time Consumption for one epoch is 21.41669201850891s
======================================= Epoch 8 =======================================
================= Test Set =================
The acc is 0.8742, 0.8488, 0.8960
Time Consumption for one epoch is 21.337297677993774s
======================================= Epoch 9 =======================================
================= Test Set =================
The acc is 0.8742, 0.8488, 0.8960
Time Consumption for one epoch is 21.45670747756958s
======================================= Epoch 10 =======================================
================= Test Set =================
+++++++++++ Find New Best Min ACC +++++++++++
The acc is 0.8935, 0.8674, 0.9160
Time Consumption for one epoch is 21.779539108276367s
======================================= Epoch 11 =======================================
================= Test Set =================
The acc is 0.8935, 0.8674, 0.9160
Time Consumption for one epoch is 20.690300226211548s
======================================= Epoch 12 =======================================
================= Test Set =================
The acc is 0.8935, 0.8674, 0.9160
Time Consumption for one epoch is 19.704699516296387s
======================================= Epoch 13 =======================================
================= Test Set =================
The acc is 0.8935, 0.8674, 0.9160
Time Consumption for one epoch is 19.937137842178345s
======================================= Epoch 14 =======================================
================= Test Set =================
The acc is 0.8935, 0.8674, 0.9160
Time Consumption for one epoch is 19.957759141921997s
======================================= Epoch 15 =======================================
================= Test Set =================
The acc is 0.8935, 0.8674, 0.9160
Time Consumption for one epoch is 21.292996168136597s
======================================= Epoch 16 =======================================
================= Test Set =================
+++++++++++ Find New Best Min ACC +++++++++++
The acc is 0.8978, 0.8907, 0.9040
Time Consumption for one epoch is 20.952839851379395s
======================================= Epoch 17 =======================================
================= Test Set =================
+++++++++++ Find New Best Min ACC +++++++++++
The acc is 0.8989, 0.8930, 0.9040
Time Consumption for one epoch is 20.933839559555054s
======================================= Epoch 18 =======================================
================= Test Set =================
+++++++++++ Find New Best Min ACC +++++++++++
The acc is 0.9011, 0.8953, 0.9060
Time Consumption for one epoch is 19.999247312545776s
======================================= Epoch 19 =======================================
================= Test Set =================
The acc is 0.9011, 0.8953, 0.9060
Time Consumption for one epoch is 22.433919429779053s
The final acc is 0.9011, 0.8953, 0.9060
