Namespace(data_dir='/data/yihua/dataset/celeba/celeba.hdf5', result_dir='crop_study', checkpoint=None, resume=False, domain_attrs='Male', target_attrs='Blond_Hair', exp_name=None, batch_size=512, lr=0.0001, wd=2e-05, epochs=20, seed=2021, num_workers=8, arch='resnet9', evaluate=False, total_num=5000, test_num=1000, gv=140.0, gr=0.1, minor_ratio=0.2, add_aug='crop')
======================================= Epoch 0 =======================================
================= Test Set =================
+++++++++++ Find New Best Min ACC +++++++++++
The acc is 0.4624, 0.4186, 0.5000
Time Consumption for one epoch is 15.683889389038086s
======================================= Epoch 1 =======================================
================= Test Set =================
The acc is 0.4624, 0.4186, 0.5000
Time Consumption for one epoch is 13.689465284347534s
======================================= Epoch 2 =======================================
================= Test Set =================
+++++++++++ Find New Best Min ACC +++++++++++
The acc is 0.6011, 0.5558, 0.6400
Time Consumption for one epoch is 14.498233795166016s
======================================= Epoch 3 =======================================
================= Test Set =================
+++++++++++ Find New Best Min ACC +++++++++++
The acc is 0.6452, 0.6651, 0.6280
Time Consumption for one epoch is 14.166130542755127s
======================================= Epoch 4 =======================================
================= Test Set =================
+++++++++++ Find New Best Min ACC +++++++++++
The acc is 0.8462, 0.8209, 0.8680
Time Consumption for one epoch is 14.773708820343018s
======================================= Epoch 5 =======================================
================= Test Set =================
+++++++++++ Find New Best Min ACC +++++++++++
The acc is 0.8548, 0.8279, 0.8780
Time Consumption for one epoch is 14.082318782806396s
======================================= Epoch 6 =======================================
================= Test Set =================
The acc is 0.8548, 0.8279, 0.8780
Time Consumption for one epoch is 13.84265685081482s
======================================= Epoch 7 =======================================
================= Test Set =================
+++++++++++ Find New Best Min ACC +++++++++++
The acc is 0.8742, 0.8395, 0.9040
Time Consumption for one epoch is 13.927831888198853s
======================================= Epoch 8 =======================================
================= Test Set =================
+++++++++++ Find New Best Min ACC +++++++++++
The acc is 0.8817, 0.8698, 0.8920
Time Consumption for one epoch is 14.999719381332397s
======================================= Epoch 9 =======================================
================= Test Set =================
+++++++++++ Find New Best Min ACC +++++++++++
The acc is 0.8860, 0.8605, 0.9080
Time Consumption for one epoch is 14.051137447357178s
======================================= Epoch 10 =======================================
================= Test Set =================
The acc is 0.8860, 0.8605, 0.9080
Time Consumption for one epoch is 14.051991701126099s
======================================= Epoch 11 =======================================
================= Test Set =================
The acc is 0.8860, 0.8605, 0.9080
Time Consumption for one epoch is 14.46597671508789s
======================================= Epoch 12 =======================================
================= Test Set =================
The acc is 0.8860, 0.8605, 0.9080
Time Consumption for one epoch is 14.158849954605103s
======================================= Epoch 13 =======================================
================= Test Set =================
The acc is 0.8860, 0.8605, 0.9080
Time Consumption for one epoch is 14.38565731048584s
======================================= Epoch 14 =======================================
================= Test Set =================
+++++++++++ Find New Best Min ACC +++++++++++
The acc is 0.8957, 0.8767, 0.9120
Time Consumption for one epoch is 14.417993545532227s
======================================= Epoch 15 =======================================
================= Test Set =================
The acc is 0.8957, 0.8767, 0.9120
Time Consumption for one epoch is 14.243375539779663s
======================================= Epoch 16 =======================================
================= Test Set =================
The acc is 0.8957, 0.8767, 0.9120
Time Consumption for one epoch is 14.197736740112305s
======================================= Epoch 17 =======================================
================= Test Set =================
The acc is 0.8957, 0.8767, 0.9120
Time Consumption for one epoch is 14.407903909683228s
======================================= Epoch 18 =======================================
================= Test Set =================
The acc is 0.8957, 0.8767, 0.9120
Time Consumption for one epoch is 14.887638568878174s
======================================= Epoch 19 =======================================
================= Test Set =================
The acc is 0.8957, 0.8767, 0.9120
Time Consumption for one epoch is 14.417845249176025s
The final acc is 0.8957, 0.8767, 0.9120
