Namespace(data_dir='/data/yihua/dataset/celeba/celeba.hdf5', result_dir='results', checkpoint=None, resume=False, domain_attrs='Male', target_attrs='Blond_Hair', exp_name=None, batch_size=512, lr=0.0001, wd=2e-05, epochs=20, seed=2020, num_workers=8, arch='resnet9', evaluate=False, gv=0.3, gr=0.5)
======================================= Epoch 0 =======================================
================= Test Set =================
+++++++++++ Find New Best Min ACC +++++++++++
The acc is 0.8083, 0.7694, 0.8181
Time Consumption for one epoch is 31.528979301452637s
======================================= Epoch 1 =======================================
================= Test Set =================
+++++++++++ Find New Best Min ACC +++++++++++
The acc is 0.8683, 0.7972, 0.8861
Time Consumption for one epoch is 28.174027681350708s
======================================= Epoch 2 =======================================
================= Test Set =================
+++++++++++ Find New Best Min ACC +++++++++++
The acc is 0.8961, 0.8472, 0.9083
Time Consumption for one epoch is 29.18462562561035s
======================================= Epoch 3 =======================================
================= Test Set =================
The acc is 0.8961, 0.8472, 0.9083
Time Consumption for one epoch is 29.3060941696167s
======================================= Epoch 4 =======================================
================= Test Set =================
The acc is 0.8961, 0.8472, 0.9083
Time Consumption for one epoch is 27.787930727005005s
======================================= Epoch 5 =======================================
================= Test Set =================
The acc is 0.8961, 0.8472, 0.9083
Time Consumption for one epoch is 27.482799530029297s
======================================= Epoch 6 =======================================
================= Test Set =================
The acc is 0.8961, 0.8472, 0.9083
Time Consumption for one epoch is 28.6986300945282s
======================================= Epoch 7 =======================================
================= Test Set =================
+++++++++++ Find New Best Min ACC +++++++++++
The acc is 0.9172, 0.9000, 0.9215
Time Consumption for one epoch is 29.298684120178223s
======================================= Epoch 8 =======================================
================= Test Set =================
The acc is 0.9172, 0.9000, 0.9215
Time Consumption for one epoch is 28.930408000946045s
======================================= Epoch 9 =======================================
================= Test Set =================
The acc is 0.9172, 0.9000, 0.9215
Time Consumption for one epoch is 28.483168840408325s
======================================= Epoch 10 =======================================
================= Test Set =================
The acc is 0.9172, 0.9000, 0.9215
Time Consumption for one epoch is 27.8590087890625s
======================================= Epoch 11 =======================================
================= Test Set =================
The acc is 0.9172, 0.9000, 0.9215
Time Consumption for one epoch is 28.481637239456177s
======================================= Epoch 12 =======================================
================= Test Set =================
The acc is 0.9172, 0.9000, 0.9215
Time Consumption for one epoch is 27.49408268928528s
======================================= Epoch 13 =======================================
================= Test Set =================
The acc is 0.9172, 0.9000, 0.9215
Time Consumption for one epoch is 28.83515501022339s
======================================= Epoch 14 =======================================
================= Test Set =================
The acc is 0.9172, 0.9000, 0.9215
Time Consumption for one epoch is 28.72600030899048s
======================================= Epoch 15 =======================================
================= Test Set =================
The acc is 0.9172, 0.9000, 0.9215
Time Consumption for one epoch is 28.077980041503906s
======================================= Epoch 16 =======================================
================= Test Set =================
The acc is 0.9172, 0.9000, 0.9215
Time Consumption for one epoch is 28.219667434692383s
======================================= Epoch 17 =======================================
================= Test Set =================
+++++++++++ Find New Best Min ACC +++++++++++
The acc is 0.9200, 0.8972, 0.9257
Time Consumption for one epoch is 27.802963256835938s
======================================= Epoch 18 =======================================
================= Test Set =================
The acc is 0.9200, 0.8972, 0.9257
Time Consumption for one epoch is 28.038899898529053s
======================================= Epoch 19 =======================================
================= Test Set =================
The acc is 0.9200, 0.8972, 0.9257
Time Consumption for one epoch is 27.074432134628296s
The final acc is 0.9200, 0.8972, 0.9257
