Namespace(data_dir='/data/yihua/dataset/celeba/celeba.hdf5', result_dir='results', checkpoint=None, resume=False, domain_attrs='Male', target_attrs='Blond_Hair', exp_name=None, batch_size=512, lr=0.0001, wd=2e-05, epochs=20, seed=2020, num_workers=8, arch='resnet9', evaluate=False, gv=0.5, gr=0.1)
======================================= Epoch 0 =======================================
================= Test Set =================
+++++++++++ Find New Best Min ACC +++++++++++
The acc is 0.7833, 0.7306, 0.7965
Time Consumption for one epoch is 26.695747137069702s
======================================= Epoch 1 =======================================
================= Test Set =================
+++++++++++ Find New Best Min ACC +++++++++++
The acc is 0.8711, 0.8083, 0.8868
Time Consumption for one epoch is 23.272719383239746s
======================================= Epoch 2 =======================================
================= Test Set =================
+++++++++++ Find New Best Min ACC +++++++++++
The acc is 0.8883, 0.8500, 0.8979
Time Consumption for one epoch is 25.276586294174194s
======================================= Epoch 3 =======================================
================= Test Set =================
+++++++++++ Find New Best Min ACC +++++++++++
The acc is 0.8994, 0.8639, 0.9083
Time Consumption for one epoch is 24.15042805671692s
======================================= Epoch 4 =======================================
================= Test Set =================
The acc is 0.8994, 0.8639, 0.9083
Time Consumption for one epoch is 22.558504819869995s
======================================= Epoch 5 =======================================
================= Test Set =================
+++++++++++ Find New Best Min ACC +++++++++++
The acc is 0.9061, 0.8889, 0.9104
Time Consumption for one epoch is 24.358426094055176s
======================================= Epoch 6 =======================================
================= Test Set =================
The acc is 0.9061, 0.8889, 0.9104
Time Consumption for one epoch is 23.329357624053955s
======================================= Epoch 7 =======================================
================= Test Set =================
+++++++++++ Find New Best Min ACC +++++++++++
The acc is 0.9094, 0.8972, 0.9125
Time Consumption for one epoch is 24.18974995613098s
======================================= Epoch 8 =======================================
================= Test Set =================
The acc is 0.9094, 0.8972, 0.9125
Time Consumption for one epoch is 23.705998420715332s
======================================= Epoch 9 =======================================
================= Test Set =================
+++++++++++ Find New Best Min ACC +++++++++++
The acc is 0.9139, 0.9000, 0.9174
Time Consumption for one epoch is 24.107794046401978s
======================================= Epoch 10 =======================================
================= Test Set =================
The acc is 0.9139, 0.9000, 0.9174
Time Consumption for one epoch is 23.658491849899292s
======================================= Epoch 11 =======================================
================= Test Set =================
The acc is 0.9139, 0.9000, 0.9174
Time Consumption for one epoch is 23.52959442138672s
======================================= Epoch 12 =======================================
================= Test Set =================
The acc is 0.9139, 0.9000, 0.9174
Time Consumption for one epoch is 25.025980472564697s
======================================= Epoch 13 =======================================
================= Test Set =================
The acc is 0.9139, 0.9000, 0.9174
Time Consumption for one epoch is 23.78239417076111s
======================================= Epoch 14 =======================================
================= Test Set =================
The acc is 0.9139, 0.9000, 0.9174
Time Consumption for one epoch is 24.932157516479492s
======================================= Epoch 15 =======================================
================= Test Set =================
The acc is 0.9139, 0.9000, 0.9174
Time Consumption for one epoch is 23.787853240966797s
======================================= Epoch 16 =======================================
================= Test Set =================
+++++++++++ Find New Best Min ACC +++++++++++
The acc is 0.9217, 0.9139, 0.9236
Time Consumption for one epoch is 24.36827850341797s
======================================= Epoch 17 =======================================
================= Test Set =================
The acc is 0.9217, 0.9139, 0.9236
Time Consumption for one epoch is 24.476137399673462s
======================================= Epoch 18 =======================================
================= Test Set =================
+++++++++++ Find New Best Min ACC +++++++++++
The acc is 0.9222, 0.9056, 0.9264
Time Consumption for one epoch is 24.071470260620117s
======================================= Epoch 19 =======================================
================= Test Set =================
The acc is 0.9222, 0.9056, 0.9264
Time Consumption for one epoch is 23.477591276168823s
The final acc is 0.9222, 0.9056, 0.9264
