Namespace(data_dir='/data/yihua/dataset/celeba/celeba.hdf5', result_dir='results', checkpoint=None, resume=False, domain_attrs='Male', target_attrs='Blond_Hair', exp_name=None, batch_size=512, lr=0.0001, wd=2e-05, epochs=20, seed=2020, num_workers=8, arch='resnet9', evaluate=False, gv=0.35, gr=0.1)
======================================= Epoch 0 =======================================
================= Test Set =================
+++++++++++ Find New Best Min ACC +++++++++++
The acc is 0.7589, 0.7083, 0.7715
Time Consumption for one epoch is 26.58035373687744s
======================================= Epoch 1 =======================================
================= Test Set =================
+++++++++++ Find New Best Min ACC +++++++++++
The acc is 0.8789, 0.8194, 0.8938
Time Consumption for one epoch is 22.671842575073242s
======================================= Epoch 2 =======================================
================= Test Set =================
+++++++++++ Find New Best Min ACC +++++++++++
The acc is 0.8889, 0.8472, 0.8993
Time Consumption for one epoch is 23.96418786048889s
======================================= Epoch 3 =======================================
================= Test Set =================
+++++++++++ Find New Best Min ACC +++++++++++
The acc is 0.8989, 0.8528, 0.9104
Time Consumption for one epoch is 24.106411933898926s
======================================= Epoch 4 =======================================
================= Test Set =================
The acc is 0.8989, 0.8528, 0.9104
Time Consumption for one epoch is 24.764818906784058s
======================================= Epoch 5 =======================================
================= Test Set =================
+++++++++++ Find New Best Min ACC +++++++++++
The acc is 0.9100, 0.8861, 0.9160
Time Consumption for one epoch is 24.149077653884888s
======================================= Epoch 6 =======================================
================= Test Set =================
The acc is 0.9100, 0.8861, 0.9160
Time Consumption for one epoch is 23.04457426071167s
======================================= Epoch 7 =======================================
================= Test Set =================
+++++++++++ Find New Best Min ACC +++++++++++
The acc is 0.9161, 0.9083, 0.9181
Time Consumption for one epoch is 24.68586015701294s
======================================= Epoch 8 =======================================
================= Test Set =================
The acc is 0.9161, 0.9083, 0.9181
Time Consumption for one epoch is 23.65610980987549s
======================================= Epoch 9 =======================================
================= Test Set =================
The acc is 0.9161, 0.9083, 0.9181
Time Consumption for one epoch is 24.542703866958618s
======================================= Epoch 10 =======================================
================= Test Set =================
The acc is 0.9161, 0.9083, 0.9181
Time Consumption for one epoch is 24.526203632354736s
======================================= Epoch 11 =======================================
================= Test Set =================
The acc is 0.9161, 0.9083, 0.9181
Time Consumption for one epoch is 22.831042289733887s
======================================= Epoch 12 =======================================
================= Test Set =================
The acc is 0.9161, 0.9083, 0.9181
Time Consumption for one epoch is 23.635902166366577s
======================================= Epoch 13 =======================================
================= Test Set =================
The acc is 0.9161, 0.9083, 0.9181
Time Consumption for one epoch is 24.26186728477478s
======================================= Epoch 14 =======================================
================= Test Set =================
The acc is 0.9161, 0.9083, 0.9181
Time Consumption for one epoch is 24.21527409553528s
======================================= Epoch 15 =======================================
================= Test Set =================
The acc is 0.9161, 0.9083, 0.9181
Time Consumption for one epoch is 24.82264518737793s
======================================= Epoch 16 =======================================
================= Test Set =================
+++++++++++ Find New Best Min ACC +++++++++++
The acc is 0.9211, 0.9111, 0.9236
Time Consumption for one epoch is 24.342055797576904s
======================================= Epoch 17 =======================================
================= Test Set =================
The acc is 0.9211, 0.9111, 0.9236
Time Consumption for one epoch is 24.182440996170044s
======================================= Epoch 18 =======================================
================= Test Set =================
The acc is 0.9211, 0.9111, 0.9236
Time Consumption for one epoch is 24.46965980529785s
======================================= Epoch 19 =======================================
================= Test Set =================
The acc is 0.9211, 0.9111, 0.9236
Time Consumption for one epoch is 24.069810152053833s
The final acc is 0.9211, 0.9111, 0.9236
