Namespace(data_dir='/data/yihua/dataset/celeba/celeba.hdf5', result_dir='rotation_study', checkpoint=None, resume=False, domain_attrs='Male', target_attrs='Blond_Hair', exp_name=None, batch_size=512, lr=0.0001, wd=2e-05, epochs=20, seed=2021, num_workers=8, arch='resnet18', evaluate=False, total_num=5000, test_num=1000, gv=0.0, gr=0.5, minor_ratio=0.2, add_aug='rotation')
======================================= Epoch 0 =======================================
================= Test Set =================
+++++++++++ Find New Best Min ACC +++++++++++
The acc is 0.4656, 0.4209, 0.5040
Time Consumption for one epoch is 24.53899645805359s
======================================= Epoch 1 =======================================
================= Test Set =================
+++++++++++ Find New Best Min ACC +++++++++++
The acc is 0.5376, 0.5814, 0.5000
Time Consumption for one epoch is 22.843391180038452s
======================================= Epoch 2 =======================================
================= Test Set =================
The acc is 0.5376, 0.5814, 0.5000
Time Consumption for one epoch is 20.86631155014038s
======================================= Epoch 3 =======================================
================= Test Set =================
The acc is 0.5376, 0.5814, 0.5000
Time Consumption for one epoch is 21.593647718429565s
======================================= Epoch 4 =======================================
================= Test Set =================
+++++++++++ Find New Best Min ACC +++++++++++
The acc is 0.7312, 0.7209, 0.7400
Time Consumption for one epoch is 21.080668687820435s
======================================= Epoch 5 =======================================
================= Test Set =================
+++++++++++ Find New Best Min ACC +++++++++++
The acc is 0.7914, 0.7698, 0.8100
Time Consumption for one epoch is 20.927488565444946s
======================================= Epoch 6 =======================================
================= Test Set =================
+++++++++++ Find New Best Min ACC +++++++++++
The acc is 0.8720, 0.8488, 0.8920
Time Consumption for one epoch is 20.923750638961792s
======================================= Epoch 7 =======================================
================= Test Set =================
The acc is 0.8720, 0.8488, 0.8920
Time Consumption for one epoch is 23.473166704177856s
======================================= Epoch 8 =======================================
================= Test Set =================
The acc is 0.8720, 0.8488, 0.8920
Time Consumption for one epoch is 22.391894817352295s
======================================= Epoch 9 =======================================
================= Test Set =================
The acc is 0.8720, 0.8488, 0.8920
Time Consumption for one epoch is 20.778076648712158s
======================================= Epoch 10 =======================================
================= Test Set =================
+++++++++++ Find New Best Min ACC +++++++++++
The acc is 0.8753, 0.8512, 0.8960
Time Consumption for one epoch is 21.21449589729309s
======================================= Epoch 11 =======================================
================= Test Set =================
The acc is 0.8753, 0.8512, 0.8960
Time Consumption for one epoch is 21.08817148208618s
======================================= Epoch 12 =======================================
================= Test Set =================
The acc is 0.8753, 0.8512, 0.8960
Time Consumption for one epoch is 21.91770601272583s
======================================= Epoch 13 =======================================
================= Test Set =================
The acc is 0.8753, 0.8512, 0.8960
Time Consumption for one epoch is 20.916704893112183s
======================================= Epoch 14 =======================================
================= Test Set =================
+++++++++++ Find New Best Min ACC +++++++++++
The acc is 0.8763, 0.8512, 0.8980
Time Consumption for one epoch is 20.190325498580933s
======================================= Epoch 15 =======================================
================= Test Set =================
+++++++++++ Find New Best Min ACC +++++++++++
The acc is 0.8903, 0.8744, 0.9040
Time Consumption for one epoch is 20.003287076950073s
======================================= Epoch 16 =======================================
================= Test Set =================
The acc is 0.8903, 0.8744, 0.9040
Time Consumption for one epoch is 20.833858251571655s
======================================= Epoch 17 =======================================
================= Test Set =================
The acc is 0.8903, 0.8744, 0.9040
Time Consumption for one epoch is 20.570464372634888s
======================================= Epoch 18 =======================================
================= Test Set =================
The acc is 0.8903, 0.8744, 0.9040
Time Consumption for one epoch is 20.57369327545166s
======================================= Epoch 19 =======================================
================= Test Set =================
The acc is 0.8903, 0.8744, 0.9040
Time Consumption for one epoch is 20.926419734954834s
The final acc is 0.8903, 0.8744, 0.9040
