Namespace(data_dir='/data/yihua/dataset/celeba/celeba.hdf5', result_dir='results', checkpoint=None, resume=False, domain_attrs='Male', target_attrs='Heavy_Makeup', exp_name=None, batch_size=512, lr=0.0001, wd=2e-05, epochs=20, seed=2023, num_workers=8, arch='resnet9', evaluate=False, gv=1.0, gr=0.3)
======================================= Epoch 0 =======================================
================= Test Set =================
+++++++++++ Find New Best Min ACC +++++++++++
The acc is 0.5000, 0.5000, 0.5000
Time Consumption for one epoch is 10.17503046989441s
======================================= Epoch 1 =======================================
================= Test Set =================
The acc is 0.5000, 0.5000, 0.5000
Time Consumption for one epoch is 8.15196418762207s
======================================= Epoch 2 =======================================
================= Test Set =================
The acc is 0.5000, 0.5000, 0.5000
Time Consumption for one epoch is 7.36505913734436s
======================================= Epoch 3 =======================================
================= Test Set =================
The acc is 0.5000, 0.5000, 0.5000
Time Consumption for one epoch is 9.19766092300415s
======================================= Epoch 4 =======================================
================= Test Set =================
+++++++++++ Find New Best Min ACC +++++++++++
The acc is 0.5045, 0.5227, 0.5000
Time Consumption for one epoch is 8.556400060653687s
======================================= Epoch 5 =======================================
================= Test Set =================
The acc is 0.5045, 0.5227, 0.5000
Time Consumption for one epoch is 7.822503566741943s
======================================= Epoch 6 =======================================
================= Test Set =================
+++++++++++ Find New Best Min ACC +++++++++++
The acc is 0.5500, 0.5682, 0.5455
Time Consumption for one epoch is 7.89587926864624s
======================================= Epoch 7 =======================================
================= Test Set =================
+++++++++++ Find New Best Min ACC +++++++++++
The acc is 0.6136, 0.5227, 0.6364
Time Consumption for one epoch is 7.7687859535217285s
======================================= Epoch 8 =======================================
================= Test Set =================
The acc is 0.6136, 0.5227, 0.6364
Time Consumption for one epoch is 9.114985704421997s
======================================= Epoch 9 =======================================
================= Test Set =================
+++++++++++ Find New Best Min ACC +++++++++++
The acc is 0.6500, 0.5227, 0.6818
Time Consumption for one epoch is 8.45087194442749s
======================================= Epoch 10 =======================================
================= Test Set =================
The acc is 0.6500, 0.5227, 0.6818
Time Consumption for one epoch is 8.874881744384766s
======================================= Epoch 11 =======================================
================= Test Set =================
The acc is 0.6500, 0.5227, 0.6818
Time Consumption for one epoch is 7.234037399291992s
======================================= Epoch 12 =======================================
================= Test Set =================
The acc is 0.6500, 0.5227, 0.6818
Time Consumption for one epoch is 7.1717445850372314s
======================================= Epoch 13 =======================================
================= Test Set =================
+++++++++++ Find New Best Min ACC +++++++++++
The acc is 0.6591, 0.5455, 0.6875
Time Consumption for one epoch is 8.796876907348633s
======================================= Epoch 14 =======================================
================= Test Set =================
+++++++++++ Find New Best Min ACC +++++++++++
The acc is 0.7000, 0.6591, 0.7102
Time Consumption for one epoch is 9.445955514907837s
======================================= Epoch 15 =======================================
================= Test Set =================
The acc is 0.7000, 0.6591, 0.7102
Time Consumption for one epoch is 9.643224239349365s
======================================= Epoch 16 =======================================
================= Test Set =================
The acc is 0.7000, 0.6591, 0.7102
Time Consumption for one epoch is 8.038546085357666s
======================================= Epoch 17 =======================================
================= Test Set =================
The acc is 0.7000, 0.6591, 0.7102
Time Consumption for one epoch is 8.063339471817017s
======================================= Epoch 18 =======================================
================= Test Set =================
The acc is 0.7000, 0.6591, 0.7102
Time Consumption for one epoch is 8.260709047317505s
======================================= Epoch 19 =======================================
================= Test Set =================
The acc is 0.7000, 0.6591, 0.7102
Time Consumption for one epoch is 8.979697227478027s
The final acc is 0.7000, 0.6591, 0.7102
