Namespace(data_dir='/data/yihua/dataset/celeba/celeba.hdf5', result_dir='results', checkpoint=None, resume=False, domain_attrs='Male', target_attrs='Heavy_Makeup', exp_name=None, batch_size=512, lr=0.0001, wd=2e-05, epochs=20, seed=2021, num_workers=8, arch='resnet9', evaluate=False, gv=0.1, gr=0.1)
======================================= Epoch 0 =======================================
================= Test Set =================
+++++++++++ Find New Best Min ACC +++++++++++
The acc is 0.5000, 0.5000, 0.5000
Time Consumption for one epoch is 9.02103066444397s
======================================= Epoch 1 =======================================
================= Test Set =================
The acc is 0.5000, 0.5000, 0.5000
Time Consumption for one epoch is 8.905195236206055s
======================================= Epoch 2 =======================================
================= Test Set =================
The acc is 0.5000, 0.5000, 0.5000
Time Consumption for one epoch is 7.997511148452759s
======================================= Epoch 3 =======================================
================= Test Set =================
The acc is 0.5000, 0.5000, 0.5000
Time Consumption for one epoch is 8.968134880065918s
======================================= Epoch 4 =======================================
================= Test Set =================
The acc is 0.5000, 0.5000, 0.5000
Time Consumption for one epoch is 8.472539901733398s
======================================= Epoch 5 =======================================
================= Test Set =================
+++++++++++ Find New Best Min ACC +++++++++++
The acc is 0.5091, 0.5227, 0.5057
Time Consumption for one epoch is 7.706608533859253s
======================================= Epoch 6 =======================================
================= Test Set =================
+++++++++++ Find New Best Min ACC +++++++++++
The acc is 0.5136, 0.5227, 0.5114
Time Consumption for one epoch is 8.996869564056396s
======================================= Epoch 7 =======================================
================= Test Set =================
The acc is 0.5136, 0.5227, 0.5114
Time Consumption for one epoch is 9.064057111740112s
======================================= Epoch 8 =======================================
================= Test Set =================
+++++++++++ Find New Best Min ACC +++++++++++
The acc is 0.5182, 0.5227, 0.5170
Time Consumption for one epoch is 7.984824180603027s
======================================= Epoch 9 =======================================
================= Test Set =================
+++++++++++ Find New Best Min ACC +++++++++++
The acc is 0.5636, 0.5227, 0.5739
Time Consumption for one epoch is 8.953523397445679s
======================================= Epoch 10 =======================================
================= Test Set =================
+++++++++++ Find New Best Min ACC +++++++++++
The acc is 0.6136, 0.5227, 0.6364
Time Consumption for one epoch is 8.777783870697021s
======================================= Epoch 11 =======================================
================= Test Set =================
+++++++++++ Find New Best Min ACC +++++++++++
The acc is 0.6273, 0.5455, 0.6477
Time Consumption for one epoch is 8.589413404464722s
======================================= Epoch 12 =======================================
================= Test Set =================
+++++++++++ Find New Best Min ACC +++++++++++
The acc is 0.6364, 0.5455, 0.6591
Time Consumption for one epoch is 9.981614828109741s
======================================= Epoch 13 =======================================
================= Test Set =================
The acc is 0.6364, 0.5455, 0.6591
Time Consumption for one epoch is 7.937302112579346s
======================================= Epoch 14 =======================================
================= Test Set =================
The acc is 0.6364, 0.5455, 0.6591
Time Consumption for one epoch is 8.137773513793945s
======================================= Epoch 15 =======================================
================= Test Set =================
The acc is 0.6364, 0.5455, 0.6591
Time Consumption for one epoch is 9.362257242202759s
======================================= Epoch 16 =======================================
================= Test Set =================
+++++++++++ Find New Best Min ACC +++++++++++
The acc is 0.6636, 0.5909, 0.6818
Time Consumption for one epoch is 8.590760469436646s
======================================= Epoch 17 =======================================
================= Test Set =================
The acc is 0.6636, 0.5909, 0.6818
Time Consumption for one epoch is 7.846516132354736s
======================================= Epoch 18 =======================================
================= Test Set =================
The acc is 0.6636, 0.5909, 0.6818
Time Consumption for one epoch is 8.699199676513672s
======================================= Epoch 19 =======================================
================= Test Set =================
The acc is 0.6636, 0.5909, 0.6818
Time Consumption for one epoch is 7.392145872116089s
The final acc is 0.6636, 0.5909, 0.6818
