Namespace(data_dir='/data/yihua/dataset/celeba/celeba.hdf5', result_dir='results', checkpoint=None, resume=False, domain_attrs='Male', target_attrs='Blond_Hair', exp_name=None, batch_size=512, lr=0.0001, wd=2e-05, epochs=20, seed=2020, num_workers=8, arch='resnet9', evaluate=False, gv=0.001, gr=0.5)
======================================= Epoch 0 =======================================
================= Test Set =================
+++++++++++ Find New Best Min ACC +++++++++++
The acc is 0.6650, 0.5889, 0.6840
Time Consumption for one epoch is 27.606571435928345s
======================================= Epoch 1 =======================================
================= Test Set =================
+++++++++++ Find New Best Min ACC +++++++++++
The acc is 0.8839, 0.8500, 0.8924
Time Consumption for one epoch is 24.83888030052185s
======================================= Epoch 2 =======================================
================= Test Set =================
+++++++++++ Find New Best Min ACC +++++++++++
The acc is 0.9022, 0.8750, 0.9090
Time Consumption for one epoch is 25.357768058776855s
======================================= Epoch 3 =======================================
================= Test Set =================
The acc is 0.9022, 0.8750, 0.9090
Time Consumption for one epoch is 24.34024667739868s
======================================= Epoch 4 =======================================
================= Test Set =================
The acc is 0.9022, 0.8750, 0.9090
Time Consumption for one epoch is 24.682844877243042s
======================================= Epoch 5 =======================================
================= Test Set =================
+++++++++++ Find New Best Min ACC +++++++++++
The acc is 0.9033, 0.8806, 0.9090
Time Consumption for one epoch is 24.92619252204895s
======================================= Epoch 6 =======================================
================= Test Set =================
+++++++++++ Find New Best Min ACC +++++++++++
The acc is 0.9044, 0.8972, 0.9062
Time Consumption for one epoch is 25.145890474319458s
======================================= Epoch 7 =======================================
================= Test Set =================
+++++++++++ Find New Best Min ACC +++++++++++
The acc is 0.9156, 0.9028, 0.9187
Time Consumption for one epoch is 25.234517335891724s
======================================= Epoch 8 =======================================
================= Test Set =================
The acc is 0.9156, 0.9028, 0.9187
Time Consumption for one epoch is 25.74125862121582s
======================================= Epoch 9 =======================================
================= Test Set =================
The acc is 0.9156, 0.9028, 0.9187
Time Consumption for one epoch is 24.846851110458374s
======================================= Epoch 10 =======================================
================= Test Set =================
The acc is 0.9156, 0.9028, 0.9187
Time Consumption for one epoch is 24.352072715759277s
======================================= Epoch 11 =======================================
================= Test Set =================
+++++++++++ Find New Best Min ACC +++++++++++
The acc is 0.9172, 0.8972, 0.9222
Time Consumption for one epoch is 24.9132239818573s
======================================= Epoch 12 =======================================
================= Test Set =================
The acc is 0.9172, 0.8972, 0.9222
Time Consumption for one epoch is 25.529123306274414s
======================================= Epoch 13 =======================================
================= Test Set =================
+++++++++++ Find New Best Min ACC +++++++++++
The acc is 0.9206, 0.9194, 0.9208
Time Consumption for one epoch is 26.243328094482422s
======================================= Epoch 14 =======================================
================= Test Set =================
The acc is 0.9206, 0.9194, 0.9208
Time Consumption for one epoch is 26.80696749687195s
======================================= Epoch 15 =======================================
================= Test Set =================
The acc is 0.9206, 0.9194, 0.9208
Time Consumption for one epoch is 24.56396174430847s
======================================= Epoch 16 =======================================
================= Test Set =================
The acc is 0.9206, 0.9194, 0.9208
Time Consumption for one epoch is 25.95536518096924s
======================================= Epoch 17 =======================================
================= Test Set =================
The acc is 0.9206, 0.9194, 0.9208
Time Consumption for one epoch is 26.35009455680847s
======================================= Epoch 18 =======================================
================= Test Set =================
The acc is 0.9206, 0.9194, 0.9208
Time Consumption for one epoch is 25.92757487297058s
======================================= Epoch 19 =======================================
================= Test Set =================
The acc is 0.9206, 0.9194, 0.9208
Time Consumption for one epoch is 25.97593903541565s
The final acc is 0.9206, 0.9194, 0.9208
