Namespace(data_dir='/data/yihua/dataset/celeba/celeba.hdf5', result_dir='results', checkpoint=None, resume=False, domain_attrs='Male', target_attrs='High_Cheekbones', exp_name=None, batch_size=512, lr=0.0001, wd=2e-05, epochs=20, seed=2021, num_workers=8, arch='resnet9', evaluate=False, gv=0.45, gr=0.5)
======================================= Epoch 0 =======================================
================= Test Set =================
+++++++++++ Find New Best Min ACC +++++++++++
The acc is 0.7965, 0.7542, 0.8071
Time Consumption for one epoch is 142.69371390342712s
======================================= Epoch 1 =======================================
================= Test Set =================
+++++++++++ Find New Best Min ACC +++++++++++
The acc is 0.8565, 0.8132, 0.8673
Time Consumption for one epoch is 139.96994590759277s
======================================= Epoch 2 =======================================
================= Test Set =================
The acc is 0.8565, 0.8132, 0.8673
Time Consumption for one epoch is 138.62813782691956s
======================================= Epoch 3 =======================================
================= Test Set =================
+++++++++++ Find New Best Min ACC +++++++++++
The acc is 0.8655, 0.8172, 0.8776
Time Consumption for one epoch is 139.6655466556549s
======================================= Epoch 4 =======================================
================= Test Set =================
The acc is 0.8655, 0.8172, 0.8776
Time Consumption for one epoch is 139.54387879371643s
======================================= Epoch 5 =======================================
================= Test Set =================
+++++++++++ Find New Best Min ACC +++++++++++
The acc is 0.8657, 0.8103, 0.8795
Time Consumption for one epoch is 139.55608701705933s
======================================= Epoch 6 =======================================
================= Test Set =================
The acc is 0.8657, 0.8103, 0.8795
Time Consumption for one epoch is 137.9268774986267s
======================================= Epoch 7 =======================================
================= Test Set =================
+++++++++++ Find New Best Min ACC +++++++++++
The acc is 0.8708, 0.8212, 0.8832
Time Consumption for one epoch is 138.3038432598114s
======================================= Epoch 8 =======================================
================= Test Set =================
The acc is 0.8708, 0.8212, 0.8832
Time Consumption for one epoch is 138.80132961273193s
======================================= Epoch 9 =======================================
================= Test Set =================
+++++++++++ Find New Best Min ACC +++++++++++
The acc is 0.8731, 0.8296, 0.8839
Time Consumption for one epoch is 141.12572240829468s
======================================= Epoch 10 =======================================
================= Test Set =================
The acc is 0.8731, 0.8296, 0.8839
Time Consumption for one epoch is 139.89681601524353s
======================================= Epoch 11 =======================================
================= Test Set =================
The acc is 0.8731, 0.8296, 0.8839
Time Consumption for one epoch is 139.25888967514038s
======================================= Epoch 12 =======================================
================= Test Set =================
+++++++++++ Find New Best Min ACC +++++++++++
The acc is 0.8732, 0.8228, 0.8858
Time Consumption for one epoch is 143.50918197631836s
======================================= Epoch 13 =======================================
================= Test Set =================
+++++++++++ Find New Best Min ACC +++++++++++
The acc is 0.8733, 0.8248, 0.8854
Time Consumption for one epoch is 137.58215832710266s
======================================= Epoch 14 =======================================
================= Test Set =================
The acc is 0.8733, 0.8248, 0.8854
Time Consumption for one epoch is 139.89002013206482s
======================================= Epoch 15 =======================================
================= Test Set =================
The acc is 0.8733, 0.8248, 0.8854
Time Consumption for one epoch is 139.48101592063904s
======================================= Epoch 16 =======================================
================= Test Set =================
+++++++++++ Find New Best Min ACC +++++++++++
The acc is 0.8768, 0.8348, 0.8873
Time Consumption for one epoch is 140.76222562789917s
======================================= Epoch 17 =======================================
================= Test Set =================
+++++++++++ Find New Best Min ACC +++++++++++
The acc is 0.8778, 0.8364, 0.8882
Time Consumption for one epoch is 140.12718272209167s
======================================= Epoch 18 =======================================
================= Test Set =================
+++++++++++ Find New Best Min ACC +++++++++++
The acc is 0.8785, 0.8356, 0.8893
Time Consumption for one epoch is 139.47874069213867s
======================================= Epoch 19 =======================================
================= Test Set =================
The acc is 0.8785, 0.8356, 0.8893
Time Consumption for one epoch is 138.33329272270203s
The final acc is 0.8785, 0.8356, 0.8893
