Namespace(data_dir='/data/yihua/dataset/celeba/celeba.hdf5', result_dir='crop_study', checkpoint=None, resume=False, domain_attrs='Male', target_attrs='Blond_Hair', exp_name=None, batch_size=512, lr=0.0001, wd=2e-05, epochs=20, seed=2022, num_workers=8, arch='resnet18', evaluate=False, total_num=5000, test_num=1000, gv=200.0, gr=0.1, minor_ratio=0.2, add_aug='crop')
======================================= Epoch 0 =======================================
================= Test Set =================
+++++++++++ Find New Best Min ACC +++++++++++
The acc is 0.6344, 0.6326, 0.6360
Time Consumption for one epoch is 21.178804874420166s
======================================= Epoch 1 =======================================
================= Test Set =================
The acc is 0.6344, 0.6326, 0.6360
Time Consumption for one epoch is 19.817629098892212s
======================================= Epoch 2 =======================================
================= Test Set =================
The acc is 0.6344, 0.6326, 0.6360
Time Consumption for one epoch is 20.744187831878662s
======================================= Epoch 3 =======================================
================= Test Set =================
The acc is 0.6344, 0.6326, 0.6360
Time Consumption for one epoch is 21.49408769607544s
======================================= Epoch 4 =======================================
================= Test Set =================
The acc is 0.6344, 0.6326, 0.6360
Time Consumption for one epoch is 20.324011087417603s
======================================= Epoch 5 =======================================
================= Test Set =================
+++++++++++ Find New Best Min ACC +++++++++++
The acc is 0.8409, 0.8116, 0.8660
Time Consumption for one epoch is 18.786749362945557s
======================================= Epoch 6 =======================================
================= Test Set =================
The acc is 0.8409, 0.8116, 0.8660
Time Consumption for one epoch is 19.799149751663208s
======================================= Epoch 7 =======================================
================= Test Set =================
+++++++++++ Find New Best Min ACC +++++++++++
The acc is 0.8796, 0.8605, 0.8960
Time Consumption for one epoch is 20.078964471817017s
======================================= Epoch 8 =======================================
================= Test Set =================
The acc is 0.8796, 0.8605, 0.8960
Time Consumption for one epoch is 19.074708700180054s
======================================= Epoch 9 =======================================
================= Test Set =================
+++++++++++ Find New Best Min ACC +++++++++++
The acc is 0.8839, 0.8581, 0.9060
Time Consumption for one epoch is 18.9693386554718s
======================================= Epoch 10 =======================================
================= Test Set =================
The acc is 0.8839, 0.8581, 0.9060
Time Consumption for one epoch is 19.371206998825073s
======================================= Epoch 11 =======================================
================= Test Set =================
The acc is 0.8839, 0.8581, 0.9060
Time Consumption for one epoch is 19.483111143112183s
======================================= Epoch 12 =======================================
================= Test Set =================
The acc is 0.8839, 0.8581, 0.9060
Time Consumption for one epoch is 20.012603044509888s
======================================= Epoch 13 =======================================
================= Test Set =================
The acc is 0.8839, 0.8581, 0.9060
Time Consumption for one epoch is 18.94828701019287s
======================================= Epoch 14 =======================================
================= Test Set =================
The acc is 0.8839, 0.8581, 0.9060
Time Consumption for one epoch is 19.142096757888794s
======================================= Epoch 15 =======================================
================= Test Set =================
The acc is 0.8839, 0.8581, 0.9060
Time Consumption for one epoch is 19.982550859451294s
======================================= Epoch 16 =======================================
================= Test Set =================
+++++++++++ Find New Best Min ACC +++++++++++
The acc is 0.8935, 0.8744, 0.9100
Time Consumption for one epoch is 20.06197738647461s
======================================= Epoch 17 =======================================
================= Test Set =================
+++++++++++ Find New Best Min ACC +++++++++++
The acc is 0.8946, 0.8814, 0.9060
Time Consumption for one epoch is 20.09340238571167s
======================================= Epoch 18 =======================================
================= Test Set =================
The acc is 0.8946, 0.8814, 0.9060
Time Consumption for one epoch is 19.79225754737854s
======================================= Epoch 19 =======================================
================= Test Set =================
The acc is 0.8946, 0.8814, 0.9060
Time Consumption for one epoch is 21.783876180648804s
The final acc is 0.8946, 0.8814, 0.9060
