Namespace(data_dir='/data/yihua/dataset/celeba/celeba.hdf5', result_dir='crop_study', checkpoint=None, resume=False, domain_attrs='Male', target_attrs='Blond_Hair', exp_name=None, batch_size=512, lr=0.0001, wd=2e-05, epochs=20, seed=2021, num_workers=8, arch='resnet18', evaluate=False, total_num=5000, test_num=1000, gv=180.0, gr=0.1, minor_ratio=0.2, add_aug='crop')
======================================= Epoch 0 =======================================
================= Test Set =================
+++++++++++ Find New Best Min ACC +++++++++++
The acc is 0.4785, 0.4349, 0.5160
Time Consumption for one epoch is 23.36138343811035s
======================================= Epoch 1 =======================================
================= Test Set =================
+++++++++++ Find New Best Min ACC +++++++++++
The acc is 0.5376, 0.5814, 0.5000
Time Consumption for one epoch is 20.216288328170776s
======================================= Epoch 2 =======================================
================= Test Set =================
The acc is 0.5376, 0.5814, 0.5000
Time Consumption for one epoch is 20.529266834259033s
======================================= Epoch 3 =======================================
================= Test Set =================
The acc is 0.5376, 0.5814, 0.5000
Time Consumption for one epoch is 19.43701434135437s
======================================= Epoch 4 =======================================
================= Test Set =================
+++++++++++ Find New Best Min ACC +++++++++++
The acc is 0.6065, 0.6302, 0.5860
Time Consumption for one epoch is 19.57496213912964s
======================================= Epoch 5 =======================================
================= Test Set =================
+++++++++++ Find New Best Min ACC +++++++++++
The acc is 0.7849, 0.7721, 0.7960
Time Consumption for one epoch is 19.96648120880127s
======================================= Epoch 6 =======================================
================= Test Set =================
+++++++++++ Find New Best Min ACC +++++++++++
The acc is 0.8441, 0.8070, 0.8760
Time Consumption for one epoch is 21.44099712371826s
======================================= Epoch 7 =======================================
================= Test Set =================
The acc is 0.8441, 0.8070, 0.8760
Time Consumption for one epoch is 20.281326293945312s
======================================= Epoch 8 =======================================
================= Test Set =================
+++++++++++ Find New Best Min ACC +++++++++++
The acc is 0.8753, 0.8581, 0.8900
Time Consumption for one epoch is 19.246320962905884s
======================================= Epoch 9 =======================================
================= Test Set =================
The acc is 0.8753, 0.8581, 0.8900
Time Consumption for one epoch is 21.205843925476074s
======================================= Epoch 10 =======================================
================= Test Set =================
The acc is 0.8753, 0.8581, 0.8900
Time Consumption for one epoch is 19.71892237663269s
======================================= Epoch 11 =======================================
================= Test Set =================
The acc is 0.8753, 0.8581, 0.8900
Time Consumption for one epoch is 21.512737274169922s
======================================= Epoch 12 =======================================
================= Test Set =================
The acc is 0.8753, 0.8581, 0.8900
Time Consumption for one epoch is 21.44935178756714s
======================================= Epoch 13 =======================================
================= Test Set =================
The acc is 0.8753, 0.8581, 0.8900
Time Consumption for one epoch is 19.51705765724182s
======================================= Epoch 14 =======================================
================= Test Set =================
The acc is 0.8753, 0.8581, 0.8900
Time Consumption for one epoch is 20.068607330322266s
======================================= Epoch 15 =======================================
================= Test Set =================
+++++++++++ Find New Best Min ACC +++++++++++
The acc is 0.8796, 0.8651, 0.8920
Time Consumption for one epoch is 20.527469635009766s
======================================= Epoch 16 =======================================
================= Test Set =================
+++++++++++ Find New Best Min ACC +++++++++++
The acc is 0.9011, 0.9000, 0.9020
Time Consumption for one epoch is 19.926266193389893s
======================================= Epoch 17 =======================================
================= Test Set =================
The acc is 0.9011, 0.9000, 0.9020
Time Consumption for one epoch is 21.264586687088013s
======================================= Epoch 18 =======================================
================= Test Set =================
The acc is 0.9011, 0.9000, 0.9020
Time Consumption for one epoch is 18.835105419158936s
======================================= Epoch 19 =======================================
================= Test Set =================
The acc is 0.9011, 0.9000, 0.9020
Time Consumption for one epoch is 19.480536937713623s
The final acc is 0.9011, 0.9000, 0.9020
