Namespace(data_dir='/data/yihua/dataset/celeba/celeba.hdf5', result_dir='results', checkpoint=None, resume=False, domain_attrs='Male', target_attrs='Heavy_Makeup', exp_name=None, batch_size=512, lr=0.0001, wd=2e-05, epochs=20, seed=42, num_workers=8, arch='resnet9', evaluate=False, gv=0.25, gr=0.5)
======================================= Epoch 0 =======================================
================= Test Set =================
+++++++++++ Find New Best Min ACC +++++++++++
The acc is 0.5091, 0.5227, 0.5057
Time Consumption for one epoch is 8.746331930160522s
======================================= Epoch 1 =======================================
================= Test Set =================
The acc is 0.5091, 0.5227, 0.5057
Time Consumption for one epoch is 8.69127869606018s
======================================= Epoch 2 =======================================
================= Test Set =================
The acc is 0.5091, 0.5227, 0.5057
Time Consumption for one epoch is 9.73573899269104s
======================================= Epoch 3 =======================================
================= Test Set =================
The acc is 0.5091, 0.5227, 0.5057
Time Consumption for one epoch is 9.933913707733154s
======================================= Epoch 4 =======================================
================= Test Set =================
+++++++++++ Find New Best Min ACC +++++++++++
The acc is 0.5136, 0.5000, 0.5170
Time Consumption for one epoch is 9.35237193107605s
======================================= Epoch 5 =======================================
================= Test Set =================
The acc is 0.5136, 0.5000, 0.5170
Time Consumption for one epoch is 8.225390911102295s
======================================= Epoch 6 =======================================
================= Test Set =================
+++++++++++ Find New Best Min ACC +++++++++++
The acc is 0.5636, 0.5455, 0.5682
Time Consumption for one epoch is 8.262972116470337s
======================================= Epoch 7 =======================================
================= Test Set =================
+++++++++++ Find New Best Min ACC +++++++++++
The acc is 0.6455, 0.5455, 0.6705
Time Consumption for one epoch is 9.99527382850647s
======================================= Epoch 8 =======================================
================= Test Set =================
The acc is 0.6455, 0.5455, 0.6705
Time Consumption for one epoch is 7.509788990020752s
======================================= Epoch 9 =======================================
================= Test Set =================
+++++++++++ Find New Best Min ACC +++++++++++
The acc is 0.6682, 0.5909, 0.6875
Time Consumption for one epoch is 9.061174392700195s
======================================= Epoch 10 =======================================
================= Test Set =================
+++++++++++ Find New Best Min ACC +++++++++++
The acc is 0.7045, 0.6364, 0.7216
Time Consumption for one epoch is 8.712339639663696s
======================================= Epoch 11 =======================================
================= Test Set =================
The acc is 0.7045, 0.6364, 0.7216
Time Consumption for one epoch is 8.172014713287354s
======================================= Epoch 12 =======================================
================= Test Set =================
The acc is 0.7045, 0.6364, 0.7216
Time Consumption for one epoch is 9.156073570251465s
======================================= Epoch 13 =======================================
================= Test Set =================
The acc is 0.7045, 0.6364, 0.7216
Time Consumption for one epoch is 7.519371509552002s
======================================= Epoch 14 =======================================
================= Test Set =================
The acc is 0.7045, 0.6364, 0.7216
Time Consumption for one epoch is 7.728633403778076s
======================================= Epoch 15 =======================================
================= Test Set =================
The acc is 0.7045, 0.6364, 0.7216
Time Consumption for one epoch is 8.570232152938843s
======================================= Epoch 16 =======================================
================= Test Set =================
The acc is 0.7045, 0.6364, 0.7216
Time Consumption for one epoch is 8.069604635238647s
======================================= Epoch 17 =======================================
================= Test Set =================
The acc is 0.7045, 0.6364, 0.7216
Time Consumption for one epoch is 8.488709211349487s
======================================= Epoch 18 =======================================
================= Test Set =================
The acc is 0.7045, 0.6364, 0.7216
Time Consumption for one epoch is 9.775397062301636s
======================================= Epoch 19 =======================================
================= Test Set =================
The acc is 0.7045, 0.6364, 0.7216
Time Consumption for one epoch is 7.590579509735107s
The final acc is 0.7045, 0.6364, 0.7216
