Namespace(data_dir='/data/yihua/dataset/celeba/celeba.hdf5', result_dir='crop_study', checkpoint=None, resume=False, domain_attrs='Male', target_attrs='Blond_Hair', exp_name=None, batch_size=512, lr=0.0001, wd=2e-05, epochs=20, seed=2020, num_workers=8, arch='resnet9', evaluate=False, total_num=5000, test_num=1000, gv=140.0, gr=0.3, minor_ratio=0.2, add_aug='crop')
======================================= Epoch 0 =======================================
================= Test Set =================
+++++++++++ Find New Best Min ACC +++++++++++
The acc is 0.4624, 0.4186, 0.5000
Time Consumption for one epoch is 15.99534273147583s
======================================= Epoch 1 =======================================
================= Test Set =================
+++++++++++ Find New Best Min ACC +++++++++++
The acc is 0.4688, 0.4256, 0.5060
Time Consumption for one epoch is 14.542418956756592s
======================================= Epoch 2 =======================================
================= Test Set =================
+++++++++++ Find New Best Min ACC +++++++++++
The acc is 0.7613, 0.7395, 0.7800
Time Consumption for one epoch is 14.465778589248657s
======================================= Epoch 3 =======================================
================= Test Set =================
+++++++++++ Find New Best Min ACC +++++++++++
The acc is 0.8366, 0.8116, 0.8580
Time Consumption for one epoch is 14.763916730880737s
======================================= Epoch 4 =======================================
================= Test Set =================
+++++++++++ Find New Best Min ACC +++++++++++
The acc is 0.8581, 0.8372, 0.8760
Time Consumption for one epoch is 14.354843139648438s
======================================= Epoch 5 =======================================
================= Test Set =================
+++++++++++ Find New Best Min ACC +++++++++++
The acc is 0.8710, 0.8395, 0.8980
Time Consumption for one epoch is 14.518096685409546s
======================================= Epoch 6 =======================================
================= Test Set =================
The acc is 0.8710, 0.8395, 0.8980
Time Consumption for one epoch is 14.670886754989624s
======================================= Epoch 7 =======================================
================= Test Set =================
The acc is 0.8710, 0.8395, 0.8980
Time Consumption for one epoch is 14.49707579612732s
======================================= Epoch 8 =======================================
================= Test Set =================
The acc is 0.8710, 0.8395, 0.8980
Time Consumption for one epoch is 14.257590770721436s
======================================= Epoch 9 =======================================
================= Test Set =================
The acc is 0.8710, 0.8395, 0.8980
Time Consumption for one epoch is 13.893272638320923s
======================================= Epoch 10 =======================================
================= Test Set =================
+++++++++++ Find New Best Min ACC +++++++++++
The acc is 0.8796, 0.8628, 0.8940
Time Consumption for one epoch is 14.922111988067627s
======================================= Epoch 11 =======================================
================= Test Set =================
The acc is 0.8796, 0.8628, 0.8940
Time Consumption for one epoch is 14.13160753250122s
======================================= Epoch 12 =======================================
================= Test Set =================
+++++++++++ Find New Best Min ACC +++++++++++
The acc is 0.8806, 0.8581, 0.9000
Time Consumption for one epoch is 14.169408082962036s
======================================= Epoch 13 =======================================
================= Test Set =================
+++++++++++ Find New Best Min ACC +++++++++++
The acc is 0.8925, 0.8744, 0.9080
Time Consumption for one epoch is 14.257104635238647s
======================================= Epoch 14 =======================================
================= Test Set =================
The acc is 0.8925, 0.8744, 0.9080
Time Consumption for one epoch is 13.987586736679077s
======================================= Epoch 15 =======================================
================= Test Set =================
The acc is 0.8925, 0.8744, 0.9080
Time Consumption for one epoch is 14.677164077758789s
======================================= Epoch 16 =======================================
================= Test Set =================
+++++++++++ Find New Best Min ACC +++++++++++
The acc is 0.8957, 0.8814, 0.9080
Time Consumption for one epoch is 14.543040752410889s
======================================= Epoch 17 =======================================
================= Test Set =================
The acc is 0.8957, 0.8814, 0.9080
Time Consumption for one epoch is 15.068516731262207s
======================================= Epoch 18 =======================================
================= Test Set =================
+++++++++++ Find New Best Min ACC +++++++++++
The acc is 0.8989, 0.8837, 0.9120
Time Consumption for one epoch is 14.812048435211182s
======================================= Epoch 19 =======================================
================= Test Set =================
The acc is 0.8989, 0.8837, 0.9120
Time Consumption for one epoch is 14.567242622375488s
The final acc is 0.8989, 0.8837, 0.9120
