Namespace(data_dir='/data/yihua/dataset/celeba/celeba.hdf5', result_dir='crop_study', checkpoint=None, resume=False, domain_attrs='Male', target_attrs='Blond_Hair', exp_name=None, batch_size=512, lr=0.0001, wd=2e-05, epochs=20, seed=2021, num_workers=8, arch='resnet18', evaluate=False, total_num=5000, test_num=1000, gv=200.0, gr=0.1, minor_ratio=0.2, add_aug='crop')
======================================= Epoch 0 =======================================
================= Test Set =================
+++++++++++ Find New Best Min ACC +++++++++++
The acc is 0.4720, 0.4279, 0.5100
Time Consumption for one epoch is 22.21228814125061s
======================================= Epoch 1 =======================================
================= Test Set =================
+++++++++++ Find New Best Min ACC +++++++++++
The acc is 0.5376, 0.5814, 0.5000
Time Consumption for one epoch is 18.79269313812256s
======================================= Epoch 2 =======================================
================= Test Set =================
The acc is 0.5376, 0.5814, 0.5000
Time Consumption for one epoch is 20.390660285949707s
======================================= Epoch 3 =======================================
================= Test Set =================
The acc is 0.5376, 0.5814, 0.5000
Time Consumption for one epoch is 19.78833031654358s
======================================= Epoch 4 =======================================
================= Test Set =================
+++++++++++ Find New Best Min ACC +++++++++++
The acc is 0.5914, 0.6209, 0.5660
Time Consumption for one epoch is 19.37062430381775s
======================================= Epoch 5 =======================================
================= Test Set =================
+++++++++++ Find New Best Min ACC +++++++++++
The acc is 0.7495, 0.7349, 0.7620
Time Consumption for one epoch is 20.373464584350586s
======================================= Epoch 6 =======================================
================= Test Set =================
+++++++++++ Find New Best Min ACC +++++++++++
The acc is 0.8645, 0.8372, 0.8880
Time Consumption for one epoch is 21.440205574035645s
======================================= Epoch 7 =======================================
================= Test Set =================
The acc is 0.8645, 0.8372, 0.8880
Time Consumption for one epoch is 19.944128036499023s
======================================= Epoch 8 =======================================
================= Test Set =================
+++++++++++ Find New Best Min ACC +++++++++++
The acc is 0.8828, 0.8651, 0.8980
Time Consumption for one epoch is 19.923025369644165s
======================================= Epoch 9 =======================================
================= Test Set =================
The acc is 0.8828, 0.8651, 0.8980
Time Consumption for one epoch is 21.908379793167114s
======================================= Epoch 10 =======================================
================= Test Set =================
The acc is 0.8828, 0.8651, 0.8980
Time Consumption for one epoch is 18.750216245651245s
======================================= Epoch 11 =======================================
================= Test Set =================
The acc is 0.8828, 0.8651, 0.8980
Time Consumption for one epoch is 18.606371641159058s
======================================= Epoch 12 =======================================
================= Test Set =================
The acc is 0.8828, 0.8651, 0.8980
Time Consumption for one epoch is 19.81348705291748s
======================================= Epoch 13 =======================================
================= Test Set =================
The acc is 0.8828, 0.8651, 0.8980
Time Consumption for one epoch is 20.528863430023193s
======================================= Epoch 14 =======================================
================= Test Set =================
The acc is 0.8828, 0.8651, 0.8980
Time Consumption for one epoch is 19.505085706710815s
======================================= Epoch 15 =======================================
================= Test Set =================
+++++++++++ Find New Best Min ACC +++++++++++
The acc is 0.8860, 0.8814, 0.8900
Time Consumption for one epoch is 18.946287870407104s
======================================= Epoch 16 =======================================
================= Test Set =================
+++++++++++ Find New Best Min ACC +++++++++++
The acc is 0.8968, 0.8907, 0.9020
Time Consumption for one epoch is 19.32564425468445s
======================================= Epoch 17 =======================================
================= Test Set =================
The acc is 0.8968, 0.8907, 0.9020
Time Consumption for one epoch is 18.656736135482788s
======================================= Epoch 18 =======================================
================= Test Set =================
The acc is 0.8968, 0.8907, 0.9020
Time Consumption for one epoch is 19.308863639831543s
======================================= Epoch 19 =======================================
================= Test Set =================
The acc is 0.8968, 0.8907, 0.9020
Time Consumption for one epoch is 20.89615225791931s
The final acc is 0.8968, 0.8907, 0.9020
