Namespace(data_dir='/data/yihua/dataset/celeba/celeba.hdf5', result_dir='results', checkpoint=None, resume=False, domain_attrs='Male', target_attrs='Blond_Hair', exp_name=None, batch_size=512, lr=0.0001, wd=2e-05, epochs=20, seed=2022, num_workers=8, arch='resnet9', evaluate=False, gv=0.35, gr=0.5)
======================================= Epoch 0 =======================================
================= Test Set =================
+++++++++++ Find New Best Min ACC +++++++++++
The acc is 0.7367, 0.6611, 0.7556
Time Consumption for one epoch is 26.598086833953857s
======================================= Epoch 1 =======================================
================= Test Set =================
+++++++++++ Find New Best Min ACC +++++++++++
The acc is 0.8867, 0.8250, 0.9021
Time Consumption for one epoch is 24.684730052947998s
======================================= Epoch 2 =======================================
================= Test Set =================
The acc is 0.8867, 0.8250, 0.9021
Time Consumption for one epoch is 24.6979558467865s
======================================= Epoch 3 =======================================
================= Test Set =================
+++++++++++ Find New Best Min ACC +++++++++++
The acc is 0.8978, 0.8694, 0.9049
Time Consumption for one epoch is 25.589956998825073s
======================================= Epoch 4 =======================================
================= Test Set =================
The acc is 0.8978, 0.8694, 0.9049
Time Consumption for one epoch is 26.357376098632812s
======================================= Epoch 5 =======================================
================= Test Set =================
+++++++++++ Find New Best Min ACC +++++++++++
The acc is 0.9039, 0.8722, 0.9118
Time Consumption for one epoch is 24.88712430000305s
======================================= Epoch 6 =======================================
================= Test Set =================
+++++++++++ Find New Best Min ACC +++++++++++
The acc is 0.9067, 0.8667, 0.9167
Time Consumption for one epoch is 25.120976209640503s
======================================= Epoch 7 =======================================
================= Test Set =================
The acc is 0.9067, 0.8667, 0.9167
Time Consumption for one epoch is 24.843297719955444s
======================================= Epoch 8 =======================================
================= Test Set =================
+++++++++++ Find New Best Min ACC +++++++++++
The acc is 0.9078, 0.8722, 0.9167
Time Consumption for one epoch is 25.490161895751953s
======================================= Epoch 9 =======================================
================= Test Set =================
+++++++++++ Find New Best Min ACC +++++++++++
The acc is 0.9111, 0.8861, 0.9174
Time Consumption for one epoch is 24.910926580429077s
======================================= Epoch 10 =======================================
================= Test Set =================
The acc is 0.9111, 0.8861, 0.9174
Time Consumption for one epoch is 25.842717170715332s
======================================= Epoch 11 =======================================
================= Test Set =================
+++++++++++ Find New Best Min ACC +++++++++++
The acc is 0.9156, 0.9111, 0.9167
Time Consumption for one epoch is 24.962836980819702s
======================================= Epoch 12 =======================================
================= Test Set =================
The acc is 0.9156, 0.9111, 0.9167
Time Consumption for one epoch is 25.910287618637085s
======================================= Epoch 13 =======================================
================= Test Set =================
+++++++++++ Find New Best Min ACC +++++++++++
The acc is 0.9211, 0.9111, 0.9236
Time Consumption for one epoch is 26.681121349334717s
======================================= Epoch 14 =======================================
================= Test Set =================
The acc is 0.9211, 0.9111, 0.9236
Time Consumption for one epoch is 26.88491415977478s
======================================= Epoch 15 =======================================
================= Test Set =================
The acc is 0.9211, 0.9111, 0.9236
Time Consumption for one epoch is 25.096737384796143s
======================================= Epoch 16 =======================================
================= Test Set =================
The acc is 0.9211, 0.9111, 0.9236
Time Consumption for one epoch is 26.731292009353638s
======================================= Epoch 17 =======================================
================= Test Set =================
The acc is 0.9211, 0.9111, 0.9236
Time Consumption for one epoch is 25.9897141456604s
======================================= Epoch 18 =======================================
================= Test Set =================
The acc is 0.9211, 0.9111, 0.9236
Time Consumption for one epoch is 24.341083526611328s
======================================= Epoch 19 =======================================
================= Test Set =================
The acc is 0.9211, 0.9111, 0.9236
Time Consumption for one epoch is 25.79753613471985s
The final acc is 0.9211, 0.9111, 0.9236
