Namespace(data_dir='/data/yihua/dataset/celeba/celeba.hdf5', result_dir='results', checkpoint=None, resume=False, domain_attrs='Male', target_attrs='Blond_Hair', exp_name=None, batch_size=512, lr=0.0001, wd=2e-05, epochs=20, seed=2021, num_workers=8, arch='resnet18', evaluate=False, gv=0.0001, gr=0.3)
======================================= Epoch 0 =======================================
================= Test Set =================
+++++++++++ Find New Best Min ACC +++++++++++
The acc is 0.5000, 0.5000, 0.5000
Time Consumption for one epoch is 45.71549415588379s
======================================= Epoch 1 =======================================
================= Test Set =================
+++++++++++ Find New Best Min ACC +++++++++++
The acc is 0.7917, 0.7167, 0.8104
Time Consumption for one epoch is 42.918205976486206s
======================================= Epoch 2 =======================================
================= Test Set =================
+++++++++++ Find New Best Min ACC +++++++++++
The acc is 0.8811, 0.8278, 0.8944
Time Consumption for one epoch is 42.153181076049805s
======================================= Epoch 3 =======================================
================= Test Set =================
+++++++++++ Find New Best Min ACC +++++++++++
The acc is 0.8950, 0.8750, 0.9000
Time Consumption for one epoch is 42.115005016326904s
======================================= Epoch 4 =======================================
================= Test Set =================
+++++++++++ Find New Best Min ACC +++++++++++
The acc is 0.9000, 0.8750, 0.9062
Time Consumption for one epoch is 42.71463394165039s
======================================= Epoch 5 =======================================
================= Test Set =================
The acc is 0.9000, 0.8750, 0.9062
Time Consumption for one epoch is 42.73682236671448s
======================================= Epoch 6 =======================================
================= Test Set =================
The acc is 0.9000, 0.8750, 0.9062
Time Consumption for one epoch is 42.69225525856018s
======================================= Epoch 7 =======================================
================= Test Set =================
The acc is 0.9000, 0.8750, 0.9062
Time Consumption for one epoch is 42.44679546356201s
======================================= Epoch 8 =======================================
================= Test Set =================
The acc is 0.9000, 0.8750, 0.9062
Time Consumption for one epoch is 43.21538257598877s
======================================= Epoch 9 =======================================
================= Test Set =================
The acc is 0.9000, 0.8750, 0.9062
Time Consumption for one epoch is 43.742332220077515s
======================================= Epoch 10 =======================================
================= Test Set =================
+++++++++++ Find New Best Min ACC +++++++++++
The acc is 0.9161, 0.8944, 0.9215
Time Consumption for one epoch is 43.13202452659607s
======================================= Epoch 11 =======================================
================= Test Set =================
The acc is 0.9161, 0.8944, 0.9215
Time Consumption for one epoch is 40.97003674507141s
======================================= Epoch 12 =======================================
================= Test Set =================
The acc is 0.9161, 0.8944, 0.9215
Time Consumption for one epoch is 42.14580059051514s
======================================= Epoch 13 =======================================
================= Test Set =================
The acc is 0.9161, 0.8944, 0.9215
Time Consumption for one epoch is 42.5795955657959s
======================================= Epoch 14 =======================================
================= Test Set =================
The acc is 0.9161, 0.8944, 0.9215
Time Consumption for one epoch is 42.753774642944336s
======================================= Epoch 15 =======================================
================= Test Set =================
The acc is 0.9161, 0.8944, 0.9215
Time Consumption for one epoch is 41.700777769088745s
======================================= Epoch 16 =======================================
================= Test Set =================
The acc is 0.9161, 0.8944, 0.9215
Time Consumption for one epoch is 41.788317918777466s
======================================= Epoch 17 =======================================
================= Test Set =================
+++++++++++ Find New Best Min ACC +++++++++++
The acc is 0.9178, 0.9000, 0.9222
Time Consumption for one epoch is 42.756574869155884s
======================================= Epoch 18 =======================================
================= Test Set =================
The acc is 0.9178, 0.9000, 0.9222
Time Consumption for one epoch is 42.65073227882385s
======================================= Epoch 19 =======================================
================= Test Set =================
The acc is 0.9178, 0.9000, 0.9222
Time Consumption for one epoch is 42.57471942901611s
The final acc is 0.9178, 0.9000, 0.9222
