Namespace(data_dir='/data/yihua/dataset/celeba/celeba.hdf5', result_dir='results', checkpoint=None, resume=False, domain_attrs='Male', target_attrs='Heavy_Makeup', exp_name=None, batch_size=512, lr=0.0001, wd=2e-05, epochs=20, seed=2020, num_workers=8, arch='resnet9', evaluate=False, gv=1e-06, gr=0.1)
======================================= Epoch 0 =======================================
================= Test Set =================
+++++++++++ Find New Best Min ACC +++++++++++
The acc is 0.5000, 0.5000, 0.5000
Time Consumption for one epoch is 10.059600114822388s
======================================= Epoch 1 =======================================
================= Test Set =================
The acc is 0.5000, 0.5000, 0.5000
Time Consumption for one epoch is 9.06936502456665s
======================================= Epoch 2 =======================================
================= Test Set =================
The acc is 0.5000, 0.5000, 0.5000
Time Consumption for one epoch is 8.961355209350586s
======================================= Epoch 3 =======================================
================= Test Set =================
The acc is 0.5000, 0.5000, 0.5000
Time Consumption for one epoch is 10.714168787002563s
======================================= Epoch 4 =======================================
================= Test Set =================
The acc is 0.5000, 0.5000, 0.5000
Time Consumption for one epoch is 8.05519413948059s
======================================= Epoch 5 =======================================
================= Test Set =================
+++++++++++ Find New Best Min ACC +++++++++++
The acc is 0.5045, 0.5227, 0.5000
Time Consumption for one epoch is 7.8418731689453125s
======================================= Epoch 6 =======================================
================= Test Set =================
+++++++++++ Find New Best Min ACC +++++++++++
The acc is 0.5409, 0.5000, 0.5511
Time Consumption for one epoch is 9.669536352157593s
======================================= Epoch 7 =======================================
================= Test Set =================
+++++++++++ Find New Best Min ACC +++++++++++
The acc is 0.5545, 0.4545, 0.5795
Time Consumption for one epoch is 7.2824766635894775s
======================================= Epoch 8 =======================================
================= Test Set =================
+++++++++++ Find New Best Min ACC +++++++++++
The acc is 0.5636, 0.5227, 0.5739
Time Consumption for one epoch is 8.36258316040039s
======================================= Epoch 9 =======================================
================= Test Set =================
+++++++++++ Find New Best Min ACC +++++++++++
The acc is 0.5773, 0.5682, 0.5795
Time Consumption for one epoch is 8.99502682685852s
======================================= Epoch 10 =======================================
================= Test Set =================
+++++++++++ Find New Best Min ACC +++++++++++
The acc is 0.6000, 0.5000, 0.6250
Time Consumption for one epoch is 9.101050615310669s
======================================= Epoch 11 =======================================
================= Test Set =================
+++++++++++ Find New Best Min ACC +++++++++++
The acc is 0.6091, 0.5000, 0.6364
Time Consumption for one epoch is 8.929264307022095s
======================================= Epoch 12 =======================================
================= Test Set =================
The acc is 0.6091, 0.5000, 0.6364
Time Consumption for one epoch is 8.696006536483765s
======================================= Epoch 13 =======================================
================= Test Set =================
The acc is 0.6091, 0.5000, 0.6364
Time Consumption for one epoch is 7.428998708724976s
======================================= Epoch 14 =======================================
================= Test Set =================
The acc is 0.6091, 0.5000, 0.6364
Time Consumption for one epoch is 8.633145093917847s
======================================= Epoch 15 =======================================
================= Test Set =================
+++++++++++ Find New Best Min ACC +++++++++++
The acc is 0.6409, 0.5455, 0.6648
Time Consumption for one epoch is 9.001957178115845s
======================================= Epoch 16 =======================================
================= Test Set =================
The acc is 0.6409, 0.5455, 0.6648
Time Consumption for one epoch is 7.5427775382995605s
======================================= Epoch 17 =======================================
================= Test Set =================
+++++++++++ Find New Best Min ACC +++++++++++
The acc is 0.6545, 0.5455, 0.6818
Time Consumption for one epoch is 9.33319616317749s
======================================= Epoch 18 =======================================
================= Test Set =================
+++++++++++ Find New Best Min ACC +++++++++++
The acc is 0.6591, 0.5682, 0.6818
Time Consumption for one epoch is 8.792371988296509s
======================================= Epoch 19 =======================================
================= Test Set =================
The acc is 0.6591, 0.5682, 0.6818
Time Consumption for one epoch is 8.104076147079468s
The final acc is 0.6591, 0.5682, 0.6818
