Namespace(data_dir='/data/yihua/dataset/celeba/celeba.hdf5', result_dir='results', checkpoint=None, resume=False, domain_attrs='Male', target_attrs='High_Cheekbones', exp_name=None, batch_size=512, lr=0.0001, wd=2e-05, epochs=20, seed=42, num_workers=8, arch='resnet18', evaluate=False, gv=0.15, gr=0.3)
======================================= Epoch 0 =======================================
================= Test Set =================
+++++++++++ Find New Best Min ACC +++++++++++
The acc is 0.78, 0.75, 0.79
Time Consumption for one epoch is 271.3309705257416s
======================================= Epoch 1 =======================================
================= Test Set =================
+++++++++++ Find New Best Min ACC +++++++++++
The acc is 0.86, 0.81, 0.87
Time Consumption for one epoch is 267.37916469573975s
======================================= Epoch 2 =======================================
================= Test Set =================
The acc is 0.86, 0.81, 0.87
Time Consumption for one epoch is 267.5559024810791s
======================================= Epoch 3 =======================================
================= Test Set =================
+++++++++++ Find New Best Min ACC +++++++++++
The acc is 0.86, 0.82, 0.87
Time Consumption for one epoch is 268.2831132411957s
======================================= Epoch 4 =======================================
================= Test Set =================
The acc is 0.86, 0.82, 0.87
Time Consumption for one epoch is 267.5863175392151s
======================================= Epoch 5 =======================================
================= Test Set =================
The acc is 0.86, 0.82, 0.87
Time Consumption for one epoch is 267.0754508972168s
======================================= Epoch 6 =======================================
================= Test Set =================
+++++++++++ Find New Best Min ACC +++++++++++
The acc is 0.87, 0.82, 0.88
Time Consumption for one epoch is 268.1420028209686s
======================================= Epoch 7 =======================================
================= Test Set =================
+++++++++++ Find New Best Min ACC +++++++++++
The acc is 0.87, 0.83, 0.89
Time Consumption for one epoch is 267.81374621391296s
======================================= Epoch 8 =======================================
================= Test Set =================
The acc is 0.87, 0.83, 0.89
Time Consumption for one epoch is 266.7445442676544s
======================================= Epoch 9 =======================================
================= Test Set =================
The acc is 0.87, 0.83, 0.89
Time Consumption for one epoch is 267.14547967910767s
======================================= Epoch 10 =======================================
================= Test Set =================
The acc is 0.87, 0.83, 0.89
Time Consumption for one epoch is 268.18158316612244s
======================================= Epoch 11 =======================================
================= Test Set =================
The acc is 0.87, 0.83, 0.89
Time Consumption for one epoch is 267.27419328689575s
======================================= Epoch 12 =======================================
================= Test Set =================
The acc is 0.87, 0.83, 0.89
Time Consumption for one epoch is 266.859721660614s
======================================= Epoch 13 =======================================
================= Test Set =================
The acc is 0.87, 0.83, 0.89
Time Consumption for one epoch is 268.59563755989075s
======================================= Epoch 14 =======================================
================= Test Set =================
The acc is 0.87, 0.83, 0.89
Time Consumption for one epoch is 268.34629821777344s
======================================= Epoch 15 =======================================
================= Test Set =================
The acc is 0.87, 0.83, 0.89
Time Consumption for one epoch is 267.857784986496s
======================================= Epoch 16 =======================================
================= Test Set =================
+++++++++++ Find New Best Min ACC +++++++++++
The acc is 0.88, 0.83, 0.89
Time Consumption for one epoch is 268.0973415374756s
======================================= Epoch 17 =======================================
================= Test Set =================
+++++++++++ Find New Best Min ACC +++++++++++
The acc is 0.88, 0.84, 0.89
Time Consumption for one epoch is 268.7763845920563s
======================================= Epoch 18 =======================================
================= Test Set =================
The acc is 0.88, 0.84, 0.89
Time Consumption for one epoch is 266.5245237350464s
======================================= Epoch 19 =======================================
================= Test Set =================
The acc is 0.88, 0.84, 0.89
Time Consumption for one epoch is 267.31287264823914s
The final acc is 0.88, 0.84, 0.89
