Namespace(data_dir='/data/yihua/dataset/celeba/celeba.hdf5', result_dir='results', checkpoint=None, resume=False, domain_attrs='Male', target_attrs='High_Cheekbones', exp_name=None, batch_size=512, lr=0.0001, wd=2e-05, epochs=20, seed=42, num_workers=8, arch='resnet9', evaluate=False, gv=0.3, gr=0.1)
======================================= Epoch 0 =======================================
================= Test Set =================
+++++++++++ Find New Best Min ACC +++++++++++
The acc is 0.8408, 0.7903, 0.8535
Time Consumption for one epoch is 131.62790656089783s
======================================= Epoch 1 =======================================
================= Test Set =================
The acc is 0.8408, 0.7903, 0.8535
Time Consumption for one epoch is 128.13423800468445s
======================================= Epoch 2 =======================================
================= Test Set =================
The acc is 0.8408, 0.7903, 0.8535
Time Consumption for one epoch is 129.40663766860962s
======================================= Epoch 3 =======================================
================= Test Set =================
+++++++++++ Find New Best Min ACC +++++++++++
The acc is 0.8607, 0.8188, 0.8712
Time Consumption for one epoch is 130.23382353782654s
======================================= Epoch 4 =======================================
================= Test Set =================
+++++++++++ Find New Best Min ACC +++++++++++
The acc is 0.8656, 0.8268, 0.8753
Time Consumption for one epoch is 128.71441960334778s
======================================= Epoch 5 =======================================
================= Test Set =================
+++++++++++ Find New Best Min ACC +++++++++++
The acc is 0.8725, 0.8272, 0.8838
Time Consumption for one epoch is 128.20301389694214s
======================================= Epoch 6 =======================================
================= Test Set =================
The acc is 0.8725, 0.8272, 0.8838
Time Consumption for one epoch is 129.24400353431702s
======================================= Epoch 7 =======================================
================= Test Set =================
The acc is 0.8725, 0.8272, 0.8838
Time Consumption for one epoch is 129.2622311115265s
======================================= Epoch 8 =======================================
================= Test Set =================
The acc is 0.8725, 0.8272, 0.8838
Time Consumption for one epoch is 130.23565411567688s
======================================= Epoch 9 =======================================
================= Test Set =================
The acc is 0.8725, 0.8272, 0.8838
Time Consumption for one epoch is 129.38366413116455s
======================================= Epoch 10 =======================================
================= Test Set =================
+++++++++++ Find New Best Min ACC +++++++++++
The acc is 0.8771, 0.8328, 0.8882
Time Consumption for one epoch is 130.25958776474s
======================================= Epoch 11 =======================================
================= Test Set =================
The acc is 0.8771, 0.8328, 0.8882
Time Consumption for one epoch is 130.38816237449646s
======================================= Epoch 12 =======================================
================= Test Set =================
The acc is 0.8771, 0.8328, 0.8882
Time Consumption for one epoch is 129.09576153755188s
======================================= Epoch 13 =======================================
================= Test Set =================
The acc is 0.8771, 0.8328, 0.8882
Time Consumption for one epoch is 128.67210412025452s
======================================= Epoch 14 =======================================
================= Test Set =================
The acc is 0.8771, 0.8328, 0.8882
Time Consumption for one epoch is 129.44887351989746s
======================================= Epoch 15 =======================================
================= Test Set =================
The acc is 0.8771, 0.8328, 0.8882
Time Consumption for one epoch is 129.39465379714966s
======================================= Epoch 16 =======================================
================= Test Set =================
+++++++++++ Find New Best Min ACC +++++++++++
The acc is 0.8776, 0.8348, 0.8884
Time Consumption for one epoch is 129.28988361358643s
======================================= Epoch 17 =======================================
================= Test Set =================
+++++++++++ Find New Best Min ACC +++++++++++
The acc is 0.8803, 0.8396, 0.8905
Time Consumption for one epoch is 130.27907800674438s
======================================= Epoch 18 =======================================
================= Test Set =================
The acc is 0.8803, 0.8396, 0.8905
Time Consumption for one epoch is 130.4220712184906s
======================================= Epoch 19 =======================================
================= Test Set =================
+++++++++++ Find New Best Min ACC +++++++++++
The acc is 0.8811, 0.8392, 0.8916
Time Consumption for one epoch is 128.81339621543884s
The final acc is 0.8811, 0.8392, 0.8916
