Namespace(data_dir='/data/yihua/dataset/celeba/celeba.hdf5', result_dir='rotation_study', checkpoint=None, resume=False, domain_attrs='Male', target_attrs='Blond_Hair', exp_name=None, batch_size=512, lr=0.0001, wd=2e-05, epochs=20, seed=2020, num_workers=8, arch='resnet18', evaluate=False, total_num=5000, test_num=1000, gv=180.0, gr=0.5, minor_ratio=0.2, add_aug='rotation')
======================================= Epoch 0 =======================================
================= Test Set =================
+++++++++++ Find New Best Min ACC +++++++++++
The acc is 0.4624, 0.4186, 0.5000
Time Consumption for one epoch is 22.210626125335693s
======================================= Epoch 1 =======================================
================= Test Set =================
+++++++++++ Find New Best Min ACC +++++++++++
The acc is 0.5355, 0.5628, 0.5120
Time Consumption for one epoch is 21.155909299850464s
======================================= Epoch 2 =======================================
================= Test Set =================
+++++++++++ Find New Best Min ACC +++++++++++
The acc is 0.6559, 0.6488, 0.6620
Time Consumption for one epoch is 21.614267826080322s
======================================= Epoch 3 =======================================
================= Test Set =================
The acc is 0.6559, 0.6488, 0.6620
Time Consumption for one epoch is 21.59817862510681s
======================================= Epoch 4 =======================================
================= Test Set =================
+++++++++++ Find New Best Min ACC +++++++++++
The acc is 0.8462, 0.8186, 0.8700
Time Consumption for one epoch is 21.132839918136597s
======================================= Epoch 5 =======================================
================= Test Set =================
+++++++++++ Find New Best Min ACC +++++++++++
The acc is 0.8634, 0.8326, 0.8900
Time Consumption for one epoch is 21.174065351486206s
======================================= Epoch 6 =======================================
================= Test Set =================
The acc is 0.8634, 0.8326, 0.8900
Time Consumption for one epoch is 21.47200632095337s
======================================= Epoch 7 =======================================
================= Test Set =================
+++++++++++ Find New Best Min ACC +++++++++++
The acc is 0.8817, 0.8721, 0.8900
Time Consumption for one epoch is 22.387559175491333s
======================================= Epoch 8 =======================================
================= Test Set =================
The acc is 0.8817, 0.8721, 0.8900
Time Consumption for one epoch is 21.63395118713379s
======================================= Epoch 9 =======================================
================= Test Set =================
The acc is 0.8817, 0.8721, 0.8900
Time Consumption for one epoch is 20.14746642112732s
======================================= Epoch 10 =======================================
================= Test Set =================
The acc is 0.8817, 0.8721, 0.8900
Time Consumption for one epoch is 21.721603631973267s
======================================= Epoch 11 =======================================
================= Test Set =================
+++++++++++ Find New Best Min ACC +++++++++++
The acc is 0.8839, 0.8698, 0.8960
Time Consumption for one epoch is 21.177942514419556s
======================================= Epoch 12 =======================================
================= Test Set =================
The acc is 0.8839, 0.8698, 0.8960
Time Consumption for one epoch is 21.911695957183838s
======================================= Epoch 13 =======================================
================= Test Set =================
+++++++++++ Find New Best Min ACC +++++++++++
The acc is 0.8882, 0.8674, 0.9060
Time Consumption for one epoch is 21.426909685134888s
======================================= Epoch 14 =======================================
================= Test Set =================
The acc is 0.8882, 0.8674, 0.9060
Time Consumption for one epoch is 21.22722053527832s
======================================= Epoch 15 =======================================
================= Test Set =================
The acc is 0.8882, 0.8674, 0.9060
Time Consumption for one epoch is 20.979093313217163s
======================================= Epoch 16 =======================================
================= Test Set =================
The acc is 0.8882, 0.8674, 0.9060
Time Consumption for one epoch is 19.666502237319946s
======================================= Epoch 17 =======================================
================= Test Set =================
The acc is 0.8882, 0.8674, 0.9060
Time Consumption for one epoch is 20.968743324279785s
======================================= Epoch 18 =======================================
================= Test Set =================
The acc is 0.8882, 0.8674, 0.9060
Time Consumption for one epoch is 22.264107704162598s
======================================= Epoch 19 =======================================
================= Test Set =================
The acc is 0.8882, 0.8674, 0.9060
Time Consumption for one epoch is 20.80249571800232s
The final acc is 0.8882, 0.8674, 0.9060
