Namespace(data_dir='/data/yihua/dataset/celeba/celeba.hdf5', result_dir='results', checkpoint=None, resume=False, domain_attrs='Male', target_attrs='Blond_Hair', exp_name=None, batch_size=512, lr=0.0001, wd=2e-05, epochs=20, seed=2022, num_workers=8, arch='resnet9', evaluate=False, gv=0.3, gr=0.3)
======================================= Epoch 0 =======================================
================= Test Set =================
+++++++++++ Find New Best Min ACC +++++++++++
The acc is 0.6556, 0.5944, 0.6708
Time Consumption for one epoch is 31.82078981399536s
======================================= Epoch 1 =======================================
================= Test Set =================
+++++++++++ Find New Best Min ACC +++++++++++
The acc is 0.8817, 0.8194, 0.8972
Time Consumption for one epoch is 27.92605233192444s
======================================= Epoch 2 =======================================
================= Test Set =================
The acc is 0.8817, 0.8194, 0.8972
Time Consumption for one epoch is 28.20254945755005s
======================================= Epoch 3 =======================================
================= Test Set =================
The acc is 0.8817, 0.8194, 0.8972
Time Consumption for one epoch is 28.41500687599182s
======================================= Epoch 4 =======================================
================= Test Set =================
+++++++++++ Find New Best Min ACC +++++++++++
The acc is 0.9039, 0.8583, 0.9153
Time Consumption for one epoch is 27.082908630371094s
======================================= Epoch 5 =======================================
================= Test Set =================
The acc is 0.9039, 0.8583, 0.9153
Time Consumption for one epoch is 25.851563215255737s
======================================= Epoch 6 =======================================
================= Test Set =================
The acc is 0.9039, 0.8583, 0.9153
Time Consumption for one epoch is 27.1540470123291s
======================================= Epoch 7 =======================================
================= Test Set =================
The acc is 0.9039, 0.8583, 0.9153
Time Consumption for one epoch is 27.594629764556885s
======================================= Epoch 8 =======================================
================= Test Set =================
+++++++++++ Find New Best Min ACC +++++++++++
The acc is 0.9072, 0.8806, 0.9139
Time Consumption for one epoch is 27.312732934951782s
======================================= Epoch 9 =======================================
================= Test Set =================
+++++++++++ Find New Best Min ACC +++++++++++
The acc is 0.9128, 0.8917, 0.9181
Time Consumption for one epoch is 27.19475269317627s
======================================= Epoch 10 =======================================
================= Test Set =================
+++++++++++ Find New Best Min ACC +++++++++++
The acc is 0.9139, 0.8944, 0.9187
Time Consumption for one epoch is 24.154655933380127s
======================================= Epoch 11 =======================================
================= Test Set =================
+++++++++++ Find New Best Min ACC +++++++++++
The acc is 0.9144, 0.8917, 0.9201
Time Consumption for one epoch is 28.434183597564697s
======================================= Epoch 12 =======================================
================= Test Set =================
The acc is 0.9144, 0.8917, 0.9201
Time Consumption for one epoch is 27.40954065322876s
======================================= Epoch 13 =======================================
================= Test Set =================
+++++++++++ Find New Best Min ACC +++++++++++
The acc is 0.9217, 0.9083, 0.9250
Time Consumption for one epoch is 27.820418119430542s
======================================= Epoch 14 =======================================
================= Test Set =================
The acc is 0.9217, 0.9083, 0.9250
Time Consumption for one epoch is 28.579996585845947s
======================================= Epoch 15 =======================================
================= Test Set =================
The acc is 0.9217, 0.9083, 0.9250
Time Consumption for one epoch is 26.446048498153687s
======================================= Epoch 16 =======================================
================= Test Set =================
The acc is 0.9217, 0.9083, 0.9250
Time Consumption for one epoch is 27.554729223251343s
======================================= Epoch 17 =======================================
================= Test Set =================
The acc is 0.9217, 0.9083, 0.9250
Time Consumption for one epoch is 27.346760988235474s
======================================= Epoch 18 =======================================
================= Test Set =================
The acc is 0.9217, 0.9083, 0.9250
Time Consumption for one epoch is 27.58904266357422s
======================================= Epoch 19 =======================================
================= Test Set =================
The acc is 0.9217, 0.9083, 0.9250
Time Consumption for one epoch is 27.862140893936157s
The final acc is 0.9217, 0.9083, 0.9250
