Namespace(data_dir='/data/yihua/dataset/celeba/celeba.hdf5', result_dir='rotation_study', checkpoint=None, resume=False, domain_attrs='Male', target_attrs='Blond_Hair', exp_name=None, batch_size=512, lr=0.0001, wd=2e-05, epochs=20, seed=2021, num_workers=8, arch='resnet18', evaluate=False, total_num=5000, test_num=1000, gv=120.0, gr=0.1, minor_ratio=0.2, add_aug='rotation')
======================================= Epoch 0 =======================================
================= Test Set =================
+++++++++++ Find New Best Min ACC +++++++++++
The acc is 0.4742, 0.4279, 0.5140
Time Consumption for one epoch is 23.555917501449585s
======================================= Epoch 1 =======================================
================= Test Set =================
+++++++++++ Find New Best Min ACC +++++++++++
The acc is 0.5376, 0.5814, 0.5000
Time Consumption for one epoch is 21.13580584526062s
======================================= Epoch 2 =======================================
================= Test Set =================
The acc is 0.5376, 0.5814, 0.5000
Time Consumption for one epoch is 20.78904914855957s
======================================= Epoch 3 =======================================
================= Test Set =================
The acc is 0.5376, 0.5814, 0.5000
Time Consumption for one epoch is 20.229254722595215s
======================================= Epoch 4 =======================================
================= Test Set =================
+++++++++++ Find New Best Min ACC +++++++++++
The acc is 0.6097, 0.6488, 0.5760
Time Consumption for one epoch is 21.4845929145813s
======================================= Epoch 5 =======================================
================= Test Set =================
+++++++++++ Find New Best Min ACC +++++++++++
The acc is 0.7742, 0.7651, 0.7820
Time Consumption for one epoch is 20.740522146224976s
======================================= Epoch 6 =======================================
================= Test Set =================
+++++++++++ Find New Best Min ACC +++++++++++
The acc is 0.8581, 0.8186, 0.8920
Time Consumption for one epoch is 20.840384483337402s
======================================= Epoch 7 =======================================
================= Test Set =================
The acc is 0.8581, 0.8186, 0.8920
Time Consumption for one epoch is 20.37367343902588s
======================================= Epoch 8 =======================================
================= Test Set =================
+++++++++++ Find New Best Min ACC +++++++++++
The acc is 0.8591, 0.8233, 0.8900
Time Consumption for one epoch is 20.884407997131348s
======================================= Epoch 9 =======================================
================= Test Set =================
+++++++++++ Find New Best Min ACC +++++++++++
The acc is 0.8656, 0.8395, 0.8880
Time Consumption for one epoch is 20.91106128692627s
======================================= Epoch 10 =======================================
================= Test Set =================
The acc is 0.8656, 0.8395, 0.8880
Time Consumption for one epoch is 19.888593435287476s
======================================= Epoch 11 =======================================
================= Test Set =================
The acc is 0.8656, 0.8395, 0.8880
Time Consumption for one epoch is 20.705127477645874s
======================================= Epoch 12 =======================================
================= Test Set =================
The acc is 0.8656, 0.8395, 0.8880
Time Consumption for one epoch is 20.6236310005188s
======================================= Epoch 13 =======================================
================= Test Set =================
+++++++++++ Find New Best Min ACC +++++++++++
The acc is 0.8731, 0.8442, 0.8980
Time Consumption for one epoch is 20.602543592453003s
======================================= Epoch 14 =======================================
================= Test Set =================
+++++++++++ Find New Best Min ACC +++++++++++
The acc is 0.8882, 0.8558, 0.9160
Time Consumption for one epoch is 20.937624216079712s
======================================= Epoch 15 =======================================
================= Test Set =================
The acc is 0.8882, 0.8558, 0.9160
Time Consumption for one epoch is 20.10118579864502s
======================================= Epoch 16 =======================================
================= Test Set =================
+++++++++++ Find New Best Min ACC +++++++++++
The acc is 0.8957, 0.8860, 0.9040
Time Consumption for one epoch is 19.5732524394989s
======================================= Epoch 17 =======================================
================= Test Set =================
The acc is 0.8957, 0.8860, 0.9040
Time Consumption for one epoch is 21.58360004425049s
======================================= Epoch 18 =======================================
================= Test Set =================
+++++++++++ Find New Best Min ACC +++++++++++
The acc is 0.9011, 0.8953, 0.9060
Time Consumption for one epoch is 20.992207765579224s
======================================= Epoch 19 =======================================
================= Test Set =================
+++++++++++ Find New Best Min ACC +++++++++++
The acc is 0.9022, 0.8977, 0.9060
Time Consumption for one epoch is 20.447689294815063s
The final acc is 0.9022, 0.8977, 0.9060
