Namespace(data_dir='/data/yihua/dataset/celeba/celeba.hdf5', result_dir='results', checkpoint=None, resume=False, domain_attrs='Male', target_attrs='High_Cheekbones', exp_name=None, batch_size=512, lr=0.0001, wd=2e-05, epochs=20, seed=2022, num_workers=8, arch='resnet9', evaluate=False, gv=0.4, gr=0.5)
======================================= Epoch 0 =======================================
================= Test Set =================
+++++++++++ Find New Best Min ACC +++++++++++
The acc is 0.8471, 0.8043, 0.8578
Time Consumption for one epoch is 142.2357301712036s
======================================= Epoch 1 =======================================
================= Test Set =================
+++++++++++ Find New Best Min ACC +++++++++++
The acc is 0.8512, 0.8103, 0.8614
Time Consumption for one epoch is 145.8266122341156s
======================================= Epoch 2 =======================================
================= Test Set =================
+++++++++++ Find New Best Min ACC +++++++++++
The acc is 0.8624, 0.8148, 0.8743
Time Consumption for one epoch is 143.0463047027588s
======================================= Epoch 3 =======================================
================= Test Set =================
+++++++++++ Find New Best Min ACC +++++++++++
The acc is 0.8681, 0.8196, 0.8802
Time Consumption for one epoch is 142.86020064353943s
======================================= Epoch 4 =======================================
================= Test Set =================
+++++++++++ Find New Best Min ACC +++++++++++
The acc is 0.8687, 0.8180, 0.8813
Time Consumption for one epoch is 141.70343565940857s
======================================= Epoch 5 =======================================
================= Test Set =================
+++++++++++ Find New Best Min ACC +++++++++++
The acc is 0.8708, 0.8276, 0.8815
Time Consumption for one epoch is 144.83308219909668s
======================================= Epoch 6 =======================================
================= Test Set =================
+++++++++++ Find New Best Min ACC +++++++++++
The acc is 0.8766, 0.8368, 0.8866
Time Consumption for one epoch is 142.32171297073364s
======================================= Epoch 7 =======================================
================= Test Set =================
The acc is 0.8766, 0.8368, 0.8866
Time Consumption for one epoch is 143.54924488067627s
======================================= Epoch 8 =======================================
================= Test Set =================
The acc is 0.8766, 0.8368, 0.8866
Time Consumption for one epoch is 141.37121033668518s
======================================= Epoch 9 =======================================
================= Test Set =================
The acc is 0.8766, 0.8368, 0.8866
Time Consumption for one epoch is 146.19260382652283s
======================================= Epoch 10 =======================================
================= Test Set =================
The acc is 0.8766, 0.8368, 0.8866
Time Consumption for one epoch is 143.15013456344604s
======================================= Epoch 11 =======================================
================= Test Set =================
The acc is 0.8766, 0.8368, 0.8866
Time Consumption for one epoch is 142.21851229667664s
======================================= Epoch 12 =======================================
================= Test Set =================
The acc is 0.8766, 0.8368, 0.8866
Time Consumption for one epoch is 144.2586510181427s
======================================= Epoch 13 =======================================
================= Test Set =================
The acc is 0.8766, 0.8368, 0.8866
Time Consumption for one epoch is 142.32120776176453s
======================================= Epoch 14 =======================================
================= Test Set =================
The acc is 0.8766, 0.8368, 0.8866
Time Consumption for one epoch is 143.1783537864685s
======================================= Epoch 15 =======================================
================= Test Set =================
The acc is 0.8766, 0.8368, 0.8866
Time Consumption for one epoch is 141.63661527633667s
======================================= Epoch 16 =======================================
================= Test Set =================
+++++++++++ Find New Best Min ACC +++++++++++
The acc is 0.8793, 0.8368, 0.8900
Time Consumption for one epoch is 144.25827264785767s
======================================= Epoch 17 =======================================
================= Test Set =================
+++++++++++ Find New Best Min ACC +++++++++++
The acc is 0.8795, 0.8388, 0.8897
Time Consumption for one epoch is 142.17456007003784s
======================================= Epoch 18 =======================================
================= Test Set =================
The acc is 0.8795, 0.8388, 0.8897
Time Consumption for one epoch is 144.0387773513794s
======================================= Epoch 19 =======================================
================= Test Set =================
The acc is 0.8795, 0.8388, 0.8897
Time Consumption for one epoch is 141.28000473976135s
The final acc is 0.8795, 0.8388, 0.8897
