Namespace(data_dir='/data/yihua/dataset/celeba/celeba.hdf5', result_dir='results', checkpoint=None, resume=False, domain_attrs='Male', target_attrs='Heavy_Makeup', exp_name=None, batch_size=512, lr=0.0001, wd=2e-05, epochs=20, seed=2023, num_workers=8, arch='resnet9', evaluate=False, gv=0.0001, gr=0.3)
======================================= Epoch 0 =======================================
================= Test Set =================
+++++++++++ Find New Best Min ACC +++++++++++
The acc is 0.5000, 0.5000, 0.5000
Time Consumption for one epoch is 9.286732912063599s
======================================= Epoch 1 =======================================
================= Test Set =================
The acc is 0.5000, 0.5000, 0.5000
Time Consumption for one epoch is 8.96587085723877s
======================================= Epoch 2 =======================================
================= Test Set =================
+++++++++++ Find New Best Min ACC +++++++++++
The acc is 0.5045, 0.5227, 0.5000
Time Consumption for one epoch is 10.125405073165894s
======================================= Epoch 3 =======================================
================= Test Set =================
The acc is 0.5045, 0.5227, 0.5000
Time Consumption for one epoch is 8.286615133285522s
======================================= Epoch 4 =======================================
================= Test Set =================
The acc is 0.5045, 0.5227, 0.5000
Time Consumption for one epoch is 8.304619312286377s
======================================= Epoch 5 =======================================
================= Test Set =================
The acc is 0.5045, 0.5227, 0.5000
Time Consumption for one epoch is 7.898193359375s
======================================= Epoch 6 =======================================
================= Test Set =================
The acc is 0.5045, 0.5227, 0.5000
Time Consumption for one epoch is 9.396955251693726s
======================================= Epoch 7 =======================================
================= Test Set =================
The acc is 0.5045, 0.5227, 0.5000
Time Consumption for one epoch is 8.798751592636108s
======================================= Epoch 8 =======================================
================= Test Set =================
+++++++++++ Find New Best Min ACC +++++++++++
The acc is 0.5682, 0.5000, 0.5852
Time Consumption for one epoch is 7.899139642715454s
======================================= Epoch 9 =======================================
================= Test Set =================
+++++++++++ Find New Best Min ACC +++++++++++
The acc is 0.6773, 0.5682, 0.7045
Time Consumption for one epoch is 7.791570425033569s
======================================= Epoch 10 =======================================
================= Test Set =================
The acc is 0.6773, 0.5682, 0.7045
Time Consumption for one epoch is 7.120274066925049s
======================================= Epoch 11 =======================================
================= Test Set =================
+++++++++++ Find New Best Min ACC +++++++++++
The acc is 0.7000, 0.5682, 0.7330
Time Consumption for one epoch is 8.243623733520508s
======================================= Epoch 12 =======================================
================= Test Set =================
The acc is 0.7000, 0.5682, 0.7330
Time Consumption for one epoch is 10.16581130027771s
======================================= Epoch 13 =======================================
================= Test Set =================
The acc is 0.7000, 0.5682, 0.7330
Time Consumption for one epoch is 7.9496541023254395s
======================================= Epoch 14 =======================================
================= Test Set =================
The acc is 0.7000, 0.5682, 0.7330
Time Consumption for one epoch is 7.9625563621521s
======================================= Epoch 15 =======================================
================= Test Set =================
The acc is 0.7000, 0.5682, 0.7330
Time Consumption for one epoch is 7.314140796661377s
======================================= Epoch 16 =======================================
================= Test Set =================
The acc is 0.7000, 0.5682, 0.7330
Time Consumption for one epoch is 8.511114835739136s
======================================= Epoch 17 =======================================
================= Test Set =================
+++++++++++ Find New Best Min ACC +++++++++++
The acc is 0.7091, 0.5682, 0.7443
Time Consumption for one epoch is 8.697065353393555s
======================================= Epoch 18 =======================================
================= Test Set =================
The acc is 0.7091, 0.5682, 0.7443
Time Consumption for one epoch is 9.564258337020874s
======================================= Epoch 19 =======================================
================= Test Set =================
The acc is 0.7091, 0.5682, 0.7443
Time Consumption for one epoch is 8.227445125579834s
The final acc is 0.7091, 0.5682, 0.7443
