Namespace(data_dir='/data/yihua/dataset/celeba/celeba.hdf5', result_dir='results', checkpoint=None, resume=False, domain_attrs='Male', target_attrs='Blond_Hair', exp_name=None, batch_size=512, lr=0.0001, wd=2e-05, epochs=20, seed=2020, num_workers=8, arch='resnet9', evaluate=False, gv=0.35, gr=0.5)
======================================= Epoch 0 =======================================
================= Test Set =================
+++++++++++ Find New Best Min ACC +++++++++++
The acc is 0.8150, 0.7806, 0.8236
Time Consumption for one epoch is 27.93394660949707s
======================================= Epoch 1 =======================================
================= Test Set =================
+++++++++++ Find New Best Min ACC +++++++++++
The acc is 0.8828, 0.8222, 0.8979
Time Consumption for one epoch is 25.294655561447144s
======================================= Epoch 2 =======================================
================= Test Set =================
+++++++++++ Find New Best Min ACC +++++++++++
The acc is 0.8989, 0.8500, 0.9111
Time Consumption for one epoch is 26.06743335723877s
======================================= Epoch 3 =======================================
================= Test Set =================
The acc is 0.8989, 0.8500, 0.9111
Time Consumption for one epoch is 25.19196343421936s
======================================= Epoch 4 =======================================
================= Test Set =================
The acc is 0.8989, 0.8500, 0.9111
Time Consumption for one epoch is 25.53931999206543s
======================================= Epoch 5 =======================================
================= Test Set =================
The acc is 0.8989, 0.8500, 0.9111
Time Consumption for one epoch is 26.512343645095825s
======================================= Epoch 6 =======================================
================= Test Set =================
The acc is 0.8989, 0.8500, 0.9111
Time Consumption for one epoch is 25.35291337966919s
======================================= Epoch 7 =======================================
================= Test Set =================
+++++++++++ Find New Best Min ACC +++++++++++
The acc is 0.9117, 0.8972, 0.9153
Time Consumption for one epoch is 24.22275972366333s
======================================= Epoch 8 =======================================
================= Test Set =================
+++++++++++ Find New Best Min ACC +++++++++++
The acc is 0.9178, 0.9028, 0.9215
Time Consumption for one epoch is 25.83293867111206s
======================================= Epoch 9 =======================================
================= Test Set =================
The acc is 0.9178, 0.9028, 0.9215
Time Consumption for one epoch is 25.71849298477173s
======================================= Epoch 10 =======================================
================= Test Set =================
The acc is 0.9178, 0.9028, 0.9215
Time Consumption for one epoch is 24.61398148536682s
======================================= Epoch 11 =======================================
================= Test Set =================
The acc is 0.9178, 0.9028, 0.9215
Time Consumption for one epoch is 24.688132762908936s
======================================= Epoch 12 =======================================
================= Test Set =================
The acc is 0.9178, 0.9028, 0.9215
Time Consumption for one epoch is 25.15572428703308s
======================================= Epoch 13 =======================================
================= Test Set =================
The acc is 0.9178, 0.9028, 0.9215
Time Consumption for one epoch is 25.846406936645508s
======================================= Epoch 14 =======================================
================= Test Set =================
The acc is 0.9178, 0.9028, 0.9215
Time Consumption for one epoch is 25.964324951171875s
======================================= Epoch 15 =======================================
================= Test Set =================
The acc is 0.9178, 0.9028, 0.9215
Time Consumption for one epoch is 24.901106595993042s
======================================= Epoch 16 =======================================
================= Test Set =================
+++++++++++ Find New Best Min ACC +++++++++++
The acc is 0.9183, 0.8972, 0.9236
Time Consumption for one epoch is 25.517958879470825s
======================================= Epoch 17 =======================================
================= Test Set =================
+++++++++++ Find New Best Min ACC +++++++++++
The acc is 0.9194, 0.8972, 0.9250
Time Consumption for one epoch is 25.295297861099243s
======================================= Epoch 18 =======================================
================= Test Set =================
+++++++++++ Find New Best Min ACC +++++++++++
The acc is 0.9206, 0.9000, 0.9257
Time Consumption for one epoch is 25.831960201263428s
======================================= Epoch 19 =======================================
================= Test Set =================
The acc is 0.9206, 0.9000, 0.9257
Time Consumption for one epoch is 25.949467420578003s
The final acc is 0.9206, 0.9000, 0.9257
