Namespace(data_dir='/data/yihua/dataset/celeba/celeba.hdf5', result_dir='results', checkpoint=None, resume=False, domain_attrs='Male', target_attrs='Blond_Hair', exp_name=None, batch_size=512, lr=0.0001, wd=2e-05, epochs=20, seed=42, num_workers=8, arch='resnet9', evaluate=False, gv=0.3, gr=0.3)
======================================= Epoch 0 =======================================
================= Test Set =================
+++++++++++ Find New Best Min ACC +++++++++++
The acc is 0.7517, 0.7083, 0.7625
Time Consumption for one epoch is 28.85166883468628s
======================================= Epoch 1 =======================================
================= Test Set =================
+++++++++++ Find New Best Min ACC +++++++++++
The acc is 0.8828, 0.8306, 0.8958
Time Consumption for one epoch is 24.924127340316772s
======================================= Epoch 2 =======================================
================= Test Set =================
+++++++++++ Find New Best Min ACC +++++++++++
The acc is 0.8872, 0.8278, 0.9021
Time Consumption for one epoch is 25.393784284591675s
======================================= Epoch 3 =======================================
================= Test Set =================
The acc is 0.8872, 0.8278, 0.9021
Time Consumption for one epoch is 24.738218784332275s
======================================= Epoch 4 =======================================
================= Test Set =================
The acc is 0.8872, 0.8278, 0.9021
Time Consumption for one epoch is 25.846696376800537s
======================================= Epoch 5 =======================================
================= Test Set =================
+++++++++++ Find New Best Min ACC +++++++++++
The acc is 0.9083, 0.8944, 0.9118
Time Consumption for one epoch is 26.030385971069336s
======================================= Epoch 6 =======================================
================= Test Set =================
The acc is 0.9083, 0.8944, 0.9118
Time Consumption for one epoch is 24.39217472076416s
======================================= Epoch 7 =======================================
================= Test Set =================
The acc is 0.9083, 0.8944, 0.9118
Time Consumption for one epoch is 24.502456665039062s
======================================= Epoch 8 =======================================
================= Test Set =================
+++++++++++ Find New Best Min ACC +++++++++++
The acc is 0.9128, 0.8917, 0.9181
Time Consumption for one epoch is 26.13023281097412s
======================================= Epoch 9 =======================================
================= Test Set =================
The acc is 0.9128, 0.8917, 0.9181
Time Consumption for one epoch is 25.961305618286133s
======================================= Epoch 10 =======================================
================= Test Set =================
The acc is 0.9128, 0.8917, 0.9181
Time Consumption for one epoch is 23.28541374206543s
======================================= Epoch 11 =======================================
================= Test Set =================
+++++++++++ Find New Best Min ACC +++++++++++
The acc is 0.9150, 0.8944, 0.9201
Time Consumption for one epoch is 25.867210388183594s
======================================= Epoch 12 =======================================
================= Test Set =================
The acc is 0.9150, 0.8944, 0.9201
Time Consumption for one epoch is 25.716893911361694s
======================================= Epoch 13 =======================================
================= Test Set =================
The acc is 0.9150, 0.8944, 0.9201
Time Consumption for one epoch is 25.300536155700684s
======================================= Epoch 14 =======================================
================= Test Set =================
The acc is 0.9150, 0.8944, 0.9201
Time Consumption for one epoch is 26.58755660057068s
======================================= Epoch 15 =======================================
================= Test Set =================
+++++++++++ Find New Best Min ACC +++++++++++
The acc is 0.9200, 0.9056, 0.9236
Time Consumption for one epoch is 26.786597967147827s
======================================= Epoch 16 =======================================
================= Test Set =================
The acc is 0.9200, 0.9056, 0.9236
Time Consumption for one epoch is 24.917280673980713s
======================================= Epoch 17 =======================================
================= Test Set =================
The acc is 0.9200, 0.9056, 0.9236
Time Consumption for one epoch is 25.012734413146973s
======================================= Epoch 18 =======================================
================= Test Set =================
The acc is 0.9200, 0.9056, 0.9236
Time Consumption for one epoch is 25.794334650039673s
======================================= Epoch 19 =======================================
================= Test Set =================
The acc is 0.9200, 0.9056, 0.9236
Time Consumption for one epoch is 26.713236331939697s
The final acc is 0.9200, 0.9056, 0.9236
