Namespace(data_dir='/data/yihua/dataset/celeba/celeba.hdf5', result_dir='results', checkpoint=None, resume=False, domain_attrs='Male', target_attrs='Blond_Hair', exp_name=None, batch_size=512, lr=0.0001, wd=2e-05, epochs=20, seed=2020, num_workers=8, arch='resnet9', evaluate=False, gv=1.0, gr=0.3)
======================================= Epoch 0 =======================================
================= Test Set =================
+++++++++++ Find New Best Min ACC +++++++++++
The acc is 0.8250, 0.8056, 0.8299
Time Consumption for one epoch is 27.623671770095825s
======================================= Epoch 1 =======================================
================= Test Set =================
+++++++++++ Find New Best Min ACC +++++++++++
The acc is 0.8733, 0.8250, 0.8854
Time Consumption for one epoch is 24.32442617416382s
======================================= Epoch 2 =======================================
================= Test Set =================
+++++++++++ Find New Best Min ACC +++++++++++
The acc is 0.8944, 0.8444, 0.9069
Time Consumption for one epoch is 24.56492042541504s
======================================= Epoch 3 =======================================
================= Test Set =================
The acc is 0.8944, 0.8444, 0.9069
Time Consumption for one epoch is 24.103330373764038s
======================================= Epoch 4 =======================================
================= Test Set =================
+++++++++++ Find New Best Min ACC +++++++++++
The acc is 0.8950, 0.8389, 0.9090
Time Consumption for one epoch is 24.62346577644348s
======================================= Epoch 5 =======================================
================= Test Set =================
The acc is 0.8950, 0.8389, 0.9090
Time Consumption for one epoch is 24.609639167785645s
======================================= Epoch 6 =======================================
================= Test Set =================
+++++++++++ Find New Best Min ACC +++++++++++
The acc is 0.9072, 0.8778, 0.9146
Time Consumption for one epoch is 23.83550214767456s
======================================= Epoch 7 =======================================
================= Test Set =================
The acc is 0.9072, 0.8778, 0.9146
Time Consumption for one epoch is 23.704673528671265s
======================================= Epoch 8 =======================================
================= Test Set =================
The acc is 0.9072, 0.8778, 0.9146
Time Consumption for one epoch is 24.682640075683594s
======================================= Epoch 9 =======================================
================= Test Set =================
+++++++++++ Find New Best Min ACC +++++++++++
The acc is 0.9139, 0.8778, 0.9229
Time Consumption for one epoch is 24.406328201293945s
======================================= Epoch 10 =======================================
================= Test Set =================
+++++++++++ Find New Best Min ACC +++++++++++
The acc is 0.9167, 0.8972, 0.9215
Time Consumption for one epoch is 24.991053819656372s
======================================= Epoch 11 =======================================
================= Test Set =================
The acc is 0.9167, 0.8972, 0.9215
Time Consumption for one epoch is 25.2105233669281s
======================================= Epoch 12 =======================================
================= Test Set =================
The acc is 0.9167, 0.8972, 0.9215
Time Consumption for one epoch is 23.420037984848022s
======================================= Epoch 13 =======================================
================= Test Set =================
The acc is 0.9167, 0.8972, 0.9215
Time Consumption for one epoch is 25.27215600013733s
======================================= Epoch 14 =======================================
================= Test Set =================
+++++++++++ Find New Best Min ACC +++++++++++
The acc is 0.9194, 0.8944, 0.9257
Time Consumption for one epoch is 24.92253088951111s
======================================= Epoch 15 =======================================
================= Test Set =================
The acc is 0.9194, 0.8944, 0.9257
Time Consumption for one epoch is 24.48529076576233s
======================================= Epoch 16 =======================================
================= Test Set =================
The acc is 0.9194, 0.8944, 0.9257
Time Consumption for one epoch is 26.049903631210327s
======================================= Epoch 17 =======================================
================= Test Set =================
+++++++++++ Find New Best Min ACC +++++++++++
The acc is 0.9211, 0.9111, 0.9236
Time Consumption for one epoch is 24.905835390090942s
======================================= Epoch 18 =======================================
================= Test Set =================
The acc is 0.9211, 0.9111, 0.9236
Time Consumption for one epoch is 24.660290479660034s
======================================= Epoch 19 =======================================
================= Test Set =================
The acc is 0.9211, 0.9111, 0.9236
Time Consumption for one epoch is 25.068893671035767s
The final acc is 0.9211, 0.9111, 0.9236
