Namespace(data_dir='/data/yihua/dataset/celeba/celeba.hdf5', result_dir='results', checkpoint=None, resume=False, domain_attrs='Male', target_attrs='Blond_Hair', exp_name=None, batch_size=512, lr=0.0001, wd=2e-05, epochs=20, seed=2020, num_workers=8, arch='resnet9', evaluate=False, gv=10.0, gr=0.3)
======================================= Epoch 0 =======================================
================= Test Set =================
+++++++++++ Find New Best Min ACC +++++++++++
The acc is 0.8456, 0.7972, 0.8576
Time Consumption for one epoch is 25.668193817138672s
======================================= Epoch 1 =======================================
================= Test Set =================
+++++++++++ Find New Best Min ACC +++++++++++
The acc is 0.8761, 0.8222, 0.8896
Time Consumption for one epoch is 24.792455196380615s
======================================= Epoch 2 =======================================
================= Test Set =================
+++++++++++ Find New Best Min ACC +++++++++++
The acc is 0.8844, 0.8389, 0.8958
Time Consumption for one epoch is 24.146729946136475s
======================================= Epoch 3 =======================================
================= Test Set =================
+++++++++++ Find New Best Min ACC +++++++++++
The acc is 0.8872, 0.8472, 0.8972
Time Consumption for one epoch is 24.141806602478027s
======================================= Epoch 4 =======================================
================= Test Set =================
+++++++++++ Find New Best Min ACC +++++++++++
The acc is 0.8933, 0.8500, 0.9042
Time Consumption for one epoch is 24.907305240631104s
======================================= Epoch 5 =======================================
================= Test Set =================
The acc is 0.8933, 0.8500, 0.9042
Time Consumption for one epoch is 24.70665216445923s
======================================= Epoch 6 =======================================
================= Test Set =================
The acc is 0.8933, 0.8500, 0.9042
Time Consumption for one epoch is 26.040931224822998s
======================================= Epoch 7 =======================================
================= Test Set =================
The acc is 0.8933, 0.8500, 0.9042
Time Consumption for one epoch is 24.037452459335327s
======================================= Epoch 8 =======================================
================= Test Set =================
The acc is 0.8933, 0.8500, 0.9042
Time Consumption for one epoch is 24.603864192962646s
======================================= Epoch 9 =======================================
================= Test Set =================
+++++++++++ Find New Best Min ACC +++++++++++
The acc is 0.9072, 0.8778, 0.9146
Time Consumption for one epoch is 25.161153078079224s
======================================= Epoch 10 =======================================
================= Test Set =================
The acc is 0.9072, 0.8778, 0.9146
Time Consumption for one epoch is 24.704660892486572s
======================================= Epoch 11 =======================================
================= Test Set =================
+++++++++++ Find New Best Min ACC +++++++++++
The acc is 0.9122, 0.8889, 0.9181
Time Consumption for one epoch is 24.810637712478638s
======================================= Epoch 12 =======================================
================= Test Set =================
The acc is 0.9122, 0.8889, 0.9181
Time Consumption for one epoch is 23.77443289756775s
======================================= Epoch 13 =======================================
================= Test Set =================
The acc is 0.9122, 0.8889, 0.9181
Time Consumption for one epoch is 23.39027714729309s
======================================= Epoch 14 =======================================
================= Test Set =================
+++++++++++ Find New Best Min ACC +++++++++++
The acc is 0.9139, 0.8972, 0.9181
Time Consumption for one epoch is 24.76145029067993s
======================================= Epoch 15 =======================================
================= Test Set =================
The acc is 0.9139, 0.8972, 0.9181
Time Consumption for one epoch is 24.23797082901001s
======================================= Epoch 16 =======================================
================= Test Set =================
+++++++++++ Find New Best Min ACC +++++++++++
The acc is 0.9161, 0.8944, 0.9215
Time Consumption for one epoch is 25.44173502922058s
======================================= Epoch 17 =======================================
================= Test Set =================
+++++++++++ Find New Best Min ACC +++++++++++
The acc is 0.9211, 0.9111, 0.9236
Time Consumption for one epoch is 25.74568796157837s
======================================= Epoch 18 =======================================
================= Test Set =================
The acc is 0.9211, 0.9111, 0.9236
Time Consumption for one epoch is 24.395568370819092s
======================================= Epoch 19 =======================================
================= Test Set =================
The acc is 0.9211, 0.9111, 0.9236
Time Consumption for one epoch is 25.377434730529785s
The final acc is 0.9211, 0.9111, 0.9236
