Namespace(data_dir='/data/yihua/dataset/celeba/celeba.hdf5', result_dir='rotation_study', checkpoint=None, resume=False, domain_attrs='Male', target_attrs='Blond_Hair', exp_name=None, batch_size=512, lr=0.0001, wd=2e-05, epochs=20, seed=2021, num_workers=8, arch='resnet18', evaluate=False, total_num=5000, test_num=1000, gv=120.0, gr=0.3, minor_ratio=0.2, add_aug='rotation')
======================================= Epoch 0 =======================================
================= Test Set =================
+++++++++++ Find New Best Min ACC +++++++++++
The acc is 0.4624, 0.4186, 0.5000
Time Consumption for one epoch is 23.69590997695923s
======================================= Epoch 1 =======================================
================= Test Set =================
+++++++++++ Find New Best Min ACC +++++++++++
The acc is 0.5376, 0.5814, 0.5000
Time Consumption for one epoch is 22.52248978614807s
======================================= Epoch 2 =======================================
================= Test Set =================
The acc is 0.5376, 0.5814, 0.5000
Time Consumption for one epoch is 20.425078630447388s
======================================= Epoch 3 =======================================
================= Test Set =================
The acc is 0.5376, 0.5814, 0.5000
Time Consumption for one epoch is 19.372796535491943s
======================================= Epoch 4 =======================================
================= Test Set =================
+++++++++++ Find New Best Min ACC +++++++++++
The acc is 0.6398, 0.6605, 0.6220
Time Consumption for one epoch is 21.190527200698853s
======================================= Epoch 5 =======================================
================= Test Set =================
+++++++++++ Find New Best Min ACC +++++++++++
The acc is 0.8570, 0.8349, 0.8760
Time Consumption for one epoch is 21.594707489013672s
======================================= Epoch 6 =======================================
================= Test Set =================
The acc is 0.8570, 0.8349, 0.8760
Time Consumption for one epoch is 20.983468532562256s
======================================= Epoch 7 =======================================
================= Test Set =================
+++++++++++ Find New Best Min ACC +++++++++++
The acc is 0.8839, 0.8605, 0.9040
Time Consumption for one epoch is 19.913909196853638s
======================================= Epoch 8 =======================================
================= Test Set =================
The acc is 0.8839, 0.8605, 0.9040
Time Consumption for one epoch is 20.817019939422607s
======================================= Epoch 9 =======================================
================= Test Set =================
The acc is 0.8839, 0.8605, 0.9040
Time Consumption for one epoch is 20.84346580505371s
======================================= Epoch 10 =======================================
================= Test Set =================
The acc is 0.8839, 0.8605, 0.9040
Time Consumption for one epoch is 20.190690755844116s
======================================= Epoch 11 =======================================
================= Test Set =================
The acc is 0.8839, 0.8605, 0.9040
Time Consumption for one epoch is 20.2411892414093s
======================================= Epoch 12 =======================================
================= Test Set =================
The acc is 0.8839, 0.8605, 0.9040
Time Consumption for one epoch is 19.84635329246521s
======================================= Epoch 13 =======================================
================= Test Set =================
The acc is 0.8839, 0.8605, 0.9040
Time Consumption for one epoch is 19.50113344192505s
======================================= Epoch 14 =======================================
================= Test Set =================
The acc is 0.8839, 0.8605, 0.9040
Time Consumption for one epoch is 19.730296850204468s
======================================= Epoch 15 =======================================
================= Test Set =================
The acc is 0.8839, 0.8605, 0.9040
Time Consumption for one epoch is 20.201841354370117s
======================================= Epoch 16 =======================================
================= Test Set =================
+++++++++++ Find New Best Min ACC +++++++++++
The acc is 0.8935, 0.8814, 0.9040
Time Consumption for one epoch is 19.181049585342407s
======================================= Epoch 17 =======================================
================= Test Set =================
+++++++++++ Find New Best Min ACC +++++++++++
The acc is 0.8968, 0.8860, 0.9060
Time Consumption for one epoch is 21.515146255493164s
======================================= Epoch 18 =======================================
================= Test Set =================
The acc is 0.8968, 0.8860, 0.9060
Time Consumption for one epoch is 22.70475935935974s
======================================= Epoch 19 =======================================
================= Test Set =================
The acc is 0.8968, 0.8860, 0.9060
Time Consumption for one epoch is 19.25592875480652s
The final acc is 0.8968, 0.8860, 0.9060
