Namespace(data_dir='/data/yihua/dataset/celeba/celeba.hdf5', result_dir='results', checkpoint=None, resume=False, domain_attrs='Male', target_attrs='High_Cheekbones', exp_name=None, batch_size=512, lr=0.0001, wd=2e-05, epochs=20, seed=42, num_workers=8, arch='resnet18', evaluate=False, gv=0.25, gr=0.1)
======================================= Epoch 0 =======================================
================= Test Set =================
+++++++++++ Find New Best Min ACC +++++++++++
The acc is 0.8006, 0.7839, 0.8048
Time Consumption for one epoch is 262.01065611839294s
======================================= Epoch 1 =======================================
================= Test Set =================
+++++++++++ Find New Best Min ACC +++++++++++
The acc is 0.8288, 0.7875, 0.8391
Time Consumption for one epoch is 258.4833974838257s
======================================= Epoch 2 =======================================
================= Test Set =================
+++++++++++ Find New Best Min ACC +++++++++++
The acc is 0.8625, 0.8160, 0.8741
Time Consumption for one epoch is 258.4444890022278s
======================================= Epoch 3 =======================================
================= Test Set =================
+++++++++++ Find New Best Min ACC +++++++++++
The acc is 0.8661, 0.8216, 0.8772
Time Consumption for one epoch is 258.10707426071167s
======================================= Epoch 4 =======================================
================= Test Set =================
The acc is 0.8661, 0.8216, 0.8772
Time Consumption for one epoch is 258.2641067504883s
======================================= Epoch 5 =======================================
================= Test Set =================
The acc is 0.8661, 0.8216, 0.8772
Time Consumption for one epoch is 258.26736545562744s
======================================= Epoch 6 =======================================
================= Test Set =================
+++++++++++ Find New Best Min ACC +++++++++++
The acc is 0.8708, 0.8304, 0.8808
Time Consumption for one epoch is 258.1723327636719s
======================================= Epoch 7 =======================================
================= Test Set =================
+++++++++++ Find New Best Min ACC +++++++++++
The acc is 0.8740, 0.8368, 0.8832
Time Consumption for one epoch is 258.9292314052582s
======================================= Epoch 8 =======================================
================= Test Set =================
The acc is 0.8740, 0.8368, 0.8832
Time Consumption for one epoch is 257.3645749092102s
======================================= Epoch 9 =======================================
================= Test Set =================
The acc is 0.8740, 0.8368, 0.8832
Time Consumption for one epoch is 257.6647605895996s
======================================= Epoch 10 =======================================
================= Test Set =================
The acc is 0.8740, 0.8368, 0.8832
Time Consumption for one epoch is 258.23100423812866s
======================================= Epoch 11 =======================================
================= Test Set =================
+++++++++++ Find New Best Min ACC +++++++++++
The acc is 0.8772, 0.8380, 0.8870
Time Consumption for one epoch is 259.0252320766449s
======================================= Epoch 12 =======================================
================= Test Set =================
The acc is 0.8772, 0.8380, 0.8870
Time Consumption for one epoch is 258.3207232952118s
======================================= Epoch 13 =======================================
================= Test Set =================
The acc is 0.8772, 0.8380, 0.8870
Time Consumption for one epoch is 258.3309872150421s
======================================= Epoch 14 =======================================
================= Test Set =================
+++++++++++ Find New Best Min ACC +++++++++++
The acc is 0.8797, 0.8404, 0.8895
Time Consumption for one epoch is 258.75607085227966s
======================================= Epoch 15 =======================================
================= Test Set =================
The acc is 0.8797, 0.8404, 0.8895
Time Consumption for one epoch is 257.8555762767792s
======================================= Epoch 16 =======================================
================= Test Set =================
+++++++++++ Find New Best Min ACC +++++++++++
The acc is 0.8802, 0.8416, 0.8899
Time Consumption for one epoch is 259.20726776123047s
======================================= Epoch 17 =======================================
================= Test Set =================
The acc is 0.8802, 0.8416, 0.8899
Time Consumption for one epoch is 258.5296881198883s
======================================= Epoch 18 =======================================
================= Test Set =================
+++++++++++ Find New Best Min ACC +++++++++++
The acc is 0.8809, 0.8432, 0.8903
Time Consumption for one epoch is 259.0016965866089s
======================================= Epoch 19 =======================================
================= Test Set =================
The acc is 0.8809, 0.8432, 0.8903
Time Consumption for one epoch is 258.1612300872803s
The final acc is 0.8809, 0.8432, 0.8903
