Namespace(data_dir='/data/yihua/dataset/celeba/celeba.hdf5', result_dir='rotation_study', checkpoint=None, resume=False, domain_attrs='Male', target_attrs='Blond_Hair', exp_name=None, batch_size=512, lr=0.0001, wd=2e-05, epochs=20, seed=2021, num_workers=8, arch='resnet18', evaluate=False, total_num=5000, test_num=1000, gv=30.0, gr=0.3, minor_ratio=0.2, add_aug='rotation')
======================================= Epoch 0 =======================================
================= Test Set =================
+++++++++++ Find New Best Min ACC +++++++++++
The acc is 0.4624, 0.4186, 0.5000
Time Consumption for one epoch is 22.2177951335907s
======================================= Epoch 1 =======================================
================= Test Set =================
+++++++++++ Find New Best Min ACC +++++++++++
The acc is 0.5376, 0.5814, 0.5000
Time Consumption for one epoch is 20.733500003814697s
======================================= Epoch 2 =======================================
================= Test Set =================
The acc is 0.5376, 0.5814, 0.5000
Time Consumption for one epoch is 20.416600227355957s
======================================= Epoch 3 =======================================
================= Test Set =================
The acc is 0.5376, 0.5814, 0.5000
Time Consumption for one epoch is 19.95364236831665s
======================================= Epoch 4 =======================================
================= Test Set =================
+++++++++++ Find New Best Min ACC +++++++++++
The acc is 0.7269, 0.7279, 0.7260
Time Consumption for one epoch is 21.46930503845215s
======================================= Epoch 5 =======================================
================= Test Set =================
+++++++++++ Find New Best Min ACC +++++++++++
The acc is 0.8677, 0.8395, 0.8920
Time Consumption for one epoch is 20.431891679763794s
======================================= Epoch 6 =======================================
================= Test Set =================
+++++++++++ Find New Best Min ACC +++++++++++
The acc is 0.8742, 0.8558, 0.8900
Time Consumption for one epoch is 19.64107322692871s
======================================= Epoch 7 =======================================
================= Test Set =================
The acc is 0.8742, 0.8558, 0.8900
Time Consumption for one epoch is 19.551974296569824s
======================================= Epoch 8 =======================================
================= Test Set =================
+++++++++++ Find New Best Min ACC +++++++++++
The acc is 0.8839, 0.8674, 0.8980
Time Consumption for one epoch is 21.003810167312622s
======================================= Epoch 9 =======================================
================= Test Set =================
The acc is 0.8839, 0.8674, 0.8980
Time Consumption for one epoch is 21.392197847366333s
======================================= Epoch 10 =======================================
================= Test Set =================
The acc is 0.8839, 0.8674, 0.8980
Time Consumption for one epoch is 20.44265365600586s
======================================= Epoch 11 =======================================
================= Test Set =================
The acc is 0.8839, 0.8674, 0.8980
Time Consumption for one epoch is 19.67424988746643s
======================================= Epoch 12 =======================================
================= Test Set =================
The acc is 0.8839, 0.8674, 0.8980
Time Consumption for one epoch is 20.741254568099976s
======================================= Epoch 13 =======================================
================= Test Set =================
The acc is 0.8839, 0.8674, 0.8980
Time Consumption for one epoch is 21.03718137741089s
======================================= Epoch 14 =======================================
================= Test Set =================
The acc is 0.8839, 0.8674, 0.8980
Time Consumption for one epoch is 19.55114483833313s
======================================= Epoch 15 =======================================
================= Test Set =================
The acc is 0.8839, 0.8674, 0.8980
Time Consumption for one epoch is 20.161730527877808s
======================================= Epoch 16 =======================================
================= Test Set =================
+++++++++++ Find New Best Min ACC +++++++++++
The acc is 0.8871, 0.8814, 0.8920
Time Consumption for one epoch is 19.225475549697876s
======================================= Epoch 17 =======================================
================= Test Set =================
+++++++++++ Find New Best Min ACC +++++++++++
The acc is 0.8946, 0.8930, 0.8960
Time Consumption for one epoch is 19.345433712005615s
======================================= Epoch 18 =======================================
================= Test Set =================
The acc is 0.8946, 0.8930, 0.8960
Time Consumption for one epoch is 19.20842432975769s
======================================= Epoch 19 =======================================
================= Test Set =================
The acc is 0.8946, 0.8930, 0.8960
Time Consumption for one epoch is 19.94104528427124s
The final acc is 0.8946, 0.8930, 0.8960
