Namespace(data_dir='/data/yihua/dataset/celeba/celeba.hdf5', result_dir='crop_study', checkpoint=None, resume=False, domain_attrs='Male', target_attrs='Blond_Hair', exp_name=None, batch_size=512, lr=0.0001, wd=2e-05, epochs=20, seed=2022, num_workers=8, arch='resnet18', evaluate=False, total_num=5000, test_num=1000, gv=200.0, gr=0.3, minor_ratio=0.2, add_aug='crop')
======================================= Epoch 0 =======================================
================= Test Set =================
+++++++++++ Find New Best Min ACC +++++++++++
The acc is 0.5376, 0.5814, 0.5000
Time Consumption for one epoch is 24.496784210205078s
======================================= Epoch 1 =======================================
================= Test Set =================
+++++++++++ Find New Best Min ACC +++++++++++
The acc is 0.6129, 0.6163, 0.6100
Time Consumption for one epoch is 21.181178331375122s
======================================= Epoch 2 =======================================
================= Test Set =================
The acc is 0.6129, 0.6163, 0.6100
Time Consumption for one epoch is 21.421050548553467s
======================================= Epoch 3 =======================================
================= Test Set =================
The acc is 0.6129, 0.6163, 0.6100
Time Consumption for one epoch is 20.240122318267822s
======================================= Epoch 4 =======================================
================= Test Set =================
+++++++++++ Find New Best Min ACC +++++++++++
The acc is 0.7011, 0.6814, 0.7180
Time Consumption for one epoch is 20.14609456062317s
======================================= Epoch 5 =======================================
================= Test Set =================
The acc is 0.7011, 0.6814, 0.7180
Time Consumption for one epoch is 19.728477716445923s
======================================= Epoch 6 =======================================
================= Test Set =================
+++++++++++ Find New Best Min ACC +++++++++++
The acc is 0.8559, 0.8233, 0.8840
Time Consumption for one epoch is 21.202444553375244s
======================================= Epoch 7 =======================================
================= Test Set =================
+++++++++++ Find New Best Min ACC +++++++++++
The acc is 0.8613, 0.8326, 0.8860
Time Consumption for one epoch is 21.25889015197754s
======================================= Epoch 8 =======================================
================= Test Set =================
+++++++++++ Find New Best Min ACC +++++++++++
The acc is 0.8720, 0.8465, 0.8940
Time Consumption for one epoch is 21.03393006324768s
======================================= Epoch 9 =======================================
================= Test Set =================
The acc is 0.8720, 0.8465, 0.8940
Time Consumption for one epoch is 20.45172619819641s
======================================= Epoch 10 =======================================
================= Test Set =================
The acc is 0.8720, 0.8465, 0.8940
Time Consumption for one epoch is 20.119592905044556s
======================================= Epoch 11 =======================================
================= Test Set =================
+++++++++++ Find New Best Min ACC +++++++++++
The acc is 0.8892, 0.8698, 0.9060
Time Consumption for one epoch is 19.840659856796265s
======================================= Epoch 12 =======================================
================= Test Set =================
The acc is 0.8892, 0.8698, 0.9060
Time Consumption for one epoch is 20.533523321151733s
======================================= Epoch 13 =======================================
================= Test Set =================
The acc is 0.8892, 0.8698, 0.9060
Time Consumption for one epoch is 21.584649801254272s
======================================= Epoch 14 =======================================
================= Test Set =================
The acc is 0.8892, 0.8698, 0.9060
Time Consumption for one epoch is 19.558388710021973s
======================================= Epoch 15 =======================================
================= Test Set =================
The acc is 0.8892, 0.8698, 0.9060
Time Consumption for one epoch is 20.139607667922974s
======================================= Epoch 16 =======================================
================= Test Set =================
+++++++++++ Find New Best Min ACC +++++++++++
The acc is 0.8957, 0.8860, 0.9040
Time Consumption for one epoch is 19.389175176620483s
======================================= Epoch 17 =======================================
================= Test Set =================
The acc is 0.8957, 0.8860, 0.9040
Time Consumption for one epoch is 20.32672095298767s
======================================= Epoch 18 =======================================
================= Test Set =================
The acc is 0.8957, 0.8860, 0.9040
Time Consumption for one epoch is 20.440532684326172s
======================================= Epoch 19 =======================================
================= Test Set =================
+++++++++++ Find New Best Min ACC +++++++++++
The acc is 0.8978, 0.8860, 0.9080
Time Consumption for one epoch is 21.52390766143799s
The final acc is 0.8978, 0.8860, 0.9080
