Namespace(data_dir='/data/yihua/dataset/celeba/celeba.hdf5', result_dir='rotation_study', checkpoint=None, resume=False, domain_attrs='Male', target_attrs='Blond_Hair', exp_name=None, batch_size=512, lr=0.0001, wd=2e-05, epochs=20, seed=2021, num_workers=8, arch='resnet9', evaluate=False, total_num=5000, test_num=1000, gv=60.0, gr=0.5, minor_ratio=0.2, add_aug='rotation')
======================================= Epoch 0 =======================================
================= Test Set =================
+++++++++++ Find New Best Min ACC +++++++++++
The acc is 0.4624, 0.4186, 0.5000
Time Consumption for one epoch is 16.9970064163208s
======================================= Epoch 1 =======================================
================= Test Set =================
The acc is 0.4624, 0.4186, 0.5000
Time Consumption for one epoch is 15.080264806747437s
======================================= Epoch 2 =======================================
================= Test Set =================
+++++++++++ Find New Best Min ACC +++++++++++
The acc is 0.6624, 0.6442, 0.6780
Time Consumption for one epoch is 14.972906351089478s
======================================= Epoch 3 =======================================
================= Test Set =================
The acc is 0.6624, 0.6442, 0.6780
Time Consumption for one epoch is 14.832358837127686s
======================================= Epoch 4 =======================================
================= Test Set =================
+++++++++++ Find New Best Min ACC +++++++++++
The acc is 0.8430, 0.8279, 0.8560
Time Consumption for one epoch is 15.377561330795288s
======================================= Epoch 5 =======================================
================= Test Set =================
+++++++++++ Find New Best Min ACC +++++++++++
The acc is 0.8699, 0.8512, 0.8860
Time Consumption for one epoch is 14.986125946044922s
======================================= Epoch 6 =======================================
================= Test Set =================
The acc is 0.8699, 0.8512, 0.8860
Time Consumption for one epoch is 14.781957387924194s
======================================= Epoch 7 =======================================
================= Test Set =================
The acc is 0.8699, 0.8512, 0.8860
Time Consumption for one epoch is 14.553540706634521s
======================================= Epoch 8 =======================================
================= Test Set =================
+++++++++++ Find New Best Min ACC +++++++++++
The acc is 0.8796, 0.8605, 0.8960
Time Consumption for one epoch is 14.616441488265991s
======================================= Epoch 9 =======================================
================= Test Set =================
The acc is 0.8796, 0.8605, 0.8960
Time Consumption for one epoch is 14.950521469116211s
======================================= Epoch 10 =======================================
================= Test Set =================
+++++++++++ Find New Best Min ACC +++++++++++
The acc is 0.8882, 0.8744, 0.9000
Time Consumption for one epoch is 14.67017912864685s
======================================= Epoch 11 =======================================
================= Test Set =================
The acc is 0.8882, 0.8744, 0.9000
Time Consumption for one epoch is 15.090179443359375s
======================================= Epoch 12 =======================================
================= Test Set =================
The acc is 0.8882, 0.8744, 0.9000
Time Consumption for one epoch is 14.980319023132324s
======================================= Epoch 13 =======================================
================= Test Set =================
+++++++++++ Find New Best Min ACC +++++++++++
The acc is 0.8935, 0.8837, 0.9020
Time Consumption for one epoch is 14.680676937103271s
======================================= Epoch 14 =======================================
================= Test Set =================
+++++++++++ Find New Best Min ACC +++++++++++
The acc is 0.8989, 0.8884, 0.9080
Time Consumption for one epoch is 14.77049994468689s
======================================= Epoch 15 =======================================
================= Test Set =================
The acc is 0.8989, 0.8884, 0.9080
Time Consumption for one epoch is 14.93142557144165s
======================================= Epoch 16 =======================================
================= Test Set =================
The acc is 0.8989, 0.8884, 0.9080
Time Consumption for one epoch is 14.364714622497559s
======================================= Epoch 17 =======================================
================= Test Set =================
The acc is 0.8989, 0.8884, 0.9080
Time Consumption for one epoch is 14.470524787902832s
======================================= Epoch 18 =======================================
================= Test Set =================
The acc is 0.8989, 0.8884, 0.9080
Time Consumption for one epoch is 15.20444631576538s
======================================= Epoch 19 =======================================
================= Test Set =================
The acc is 0.8989, 0.8884, 0.9080
Time Consumption for one epoch is 14.691492557525635s
The final acc is 0.8989, 0.8884, 0.9080
