Namespace(data_dir='/data/yihua/dataset/celeba/celeba.hdf5', result_dir='results', checkpoint=None, resume=False, domain_attrs='Male', target_attrs='High_Cheekbones', exp_name=None, batch_size=512, lr=0.0001, wd=2e-05, epochs=20, seed=42, num_workers=8, arch='resnet18', evaluate=False, gv=0.1, gr=0.1)
======================================= Epoch 0 =======================================
================= Test Set =================
+++++++++++ Find New Best Min ACC +++++++++++
The acc is 0.81, 0.79, 0.82
Time Consumption for one epoch is 261.7198061943054s
======================================= Epoch 1 =======================================
================= Test Set =================
+++++++++++ Find New Best Min ACC +++++++++++
The acc is 0.82, 0.77, 0.83
Time Consumption for one epoch is 258.44970750808716s
======================================= Epoch 2 =======================================
================= Test Set =================
+++++++++++ Find New Best Min ACC +++++++++++
The acc is 0.86, 0.82, 0.87
Time Consumption for one epoch is 258.31585335731506s
======================================= Epoch 3 =======================================
================= Test Set =================
+++++++++++ Find New Best Min ACC +++++++++++
The acc is 0.87, 0.82, 0.88
Time Consumption for one epoch is 258.291522026062s
======================================= Epoch 4 =======================================
================= Test Set =================
The acc is 0.87, 0.82, 0.88
Time Consumption for one epoch is 257.55564761161804s
======================================= Epoch 5 =======================================
================= Test Set =================
The acc is 0.87, 0.82, 0.88
Time Consumption for one epoch is 257.04199743270874s
======================================= Epoch 6 =======================================
================= Test Set =================
The acc is 0.87, 0.82, 0.88
Time Consumption for one epoch is 257.6541910171509s
======================================= Epoch 7 =======================================
================= Test Set =================
+++++++++++ Find New Best Min ACC +++++++++++
The acc is 0.87, 0.83, 0.88
Time Consumption for one epoch is 259.87217950820923s
======================================= Epoch 8 =======================================
================= Test Set =================
The acc is 0.87, 0.83, 0.88
Time Consumption for one epoch is 257.00201439857483s
======================================= Epoch 9 =======================================
================= Test Set =================
The acc is 0.87, 0.83, 0.88
Time Consumption for one epoch is 257.8768584728241s
======================================= Epoch 10 =======================================
================= Test Set =================
The acc is 0.87, 0.83, 0.88
Time Consumption for one epoch is 257.2340314388275s
======================================= Epoch 11 =======================================
================= Test Set =================
+++++++++++ Find New Best Min ACC +++++++++++
The acc is 0.87, 0.84, 0.88
Time Consumption for one epoch is 258.5243294239044s
======================================= Epoch 12 =======================================
================= Test Set =================
+++++++++++ Find New Best Min ACC +++++++++++
The acc is 0.88, 0.84, 0.89
Time Consumption for one epoch is 258.96327018737793s
======================================= Epoch 13 =======================================
================= Test Set =================
The acc is 0.88, 0.84, 0.89
Time Consumption for one epoch is 257.71706223487854s
======================================= Epoch 14 =======================================
================= Test Set =================
+++++++++++ Find New Best Min ACC +++++++++++
The acc is 0.88, 0.83, 0.89
Time Consumption for one epoch is 258.82464718818665s
======================================= Epoch 15 =======================================
================= Test Set =================
The acc is 0.88, 0.83, 0.89
Time Consumption for one epoch is 257.77682161331177s
======================================= Epoch 16 =======================================
================= Test Set =================
+++++++++++ Find New Best Min ACC +++++++++++
The acc is 0.88, 0.84, 0.89
Time Consumption for one epoch is 258.59539461135864s
======================================= Epoch 17 =======================================
================= Test Set =================
The acc is 0.88, 0.84, 0.89
Time Consumption for one epoch is 257.9234437942505s
======================================= Epoch 18 =======================================
================= Test Set =================
The acc is 0.88, 0.84, 0.89
Time Consumption for one epoch is 257.6323399543762s
======================================= Epoch 19 =======================================
================= Test Set =================
The acc is 0.88, 0.84, 0.89
Time Consumption for one epoch is 257.3433871269226s
The final acc is 0.88, 0.84, 0.89
