Namespace(data_dir='/data/yihua/dataset/celeba/celeba.hdf5', result_dir='results', checkpoint=None, resume=False, domain_attrs='Male', target_attrs='Blond_Hair', exp_name=None, batch_size=512, lr=0.0001, wd=2e-05, epochs=20, seed=2022, num_workers=8, arch='resnet9', evaluate=False, gv=0.35, gr=0.1)
======================================= Epoch 0 =======================================
================= Test Set =================
+++++++++++ Find New Best Min ACC +++++++++++
The acc is 0.5800, 0.5361, 0.5910
Time Consumption for one epoch is 26.211647987365723s
======================================= Epoch 1 =======================================
================= Test Set =================
+++++++++++ Find New Best Min ACC +++++++++++
The acc is 0.8756, 0.8167, 0.8903
Time Consumption for one epoch is 22.99405288696289s
======================================= Epoch 2 =======================================
================= Test Set =================
The acc is 0.8756, 0.8167, 0.8903
Time Consumption for one epoch is 24.39157748222351s
======================================= Epoch 3 =======================================
================= Test Set =================
+++++++++++ Find New Best Min ACC +++++++++++
The acc is 0.9000, 0.8611, 0.9097
Time Consumption for one epoch is 24.337934017181396s
======================================= Epoch 4 =======================================
================= Test Set =================
The acc is 0.9000, 0.8611, 0.9097
Time Consumption for one epoch is 23.85833239555359s
======================================= Epoch 5 =======================================
================= Test Set =================
The acc is 0.9000, 0.8611, 0.9097
Time Consumption for one epoch is 24.59108591079712s
======================================= Epoch 6 =======================================
================= Test Set =================
The acc is 0.9000, 0.8611, 0.9097
Time Consumption for one epoch is 22.542842626571655s
======================================= Epoch 7 =======================================
================= Test Set =================
The acc is 0.9000, 0.8611, 0.9097
Time Consumption for one epoch is 21.734558820724487s
======================================= Epoch 8 =======================================
================= Test Set =================
The acc is 0.9000, 0.8611, 0.9097
Time Consumption for one epoch is 23.882056713104248s
======================================= Epoch 9 =======================================
================= Test Set =================
The acc is 0.9000, 0.8611, 0.9097
Time Consumption for one epoch is 24.743755102157593s
======================================= Epoch 10 =======================================
================= Test Set =================
+++++++++++ Find New Best Min ACC +++++++++++
The acc is 0.9139, 0.8861, 0.9208
Time Consumption for one epoch is 24.320138931274414s
======================================= Epoch 11 =======================================
================= Test Set =================
The acc is 0.9139, 0.8861, 0.9208
Time Consumption for one epoch is 22.819732904434204s
======================================= Epoch 12 =======================================
================= Test Set =================
The acc is 0.9139, 0.8861, 0.9208
Time Consumption for one epoch is 24.74577569961548s
======================================= Epoch 13 =======================================
================= Test Set =================
The acc is 0.9139, 0.8861, 0.9208
Time Consumption for one epoch is 22.571091890335083s
======================================= Epoch 14 =======================================
================= Test Set =================
The acc is 0.9139, 0.8861, 0.9208
Time Consumption for one epoch is 24.04421591758728s
======================================= Epoch 15 =======================================
================= Test Set =================
The acc is 0.9139, 0.8861, 0.9208
Time Consumption for one epoch is 24.749373197555542s
======================================= Epoch 16 =======================================
================= Test Set =================
+++++++++++ Find New Best Min ACC +++++++++++
The acc is 0.9183, 0.9000, 0.9229
Time Consumption for one epoch is 24.22861671447754s
======================================= Epoch 17 =======================================
================= Test Set =================
+++++++++++ Find New Best Min ACC +++++++++++
The acc is 0.9217, 0.9111, 0.9243
Time Consumption for one epoch is 23.175593376159668s
======================================= Epoch 18 =======================================
================= Test Set =================
The acc is 0.9217, 0.9111, 0.9243
Time Consumption for one epoch is 25.082824230194092s
======================================= Epoch 19 =======================================
================= Test Set =================
The acc is 0.9217, 0.9111, 0.9243
Time Consumption for one epoch is 24.901291608810425s
The final acc is 0.9217, 0.9111, 0.9243
