Namespace(data_dir='/data/yihua/dataset/celeba/celeba.hdf5', result_dir='crop_study', checkpoint=None, resume=False, domain_attrs='Male', target_attrs='Blond_Hair', exp_name=None, batch_size=512, lr=0.0001, wd=2e-05, epochs=20, seed=2021, num_workers=8, arch='resnet9', evaluate=False, total_num=5000, test_num=1000, gv=120.0, gr=0.3, minor_ratio=0.2, add_aug='crop')
======================================= Epoch 0 =======================================
================= Test Set =================
+++++++++++ Find New Best Min ACC +++++++++++
The acc is 0.4624, 0.4186, 0.5000
Time Consumption for one epoch is 16.389989137649536s
======================================= Epoch 1 =======================================
================= Test Set =================
+++++++++++ Find New Best Min ACC +++++++++++
The acc is 0.4645, 0.4163, 0.5060
Time Consumption for one epoch is 14.690576553344727s
======================================= Epoch 2 =======================================
================= Test Set =================
+++++++++++ Find New Best Min ACC +++++++++++
The acc is 0.6527, 0.6209, 0.6800
Time Consumption for one epoch is 14.68915605545044s
======================================= Epoch 3 =======================================
================= Test Set =================
+++++++++++ Find New Best Min ACC +++++++++++
The acc is 0.8000, 0.7744, 0.8220
Time Consumption for one epoch is 14.659218311309814s
======================================= Epoch 4 =======================================
================= Test Set =================
+++++++++++ Find New Best Min ACC +++++++++++
The acc is 0.8634, 0.8512, 0.8740
Time Consumption for one epoch is 14.22622013092041s
======================================= Epoch 5 =======================================
================= Test Set =================
+++++++++++ Find New Best Min ACC +++++++++++
The acc is 0.8710, 0.8512, 0.8880
Time Consumption for one epoch is 14.963971614837646s
======================================= Epoch 6 =======================================
================= Test Set =================
The acc is 0.8710, 0.8512, 0.8880
Time Consumption for one epoch is 14.19841194152832s
======================================= Epoch 7 =======================================
================= Test Set =================
The acc is 0.8710, 0.8512, 0.8880
Time Consumption for one epoch is 14.471848011016846s
======================================= Epoch 8 =======================================
================= Test Set =================
+++++++++++ Find New Best Min ACC +++++++++++
The acc is 0.8903, 0.8767, 0.9020
Time Consumption for one epoch is 14.7835533618927s
======================================= Epoch 9 =======================================
================= Test Set =================
The acc is 0.8903, 0.8767, 0.9020
Time Consumption for one epoch is 14.869166374206543s
======================================= Epoch 10 =======================================
================= Test Set =================
The acc is 0.8903, 0.8767, 0.9020
Time Consumption for one epoch is 14.602368354797363s
======================================= Epoch 11 =======================================
================= Test Set =================
The acc is 0.8903, 0.8767, 0.9020
Time Consumption for one epoch is 14.841133832931519s
======================================= Epoch 12 =======================================
================= Test Set =================
The acc is 0.8903, 0.8767, 0.9020
Time Consumption for one epoch is 14.770971059799194s
======================================= Epoch 13 =======================================
================= Test Set =================
The acc is 0.8903, 0.8767, 0.9020
Time Consumption for one epoch is 14.482293605804443s
======================================= Epoch 14 =======================================
================= Test Set =================
The acc is 0.8903, 0.8767, 0.9020
Time Consumption for one epoch is 14.168210983276367s
======================================= Epoch 15 =======================================
================= Test Set =================
The acc is 0.8903, 0.8767, 0.9020
Time Consumption for one epoch is 14.520915031433105s
======================================= Epoch 16 =======================================
================= Test Set =================
The acc is 0.8903, 0.8767, 0.9020
Time Consumption for one epoch is 14.821486949920654s
======================================= Epoch 17 =======================================
================= Test Set =================
+++++++++++ Find New Best Min ACC +++++++++++
The acc is 0.8989, 0.8907, 0.9060
Time Consumption for one epoch is 14.845306158065796s
======================================= Epoch 18 =======================================
================= Test Set =================
+++++++++++ Find New Best Min ACC +++++++++++
The acc is 0.9065, 0.9000, 0.9120
Time Consumption for one epoch is 14.567137718200684s
======================================= Epoch 19 =======================================
================= Test Set =================
The acc is 0.9065, 0.9000, 0.9120
Time Consumption for one epoch is 14.926613330841064s
The final acc is 0.9065, 0.9000, 0.9120
