Namespace(data_dir='/data/yihua/dataset/celeba/celeba.hdf5', result_dir='results', checkpoint=None, resume=False, domain_attrs='Male', target_attrs='Blond_Hair', exp_name=None, batch_size=512, lr=0.0001, wd=2e-05, epochs=20, seed=2020, num_workers=8, arch='resnet9', evaluate=False, gv=0.45, gr=0.3)
======================================= Epoch 0 =======================================
================= Test Set =================
+++++++++++ Find New Best Min ACC +++++++++++
The acc is 0.7967, 0.7500, 0.8083
Time Consumption for one epoch is 27.994291305541992s
======================================= Epoch 1 =======================================
================= Test Set =================
+++++++++++ Find New Best Min ACC +++++++++++
The acc is 0.8667, 0.8250, 0.8771
Time Consumption for one epoch is 24.583849668502808s
======================================= Epoch 2 =======================================
================= Test Set =================
+++++++++++ Find New Best Min ACC +++++++++++
The acc is 0.8944, 0.8361, 0.9090
Time Consumption for one epoch is 25.781108617782593s
======================================= Epoch 3 =======================================
================= Test Set =================
The acc is 0.8944, 0.8361, 0.9090
Time Consumption for one epoch is 25.083419799804688s
======================================= Epoch 4 =======================================
================= Test Set =================
The acc is 0.8944, 0.8361, 0.9090
Time Consumption for one epoch is 23.968212366104126s
======================================= Epoch 5 =======================================
================= Test Set =================
The acc is 0.8944, 0.8361, 0.9090
Time Consumption for one epoch is 24.342538833618164s
======================================= Epoch 6 =======================================
================= Test Set =================
+++++++++++ Find New Best Min ACC +++++++++++
The acc is 0.9117, 0.8806, 0.9194
Time Consumption for one epoch is 24.859926223754883s
======================================= Epoch 7 =======================================
================= Test Set =================
The acc is 0.9117, 0.8806, 0.9194
Time Consumption for one epoch is 23.90825390815735s
======================================= Epoch 8 =======================================
================= Test Set =================
The acc is 0.9117, 0.8806, 0.9194
Time Consumption for one epoch is 25.455788612365723s
======================================= Epoch 9 =======================================
================= Test Set =================
+++++++++++ Find New Best Min ACC +++++++++++
The acc is 0.9161, 0.8778, 0.9257
Time Consumption for one epoch is 25.660367012023926s
======================================= Epoch 10 =======================================
================= Test Set =================
+++++++++++ Find New Best Min ACC +++++++++++
The acc is 0.9183, 0.9056, 0.9215
Time Consumption for one epoch is 25.642189979553223s
======================================= Epoch 11 =======================================
================= Test Set =================
The acc is 0.9183, 0.9056, 0.9215
Time Consumption for one epoch is 24.915719270706177s
======================================= Epoch 12 =======================================
================= Test Set =================
The acc is 0.9183, 0.9056, 0.9215
Time Consumption for one epoch is 25.82484793663025s
======================================= Epoch 13 =======================================
================= Test Set =================
The acc is 0.9183, 0.9056, 0.9215
Time Consumption for one epoch is 24.09739327430725s
======================================= Epoch 14 =======================================
================= Test Set =================
The acc is 0.9183, 0.9056, 0.9215
Time Consumption for one epoch is 25.016336917877197s
======================================= Epoch 15 =======================================
================= Test Set =================
The acc is 0.9183, 0.9056, 0.9215
Time Consumption for one epoch is 23.312634706497192s
======================================= Epoch 16 =======================================
================= Test Set =================
The acc is 0.9183, 0.9056, 0.9215
Time Consumption for one epoch is 25.451773405075073s
======================================= Epoch 17 =======================================
================= Test Set =================
+++++++++++ Find New Best Min ACC +++++++++++
The acc is 0.9200, 0.9056, 0.9236
Time Consumption for one epoch is 25.29286289215088s
======================================= Epoch 18 =======================================
================= Test Set =================
The acc is 0.9200, 0.9056, 0.9236
Time Consumption for one epoch is 25.032987117767334s
======================================= Epoch 19 =======================================
================= Test Set =================
The acc is 0.9200, 0.9056, 0.9236
Time Consumption for one epoch is 24.66838026046753s
The final acc is 0.9200, 0.9056, 0.9236
