Namespace(data_dir='/data/yihua/dataset/celeba/celeba.hdf5', result_dir='results', checkpoint=None, resume=False, domain_attrs='Male', target_attrs='Heavy_Makeup', exp_name=None, batch_size=512, lr=0.0001, wd=2e-05, epochs=20, seed=2020, num_workers=8, arch='resnet9', evaluate=False, gv=1e-05, gr=0.5)
======================================= Epoch 0 =======================================
================= Test Set =================
+++++++++++ Find New Best Min ACC +++++++++++
The acc is 0.5000, 0.5000, 0.5000
Time Consumption for one epoch is 9.722102642059326s
======================================= Epoch 1 =======================================
================= Test Set =================
+++++++++++ Find New Best Min ACC +++++++++++
The acc is 0.5045, 0.5227, 0.5000
Time Consumption for one epoch is 9.807067394256592s
======================================= Epoch 2 =======================================
================= Test Set =================
The acc is 0.5045, 0.5227, 0.5000
Time Consumption for one epoch is 8.695028305053711s
======================================= Epoch 3 =======================================
================= Test Set =================
The acc is 0.5045, 0.5227, 0.5000
Time Consumption for one epoch is 8.06148076057434s
======================================= Epoch 4 =======================================
================= Test Set =================
The acc is 0.5045, 0.5227, 0.5000
Time Consumption for one epoch is 8.544520378112793s
======================================= Epoch 5 =======================================
================= Test Set =================
The acc is 0.5045, 0.5227, 0.5000
Time Consumption for one epoch is 8.803386449813843s
======================================= Epoch 6 =======================================
================= Test Set =================
The acc is 0.5045, 0.5227, 0.5000
Time Consumption for one epoch is 8.936335802078247s
======================================= Epoch 7 =======================================
================= Test Set =================
The acc is 0.5045, 0.5227, 0.5000
Time Consumption for one epoch is 10.527130842208862s
======================================= Epoch 8 =======================================
================= Test Set =================
+++++++++++ Find New Best Min ACC +++++++++++
The acc is 0.5136, 0.5227, 0.5114
Time Consumption for one epoch is 8.419788122177124s
======================================= Epoch 9 =======================================
================= Test Set =================
+++++++++++ Find New Best Min ACC +++++++++++
The acc is 0.6091, 0.5682, 0.6193
Time Consumption for one epoch is 9.771109819412231s
======================================= Epoch 10 =======================================
================= Test Set =================
The acc is 0.6091, 0.5682, 0.6193
Time Consumption for one epoch is 8.949998617172241s
======================================= Epoch 11 =======================================
================= Test Set =================
+++++++++++ Find New Best Min ACC +++++++++++
The acc is 0.6909, 0.6364, 0.7045
Time Consumption for one epoch is 8.369330644607544s
======================================= Epoch 12 =======================================
================= Test Set =================
The acc is 0.6909, 0.6364, 0.7045
Time Consumption for one epoch is 9.250750303268433s
======================================= Epoch 13 =======================================
================= Test Set =================
The acc is 0.6909, 0.6364, 0.7045
Time Consumption for one epoch is 8.431013822555542s
======================================= Epoch 14 =======================================
================= Test Set =================
The acc is 0.6909, 0.6364, 0.7045
Time Consumption for one epoch is 8.125292539596558s
======================================= Epoch 15 =======================================
================= Test Set =================
The acc is 0.6909, 0.6364, 0.7045
Time Consumption for one epoch is 9.694111347198486s
======================================= Epoch 16 =======================================
================= Test Set =================
The acc is 0.6909, 0.6364, 0.7045
Time Consumption for one epoch is 8.372232675552368s
======================================= Epoch 17 =======================================
================= Test Set =================
The acc is 0.6909, 0.6364, 0.7045
Time Consumption for one epoch is 7.715869665145874s
======================================= Epoch 18 =======================================
================= Test Set =================
The acc is 0.6909, 0.6364, 0.7045
Time Consumption for one epoch is 9.12256407737732s
======================================= Epoch 19 =======================================
================= Test Set =================
The acc is 0.6909, 0.6364, 0.7045
Time Consumption for one epoch is 7.802448749542236s
The final acc is 0.6909, 0.6364, 0.7045
