Namespace(data_dir='/data/yihua/dataset/celeba/celeba.hdf5', result_dir='rotation_study', checkpoint=None, resume=False, domain_attrs='Male', target_attrs='Blond_Hair', exp_name=None, batch_size=512, lr=0.0001, wd=2e-05, epochs=20, seed=2022, num_workers=8, arch='resnet9', evaluate=False, total_num=5000, test_num=1000, gv=30.0, gr=0.1, minor_ratio=0.2, add_aug='rotation')
======================================= Epoch 0 =======================================
================= Test Set =================
+++++++++++ Find New Best Min ACC +++++++++++
The acc is 0.4624, 0.4186, 0.5000
Time Consumption for one epoch is 15.948116779327393s
======================================= Epoch 1 =======================================
================= Test Set =================
The acc is 0.4624, 0.4186, 0.5000
Time Consumption for one epoch is 14.201967000961304s
======================================= Epoch 2 =======================================
================= Test Set =================
+++++++++++ Find New Best Min ACC +++++++++++
The acc is 0.5011, 0.4326, 0.5600
Time Consumption for one epoch is 14.665064573287964s
======================================= Epoch 3 =======================================
================= Test Set =================
+++++++++++ Find New Best Min ACC +++++++++++
The acc is 0.7108, 0.6419, 0.7700
Time Consumption for one epoch is 14.51229214668274s
======================================= Epoch 4 =======================================
================= Test Set =================
+++++++++++ Find New Best Min ACC +++++++++++
The acc is 0.8366, 0.8140, 0.8560
Time Consumption for one epoch is 14.194954633712769s
======================================= Epoch 5 =======================================
================= Test Set =================
+++++++++++ Find New Best Min ACC +++++++++++
The acc is 0.8581, 0.8279, 0.8840
Time Consumption for one epoch is 14.915589809417725s
======================================= Epoch 6 =======================================
================= Test Set =================
+++++++++++ Find New Best Min ACC +++++++++++
The acc is 0.8753, 0.8581, 0.8900
Time Consumption for one epoch is 14.764111995697021s
======================================= Epoch 7 =======================================
================= Test Set =================
The acc is 0.8753, 0.8581, 0.8900
Time Consumption for one epoch is 13.803667783737183s
======================================= Epoch 8 =======================================
================= Test Set =================
+++++++++++ Find New Best Min ACC +++++++++++
The acc is 0.8763, 0.8558, 0.8940
Time Consumption for one epoch is 14.371197938919067s
======================================= Epoch 9 =======================================
================= Test Set =================
The acc is 0.8763, 0.8558, 0.8940
Time Consumption for one epoch is 13.790685653686523s
======================================= Epoch 10 =======================================
================= Test Set =================
The acc is 0.8763, 0.8558, 0.8940
Time Consumption for one epoch is 13.964454889297485s
======================================= Epoch 11 =======================================
================= Test Set =================
+++++++++++ Find New Best Min ACC +++++++++++
The acc is 0.8860, 0.8651, 0.9040
Time Consumption for one epoch is 14.738828420639038s
======================================= Epoch 12 =======================================
================= Test Set =================
+++++++++++ Find New Best Min ACC +++++++++++
The acc is 0.8925, 0.8791, 0.9040
Time Consumption for one epoch is 14.171439170837402s
======================================= Epoch 13 =======================================
================= Test Set =================
+++++++++++ Find New Best Min ACC +++++++++++
The acc is 0.8935, 0.8837, 0.9020
Time Consumption for one epoch is 14.312232255935669s
======================================= Epoch 14 =======================================
================= Test Set =================
The acc is 0.8935, 0.8837, 0.9020
Time Consumption for one epoch is 13.789223432540894s
======================================= Epoch 15 =======================================
================= Test Set =================
The acc is 0.8935, 0.8837, 0.9020
Time Consumption for one epoch is 13.962801456451416s
======================================= Epoch 16 =======================================
================= Test Set =================
The acc is 0.8935, 0.8837, 0.9020
Time Consumption for one epoch is 14.395857095718384s
======================================= Epoch 17 =======================================
================= Test Set =================
The acc is 0.8935, 0.8837, 0.9020
Time Consumption for one epoch is 15.00551462173462s
======================================= Epoch 18 =======================================
================= Test Set =================
+++++++++++ Find New Best Min ACC +++++++++++
The acc is 0.8989, 0.8953, 0.9020
Time Consumption for one epoch is 14.984494924545288s
======================================= Epoch 19 =======================================
================= Test Set =================
The acc is 0.8989, 0.8953, 0.9020
Time Consumption for one epoch is 13.66339898109436s
The final acc is 0.8989, 0.8953, 0.9020
