Namespace(data_dir='/data/yihua/dataset/celeba/celeba.hdf5', result_dir='crop_study', checkpoint=None, resume=False, domain_attrs='Male', target_attrs='Blond_Hair', exp_name=None, batch_size=512, lr=0.0001, wd=2e-05, epochs=20, seed=2022, num_workers=8, arch='resnet18', evaluate=False, total_num=5000, test_num=1000, gv=120.0, gr=0.5, minor_ratio=0.2, add_aug='crop')
======================================= Epoch 0 =======================================
================= Test Set =================
+++++++++++ Find New Best Min ACC +++++++++++
The acc is 0.5366, 0.5791, 0.5000
Time Consumption for one epoch is 23.914902687072754s
======================================= Epoch 1 =======================================
================= Test Set =================
+++++++++++ Find New Best Min ACC +++++++++++
The acc is 0.5376, 0.5814, 0.5000
Time Consumption for one epoch is 20.60966420173645s
======================================= Epoch 2 =======================================
================= Test Set =================
The acc is 0.5376, 0.5814, 0.5000
Time Consumption for one epoch is 22.53795886039734s
======================================= Epoch 3 =======================================
================= Test Set =================
+++++++++++ Find New Best Min ACC +++++++++++
The acc is 0.5441, 0.6047, 0.4920
Time Consumption for one epoch is 21.7950382232666s
======================================= Epoch 4 =======================================
================= Test Set =================
+++++++++++ Find New Best Min ACC +++++++++++
The acc is 0.8226, 0.8000, 0.8420
Time Consumption for one epoch is 22.73938822746277s
======================================= Epoch 5 =======================================
================= Test Set =================
The acc is 0.8226, 0.8000, 0.8420
Time Consumption for one epoch is 21.06190586090088s
======================================= Epoch 6 =======================================
================= Test Set =================
+++++++++++ Find New Best Min ACC +++++++++++
The acc is 0.8763, 0.8465, 0.9020
Time Consumption for one epoch is 20.436268091201782s
======================================= Epoch 7 =======================================
================= Test Set =================
The acc is 0.8763, 0.8465, 0.9020
Time Consumption for one epoch is 20.237816333770752s
======================================= Epoch 8 =======================================
================= Test Set =================
The acc is 0.8763, 0.8465, 0.9020
Time Consumption for one epoch is 21.719473361968994s
======================================= Epoch 9 =======================================
================= Test Set =================
The acc is 0.8763, 0.8465, 0.9020
Time Consumption for one epoch is 22.118470191955566s
======================================= Epoch 10 =======================================
================= Test Set =================
The acc is 0.8763, 0.8465, 0.9020
Time Consumption for one epoch is 20.73050045967102s
======================================= Epoch 11 =======================================
================= Test Set =================
The acc is 0.8763, 0.8465, 0.9020
Time Consumption for one epoch is 22.037998914718628s
======================================= Epoch 12 =======================================
================= Test Set =================
The acc is 0.8763, 0.8465, 0.9020
Time Consumption for one epoch is 21.88798451423645s
======================================= Epoch 13 =======================================
================= Test Set =================
The acc is 0.8763, 0.8465, 0.9020
Time Consumption for one epoch is 21.920119524002075s
======================================= Epoch 14 =======================================
================= Test Set =================
+++++++++++ Find New Best Min ACC +++++++++++
The acc is 0.8849, 0.8651, 0.9020
Time Consumption for one epoch is 21.43997287750244s
======================================= Epoch 15 =======================================
================= Test Set =================
+++++++++++ Find New Best Min ACC +++++++++++
The acc is 0.8903, 0.8791, 0.9000
Time Consumption for one epoch is 19.69968605041504s
======================================= Epoch 16 =======================================
================= Test Set =================
+++++++++++ Find New Best Min ACC +++++++++++
The acc is 0.8914, 0.8814, 0.9000
Time Consumption for one epoch is 22.137654066085815s
======================================= Epoch 17 =======================================
================= Test Set =================
+++++++++++ Find New Best Min ACC +++++++++++
The acc is 0.8925, 0.8884, 0.8960
Time Consumption for one epoch is 21.33124041557312s
======================================= Epoch 18 =======================================
================= Test Set =================
+++++++++++ Find New Best Min ACC +++++++++++
The acc is 0.8957, 0.8884, 0.9020
Time Consumption for one epoch is 19.852410793304443s
======================================= Epoch 19 =======================================
================= Test Set =================
The acc is 0.8957, 0.8884, 0.9020
Time Consumption for one epoch is 20.81266689300537s
The final acc is 0.8957, 0.8884, 0.9020
