Namespace(data_dir='/data/yihua/dataset/celeba/celeba.hdf5', result_dir='results', checkpoint=None, resume=False, domain_attrs='Male', target_attrs='Blond_Hair', exp_name=None, batch_size=512, lr=0.0001, wd=2e-05, epochs=20, seed=2022, num_workers=8, arch='resnet9', evaluate=False, gv=0.1, gr=0.1)
======================================= Epoch 0 =======================================
================= Test Set =================
+++++++++++ Find New Best Min ACC +++++++++++
The acc is 0.5322, 0.5139, 0.5368
Time Consumption for one epoch is 26.655578136444092s
======================================= Epoch 1 =======================================
================= Test Set =================
+++++++++++ Find New Best Min ACC +++++++++++
The acc is 0.8594, 0.8056, 0.8729
Time Consumption for one epoch is 25.345144510269165s
======================================= Epoch 2 =======================================
================= Test Set =================
The acc is 0.8594, 0.8056, 0.8729
Time Consumption for one epoch is 25.23517370223999s
======================================= Epoch 3 =======================================
================= Test Set =================
+++++++++++ Find New Best Min ACC +++++++++++
The acc is 0.9006, 0.8472, 0.9139
Time Consumption for one epoch is 24.672607898712158s
======================================= Epoch 4 =======================================
================= Test Set =================
The acc is 0.9006, 0.8472, 0.9139
Time Consumption for one epoch is 23.40636944770813s
======================================= Epoch 5 =======================================
================= Test Set =================
The acc is 0.9006, 0.8472, 0.9139
Time Consumption for one epoch is 24.263058185577393s
======================================= Epoch 6 =======================================
================= Test Set =================
The acc is 0.9006, 0.8472, 0.9139
Time Consumption for one epoch is 24.8142569065094s
======================================= Epoch 7 =======================================
================= Test Set =================
The acc is 0.9006, 0.8472, 0.9139
Time Consumption for one epoch is 24.33857488632202s
======================================= Epoch 8 =======================================
================= Test Set =================
The acc is 0.9006, 0.8472, 0.9139
Time Consumption for one epoch is 23.230993509292603s
======================================= Epoch 9 =======================================
================= Test Set =================
+++++++++++ Find New Best Min ACC +++++++++++
The acc is 0.9100, 0.8806, 0.9174
Time Consumption for one epoch is 23.346590042114258s
======================================= Epoch 10 =======================================
================= Test Set =================
+++++++++++ Find New Best Min ACC +++++++++++
The acc is 0.9172, 0.8889, 0.9243
Time Consumption for one epoch is 24.99614667892456s
======================================= Epoch 11 =======================================
================= Test Set =================
The acc is 0.9172, 0.8889, 0.9243
Time Consumption for one epoch is 24.340205430984497s
======================================= Epoch 12 =======================================
================= Test Set =================
+++++++++++ Find New Best Min ACC +++++++++++
The acc is 0.9194, 0.8917, 0.9264
Time Consumption for one epoch is 24.478925704956055s
======================================= Epoch 13 =======================================
================= Test Set =================
The acc is 0.9194, 0.8917, 0.9264
Time Consumption for one epoch is 23.708330869674683s
======================================= Epoch 14 =======================================
================= Test Set =================
The acc is 0.9194, 0.8917, 0.9264
Time Consumption for one epoch is 24.91347599029541s
======================================= Epoch 15 =======================================
================= Test Set =================
The acc is 0.9194, 0.8917, 0.9264
Time Consumption for one epoch is 24.766587495803833s
======================================= Epoch 16 =======================================
================= Test Set =================
The acc is 0.9194, 0.8917, 0.9264
Time Consumption for one epoch is 23.939875602722168s
======================================= Epoch 17 =======================================
================= Test Set =================
+++++++++++ Find New Best Min ACC +++++++++++
The acc is 0.9250, 0.9083, 0.9292
Time Consumption for one epoch is 23.96066951751709s
======================================= Epoch 18 =======================================
================= Test Set =================
The acc is 0.9250, 0.9083, 0.9292
Time Consumption for one epoch is 25.26693105697632s
======================================= Epoch 19 =======================================
================= Test Set =================
The acc is 0.9250, 0.9083, 0.9292
Time Consumption for one epoch is 25.651840448379517s
The final acc is 0.9250, 0.9083, 0.9292
