Namespace(data_dir='/data/yihua/dataset/celeba/celeba.hdf5', result_dir='results', checkpoint=None, resume=False, domain_attrs='Male', target_attrs='Heavy_Makeup', exp_name=None, batch_size=512, lr=0.0001, wd=2e-05, epochs=20, seed=2024, num_workers=8, arch='resnet9', evaluate=False, gv=0.0001, gr=0.1)
======================================= Epoch 0 =======================================
================= Test Set =================
+++++++++++ Find New Best Min ACC +++++++++++
The acc is 0.5000, 0.5000, 0.5000
Time Consumption for one epoch is 8.285556554794312s
======================================= Epoch 1 =======================================
================= Test Set =================
The acc is 0.5000, 0.5000, 0.5000
Time Consumption for one epoch is 8.327807426452637s
======================================= Epoch 2 =======================================
================= Test Set =================
The acc is 0.5000, 0.5000, 0.5000
Time Consumption for one epoch is 7.681777477264404s
======================================= Epoch 3 =======================================
================= Test Set =================
The acc is 0.5000, 0.5000, 0.5000
Time Consumption for one epoch is 8.4427011013031s
======================================= Epoch 4 =======================================
================= Test Set =================
The acc is 0.5000, 0.5000, 0.5000
Time Consumption for one epoch is 7.549851655960083s
======================================= Epoch 5 =======================================
================= Test Set =================
The acc is 0.5000, 0.5000, 0.5000
Time Consumption for one epoch is 7.31040096282959s
======================================= Epoch 6 =======================================
================= Test Set =================
The acc is 0.5000, 0.5000, 0.5000
Time Consumption for one epoch is 7.682424545288086s
======================================= Epoch 7 =======================================
================= Test Set =================
+++++++++++ Find New Best Min ACC +++++++++++
The acc is 0.5045, 0.5000, 0.5057
Time Consumption for one epoch is 9.066681623458862s
======================================= Epoch 8 =======================================
================= Test Set =================
The acc is 0.5045, 0.5000, 0.5057
Time Consumption for one epoch is 7.343372106552124s
======================================= Epoch 9 =======================================
================= Test Set =================
+++++++++++ Find New Best Min ACC +++++++++++
The acc is 0.5864, 0.4318, 0.6250
Time Consumption for one epoch is 8.505979537963867s
======================================= Epoch 10 =======================================
================= Test Set =================
+++++++++++ Find New Best Min ACC +++++++++++
The acc is 0.6000, 0.5000, 0.6250
Time Consumption for one epoch is 8.622173070907593s
======================================= Epoch 11 =======================================
================= Test Set =================
+++++++++++ Find New Best Min ACC +++++++++++
The acc is 0.6182, 0.5227, 0.6420
Time Consumption for one epoch is 9.376416206359863s
======================================= Epoch 12 =======================================
================= Test Set =================
+++++++++++ Find New Best Min ACC +++++++++++
The acc is 0.6364, 0.5455, 0.6591
Time Consumption for one epoch is 8.12355375289917s
======================================= Epoch 13 =======================================
================= Test Set =================
The acc is 0.6364, 0.5455, 0.6591
Time Consumption for one epoch is 8.677851915359497s
======================================= Epoch 14 =======================================
================= Test Set =================
The acc is 0.6364, 0.5455, 0.6591
Time Consumption for one epoch is 8.35048246383667s
======================================= Epoch 15 =======================================
================= Test Set =================
The acc is 0.6364, 0.5455, 0.6591
Time Consumption for one epoch is 7.708089828491211s
======================================= Epoch 16 =======================================
================= Test Set =================
+++++++++++ Find New Best Min ACC +++++++++++
The acc is 0.6682, 0.6364, 0.6761
Time Consumption for one epoch is 8.236213207244873s
======================================= Epoch 17 =======================================
================= Test Set =================
The acc is 0.6682, 0.6364, 0.6761
Time Consumption for one epoch is 8.192272424697876s
======================================= Epoch 18 =======================================
================= Test Set =================
The acc is 0.6682, 0.6364, 0.6761
Time Consumption for one epoch is 7.912052869796753s
======================================= Epoch 19 =======================================
================= Test Set =================
The acc is 0.6682, 0.6364, 0.6761
Time Consumption for one epoch is 8.558367490768433s
The final acc is 0.6682, 0.6364, 0.6761
