Namespace(data_dir='/data/yihua/dataset/celeba/celeba.hdf5', result_dir='rotation_study', checkpoint=None, resume=False, domain_attrs='Male', target_attrs='Blond_Hair', exp_name=None, batch_size=512, lr=0.0001, wd=2e-05, epochs=20, seed=2021, num_workers=8, arch='resnet18', evaluate=False, total_num=5000, test_num=1000, gv=60.0, gr=0.1, minor_ratio=0.2, add_aug='rotation')
======================================= Epoch 0 =======================================
================= Test Set =================
+++++++++++ Find New Best Min ACC +++++++++++
The acc is 0.4720, 0.4279, 0.5100
Time Consumption for one epoch is 21.523168087005615s
======================================= Epoch 1 =======================================
================= Test Set =================
+++++++++++ Find New Best Min ACC +++++++++++
The acc is 0.5376, 0.5814, 0.5000
Time Consumption for one epoch is 21.48402500152588s
======================================= Epoch 2 =======================================
================= Test Set =================
The acc is 0.5376, 0.5814, 0.5000
Time Consumption for one epoch is 20.75690269470215s
======================================= Epoch 3 =======================================
================= Test Set =================
The acc is 0.5376, 0.5814, 0.5000
Time Consumption for one epoch is 20.558897495269775s
======================================= Epoch 4 =======================================
================= Test Set =================
+++++++++++ Find New Best Min ACC +++++++++++
The acc is 0.6849, 0.7000, 0.6720
Time Consumption for one epoch is 20.989616870880127s
======================================= Epoch 5 =======================================
================= Test Set =================
+++++++++++ Find New Best Min ACC +++++++++++
The acc is 0.7376, 0.7256, 0.7480
Time Consumption for one epoch is 20.162872791290283s
======================================= Epoch 6 =======================================
================= Test Set =================
+++++++++++ Find New Best Min ACC +++++++++++
The acc is 0.8333, 0.7930, 0.8680
Time Consumption for one epoch is 21.1181960105896s
======================================= Epoch 7 =======================================
================= Test Set =================
+++++++++++ Find New Best Min ACC +++++++++++
The acc is 0.8645, 0.8372, 0.8880
Time Consumption for one epoch is 19.31173348426819s
======================================= Epoch 8 =======================================
================= Test Set =================
The acc is 0.8645, 0.8372, 0.8880
Time Consumption for one epoch is 21.22544264793396s
======================================= Epoch 9 =======================================
================= Test Set =================
The acc is 0.8645, 0.8372, 0.8880
Time Consumption for one epoch is 20.367619037628174s
======================================= Epoch 10 =======================================
================= Test Set =================
The acc is 0.8645, 0.8372, 0.8880
Time Consumption for one epoch is 20.044559001922607s
======================================= Epoch 11 =======================================
================= Test Set =================
The acc is 0.8645, 0.8372, 0.8880
Time Consumption for one epoch is 18.90712594985962s
======================================= Epoch 12 =======================================
================= Test Set =================
+++++++++++ Find New Best Min ACC +++++++++++
The acc is 0.8763, 0.8628, 0.8880
Time Consumption for one epoch is 19.712807655334473s
======================================= Epoch 13 =======================================
================= Test Set =================
The acc is 0.8763, 0.8628, 0.8880
Time Consumption for one epoch is 21.41796898841858s
======================================= Epoch 14 =======================================
================= Test Set =================
+++++++++++ Find New Best Min ACC +++++++++++
The acc is 0.8860, 0.8581, 0.9100
Time Consumption for one epoch is 21.412423133850098s
======================================= Epoch 15 =======================================
================= Test Set =================
The acc is 0.8860, 0.8581, 0.9100
Time Consumption for one epoch is 21.099663496017456s
======================================= Epoch 16 =======================================
================= Test Set =================
+++++++++++ Find New Best Min ACC +++++++++++
The acc is 0.8871, 0.8791, 0.8940
Time Consumption for one epoch is 19.69443941116333s
======================================= Epoch 17 =======================================
================= Test Set =================
+++++++++++ Find New Best Min ACC +++++++++++
The acc is 0.9011, 0.9023, 0.9000
Time Consumption for one epoch is 20.646119594573975s
======================================= Epoch 18 =======================================
================= Test Set =================
The acc is 0.9011, 0.9023, 0.9000
Time Consumption for one epoch is 18.932687044143677s
======================================= Epoch 19 =======================================
================= Test Set =================
The acc is 0.9011, 0.9023, 0.9000
Time Consumption for one epoch is 19.02066445350647s
The final acc is 0.9011, 0.9023, 0.9000
