Namespace(data_dir='/data/yihua/dataset/celeba/celeba.hdf5', result_dir='crop_study', checkpoint=None, resume=False, domain_attrs='Male', target_attrs='Blond_Hair', exp_name=None, batch_size=512, lr=0.0001, wd=2e-05, epochs=20, seed=2022, num_workers=8, arch='resnet9', evaluate=False, total_num=5000, test_num=1000, gv=120.0, gr=0.5, minor_ratio=0.2, add_aug='crop')
======================================= Epoch 0 =======================================
================= Test Set =================
+++++++++++ Find New Best Min ACC +++++++++++
The acc is 0.4624, 0.4186, 0.5000
Time Consumption for one epoch is 16.47369647026062s
======================================= Epoch 1 =======================================
================= Test Set =================
The acc is 0.4624, 0.4186, 0.5000
Time Consumption for one epoch is 15.189473390579224s
======================================= Epoch 2 =======================================
================= Test Set =================
+++++++++++ Find New Best Min ACC +++++++++++
The acc is 0.5118, 0.4419, 0.5720
Time Consumption for one epoch is 14.662136554718018s
======================================= Epoch 3 =======================================
================= Test Set =================
+++++++++++ Find New Best Min ACC +++++++++++
The acc is 0.7258, 0.6488, 0.7920
Time Consumption for one epoch is 15.161823272705078s
======================================= Epoch 4 =======================================
================= Test Set =================
+++++++++++ Find New Best Min ACC +++++++++++
The acc is 0.8409, 0.8209, 0.8580
Time Consumption for one epoch is 14.25021743774414s
======================================= Epoch 5 =======================================
================= Test Set =================
+++++++++++ Find New Best Min ACC +++++++++++
The acc is 0.8505, 0.8186, 0.8780
Time Consumption for one epoch is 15.230295419692993s
======================================= Epoch 6 =======================================
================= Test Set =================
+++++++++++ Find New Best Min ACC +++++++++++
The acc is 0.8753, 0.8512, 0.8960
Time Consumption for one epoch is 14.827303409576416s
======================================= Epoch 7 =======================================
================= Test Set =================
+++++++++++ Find New Best Min ACC +++++++++++
The acc is 0.8785, 0.8605, 0.8940
Time Consumption for one epoch is 15.02535367012024s
======================================= Epoch 8 =======================================
================= Test Set =================
The acc is 0.8785, 0.8605, 0.8940
Time Consumption for one epoch is 14.404197692871094s
======================================= Epoch 9 =======================================
================= Test Set =================
The acc is 0.8785, 0.8605, 0.8940
Time Consumption for one epoch is 14.943482160568237s
======================================= Epoch 10 =======================================
================= Test Set =================
+++++++++++ Find New Best Min ACC +++++++++++
The acc is 0.8806, 0.8628, 0.8960
Time Consumption for one epoch is 14.563432216644287s
======================================= Epoch 11 =======================================
================= Test Set =================
+++++++++++ Find New Best Min ACC +++++++++++
The acc is 0.8914, 0.8767, 0.9040
Time Consumption for one epoch is 14.409051418304443s
======================================= Epoch 12 =======================================
================= Test Set =================
+++++++++++ Find New Best Min ACC +++++++++++
The acc is 0.8989, 0.8907, 0.9060
Time Consumption for one epoch is 14.74059772491455s
======================================= Epoch 13 =======================================
================= Test Set =================
+++++++++++ Find New Best Min ACC +++++++++++
The acc is 0.9000, 0.8884, 0.9100
Time Consumption for one epoch is 14.81894850730896s
======================================= Epoch 14 =======================================
================= Test Set =================
The acc is 0.9000, 0.8884, 0.9100
Time Consumption for one epoch is 14.928502798080444s
======================================= Epoch 15 =======================================
================= Test Set =================
The acc is 0.9000, 0.8884, 0.9100
Time Consumption for one epoch is 14.942781925201416s
======================================= Epoch 16 =======================================
================= Test Set =================
The acc is 0.9000, 0.8884, 0.9100
Time Consumption for one epoch is 14.767167329788208s
======================================= Epoch 17 =======================================
================= Test Set =================
+++++++++++ Find New Best Min ACC +++++++++++
The acc is 0.9043, 0.9000, 0.9080
Time Consumption for one epoch is 14.570492267608643s
======================================= Epoch 18 =======================================
================= Test Set =================
The acc is 0.9043, 0.9000, 0.9080
Time Consumption for one epoch is 14.776159524917603s
======================================= Epoch 19 =======================================
================= Test Set =================
The acc is 0.9043, 0.9000, 0.9080
Time Consumption for one epoch is 14.89526653289795s
The final acc is 0.9043, 0.9000, 0.9080
