Namespace(data_dir='/data/yihua/dataset/celeba/celeba.hdf5', result_dir='results', checkpoint=None, resume=False, domain_attrs='Male', target_attrs='Blond_Hair', exp_name=None, batch_size=512, lr=0.0001, wd=2e-05, epochs=20, seed=2021, num_workers=8, arch='resnet9', evaluate=False, gv=0.35, gr=0.3)
======================================= Epoch 0 =======================================
================= Test Set =================
+++++++++++ Find New Best Min ACC +++++++++++
The acc is 0.7789, 0.7361, 0.7896
Time Consumption for one epoch is 27.187068700790405s
======================================= Epoch 1 =======================================
================= Test Set =================
+++++++++++ Find New Best Min ACC +++++++++++
The acc is 0.8528, 0.8139, 0.8625
Time Consumption for one epoch is 26.118345499038696s
======================================= Epoch 2 =======================================
================= Test Set =================
+++++++++++ Find New Best Min ACC +++++++++++
The acc is 0.8639, 0.8194, 0.8750
Time Consumption for one epoch is 25.163893699645996s
======================================= Epoch 3 =======================================
================= Test Set =================
+++++++++++ Find New Best Min ACC +++++++++++
The acc is 0.8928, 0.8583, 0.9014
Time Consumption for one epoch is 24.774144887924194s
======================================= Epoch 4 =======================================
================= Test Set =================
The acc is 0.8928, 0.8583, 0.9014
Time Consumption for one epoch is 24.61280632019043s
======================================= Epoch 5 =======================================
================= Test Set =================
+++++++++++ Find New Best Min ACC +++++++++++
The acc is 0.9078, 0.8833, 0.9139
Time Consumption for one epoch is 24.995269775390625s
======================================= Epoch 6 =======================================
================= Test Set =================
The acc is 0.9078, 0.8833, 0.9139
Time Consumption for one epoch is 23.668709993362427s
======================================= Epoch 7 =======================================
================= Test Set =================
The acc is 0.9078, 0.8833, 0.9139
Time Consumption for one epoch is 24.21079683303833s
======================================= Epoch 8 =======================================
================= Test Set =================
+++++++++++ Find New Best Min ACC +++++++++++
The acc is 0.9133, 0.8806, 0.9215
Time Consumption for one epoch is 26.22147822380066s
======================================= Epoch 9 =======================================
================= Test Set =================
The acc is 0.9133, 0.8806, 0.9215
Time Consumption for one epoch is 25.010064363479614s
======================================= Epoch 10 =======================================
================= Test Set =================
The acc is 0.9133, 0.8806, 0.9215
Time Consumption for one epoch is 25.07619571685791s
======================================= Epoch 11 =======================================
================= Test Set =================
+++++++++++ Find New Best Min ACC +++++++++++
The acc is 0.9139, 0.9111, 0.9146
Time Consumption for one epoch is 24.60449981689453s
======================================= Epoch 12 =======================================
================= Test Set =================
The acc is 0.9139, 0.9111, 0.9146
Time Consumption for one epoch is 24.94527554512024s
======================================= Epoch 13 =======================================
================= Test Set =================
The acc is 0.9139, 0.9111, 0.9146
Time Consumption for one epoch is 23.755022525787354s
======================================= Epoch 14 =======================================
================= Test Set =================
The acc is 0.9139, 0.9111, 0.9146
Time Consumption for one epoch is 24.914986610412598s
======================================= Epoch 15 =======================================
================= Test Set =================
+++++++++++ Find New Best Min ACC +++++++++++
The acc is 0.9183, 0.9139, 0.9194
Time Consumption for one epoch is 24.63561749458313s
======================================= Epoch 16 =======================================
================= Test Set =================
The acc is 0.9183, 0.9139, 0.9194
Time Consumption for one epoch is 26.051429510116577s
======================================= Epoch 17 =======================================
================= Test Set =================
The acc is 0.9183, 0.9139, 0.9194
Time Consumption for one epoch is 25.8545663356781s
======================================= Epoch 18 =======================================
================= Test Set =================
The acc is 0.9183, 0.9139, 0.9194
Time Consumption for one epoch is 24.964762210845947s
======================================= Epoch 19 =======================================
================= Test Set =================
The acc is 0.9183, 0.9139, 0.9194
Time Consumption for one epoch is 24.370237588882446s
The final acc is 0.9183, 0.9139, 0.9194
