Namespace(data_dir='/data/yihua/dataset/celeba/celeba.hdf5', result_dir='results', checkpoint=None, resume=False, domain_attrs='Male', target_attrs='Heavy_Makeup', exp_name=None, batch_size=512, lr=0.0001, wd=2e-05, epochs=20, seed=2022, num_workers=8, arch='resnet9', evaluate=False, gv=10.0, gr=0.1)
======================================= Epoch 0 =======================================
================= Test Set =================
+++++++++++ Find New Best Min ACC +++++++++++
The acc is 0.5000, 0.5000, 0.5000
Time Consumption for one epoch is 9.1039400100708s
======================================= Epoch 1 =======================================
================= Test Set =================
The acc is 0.5000, 0.5000, 0.5000
Time Consumption for one epoch is 9.372658014297485s
======================================= Epoch 2 =======================================
================= Test Set =================
The acc is 0.5000, 0.5000, 0.5000
Time Consumption for one epoch is 8.599717617034912s
======================================= Epoch 3 =======================================
================= Test Set =================
+++++++++++ Find New Best Min ACC +++++++++++
The acc is 0.5773, 0.4318, 0.6136
Time Consumption for one epoch is 7.7666380405426025s
======================================= Epoch 4 =======================================
================= Test Set =================
+++++++++++ Find New Best Min ACC +++++++++++
The acc is 0.5818, 0.4545, 0.6136
Time Consumption for one epoch is 9.458509922027588s
======================================= Epoch 5 =======================================
================= Test Set =================
+++++++++++ Find New Best Min ACC +++++++++++
The acc is 0.5864, 0.4773, 0.6136
Time Consumption for one epoch is 9.412472009658813s
======================================= Epoch 6 =======================================
================= Test Set =================
The acc is 0.5864, 0.4773, 0.6136
Time Consumption for one epoch is 7.961766958236694s
======================================= Epoch 7 =======================================
================= Test Set =================
The acc is 0.5864, 0.4773, 0.6136
Time Consumption for one epoch is 9.462710857391357s
======================================= Epoch 8 =======================================
================= Test Set =================
+++++++++++ Find New Best Min ACC +++++++++++
The acc is 0.6364, 0.5000, 0.6705
Time Consumption for one epoch is 8.5790696144104s
======================================= Epoch 9 =======================================
================= Test Set =================
The acc is 0.6364, 0.5000, 0.6705
Time Consumption for one epoch is 7.274935960769653s
======================================= Epoch 10 =======================================
================= Test Set =================
The acc is 0.6364, 0.5000, 0.6705
Time Consumption for one epoch is 9.947597742080688s
======================================= Epoch 11 =======================================
================= Test Set =================
+++++++++++ Find New Best Min ACC +++++++++++
The acc is 0.6455, 0.5455, 0.6705
Time Consumption for one epoch is 8.647836208343506s
======================================= Epoch 12 =======================================
================= Test Set =================
The acc is 0.6455, 0.5455, 0.6705
Time Consumption for one epoch is 8.598078489303589s
======================================= Epoch 13 =======================================
================= Test Set =================
The acc is 0.6455, 0.5455, 0.6705
Time Consumption for one epoch is 9.830865383148193s
======================================= Epoch 14 =======================================
================= Test Set =================
The acc is 0.6455, 0.5455, 0.6705
Time Consumption for one epoch is 8.53860855102539s
======================================= Epoch 15 =======================================
================= Test Set =================
The acc is 0.6455, 0.5455, 0.6705
Time Consumption for one epoch is 7.8034257888793945s
======================================= Epoch 16 =======================================
================= Test Set =================
The acc is 0.6455, 0.5455, 0.6705
Time Consumption for one epoch is 8.448549509048462s
======================================= Epoch 17 =======================================
================= Test Set =================
The acc is 0.6455, 0.5455, 0.6705
Time Consumption for one epoch is 7.513708114624023s
======================================= Epoch 18 =======================================
================= Test Set =================
The acc is 0.6455, 0.5455, 0.6705
Time Consumption for one epoch is 9.268616199493408s
======================================= Epoch 19 =======================================
================= Test Set =================
The acc is 0.6455, 0.5455, 0.6705
Time Consumption for one epoch is 9.236308097839355s
The final acc is 0.6455, 0.5455, 0.6705
