Namespace(data_dir='/data/yihua/dataset/celeba/celeba.hdf5', result_dir='rotation_study', checkpoint=None, resume=False, domain_attrs='Male', target_attrs='Blond_Hair', exp_name=None, batch_size=512, lr=0.0001, wd=2e-05, epochs=20, seed=2020, num_workers=8, arch='resnet9', evaluate=False, total_num=5000, test_num=1000, gv=90.0, gr=0.5, minor_ratio=0.2, add_aug='rotation')
======================================= Epoch 0 =======================================
================= Test Set =================
+++++++++++ Find New Best Min ACC +++++++++++
The acc is 0.4624, 0.4186, 0.5000
Time Consumption for one epoch is 16.82411241531372s
======================================= Epoch 1 =======================================
================= Test Set =================
+++++++++++ Find New Best Min ACC +++++++++++
The acc is 0.4677, 0.4233, 0.5060
Time Consumption for one epoch is 14.685800313949585s
======================================= Epoch 2 =======================================
================= Test Set =================
+++++++++++ Find New Best Min ACC +++++++++++
The acc is 0.6892, 0.6512, 0.7220
Time Consumption for one epoch is 14.712473392486572s
======================================= Epoch 3 =======================================
================= Test Set =================
+++++++++++ Find New Best Min ACC +++++++++++
The acc is 0.8161, 0.8000, 0.8300
Time Consumption for one epoch is 14.735321521759033s
======================================= Epoch 4 =======================================
================= Test Set =================
The acc is 0.8161, 0.8000, 0.8300
Time Consumption for one epoch is 14.615917444229126s
======================================= Epoch 5 =======================================
================= Test Set =================
+++++++++++ Find New Best Min ACC +++++++++++
The acc is 0.8763, 0.8512, 0.8980
Time Consumption for one epoch is 15.2318856716156s
======================================= Epoch 6 =======================================
================= Test Set =================
The acc is 0.8763, 0.8512, 0.8980
Time Consumption for one epoch is 14.983983993530273s
======================================= Epoch 7 =======================================
================= Test Set =================
+++++++++++ Find New Best Min ACC +++++++++++
The acc is 0.8828, 0.8628, 0.9000
Time Consumption for one epoch is 14.28116750717163s
======================================= Epoch 8 =======================================
================= Test Set =================
+++++++++++ Find New Best Min ACC +++++++++++
The acc is 0.8914, 0.8814, 0.9000
Time Consumption for one epoch is 14.999536752700806s
======================================= Epoch 9 =======================================
================= Test Set =================
The acc is 0.8914, 0.8814, 0.9000
Time Consumption for one epoch is 14.40285873413086s
======================================= Epoch 10 =======================================
================= Test Set =================
The acc is 0.8914, 0.8814, 0.9000
Time Consumption for one epoch is 14.057035207748413s
======================================= Epoch 11 =======================================
================= Test Set =================
+++++++++++ Find New Best Min ACC +++++++++++
The acc is 0.8957, 0.8814, 0.9080
Time Consumption for one epoch is 14.810803651809692s
======================================= Epoch 12 =======================================
================= Test Set =================
The acc is 0.8957, 0.8814, 0.9080
Time Consumption for one epoch is 14.369842052459717s
======================================= Epoch 13 =======================================
================= Test Set =================
The acc is 0.8957, 0.8814, 0.9080
Time Consumption for one epoch is 14.816201210021973s
======================================= Epoch 14 =======================================
================= Test Set =================
The acc is 0.8957, 0.8814, 0.9080
Time Consumption for one epoch is 14.245758771896362s
======================================= Epoch 15 =======================================
================= Test Set =================
The acc is 0.8957, 0.8814, 0.9080
Time Consumption for one epoch is 15.315798044204712s
======================================= Epoch 16 =======================================
================= Test Set =================
+++++++++++ Find New Best Min ACC +++++++++++
The acc is 0.9000, 0.8837, 0.9140
Time Consumption for one epoch is 15.142979860305786s
======================================= Epoch 17 =======================================
================= Test Set =================
+++++++++++ Find New Best Min ACC +++++++++++
The acc is 0.9075, 0.8930, 0.9200
Time Consumption for one epoch is 14.585691452026367s
======================================= Epoch 18 =======================================
================= Test Set =================
The acc is 0.9075, 0.8930, 0.9200
Time Consumption for one epoch is 13.971792459487915s
======================================= Epoch 19 =======================================
================= Test Set =================
The acc is 0.9075, 0.8930, 0.9200
Time Consumption for one epoch is 14.818339824676514s
The final acc is 0.9075, 0.8930, 0.9200
