Namespace(data_dir='/data/yihua/dataset/celeba/celeba.hdf5', result_dir='crop_study', checkpoint=None, resume=False, domain_attrs='Male', target_attrs='Blond_Hair', exp_name=None, batch_size=512, lr=0.0001, wd=2e-05, epochs=20, seed=2022, num_workers=8, arch='resnet18', evaluate=False, total_num=5000, test_num=1000, gv=160.0, gr=0.3, minor_ratio=0.2, add_aug='crop')
======================================= Epoch 0 =======================================
================= Test Set =================
+++++++++++ Find New Best Min ACC +++++++++++
The acc is 0.5376, 0.5814, 0.5000
Time Consumption for one epoch is 22.893383264541626s
======================================= Epoch 1 =======================================
================= Test Set =================
+++++++++++ Find New Best Min ACC +++++++++++
The acc is 0.5925, 0.5953, 0.5900
Time Consumption for one epoch is 19.796273708343506s
======================================= Epoch 2 =======================================
================= Test Set =================
The acc is 0.5925, 0.5953, 0.5900
Time Consumption for one epoch is 20.05662178993225s
======================================= Epoch 3 =======================================
================= Test Set =================
The acc is 0.5925, 0.5953, 0.5900
Time Consumption for one epoch is 21.93105673789978s
======================================= Epoch 4 =======================================
================= Test Set =================
+++++++++++ Find New Best Min ACC +++++++++++
The acc is 0.7290, 0.7233, 0.7340
Time Consumption for one epoch is 19.779232263565063s
======================================= Epoch 5 =======================================
================= Test Set =================
The acc is 0.7290, 0.7233, 0.7340
Time Consumption for one epoch is 21.2136332988739s
======================================= Epoch 6 =======================================
================= Test Set =================
+++++++++++ Find New Best Min ACC +++++++++++
The acc is 0.8624, 0.8256, 0.8940
Time Consumption for one epoch is 20.623408317565918s
======================================= Epoch 7 =======================================
================= Test Set =================
The acc is 0.8624, 0.8256, 0.8940
Time Consumption for one epoch is 19.897889852523804s
======================================= Epoch 8 =======================================
================= Test Set =================
+++++++++++ Find New Best Min ACC +++++++++++
The acc is 0.8839, 0.8698, 0.8960
Time Consumption for one epoch is 20.821772813796997s
======================================= Epoch 9 =======================================
================= Test Set =================
The acc is 0.8839, 0.8698, 0.8960
Time Consumption for one epoch is 20.843705892562866s
======================================= Epoch 10 =======================================
================= Test Set =================
The acc is 0.8839, 0.8698, 0.8960
Time Consumption for one epoch is 19.614022493362427s
======================================= Epoch 11 =======================================
================= Test Set =================
+++++++++++ Find New Best Min ACC +++++++++++
The acc is 0.8871, 0.8605, 0.9100
Time Consumption for one epoch is 21.658902406692505s
======================================= Epoch 12 =======================================
================= Test Set =================
The acc is 0.8871, 0.8605, 0.9100
Time Consumption for one epoch is 19.77377223968506s
======================================= Epoch 13 =======================================
================= Test Set =================
The acc is 0.8871, 0.8605, 0.9100
Time Consumption for one epoch is 20.2266583442688s
======================================= Epoch 14 =======================================
================= Test Set =================
+++++++++++ Find New Best Min ACC +++++++++++
The acc is 0.8925, 0.8721, 0.9100
Time Consumption for one epoch is 21.24576234817505s
======================================= Epoch 15 =======================================
================= Test Set =================
The acc is 0.8925, 0.8721, 0.9100
Time Consumption for one epoch is 19.53305435180664s
======================================= Epoch 16 =======================================
================= Test Set =================
+++++++++++ Find New Best Min ACC +++++++++++
The acc is 0.9000, 0.8837, 0.9140
Time Consumption for one epoch is 20.332059383392334s
======================================= Epoch 17 =======================================
================= Test Set =================
The acc is 0.9000, 0.8837, 0.9140
Time Consumption for one epoch is 21.460906982421875s
======================================= Epoch 18 =======================================
================= Test Set =================
The acc is 0.9000, 0.8837, 0.9140
Time Consumption for one epoch is 21.4949209690094s
======================================= Epoch 19 =======================================
================= Test Set =================
The acc is 0.9000, 0.8837, 0.9140
Time Consumption for one epoch is 21.1632399559021s
The final acc is 0.9000, 0.8837, 0.9140
