Namespace(data_dir='/data/yihua/dataset/celeba/celeba.hdf5', result_dir='rotation_study', checkpoint=None, resume=False, domain_attrs='Male', target_attrs='Blond_Hair', exp_name=None, batch_size=512, lr=0.0001, wd=2e-05, epochs=20, seed=2020, num_workers=8, arch='resnet9', evaluate=False, total_num=5000, test_num=1000, gv=0.0, gr=0.3, minor_ratio=0.2, add_aug='rotation')
======================================= Epoch 0 =======================================
================= Test Set =================
+++++++++++ Find New Best Min ACC +++++++++++
The acc is 0.4624, 0.4186, 0.5000
Time Consumption for one epoch is 15.986416816711426s
======================================= Epoch 1 =======================================
================= Test Set =================
+++++++++++ Find New Best Min ACC +++++++++++
The acc is 0.4882, 0.4302, 0.5380
Time Consumption for one epoch is 14.894887685775757s
======================================= Epoch 2 =======================================
================= Test Set =================
+++++++++++ Find New Best Min ACC +++++++++++
The acc is 0.7634, 0.7512, 0.7740
Time Consumption for one epoch is 14.243654251098633s
======================================= Epoch 3 =======================================
================= Test Set =================
+++++++++++ Find New Best Min ACC +++++++++++
The acc is 0.8172, 0.7930, 0.8380
Time Consumption for one epoch is 14.835151433944702s
======================================= Epoch 4 =======================================
================= Test Set =================
+++++++++++ Find New Best Min ACC +++++++++++
The acc is 0.8602, 0.8372, 0.8800
Time Consumption for one epoch is 14.762355327606201s
======================================= Epoch 5 =======================================
================= Test Set =================
+++++++++++ Find New Best Min ACC +++++++++++
The acc is 0.8763, 0.8465, 0.9020
Time Consumption for one epoch is 14.4058358669281s
======================================= Epoch 6 =======================================
================= Test Set =================
+++++++++++ Find New Best Min ACC +++++++++++
The acc is 0.8796, 0.8651, 0.8920
Time Consumption for one epoch is 14.613012075424194s
======================================= Epoch 7 =======================================
================= Test Set =================
The acc is 0.8796, 0.8651, 0.8920
Time Consumption for one epoch is 13.963280439376831s
======================================= Epoch 8 =======================================
================= Test Set =================
The acc is 0.8796, 0.8651, 0.8920
Time Consumption for one epoch is 14.198246479034424s
======================================= Epoch 9 =======================================
================= Test Set =================
The acc is 0.8796, 0.8651, 0.8920
Time Consumption for one epoch is 14.693357467651367s
======================================= Epoch 10 =======================================
================= Test Set =================
+++++++++++ Find New Best Min ACC +++++++++++
The acc is 0.8839, 0.8698, 0.8960
Time Consumption for one epoch is 14.365923404693604s
======================================= Epoch 11 =======================================
================= Test Set =================
The acc is 0.8839, 0.8698, 0.8960
Time Consumption for one epoch is 14.45319938659668s
======================================= Epoch 12 =======================================
================= Test Set =================
The acc is 0.8839, 0.8698, 0.8960
Time Consumption for one epoch is 14.755383491516113s
======================================= Epoch 13 =======================================
================= Test Set =================
The acc is 0.8839, 0.8698, 0.8960
Time Consumption for one epoch is 13.666790246963501s
======================================= Epoch 14 =======================================
================= Test Set =================
+++++++++++ Find New Best Min ACC +++++++++++
The acc is 0.8968, 0.8814, 0.9100
Time Consumption for one epoch is 14.151748895645142s
======================================= Epoch 15 =======================================
================= Test Set =================
The acc is 0.8968, 0.8814, 0.9100
Time Consumption for one epoch is 14.148821592330933s
======================================= Epoch 16 =======================================
================= Test Set =================
+++++++++++ Find New Best Min ACC +++++++++++
The acc is 0.8989, 0.8860, 0.9100
Time Consumption for one epoch is 14.370174407958984s
======================================= Epoch 17 =======================================
================= Test Set =================
The acc is 0.8989, 0.8860, 0.9100
Time Consumption for one epoch is 14.340418577194214s
======================================= Epoch 18 =======================================
================= Test Set =================
The acc is 0.8989, 0.8860, 0.9100
Time Consumption for one epoch is 14.67967939376831s
======================================= Epoch 19 =======================================
================= Test Set =================
The acc is 0.8989, 0.8860, 0.9100
Time Consumption for one epoch is 14.710267305374146s
The final acc is 0.8989, 0.8860, 0.9100
