Namespace(data_dir='/data/yihua/dataset/celeba/celeba.hdf5', result_dir='rotation_study', checkpoint=None, resume=False, domain_attrs='Male', target_attrs='Blond_Hair', exp_name=None, batch_size=512, lr=0.0001, wd=2e-05, epochs=20, seed=2020, num_workers=8, arch='resnet18', evaluate=False, total_num=5000, test_num=1000, gv=120.0, gr=0.1, minor_ratio=0.2, add_aug='rotation')
======================================= Epoch 0 =======================================
================= Test Set =================
+++++++++++ Find New Best Min ACC +++++++++++
The acc is 0.4624, 0.4186, 0.5000
Time Consumption for one epoch is 23.77741312980652s
======================================= Epoch 1 =======================================
================= Test Set =================
The acc is 0.4624, 0.4186, 0.5000
Time Consumption for one epoch is 19.76771092414856s
======================================= Epoch 2 =======================================
================= Test Set =================
+++++++++++ Find New Best Min ACC +++++++++++
The acc is 0.4903, 0.5209, 0.4640
Time Consumption for one epoch is 19.994483470916748s
======================================= Epoch 3 =======================================
================= Test Set =================
+++++++++++ Find New Best Min ACC +++++++++++
The acc is 0.6011, 0.6209, 0.5840
Time Consumption for one epoch is 20.0200412273407s
======================================= Epoch 4 =======================================
================= Test Set =================
+++++++++++ Find New Best Min ACC +++++++++++
The acc is 0.6086, 0.6372, 0.5840
Time Consumption for one epoch is 20.590040683746338s
======================================= Epoch 5 =======================================
================= Test Set =================
+++++++++++ Find New Best Min ACC +++++++++++
The acc is 0.8312, 0.7977, 0.8600
Time Consumption for one epoch is 18.841554403305054s
======================================= Epoch 6 =======================================
================= Test Set =================
+++++++++++ Find New Best Min ACC +++++++++++
The acc is 0.8796, 0.8558, 0.9000
Time Consumption for one epoch is 18.936110019683838s
======================================= Epoch 7 =======================================
================= Test Set =================
The acc is 0.8796, 0.8558, 0.9000
Time Consumption for one epoch is 18.94062829017639s
======================================= Epoch 8 =======================================
================= Test Set =================
The acc is 0.8796, 0.8558, 0.9000
Time Consumption for one epoch is 20.00452160835266s
======================================= Epoch 9 =======================================
================= Test Set =================
The acc is 0.8796, 0.8558, 0.9000
Time Consumption for one epoch is 19.49924635887146s
======================================= Epoch 10 =======================================
================= Test Set =================
The acc is 0.8796, 0.8558, 0.9000
Time Consumption for one epoch is 18.99289870262146s
======================================= Epoch 11 =======================================
================= Test Set =================
The acc is 0.8796, 0.8558, 0.9000
Time Consumption for one epoch is 21.21540641784668s
======================================= Epoch 12 =======================================
================= Test Set =================
The acc is 0.8796, 0.8558, 0.9000
Time Consumption for one epoch is 18.325072288513184s
======================================= Epoch 13 =======================================
================= Test Set =================
+++++++++++ Find New Best Min ACC +++++++++++
The acc is 0.8957, 0.8791, 0.9100
Time Consumption for one epoch is 18.66343402862549s
======================================= Epoch 14 =======================================
================= Test Set =================
The acc is 0.8957, 0.8791, 0.9100
Time Consumption for one epoch is 19.785319328308105s
======================================= Epoch 15 =======================================
================= Test Set =================
The acc is 0.8957, 0.8791, 0.9100
Time Consumption for one epoch is 19.169127702713013s
======================================= Epoch 16 =======================================
================= Test Set =================
The acc is 0.8957, 0.8791, 0.9100
Time Consumption for one epoch is 20.062292337417603s
======================================= Epoch 17 =======================================
================= Test Set =================
The acc is 0.8957, 0.8791, 0.9100
Time Consumption for one epoch is 20.621286392211914s
======================================= Epoch 18 =======================================
================= Test Set =================
The acc is 0.8957, 0.8791, 0.9100
Time Consumption for one epoch is 20.75783133506775s
======================================= Epoch 19 =======================================
================= Test Set =================
The acc is 0.8957, 0.8791, 0.9100
Time Consumption for one epoch is 20.07523536682129s
The final acc is 0.8957, 0.8791, 0.9100
