Namespace(data_dir='/data/yihua/dataset/celeba/celeba.hdf5', result_dir='rotation_study', checkpoint=None, resume=False, domain_attrs='Male', target_attrs='Blond_Hair', exp_name=None, batch_size=512, lr=0.0001, wd=2e-05, epochs=20, seed=2021, num_workers=8, arch='resnet9', evaluate=False, total_num=5000, test_num=1000, gv=180.0, gr=0.3, minor_ratio=0.2, add_aug='rotation')
======================================= Epoch 0 =======================================
================= Test Set =================
+++++++++++ Find New Best Min ACC +++++++++++
The acc is 0.4624, 0.4186, 0.5000
Time Consumption for one epoch is 17.173643827438354s
======================================= Epoch 1 =======================================
================= Test Set =================
The acc is 0.4624, 0.4186, 0.5000
Time Consumption for one epoch is 14.032306432723999s
======================================= Epoch 2 =======================================
================= Test Set =================
+++++++++++ Find New Best Min ACC +++++++++++
The acc is 0.6946, 0.6605, 0.7240
Time Consumption for one epoch is 14.348560810089111s
======================================= Epoch 3 =======================================
================= Test Set =================
+++++++++++ Find New Best Min ACC +++++++++++
The acc is 0.7742, 0.7512, 0.7940
Time Consumption for one epoch is 14.612721681594849s
======================================= Epoch 4 =======================================
================= Test Set =================
+++++++++++ Find New Best Min ACC +++++++++++
The acc is 0.8452, 0.8279, 0.8600
Time Consumption for one epoch is 14.47221851348877s
======================================= Epoch 5 =======================================
================= Test Set =================
The acc is 0.8452, 0.8279, 0.8600
Time Consumption for one epoch is 13.986392259597778s
======================================= Epoch 6 =======================================
================= Test Set =================
The acc is 0.8452, 0.8279, 0.8600
Time Consumption for one epoch is 14.45755124092102s
======================================= Epoch 7 =======================================
================= Test Set =================
+++++++++++ Find New Best Min ACC +++++++++++
The acc is 0.8505, 0.8256, 0.8720
Time Consumption for one epoch is 14.626850366592407s
======================================= Epoch 8 =======================================
================= Test Set =================
+++++++++++ Find New Best Min ACC +++++++++++
The acc is 0.8785, 0.8488, 0.9040
Time Consumption for one epoch is 14.872739553451538s
======================================= Epoch 9 =======================================
================= Test Set =================
The acc is 0.8785, 0.8488, 0.9040
Time Consumption for one epoch is 14.459422826766968s
======================================= Epoch 10 =======================================
================= Test Set =================
+++++++++++ Find New Best Min ACC +++++++++++
The acc is 0.8806, 0.8581, 0.9000
Time Consumption for one epoch is 14.928882360458374s
======================================= Epoch 11 =======================================
================= Test Set =================
The acc is 0.8806, 0.8581, 0.9000
Time Consumption for one epoch is 14.670634508132935s
======================================= Epoch 12 =======================================
================= Test Set =================
+++++++++++ Find New Best Min ACC +++++++++++
The acc is 0.8849, 0.8698, 0.8980
Time Consumption for one epoch is 14.408285140991211s
======================================= Epoch 13 =======================================
================= Test Set =================
The acc is 0.8849, 0.8698, 0.8980
Time Consumption for one epoch is 14.410603523254395s
======================================= Epoch 14 =======================================
================= Test Set =================
+++++++++++ Find New Best Min ACC +++++++++++
The acc is 0.8860, 0.8628, 0.9060
Time Consumption for one epoch is 14.344624996185303s
======================================= Epoch 15 =======================================
================= Test Set =================
The acc is 0.8860, 0.8628, 0.9060
Time Consumption for one epoch is 14.707195043563843s
======================================= Epoch 16 =======================================
================= Test Set =================
The acc is 0.8860, 0.8628, 0.9060
Time Consumption for one epoch is 14.088963747024536s
======================================= Epoch 17 =======================================
================= Test Set =================
+++++++++++ Find New Best Min ACC +++++++++++
The acc is 0.8882, 0.8698, 0.9040
Time Consumption for one epoch is 14.364859342575073s
======================================= Epoch 18 =======================================
================= Test Set =================
+++++++++++ Find New Best Min ACC +++++++++++
The acc is 0.8914, 0.8767, 0.9040
Time Consumption for one epoch is 14.391533374786377s
======================================= Epoch 19 =======================================
================= Test Set =================
The acc is 0.8914, 0.8767, 0.9040
Time Consumption for one epoch is 14.452239751815796s
The final acc is 0.8914, 0.8767, 0.9040
