Namespace(data_dir='/data/yihua/dataset/celeba/celeba.hdf5', result_dir='results', checkpoint=None, resume=False, domain_attrs='Male', target_attrs='Heavy_Makeup', exp_name=None, batch_size=512, lr=0.0001, wd=2e-05, epochs=20, seed=2022, num_workers=8, arch='resnet9', evaluate=False, gv=10.0, gr=0.3)
======================================= Epoch 0 =======================================
================= Test Set =================
+++++++++++ Find New Best Min ACC +++++++++++
The acc is 0.4727, 0.4545, 0.4773
Time Consumption for one epoch is 8.55747103691101s
======================================= Epoch 1 =======================================
================= Test Set =================
+++++++++++ Find New Best Min ACC +++++++++++
The acc is 0.4909, 0.4091, 0.5114
Time Consumption for one epoch is 9.441545724868774s
======================================= Epoch 2 =======================================
================= Test Set =================
+++++++++++ Find New Best Min ACC +++++++++++
The acc is 0.4955, 0.5000, 0.4943
Time Consumption for one epoch is 8.91643238067627s
======================================= Epoch 3 =======================================
================= Test Set =================
+++++++++++ Find New Best Min ACC +++++++++++
The acc is 0.5000, 0.4773, 0.5057
Time Consumption for one epoch is 8.897668838500977s
======================================= Epoch 4 =======================================
================= Test Set =================
+++++++++++ Find New Best Min ACC +++++++++++
The acc is 0.5864, 0.5227, 0.6023
Time Consumption for one epoch is 9.757350206375122s
======================================= Epoch 5 =======================================
================= Test Set =================
+++++++++++ Find New Best Min ACC +++++++++++
The acc is 0.6000, 0.4318, 0.6420
Time Consumption for one epoch is 9.2632474899292s
======================================= Epoch 6 =======================================
================= Test Set =================
+++++++++++ Find New Best Min ACC +++++++++++
The acc is 0.6182, 0.4545, 0.6591
Time Consumption for one epoch is 8.007830142974854s
======================================= Epoch 7 =======================================
================= Test Set =================
The acc is 0.6182, 0.4545, 0.6591
Time Consumption for one epoch is 10.210490226745605s
======================================= Epoch 8 =======================================
================= Test Set =================
+++++++++++ Find New Best Min ACC +++++++++++
The acc is 0.6318, 0.5000, 0.6648
Time Consumption for one epoch is 8.517454862594604s
======================================= Epoch 9 =======================================
================= Test Set =================
+++++++++++ Find New Best Min ACC +++++++++++
The acc is 0.6500, 0.6136, 0.6591
Time Consumption for one epoch is 8.409316778182983s
======================================= Epoch 10 =======================================
================= Test Set =================
+++++++++++ Find New Best Min ACC +++++++++++
The acc is 0.6545, 0.5455, 0.6818
Time Consumption for one epoch is 9.065837860107422s
======================================= Epoch 11 =======================================
================= Test Set =================
The acc is 0.6545, 0.5455, 0.6818
Time Consumption for one epoch is 8.363723754882812s
======================================= Epoch 12 =======================================
================= Test Set =================
The acc is 0.6545, 0.5455, 0.6818
Time Consumption for one epoch is 8.837908506393433s
======================================= Epoch 13 =======================================
================= Test Set =================
+++++++++++ Find New Best Min ACC +++++++++++
The acc is 0.6636, 0.5455, 0.6932
Time Consumption for one epoch is 9.632257223129272s
======================================= Epoch 14 =======================================
================= Test Set =================
+++++++++++ Find New Best Min ACC +++++++++++
The acc is 0.6773, 0.6136, 0.6932
Time Consumption for one epoch is 9.226686954498291s
======================================= Epoch 15 =======================================
================= Test Set =================
The acc is 0.6773, 0.6136, 0.6932
Time Consumption for one epoch is 9.115254640579224s
======================================= Epoch 16 =======================================
================= Test Set =================
The acc is 0.6773, 0.6136, 0.6932
Time Consumption for one epoch is 9.909960269927979s
======================================= Epoch 17 =======================================
================= Test Set =================
The acc is 0.6773, 0.6136, 0.6932
Time Consumption for one epoch is 7.493776082992554s
======================================= Epoch 18 =======================================
================= Test Set =================
The acc is 0.6773, 0.6136, 0.6932
Time Consumption for one epoch is 8.10795283317566s
======================================= Epoch 19 =======================================
================= Test Set =================
The acc is 0.6773, 0.6136, 0.6932
Time Consumption for one epoch is 9.738125562667847s
The final acc is 0.6773, 0.6136, 0.6932
