Namespace(data_dir='/data/yihua/dataset/celeba/celeba.hdf5', result_dir='crop_study', checkpoint=None, resume=False, domain_attrs='Male', target_attrs='Blond_Hair', exp_name=None, batch_size=512, lr=0.0001, wd=2e-05, epochs=20, seed=2020, num_workers=8, arch='resnet18', evaluate=False, total_num=5000, test_num=1000, gv=200.0, gr=0.1, minor_ratio=0.2, add_aug='crop')
======================================= Epoch 0 =======================================
================= Test Set =================
+++++++++++ Find New Best Min ACC +++++++++++
The acc is 0.4624, 0.4186, 0.5000
Time Consumption for one epoch is 21.554729223251343s
======================================= Epoch 1 =======================================
================= Test Set =================
The acc is 0.4624, 0.4186, 0.5000
Time Consumption for one epoch is 19.620300769805908s
======================================= Epoch 2 =======================================
================= Test Set =================
+++++++++++ Find New Best Min ACC +++++++++++
The acc is 0.5484, 0.5605, 0.5380
Time Consumption for one epoch is 18.93502449989319s
======================================= Epoch 3 =======================================
================= Test Set =================
+++++++++++ Find New Best Min ACC +++++++++++
The acc is 0.6946, 0.7023, 0.6880
Time Consumption for one epoch is 20.410218238830566s
======================================= Epoch 4 =======================================
================= Test Set =================
+++++++++++ Find New Best Min ACC +++++++++++
The acc is 0.7978, 0.7767, 0.8160
Time Consumption for one epoch is 20.744731426239014s
======================================= Epoch 5 =======================================
================= Test Set =================
+++++++++++ Find New Best Min ACC +++++++++++
The acc is 0.8215, 0.7837, 0.8540
Time Consumption for one epoch is 19.650835275650024s
======================================= Epoch 6 =======================================
================= Test Set =================
+++++++++++ Find New Best Min ACC +++++++++++
The acc is 0.8602, 0.8209, 0.8940
Time Consumption for one epoch is 19.09763503074646s
======================================= Epoch 7 =======================================
================= Test Set =================
+++++++++++ Find New Best Min ACC +++++++++++
The acc is 0.8871, 0.8744, 0.8980
Time Consumption for one epoch is 19.70089602470398s
======================================= Epoch 8 =======================================
================= Test Set =================
The acc is 0.8871, 0.8744, 0.8980
Time Consumption for one epoch is 21.656798601150513s
======================================= Epoch 9 =======================================
================= Test Set =================
The acc is 0.8871, 0.8744, 0.8980
Time Consumption for one epoch is 18.884950160980225s
======================================= Epoch 10 =======================================
================= Test Set =================
The acc is 0.8871, 0.8744, 0.8980
Time Consumption for one epoch is 18.923672914505005s
======================================= Epoch 11 =======================================
================= Test Set =================
The acc is 0.8871, 0.8744, 0.8980
Time Consumption for one epoch is 19.996731996536255s
======================================= Epoch 12 =======================================
================= Test Set =================
+++++++++++ Find New Best Min ACC +++++++++++
The acc is 0.8935, 0.8837, 0.9020
Time Consumption for one epoch is 20.18423843383789s
======================================= Epoch 13 =======================================
================= Test Set =================
The acc is 0.8935, 0.8837, 0.9020
Time Consumption for one epoch is 18.724762201309204s
======================================= Epoch 14 =======================================
================= Test Set =================
The acc is 0.8935, 0.8837, 0.9020
Time Consumption for one epoch is 18.817649126052856s
======================================= Epoch 15 =======================================
================= Test Set =================
The acc is 0.8935, 0.8837, 0.9020
Time Consumption for one epoch is 19.677066802978516s
======================================= Epoch 16 =======================================
================= Test Set =================
The acc is 0.8935, 0.8837, 0.9020
Time Consumption for one epoch is 20.39518713951111s
======================================= Epoch 17 =======================================
================= Test Set =================
The acc is 0.8935, 0.8837, 0.9020
Time Consumption for one epoch is 20.136250972747803s
======================================= Epoch 18 =======================================
================= Test Set =================
The acc is 0.8935, 0.8837, 0.9020
Time Consumption for one epoch is 19.248035669326782s
======================================= Epoch 19 =======================================
================= Test Set =================
The acc is 0.8935, 0.8837, 0.9020
Time Consumption for one epoch is 18.397789001464844s
The final acc is 0.8935, 0.8837, 0.9020
