Namespace(data_dir='/data/yihua/dataset/celeba/celeba.hdf5', result_dir='crop_study', checkpoint=None, resume=False, domain_attrs='Male', target_attrs='Blond_Hair', exp_name=None, batch_size=512, lr=0.0001, wd=2e-05, epochs=20, seed=2020, num_workers=8, arch='resnet18', evaluate=False, total_num=5000, test_num=1000, gv=140.0, gr=0.3, minor_ratio=0.2, add_aug='crop')
======================================= Epoch 0 =======================================
================= Test Set =================
+++++++++++ Find New Best Min ACC +++++++++++
The acc is 0.4613, 0.4163, 0.5000
Time Consumption for one epoch is 22.973950386047363s
======================================= Epoch 1 =======================================
================= Test Set =================
+++++++++++ Find New Best Min ACC +++++++++++
The acc is 0.5247, 0.5767, 0.4800
Time Consumption for one epoch is 20.05917453765869s
======================================= Epoch 2 =======================================
================= Test Set =================
+++++++++++ Find New Best Min ACC +++++++++++
The acc is 0.6817, 0.6907, 0.6740
Time Consumption for one epoch is 21.408639669418335s
======================================= Epoch 3 =======================================
================= Test Set =================
The acc is 0.6817, 0.6907, 0.6740
Time Consumption for one epoch is 20.837915658950806s
======================================= Epoch 4 =======================================
================= Test Set =================
+++++++++++ Find New Best Min ACC +++++++++++
The acc is 0.7495, 0.7209, 0.7740
Time Consumption for one epoch is 19.7265408039093s
======================================= Epoch 5 =======================================
================= Test Set =================
+++++++++++ Find New Best Min ACC +++++++++++
The acc is 0.8570, 0.8395, 0.8720
Time Consumption for one epoch is 22.473049879074097s
======================================= Epoch 6 =======================================
================= Test Set =================
+++++++++++ Find New Best Min ACC +++++++++++
The acc is 0.8624, 0.8279, 0.8920
Time Consumption for one epoch is 21.017953634262085s
======================================= Epoch 7 =======================================
================= Test Set =================
+++++++++++ Find New Best Min ACC +++++++++++
The acc is 0.8817, 0.8558, 0.9040
Time Consumption for one epoch is 19.94105100631714s
======================================= Epoch 8 =======================================
================= Test Set =================
The acc is 0.8817, 0.8558, 0.9040
Time Consumption for one epoch is 20.13236117362976s
======================================= Epoch 9 =======================================
================= Test Set =================
The acc is 0.8817, 0.8558, 0.9040
Time Consumption for one epoch is 19.428488731384277s
======================================= Epoch 10 =======================================
================= Test Set =================
The acc is 0.8817, 0.8558, 0.9040
Time Consumption for one epoch is 21.728455543518066s
======================================= Epoch 11 =======================================
================= Test Set =================
The acc is 0.8817, 0.8558, 0.9040
Time Consumption for one epoch is 22.265162706375122s
======================================= Epoch 12 =======================================
================= Test Set =================
The acc is 0.8817, 0.8558, 0.9040
Time Consumption for one epoch is 18.79277515411377s
======================================= Epoch 13 =======================================
================= Test Set =================
+++++++++++ Find New Best Min ACC +++++++++++
The acc is 0.8957, 0.8837, 0.9060
Time Consumption for one epoch is 20.89712929725647s
======================================= Epoch 14 =======================================
================= Test Set =================
The acc is 0.8957, 0.8837, 0.9060
Time Consumption for one epoch is 20.917421102523804s
======================================= Epoch 15 =======================================
================= Test Set =================
The acc is 0.8957, 0.8837, 0.9060
Time Consumption for one epoch is 21.3984112739563s
======================================= Epoch 16 =======================================
================= Test Set =================
The acc is 0.8957, 0.8837, 0.9060
Time Consumption for one epoch is 21.50589084625244s
======================================= Epoch 17 =======================================
================= Test Set =================
The acc is 0.8957, 0.8837, 0.9060
Time Consumption for one epoch is 21.853713512420654s
======================================= Epoch 18 =======================================
================= Test Set =================
The acc is 0.8957, 0.8837, 0.9060
Time Consumption for one epoch is 19.3764865398407s
======================================= Epoch 19 =======================================
================= Test Set =================
The acc is 0.8957, 0.8837, 0.9060
Time Consumption for one epoch is 19.934909105300903s
The final acc is 0.8957, 0.8837, 0.9060
