Namespace(data_dir='/data/yihua/dataset/celeba/celeba.hdf5', result_dir='crop_study', checkpoint=None, resume=False, domain_attrs='Male', target_attrs='Blond_Hair', exp_name=None, batch_size=512, lr=0.0001, wd=2e-05, epochs=20, seed=2022, num_workers=8, arch='resnet9', evaluate=False, total_num=5000, test_num=1000, gv=200.0, gr=0.1, minor_ratio=0.2, add_aug='crop')
======================================= Epoch 0 =======================================
================= Test Set =================
+++++++++++ Find New Best Min ACC +++++++++++
The acc is 0.4624, 0.4186, 0.5000
Time Consumption for one epoch is 15.755254983901978s
======================================= Epoch 1 =======================================
================= Test Set =================
The acc is 0.4624, 0.4186, 0.5000
Time Consumption for one epoch is 13.947734355926514s
======================================= Epoch 2 =======================================
================= Test Set =================
+++++++++++ Find New Best Min ACC +++++++++++
The acc is 0.5065, 0.4442, 0.5600
Time Consumption for one epoch is 14.207913398742676s
======================================= Epoch 3 =======================================
================= Test Set =================
+++++++++++ Find New Best Min ACC +++++++++++
The acc is 0.7656, 0.7256, 0.8000
Time Consumption for one epoch is 14.363566160202026s
======================================= Epoch 4 =======================================
================= Test Set =================
+++++++++++ Find New Best Min ACC +++++++++++
The acc is 0.8065, 0.7814, 0.8280
Time Consumption for one epoch is 14.057520389556885s
======================================= Epoch 5 =======================================
================= Test Set =================
+++++++++++ Find New Best Min ACC +++++++++++
The acc is 0.8688, 0.8558, 0.8800
Time Consumption for one epoch is 14.78633737564087s
======================================= Epoch 6 =======================================
================= Test Set =================
+++++++++++ Find New Best Min ACC +++++++++++
The acc is 0.8871, 0.8744, 0.8980
Time Consumption for one epoch is 14.288471221923828s
======================================= Epoch 7 =======================================
================= Test Set =================
The acc is 0.8871, 0.8744, 0.8980
Time Consumption for one epoch is 14.165614128112793s
======================================= Epoch 8 =======================================
================= Test Set =================
The acc is 0.8871, 0.8744, 0.8980
Time Consumption for one epoch is 14.062381267547607s
======================================= Epoch 9 =======================================
================= Test Set =================
The acc is 0.8871, 0.8744, 0.8980
Time Consumption for one epoch is 13.643487691879272s
======================================= Epoch 10 =======================================
================= Test Set =================
The acc is 0.8871, 0.8744, 0.8980
Time Consumption for one epoch is 14.068709373474121s
======================================= Epoch 11 =======================================
================= Test Set =================
The acc is 0.8871, 0.8744, 0.8980
Time Consumption for one epoch is 13.61574935913086s
======================================= Epoch 12 =======================================
================= Test Set =================
+++++++++++ Find New Best Min ACC +++++++++++
The acc is 0.8903, 0.8791, 0.9000
Time Consumption for one epoch is 14.858966588973999s
======================================= Epoch 13 =======================================
================= Test Set =================
The acc is 0.8903, 0.8791, 0.9000
Time Consumption for one epoch is 13.998806476593018s
======================================= Epoch 14 =======================================
================= Test Set =================
+++++++++++ Find New Best Min ACC +++++++++++
The acc is 0.8989, 0.8907, 0.9060
Time Consumption for one epoch is 14.568928480148315s
======================================= Epoch 15 =======================================
================= Test Set =================
The acc is 0.8989, 0.8907, 0.9060
Time Consumption for one epoch is 13.848843336105347s
======================================= Epoch 16 =======================================
================= Test Set =================
The acc is 0.8989, 0.8907, 0.9060
Time Consumption for one epoch is 14.178321361541748s
======================================= Epoch 17 =======================================
================= Test Set =================
The acc is 0.8989, 0.8907, 0.9060
Time Consumption for one epoch is 13.773073196411133s
======================================= Epoch 18 =======================================
================= Test Set =================
+++++++++++ Find New Best Min ACC +++++++++++
The acc is 0.9000, 0.8953, 0.9040
Time Consumption for one epoch is 14.306053400039673s
======================================= Epoch 19 =======================================
================= Test Set =================
The acc is 0.9000, 0.8953, 0.9040
Time Consumption for one epoch is 13.932606220245361s
The final acc is 0.9000, 0.8953, 0.9040
