Namespace(data_dir='/data/yihua/dataset/celeba/celeba.hdf5', result_dir='results', checkpoint=None, resume=False, domain_attrs='Male', target_attrs='Blond_Hair', exp_name=None, batch_size=512, lr=0.0001, wd=2e-05, epochs=20, seed=2022, num_workers=8, arch='resnet18', evaluate=False, gv=0.01, gr=0.3)
======================================= Epoch 0 =======================================
================= Test Set =================
+++++++++++ Find New Best Min ACC +++++++++++
The acc is 0.5000, 0.5000, 0.5000
Time Consumption for one epoch is 46.11714959144592s
======================================= Epoch 1 =======================================
================= Test Set =================
+++++++++++ Find New Best Min ACC +++++++++++
The acc is 0.8489, 0.7778, 0.8667
Time Consumption for one epoch is 44.91134715080261s
======================================= Epoch 2 =======================================
================= Test Set =================
+++++++++++ Find New Best Min ACC +++++++++++
The acc is 0.8756, 0.8639, 0.8785
Time Consumption for one epoch is 42.59834814071655s
======================================= Epoch 3 =======================================
================= Test Set =================
The acc is 0.8756, 0.8639, 0.8785
Time Consumption for one epoch is 41.98950791358948s
======================================= Epoch 4 =======================================
================= Test Set =================
+++++++++++ Find New Best Min ACC +++++++++++
The acc is 0.9072, 0.8861, 0.9125
Time Consumption for one epoch is 44.06773042678833s
======================================= Epoch 5 =======================================
================= Test Set =================
The acc is 0.9072, 0.8861, 0.9125
Time Consumption for one epoch is 42.5765163898468s
======================================= Epoch 6 =======================================
================= Test Set =================
The acc is 0.9072, 0.8861, 0.9125
Time Consumption for one epoch is 42.21183371543884s
======================================= Epoch 7 =======================================
================= Test Set =================
The acc is 0.9072, 0.8861, 0.9125
Time Consumption for one epoch is 42.33413910865784s
======================================= Epoch 8 =======================================
================= Test Set =================
+++++++++++ Find New Best Min ACC +++++++++++
The acc is 0.9094, 0.9056, 0.9104
Time Consumption for one epoch is 42.73146843910217s
======================================= Epoch 9 =======================================
================= Test Set =================
The acc is 0.9094, 0.9056, 0.9104
Time Consumption for one epoch is 43.07557010650635s
======================================= Epoch 10 =======================================
================= Test Set =================
The acc is 0.9094, 0.9056, 0.9104
Time Consumption for one epoch is 42.314635276794434s
======================================= Epoch 11 =======================================
================= Test Set =================
The acc is 0.9094, 0.9056, 0.9104
Time Consumption for one epoch is 42.19157314300537s
======================================= Epoch 12 =======================================
================= Test Set =================
The acc is 0.9094, 0.9056, 0.9104
Time Consumption for one epoch is 41.09235453605652s
======================================= Epoch 13 =======================================
================= Test Set =================
The acc is 0.9094, 0.9056, 0.9104
Time Consumption for one epoch is 44.2704131603241s
======================================= Epoch 14 =======================================
================= Test Set =================
The acc is 0.9094, 0.9056, 0.9104
Time Consumption for one epoch is 41.7011399269104s
======================================= Epoch 15 =======================================
================= Test Set =================
The acc is 0.9094, 0.9056, 0.9104
Time Consumption for one epoch is 42.75434160232544s
======================================= Epoch 16 =======================================
================= Test Set =================
+++++++++++ Find New Best Min ACC +++++++++++
The acc is 0.9133, 0.8861, 0.9201
Time Consumption for one epoch is 43.59308862686157s
======================================= Epoch 17 =======================================
================= Test Set =================
+++++++++++ Find New Best Min ACC +++++++++++
The acc is 0.9144, 0.9028, 0.9174
Time Consumption for one epoch is 43.562647342681885s
======================================= Epoch 18 =======================================
================= Test Set =================
+++++++++++ Find New Best Min ACC +++++++++++
The acc is 0.9150, 0.8944, 0.9201
Time Consumption for one epoch is 42.61064887046814s
======================================= Epoch 19 =======================================
================= Test Set =================
The acc is 0.9150, 0.8944, 0.9201
Time Consumption for one epoch is 42.13450646400452s
The final acc is 0.9150, 0.8944, 0.9201
