Namespace(data_dir='/data/yihua/dataset/celeba/celeba.hdf5', result_dir='results', checkpoint=None, resume=False, domain_attrs='Male', target_attrs='Blond_Hair', exp_name=None, batch_size=512, lr=0.0001, wd=2e-05, epochs=20, seed=42, num_workers=8, arch='resnet9', evaluate=False, gv=0.25, gr=0.5)
======================================= Epoch 0 =======================================
================= Test Set =================
+++++++++++ Find New Best Min ACC +++++++++++
The acc is 0.8200, 0.7944, 0.8264
Time Consumption for one epoch is 29.48606038093567s
======================================= Epoch 1 =======================================
================= Test Set =================
+++++++++++ Find New Best Min ACC +++++++++++
The acc is 0.8728, 0.8278, 0.8840
Time Consumption for one epoch is 27.520981311798096s
======================================= Epoch 2 =======================================
================= Test Set =================
+++++++++++ Find New Best Min ACC +++++++++++
The acc is 0.8839, 0.8278, 0.8979
Time Consumption for one epoch is 26.559348344802856s
======================================= Epoch 3 =======================================
================= Test Set =================
+++++++++++ Find New Best Min ACC +++++++++++
The acc is 0.8950, 0.8417, 0.9083
Time Consumption for one epoch is 26.70841956138611s
======================================= Epoch 4 =======================================
================= Test Set =================
The acc is 0.8950, 0.8417, 0.9083
Time Consumption for one epoch is 27.146313428878784s
======================================= Epoch 5 =======================================
================= Test Set =================
+++++++++++ Find New Best Min ACC +++++++++++
The acc is 0.9044, 0.8694, 0.9132
Time Consumption for one epoch is 26.35901141166687s
======================================= Epoch 6 =======================================
================= Test Set =================
The acc is 0.9044, 0.8694, 0.9132
Time Consumption for one epoch is 26.657386779785156s
======================================= Epoch 7 =======================================
================= Test Set =================
+++++++++++ Find New Best Min ACC +++++++++++
The acc is 0.9056, 0.8667, 0.9153
Time Consumption for one epoch is 26.830230474472046s
======================================= Epoch 8 =======================================
================= Test Set =================
The acc is 0.9056, 0.8667, 0.9153
Time Consumption for one epoch is 24.37181544303894s
======================================= Epoch 9 =======================================
================= Test Set =================
+++++++++++ Find New Best Min ACC +++++++++++
The acc is 0.9167, 0.9056, 0.9194
Time Consumption for one epoch is 25.385483264923096s
======================================= Epoch 10 =======================================
================= Test Set =================
The acc is 0.9167, 0.9056, 0.9194
Time Consumption for one epoch is 25.419233083724976s
======================================= Epoch 11 =======================================
================= Test Set =================
The acc is 0.9167, 0.9056, 0.9194
Time Consumption for one epoch is 25.466245651245117s
======================================= Epoch 12 =======================================
================= Test Set =================
The acc is 0.9167, 0.9056, 0.9194
Time Consumption for one epoch is 26.1082181930542s
======================================= Epoch 13 =======================================
================= Test Set =================
+++++++++++ Find New Best Min ACC +++++++++++
The acc is 0.9189, 0.9111, 0.9208
Time Consumption for one epoch is 25.479456424713135s
======================================= Epoch 14 =======================================
================= Test Set =================
The acc is 0.9189, 0.9111, 0.9208
Time Consumption for one epoch is 25.78673815727234s
======================================= Epoch 15 =======================================
================= Test Set =================
The acc is 0.9189, 0.9111, 0.9208
Time Consumption for one epoch is 26.46963143348694s
======================================= Epoch 16 =======================================
================= Test Set =================
The acc is 0.9189, 0.9111, 0.9208
Time Consumption for one epoch is 25.521981477737427s
======================================= Epoch 17 =======================================
================= Test Set =================
The acc is 0.9189, 0.9111, 0.9208
Time Consumption for one epoch is 24.738271951675415s
======================================= Epoch 18 =======================================
================= Test Set =================
The acc is 0.9189, 0.9111, 0.9208
Time Consumption for one epoch is 27.21768593788147s
======================================= Epoch 19 =======================================
================= Test Set =================
+++++++++++ Find New Best Min ACC +++++++++++
The acc is 0.9200, 0.9056, 0.9236
Time Consumption for one epoch is 26.87718439102173s
The final acc is 0.9200, 0.9056, 0.9236
