Namespace(data_dir='/data/yihua/dataset/celeba/celeba.hdf5', result_dir='crop_study', checkpoint=None, resume=False, domain_attrs='Male', target_attrs='Blond_Hair', exp_name=None, batch_size=512, lr=0.0001, wd=2e-05, epochs=20, seed=2021, num_workers=8, arch='resnet18', evaluate=False, total_num=5000, test_num=1000, gv=120.0, gr=0.5, minor_ratio=0.2, add_aug='crop')
======================================= Epoch 0 =======================================
================= Test Set =================
+++++++++++ Find New Best Min ACC +++++++++++
The acc is 0.6043, 0.6000, 0.6080
Time Consumption for one epoch is 23.134786128997803s
======================================= Epoch 1 =======================================
================= Test Set =================
The acc is 0.6043, 0.6000, 0.6080
Time Consumption for one epoch is 21.76508092880249s
======================================= Epoch 2 =======================================
================= Test Set =================
The acc is 0.6043, 0.6000, 0.6080
Time Consumption for one epoch is 20.66917657852173s
======================================= Epoch 3 =======================================
================= Test Set =================
The acc is 0.6043, 0.6000, 0.6080
Time Consumption for one epoch is 20.538227081298828s
======================================= Epoch 4 =======================================
================= Test Set =================
+++++++++++ Find New Best Min ACC +++++++++++
The acc is 0.6892, 0.6884, 0.6900
Time Consumption for one epoch is 20.838294506072998s
======================================= Epoch 5 =======================================
================= Test Set =================
+++++++++++ Find New Best Min ACC +++++++++++
The acc is 0.8452, 0.8209, 0.8660
Time Consumption for one epoch is 20.210002660751343s
======================================= Epoch 6 =======================================
================= Test Set =================
+++++++++++ Find New Best Min ACC +++++++++++
The acc is 0.8473, 0.8140, 0.8760
Time Consumption for one epoch is 20.117115020751953s
======================================= Epoch 7 =======================================
================= Test Set =================
The acc is 0.8473, 0.8140, 0.8760
Time Consumption for one epoch is 21.4056453704834s
======================================= Epoch 8 =======================================
================= Test Set =================
The acc is 0.8473, 0.8140, 0.8760
Time Consumption for one epoch is 21.124155521392822s
======================================= Epoch 9 =======================================
================= Test Set =================
+++++++++++ Find New Best Min ACC +++++++++++
The acc is 0.8677, 0.8442, 0.8880
Time Consumption for one epoch is 20.251789569854736s
======================================= Epoch 10 =======================================
================= Test Set =================
+++++++++++ Find New Best Min ACC +++++++++++
The acc is 0.8806, 0.8698, 0.8900
Time Consumption for one epoch is 20.755935430526733s
======================================= Epoch 11 =======================================
================= Test Set =================
The acc is 0.8806, 0.8698, 0.8900
Time Consumption for one epoch is 22.575438976287842s
======================================= Epoch 12 =======================================
================= Test Set =================
+++++++++++ Find New Best Min ACC +++++++++++
The acc is 0.8817, 0.8721, 0.8900
Time Consumption for one epoch is 20.955843925476074s
======================================= Epoch 13 =======================================
================= Test Set =================
The acc is 0.8817, 0.8721, 0.8900
Time Consumption for one epoch is 19.85502862930298s
======================================= Epoch 14 =======================================
================= Test Set =================
The acc is 0.8817, 0.8721, 0.8900
Time Consumption for one epoch is 21.80787444114685s
======================================= Epoch 15 =======================================
================= Test Set =================
The acc is 0.8817, 0.8721, 0.8900
Time Consumption for one epoch is 21.2105131149292s
======================================= Epoch 16 =======================================
================= Test Set =================
+++++++++++ Find New Best Min ACC +++++++++++
The acc is 0.8882, 0.8814, 0.8940
Time Consumption for one epoch is 21.433024168014526s
======================================= Epoch 17 =======================================
================= Test Set =================
+++++++++++ Find New Best Min ACC +++++++++++
The acc is 0.9011, 0.8884, 0.9120
Time Consumption for one epoch is 21.92764115333557s
======================================= Epoch 18 =======================================
================= Test Set =================
The acc is 0.9011, 0.8884, 0.9120
Time Consumption for one epoch is 22.736949920654297s
======================================= Epoch 19 =======================================
================= Test Set =================
The acc is 0.9011, 0.8884, 0.9120
Time Consumption for one epoch is 21.626437664031982s
The final acc is 0.9011, 0.8884, 0.9120
