Namespace(data_dir='/data/yihua/dataset/celeba/celeba.hdf5', result_dir='results', checkpoint=None, resume=False, domain_attrs='Male', target_attrs='Blond_Hair', exp_name=None, batch_size=512, lr=0.0001, wd=2e-05, epochs=20, seed=2021, num_workers=8, arch='resnet9', evaluate=False, gv=0.45, gr=0.5)
======================================= Epoch 0 =======================================
================= Test Set =================
+++++++++++ Find New Best Min ACC +++++++++++
The acc is 0.8494, 0.8083, 0.8597
Time Consumption for one epoch is 28.196101665496826s
======================================= Epoch 1 =======================================
================= Test Set =================
+++++++++++ Find New Best Min ACC +++++++++++
The acc is 0.8806, 0.8583, 0.8861
Time Consumption for one epoch is 25.128986120224s
======================================= Epoch 2 =======================================
================= Test Set =================
The acc is 0.8806, 0.8583, 0.8861
Time Consumption for one epoch is 25.492650508880615s
======================================= Epoch 3 =======================================
================= Test Set =================
+++++++++++ Find New Best Min ACC +++++++++++
The acc is 0.8917, 0.8333, 0.9062
Time Consumption for one epoch is 26.525229454040527s
======================================= Epoch 4 =======================================
================= Test Set =================
+++++++++++ Find New Best Min ACC +++++++++++
The acc is 0.9022, 0.8722, 0.9097
Time Consumption for one epoch is 25.377479314804077s
======================================= Epoch 5 =======================================
================= Test Set =================
+++++++++++ Find New Best Min ACC +++++++++++
The acc is 0.9133, 0.8944, 0.9181
Time Consumption for one epoch is 26.202425479888916s
======================================= Epoch 6 =======================================
================= Test Set =================
The acc is 0.9133, 0.8944, 0.9181
Time Consumption for one epoch is 24.811201095581055s
======================================= Epoch 7 =======================================
================= Test Set =================
The acc is 0.9133, 0.8944, 0.9181
Time Consumption for one epoch is 27.16717505455017s
======================================= Epoch 8 =======================================
================= Test Set =================
+++++++++++ Find New Best Min ACC +++++++++++
The acc is 0.9172, 0.9111, 0.9187
Time Consumption for one epoch is 25.28867483139038s
======================================= Epoch 9 =======================================
================= Test Set =================
The acc is 0.9172, 0.9111, 0.9187
Time Consumption for one epoch is 24.47781229019165s
======================================= Epoch 10 =======================================
================= Test Set =================
The acc is 0.9172, 0.9111, 0.9187
Time Consumption for one epoch is 24.421088457107544s
======================================= Epoch 11 =======================================
================= Test Set =================
The acc is 0.9172, 0.9111, 0.9187
Time Consumption for one epoch is 24.504311561584473s
======================================= Epoch 12 =======================================
================= Test Set =================
The acc is 0.9172, 0.9111, 0.9187
Time Consumption for one epoch is 23.923405647277832s
======================================= Epoch 13 =======================================
================= Test Set =================
The acc is 0.9172, 0.9111, 0.9187
Time Consumption for one epoch is 25.86139440536499s
======================================= Epoch 14 =======================================
================= Test Set =================
The acc is 0.9172, 0.9111, 0.9187
Time Consumption for one epoch is 25.618157386779785s
======================================= Epoch 15 =======================================
================= Test Set =================
The acc is 0.9172, 0.9111, 0.9187
Time Consumption for one epoch is 25.75674057006836s
======================================= Epoch 16 =======================================
================= Test Set =================
The acc is 0.9172, 0.9111, 0.9187
Time Consumption for one epoch is 24.933790683746338s
======================================= Epoch 17 =======================================
================= Test Set =================
The acc is 0.9172, 0.9111, 0.9187
Time Consumption for one epoch is 25.852493047714233s
======================================= Epoch 18 =======================================
================= Test Set =================
The acc is 0.9172, 0.9111, 0.9187
Time Consumption for one epoch is 24.84147572517395s
======================================= Epoch 19 =======================================
================= Test Set =================
The acc is 0.9172, 0.9111, 0.9187
Time Consumption for one epoch is 26.20866847038269s
The final acc is 0.9172, 0.9111, 0.9187
