Namespace(data_dir='/data/yihua/dataset/celeba/celeba.hdf5', result_dir='rotation_study', checkpoint=None, resume=False, domain_attrs='Male', target_attrs='Blond_Hair', exp_name=None, batch_size=512, lr=0.0001, wd=2e-05, epochs=20, seed=2021, num_workers=8, arch='resnet9', evaluate=False, total_num=5000, test_num=1000, gv=0.0, gr=0.5, minor_ratio=0.2, add_aug='rotation')
======================================= Epoch 0 =======================================
================= Test Set =================
+++++++++++ Find New Best Min ACC +++++++++++
The acc is 0.4624, 0.4186, 0.5000
Time Consumption for one epoch is 16.208651065826416s
======================================= Epoch 1 =======================================
================= Test Set =================
The acc is 0.4624, 0.4186, 0.5000
Time Consumption for one epoch is 14.038975954055786s
======================================= Epoch 2 =======================================
================= Test Set =================
+++++++++++ Find New Best Min ACC +++++++++++
The acc is 0.6957, 0.6907, 0.7000
Time Consumption for one epoch is 15.002570390701294s
======================================= Epoch 3 =======================================
================= Test Set =================
The acc is 0.6957, 0.6907, 0.7000
Time Consumption for one epoch is 14.21390962600708s
======================================= Epoch 4 =======================================
================= Test Set =================
+++++++++++ Find New Best Min ACC +++++++++++
The acc is 0.8495, 0.8372, 0.8600
Time Consumption for one epoch is 14.649412155151367s
======================================= Epoch 5 =======================================
================= Test Set =================
+++++++++++ Find New Best Min ACC +++++++++++
The acc is 0.8699, 0.8512, 0.8860
Time Consumption for one epoch is 14.90989875793457s
======================================= Epoch 6 =======================================
================= Test Set =================
The acc is 0.8699, 0.8512, 0.8860
Time Consumption for one epoch is 14.988941192626953s
======================================= Epoch 7 =======================================
================= Test Set =================
The acc is 0.8699, 0.8512, 0.8860
Time Consumption for one epoch is 15.355501890182495s
======================================= Epoch 8 =======================================
================= Test Set =================
+++++++++++ Find New Best Min ACC +++++++++++
The acc is 0.8720, 0.8465, 0.8940
Time Consumption for one epoch is 15.320915222167969s
======================================= Epoch 9 =======================================
================= Test Set =================
The acc is 0.8720, 0.8465, 0.8940
Time Consumption for one epoch is 15.277716636657715s
======================================= Epoch 10 =======================================
================= Test Set =================
+++++++++++ Find New Best Min ACC +++++++++++
The acc is 0.8903, 0.8674, 0.9100
Time Consumption for one epoch is 14.60020112991333s
======================================= Epoch 11 =======================================
================= Test Set =================
The acc is 0.8903, 0.8674, 0.9100
Time Consumption for one epoch is 15.213422060012817s
======================================= Epoch 12 =======================================
================= Test Set =================
The acc is 0.8903, 0.8674, 0.9100
Time Consumption for one epoch is 14.599763631820679s
======================================= Epoch 13 =======================================
================= Test Set =================
The acc is 0.8903, 0.8674, 0.9100
Time Consumption for one epoch is 14.833863258361816s
======================================= Epoch 14 =======================================
================= Test Set =================
+++++++++++ Find New Best Min ACC +++++++++++
The acc is 0.9011, 0.8953, 0.9060
Time Consumption for one epoch is 15.473866701126099s
======================================= Epoch 15 =======================================
================= Test Set =================
The acc is 0.9011, 0.8953, 0.9060
Time Consumption for one epoch is 14.740033864974976s
======================================= Epoch 16 =======================================
================= Test Set =================
The acc is 0.9011, 0.8953, 0.9060
Time Consumption for one epoch is 14.837050199508667s
======================================= Epoch 17 =======================================
================= Test Set =================
The acc is 0.9011, 0.8953, 0.9060
Time Consumption for one epoch is 14.75060486793518s
======================================= Epoch 18 =======================================
================= Test Set =================
The acc is 0.9011, 0.8953, 0.9060
Time Consumption for one epoch is 14.150089740753174s
======================================= Epoch 19 =======================================
================= Test Set =================
The acc is 0.9011, 0.8953, 0.9060
Time Consumption for one epoch is 14.952140092849731s
The final acc is 0.9011, 0.8953, 0.9060
