Namespace(data_dir='/data/yihua/dataset/celeba/celeba.hdf5', result_dir='results', checkpoint=None, resume=False, domain_attrs='Male', target_attrs='Heavy_Makeup', exp_name=None, batch_size=512, lr=0.0001, wd=2e-05, epochs=20, seed=2022, num_workers=8, arch='resnet9', evaluate=False, gv=0.01, gr=0.5)
======================================= Epoch 0 =======================================
================= Test Set =================
+++++++++++ Find New Best Min ACC +++++++++++
The acc is 0.5000, 0.5000, 0.5000
Time Consumption for one epoch is 9.314651489257812s
======================================= Epoch 1 =======================================
================= Test Set =================
The acc is 0.5000, 0.5000, 0.5000
Time Consumption for one epoch is 9.089343547821045s
======================================= Epoch 2 =======================================
================= Test Set =================
+++++++++++ Find New Best Min ACC +++++++++++
The acc is 0.5364, 0.5000, 0.5455
Time Consumption for one epoch is 10.032729864120483s
======================================= Epoch 3 =======================================
================= Test Set =================
The acc is 0.5364, 0.5000, 0.5455
Time Consumption for one epoch is 8.091863870620728s
======================================= Epoch 4 =======================================
================= Test Set =================
The acc is 0.5364, 0.5000, 0.5455
Time Consumption for one epoch is 9.442513465881348s
======================================= Epoch 5 =======================================
================= Test Set =================
The acc is 0.5364, 0.5000, 0.5455
Time Consumption for one epoch is 9.683740854263306s
======================================= Epoch 6 =======================================
================= Test Set =================
The acc is 0.5364, 0.5000, 0.5455
Time Consumption for one epoch is 8.370840311050415s
======================================= Epoch 7 =======================================
================= Test Set =================
The acc is 0.5364, 0.5000, 0.5455
Time Consumption for one epoch is 8.757674217224121s
======================================= Epoch 8 =======================================
================= Test Set =================
+++++++++++ Find New Best Min ACC +++++++++++
The acc is 0.6500, 0.5682, 0.6705
Time Consumption for one epoch is 10.31914234161377s
======================================= Epoch 9 =======================================
================= Test Set =================
The acc is 0.6500, 0.5682, 0.6705
Time Consumption for one epoch is 8.522907733917236s
======================================= Epoch 10 =======================================
================= Test Set =================
The acc is 0.6500, 0.5682, 0.6705
Time Consumption for one epoch is 10.51977801322937s
======================================= Epoch 11 =======================================
================= Test Set =================
+++++++++++ Find New Best Min ACC +++++++++++
The acc is 0.6864, 0.5682, 0.7159
Time Consumption for one epoch is 8.959721803665161s
======================================= Epoch 12 =======================================
================= Test Set =================
The acc is 0.6864, 0.5682, 0.7159
Time Consumption for one epoch is 8.508291482925415s
======================================= Epoch 13 =======================================
================= Test Set =================
The acc is 0.6864, 0.5682, 0.7159
Time Consumption for one epoch is 9.302759647369385s
======================================= Epoch 14 =======================================
================= Test Set =================
The acc is 0.6864, 0.5682, 0.7159
Time Consumption for one epoch is 9.537223100662231s
======================================= Epoch 15 =======================================
================= Test Set =================
The acc is 0.6864, 0.5682, 0.7159
Time Consumption for one epoch is 7.88072657585144s
======================================= Epoch 16 =======================================
================= Test Set =================
+++++++++++ Find New Best Min ACC +++++++++++
The acc is 0.7091, 0.6364, 0.7273
Time Consumption for one epoch is 9.694986820220947s
======================================= Epoch 17 =======================================
================= Test Set =================
+++++++++++ Find New Best Min ACC +++++++++++
The acc is 0.7227, 0.6818, 0.7330
Time Consumption for one epoch is 8.603570938110352s
======================================= Epoch 18 =======================================
================= Test Set =================
The acc is 0.7227, 0.6818, 0.7330
Time Consumption for one epoch is 8.524481296539307s
======================================= Epoch 19 =======================================
================= Test Set =================
The acc is 0.7227, 0.6818, 0.7330
Time Consumption for one epoch is 8.344562292098999s
The final acc is 0.7227, 0.6818, 0.7330
