Namespace(data_dir='/data/yihua/dataset/celeba/celeba.hdf5', result_dir='rotation_study', checkpoint=None, resume=False, domain_attrs='Male', target_attrs='Blond_Hair', exp_name=None, batch_size=512, lr=0.0001, wd=2e-05, epochs=20, seed=2021, num_workers=8, arch='resnet18', evaluate=False, total_num=5000, test_num=1000, gv=90.0, gr=0.3, minor_ratio=0.2, add_aug='rotation')
======================================= Epoch 0 =======================================
================= Test Set =================
+++++++++++ Find New Best Min ACC +++++++++++
The acc is 0.4624, 0.4186, 0.5000
Time Consumption for one epoch is 22.197361946105957s
======================================= Epoch 1 =======================================
================= Test Set =================
+++++++++++ Find New Best Min ACC +++++++++++
The acc is 0.5376, 0.5814, 0.5000
Time Consumption for one epoch is 20.26149296760559s
======================================= Epoch 2 =======================================
================= Test Set =================
The acc is 0.5376, 0.5814, 0.5000
Time Consumption for one epoch is 20.716179132461548s
======================================= Epoch 3 =======================================
================= Test Set =================
The acc is 0.5376, 0.5814, 0.5000
Time Consumption for one epoch is 20.616854667663574s
======================================= Epoch 4 =======================================
================= Test Set =================
+++++++++++ Find New Best Min ACC +++++++++++
The acc is 0.7323, 0.7395, 0.7260
Time Consumption for one epoch is 20.778439044952393s
======================================= Epoch 5 =======================================
================= Test Set =================
+++++++++++ Find New Best Min ACC +++++++++++
The acc is 0.8409, 0.8140, 0.8640
Time Consumption for one epoch is 20.445333003997803s
======================================= Epoch 6 =======================================
================= Test Set =================
+++++++++++ Find New Best Min ACC +++++++++++
The acc is 0.8591, 0.8512, 0.8660
Time Consumption for one epoch is 20.16064715385437s
======================================= Epoch 7 =======================================
================= Test Set =================
+++++++++++ Find New Best Min ACC +++++++++++
The acc is 0.8677, 0.8442, 0.8880
Time Consumption for one epoch is 21.354971647262573s
======================================= Epoch 8 =======================================
================= Test Set =================
+++++++++++ Find New Best Min ACC +++++++++++
The acc is 0.8763, 0.8535, 0.8960
Time Consumption for one epoch is 22.203193187713623s
======================================= Epoch 9 =======================================
================= Test Set =================
The acc is 0.8763, 0.8535, 0.8960
Time Consumption for one epoch is 21.378532648086548s
======================================= Epoch 10 =======================================
================= Test Set =================
The acc is 0.8763, 0.8535, 0.8960
Time Consumption for one epoch is 20.605725526809692s
======================================= Epoch 11 =======================================
================= Test Set =================
The acc is 0.8763, 0.8535, 0.8960
Time Consumption for one epoch is 20.117233753204346s
======================================= Epoch 12 =======================================
================= Test Set =================
+++++++++++ Find New Best Min ACC +++++++++++
The acc is 0.8806, 0.8581, 0.9000
Time Consumption for one epoch is 21.40374517440796s
======================================= Epoch 13 =======================================
================= Test Set =================
The acc is 0.8806, 0.8581, 0.9000
Time Consumption for one epoch is 20.014349937438965s
======================================= Epoch 14 =======================================
================= Test Set =================
The acc is 0.8806, 0.8581, 0.9000
Time Consumption for one epoch is 21.192800283432007s
======================================= Epoch 15 =======================================
================= Test Set =================
The acc is 0.8806, 0.8581, 0.9000
Time Consumption for one epoch is 19.562098741531372s
======================================= Epoch 16 =======================================
================= Test Set =================
+++++++++++ Find New Best Min ACC +++++++++++
The acc is 0.8957, 0.8791, 0.9100
Time Consumption for one epoch is 20.63817572593689s
======================================= Epoch 17 =======================================
================= Test Set =================
The acc is 0.8957, 0.8791, 0.9100
Time Consumption for one epoch is 20.167014837265015s
======================================= Epoch 18 =======================================
================= Test Set =================
The acc is 0.8957, 0.8791, 0.9100
Time Consumption for one epoch is 20.555203914642334s
======================================= Epoch 19 =======================================
================= Test Set =================
The acc is 0.8957, 0.8791, 0.9100
Time Consumption for one epoch is 20.14209532737732s
The final acc is 0.8957, 0.8791, 0.9100
