Namespace(data_dir='/data/yihua/dataset/celeba/celeba.hdf5', result_dir='results', checkpoint=None, resume=False, domain_attrs='Male', target_attrs='Heavy_Makeup', exp_name=None, batch_size=512, lr=0.0001, wd=2e-05, epochs=20, seed=2024, num_workers=8, arch='resnet9', evaluate=False, gv=0.1, gr=0.5)
======================================= Epoch 0 =======================================
================= Test Set =================
+++++++++++ Find New Best Min ACC +++++++++++
The acc is 0.5000, 0.5000, 0.5000
Time Consumption for one epoch is 9.975122690200806s
======================================= Epoch 1 =======================================
================= Test Set =================
+++++++++++ Find New Best Min ACC +++++++++++
The acc is 0.5273, 0.4773, 0.5398
Time Consumption for one epoch is 9.55570673942566s
======================================= Epoch 2 =======================================
================= Test Set =================
The acc is 0.5273, 0.4773, 0.5398
Time Consumption for one epoch is 8.807766199111938s
======================================= Epoch 3 =======================================
================= Test Set =================
The acc is 0.5273, 0.4773, 0.5398
Time Consumption for one epoch is 7.911334037780762s
======================================= Epoch 4 =======================================
================= Test Set =================
The acc is 0.5273, 0.4773, 0.5398
Time Consumption for one epoch is 8.993605375289917s
======================================= Epoch 5 =======================================
================= Test Set =================
The acc is 0.5273, 0.4773, 0.5398
Time Consumption for one epoch is 8.798211097717285s
======================================= Epoch 6 =======================================
================= Test Set =================
The acc is 0.5273, 0.4773, 0.5398
Time Consumption for one epoch is 9.178887605667114s
======================================= Epoch 7 =======================================
================= Test Set =================
The acc is 0.5273, 0.4773, 0.5398
Time Consumption for one epoch is 8.639110803604126s
======================================= Epoch 8 =======================================
================= Test Set =================
+++++++++++ Find New Best Min ACC +++++++++++
The acc is 0.5636, 0.5227, 0.5739
Time Consumption for one epoch is 8.854503154754639s
======================================= Epoch 9 =======================================
================= Test Set =================
+++++++++++ Find New Best Min ACC +++++++++++
The acc is 0.6500, 0.5682, 0.6705
Time Consumption for one epoch is 9.177711009979248s
======================================= Epoch 10 =======================================
================= Test Set =================
The acc is 0.6500, 0.5682, 0.6705
Time Consumption for one epoch is 9.723364353179932s
======================================= Epoch 11 =======================================
================= Test Set =================
The acc is 0.6500, 0.5682, 0.6705
Time Consumption for one epoch is 8.539472579956055s
======================================= Epoch 12 =======================================
================= Test Set =================
The acc is 0.6500, 0.5682, 0.6705
Time Consumption for one epoch is 8.4397451877594s
======================================= Epoch 13 =======================================
================= Test Set =================
+++++++++++ Find New Best Min ACC +++++++++++
The acc is 0.6727, 0.6136, 0.6875
Time Consumption for one epoch is 9.059568881988525s
======================================= Epoch 14 =======================================
================= Test Set =================
The acc is 0.6727, 0.6136, 0.6875
Time Consumption for one epoch is 8.969854593276978s
======================================= Epoch 15 =======================================
================= Test Set =================
The acc is 0.6727, 0.6136, 0.6875
Time Consumption for one epoch is 9.181467771530151s
======================================= Epoch 16 =======================================
================= Test Set =================
+++++++++++ Find New Best Min ACC +++++++++++
The acc is 0.6955, 0.5909, 0.7216
Time Consumption for one epoch is 8.69975233078003s
======================================= Epoch 17 =======================================
================= Test Set =================
The acc is 0.6955, 0.5909, 0.7216
Time Consumption for one epoch is 8.2387375831604s
======================================= Epoch 18 =======================================
================= Test Set =================
The acc is 0.6955, 0.5909, 0.7216
Time Consumption for one epoch is 7.883420944213867s
======================================= Epoch 19 =======================================
================= Test Set =================
The acc is 0.6955, 0.5909, 0.7216
Time Consumption for one epoch is 9.154764413833618s
The final acc is 0.6955, 0.5909, 0.7216
