Namespace(data_dir='/data/yihua/dataset/celeba/celeba.hdf5', result_dir='crop_study', checkpoint=None, resume=False, domain_attrs='Male', target_attrs='Blond_Hair', exp_name=None, batch_size=512, lr=0.0001, wd=2e-05, epochs=20, seed=2020, num_workers=8, arch='resnet18', evaluate=False, total_num=5000, test_num=1000, gv=200.0, gr=0.3, minor_ratio=0.2, add_aug='crop')
======================================= Epoch 0 =======================================
================= Test Set =================
+++++++++++ Find New Best Min ACC +++++++++++
The acc is 0.4624, 0.4186, 0.5000
Time Consumption for one epoch is 21.654484272003174s
======================================= Epoch 1 =======================================
================= Test Set =================
+++++++++++ Find New Best Min ACC +++++++++++
The acc is 0.5161, 0.5535, 0.4840
Time Consumption for one epoch is 20.01734972000122s
======================================= Epoch 2 =======================================
================= Test Set =================
+++++++++++ Find New Best Min ACC +++++++++++
The acc is 0.6022, 0.6256, 0.5820
Time Consumption for one epoch is 19.747206211090088s
======================================= Epoch 3 =======================================
================= Test Set =================
The acc is 0.6022, 0.6256, 0.5820
Time Consumption for one epoch is 19.8233003616333s
======================================= Epoch 4 =======================================
================= Test Set =================
+++++++++++ Find New Best Min ACC +++++++++++
The acc is 0.6075, 0.6163, 0.6000
Time Consumption for one epoch is 19.77216076850891s
======================================= Epoch 5 =======================================
================= Test Set =================
+++++++++++ Find New Best Min ACC +++++++++++
The acc is 0.8570, 0.8395, 0.8720
Time Consumption for one epoch is 20.59654927253723s
======================================= Epoch 6 =======================================
================= Test Set =================
+++++++++++ Find New Best Min ACC +++++++++++
The acc is 0.8602, 0.8372, 0.8800
Time Consumption for one epoch is 19.54052495956421s
======================================= Epoch 7 =======================================
================= Test Set =================
The acc is 0.8602, 0.8372, 0.8800
Time Consumption for one epoch is 20.391727447509766s
======================================= Epoch 8 =======================================
================= Test Set =================
+++++++++++ Find New Best Min ACC +++++++++++
The acc is 0.8860, 0.8605, 0.9080
Time Consumption for one epoch is 21.762858152389526s
======================================= Epoch 9 =======================================
================= Test Set =================
The acc is 0.8860, 0.8605, 0.9080
Time Consumption for one epoch is 20.476803064346313s
======================================= Epoch 10 =======================================
================= Test Set =================
The acc is 0.8860, 0.8605, 0.9080
Time Consumption for one epoch is 20.13886785507202s
======================================= Epoch 11 =======================================
================= Test Set =================
The acc is 0.8860, 0.8605, 0.9080
Time Consumption for one epoch is 21.008276224136353s
======================================= Epoch 12 =======================================
================= Test Set =================
The acc is 0.8860, 0.8605, 0.9080
Time Consumption for one epoch is 20.70352602005005s
======================================= Epoch 13 =======================================
================= Test Set =================
The acc is 0.8860, 0.8605, 0.9080
Time Consumption for one epoch is 21.878438472747803s
======================================= Epoch 14 =======================================
================= Test Set =================
The acc is 0.8860, 0.8605, 0.9080
Time Consumption for one epoch is 20.771029472351074s
======================================= Epoch 15 =======================================
================= Test Set =================
The acc is 0.8860, 0.8605, 0.9080
Time Consumption for one epoch is 20.35174822807312s
======================================= Epoch 16 =======================================
================= Test Set =================
The acc is 0.8860, 0.8605, 0.9080
Time Consumption for one epoch is 19.535397052764893s
======================================= Epoch 17 =======================================
================= Test Set =================
+++++++++++ Find New Best Min ACC +++++++++++
The acc is 0.8882, 0.8767, 0.8980
Time Consumption for one epoch is 21.036882400512695s
======================================= Epoch 18 =======================================
================= Test Set =================
+++++++++++ Find New Best Min ACC +++++++++++
The acc is 0.8925, 0.8767, 0.9060
Time Consumption for one epoch is 22.967377185821533s
======================================= Epoch 19 =======================================
================= Test Set =================
+++++++++++ Find New Best Min ACC +++++++++++
The acc is 0.8935, 0.8767, 0.9080
Time Consumption for one epoch is 21.301151275634766s
The final acc is 0.8935, 0.8767, 0.9080
