Namespace(data_dir='/data/yihua/dataset/celeba/celeba.hdf5', result_dir='results', checkpoint=None, resume=False, domain_attrs='Male', target_attrs='High_Cheekbones', exp_name=None, batch_size=512, lr=0.0001, wd=2e-05, epochs=20, seed=2022, num_workers=8, arch='resnet9', evaluate=False, gv=0.1, gr=0.5)
======================================= Epoch 0 =======================================
================= Test Set =================
+++++++++++ Find New Best Min ACC +++++++++++
The acc is 0.8450, 0.8027, 0.8556
Time Consumption for one epoch is 147.79271006584167s
======================================= Epoch 1 =======================================
================= Test Set =================
+++++++++++ Find New Best Min ACC +++++++++++
The acc is 0.8540, 0.8196, 0.8626
Time Consumption for one epoch is 144.27755117416382s
======================================= Epoch 2 =======================================
================= Test Set =================
The acc is 0.8540, 0.8196, 0.8626
Time Consumption for one epoch is 142.3255136013031s
======================================= Epoch 3 =======================================
================= Test Set =================
+++++++++++ Find New Best Min ACC +++++++++++
The acc is 0.8696, 0.8188, 0.8823
Time Consumption for one epoch is 144.2835922241211s
======================================= Epoch 4 =======================================
================= Test Set =================
The acc is 0.8696, 0.8188, 0.8823
Time Consumption for one epoch is 141.86952018737793s
======================================= Epoch 5 =======================================
================= Test Set =================
The acc is 0.8696, 0.8188, 0.8823
Time Consumption for one epoch is 143.13192534446716s
======================================= Epoch 6 =======================================
================= Test Set =================
+++++++++++ Find New Best Min ACC +++++++++++
The acc is 0.8726, 0.8292, 0.8834
Time Consumption for one epoch is 145.00325179100037s
======================================= Epoch 7 =======================================
================= Test Set =================
+++++++++++ Find New Best Min ACC +++++++++++
The acc is 0.8740, 0.8280, 0.8855
Time Consumption for one epoch is 141.62817645072937s
======================================= Epoch 8 =======================================
================= Test Set =================
The acc is 0.8740, 0.8280, 0.8855
Time Consumption for one epoch is 143.02319860458374s
======================================= Epoch 9 =======================================
================= Test Set =================
The acc is 0.8740, 0.8280, 0.8855
Time Consumption for one epoch is 145.3727843761444s
======================================= Epoch 10 =======================================
================= Test Set =================
The acc is 0.8740, 0.8280, 0.8855
Time Consumption for one epoch is 143.61729264259338s
======================================= Epoch 11 =======================================
================= Test Set =================
The acc is 0.8740, 0.8280, 0.8855
Time Consumption for one epoch is 142.03244256973267s
======================================= Epoch 12 =======================================
================= Test Set =================
+++++++++++ Find New Best Min ACC +++++++++++
The acc is 0.8748, 0.8368, 0.8842
Time Consumption for one epoch is 144.3880898952484s
======================================= Epoch 13 =======================================
================= Test Set =================
+++++++++++ Find New Best Min ACC +++++++++++
The acc is 0.8784, 0.8380, 0.8886
Time Consumption for one epoch is 141.84208464622498s
======================================= Epoch 14 =======================================
================= Test Set =================
The acc is 0.8784, 0.8380, 0.8886
Time Consumption for one epoch is 143.1648244857788s
======================================= Epoch 15 =======================================
================= Test Set =================
The acc is 0.8784, 0.8380, 0.8886
Time Consumption for one epoch is 143.04626607894897s
======================================= Epoch 16 =======================================
================= Test Set =================
+++++++++++ Find New Best Min ACC +++++++++++
The acc is 0.8787, 0.8368, 0.8892
Time Consumption for one epoch is 142.27082514762878s
======================================= Epoch 17 =======================================
================= Test Set =================
+++++++++++ Find New Best Min ACC +++++++++++
The acc is 0.8801, 0.8376, 0.8908
Time Consumption for one epoch is 144.44935011863708s
======================================= Epoch 18 =======================================
================= Test Set =================
The acc is 0.8801, 0.8376, 0.8908
Time Consumption for one epoch is 142.95813179016113s
======================================= Epoch 19 =======================================
================= Test Set =================
+++++++++++ Find New Best Min ACC +++++++++++
The acc is 0.8802, 0.8380, 0.8908
Time Consumption for one epoch is 142.3932330608368s
The final acc is 0.8802, 0.8380, 0.8908
