Namespace(data_dir='/data/yihua/dataset/celeba/celeba.hdf5', result_dir='rotation_study', checkpoint=None, resume=False, domain_attrs='Male', target_attrs='Blond_Hair', exp_name=None, batch_size=512, lr=0.0001, wd=2e-05, epochs=20, seed=2021, num_workers=8, arch='resnet18', evaluate=False, total_num=5000, test_num=1000, gv=0.0, gr=0.3, minor_ratio=0.2, add_aug='rotation')
======================================= Epoch 0 =======================================
================= Test Set =================
+++++++++++ Find New Best Min ACC +++++++++++
The acc is 0.4806, 0.4349, 0.5200
Time Consumption for one epoch is 23.256313800811768s
======================================= Epoch 1 =======================================
================= Test Set =================
+++++++++++ Find New Best Min ACC +++++++++++
The acc is 0.5376, 0.5814, 0.5000
Time Consumption for one epoch is 20.294605255126953s
======================================= Epoch 2 =======================================
================= Test Set =================
The acc is 0.5376, 0.5814, 0.5000
Time Consumption for one epoch is 19.52195906639099s
======================================= Epoch 3 =======================================
================= Test Set =================
The acc is 0.5376, 0.5814, 0.5000
Time Consumption for one epoch is 20.014978647232056s
======================================= Epoch 4 =======================================
================= Test Set =================
+++++++++++ Find New Best Min ACC +++++++++++
The acc is 0.7151, 0.7186, 0.7120
Time Consumption for one epoch is 20.89209008216858s
======================================= Epoch 5 =======================================
================= Test Set =================
+++++++++++ Find New Best Min ACC +++++++++++
The acc is 0.8430, 0.8186, 0.8640
Time Consumption for one epoch is 20.218069791793823s
======================================= Epoch 6 =======================================
================= Test Set =================
+++++++++++ Find New Best Min ACC +++++++++++
The acc is 0.8656, 0.8488, 0.8800
Time Consumption for one epoch is 20.404263496398926s
======================================= Epoch 7 =======================================
================= Test Set =================
The acc is 0.8656, 0.8488, 0.8800
Time Consumption for one epoch is 19.950348377227783s
======================================= Epoch 8 =======================================
================= Test Set =================
The acc is 0.8656, 0.8488, 0.8800
Time Consumption for one epoch is 20.512682676315308s
======================================= Epoch 9 =======================================
================= Test Set =================
The acc is 0.8656, 0.8488, 0.8800
Time Consumption for one epoch is 21.333770751953125s
======================================= Epoch 10 =======================================
================= Test Set =================
The acc is 0.8656, 0.8488, 0.8800
Time Consumption for one epoch is 19.509511947631836s
======================================= Epoch 11 =======================================
================= Test Set =================
The acc is 0.8656, 0.8488, 0.8800
Time Consumption for one epoch is 19.446382999420166s
======================================= Epoch 12 =======================================
================= Test Set =================
The acc is 0.8656, 0.8488, 0.8800
Time Consumption for one epoch is 19.962884664535522s
======================================= Epoch 13 =======================================
================= Test Set =================
The acc is 0.8656, 0.8488, 0.8800
Time Consumption for one epoch is 19.627740621566772s
======================================= Epoch 14 =======================================
================= Test Set =================
The acc is 0.8656, 0.8488, 0.8800
Time Consumption for one epoch is 19.286997318267822s
======================================= Epoch 15 =======================================
================= Test Set =================
The acc is 0.8656, 0.8488, 0.8800
Time Consumption for one epoch is 20.806375741958618s
======================================= Epoch 16 =======================================
================= Test Set =================
+++++++++++ Find New Best Min ACC +++++++++++
The acc is 0.9000, 0.8814, 0.9160
Time Consumption for one epoch is 20.418782949447632s
======================================= Epoch 17 =======================================
================= Test Set =================
The acc is 0.9000, 0.8814, 0.9160
Time Consumption for one epoch is 20.64993166923523s
======================================= Epoch 18 =======================================
================= Test Set =================
The acc is 0.9000, 0.8814, 0.9160
Time Consumption for one epoch is 20.542784452438354s
======================================= Epoch 19 =======================================
================= Test Set =================
The acc is 0.9000, 0.8814, 0.9160
Time Consumption for one epoch is 19.577812433242798s
The final acc is 0.9000, 0.8814, 0.9160
