Namespace(data_dir='/data/yihua/dataset/celeba/celeba.hdf5', result_dir='rotation_study', checkpoint=None, resume=False, domain_attrs='Male', target_attrs='Blond_Hair', exp_name=None, batch_size=512, lr=0.0001, wd=2e-05, epochs=20, seed=2022, num_workers=8, arch='resnet9', evaluate=False, total_num=5000, test_num=1000, gv=180.0, gr=0.5, minor_ratio=0.2, add_aug='rotation')
======================================= Epoch 0 =======================================
================= Test Set =================
+++++++++++ Find New Best Min ACC +++++++++++
The acc is 0.4624, 0.4186, 0.5000
Time Consumption for one epoch is 16.322442054748535s
======================================= Epoch 1 =======================================
================= Test Set =================
The acc is 0.4624, 0.4186, 0.5000
Time Consumption for one epoch is 14.815370798110962s
======================================= Epoch 2 =======================================
================= Test Set =================
+++++++++++ Find New Best Min ACC +++++++++++
The acc is 0.6624, 0.6116, 0.7060
Time Consumption for one epoch is 14.997201204299927s
======================================= Epoch 3 =======================================
================= Test Set =================
+++++++++++ Find New Best Min ACC +++++++++++
The acc is 0.8172, 0.7977, 0.8340
Time Consumption for one epoch is 14.8419189453125s
======================================= Epoch 4 =======================================
================= Test Set =================
+++++++++++ Find New Best Min ACC +++++++++++
The acc is 0.8333, 0.8163, 0.8480
Time Consumption for one epoch is 14.585261344909668s
======================================= Epoch 5 =======================================
================= Test Set =================
+++++++++++ Find New Best Min ACC +++++++++++
The acc is 0.8763, 0.8581, 0.8920
Time Consumption for one epoch is 14.55054783821106s
======================================= Epoch 6 =======================================
================= Test Set =================
The acc is 0.8763, 0.8581, 0.8920
Time Consumption for one epoch is 13.950744867324829s
======================================= Epoch 7 =======================================
================= Test Set =================
+++++++++++ Find New Best Min ACC +++++++++++
The acc is 0.8785, 0.8605, 0.8940
Time Consumption for one epoch is 15.126558303833008s
======================================= Epoch 8 =======================================
================= Test Set =================
The acc is 0.8785, 0.8605, 0.8940
Time Consumption for one epoch is 14.65475082397461s
======================================= Epoch 9 =======================================
================= Test Set =================
The acc is 0.8785, 0.8605, 0.8940
Time Consumption for one epoch is 14.46553635597229s
======================================= Epoch 10 =======================================
================= Test Set =================
+++++++++++ Find New Best Min ACC +++++++++++
The acc is 0.8796, 0.8674, 0.8900
Time Consumption for one epoch is 15.00810980796814s
======================================= Epoch 11 =======================================
================= Test Set =================
+++++++++++ Find New Best Min ACC +++++++++++
The acc is 0.8871, 0.8767, 0.8960
Time Consumption for one epoch is 14.9752836227417s
======================================= Epoch 12 =======================================
================= Test Set =================
+++++++++++ Find New Best Min ACC +++++++++++
The acc is 0.8892, 0.8744, 0.9020
Time Consumption for one epoch is 14.978726625442505s
======================================= Epoch 13 =======================================
================= Test Set =================
The acc is 0.8892, 0.8744, 0.9020
Time Consumption for one epoch is 14.18399953842163s
======================================= Epoch 14 =======================================
================= Test Set =================
The acc is 0.8892, 0.8744, 0.9020
Time Consumption for one epoch is 14.650245189666748s
======================================= Epoch 15 =======================================
================= Test Set =================
The acc is 0.8892, 0.8744, 0.9020
Time Consumption for one epoch is 14.29096269607544s
======================================= Epoch 16 =======================================
================= Test Set =================
The acc is 0.8892, 0.8744, 0.9020
Time Consumption for one epoch is 14.80070424079895s
======================================= Epoch 17 =======================================
================= Test Set =================
+++++++++++ Find New Best Min ACC +++++++++++
The acc is 0.8968, 0.8860, 0.9060
Time Consumption for one epoch is 14.800918817520142s
======================================= Epoch 18 =======================================
================= Test Set =================
The acc is 0.8968, 0.8860, 0.9060
Time Consumption for one epoch is 14.41978645324707s
======================================= Epoch 19 =======================================
================= Test Set =================
+++++++++++ Find New Best Min ACC +++++++++++
The acc is 0.8978, 0.8860, 0.9080
Time Consumption for one epoch is 14.157950162887573s
The final acc is 0.8978, 0.8860, 0.9080
