Namespace(data_dir='/data/yihua/dataset/celeba/celeba.hdf5', result_dir='results', checkpoint=None, resume=False, domain_attrs='Male', target_attrs='High_Cheekbones', exp_name=None, batch_size=512, lr=0.0001, wd=2e-05, epochs=20, seed=42, num_workers=8, arch='resnet18', evaluate=False, gv=0.2, gr=0.1)
======================================= Epoch 0 =======================================
================= Test Set =================
+++++++++++ Find New Best Min ACC +++++++++++
The acc is 0.83, 0.80, 0.84
Time Consumption for one epoch is 261.3642978668213s
======================================= Epoch 1 =======================================
================= Test Set =================
+++++++++++ Find New Best Min ACC +++++++++++
The acc is 0.84, 0.80, 0.85
Time Consumption for one epoch is 257.7927088737488s
======================================= Epoch 2 =======================================
================= Test Set =================
+++++++++++ Find New Best Min ACC +++++++++++
The acc is 0.85, 0.80, 0.86
Time Consumption for one epoch is 258.22689294815063s
======================================= Epoch 3 =======================================
================= Test Set =================
+++++++++++ Find New Best Min ACC +++++++++++
The acc is 0.87, 0.82, 0.88
Time Consumption for one epoch is 258.3455572128296s
======================================= Epoch 4 =======================================
================= Test Set =================
The acc is 0.87, 0.82, 0.88
Time Consumption for one epoch is 257.42791080474854s
======================================= Epoch 5 =======================================
================= Test Set =================
+++++++++++ Find New Best Min ACC +++++++++++
The acc is 0.87, 0.82, 0.88
Time Consumption for one epoch is 258.1587483882904s
======================================= Epoch 6 =======================================
================= Test Set =================
The acc is 0.87, 0.82, 0.88
Time Consumption for one epoch is 257.33028531074524s
======================================= Epoch 7 =======================================
================= Test Set =================
The acc is 0.87, 0.82, 0.88
Time Consumption for one epoch is 257.9234983921051s
======================================= Epoch 8 =======================================
================= Test Set =================
The acc is 0.87, 0.82, 0.88
Time Consumption for one epoch is 256.615109205246s
======================================= Epoch 9 =======================================
================= Test Set =================
The acc is 0.87, 0.82, 0.88
Time Consumption for one epoch is 258.0588629245758s
======================================= Epoch 10 =======================================
================= Test Set =================
+++++++++++ Find New Best Min ACC +++++++++++
The acc is 0.87, 0.82, 0.88
Time Consumption for one epoch is 258.3840494155884s
======================================= Epoch 11 =======================================
================= Test Set =================
The acc is 0.87, 0.82, 0.88
Time Consumption for one epoch is 257.32393288612366s
======================================= Epoch 12 =======================================
================= Test Set =================
+++++++++++ Find New Best Min ACC +++++++++++
The acc is 0.88, 0.83, 0.89
Time Consumption for one epoch is 258.71285915374756s
======================================= Epoch 13 =======================================
================= Test Set =================
The acc is 0.88, 0.83, 0.89
Time Consumption for one epoch is 258.19715905189514s
======================================= Epoch 14 =======================================
================= Test Set =================
The acc is 0.88, 0.83, 0.89
Time Consumption for one epoch is 258.34154057502747s
======================================= Epoch 15 =======================================
================= Test Set =================
The acc is 0.88, 0.83, 0.89
Time Consumption for one epoch is 257.6278467178345s
======================================= Epoch 16 =======================================
================= Test Set =================
+++++++++++ Find New Best Min ACC +++++++++++
The acc is 0.88, 0.83, 0.89
Time Consumption for one epoch is 258.78133177757263s
======================================= Epoch 17 =======================================
================= Test Set =================
The acc is 0.88, 0.83, 0.89
Time Consumption for one epoch is 257.74766659736633s
======================================= Epoch 18 =======================================
================= Test Set =================
The acc is 0.88, 0.83, 0.89
Time Consumption for one epoch is 257.08149576187134s
======================================= Epoch 19 =======================================
================= Test Set =================
The acc is 0.88, 0.83, 0.89
Time Consumption for one epoch is 257.1954779624939s
The final acc is 0.88, 0.83, 0.89
