Namespace(data_dir='/data/yihua/dataset/celeba/celeba.hdf5', result_dir='results', checkpoint=None, resume=False, domain_attrs='Male', target_attrs='Blond_Hair', exp_name=None, batch_size=512, lr=0.0001, wd=2e-05, epochs=20, seed=2021, num_workers=8, arch='resnet9', evaluate=False, gv=0.05, gr=0.3)
======================================= Epoch 0 =======================================
================= Test Set =================
+++++++++++ Find New Best Min ACC +++++++++++
The acc is 0.6406, 0.5806, 0.6556
Time Consumption for one epoch is 31.00710439682007s
======================================= Epoch 1 =======================================
================= Test Set =================
+++++++++++ Find New Best Min ACC +++++++++++
The acc is 0.8733, 0.8611, 0.8764
Time Consumption for one epoch is 26.32836675643921s
======================================= Epoch 2 =======================================
================= Test Set =================
The acc is 0.8733, 0.8611, 0.8764
Time Consumption for one epoch is 27.09786891937256s
======================================= Epoch 3 =======================================
================= Test Set =================
+++++++++++ Find New Best Min ACC +++++++++++
The acc is 0.8794, 0.8139, 0.8958
Time Consumption for one epoch is 28.21257448196411s
======================================= Epoch 4 =======================================
================= Test Set =================
The acc is 0.8794, 0.8139, 0.8958
Time Consumption for one epoch is 27.55295491218567s
======================================= Epoch 5 =======================================
================= Test Set =================
+++++++++++ Find New Best Min ACC +++++++++++
The acc is 0.8994, 0.8750, 0.9056
Time Consumption for one epoch is 27.122814655303955s
======================================= Epoch 6 =======================================
================= Test Set =================
+++++++++++ Find New Best Min ACC +++++++++++
The acc is 0.9039, 0.8611, 0.9146
Time Consumption for one epoch is 26.724956274032593s
======================================= Epoch 7 =======================================
================= Test Set =================
The acc is 0.9039, 0.8611, 0.9146
Time Consumption for one epoch is 26.929887771606445s
======================================= Epoch 8 =======================================
================= Test Set =================
The acc is 0.9039, 0.8611, 0.9146
Time Consumption for one epoch is 27.652381658554077s
======================================= Epoch 9 =======================================
================= Test Set =================
+++++++++++ Find New Best Min ACC +++++++++++
The acc is 0.9100, 0.8778, 0.9181
Time Consumption for one epoch is 28.516475200653076s
======================================= Epoch 10 =======================================
================= Test Set =================
The acc is 0.9100, 0.8778, 0.9181
Time Consumption for one epoch is 26.83655071258545s
======================================= Epoch 11 =======================================
================= Test Set =================
+++++++++++ Find New Best Min ACC +++++++++++
The acc is 0.9144, 0.8917, 0.9201
Time Consumption for one epoch is 28.67039394378662s
======================================= Epoch 12 =======================================
================= Test Set =================
The acc is 0.9144, 0.8917, 0.9201
Time Consumption for one epoch is 26.056618213653564s
======================================= Epoch 13 =======================================
================= Test Set =================
The acc is 0.9144, 0.8917, 0.9201
Time Consumption for one epoch is 28.949236392974854s
======================================= Epoch 14 =======================================
================= Test Set =================
The acc is 0.9144, 0.8917, 0.9201
Time Consumption for one epoch is 27.15857720375061s
======================================= Epoch 15 =======================================
================= Test Set =================
+++++++++++ Find New Best Min ACC +++++++++++
The acc is 0.9183, 0.9028, 0.9222
Time Consumption for one epoch is 27.497657775878906s
======================================= Epoch 16 =======================================
================= Test Set =================
+++++++++++ Find New Best Min ACC +++++++++++
The acc is 0.9189, 0.8944, 0.9250
Time Consumption for one epoch is 27.33443832397461s
======================================= Epoch 17 =======================================
================= Test Set =================
The acc is 0.9189, 0.8944, 0.9250
Time Consumption for one epoch is 27.882819890975952s
======================================= Epoch 18 =======================================
================= Test Set =================
The acc is 0.9189, 0.8944, 0.9250
Time Consumption for one epoch is 28.362248420715332s
======================================= Epoch 19 =======================================
================= Test Set =================
The acc is 0.9189, 0.8944, 0.9250
Time Consumption for one epoch is 28.206257343292236s
The final acc is 0.9189, 0.8944, 0.9250
