Namespace(data_dir='/data/yihua/dataset/celeba/celeba.hdf5', result_dir='rotation_study', checkpoint=None, resume=False, domain_attrs='Male', target_attrs='Blond_Hair', exp_name=None, batch_size=512, lr=0.0001, wd=2e-05, epochs=20, seed=2021, num_workers=8, arch='resnet18', evaluate=False, total_num=5000, test_num=1000, gv=90.0, gr=0.1, minor_ratio=0.2, add_aug='rotation')
======================================= Epoch 0 =======================================
================= Test Set =================
+++++++++++ Find New Best Min ACC +++++++++++
The acc is 0.4753, 0.4279, 0.5160
Time Consumption for one epoch is 21.2050302028656s
======================================= Epoch 1 =======================================
================= Test Set =================
+++++++++++ Find New Best Min ACC +++++++++++
The acc is 0.5376, 0.5814, 0.5000
Time Consumption for one epoch is 20.09472131729126s
======================================= Epoch 2 =======================================
================= Test Set =================
The acc is 0.5376, 0.5814, 0.5000
Time Consumption for one epoch is 21.21918225288391s
======================================= Epoch 3 =======================================
================= Test Set =================
The acc is 0.5376, 0.5814, 0.5000
Time Consumption for one epoch is 19.99752950668335s
======================================= Epoch 4 =======================================
================= Test Set =================
+++++++++++ Find New Best Min ACC +++++++++++
The acc is 0.6688, 0.6837, 0.6560
Time Consumption for one epoch is 21.799564123153687s
======================================= Epoch 5 =======================================
================= Test Set =================
+++++++++++ Find New Best Min ACC +++++++++++
The acc is 0.7742, 0.7535, 0.7920
Time Consumption for one epoch is 21.601226329803467s
======================================= Epoch 6 =======================================
================= Test Set =================
+++++++++++ Find New Best Min ACC +++++++++++
The acc is 0.8591, 0.8302, 0.8840
Time Consumption for one epoch is 20.0987548828125s
======================================= Epoch 7 =======================================
================= Test Set =================
+++++++++++ Find New Best Min ACC +++++++++++
The acc is 0.8699, 0.8488, 0.8880
Time Consumption for one epoch is 19.626450538635254s
======================================= Epoch 8 =======================================
================= Test Set =================
The acc is 0.8699, 0.8488, 0.8880
Time Consumption for one epoch is 20.333381175994873s
======================================= Epoch 9 =======================================
================= Test Set =================
The acc is 0.8699, 0.8488, 0.8880
Time Consumption for one epoch is 20.705995798110962s
======================================= Epoch 10 =======================================
================= Test Set =================
The acc is 0.8699, 0.8488, 0.8880
Time Consumption for one epoch is 20.82327890396118s
======================================= Epoch 11 =======================================
================= Test Set =================
The acc is 0.8699, 0.8488, 0.8880
Time Consumption for one epoch is 20.276819229125977s
======================================= Epoch 12 =======================================
================= Test Set =================
The acc is 0.8699, 0.8488, 0.8880
Time Consumption for one epoch is 20.097967863082886s
======================================= Epoch 13 =======================================
================= Test Set =================
+++++++++++ Find New Best Min ACC +++++++++++
The acc is 0.8796, 0.8628, 0.8940
Time Consumption for one epoch is 19.96706795692444s
======================================= Epoch 14 =======================================
================= Test Set =================
+++++++++++ Find New Best Min ACC +++++++++++
The acc is 0.8882, 0.8698, 0.9040
Time Consumption for one epoch is 19.862088203430176s
======================================= Epoch 15 =======================================
================= Test Set =================
The acc is 0.8882, 0.8698, 0.9040
Time Consumption for one epoch is 21.697274684906006s
======================================= Epoch 16 =======================================
================= Test Set =================
The acc is 0.8882, 0.8698, 0.9040
Time Consumption for one epoch is 19.682124137878418s
======================================= Epoch 17 =======================================
================= Test Set =================
The acc is 0.8882, 0.8698, 0.9040
Time Consumption for one epoch is 21.49120855331421s
======================================= Epoch 18 =======================================
================= Test Set =================
+++++++++++ Find New Best Min ACC +++++++++++
The acc is 0.8989, 0.8930, 0.9040
Time Consumption for one epoch is 21.37946128845215s
======================================= Epoch 19 =======================================
================= Test Set =================
+++++++++++ Find New Best Min ACC +++++++++++
The acc is 0.9022, 0.8930, 0.9100
Time Consumption for one epoch is 19.72019672393799s
The final acc is 0.9022, 0.8930, 0.9100
