Namespace(data_dir='/data/yihua/dataset/celeba/celeba.hdf5', result_dir='rotation_study', checkpoint=None, resume=False, domain_attrs='Male', target_attrs='Blond_Hair', exp_name=None, batch_size=512, lr=0.0001, wd=2e-05, epochs=20, seed=2021, num_workers=8, arch='resnet18', evaluate=False, total_num=5000, test_num=1000, gv=150.0, gr=0.1, minor_ratio=0.2, add_aug='rotation')
======================================= Epoch 0 =======================================
================= Test Set =================
+++++++++++ Find New Best Min ACC +++++++++++
The acc is 0.4720, 0.4279, 0.5100
Time Consumption for one epoch is 21.8412082195282s
======================================= Epoch 1 =======================================
================= Test Set =================
+++++++++++ Find New Best Min ACC +++++++++++
The acc is 0.5376, 0.5814, 0.5000
Time Consumption for one epoch is 19.08057999610901s
======================================= Epoch 2 =======================================
================= Test Set =================
The acc is 0.5376, 0.5814, 0.5000
Time Consumption for one epoch is 20.563801527023315s
======================================= Epoch 3 =======================================
================= Test Set =================
The acc is 0.5376, 0.5814, 0.5000
Time Consumption for one epoch is 19.194477796554565s
======================================= Epoch 4 =======================================
================= Test Set =================
+++++++++++ Find New Best Min ACC +++++++++++
The acc is 0.5882, 0.6279, 0.5540
Time Consumption for one epoch is 20.49727725982666s
======================================= Epoch 5 =======================================
================= Test Set =================
+++++++++++ Find New Best Min ACC +++++++++++
The acc is 0.6871, 0.6930, 0.6820
Time Consumption for one epoch is 20.244943141937256s
======================================= Epoch 6 =======================================
================= Test Set =================
+++++++++++ Find New Best Min ACC +++++++++++
The acc is 0.8376, 0.8047, 0.8660
Time Consumption for one epoch is 21.04239535331726s
======================================= Epoch 7 =======================================
================= Test Set =================
+++++++++++ Find New Best Min ACC +++++++++++
The acc is 0.8624, 0.8279, 0.8920
Time Consumption for one epoch is 18.86970019340515s
======================================= Epoch 8 =======================================
================= Test Set =================
The acc is 0.8624, 0.8279, 0.8920
Time Consumption for one epoch is 21.126044750213623s
======================================= Epoch 9 =======================================
================= Test Set =================
+++++++++++ Find New Best Min ACC +++++++++++
The acc is 0.8817, 0.8605, 0.9000
Time Consumption for one epoch is 21.71629285812378s
======================================= Epoch 10 =======================================
================= Test Set =================
The acc is 0.8817, 0.8605, 0.9000
Time Consumption for one epoch is 21.323471784591675s
======================================= Epoch 11 =======================================
================= Test Set =================
+++++++++++ Find New Best Min ACC +++++++++++
The acc is 0.8849, 0.8837, 0.8860
Time Consumption for one epoch is 21.694469213485718s
======================================= Epoch 12 =======================================
================= Test Set =================
The acc is 0.8849, 0.8837, 0.8860
Time Consumption for one epoch is 20.218313217163086s
======================================= Epoch 13 =======================================
================= Test Set =================
The acc is 0.8849, 0.8837, 0.8860
Time Consumption for one epoch is 19.923070192337036s
======================================= Epoch 14 =======================================
================= Test Set =================
The acc is 0.8849, 0.8837, 0.8860
Time Consumption for one epoch is 20.260623693466187s
======================================= Epoch 15 =======================================
================= Test Set =================
The acc is 0.8849, 0.8837, 0.8860
Time Consumption for one epoch is 18.76500105857849s
======================================= Epoch 16 =======================================
================= Test Set =================
+++++++++++ Find New Best Min ACC +++++++++++
The acc is 0.8914, 0.8767, 0.9040
Time Consumption for one epoch is 20.56772232055664s
======================================= Epoch 17 =======================================
================= Test Set =================
+++++++++++ Find New Best Min ACC +++++++++++
The acc is 0.8946, 0.8837, 0.9040
Time Consumption for one epoch is 20.43974804878235s
======================================= Epoch 18 =======================================
================= Test Set =================
The acc is 0.8946, 0.8837, 0.9040
Time Consumption for one epoch is 19.446862936019897s
======================================= Epoch 19 =======================================
================= Test Set =================
The acc is 0.8946, 0.8837, 0.9040
Time Consumption for one epoch is 19.35418939590454s
The final acc is 0.8946, 0.8837, 0.9040
