Namespace(data_dir='/data/yihua/dataset/celeba/celeba.hdf5', result_dir='results', checkpoint=None, resume=False, domain_attrs='Male', target_attrs='High_Cheekbones', exp_name=None, batch_size=512, lr=0.0001, wd=2e-05, epochs=20, seed=2022, num_workers=8, arch='resnet9', evaluate=False, gv=0.5, gr=0.1)
======================================= Epoch 0 =======================================
================= Test Set =================
+++++++++++ Find New Best Min ACC +++++++++++
The acc is 0.7903, 0.7690, 0.7957
Time Consumption for one epoch is 131.76374173164368s
======================================= Epoch 1 =======================================
================= Test Set =================
+++++++++++ Find New Best Min ACC +++++++++++
The acc is 0.8395, 0.7975, 0.8500
Time Consumption for one epoch is 129.50145769119263s
======================================= Epoch 2 =======================================
================= Test Set =================
+++++++++++ Find New Best Min ACC +++++++++++
The acc is 0.8529, 0.8156, 0.8622
Time Consumption for one epoch is 130.13827109336853s
======================================= Epoch 3 =======================================
================= Test Set =================
The acc is 0.8529, 0.8156, 0.8622
Time Consumption for one epoch is 128.57153391838074s
======================================= Epoch 4 =======================================
================= Test Set =================
+++++++++++ Find New Best Min ACC +++++++++++
The acc is 0.8566, 0.8176, 0.8664
Time Consumption for one epoch is 129.10723686218262s
======================================= Epoch 5 =======================================
================= Test Set =================
The acc is 0.8566, 0.8176, 0.8664
Time Consumption for one epoch is 129.01003551483154s
======================================= Epoch 6 =======================================
================= Test Set =================
+++++++++++ Find New Best Min ACC +++++++++++
The acc is 0.8718, 0.8204, 0.8846
Time Consumption for one epoch is 128.25240516662598s
======================================= Epoch 7 =======================================
================= Test Set =================
The acc is 0.8718, 0.8204, 0.8846
Time Consumption for one epoch is 127.52734375s
======================================= Epoch 8 =======================================
================= Test Set =================
The acc is 0.8718, 0.8204, 0.8846
Time Consumption for one epoch is 128.61813879013062s
======================================= Epoch 9 =======================================
================= Test Set =================
+++++++++++ Find New Best Min ACC +++++++++++
The acc is 0.8752, 0.8280, 0.8870
Time Consumption for one epoch is 130.10144019126892s
======================================= Epoch 10 =======================================
================= Test Set =================
The acc is 0.8752, 0.8280, 0.8870
Time Consumption for one epoch is 129.13558959960938s
======================================= Epoch 11 =======================================
================= Test Set =================
The acc is 0.8752, 0.8280, 0.8870
Time Consumption for one epoch is 129.96407175064087s
======================================= Epoch 12 =======================================
================= Test Set =================
The acc is 0.8752, 0.8280, 0.8870
Time Consumption for one epoch is 130.00755500793457s
======================================= Epoch 13 =======================================
================= Test Set =================
The acc is 0.8752, 0.8280, 0.8870
Time Consumption for one epoch is 129.5217161178589s
======================================= Epoch 14 =======================================
================= Test Set =================
The acc is 0.8752, 0.8280, 0.8870
Time Consumption for one epoch is 130.19010424613953s
======================================= Epoch 15 =======================================
================= Test Set =================
The acc is 0.8752, 0.8280, 0.8870
Time Consumption for one epoch is 130.07772421836853s
======================================= Epoch 16 =======================================
================= Test Set =================
+++++++++++ Find New Best Min ACC +++++++++++
The acc is 0.8800, 0.8404, 0.8899
Time Consumption for one epoch is 128.84726238250732s
======================================= Epoch 17 =======================================
================= Test Set =================
+++++++++++ Find New Best Min ACC +++++++++++
The acc is 0.8801, 0.8420, 0.8897
Time Consumption for one epoch is 131.22991228103638s
======================================= Epoch 18 =======================================
================= Test Set =================
The acc is 0.8801, 0.8420, 0.8897
Time Consumption for one epoch is 130.3150143623352s
======================================= Epoch 19 =======================================
================= Test Set =================
+++++++++++ Find New Best Min ACC +++++++++++
The acc is 0.8818, 0.8420, 0.8918
Time Consumption for one epoch is 129.5615153312683s
The final acc is 0.8818, 0.8420, 0.8918
