Namespace(data_dir='/data/yihua/dataset/celeba/celeba.hdf5', result_dir='rotation_study', checkpoint=None, resume=False, domain_attrs='Male', target_attrs='Blond_Hair', exp_name=None, batch_size=512, lr=0.0001, wd=2e-05, epochs=20, seed=2022, num_workers=8, arch='resnet9', evaluate=False, total_num=5000, test_num=1000, gv=60.0, gr=0.5, minor_ratio=0.2, add_aug='rotation')
======================================= Epoch 0 =======================================
================= Test Set =================
+++++++++++ Find New Best Min ACC +++++++++++
The acc is 0.4624, 0.4186, 0.5000
Time Consumption for one epoch is 16.625328540802002s
======================================= Epoch 1 =======================================
================= Test Set =================
The acc is 0.4624, 0.4186, 0.5000
Time Consumption for one epoch is 15.104930877685547s
======================================= Epoch 2 =======================================
================= Test Set =================
+++++++++++ Find New Best Min ACC +++++++++++
The acc is 0.6441, 0.5721, 0.7060
Time Consumption for one epoch is 15.004602193832397s
======================================= Epoch 3 =======================================
================= Test Set =================
+++++++++++ Find New Best Min ACC +++++++++++
The acc is 0.8323, 0.8116, 0.8500
Time Consumption for one epoch is 14.747648000717163s
======================================= Epoch 4 =======================================
================= Test Set =================
The acc is 0.8323, 0.8116, 0.8500
Time Consumption for one epoch is 14.539838790893555s
======================================= Epoch 5 =======================================
================= Test Set =================
+++++++++++ Find New Best Min ACC +++++++++++
The acc is 0.8796, 0.8581, 0.8980
Time Consumption for one epoch is 14.426219940185547s
======================================= Epoch 6 =======================================
================= Test Set =================
The acc is 0.8796, 0.8581, 0.8980
Time Consumption for one epoch is 14.658807516098022s
======================================= Epoch 7 =======================================
================= Test Set =================
The acc is 0.8796, 0.8581, 0.8980
Time Consumption for one epoch is 14.823540687561035s
======================================= Epoch 8 =======================================
================= Test Set =================
The acc is 0.8796, 0.8581, 0.8980
Time Consumption for one epoch is 14.420339822769165s
======================================= Epoch 9 =======================================
================= Test Set =================
+++++++++++ Find New Best Min ACC +++++++++++
The acc is 0.8839, 0.8674, 0.8980
Time Consumption for one epoch is 15.009654521942139s
======================================= Epoch 10 =======================================
================= Test Set =================
The acc is 0.8839, 0.8674, 0.8980
Time Consumption for one epoch is 15.136166095733643s
======================================= Epoch 11 =======================================
================= Test Set =================
+++++++++++ Find New Best Min ACC +++++++++++
The acc is 0.8914, 0.8767, 0.9040
Time Consumption for one epoch is 15.038463115692139s
======================================= Epoch 12 =======================================
================= Test Set =================
+++++++++++ Find New Best Min ACC +++++++++++
The acc is 0.9043, 0.8884, 0.9180
Time Consumption for one epoch is 14.668795108795166s
======================================= Epoch 13 =======================================
================= Test Set =================
The acc is 0.9043, 0.8884, 0.9180
Time Consumption for one epoch is 14.228946685791016s
======================================= Epoch 14 =======================================
================= Test Set =================
The acc is 0.9043, 0.8884, 0.9180
Time Consumption for one epoch is 14.890791177749634s
======================================= Epoch 15 =======================================
================= Test Set =================
The acc is 0.9043, 0.8884, 0.9180
Time Consumption for one epoch is 14.353847980499268s
======================================= Epoch 16 =======================================
================= Test Set =================
The acc is 0.9043, 0.8884, 0.9180
Time Consumption for one epoch is 14.244245052337646s
======================================= Epoch 17 =======================================
================= Test Set =================
The acc is 0.9043, 0.8884, 0.9180
Time Consumption for one epoch is 15.363335847854614s
======================================= Epoch 18 =======================================
================= Test Set =================
The acc is 0.9043, 0.8884, 0.9180
Time Consumption for one epoch is 14.697407245635986s
======================================= Epoch 19 =======================================
================= Test Set =================
The acc is 0.9043, 0.8884, 0.9180
Time Consumption for one epoch is 14.634251117706299s
The final acc is 0.9043, 0.8884, 0.9180
