Namespace(data_dir='/data/yihua/dataset/celeba/celeba.hdf5', result_dir='results', checkpoint=None, resume=False, domain_attrs='Male', target_attrs='Blond_Hair', exp_name=None, batch_size=512, lr=0.0001, wd=2e-05, epochs=20, seed=2020, num_workers=8, arch='resnet9', evaluate=False, gv=1e-06, gr=0.5)
======================================= Epoch 0 =======================================
================= Test Set =================
+++++++++++ Find New Best Min ACC +++++++++++
The acc is 0.6850, 0.6167, 0.7021
Time Consumption for one epoch is 28.54393219947815s
======================================= Epoch 1 =======================================
================= Test Set =================
+++++++++++ Find New Best Min ACC +++++++++++
The acc is 0.8878, 0.8500, 0.8972
Time Consumption for one epoch is 25.02272605895996s
======================================= Epoch 2 =======================================
================= Test Set =================
+++++++++++ Find New Best Min ACC +++++++++++
The acc is 0.8989, 0.8639, 0.9076
Time Consumption for one epoch is 24.56008791923523s
======================================= Epoch 3 =======================================
================= Test Set =================
+++++++++++ Find New Best Min ACC +++++++++++
The acc is 0.9006, 0.8806, 0.9056
Time Consumption for one epoch is 26.91559863090515s
======================================= Epoch 4 =======================================
================= Test Set =================
The acc is 0.9006, 0.8806, 0.9056
Time Consumption for one epoch is 24.817877531051636s
======================================= Epoch 5 =======================================
================= Test Set =================
+++++++++++ Find New Best Min ACC +++++++++++
The acc is 0.9022, 0.8778, 0.9083
Time Consumption for one epoch is 26.117470264434814s
======================================= Epoch 6 =======================================
================= Test Set =================
+++++++++++ Find New Best Min ACC +++++++++++
The acc is 0.9078, 0.8944, 0.9111
Time Consumption for one epoch is 25.034468173980713s
======================================= Epoch 7 =======================================
================= Test Set =================
+++++++++++ Find New Best Min ACC +++++++++++
The acc is 0.9150, 0.9083, 0.9167
Time Consumption for one epoch is 26.778801918029785s
======================================= Epoch 8 =======================================
================= Test Set =================
The acc is 0.9150, 0.9083, 0.9167
Time Consumption for one epoch is 24.872881412506104s
======================================= Epoch 9 =======================================
================= Test Set =================
The acc is 0.9150, 0.9083, 0.9167
Time Consumption for one epoch is 25.28903841972351s
======================================= Epoch 10 =======================================
================= Test Set =================
+++++++++++ Find New Best Min ACC +++++++++++
The acc is 0.9161, 0.8917, 0.9222
Time Consumption for one epoch is 25.032017707824707s
======================================= Epoch 11 =======================================
================= Test Set =================
The acc is 0.9161, 0.8917, 0.9222
Time Consumption for one epoch is 24.45710587501526s
======================================= Epoch 12 =======================================
================= Test Set =================
The acc is 0.9161, 0.8917, 0.9222
Time Consumption for one epoch is 24.982422590255737s
======================================= Epoch 13 =======================================
================= Test Set =================
+++++++++++ Find New Best Min ACC +++++++++++
The acc is 0.9194, 0.9111, 0.9215
Time Consumption for one epoch is 26.212189435958862s
======================================= Epoch 14 =======================================
================= Test Set =================
The acc is 0.9194, 0.9111, 0.9215
Time Consumption for one epoch is 24.573188066482544s
======================================= Epoch 15 =======================================
================= Test Set =================
The acc is 0.9194, 0.9111, 0.9215
Time Consumption for one epoch is 25.932762622833252s
======================================= Epoch 16 =======================================
================= Test Set =================
The acc is 0.9194, 0.9111, 0.9215
Time Consumption for one epoch is 24.713084936141968s
======================================= Epoch 17 =======================================
================= Test Set =================
The acc is 0.9194, 0.9111, 0.9215
Time Consumption for one epoch is 25.624854564666748s
======================================= Epoch 18 =======================================
================= Test Set =================
The acc is 0.9194, 0.9111, 0.9215
Time Consumption for one epoch is 25.240400791168213s
======================================= Epoch 19 =======================================
================= Test Set =================
The acc is 0.9194, 0.9111, 0.9215
Time Consumption for one epoch is 25.2864773273468s
The final acc is 0.9194, 0.9111, 0.9215
