Namespace(data_dir='/data/yihua/dataset/celeba/celeba.hdf5', result_dir='results', checkpoint=None, resume=False, domain_attrs='Male', target_attrs='Heavy_Makeup', exp_name=None, batch_size=512, lr=0.0001, wd=2e-05, epochs=20, seed=2022, num_workers=8, arch='resnet9', evaluate=False, gv=0.01, gr=0.3)
======================================= Epoch 0 =======================================
================= Test Set =================
+++++++++++ Find New Best Min ACC +++++++++++
The acc is 0.5000, 0.5000, 0.5000
Time Consumption for one epoch is 9.90605115890503s
======================================= Epoch 1 =======================================
================= Test Set =================
The acc is 0.5000, 0.5000, 0.5000
Time Consumption for one epoch is 7.923417806625366s
======================================= Epoch 2 =======================================
================= Test Set =================
+++++++++++ Find New Best Min ACC +++++++++++
The acc is 0.5182, 0.5000, 0.5227
Time Consumption for one epoch is 7.804706335067749s
======================================= Epoch 3 =======================================
================= Test Set =================
The acc is 0.5182, 0.5000, 0.5227
Time Consumption for one epoch is 9.663644075393677s
======================================= Epoch 4 =======================================
================= Test Set =================
The acc is 0.5182, 0.5000, 0.5227
Time Consumption for one epoch is 8.267381191253662s
======================================= Epoch 5 =======================================
================= Test Set =================
The acc is 0.5182, 0.5000, 0.5227
Time Consumption for one epoch is 8.236631155014038s
======================================= Epoch 6 =======================================
================= Test Set =================
The acc is 0.5182, 0.5000, 0.5227
Time Consumption for one epoch is 10.703887224197388s
======================================= Epoch 7 =======================================
================= Test Set =================
+++++++++++ Find New Best Min ACC +++++++++++
The acc is 0.5409, 0.4773, 0.5568
Time Consumption for one epoch is 7.894936561584473s
======================================= Epoch 8 =======================================
================= Test Set =================
+++++++++++ Find New Best Min ACC +++++++++++
The acc is 0.6136, 0.4773, 0.6477
Time Consumption for one epoch is 10.416001081466675s
======================================= Epoch 9 =======================================
================= Test Set =================
+++++++++++ Find New Best Min ACC +++++++++++
The acc is 0.6364, 0.5227, 0.6648
Time Consumption for one epoch is 8.746912002563477s
======================================= Epoch 10 =======================================
================= Test Set =================
The acc is 0.6364, 0.5227, 0.6648
Time Consumption for one epoch is 7.180470943450928s
======================================= Epoch 11 =======================================
================= Test Set =================
The acc is 0.6364, 0.5227, 0.6648
Time Consumption for one epoch is 8.114680767059326s
======================================= Epoch 12 =======================================
================= Test Set =================
+++++++++++ Find New Best Min ACC +++++++++++
The acc is 0.6864, 0.5909, 0.7102
Time Consumption for one epoch is 9.705420017242432s
======================================= Epoch 13 =======================================
================= Test Set =================
The acc is 0.6864, 0.5909, 0.7102
Time Consumption for one epoch is 7.790024280548096s
======================================= Epoch 14 =======================================
================= Test Set =================
+++++++++++ Find New Best Min ACC +++++++++++
The acc is 0.6955, 0.5682, 0.7273
Time Consumption for one epoch is 9.347275018692017s
======================================= Epoch 15 =======================================
================= Test Set =================
The acc is 0.6955, 0.5682, 0.7273
Time Consumption for one epoch is 9.374072074890137s
======================================= Epoch 16 =======================================
================= Test Set =================
+++++++++++ Find New Best Min ACC +++++++++++
The acc is 0.7000, 0.5909, 0.7273
Time Consumption for one epoch is 7.672145843505859s
======================================= Epoch 17 =======================================
================= Test Set =================
The acc is 0.7000, 0.5909, 0.7273
Time Consumption for one epoch is 10.23466444015503s
======================================= Epoch 18 =======================================
================= Test Set =================
+++++++++++ Find New Best Min ACC +++++++++++
The acc is 0.7091, 0.6591, 0.7216
Time Consumption for one epoch is 8.2470543384552s
======================================= Epoch 19 =======================================
================= Test Set =================
+++++++++++ Find New Best Min ACC +++++++++++
The acc is 0.7136, 0.6591, 0.7273
Time Consumption for one epoch is 8.414374351501465s
The final acc is 0.7136, 0.6591, 0.7273
