Namespace(data_dir='/data/yihua/dataset/celeba/celeba.hdf5', result_dir='results', checkpoint=None, resume=False, domain_attrs='Male', target_attrs='Heavy_Makeup', exp_name=None, batch_size=512, lr=0.0001, wd=2e-05, epochs=20, seed=2024, num_workers=8, arch='resnet9', evaluate=False, gv=0.01, gr=0.5)
======================================= Epoch 0 =======================================
================= Test Set =================
+++++++++++ Find New Best Min ACC +++++++++++
The acc is 0.5000, 0.5000, 0.5000
Time Consumption for one epoch is 9.204207420349121s
======================================= Epoch 1 =======================================
================= Test Set =================
The acc is 0.5000, 0.5000, 0.5000
Time Consumption for one epoch is 7.594973802566528s
======================================= Epoch 2 =======================================
================= Test Set =================
+++++++++++ Find New Best Min ACC +++++++++++
The acc is 0.5045, 0.5227, 0.5000
Time Consumption for one epoch is 8.308929204940796s
======================================= Epoch 3 =======================================
================= Test Set =================
The acc is 0.5045, 0.5227, 0.5000
Time Consumption for one epoch is 9.048436880111694s
======================================= Epoch 4 =======================================
================= Test Set =================
The acc is 0.5045, 0.5227, 0.5000
Time Consumption for one epoch is 8.680407524108887s
======================================= Epoch 5 =======================================
================= Test Set =================
The acc is 0.5045, 0.5227, 0.5000
Time Consumption for one epoch is 8.556483745574951s
======================================= Epoch 6 =======================================
================= Test Set =================
The acc is 0.5045, 0.5227, 0.5000
Time Consumption for one epoch is 8.24257755279541s
======================================= Epoch 7 =======================================
================= Test Set =================
The acc is 0.5045, 0.5227, 0.5000
Time Consumption for one epoch is 9.085800647735596s
======================================= Epoch 8 =======================================
================= Test Set =================
+++++++++++ Find New Best Min ACC +++++++++++
The acc is 0.5136, 0.5000, 0.5170
Time Consumption for one epoch is 9.669285297393799s
======================================= Epoch 9 =======================================
================= Test Set =================
+++++++++++ Find New Best Min ACC +++++++++++
The acc is 0.6273, 0.5000, 0.6591
Time Consumption for one epoch is 8.985572576522827s
======================================= Epoch 10 =======================================
================= Test Set =================
The acc is 0.6273, 0.5000, 0.6591
Time Consumption for one epoch is 8.106625318527222s
======================================= Epoch 11 =======================================
================= Test Set =================
+++++++++++ Find New Best Min ACC +++++++++++
The acc is 0.6773, 0.5682, 0.7045
Time Consumption for one epoch is 9.409254550933838s
======================================= Epoch 12 =======================================
================= Test Set =================
The acc is 0.6773, 0.5682, 0.7045
Time Consumption for one epoch is 9.491359233856201s
======================================= Epoch 13 =======================================
================= Test Set =================
+++++++++++ Find New Best Min ACC +++++++++++
The acc is 0.6864, 0.5909, 0.7102
Time Consumption for one epoch is 9.216811180114746s
======================================= Epoch 14 =======================================
================= Test Set =================
The acc is 0.6864, 0.5909, 0.7102
Time Consumption for one epoch is 8.41403603553772s
======================================= Epoch 15 =======================================
================= Test Set =================
The acc is 0.6864, 0.5909, 0.7102
Time Consumption for one epoch is 8.823299169540405s
======================================= Epoch 16 =======================================
================= Test Set =================
The acc is 0.6864, 0.5909, 0.7102
Time Consumption for one epoch is 8.915996074676514s
======================================= Epoch 17 =======================================
================= Test Set =================
The acc is 0.6864, 0.5909, 0.7102
Time Consumption for one epoch is 9.713789701461792s
======================================= Epoch 18 =======================================
================= Test Set =================
The acc is 0.6864, 0.5909, 0.7102
Time Consumption for one epoch is 7.930214881896973s
======================================= Epoch 19 =======================================
================= Test Set =================
The acc is 0.6864, 0.5909, 0.7102
Time Consumption for one epoch is 9.034660816192627s
The final acc is 0.6864, 0.5909, 0.7102
