Namespace(data_dir='/data/yihua/dataset/celeba/celeba.hdf5', result_dir='rotation_study', checkpoint=None, resume=False, domain_attrs='Male', target_attrs='Blond_Hair', exp_name=None, batch_size=512, lr=0.0001, wd=2e-05, epochs=20, seed=2022, num_workers=8, arch='resnet9', evaluate=False, total_num=5000, test_num=1000, gv=180.0, gr=0.3, minor_ratio=0.2, add_aug='rotation')
======================================= Epoch 0 =======================================
================= Test Set =================
+++++++++++ Find New Best Min ACC +++++++++++
The acc is 0.4624, 0.4186, 0.5000
Time Consumption for one epoch is 16.538371086120605s
======================================= Epoch 1 =======================================
================= Test Set =================
The acc is 0.4624, 0.4186, 0.5000
Time Consumption for one epoch is 13.774608612060547s
======================================= Epoch 2 =======================================
================= Test Set =================
+++++++++++ Find New Best Min ACC +++++++++++
The acc is 0.4989, 0.4372, 0.5520
Time Consumption for one epoch is 15.13503122329712s
======================================= Epoch 3 =======================================
================= Test Set =================
+++++++++++ Find New Best Min ACC +++++++++++
The acc is 0.7473, 0.7023, 0.7860
Time Consumption for one epoch is 14.879466533660889s
======================================= Epoch 4 =======================================
================= Test Set =================
+++++++++++ Find New Best Min ACC +++++++++++
The acc is 0.7925, 0.7558, 0.8240
Time Consumption for one epoch is 14.037452697753906s
======================================= Epoch 5 =======================================
================= Test Set =================
+++++++++++ Find New Best Min ACC +++++++++++
The acc is 0.8688, 0.8581, 0.8780
Time Consumption for one epoch is 14.340195894241333s
======================================= Epoch 6 =======================================
================= Test Set =================
The acc is 0.8688, 0.8581, 0.8780
Time Consumption for one epoch is 14.46727204322815s
======================================= Epoch 7 =======================================
================= Test Set =================
+++++++++++ Find New Best Min ACC +++++++++++
The acc is 0.8720, 0.8488, 0.8920
Time Consumption for one epoch is 14.9311203956604s
======================================= Epoch 8 =======================================
================= Test Set =================
+++++++++++ Find New Best Min ACC +++++++++++
The acc is 0.8742, 0.8512, 0.8940
Time Consumption for one epoch is 14.918724536895752s
======================================= Epoch 9 =======================================
================= Test Set =================
+++++++++++ Find New Best Min ACC +++++++++++
The acc is 0.8914, 0.8698, 0.9100
Time Consumption for one epoch is 14.266513109207153s
======================================= Epoch 10 =======================================
================= Test Set =================
The acc is 0.8914, 0.8698, 0.9100
Time Consumption for one epoch is 14.108896732330322s
======================================= Epoch 11 =======================================
================= Test Set =================
The acc is 0.8914, 0.8698, 0.9100
Time Consumption for one epoch is 14.461008787155151s
======================================= Epoch 12 =======================================
================= Test Set =================
The acc is 0.8914, 0.8698, 0.9100
Time Consumption for one epoch is 13.8370521068573s
======================================= Epoch 13 =======================================
================= Test Set =================
The acc is 0.8914, 0.8698, 0.9100
Time Consumption for one epoch is 14.660697937011719s
======================================= Epoch 14 =======================================
================= Test Set =================
+++++++++++ Find New Best Min ACC +++++++++++
The acc is 0.8957, 0.8814, 0.9080
Time Consumption for one epoch is 14.667727708816528s
======================================= Epoch 15 =======================================
================= Test Set =================
The acc is 0.8957, 0.8814, 0.9080
Time Consumption for one epoch is 13.689716577529907s
======================================= Epoch 16 =======================================
================= Test Set =================
The acc is 0.8957, 0.8814, 0.9080
Time Consumption for one epoch is 14.170109033584595s
======================================= Epoch 17 =======================================
================= Test Set =================
The acc is 0.8957, 0.8814, 0.9080
Time Consumption for one epoch is 14.226383686065674s
======================================= Epoch 18 =======================================
================= Test Set =================
The acc is 0.8957, 0.8814, 0.9080
Time Consumption for one epoch is 14.007192373275757s
======================================= Epoch 19 =======================================
================= Test Set =================
+++++++++++ Find New Best Min ACC +++++++++++
The acc is 0.8968, 0.8814, 0.9100
Time Consumption for one epoch is 14.069034814834595s
The final acc is 0.8968, 0.8814, 0.9100
