Namespace(data_dir='/data/yihua/dataset/celeba/celeba.hdf5', result_dir='results', checkpoint=None, resume=False, domain_attrs='Male', target_attrs='Heavy_Makeup', exp_name=None, batch_size=512, lr=0.0001, wd=2e-05, epochs=20, seed=2023, num_workers=8, arch='resnet9', evaluate=False, gv=1e-06, gr=0.3)
======================================= Epoch 0 =======================================
================= Test Set =================
+++++++++++ Find New Best Min ACC +++++++++++
The acc is 0.5000, 0.5000, 0.5000
Time Consumption for one epoch is 9.27642273902893s
======================================= Epoch 1 =======================================
================= Test Set =================
The acc is 0.5000, 0.5000, 0.5000
Time Consumption for one epoch is 7.073225736618042s
======================================= Epoch 2 =======================================
================= Test Set =================
+++++++++++ Find New Best Min ACC +++++++++++
The acc is 0.5045, 0.5227, 0.5000
Time Consumption for one epoch is 7.994803428649902s
======================================= Epoch 3 =======================================
================= Test Set =================
The acc is 0.5045, 0.5227, 0.5000
Time Consumption for one epoch is 8.59162712097168s
======================================= Epoch 4 =======================================
================= Test Set =================
The acc is 0.5045, 0.5227, 0.5000
Time Consumption for one epoch is 8.641229152679443s
======================================= Epoch 5 =======================================
================= Test Set =================
The acc is 0.5045, 0.5227, 0.5000
Time Consumption for one epoch is 8.489959955215454s
======================================= Epoch 6 =======================================
================= Test Set =================
The acc is 0.5045, 0.5227, 0.5000
Time Consumption for one epoch is 7.854434967041016s
======================================= Epoch 7 =======================================
================= Test Set =================
+++++++++++ Find New Best Min ACC +++++++++++
The acc is 0.5136, 0.4773, 0.5227
Time Consumption for one epoch is 8.23703646659851s
======================================= Epoch 8 =======================================
================= Test Set =================
+++++++++++ Find New Best Min ACC +++++++++++
The acc is 0.5773, 0.5227, 0.5909
Time Consumption for one epoch is 9.328726768493652s
======================================= Epoch 9 =======================================
================= Test Set =================
+++++++++++ Find New Best Min ACC +++++++++++
The acc is 0.6727, 0.5682, 0.6989
Time Consumption for one epoch is 9.36831021308899s
======================================= Epoch 10 =======================================
================= Test Set =================
The acc is 0.6727, 0.5682, 0.6989
Time Consumption for one epoch is 10.46048092842102s
======================================= Epoch 11 =======================================
================= Test Set =================
+++++++++++ Find New Best Min ACC +++++++++++
The acc is 0.6955, 0.5455, 0.7330
Time Consumption for one epoch is 8.719971179962158s
======================================= Epoch 12 =======================================
================= Test Set =================
The acc is 0.6955, 0.5455, 0.7330
Time Consumption for one epoch is 7.164829254150391s
======================================= Epoch 13 =======================================
================= Test Set =================
The acc is 0.6955, 0.5455, 0.7330
Time Consumption for one epoch is 9.65638542175293s
======================================= Epoch 14 =======================================
================= Test Set =================
+++++++++++ Find New Best Min ACC +++++++++++
The acc is 0.7045, 0.6818, 0.7102
Time Consumption for one epoch is 9.00426959991455s
======================================= Epoch 15 =======================================
================= Test Set =================
The acc is 0.7045, 0.6818, 0.7102
Time Consumption for one epoch is 7.665507793426514s
======================================= Epoch 16 =======================================
================= Test Set =================
The acc is 0.7045, 0.6818, 0.7102
Time Consumption for one epoch is 7.758965015411377s
======================================= Epoch 17 =======================================
================= Test Set =================
+++++++++++ Find New Best Min ACC +++++++++++
The acc is 0.7091, 0.5909, 0.7386
Time Consumption for one epoch is 8.192622661590576s
======================================= Epoch 18 =======================================
================= Test Set =================
The acc is 0.7091, 0.5909, 0.7386
Time Consumption for one epoch is 8.874887228012085s
======================================= Epoch 19 =======================================
================= Test Set =================
The acc is 0.7091, 0.5909, 0.7386
Time Consumption for one epoch is 8.628018617630005s
The final acc is 0.7091, 0.5909, 0.7386
