Namespace(data_dir='/data/yihua/dataset/celeba/celeba.hdf5', result_dir='results', checkpoint=None, resume=False, domain_attrs='Male', target_attrs='Blond_Hair', exp_name=None, batch_size=512, lr=0.0001, wd=2e-05, epochs=20, seed=2022, num_workers=8, arch='resnet18', evaluate=False, gv=1e-05, gr=0.5)
======================================= Epoch 0 =======================================
================= Test Set =================
+++++++++++ Find New Best Min ACC +++++++++++
The acc is 0.5000, 0.5000, 0.5000
Time Consumption for one epoch is 48.20582604408264s
======================================= Epoch 1 =======================================
================= Test Set =================
+++++++++++ Find New Best Min ACC +++++++++++
The acc is 0.8033, 0.7222, 0.8236
Time Consumption for one epoch is 45.049044609069824s
======================================= Epoch 2 =======================================
================= Test Set =================
+++++++++++ Find New Best Min ACC +++++++++++
The acc is 0.8994, 0.8889, 0.9021
Time Consumption for one epoch is 44.43104147911072s
======================================= Epoch 3 =======================================
================= Test Set =================
+++++++++++ Find New Best Min ACC +++++++++++
The acc is 0.9067, 0.8806, 0.9132
Time Consumption for one epoch is 45.67542219161987s
======================================= Epoch 4 =======================================
================= Test Set =================
The acc is 0.9067, 0.8806, 0.9132
Time Consumption for one epoch is 44.03456997871399s
======================================= Epoch 5 =======================================
================= Test Set =================
+++++++++++ Find New Best Min ACC +++++++++++
The acc is 0.9111, 0.8917, 0.9160
Time Consumption for one epoch is 44.658303022384644s
======================================= Epoch 6 =======================================
================= Test Set =================
The acc is 0.9111, 0.8917, 0.9160
Time Consumption for one epoch is 43.81652760505676s
======================================= Epoch 7 =======================================
================= Test Set =================
The acc is 0.9111, 0.8917, 0.9160
Time Consumption for one epoch is 44.18511462211609s
======================================= Epoch 8 =======================================
================= Test Set =================
+++++++++++ Find New Best Min ACC +++++++++++
The acc is 0.9172, 0.9028, 0.9208
Time Consumption for one epoch is 44.46645450592041s
======================================= Epoch 9 =======================================
================= Test Set =================
The acc is 0.9172, 0.9028, 0.9208
Time Consumption for one epoch is 43.46667790412903s
======================================= Epoch 10 =======================================
================= Test Set =================
The acc is 0.9172, 0.9028, 0.9208
Time Consumption for one epoch is 43.21351742744446s
======================================= Epoch 11 =======================================
================= Test Set =================
The acc is 0.9172, 0.9028, 0.9208
Time Consumption for one epoch is 43.36671161651611s
======================================= Epoch 12 =======================================
================= Test Set =================
The acc is 0.9172, 0.9028, 0.9208
Time Consumption for one epoch is 44.2438018321991s
======================================= Epoch 13 =======================================
================= Test Set =================
The acc is 0.9172, 0.9028, 0.9208
Time Consumption for one epoch is 42.73349905014038s
======================================= Epoch 14 =======================================
================= Test Set =================
The acc is 0.9172, 0.9028, 0.9208
Time Consumption for one epoch is 45.48307514190674s
======================================= Epoch 15 =======================================
================= Test Set =================
The acc is 0.9172, 0.9028, 0.9208
Time Consumption for one epoch is 45.424463987350464s
======================================= Epoch 16 =======================================
================= Test Set =================
The acc is 0.9172, 0.9028, 0.9208
Time Consumption for one epoch is 45.36247658729553s
======================================= Epoch 17 =======================================
================= Test Set =================
The acc is 0.9172, 0.9028, 0.9208
Time Consumption for one epoch is 44.40104007720947s
======================================= Epoch 18 =======================================
================= Test Set =================
The acc is 0.9172, 0.9028, 0.9208
Time Consumption for one epoch is 42.2765839099884s
======================================= Epoch 19 =======================================
================= Test Set =================
The acc is 0.9172, 0.9028, 0.9208
Time Consumption for one epoch is 43.14452385902405s
The final acc is 0.9172, 0.9028, 0.9208
