Namespace(data_dir='/data/yihua/dataset/celeba/celeba.hdf5', result_dir='results', checkpoint=None, resume=False, domain_attrs='Male', target_attrs='Heavy_Makeup', exp_name=None, batch_size=512, lr=0.0001, wd=2e-05, epochs=20, seed=2024, num_workers=8, arch='resnet9', evaluate=False, gv=0.0001, gr=0.3)
======================================= Epoch 0 =======================================
================= Test Set =================
+++++++++++ Find New Best Min ACC +++++++++++
The acc is 0.5000, 0.5000, 0.5000
Time Consumption for one epoch is 8.060451030731201s
======================================= Epoch 1 =======================================
================= Test Set =================
The acc is 0.5000, 0.5000, 0.5000
Time Consumption for one epoch is 8.540754079818726s
======================================= Epoch 2 =======================================
================= Test Set =================
The acc is 0.5000, 0.5000, 0.5000
Time Consumption for one epoch is 8.327382326126099s
======================================= Epoch 3 =======================================
================= Test Set =================
The acc is 0.5000, 0.5000, 0.5000
Time Consumption for one epoch is 9.53512954711914s
======================================= Epoch 4 =======================================
================= Test Set =================
The acc is 0.5000, 0.5000, 0.5000
Time Consumption for one epoch is 8.163380146026611s
======================================= Epoch 5 =======================================
================= Test Set =================
The acc is 0.5000, 0.5000, 0.5000
Time Consumption for one epoch is 7.954695463180542s
======================================= Epoch 6 =======================================
================= Test Set =================
The acc is 0.5000, 0.5000, 0.5000
Time Consumption for one epoch is 7.937068700790405s
======================================= Epoch 7 =======================================
================= Test Set =================
The acc is 0.5000, 0.5000, 0.5000
Time Consumption for one epoch is 7.920360565185547s
======================================= Epoch 8 =======================================
================= Test Set =================
The acc is 0.5000, 0.5000, 0.5000
Time Consumption for one epoch is 9.62092661857605s
======================================= Epoch 9 =======================================
================= Test Set =================
+++++++++++ Find New Best Min ACC +++++++++++
The acc is 0.5273, 0.5000, 0.5341
Time Consumption for one epoch is 7.790460586547852s
======================================= Epoch 10 =======================================
================= Test Set =================
+++++++++++ Find New Best Min ACC +++++++++++
The acc is 0.5364, 0.4773, 0.5511
Time Consumption for one epoch is 8.765758037567139s
======================================= Epoch 11 =======================================
================= Test Set =================
+++++++++++ Find New Best Min ACC +++++++++++
The acc is 0.6409, 0.5227, 0.6705
Time Consumption for one epoch is 8.106098890304565s
======================================= Epoch 12 =======================================
================= Test Set =================
+++++++++++ Find New Best Min ACC +++++++++++
The acc is 0.6636, 0.5682, 0.6875
Time Consumption for one epoch is 8.686809301376343s
======================================= Epoch 13 =======================================
================= Test Set =================
The acc is 0.6636, 0.5682, 0.6875
Time Consumption for one epoch is 8.815270185470581s
======================================= Epoch 14 =======================================
================= Test Set =================
+++++++++++ Find New Best Min ACC +++++++++++
The acc is 0.6682, 0.5455, 0.6989
Time Consumption for one epoch is 9.014488220214844s
======================================= Epoch 15 =======================================
================= Test Set =================
+++++++++++ Find New Best Min ACC +++++++++++
The acc is 0.6818, 0.5682, 0.7102
Time Consumption for one epoch is 8.097604036331177s
======================================= Epoch 16 =======================================
================= Test Set =================
+++++++++++ Find New Best Min ACC +++++++++++
The acc is 0.6909, 0.5909, 0.7159
Time Consumption for one epoch is 8.189955949783325s
======================================= Epoch 17 =======================================
================= Test Set =================
+++++++++++ Find New Best Min ACC +++++++++++
The acc is 0.7000, 0.5682, 0.7330
Time Consumption for one epoch is 8.52622103691101s
======================================= Epoch 18 =======================================
================= Test Set =================
The acc is 0.7000, 0.5682, 0.7330
Time Consumption for one epoch is 9.183279275894165s
======================================= Epoch 19 =======================================
================= Test Set =================
The acc is 0.7000, 0.5682, 0.7330
Time Consumption for one epoch is 7.568136930465698s
The final acc is 0.7000, 0.5682, 0.7330
