Namespace(data_dir='/data/yihua/dataset/celeba/celeba.hdf5', result_dir='results', checkpoint=None, resume=False, domain_attrs='Male', target_attrs='Heavy_Makeup', exp_name=None, batch_size=512, lr=0.0001, wd=2e-05, epochs=20, seed=2022, num_workers=8, arch='resnet9', evaluate=False, gv=0.0001, gr=0.1)
======================================= Epoch 0 =======================================
================= Test Set =================
+++++++++++ Find New Best Min ACC +++++++++++
The acc is 0.5000, 0.5000, 0.5000
Time Consumption for one epoch is 9.18502926826477s
======================================= Epoch 1 =======================================
================= Test Set =================
The acc is 0.5000, 0.5000, 0.5000
Time Consumption for one epoch is 8.13260269165039s
======================================= Epoch 2 =======================================
================= Test Set =================
+++++++++++ Find New Best Min ACC +++++++++++
The acc is 0.5136, 0.4545, 0.5284
Time Consumption for one epoch is 8.781779766082764s
======================================= Epoch 3 =======================================
================= Test Set =================
The acc is 0.5136, 0.4545, 0.5284
Time Consumption for one epoch is 8.521430015563965s
======================================= Epoch 4 =======================================
================= Test Set =================
The acc is 0.5136, 0.4545, 0.5284
Time Consumption for one epoch is 9.231599569320679s
======================================= Epoch 5 =======================================
================= Test Set =================
The acc is 0.5136, 0.4545, 0.5284
Time Consumption for one epoch is 8.548671007156372s
======================================= Epoch 6 =======================================
================= Test Set =================
The acc is 0.5136, 0.4545, 0.5284
Time Consumption for one epoch is 8.289909839630127s
======================================= Epoch 7 =======================================
================= Test Set =================
+++++++++++ Find New Best Min ACC +++++++++++
The acc is 0.5227, 0.5000, 0.5284
Time Consumption for one epoch is 8.504780769348145s
======================================= Epoch 8 =======================================
================= Test Set =================
+++++++++++ Find New Best Min ACC +++++++++++
The acc is 0.5773, 0.5227, 0.5909
Time Consumption for one epoch is 8.802425861358643s
======================================= Epoch 9 =======================================
================= Test Set =================
The acc is 0.5773, 0.5227, 0.5909
Time Consumption for one epoch is 7.8380725383758545s
======================================= Epoch 10 =======================================
================= Test Set =================
+++++++++++ Find New Best Min ACC +++++++++++
The acc is 0.6545, 0.5000, 0.6932
Time Consumption for one epoch is 9.591797113418579s
======================================= Epoch 11 =======================================
================= Test Set =================
+++++++++++ Find New Best Min ACC +++++++++++
The acc is 0.6682, 0.5682, 0.6932
Time Consumption for one epoch is 8.618607997894287s
======================================= Epoch 12 =======================================
================= Test Set =================
The acc is 0.6682, 0.5682, 0.6932
Time Consumption for one epoch is 8.931956768035889s
======================================= Epoch 13 =======================================
================= Test Set =================
The acc is 0.6682, 0.5682, 0.6932
Time Consumption for one epoch is 8.92264199256897s
======================================= Epoch 14 =======================================
================= Test Set =================
The acc is 0.6682, 0.5682, 0.6932
Time Consumption for one epoch is 8.632075071334839s
======================================= Epoch 15 =======================================
================= Test Set =================
+++++++++++ Find New Best Min ACC +++++++++++
The acc is 0.6727, 0.5455, 0.7045
Time Consumption for one epoch is 7.599059581756592s
======================================= Epoch 16 =======================================
================= Test Set =================
+++++++++++ Find New Best Min ACC +++++++++++
The acc is 0.6864, 0.6136, 0.7045
Time Consumption for one epoch is 9.530821561813354s
======================================= Epoch 17 =======================================
================= Test Set =================
The acc is 0.6864, 0.6136, 0.7045
Time Consumption for one epoch is 8.758228063583374s
======================================= Epoch 18 =======================================
================= Test Set =================
The acc is 0.6864, 0.6136, 0.7045
Time Consumption for one epoch is 7.815393924713135s
======================================= Epoch 19 =======================================
================= Test Set =================
The acc is 0.6864, 0.6136, 0.7045
Time Consumption for one epoch is 8.561209678649902s
The final acc is 0.6864, 0.6136, 0.7045
