Namespace(data_dir='/data/yihua/dataset/celeba/celeba.hdf5', result_dir='results', checkpoint=None, resume=False, domain_attrs='Male', target_attrs='Blond_Hair', exp_name=None, batch_size=512, lr=0.0001, wd=2e-05, epochs=20, seed=42, num_workers=8, arch='resnet9', evaluate=False, gv=0.05, gr=0.1)
======================================= Epoch 0 =======================================
================= Test Set =================
+++++++++++ Find New Best Min ACC +++++++++++
The acc is 0.5667, 0.5333, 0.5750
Time Consumption for one epoch is 28.554599285125732s
======================================= Epoch 1 =======================================
================= Test Set =================
+++++++++++ Find New Best Min ACC +++++++++++
The acc is 0.8817, 0.8417, 0.8917
Time Consumption for one epoch is 25.861743927001953s
======================================= Epoch 2 =======================================
================= Test Set =================
+++++++++++ Find New Best Min ACC +++++++++++
The acc is 0.8917, 0.8389, 0.9049
Time Consumption for one epoch is 26.039681434631348s
======================================= Epoch 3 =======================================
================= Test Set =================
The acc is 0.8917, 0.8389, 0.9049
Time Consumption for one epoch is 25.443000555038452s
======================================= Epoch 4 =======================================
================= Test Set =================
+++++++++++ Find New Best Min ACC +++++++++++
The acc is 0.9039, 0.8667, 0.9132
Time Consumption for one epoch is 24.764024019241333s
======================================= Epoch 5 =======================================
================= Test Set =================
+++++++++++ Find New Best Min ACC +++++++++++
The acc is 0.9094, 0.8944, 0.9132
Time Consumption for one epoch is 25.355681896209717s
======================================= Epoch 6 =======================================
================= Test Set =================
The acc is 0.9094, 0.8944, 0.9132
Time Consumption for one epoch is 25.623159408569336s
======================================= Epoch 7 =======================================
================= Test Set =================
The acc is 0.9094, 0.8944, 0.9132
Time Consumption for one epoch is 24.44098472595215s
======================================= Epoch 8 =======================================
================= Test Set =================
+++++++++++ Find New Best Min ACC +++++++++++
The acc is 0.9100, 0.9028, 0.9118
Time Consumption for one epoch is 25.367379188537598s
======================================= Epoch 9 =======================================
================= Test Set =================
The acc is 0.9100, 0.9028, 0.9118
Time Consumption for one epoch is 24.444684505462646s
======================================= Epoch 10 =======================================
================= Test Set =================
The acc is 0.9100, 0.9028, 0.9118
Time Consumption for one epoch is 24.077736139297485s
======================================= Epoch 11 =======================================
================= Test Set =================
+++++++++++ Find New Best Min ACC +++++++++++
The acc is 0.9183, 0.8917, 0.9250
Time Consumption for one epoch is 24.876270532608032s
======================================= Epoch 12 =======================================
================= Test Set =================
+++++++++++ Find New Best Min ACC +++++++++++
The acc is 0.9200, 0.9139, 0.9215
Time Consumption for one epoch is 24.053279638290405s
======================================= Epoch 13 =======================================
================= Test Set =================
The acc is 0.9200, 0.9139, 0.9215
Time Consumption for one epoch is 25.00077748298645s
======================================= Epoch 14 =======================================
================= Test Set =================
The acc is 0.9200, 0.9139, 0.9215
Time Consumption for one epoch is 24.842262983322144s
======================================= Epoch 15 =======================================
================= Test Set =================
The acc is 0.9200, 0.9139, 0.9215
Time Consumption for one epoch is 24.577301263809204s
======================================= Epoch 16 =======================================
================= Test Set =================
The acc is 0.9200, 0.9139, 0.9215
Time Consumption for one epoch is 24.774261951446533s
======================================= Epoch 17 =======================================
================= Test Set =================
The acc is 0.9200, 0.9139, 0.9215
Time Consumption for one epoch is 26.00581455230713s
======================================= Epoch 18 =======================================
================= Test Set =================
The acc is 0.9200, 0.9139, 0.9215
Time Consumption for one epoch is 25.118286609649658s
======================================= Epoch 19 =======================================
================= Test Set =================
The acc is 0.9200, 0.9139, 0.9215
Time Consumption for one epoch is 24.493375778198242s
The final acc is 0.9200, 0.9139, 0.9215
