Namespace(data_dir='/data/yihua/dataset/celeba/celeba.hdf5', result_dir='crop_study', checkpoint=None, resume=False, domain_attrs='Male', target_attrs='Blond_Hair', exp_name=None, batch_size=512, lr=0.0001, wd=2e-05, epochs=20, seed=2022, num_workers=8, arch='resnet9', evaluate=False, total_num=5000, test_num=1000, gv=180.0, gr=0.1, minor_ratio=0.2, add_aug='crop')
======================================= Epoch 0 =======================================
================= Test Set =================
+++++++++++ Find New Best Min ACC +++++++++++
The acc is 0.4624, 0.4186, 0.5000
Time Consumption for one epoch is 16.246784687042236s
======================================= Epoch 1 =======================================
================= Test Set =================
The acc is 0.4624, 0.4186, 0.5000
Time Consumption for one epoch is 13.835177183151245s
======================================= Epoch 2 =======================================
================= Test Set =================
+++++++++++ Find New Best Min ACC +++++++++++
The acc is 0.4978, 0.4349, 0.5520
Time Consumption for one epoch is 14.27253270149231s
======================================= Epoch 3 =======================================
================= Test Set =================
+++++++++++ Find New Best Min ACC +++++++++++
The acc is 0.7409, 0.6953, 0.7800
Time Consumption for one epoch is 13.864033937454224s
======================================= Epoch 4 =======================================
================= Test Set =================
+++++++++++ Find New Best Min ACC +++++++++++
The acc is 0.8118, 0.7884, 0.8320
Time Consumption for one epoch is 14.77682614326477s
======================================= Epoch 5 =======================================
================= Test Set =================
+++++++++++ Find New Best Min ACC +++++++++++
The acc is 0.8677, 0.8535, 0.8800
Time Consumption for one epoch is 14.767554521560669s
======================================= Epoch 6 =======================================
================= Test Set =================
+++++++++++ Find New Best Min ACC +++++++++++
The acc is 0.8839, 0.8721, 0.8940
Time Consumption for one epoch is 14.353558778762817s
======================================= Epoch 7 =======================================
================= Test Set =================
The acc is 0.8839, 0.8721, 0.8940
Time Consumption for one epoch is 14.259861707687378s
======================================= Epoch 8 =======================================
================= Test Set =================
The acc is 0.8839, 0.8721, 0.8940
Time Consumption for one epoch is 14.249359846115112s
======================================= Epoch 9 =======================================
================= Test Set =================
The acc is 0.8839, 0.8721, 0.8940
Time Consumption for one epoch is 14.333232879638672s
======================================= Epoch 10 =======================================
================= Test Set =================
The acc is 0.8839, 0.8721, 0.8940
Time Consumption for one epoch is 14.124594926834106s
======================================= Epoch 11 =======================================
================= Test Set =================
The acc is 0.8839, 0.8721, 0.8940
Time Consumption for one epoch is 14.53329849243164s
======================================= Epoch 12 =======================================
================= Test Set =================
+++++++++++ Find New Best Min ACC +++++++++++
The acc is 0.8892, 0.8767, 0.9000
Time Consumption for one epoch is 14.293041467666626s
======================================= Epoch 13 =======================================
================= Test Set =================
The acc is 0.8892, 0.8767, 0.9000
Time Consumption for one epoch is 14.28525972366333s
======================================= Epoch 14 =======================================
================= Test Set =================
+++++++++++ Find New Best Min ACC +++++++++++
The acc is 0.8925, 0.8884, 0.8960
Time Consumption for one epoch is 14.054940700531006s
======================================= Epoch 15 =======================================
================= Test Set =================
The acc is 0.8925, 0.8884, 0.8960
Time Consumption for one epoch is 14.557823419570923s
======================================= Epoch 16 =======================================
================= Test Set =================
The acc is 0.8925, 0.8884, 0.8960
Time Consumption for one epoch is 14.004283905029297s
======================================= Epoch 17 =======================================
================= Test Set =================
+++++++++++ Find New Best Min ACC +++++++++++
The acc is 0.8957, 0.8884, 0.9020
Time Consumption for one epoch is 14.710288524627686s
======================================= Epoch 18 =======================================
================= Test Set =================
+++++++++++ Find New Best Min ACC +++++++++++
The acc is 0.9011, 0.8930, 0.9080
Time Consumption for one epoch is 14.148072004318237s
======================================= Epoch 19 =======================================
================= Test Set =================
The acc is 0.9011, 0.8930, 0.9080
Time Consumption for one epoch is 14.930323362350464s
The final acc is 0.9011, 0.8930, 0.9080
