Namespace(data_dir='/data/yihua/dataset/celeba/celeba.hdf5', result_dir='crop_study', checkpoint=None, resume=False, domain_attrs='Male', target_attrs='Blond_Hair', exp_name=None, batch_size=512, lr=0.0001, wd=2e-05, epochs=20, seed=2022, num_workers=8, arch='resnet18', evaluate=False, total_num=5000, test_num=1000, gv=140.0, gr=0.5, minor_ratio=0.2, add_aug='crop')
======================================= Epoch 0 =======================================
================= Test Set =================
+++++++++++ Find New Best Min ACC +++++++++++
The acc is 0.5355, 0.5767, 0.5000
Time Consumption for one epoch is 22.839107036590576s
======================================= Epoch 1 =======================================
================= Test Set =================
+++++++++++ Find New Best Min ACC +++++++++++
The acc is 0.5376, 0.5814, 0.5000
Time Consumption for one epoch is 20.738558292388916s
======================================= Epoch 2 =======================================
================= Test Set =================
The acc is 0.5376, 0.5814, 0.5000
Time Consumption for one epoch is 19.742133378982544s
======================================= Epoch 3 =======================================
================= Test Set =================
+++++++++++ Find New Best Min ACC +++++++++++
The acc is 0.5462, 0.5953, 0.5040
Time Consumption for one epoch is 22.66141438484192s
======================================= Epoch 4 =======================================
================= Test Set =================
+++++++++++ Find New Best Min ACC +++++++++++
The acc is 0.7204, 0.7140, 0.7260
Time Consumption for one epoch is 20.143951416015625s
======================================= Epoch 5 =======================================
================= Test Set =================
+++++++++++ Find New Best Min ACC +++++++++++
The acc is 0.8226, 0.7930, 0.8480
Time Consumption for one epoch is 22.405149221420288s
======================================= Epoch 6 =======================================
================= Test Set =================
+++++++++++ Find New Best Min ACC +++++++++++
The acc is 0.8538, 0.8209, 0.8820
Time Consumption for one epoch is 21.388209581375122s
======================================= Epoch 7 =======================================
================= Test Set =================
+++++++++++ Find New Best Min ACC +++++++++++
The acc is 0.8613, 0.8256, 0.8920
Time Consumption for one epoch is 21.092621564865112s
======================================= Epoch 8 =======================================
================= Test Set =================
+++++++++++ Find New Best Min ACC +++++++++++
The acc is 0.8731, 0.8535, 0.8900
Time Consumption for one epoch is 20.00322985649109s
======================================= Epoch 9 =======================================
================= Test Set =================
+++++++++++ Find New Best Min ACC +++++++++++
The acc is 0.8774, 0.8488, 0.9020
Time Consumption for one epoch is 22.137397050857544s
======================================= Epoch 10 =======================================
================= Test Set =================
+++++++++++ Find New Best Min ACC +++++++++++
The acc is 0.8903, 0.8791, 0.9000
Time Consumption for one epoch is 20.901299476623535s
======================================= Epoch 11 =======================================
================= Test Set =================
The acc is 0.8903, 0.8791, 0.9000
Time Consumption for one epoch is 20.077117443084717s
======================================= Epoch 12 =======================================
================= Test Set =================
The acc is 0.8903, 0.8791, 0.9000
Time Consumption for one epoch is 22.193405628204346s
======================================= Epoch 13 =======================================
================= Test Set =================
The acc is 0.8903, 0.8791, 0.9000
Time Consumption for one epoch is 20.534976720809937s
======================================= Epoch 14 =======================================
================= Test Set =================
+++++++++++ Find New Best Min ACC +++++++++++
The acc is 0.8914, 0.8744, 0.9060
Time Consumption for one epoch is 19.76163411140442s
======================================= Epoch 15 =======================================
================= Test Set =================
The acc is 0.8914, 0.8744, 0.9060
Time Consumption for one epoch is 20.904889822006226s
======================================= Epoch 16 =======================================
================= Test Set =================
The acc is 0.8914, 0.8744, 0.9060
Time Consumption for one epoch is 20.063190937042236s
======================================= Epoch 17 =======================================
================= Test Set =================
+++++++++++ Find New Best Min ACC +++++++++++
The acc is 0.8946, 0.8837, 0.9040
Time Consumption for one epoch is 21.847434997558594s
======================================= Epoch 18 =======================================
================= Test Set =================
+++++++++++ Find New Best Min ACC +++++++++++
The acc is 0.8957, 0.8860, 0.9040
Time Consumption for one epoch is 19.578223705291748s
======================================= Epoch 19 =======================================
================= Test Set =================
+++++++++++ Find New Best Min ACC +++++++++++
The acc is 0.8968, 0.8860, 0.9060
Time Consumption for one epoch is 20.93536949157715s
The final acc is 0.8968, 0.8860, 0.9060
