Namespace(data_dir='/data/yihua/dataset/celeba/celeba.hdf5', result_dir='crop_study', checkpoint=None, resume=False, domain_attrs='Male', target_attrs='Blond_Hair', exp_name=None, batch_size=512, lr=0.0001, wd=2e-05, epochs=20, seed=2022, num_workers=8, arch='resnet18', evaluate=False, total_num=5000, test_num=1000, gv=220.0, gr=0.1, minor_ratio=0.2, add_aug='crop')
======================================= Epoch 0 =======================================
================= Test Set =================
+++++++++++ Find New Best Min ACC +++++++++++
The acc is 0.6785, 0.6651, 0.6900
Time Consumption for one epoch is 22.635777950286865s
======================================= Epoch 1 =======================================
================= Test Set =================
The acc is 0.6785, 0.6651, 0.6900
Time Consumption for one epoch is 18.972862482070923s
======================================= Epoch 2 =======================================
================= Test Set =================
The acc is 0.6785, 0.6651, 0.6900
Time Consumption for one epoch is 18.843465566635132s
======================================= Epoch 3 =======================================
================= Test Set =================
The acc is 0.6785, 0.6651, 0.6900
Time Consumption for one epoch is 18.310929775238037s
======================================= Epoch 4 =======================================
================= Test Set =================
The acc is 0.6785, 0.6651, 0.6900
Time Consumption for one epoch is 19.247292518615723s
======================================= Epoch 5 =======================================
================= Test Set =================
+++++++++++ Find New Best Min ACC +++++++++++
The acc is 0.8409, 0.8140, 0.8640
Time Consumption for one epoch is 19.018463611602783s
======================================= Epoch 6 =======================================
================= Test Set =================
The acc is 0.8409, 0.8140, 0.8640
Time Consumption for one epoch is 18.79762363433838s
======================================= Epoch 7 =======================================
================= Test Set =================
+++++++++++ Find New Best Min ACC +++++++++++
The acc is 0.8860, 0.8651, 0.9040
Time Consumption for one epoch is 20.65208339691162s
======================================= Epoch 8 =======================================
================= Test Set =================
The acc is 0.8860, 0.8651, 0.9040
Time Consumption for one epoch is 21.70473623275757s
======================================= Epoch 9 =======================================
================= Test Set =================
+++++++++++ Find New Best Min ACC +++++++++++
The acc is 0.8882, 0.8698, 0.9040
Time Consumption for one epoch is 20.434317588806152s
======================================= Epoch 10 =======================================
================= Test Set =================
The acc is 0.8882, 0.8698, 0.9040
Time Consumption for one epoch is 19.144072771072388s
======================================= Epoch 11 =======================================
================= Test Set =================
The acc is 0.8882, 0.8698, 0.9040
Time Consumption for one epoch is 21.07291030883789s
======================================= Epoch 12 =======================================
================= Test Set =================
The acc is 0.8882, 0.8698, 0.9040
Time Consumption for one epoch is 19.366252660751343s
======================================= Epoch 13 =======================================
================= Test Set =================
The acc is 0.8882, 0.8698, 0.9040
Time Consumption for one epoch is 20.62373375892639s
======================================= Epoch 14 =======================================
================= Test Set =================
The acc is 0.8882, 0.8698, 0.9040
Time Consumption for one epoch is 19.880282640457153s
======================================= Epoch 15 =======================================
================= Test Set =================
The acc is 0.8882, 0.8698, 0.9040
Time Consumption for one epoch is 20.540855169296265s
======================================= Epoch 16 =======================================
================= Test Set =================
+++++++++++ Find New Best Min ACC +++++++++++
The acc is 0.8935, 0.8767, 0.9080
Time Consumption for one epoch is 19.77693271636963s
======================================= Epoch 17 =======================================
================= Test Set =================
The acc is 0.8935, 0.8767, 0.9080
Time Consumption for one epoch is 20.47520899772644s
======================================= Epoch 18 =======================================
================= Test Set =================
The acc is 0.8935, 0.8767, 0.9080
Time Consumption for one epoch is 19.255291223526s
======================================= Epoch 19 =======================================
================= Test Set =================
+++++++++++ Find New Best Min ACC +++++++++++
The acc is 0.8957, 0.8884, 0.9020
Time Consumption for one epoch is 19.92554521560669s
The final acc is 0.8957, 0.8884, 0.9020
