Namespace(data_dir='/data/yihua/dataset/celeba/celeba.hdf5', result_dir='results', checkpoint=None, resume=False, domain_attrs='Male', target_attrs='Blond_Hair', exp_name=None, batch_size=512, lr=0.0001, wd=2e-05, epochs=20, seed=2020, num_workers=8, arch='resnet9', evaluate=False, gv=0.45, gr=0.5)
======================================= Epoch 0 =======================================
================= Test Set =================
+++++++++++ Find New Best Min ACC +++++++++++
The acc is 0.8267, 0.8000, 0.8333
Time Consumption for one epoch is 26.600870847702026s
======================================= Epoch 1 =======================================
================= Test Set =================
+++++++++++ Find New Best Min ACC +++++++++++
The acc is 0.8694, 0.8000, 0.8868
Time Consumption for one epoch is 26.575178861618042s
======================================= Epoch 2 =======================================
================= Test Set =================
+++++++++++ Find New Best Min ACC +++++++++++
The acc is 0.8972, 0.8472, 0.9097
Time Consumption for one epoch is 25.41619896888733s
======================================= Epoch 3 =======================================
================= Test Set =================
The acc is 0.8972, 0.8472, 0.9097
Time Consumption for one epoch is 24.017054080963135s
======================================= Epoch 4 =======================================
================= Test Set =================
The acc is 0.8972, 0.8472, 0.9097
Time Consumption for one epoch is 26.2241108417511s
======================================= Epoch 5 =======================================
================= Test Set =================
The acc is 0.8972, 0.8472, 0.9097
Time Consumption for one epoch is 25.620267391204834s
======================================= Epoch 6 =======================================
================= Test Set =================
The acc is 0.8972, 0.8472, 0.9097
Time Consumption for one epoch is 24.64191198348999s
======================================= Epoch 7 =======================================
================= Test Set =================
+++++++++++ Find New Best Min ACC +++++++++++
The acc is 0.9144, 0.9000, 0.9181
Time Consumption for one epoch is 26.252737760543823s
======================================= Epoch 8 =======================================
================= Test Set =================
+++++++++++ Find New Best Min ACC +++++++++++
The acc is 0.9161, 0.8944, 0.9215
Time Consumption for one epoch is 25.969365119934082s
======================================= Epoch 9 =======================================
================= Test Set =================
The acc is 0.9161, 0.8944, 0.9215
Time Consumption for one epoch is 25.99522089958191s
======================================= Epoch 10 =======================================
================= Test Set =================
The acc is 0.9161, 0.8944, 0.9215
Time Consumption for one epoch is 25.56762933731079s
======================================= Epoch 11 =======================================
================= Test Set =================
The acc is 0.9161, 0.8944, 0.9215
Time Consumption for one epoch is 25.093326568603516s
======================================= Epoch 12 =======================================
================= Test Set =================
The acc is 0.9161, 0.8944, 0.9215
Time Consumption for one epoch is 24.706631660461426s
======================================= Epoch 13 =======================================
================= Test Set =================
The acc is 0.9161, 0.8944, 0.9215
Time Consumption for one epoch is 25.11738085746765s
======================================= Epoch 14 =======================================
================= Test Set =================
The acc is 0.9161, 0.8944, 0.9215
Time Consumption for one epoch is 24.938721418380737s
======================================= Epoch 15 =======================================
================= Test Set =================
The acc is 0.9161, 0.8944, 0.9215
Time Consumption for one epoch is 25.72865319252014s
======================================= Epoch 16 =======================================
================= Test Set =================
+++++++++++ Find New Best Min ACC +++++++++++
The acc is 0.9211, 0.9028, 0.9257
Time Consumption for one epoch is 25.83279514312744s
======================================= Epoch 17 =======================================
================= Test Set =================
The acc is 0.9211, 0.9028, 0.9257
Time Consumption for one epoch is 24.50589346885681s
======================================= Epoch 18 =======================================
================= Test Set =================
The acc is 0.9211, 0.9028, 0.9257
Time Consumption for one epoch is 24.764877319335938s
======================================= Epoch 19 =======================================
================= Test Set =================
The acc is 0.9211, 0.9028, 0.9257
Time Consumption for one epoch is 24.53755807876587s
The final acc is 0.9211, 0.9028, 0.9257
