Namespace(data_dir='/data/yihua/dataset/celeba/celeba.hdf5', result_dir='crop_study', checkpoint=None, resume=False, domain_attrs='Male', target_attrs='Blond_Hair', exp_name=None, batch_size=512, lr=0.0001, wd=2e-05, epochs=20, seed=2021, num_workers=8, arch='resnet9', evaluate=False, total_num=5000, test_num=1000, gv=100.0, gr=0.5, minor_ratio=0.2, add_aug='crop')
======================================= Epoch 0 =======================================
================= Test Set =================
+++++++++++ Find New Best Min ACC +++++++++++
The acc is 0.4624, 0.4186, 0.5000
Time Consumption for one epoch is 16.379037141799927s
======================================= Epoch 1 =======================================
================= Test Set =================
The acc is 0.4624, 0.4186, 0.5000
Time Consumption for one epoch is 14.689133644104004s
======================================= Epoch 2 =======================================
================= Test Set =================
+++++++++++ Find New Best Min ACC +++++++++++
The acc is 0.6505, 0.5814, 0.7100
Time Consumption for one epoch is 14.342397928237915s
======================================= Epoch 3 =======================================
================= Test Set =================
+++++++++++ Find New Best Min ACC +++++++++++
The acc is 0.7022, 0.6744, 0.7260
Time Consumption for one epoch is 14.449504613876343s
======================================= Epoch 4 =======================================
================= Test Set =================
+++++++++++ Find New Best Min ACC +++++++++++
The acc is 0.8505, 0.8302, 0.8680
Time Consumption for one epoch is 14.712649583816528s
======================================= Epoch 5 =======================================
================= Test Set =================
+++++++++++ Find New Best Min ACC +++++++++++
The acc is 0.8570, 0.8279, 0.8820
Time Consumption for one epoch is 14.369208097457886s
======================================= Epoch 6 =======================================
================= Test Set =================
+++++++++++ Find New Best Min ACC +++++++++++
The acc is 0.8828, 0.8581, 0.9040
Time Consumption for one epoch is 14.04305362701416s
======================================= Epoch 7 =======================================
================= Test Set =================
The acc is 0.8828, 0.8581, 0.9040
Time Consumption for one epoch is 14.56913447380066s
======================================= Epoch 8 =======================================
================= Test Set =================
The acc is 0.8828, 0.8581, 0.9040
Time Consumption for one epoch is 14.34362506866455s
======================================= Epoch 9 =======================================
================= Test Set =================
The acc is 0.8828, 0.8581, 0.9040
Time Consumption for one epoch is 14.480738639831543s
======================================= Epoch 10 =======================================
================= Test Set =================
The acc is 0.8828, 0.8581, 0.9040
Time Consumption for one epoch is 14.055836915969849s
======================================= Epoch 11 =======================================
================= Test Set =================
The acc is 0.8828, 0.8581, 0.9040
Time Consumption for one epoch is 14.51497769355774s
======================================= Epoch 12 =======================================
================= Test Set =================
+++++++++++ Find New Best Min ACC +++++++++++
The acc is 0.8892, 0.8744, 0.9020
Time Consumption for one epoch is 14.976049900054932s
======================================= Epoch 13 =======================================
================= Test Set =================
The acc is 0.8892, 0.8744, 0.9020
Time Consumption for one epoch is 14.543903350830078s
======================================= Epoch 14 =======================================
================= Test Set =================
The acc is 0.8892, 0.8744, 0.9020
Time Consumption for one epoch is 14.415185689926147s
======================================= Epoch 15 =======================================
================= Test Set =================
The acc is 0.8892, 0.8744, 0.9020
Time Consumption for one epoch is 13.951640129089355s
======================================= Epoch 16 =======================================
================= Test Set =================
The acc is 0.8892, 0.8744, 0.9020
Time Consumption for one epoch is 14.482817888259888s
======================================= Epoch 17 =======================================
================= Test Set =================
The acc is 0.8892, 0.8744, 0.9020
Time Consumption for one epoch is 15.116356372833252s
======================================= Epoch 18 =======================================
================= Test Set =================
+++++++++++ Find New Best Min ACC +++++++++++
The acc is 0.8935, 0.8767, 0.9080
Time Consumption for one epoch is 14.48656153678894s
======================================= Epoch 19 =======================================
================= Test Set =================
+++++++++++ Find New Best Min ACC +++++++++++
The acc is 0.8957, 0.8814, 0.9080
Time Consumption for one epoch is 14.277652978897095s
The final acc is 0.8957, 0.8814, 0.9080
