Namespace(data_dir='/data/yihua/dataset/celeba/celeba.hdf5', result_dir='rotation_study', checkpoint=None, resume=False, domain_attrs='Male', target_attrs='Blond_Hair', exp_name=None, batch_size=512, lr=0.0001, wd=2e-05, epochs=20, seed=2022, num_workers=8, arch='resnet18', evaluate=False, total_num=5000, test_num=1000, gv=180.0, gr=0.1, minor_ratio=0.2, add_aug='rotation')
======================================= Epoch 0 =======================================
================= Test Set =================
+++++++++++ Find New Best Min ACC +++++++++++
The acc is 0.4645, 0.4186, 0.5040
Time Consumption for one epoch is 21.46873188018799s
======================================= Epoch 1 =======================================
================= Test Set =================
+++++++++++ Find New Best Min ACC +++++++++++
The acc is 0.5505, 0.6000, 0.5080
Time Consumption for one epoch is 19.478559732437134s
======================================= Epoch 2 =======================================
================= Test Set =================
The acc is 0.5505, 0.6000, 0.5080
Time Consumption for one epoch is 21.48109269142151s
======================================= Epoch 3 =======================================
================= Test Set =================
+++++++++++ Find New Best Min ACC +++++++++++
The acc is 0.5806, 0.6209, 0.5460
Time Consumption for one epoch is 19.811044454574585s
======================================= Epoch 4 =======================================
================= Test Set =================
The acc is 0.5806, 0.6209, 0.5460
Time Consumption for one epoch is 19.477858781814575s
======================================= Epoch 5 =======================================
================= Test Set =================
+++++++++++ Find New Best Min ACC +++++++++++
The acc is 0.8376, 0.7953, 0.8740
Time Consumption for one epoch is 20.20952033996582s
======================================= Epoch 6 =======================================
================= Test Set =================
The acc is 0.8376, 0.7953, 0.8740
Time Consumption for one epoch is 19.928179502487183s
======================================= Epoch 7 =======================================
================= Test Set =================
The acc is 0.8376, 0.7953, 0.8740
Time Consumption for one epoch is 19.19758939743042s
======================================= Epoch 8 =======================================
================= Test Set =================
The acc is 0.8376, 0.7953, 0.8740
Time Consumption for one epoch is 19.54172706604004s
======================================= Epoch 9 =======================================
================= Test Set =================
+++++++++++ Find New Best Min ACC +++++++++++
The acc is 0.8806, 0.8698, 0.8900
Time Consumption for one epoch is 21.01787781715393s
======================================= Epoch 10 =======================================
================= Test Set =================
The acc is 0.8806, 0.8698, 0.8900
Time Consumption for one epoch is 19.965484142303467s
======================================= Epoch 11 =======================================
================= Test Set =================
The acc is 0.8806, 0.8698, 0.8900
Time Consumption for one epoch is 21.287569522857666s
======================================= Epoch 12 =======================================
================= Test Set =================
+++++++++++ Find New Best Min ACC +++++++++++
The acc is 0.8849, 0.8628, 0.9040
Time Consumption for one epoch is 19.42796516418457s
======================================= Epoch 13 =======================================
================= Test Set =================
The acc is 0.8849, 0.8628, 0.9040
Time Consumption for one epoch is 18.885910749435425s
======================================= Epoch 14 =======================================
================= Test Set =================
The acc is 0.8849, 0.8628, 0.9040
Time Consumption for one epoch is 20.875736236572266s
======================================= Epoch 15 =======================================
================= Test Set =================
The acc is 0.8849, 0.8628, 0.9040
Time Consumption for one epoch is 18.698232650756836s
======================================= Epoch 16 =======================================
================= Test Set =================
+++++++++++ Find New Best Min ACC +++++++++++
The acc is 0.8925, 0.8767, 0.9060
Time Consumption for one epoch is 22.04353356361389s
======================================= Epoch 17 =======================================
================= Test Set =================
+++++++++++ Find New Best Min ACC +++++++++++
The acc is 0.8935, 0.8767, 0.9080
Time Consumption for one epoch is 20.657203197479248s
======================================= Epoch 18 =======================================
================= Test Set =================
The acc is 0.8935, 0.8767, 0.9080
Time Consumption for one epoch is 19.438170194625854s
======================================= Epoch 19 =======================================
================= Test Set =================
The acc is 0.8935, 0.8767, 0.9080
Time Consumption for one epoch is 20.852975845336914s
The final acc is 0.8935, 0.8767, 0.9080
