Namespace(data_dir='/data/yihua/dataset/celeba/celeba.hdf5', result_dir='results', checkpoint=None, resume=False, domain_attrs='Male', target_attrs='Blond_Hair', exp_name=None, batch_size=512, lr=0.0001, wd=2e-05, epochs=20, seed=2020, num_workers=8, arch='resnet9', evaluate=False, gv=1e-05, gr=0.1)
======================================= Epoch 0 =======================================
================= Test Set =================
+++++++++++ Find New Best Min ACC +++++++++++
The acc is 0.6833, 0.6056, 0.7028
Time Consumption for one epoch is 26.66205096244812s
======================================= Epoch 1 =======================================
================= Test Set =================
+++++++++++ Find New Best Min ACC +++++++++++
The acc is 0.8444, 0.7556, 0.8667
Time Consumption for one epoch is 23.765272855758667s
======================================= Epoch 2 =======================================
================= Test Set =================
+++++++++++ Find New Best Min ACC +++++++++++
The acc is 0.8894, 0.8833, 0.8910
Time Consumption for one epoch is 24.720396280288696s
======================================= Epoch 3 =======================================
================= Test Set =================
+++++++++++ Find New Best Min ACC +++++++++++
The acc is 0.9022, 0.8583, 0.9132
Time Consumption for one epoch is 23.090816974639893s
======================================= Epoch 4 =======================================
================= Test Set =================
The acc is 0.9022, 0.8583, 0.9132
Time Consumption for one epoch is 22.969176769256592s
======================================= Epoch 5 =======================================
================= Test Set =================
+++++++++++ Find New Best Min ACC +++++++++++
The acc is 0.9089, 0.8917, 0.9132
Time Consumption for one epoch is 24.48816156387329s
======================================= Epoch 6 =======================================
================= Test Set =================
The acc is 0.9089, 0.8917, 0.9132
Time Consumption for one epoch is 25.028805255889893s
======================================= Epoch 7 =======================================
================= Test Set =================
+++++++++++ Find New Best Min ACC +++++++++++
The acc is 0.9167, 0.9000, 0.9208
Time Consumption for one epoch is 25.245765447616577s
======================================= Epoch 8 =======================================
================= Test Set =================
The acc is 0.9167, 0.9000, 0.9208
Time Consumption for one epoch is 24.379352569580078s
======================================= Epoch 9 =======================================
================= Test Set =================
The acc is 0.9167, 0.9000, 0.9208
Time Consumption for one epoch is 23.47002863883972s
======================================= Epoch 10 =======================================
================= Test Set =================
The acc is 0.9167, 0.9000, 0.9208
Time Consumption for one epoch is 23.16511106491089s
======================================= Epoch 11 =======================================
================= Test Set =================
+++++++++++ Find New Best Min ACC +++++++++++
The acc is 0.9200, 0.9167, 0.9208
Time Consumption for one epoch is 24.18104338645935s
======================================= Epoch 12 =======================================
================= Test Set =================
The acc is 0.9200, 0.9167, 0.9208
Time Consumption for one epoch is 23.509196519851685s
======================================= Epoch 13 =======================================
================= Test Set =================
The acc is 0.9200, 0.9167, 0.9208
Time Consumption for one epoch is 22.969006299972534s
======================================= Epoch 14 =======================================
================= Test Set =================
The acc is 0.9200, 0.9167, 0.9208
Time Consumption for one epoch is 23.285098791122437s
======================================= Epoch 15 =======================================
================= Test Set =================
The acc is 0.9200, 0.9167, 0.9208
Time Consumption for one epoch is 24.390546798706055s
======================================= Epoch 16 =======================================
================= Test Set =================
The acc is 0.9200, 0.9167, 0.9208
Time Consumption for one epoch is 22.97256088256836s
======================================= Epoch 17 =======================================
================= Test Set =================
The acc is 0.9200, 0.9167, 0.9208
Time Consumption for one epoch is 24.785882234573364s
======================================= Epoch 18 =======================================
================= Test Set =================
+++++++++++ Find New Best Min ACC +++++++++++
The acc is 0.9211, 0.9111, 0.9236
Time Consumption for one epoch is 25.24160933494568s
======================================= Epoch 19 =======================================
================= Test Set =================
The acc is 0.9211, 0.9111, 0.9236
Time Consumption for one epoch is 22.848494291305542s
The final acc is 0.9211, 0.9111, 0.9236
