Namespace(data_dir='/data/yihua/dataset/celeba/celeba.hdf5', result_dir='results', checkpoint=None, resume=False, domain_attrs='Male', target_attrs='Heavy_Makeup', exp_name=None, batch_size=512, lr=0.0001, wd=2e-05, epochs=20, seed=42, num_workers=8, arch='resnet9', evaluate=False, gv=0.2, gr=0.5)
======================================= Epoch 0 =======================================
================= Test Set =================
+++++++++++ Find New Best Min ACC +++++++++++
The acc is 0.5091, 0.5227, 0.5057
Time Consumption for one epoch is 9.697423219680786s
======================================= Epoch 1 =======================================
================= Test Set =================
The acc is 0.5091, 0.5227, 0.5057
Time Consumption for one epoch is 8.87686562538147s
======================================= Epoch 2 =======================================
================= Test Set =================
The acc is 0.5091, 0.5227, 0.5057
Time Consumption for one epoch is 8.768239498138428s
======================================= Epoch 3 =======================================
================= Test Set =================
The acc is 0.5091, 0.5227, 0.5057
Time Consumption for one epoch is 8.348660945892334s
======================================= Epoch 4 =======================================
================= Test Set =================
The acc is 0.5091, 0.5227, 0.5057
Time Consumption for one epoch is 8.994869232177734s
======================================= Epoch 5 =======================================
================= Test Set =================
+++++++++++ Find New Best Min ACC +++++++++++
The acc is 0.5227, 0.5455, 0.5170
Time Consumption for one epoch is 8.265358686447144s
======================================= Epoch 6 =======================================
================= Test Set =================
+++++++++++ Find New Best Min ACC +++++++++++
The acc is 0.5682, 0.5682, 0.5682
Time Consumption for one epoch is 8.727395057678223s
======================================= Epoch 7 =======================================
================= Test Set =================
+++++++++++ Find New Best Min ACC +++++++++++
The acc is 0.6455, 0.5455, 0.6705
Time Consumption for one epoch is 8.868526458740234s
======================================= Epoch 8 =======================================
================= Test Set =================
The acc is 0.6455, 0.5455, 0.6705
Time Consumption for one epoch is 9.10649299621582s
======================================= Epoch 9 =======================================
================= Test Set =================
+++++++++++ Find New Best Min ACC +++++++++++
The acc is 0.6636, 0.5682, 0.6875
Time Consumption for one epoch is 7.951911687850952s
======================================= Epoch 10 =======================================
================= Test Set =================
+++++++++++ Find New Best Min ACC +++++++++++
The acc is 0.6682, 0.6364, 0.6761
Time Consumption for one epoch is 8.622478485107422s
======================================= Epoch 11 =======================================
================= Test Set =================
The acc is 0.6682, 0.6364, 0.6761
Time Consumption for one epoch is 8.628127098083496s
======================================= Epoch 12 =======================================
================= Test Set =================
+++++++++++ Find New Best Min ACC +++++++++++
The acc is 0.6818, 0.6364, 0.6932
Time Consumption for one epoch is 8.965165138244629s
======================================= Epoch 13 =======================================
================= Test Set =================
The acc is 0.6818, 0.6364, 0.6932
Time Consumption for one epoch is 7.735936641693115s
======================================= Epoch 14 =======================================
================= Test Set =================
+++++++++++ Find New Best Min ACC +++++++++++
The acc is 0.6909, 0.6136, 0.7102
Time Consumption for one epoch is 8.913357019424438s
======================================= Epoch 15 =======================================
================= Test Set =================
The acc is 0.6909, 0.6136, 0.7102
Time Consumption for one epoch is 8.148608684539795s
======================================= Epoch 16 =======================================
================= Test Set =================
The acc is 0.6909, 0.6136, 0.7102
Time Consumption for one epoch is 7.644164562225342s
======================================= Epoch 17 =======================================
================= Test Set =================
The acc is 0.6909, 0.6136, 0.7102
Time Consumption for one epoch is 8.345597505569458s
======================================= Epoch 18 =======================================
================= Test Set =================
The acc is 0.6909, 0.6136, 0.7102
Time Consumption for one epoch is 9.578605651855469s
======================================= Epoch 19 =======================================
================= Test Set =================
The acc is 0.6909, 0.6136, 0.7102
Time Consumption for one epoch is 9.270133972167969s
The final acc is 0.6909, 0.6136, 0.7102
