Namespace(data_dir='/data/yihua/dataset/celeba/celeba.hdf5', result_dir='results', checkpoint=None, resume=False, domain_attrs='Male', target_attrs='Blond_Hair', exp_name=None, batch_size=512, lr=0.0001, wd=2e-05, epochs=20, seed=2022, num_workers=8, arch='resnet9', evaluate=False, gv=1e-06, gr=0.5)
======================================= Epoch 0 =======================================
================= Test Set =================
+++++++++++ Find New Best Min ACC +++++++++++
The acc is 0.5117, 0.4944, 0.5160
Time Consumption for one epoch is 29.138426780700684s
======================================= Epoch 1 =======================================
================= Test Set =================
+++++++++++ Find New Best Min ACC +++++++++++
The acc is 0.8861, 0.8444, 0.8965
Time Consumption for one epoch is 24.911447286605835s
======================================= Epoch 2 =======================================
================= Test Set =================
The acc is 0.8861, 0.8444, 0.8965
Time Consumption for one epoch is 24.394373655319214s
======================================= Epoch 3 =======================================
================= Test Set =================
+++++++++++ Find New Best Min ACC +++++++++++
The acc is 0.9011, 0.8778, 0.9069
Time Consumption for one epoch is 25.524826288223267s
======================================= Epoch 4 =======================================
================= Test Set =================
The acc is 0.9011, 0.8778, 0.9069
Time Consumption for one epoch is 25.96930456161499s
======================================= Epoch 5 =======================================
================= Test Set =================
+++++++++++ Find New Best Min ACC +++++++++++
The acc is 0.9100, 0.9000, 0.9125
Time Consumption for one epoch is 26.407057762145996s
======================================= Epoch 6 =======================================
================= Test Set =================
+++++++++++ Find New Best Min ACC +++++++++++
The acc is 0.9111, 0.8944, 0.9153
Time Consumption for one epoch is 25.498958587646484s
======================================= Epoch 7 =======================================
================= Test Set =================
The acc is 0.9111, 0.8944, 0.9153
Time Consumption for one epoch is 25.394979238510132s
======================================= Epoch 8 =======================================
================= Test Set =================
The acc is 0.9111, 0.8944, 0.9153
Time Consumption for one epoch is 26.983991146087646s
======================================= Epoch 9 =======================================
================= Test Set =================
+++++++++++ Find New Best Min ACC +++++++++++
The acc is 0.9178, 0.9139, 0.9187
Time Consumption for one epoch is 25.96677803993225s
======================================= Epoch 10 =======================================
================= Test Set =================
The acc is 0.9178, 0.9139, 0.9187
Time Consumption for one epoch is 25.41495680809021s
======================================= Epoch 11 =======================================
================= Test Set =================
+++++++++++ Find New Best Min ACC +++++++++++
The acc is 0.9206, 0.9194, 0.9208
Time Consumption for one epoch is 25.211896181106567s
======================================= Epoch 12 =======================================
================= Test Set =================
+++++++++++ Find New Best Min ACC +++++++++++
The acc is 0.9222, 0.9028, 0.9271
Time Consumption for one epoch is 25.0006206035614s
======================================= Epoch 13 =======================================
================= Test Set =================
The acc is 0.9222, 0.9028, 0.9271
Time Consumption for one epoch is 25.21459174156189s
======================================= Epoch 14 =======================================
================= Test Set =================
The acc is 0.9222, 0.9028, 0.9271
Time Consumption for one epoch is 25.288235902786255s
======================================= Epoch 15 =======================================
================= Test Set =================
The acc is 0.9222, 0.9028, 0.9271
Time Consumption for one epoch is 25.36815309524536s
======================================= Epoch 16 =======================================
================= Test Set =================
The acc is 0.9222, 0.9028, 0.9271
Time Consumption for one epoch is 26.214487314224243s
======================================= Epoch 17 =======================================
================= Test Set =================
The acc is 0.9222, 0.9028, 0.9271
Time Consumption for one epoch is 25.540563106536865s
======================================= Epoch 18 =======================================
================= Test Set =================
The acc is 0.9222, 0.9028, 0.9271
Time Consumption for one epoch is 25.224780797958374s
======================================= Epoch 19 =======================================
================= Test Set =================
The acc is 0.9222, 0.9028, 0.9271
Time Consumption for one epoch is 26.19377827644348s
The final acc is 0.9222, 0.9028, 0.9271
