Namespace(data_dir='/data/yihua/dataset/celeba/celeba.hdf5', result_dir='results', checkpoint=None, resume=False, domain_attrs='Male', target_attrs='Heavy_Makeup', exp_name=None, batch_size=512, lr=0.0001, wd=2e-05, epochs=20, seed=2020, num_workers=8, arch='resnet9', evaluate=False, gv=10.0, gr=0.3)
======================================= Epoch 0 =======================================
================= Test Set =================
+++++++++++ Find New Best Min ACC +++++++++++
The acc is 0.5000, 0.5000, 0.5000
Time Consumption for one epoch is 9.050646781921387s
======================================= Epoch 1 =======================================
================= Test Set =================
The acc is 0.5000, 0.5000, 0.5000
Time Consumption for one epoch is 9.147227764129639s
======================================= Epoch 2 =======================================
================= Test Set =================
The acc is 0.5000, 0.5000, 0.5000
Time Consumption for one epoch is 8.716164827346802s
======================================= Epoch 3 =======================================
================= Test Set =================
+++++++++++ Find New Best Min ACC +++++++++++
The acc is 0.5545, 0.4773, 0.5739
Time Consumption for one epoch is 9.691734552383423s
======================================= Epoch 4 =======================================
================= Test Set =================
+++++++++++ Find New Best Min ACC +++++++++++
The acc is 0.6045, 0.4545, 0.6420
Time Consumption for one epoch is 8.499531507492065s
======================================= Epoch 5 =======================================
================= Test Set =================
+++++++++++ Find New Best Min ACC +++++++++++
The acc is 0.6182, 0.4773, 0.6534
Time Consumption for one epoch is 7.824751853942871s
======================================= Epoch 6 =======================================
================= Test Set =================
The acc is 0.6182, 0.4773, 0.6534
Time Consumption for one epoch is 9.861322402954102s
======================================= Epoch 7 =======================================
================= Test Set =================
The acc is 0.6182, 0.4773, 0.6534
Time Consumption for one epoch is 7.666003465652466s
======================================= Epoch 8 =======================================
================= Test Set =================
The acc is 0.6182, 0.4773, 0.6534
Time Consumption for one epoch is 8.296345710754395s
======================================= Epoch 9 =======================================
================= Test Set =================
+++++++++++ Find New Best Min ACC +++++++++++
The acc is 0.6455, 0.5455, 0.6705
Time Consumption for one epoch is 10.022760152816772s
======================================= Epoch 10 =======================================
================= Test Set =================
The acc is 0.6455, 0.5455, 0.6705
Time Consumption for one epoch is 8.396482944488525s
======================================= Epoch 11 =======================================
================= Test Set =================
The acc is 0.6455, 0.5455, 0.6705
Time Consumption for one epoch is 8.020597219467163s
======================================= Epoch 12 =======================================
================= Test Set =================
+++++++++++ Find New Best Min ACC +++++++++++
The acc is 0.6545, 0.6136, 0.6648
Time Consumption for one epoch is 8.945598363876343s
======================================= Epoch 13 =======================================
================= Test Set =================
The acc is 0.6545, 0.6136, 0.6648
Time Consumption for one epoch is 9.25410509109497s
======================================= Epoch 14 =======================================
================= Test Set =================
+++++++++++ Find New Best Min ACC +++++++++++
The acc is 0.6727, 0.6136, 0.6875
Time Consumption for one epoch is 7.54002833366394s
======================================= Epoch 15 =======================================
================= Test Set =================
The acc is 0.6727, 0.6136, 0.6875
Time Consumption for one epoch is 8.804165363311768s
======================================= Epoch 16 =======================================
================= Test Set =================
The acc is 0.6727, 0.6136, 0.6875
Time Consumption for one epoch is 9.13331389427185s
======================================= Epoch 17 =======================================
================= Test Set =================
The acc is 0.6727, 0.6136, 0.6875
Time Consumption for one epoch is 8.07190203666687s
======================================= Epoch 18 =======================================
================= Test Set =================
The acc is 0.6727, 0.6136, 0.6875
Time Consumption for one epoch is 8.827570676803589s
======================================= Epoch 19 =======================================
================= Test Set =================
The acc is 0.6727, 0.6136, 0.6875
Time Consumption for one epoch is 9.004263401031494s
The final acc is 0.6727, 0.6136, 0.6875
