Namespace(data_dir='/data/yihua/dataset/celeba/celeba.hdf5', result_dir='results', checkpoint=None, resume=False, domain_attrs='Male', target_attrs='Blond_Hair', exp_name=None, batch_size=512, lr=0.0001, wd=2e-05, epochs=20, seed=2020, num_workers=8, arch='resnet9', evaluate=False, gv=0.5, gr=0.5)
======================================= Epoch 0 =======================================
================= Test Set =================
+++++++++++ Find New Best Min ACC +++++++++++
The acc is 0.8211, 0.7917, 0.8285
Time Consumption for one epoch is 27.022732734680176s
======================================= Epoch 1 =======================================
================= Test Set =================
+++++++++++ Find New Best Min ACC +++++++++++
The acc is 0.8706, 0.7972, 0.8889
Time Consumption for one epoch is 25.639374494552612s
======================================= Epoch 2 =======================================
================= Test Set =================
+++++++++++ Find New Best Min ACC +++++++++++
The acc is 0.8989, 0.8556, 0.9097
Time Consumption for one epoch is 24.88315200805664s
======================================= Epoch 3 =======================================
================= Test Set =================
The acc is 0.8989, 0.8556, 0.9097
Time Consumption for one epoch is 24.105124711990356s
======================================= Epoch 4 =======================================
================= Test Set =================
The acc is 0.8989, 0.8556, 0.9097
Time Consumption for one epoch is 25.06718611717224s
======================================= Epoch 5 =======================================
================= Test Set =================
The acc is 0.8989, 0.8556, 0.9097
Time Consumption for one epoch is 24.65657114982605s
======================================= Epoch 6 =======================================
================= Test Set =================
The acc is 0.8989, 0.8556, 0.9097
Time Consumption for one epoch is 24.714730262756348s
======================================= Epoch 7 =======================================
================= Test Set =================
+++++++++++ Find New Best Min ACC +++++++++++
The acc is 0.9150, 0.8944, 0.9201
Time Consumption for one epoch is 25.9709370136261s
======================================= Epoch 8 =======================================
================= Test Set =================
The acc is 0.9150, 0.8944, 0.9201
Time Consumption for one epoch is 25.253942012786865s
======================================= Epoch 9 =======================================
================= Test Set =================
The acc is 0.9150, 0.8944, 0.9201
Time Consumption for one epoch is 25.62761402130127s
======================================= Epoch 10 =======================================
================= Test Set =================
The acc is 0.9150, 0.8944, 0.9201
Time Consumption for one epoch is 25.599648237228394s
======================================= Epoch 11 =======================================
================= Test Set =================
The acc is 0.9150, 0.8944, 0.9201
Time Consumption for one epoch is 24.482358932495117s
======================================= Epoch 12 =======================================
================= Test Set =================
The acc is 0.9150, 0.8944, 0.9201
Time Consumption for one epoch is 24.3320095539093s
======================================= Epoch 13 =======================================
================= Test Set =================
The acc is 0.9150, 0.8944, 0.9201
Time Consumption for one epoch is 25.145567178726196s
======================================= Epoch 14 =======================================
================= Test Set =================
The acc is 0.9150, 0.8944, 0.9201
Time Consumption for one epoch is 24.597351789474487s
======================================= Epoch 15 =======================================
================= Test Set =================
The acc is 0.9150, 0.8944, 0.9201
Time Consumption for one epoch is 25.141059637069702s
======================================= Epoch 16 =======================================
================= Test Set =================
+++++++++++ Find New Best Min ACC +++++++++++
The acc is 0.9156, 0.9000, 0.9194
Time Consumption for one epoch is 25.68830704689026s
======================================= Epoch 17 =======================================
================= Test Set =================
+++++++++++ Find New Best Min ACC +++++++++++
The acc is 0.9217, 0.9028, 0.9264
Time Consumption for one epoch is 24.275968074798584s
======================================= Epoch 18 =======================================
================= Test Set =================
The acc is 0.9217, 0.9028, 0.9264
Time Consumption for one epoch is 25.070732831954956s
======================================= Epoch 19 =======================================
================= Test Set =================
The acc is 0.9217, 0.9028, 0.9264
Time Consumption for one epoch is 25.536362171173096s
The final acc is 0.9217, 0.9028, 0.9264
