Namespace(data_dir='/data/yihua/dataset/celeba/celeba.hdf5', result_dir='results', checkpoint=None, resume=False, domain_attrs='Male', target_attrs='Blond_Hair', exp_name=None, batch_size=512, lr=0.0001, wd=2e-05, epochs=20, seed=2022, num_workers=8, arch='resnet9', evaluate=False, gv=0.45, gr=0.3)
======================================= Epoch 0 =======================================
================= Test Set =================
+++++++++++ Find New Best Min ACC +++++++++++
The acc is 0.6844, 0.6083, 0.7035
Time Consumption for one epoch is 26.40830683708191s
======================================= Epoch 1 =======================================
================= Test Set =================
+++++++++++ Find New Best Min ACC +++++++++++
The acc is 0.8822, 0.8278, 0.8958
Time Consumption for one epoch is 23.480018854141235s
======================================= Epoch 2 =======================================
================= Test Set =================
The acc is 0.8822, 0.8278, 0.8958
Time Consumption for one epoch is 23.864405155181885s
======================================= Epoch 3 =======================================
================= Test Set =================
The acc is 0.8822, 0.8278, 0.8958
Time Consumption for one epoch is 25.873045682907104s
======================================= Epoch 4 =======================================
================= Test Set =================
+++++++++++ Find New Best Min ACC +++++++++++
The acc is 0.9011, 0.8556, 0.9125
Time Consumption for one epoch is 24.656611680984497s
======================================= Epoch 5 =======================================
================= Test Set =================
The acc is 0.9011, 0.8556, 0.9125
Time Consumption for one epoch is 25.131152629852295s
======================================= Epoch 6 =======================================
================= Test Set =================
+++++++++++ Find New Best Min ACC +++++++++++
The acc is 0.9050, 0.8861, 0.9097
Time Consumption for one epoch is 23.514302968978882s
======================================= Epoch 7 =======================================
================= Test Set =================
The acc is 0.9050, 0.8861, 0.9097
Time Consumption for one epoch is 24.116690397262573s
======================================= Epoch 8 =======================================
================= Test Set =================
+++++++++++ Find New Best Min ACC +++++++++++
The acc is 0.9111, 0.8806, 0.9187
Time Consumption for one epoch is 24.195743322372437s
======================================= Epoch 9 =======================================
================= Test Set =================
+++++++++++ Find New Best Min ACC +++++++++++
The acc is 0.9189, 0.9194, 0.9187
Time Consumption for one epoch is 25.894718885421753s
======================================= Epoch 10 =======================================
================= Test Set =================
The acc is 0.9189, 0.9194, 0.9187
Time Consumption for one epoch is 24.226722717285156s
======================================= Epoch 11 =======================================
================= Test Set =================
The acc is 0.9189, 0.9194, 0.9187
Time Consumption for one epoch is 24.07213568687439s
======================================= Epoch 12 =======================================
================= Test Set =================
The acc is 0.9189, 0.9194, 0.9187
Time Consumption for one epoch is 24.335848331451416s
======================================= Epoch 13 =======================================
================= Test Set =================
+++++++++++ Find New Best Min ACC +++++++++++
The acc is 0.9222, 0.9167, 0.9236
Time Consumption for one epoch is 24.59173274040222s
======================================= Epoch 14 =======================================
================= Test Set =================
The acc is 0.9222, 0.9167, 0.9236
Time Consumption for one epoch is 23.899822473526s
======================================= Epoch 15 =======================================
================= Test Set =================
The acc is 0.9222, 0.9167, 0.9236
Time Consumption for one epoch is 24.338093757629395s
======================================= Epoch 16 =======================================
================= Test Set =================
The acc is 0.9222, 0.9167, 0.9236
Time Consumption for one epoch is 25.111369371414185s
======================================= Epoch 17 =======================================
================= Test Set =================
The acc is 0.9222, 0.9167, 0.9236
Time Consumption for one epoch is 25.468152046203613s
======================================= Epoch 18 =======================================
================= Test Set =================
The acc is 0.9222, 0.9167, 0.9236
Time Consumption for one epoch is 25.73573112487793s
======================================= Epoch 19 =======================================
================= Test Set =================
The acc is 0.9222, 0.9167, 0.9236
Time Consumption for one epoch is 24.37837839126587s
The final acc is 0.9222, 0.9167, 0.9236
