Namespace(data_dir='/data/yihua/dataset/celeba/celeba.hdf5', result_dir='crop_study', checkpoint=None, resume=False, domain_attrs='Male', target_attrs='Blond_Hair', exp_name=None, batch_size=512, lr=0.0001, wd=2e-05, epochs=20, seed=2021, num_workers=8, arch='resnet9', evaluate=False, total_num=5000, test_num=1000, gv=100.0, gr=0.1, minor_ratio=0.2, add_aug='crop')
======================================= Epoch 0 =======================================
================= Test Set =================
+++++++++++ Find New Best Min ACC +++++++++++
The acc is 0.4624, 0.4186, 0.5000
Time Consumption for one epoch is 16.115687608718872s
======================================= Epoch 1 =======================================
================= Test Set =================
The acc is 0.4624, 0.4186, 0.5000
Time Consumption for one epoch is 14.63536024093628s
======================================= Epoch 2 =======================================
================= Test Set =================
+++++++++++ Find New Best Min ACC +++++++++++
The acc is 0.5398, 0.4977, 0.5760
Time Consumption for one epoch is 14.559183120727539s
======================================= Epoch 3 =======================================
================= Test Set =================
+++++++++++ Find New Best Min ACC +++++++++++
The acc is 0.7763, 0.7442, 0.8040
Time Consumption for one epoch is 14.446356296539307s
======================================= Epoch 4 =======================================
================= Test Set =================
+++++++++++ Find New Best Min ACC +++++++++++
The acc is 0.8452, 0.8140, 0.8720
Time Consumption for one epoch is 14.60263705253601s
======================================= Epoch 5 =======================================
================= Test Set =================
+++++++++++ Find New Best Min ACC +++++++++++
The acc is 0.8538, 0.8302, 0.8740
Time Consumption for one epoch is 14.321055889129639s
======================================= Epoch 6 =======================================
================= Test Set =================
+++++++++++ Find New Best Min ACC +++++++++++
The acc is 0.8753, 0.8419, 0.9040
Time Consumption for one epoch is 14.43279504776001s
======================================= Epoch 7 =======================================
================= Test Set =================
+++++++++++ Find New Best Min ACC +++++++++++
The acc is 0.8839, 0.8581, 0.9060
Time Consumption for one epoch is 14.46114706993103s
======================================= Epoch 8 =======================================
================= Test Set =================
The acc is 0.8839, 0.8581, 0.9060
Time Consumption for one epoch is 14.517257928848267s
======================================= Epoch 9 =======================================
================= Test Set =================
The acc is 0.8839, 0.8581, 0.9060
Time Consumption for one epoch is 13.722207307815552s
======================================= Epoch 10 =======================================
================= Test Set =================
The acc is 0.8839, 0.8581, 0.9060
Time Consumption for one epoch is 14.535619497299194s
======================================= Epoch 11 =======================================
================= Test Set =================
+++++++++++ Find New Best Min ACC +++++++++++
The acc is 0.8871, 0.8674, 0.9040
Time Consumption for one epoch is 14.574838638305664s
======================================= Epoch 12 =======================================
================= Test Set =================
The acc is 0.8871, 0.8674, 0.9040
Time Consumption for one epoch is 14.397573709487915s
======================================= Epoch 13 =======================================
================= Test Set =================
The acc is 0.8871, 0.8674, 0.9040
Time Consumption for one epoch is 14.351301193237305s
======================================= Epoch 14 =======================================
================= Test Set =================
+++++++++++ Find New Best Min ACC +++++++++++
The acc is 0.8989, 0.8884, 0.9080
Time Consumption for one epoch is 14.422440767288208s
======================================= Epoch 15 =======================================
================= Test Set =================
The acc is 0.8989, 0.8884, 0.9080
Time Consumption for one epoch is 14.40583348274231s
======================================= Epoch 16 =======================================
================= Test Set =================
The acc is 0.8989, 0.8884, 0.9080
Time Consumption for one epoch is 14.753264427185059s
======================================= Epoch 17 =======================================
================= Test Set =================
The acc is 0.8989, 0.8884, 0.9080
Time Consumption for one epoch is 14.072497606277466s
======================================= Epoch 18 =======================================
================= Test Set =================
The acc is 0.8989, 0.8884, 0.9080
Time Consumption for one epoch is 14.657871007919312s
======================================= Epoch 19 =======================================
================= Test Set =================
The acc is 0.8989, 0.8884, 0.9080
Time Consumption for one epoch is 14.519988059997559s
The final acc is 0.8989, 0.8884, 0.9080
