Namespace(data_dir='/data/yihua/dataset/celeba/celeba.hdf5', result_dir='results', checkpoint=None, resume=False, domain_attrs='Male', target_attrs='High_Cheekbones', exp_name=None, batch_size=512, lr=0.0001, wd=2e-05, epochs=20, seed=2022, num_workers=8, arch='resnet9', evaluate=False, gv=0.3, gr=0.3)
======================================= Epoch 0 =======================================
================= Test Set =================
+++++++++++ Find New Best Min ACC +++++++++++
The acc is 0.8393, 0.7935, 0.8508
Time Consumption for one epoch is 135.32591080665588s
======================================= Epoch 1 =======================================
================= Test Set =================
The acc is 0.8393, 0.7935, 0.8508
Time Consumption for one epoch is 134.87605571746826s
======================================= Epoch 2 =======================================
================= Test Set =================
+++++++++++ Find New Best Min ACC +++++++++++
The acc is 0.8651, 0.8208, 0.8761
Time Consumption for one epoch is 135.34911608695984s
======================================= Epoch 3 =======================================
================= Test Set =================
The acc is 0.8651, 0.8208, 0.8761
Time Consumption for one epoch is 135.6321530342102s
======================================= Epoch 4 =======================================
================= Test Set =================
The acc is 0.8651, 0.8208, 0.8761
Time Consumption for one epoch is 134.92161464691162s
======================================= Epoch 5 =======================================
================= Test Set =================
+++++++++++ Find New Best Min ACC +++++++++++
The acc is 0.8732, 0.8288, 0.8843
Time Consumption for one epoch is 134.2462601661682s
======================================= Epoch 6 =======================================
================= Test Set =================
The acc is 0.8732, 0.8288, 0.8843
Time Consumption for one epoch is 135.21332454681396s
======================================= Epoch 7 =======================================
================= Test Set =================
The acc is 0.8732, 0.8288, 0.8843
Time Consumption for one epoch is 135.09939289093018s
======================================= Epoch 8 =======================================
================= Test Set =================
The acc is 0.8732, 0.8288, 0.8843
Time Consumption for one epoch is 133.14412689208984s
======================================= Epoch 9 =======================================
================= Test Set =================
The acc is 0.8732, 0.8288, 0.8843
Time Consumption for one epoch is 133.70403909683228s
======================================= Epoch 10 =======================================
================= Test Set =================
The acc is 0.8732, 0.8288, 0.8843
Time Consumption for one epoch is 134.12799978256226s
======================================= Epoch 11 =======================================
================= Test Set =================
+++++++++++ Find New Best Min ACC +++++++++++
The acc is 0.8752, 0.8292, 0.8867
Time Consumption for one epoch is 134.5491988658905s
======================================= Epoch 12 =======================================
================= Test Set =================
The acc is 0.8752, 0.8292, 0.8867
Time Consumption for one epoch is 133.15622305870056s
======================================= Epoch 13 =======================================
================= Test Set =================
The acc is 0.8752, 0.8292, 0.8867
Time Consumption for one epoch is 135.19988465309143s
======================================= Epoch 14 =======================================
================= Test Set =================
The acc is 0.8752, 0.8292, 0.8867
Time Consumption for one epoch is 134.63660764694214s
======================================= Epoch 15 =======================================
================= Test Set =================
The acc is 0.8752, 0.8292, 0.8867
Time Consumption for one epoch is 133.49683213233948s
======================================= Epoch 16 =======================================
================= Test Set =================
+++++++++++ Find New Best Min ACC +++++++++++
The acc is 0.8758, 0.8316, 0.8869
Time Consumption for one epoch is 134.3574607372284s
======================================= Epoch 17 =======================================
================= Test Set =================
+++++++++++ Find New Best Min ACC +++++++++++
The acc is 0.8776, 0.8344, 0.8884
Time Consumption for one epoch is 135.53844356536865s
======================================= Epoch 18 =======================================
================= Test Set =================
The acc is 0.8776, 0.8344, 0.8884
Time Consumption for one epoch is 133.83356070518494s
======================================= Epoch 19 =======================================
================= Test Set =================
+++++++++++ Find New Best Min ACC +++++++++++
The acc is 0.8799, 0.8348, 0.8912
Time Consumption for one epoch is 133.2041459083557s
The final acc is 0.8799, 0.8348, 0.8912
