Namespace(data_dir='/data/yihua/dataset/celeba/celeba.hdf5', result_dir='crop_study', checkpoint=None, resume=False, domain_attrs='Male', target_attrs='Blond_Hair', exp_name=None, batch_size=512, lr=0.0001, wd=2e-05, epochs=20, seed=2020, num_workers=8, arch='resnet18', evaluate=False, total_num=5000, test_num=1000, gv=100.0, gr=0.3, minor_ratio=0.2, add_aug='crop')
======================================= Epoch 0 =======================================
================= Test Set =================
+++++++++++ Find New Best Min ACC +++++++++++
The acc is 0.4344, 0.3953, 0.4680
Time Consumption for one epoch is 21.539687633514404s
======================================= Epoch 1 =======================================
================= Test Set =================
+++++++++++ Find New Best Min ACC +++++++++++
The acc is 0.5312, 0.5791, 0.4900
Time Consumption for one epoch is 20.39449977874756s
======================================= Epoch 2 =======================================
================= Test Set =================
+++++++++++ Find New Best Min ACC +++++++++++
The acc is 0.6000, 0.6209, 0.5820
Time Consumption for one epoch is 20.60836172103882s
======================================= Epoch 3 =======================================
================= Test Set =================
+++++++++++ Find New Best Min ACC +++++++++++
The acc is 0.7645, 0.7372, 0.7880
Time Consumption for one epoch is 19.670472383499146s
======================================= Epoch 4 =======================================
================= Test Set =================
+++++++++++ Find New Best Min ACC +++++++++++
The acc is 0.7806, 0.7349, 0.8200
Time Consumption for one epoch is 20.012927532196045s
======================================= Epoch 5 =======================================
================= Test Set =================
+++++++++++ Find New Best Min ACC +++++++++++
The acc is 0.8344, 0.8163, 0.8500
Time Consumption for one epoch is 20.27125906944275s
======================================= Epoch 6 =======================================
================= Test Set =================
+++++++++++ Find New Best Min ACC +++++++++++
The acc is 0.8699, 0.8535, 0.8840
Time Consumption for one epoch is 20.816697359085083s
======================================= Epoch 7 =======================================
================= Test Set =================
The acc is 0.8699, 0.8535, 0.8840
Time Consumption for one epoch is 20.245464324951172s
======================================= Epoch 8 =======================================
================= Test Set =================
+++++++++++ Find New Best Min ACC +++++++++++
The acc is 0.8817, 0.8488, 0.9100
Time Consumption for one epoch is 21.714348793029785s
======================================= Epoch 9 =======================================
================= Test Set =================
The acc is 0.8817, 0.8488, 0.9100
Time Consumption for one epoch is 21.621426820755005s
======================================= Epoch 10 =======================================
================= Test Set =================
The acc is 0.8817, 0.8488, 0.9100
Time Consumption for one epoch is 19.977855443954468s
======================================= Epoch 11 =======================================
================= Test Set =================
The acc is 0.8817, 0.8488, 0.9100
Time Consumption for one epoch is 19.49057388305664s
======================================= Epoch 12 =======================================
================= Test Set =================
The acc is 0.8817, 0.8488, 0.9100
Time Consumption for one epoch is 20.484191417694092s
======================================= Epoch 13 =======================================
================= Test Set =================
The acc is 0.8817, 0.8488, 0.9100
Time Consumption for one epoch is 20.832530736923218s
======================================= Epoch 14 =======================================
================= Test Set =================
+++++++++++ Find New Best Min ACC +++++++++++
The acc is 0.8892, 0.8698, 0.9060
Time Consumption for one epoch is 19.981694221496582s
======================================= Epoch 15 =======================================
================= Test Set =================
The acc is 0.8892, 0.8698, 0.9060
Time Consumption for one epoch is 21.001452684402466s
======================================= Epoch 16 =======================================
================= Test Set =================
The acc is 0.8892, 0.8698, 0.9060
Time Consumption for one epoch is 19.265856504440308s
======================================= Epoch 17 =======================================
================= Test Set =================
The acc is 0.8892, 0.8698, 0.9060
Time Consumption for one epoch is 21.89090919494629s
======================================= Epoch 18 =======================================
================= Test Set =================
The acc is 0.8892, 0.8698, 0.9060
Time Consumption for one epoch is 20.833325147628784s
======================================= Epoch 19 =======================================
================= Test Set =================
The acc is 0.8892, 0.8698, 0.9060
Time Consumption for one epoch is 20.56367301940918s
The final acc is 0.8892, 0.8698, 0.9060
