Namespace(data_dir='/data/yihua/dataset/celeba/celeba.hdf5', result_dir='results', checkpoint=None, resume=False, domain_attrs='Male', target_attrs='Blond_Hair', exp_name=None, batch_size=512, lr=0.0001, wd=2e-05, epochs=20, seed=2022, num_workers=8, arch='resnet9', evaluate=False, gv=0.1, gr=0.5)
======================================= Epoch 0 =======================================
================= Test Set =================
+++++++++++ Find New Best Min ACC +++++++++++
The acc is 0.6561, 0.5778, 0.6757
Time Consumption for one epoch is 29.015079975128174s
======================================= Epoch 1 =======================================
================= Test Set =================
+++++++++++ Find New Best Min ACC +++++++++++
The acc is 0.8833, 0.8111, 0.9014
Time Consumption for one epoch is 25.892808437347412s
======================================= Epoch 2 =======================================
================= Test Set =================
+++++++++++ Find New Best Min ACC +++++++++++
The acc is 0.8894, 0.8333, 0.9035
Time Consumption for one epoch is 25.971397638320923s
======================================= Epoch 3 =======================================
================= Test Set =================
+++++++++++ Find New Best Min ACC +++++++++++
The acc is 0.9028, 0.8861, 0.9069
Time Consumption for one epoch is 25.026912212371826s
======================================= Epoch 4 =======================================
================= Test Set =================
+++++++++++ Find New Best Min ACC +++++++++++
The acc is 0.9089, 0.8972, 0.9118
Time Consumption for one epoch is 25.297247171401978s
======================================= Epoch 5 =======================================
================= Test Set =================
+++++++++++ Find New Best Min ACC +++++++++++
The acc is 0.9094, 0.8889, 0.9146
Time Consumption for one epoch is 24.576869249343872s
======================================= Epoch 6 =======================================
================= Test Set =================
+++++++++++ Find New Best Min ACC +++++++++++
The acc is 0.9111, 0.8833, 0.9181
Time Consumption for one epoch is 26.165014266967773s
======================================= Epoch 7 =======================================
================= Test Set =================
+++++++++++ Find New Best Min ACC +++++++++++
The acc is 0.9128, 0.8861, 0.9194
Time Consumption for one epoch is 25.35153889656067s
======================================= Epoch 8 =======================================
================= Test Set =================
The acc is 0.9128, 0.8861, 0.9194
Time Consumption for one epoch is 24.874428510665894s
======================================= Epoch 9 =======================================
================= Test Set =================
The acc is 0.9128, 0.8861, 0.9194
Time Consumption for one epoch is 25.421054124832153s
======================================= Epoch 10 =======================================
================= Test Set =================
The acc is 0.9128, 0.8861, 0.9194
Time Consumption for one epoch is 27.02497148513794s
======================================= Epoch 11 =======================================
================= Test Set =================
+++++++++++ Find New Best Min ACC +++++++++++
The acc is 0.9156, 0.9139, 0.9160
Time Consumption for one epoch is 26.692339420318604s
======================================= Epoch 12 =======================================
================= Test Set =================
The acc is 0.9156, 0.9139, 0.9160
Time Consumption for one epoch is 24.781847715377808s
======================================= Epoch 13 =======================================
================= Test Set =================
+++++++++++ Find New Best Min ACC +++++++++++
The acc is 0.9172, 0.9083, 0.9194
Time Consumption for one epoch is 24.21292281150818s
======================================= Epoch 14 =======================================
================= Test Set =================
The acc is 0.9172, 0.9083, 0.9194
Time Consumption for one epoch is 24.714898109436035s
======================================= Epoch 15 =======================================
================= Test Set =================
The acc is 0.9172, 0.9083, 0.9194
Time Consumption for one epoch is 25.071036338806152s
======================================= Epoch 16 =======================================
================= Test Set =================
+++++++++++ Find New Best Min ACC +++++++++++
The acc is 0.9178, 0.9000, 0.9222
Time Consumption for one epoch is 26.286571979522705s
======================================= Epoch 17 =======================================
================= Test Set =================
The acc is 0.9178, 0.9000, 0.9222
Time Consumption for one epoch is 26.050314903259277s
======================================= Epoch 18 =======================================
================= Test Set =================
The acc is 0.9178, 0.9000, 0.9222
Time Consumption for one epoch is 24.491346836090088s
======================================= Epoch 19 =======================================
================= Test Set =================
The acc is 0.9178, 0.9000, 0.9222
Time Consumption for one epoch is 25.54337978363037s
The final acc is 0.9178, 0.9000, 0.9222
