Namespace(data_dir='/data/yihua/dataset/celeba/celeba.hdf5', result_dir='results', checkpoint=None, resume=False, domain_attrs='Male', target_attrs='Blond_Hair', exp_name=None, batch_size=512, lr=0.0001, wd=2e-05, epochs=20, seed=2020, num_workers=8, arch='resnet9', evaluate=False, gv=0.4, gr=0.5)
======================================= Epoch 0 =======================================
================= Test Set =================
+++++++++++ Find New Best Min ACC +++++++++++
The acc is 0.8211, 0.7972, 0.8271
Time Consumption for one epoch is 28.090978145599365s
======================================= Epoch 1 =======================================
================= Test Set =================
+++++++++++ Find New Best Min ACC +++++++++++
The acc is 0.8689, 0.7972, 0.8868
Time Consumption for one epoch is 25.28417730331421s
======================================= Epoch 2 =======================================
================= Test Set =================
+++++++++++ Find New Best Min ACC +++++++++++
The acc is 0.8950, 0.8417, 0.9083
Time Consumption for one epoch is 26.203227996826172s
======================================= Epoch 3 =======================================
================= Test Set =================
The acc is 0.8950, 0.8417, 0.9083
Time Consumption for one epoch is 25.615209102630615s
======================================= Epoch 4 =======================================
================= Test Set =================
The acc is 0.8950, 0.8417, 0.9083
Time Consumption for one epoch is 24.790872812271118s
======================================= Epoch 5 =======================================
================= Test Set =================
+++++++++++ Find New Best Min ACC +++++++++++
The acc is 0.8961, 0.8583, 0.9056
Time Consumption for one epoch is 25.485790491104126s
======================================= Epoch 6 =======================================
================= Test Set =================
The acc is 0.8961, 0.8583, 0.9056
Time Consumption for one epoch is 25.85770082473755s
======================================= Epoch 7 =======================================
================= Test Set =================
+++++++++++ Find New Best Min ACC +++++++++++
The acc is 0.9156, 0.8944, 0.9208
Time Consumption for one epoch is 25.80581283569336s
======================================= Epoch 8 =======================================
================= Test Set =================
The acc is 0.9156, 0.8944, 0.9208
Time Consumption for one epoch is 25.018821001052856s
======================================= Epoch 9 =======================================
================= Test Set =================
The acc is 0.9156, 0.8944, 0.9208
Time Consumption for one epoch is 24.633475303649902s
======================================= Epoch 10 =======================================
================= Test Set =================
The acc is 0.9156, 0.8944, 0.9208
Time Consumption for one epoch is 25.395177125930786s
======================================= Epoch 11 =======================================
================= Test Set =================
The acc is 0.9156, 0.8944, 0.9208
Time Consumption for one epoch is 25.693483352661133s
======================================= Epoch 12 =======================================
================= Test Set =================
The acc is 0.9156, 0.8944, 0.9208
Time Consumption for one epoch is 25.509092330932617s
======================================= Epoch 13 =======================================
================= Test Set =================
The acc is 0.9156, 0.8944, 0.9208
Time Consumption for one epoch is 25.031174659729004s
======================================= Epoch 14 =======================================
================= Test Set =================
The acc is 0.9156, 0.8944, 0.9208
Time Consumption for one epoch is 25.80397629737854s
======================================= Epoch 15 =======================================
================= Test Set =================
The acc is 0.9156, 0.8944, 0.9208
Time Consumption for one epoch is 24.93527841567993s
======================================= Epoch 16 =======================================
================= Test Set =================
+++++++++++ Find New Best Min ACC +++++++++++
The acc is 0.9178, 0.9000, 0.9222
Time Consumption for one epoch is 23.868483304977417s
======================================= Epoch 17 =======================================
================= Test Set =================
+++++++++++ Find New Best Min ACC +++++++++++
The acc is 0.9206, 0.9000, 0.9257
Time Consumption for one epoch is 23.839943170547485s
======================================= Epoch 18 =======================================
================= Test Set =================
The acc is 0.9206, 0.9000, 0.9257
Time Consumption for one epoch is 26.465372800827026s
======================================= Epoch 19 =======================================
================= Test Set =================
The acc is 0.9206, 0.9000, 0.9257
Time Consumption for one epoch is 25.00534677505493s
The final acc is 0.9206, 0.9000, 0.9257
