Namespace(data_dir='/data/yihua/dataset/celeba/celeba.hdf5', result_dir='crop_study', checkpoint=None, resume=False, domain_attrs='Male', target_attrs='Blond_Hair', exp_name=None, batch_size=512, lr=0.0001, wd=2e-05, epochs=20, seed=2020, num_workers=8, arch='resnet9', evaluate=False, total_num=5000, test_num=1000, gv=100.0, gr=0.3, minor_ratio=0.2, add_aug='crop')
======================================= Epoch 0 =======================================
================= Test Set =================
+++++++++++ Find New Best Min ACC +++++++++++
The acc is 0.4624, 0.4186, 0.5000
Time Consumption for one epoch is 16.96699595451355s
======================================= Epoch 1 =======================================
================= Test Set =================
The acc is 0.4624, 0.4186, 0.5000
Time Consumption for one epoch is 14.978892803192139s
======================================= Epoch 2 =======================================
================= Test Set =================
+++++++++++ Find New Best Min ACC +++++++++++
The acc is 0.7624, 0.7302, 0.7900
Time Consumption for one epoch is 14.699267387390137s
======================================= Epoch 3 =======================================
================= Test Set =================
+++++++++++ Find New Best Min ACC +++++++++++
The acc is 0.8280, 0.8023, 0.8500
Time Consumption for one epoch is 14.44620656967163s
======================================= Epoch 4 =======================================
================= Test Set =================
+++++++++++ Find New Best Min ACC +++++++++++
The acc is 0.8430, 0.8070, 0.8740
Time Consumption for one epoch is 14.865193367004395s
======================================= Epoch 5 =======================================
================= Test Set =================
+++++++++++ Find New Best Min ACC +++++++++++
The acc is 0.8806, 0.8605, 0.8980
Time Consumption for one epoch is 14.473039388656616s
======================================= Epoch 6 =======================================
================= Test Set =================
The acc is 0.8806, 0.8605, 0.8980
Time Consumption for one epoch is 14.47067403793335s
======================================= Epoch 7 =======================================
================= Test Set =================
The acc is 0.8806, 0.8605, 0.8980
Time Consumption for one epoch is 13.968210697174072s
======================================= Epoch 8 =======================================
================= Test Set =================
The acc is 0.8806, 0.8605, 0.8980
Time Consumption for one epoch is 14.314789295196533s
======================================= Epoch 9 =======================================
================= Test Set =================
+++++++++++ Find New Best Min ACC +++++++++++
The acc is 0.8817, 0.8721, 0.8900
Time Consumption for one epoch is 14.588921785354614s
======================================= Epoch 10 =======================================
================= Test Set =================
+++++++++++ Find New Best Min ACC +++++++++++
The acc is 0.8860, 0.8744, 0.8960
Time Consumption for one epoch is 14.727291107177734s
======================================= Epoch 11 =======================================
================= Test Set =================
+++++++++++ Find New Best Min ACC +++++++++++
The acc is 0.8882, 0.8721, 0.9020
Time Consumption for one epoch is 14.597012996673584s
======================================= Epoch 12 =======================================
================= Test Set =================
The acc is 0.8882, 0.8721, 0.9020
Time Consumption for one epoch is 14.54531216621399s
======================================= Epoch 13 =======================================
================= Test Set =================
The acc is 0.8882, 0.8721, 0.9020
Time Consumption for one epoch is 14.73545217514038s
======================================= Epoch 14 =======================================
================= Test Set =================
+++++++++++ Find New Best Min ACC +++++++++++
The acc is 0.8892, 0.8721, 0.9040
Time Consumption for one epoch is 14.508310556411743s
======================================= Epoch 15 =======================================
================= Test Set =================
The acc is 0.8892, 0.8721, 0.9040
Time Consumption for one epoch is 14.731942653656006s
======================================= Epoch 16 =======================================
================= Test Set =================
+++++++++++ Find New Best Min ACC +++++++++++
The acc is 0.8957, 0.8814, 0.9080
Time Consumption for one epoch is 14.721080780029297s
======================================= Epoch 17 =======================================
================= Test Set =================
The acc is 0.8957, 0.8814, 0.9080
Time Consumption for one epoch is 14.740764141082764s
======================================= Epoch 18 =======================================
================= Test Set =================
+++++++++++ Find New Best Min ACC +++++++++++
The acc is 0.8968, 0.8837, 0.9080
Time Consumption for one epoch is 14.753380060195923s
======================================= Epoch 19 =======================================
================= Test Set =================
The acc is 0.8968, 0.8837, 0.9080
Time Consumption for one epoch is 14.984074831008911s
The final acc is 0.8968, 0.8837, 0.9080
