Namespace(data_dir='/data/yihua/dataset/celeba/celeba.hdf5', result_dir='crop_study', checkpoint=None, resume=False, domain_attrs='Male', target_attrs='Blond_Hair', exp_name=None, batch_size=512, lr=0.0001, wd=2e-05, epochs=20, seed=2021, num_workers=8, arch='resnet18', evaluate=False, total_num=5000, test_num=1000, gv=160.0, gr=0.5, minor_ratio=0.2, add_aug='crop')
======================================= Epoch 0 =======================================
================= Test Set =================
+++++++++++ Find New Best Min ACC +++++++++++
The acc is 0.5022, 0.4581, 0.5400
Time Consumption for one epoch is 21.44376826286316s
======================================= Epoch 1 =======================================
================= Test Set =================
+++++++++++ Find New Best Min ACC +++++++++++
The acc is 0.5376, 0.5814, 0.5000
Time Consumption for one epoch is 21.11265206336975s
======================================= Epoch 2 =======================================
================= Test Set =================
The acc is 0.5376, 0.5814, 0.5000
Time Consumption for one epoch is 19.330185651779175s
======================================= Epoch 3 =======================================
================= Test Set =================
+++++++++++ Find New Best Min ACC +++++++++++
The acc is 0.5398, 0.5837, 0.5020
Time Consumption for one epoch is 20.139902114868164s
======================================= Epoch 4 =======================================
================= Test Set =================
+++++++++++ Find New Best Min ACC +++++++++++
The acc is 0.6075, 0.6302, 0.5880
Time Consumption for one epoch is 19.59495711326599s
======================================= Epoch 5 =======================================
================= Test Set =================
+++++++++++ Find New Best Min ACC +++++++++++
The acc is 0.8591, 0.8256, 0.8880
Time Consumption for one epoch is 20.27318501472473s
======================================= Epoch 6 =======================================
================= Test Set =================
The acc is 0.8591, 0.8256, 0.8880
Time Consumption for one epoch is 19.998778581619263s
======================================= Epoch 7 =======================================
================= Test Set =================
The acc is 0.8591, 0.8256, 0.8880
Time Consumption for one epoch is 21.01467227935791s
======================================= Epoch 8 =======================================
================= Test Set =================
The acc is 0.8591, 0.8256, 0.8880
Time Consumption for one epoch is 21.20560383796692s
======================================= Epoch 9 =======================================
================= Test Set =================
The acc is 0.8591, 0.8256, 0.8880
Time Consumption for one epoch is 20.207869052886963s
======================================= Epoch 10 =======================================
================= Test Set =================
+++++++++++ Find New Best Min ACC +++++++++++
The acc is 0.8849, 0.8721, 0.8960
Time Consumption for one epoch is 20.025166511535645s
======================================= Epoch 11 =======================================
================= Test Set =================
The acc is 0.8849, 0.8721, 0.8960
Time Consumption for one epoch is 20.247819423675537s
======================================= Epoch 12 =======================================
================= Test Set =================
The acc is 0.8849, 0.8721, 0.8960
Time Consumption for one epoch is 21.444705724716187s
======================================= Epoch 13 =======================================
================= Test Set =================
The acc is 0.8849, 0.8721, 0.8960
Time Consumption for one epoch is 20.387166500091553s
======================================= Epoch 14 =======================================
================= Test Set =================
The acc is 0.8849, 0.8721, 0.8960
Time Consumption for one epoch is 19.615415334701538s
======================================= Epoch 15 =======================================
================= Test Set =================
The acc is 0.8849, 0.8721, 0.8960
Time Consumption for one epoch is 20.3672297000885s
======================================= Epoch 16 =======================================
================= Test Set =================
+++++++++++ Find New Best Min ACC +++++++++++
The acc is 0.9022, 0.8791, 0.9220
Time Consumption for one epoch is 21.624409675598145s
======================================= Epoch 17 =======================================
================= Test Set =================
The acc is 0.9022, 0.8791, 0.9220
Time Consumption for one epoch is 22.54565668106079s
======================================= Epoch 18 =======================================
================= Test Set =================
The acc is 0.9022, 0.8791, 0.9220
Time Consumption for one epoch is 20.242801189422607s
======================================= Epoch 19 =======================================
================= Test Set =================
The acc is 0.9022, 0.8791, 0.9220
Time Consumption for one epoch is 21.01136803627014s
The final acc is 0.9022, 0.8791, 0.9220
