Namespace(data_dir='/data/yihua/dataset/celeba/celeba.hdf5', result_dir='results', checkpoint=None, resume=False, domain_attrs='Male', target_attrs='Heavy_Makeup', exp_name=None, batch_size=512, lr=0.0001, wd=2e-05, epochs=20, seed=2024, num_workers=8, arch='resnet9', evaluate=False, gv=0.01, gr=0.3)
======================================= Epoch 0 =======================================
================= Test Set =================
+++++++++++ Find New Best Min ACC +++++++++++
The acc is 0.5000, 0.5000, 0.5000
Time Consumption for one epoch is 8.409287452697754s
======================================= Epoch 1 =======================================
================= Test Set =================
+++++++++++ Find New Best Min ACC +++++++++++
The acc is 0.5045, 0.5227, 0.5000
Time Consumption for one epoch is 8.870849609375s
======================================= Epoch 2 =======================================
================= Test Set =================
The acc is 0.5045, 0.5227, 0.5000
Time Consumption for one epoch is 9.119817018508911s
======================================= Epoch 3 =======================================
================= Test Set =================
The acc is 0.5045, 0.5227, 0.5000
Time Consumption for one epoch is 9.014877796173096s
======================================= Epoch 4 =======================================
================= Test Set =================
The acc is 0.5045, 0.5227, 0.5000
Time Consumption for one epoch is 7.90163254737854s
======================================= Epoch 5 =======================================
================= Test Set =================
The acc is 0.5045, 0.5227, 0.5000
Time Consumption for one epoch is 8.577683210372925s
======================================= Epoch 6 =======================================
================= Test Set =================
The acc is 0.5045, 0.5227, 0.5000
Time Consumption for one epoch is 8.102318525314331s
======================================= Epoch 7 =======================================
================= Test Set =================
The acc is 0.5045, 0.5227, 0.5000
Time Consumption for one epoch is 9.92274522781372s
======================================= Epoch 8 =======================================
================= Test Set =================
+++++++++++ Find New Best Min ACC +++++++++++
The acc is 0.5182, 0.5000, 0.5227
Time Consumption for one epoch is 8.755385875701904s
======================================= Epoch 9 =======================================
================= Test Set =================
The acc is 0.5182, 0.5000, 0.5227
Time Consumption for one epoch is 7.166222810745239s
======================================= Epoch 10 =======================================
================= Test Set =================
+++++++++++ Find New Best Min ACC +++++++++++
The acc is 0.6591, 0.5682, 0.6818
Time Consumption for one epoch is 8.217640161514282s
======================================= Epoch 11 =======================================
================= Test Set =================
The acc is 0.6591, 0.5682, 0.6818
Time Consumption for one epoch is 7.975779056549072s
======================================= Epoch 12 =======================================
================= Test Set =================
+++++++++++ Find New Best Min ACC +++++++++++
The acc is 0.6727, 0.5682, 0.6989
Time Consumption for one epoch is 9.327049016952515s
======================================= Epoch 13 =======================================
================= Test Set =================
+++++++++++ Find New Best Min ACC +++++++++++
The acc is 0.6773, 0.5682, 0.7045
Time Consumption for one epoch is 8.386492252349854s
======================================= Epoch 14 =======================================
================= Test Set =================
The acc is 0.6773, 0.5682, 0.7045
Time Consumption for one epoch is 7.118539333343506s
======================================= Epoch 15 =======================================
================= Test Set =================
The acc is 0.6773, 0.5682, 0.7045
Time Consumption for one epoch is 7.117104768753052s
======================================= Epoch 16 =======================================
================= Test Set =================
The acc is 0.6773, 0.5682, 0.7045
Time Consumption for one epoch is 7.40778660774231s
======================================= Epoch 17 =======================================
================= Test Set =================
+++++++++++ Find New Best Min ACC +++++++++++
The acc is 0.6909, 0.5909, 0.7159
Time Consumption for one epoch is 8.059032440185547s
======================================= Epoch 18 =======================================
================= Test Set =================
+++++++++++ Find New Best Min ACC +++++++++++
The acc is 0.6955, 0.5682, 0.7273
Time Consumption for one epoch is 10.046763181686401s
======================================= Epoch 19 =======================================
================= Test Set =================
The acc is 0.6955, 0.5682, 0.7273
Time Consumption for one epoch is 8.459222793579102s
The final acc is 0.6955, 0.5682, 0.7273
