Namespace(data_dir='/data/yihua/dataset/celeba/celeba.hdf5', result_dir='rotation_study', checkpoint=None, resume=False, domain_attrs='Male', target_attrs='Blond_Hair', exp_name=None, batch_size=512, lr=0.0001, wd=2e-05, epochs=20, seed=2020, num_workers=8, arch='resnet9', evaluate=False, total_num=5000, test_num=1000, gv=150.0, gr=0.3, minor_ratio=0.2, add_aug='rotation')
======================================= Epoch 0 =======================================
================= Test Set =================
+++++++++++ Find New Best Min ACC +++++++++++
The acc is 0.4624, 0.4186, 0.5000
Time Consumption for one epoch is 16.18212056159973s
======================================= Epoch 1 =======================================
================= Test Set =================
+++++++++++ Find New Best Min ACC +++++++++++
The acc is 0.5237, 0.4581, 0.5800
Time Consumption for one epoch is 15.177415370941162s
======================================= Epoch 2 =======================================
================= Test Set =================
+++++++++++ Find New Best Min ACC +++++++++++
The acc is 0.7624, 0.7488, 0.7740
Time Consumption for one epoch is 14.643070459365845s
======================================= Epoch 3 =======================================
================= Test Set =================
+++++++++++ Find New Best Min ACC +++++++++++
The acc is 0.7968, 0.7767, 0.8140
Time Consumption for one epoch is 14.436380863189697s
======================================= Epoch 4 =======================================
================= Test Set =================
+++++++++++ Find New Best Min ACC +++++++++++
The acc is 0.8505, 0.8302, 0.8680
Time Consumption for one epoch is 14.735713243484497s
======================================= Epoch 5 =======================================
================= Test Set =================
+++++++++++ Find New Best Min ACC +++++++++++
The acc is 0.8710, 0.8419, 0.8960
Time Consumption for one epoch is 15.046809434890747s
======================================= Epoch 6 =======================================
================= Test Set =================
+++++++++++ Find New Best Min ACC +++++++++++
The acc is 0.8785, 0.8651, 0.8900
Time Consumption for one epoch is 14.752800941467285s
======================================= Epoch 7 =======================================
================= Test Set =================
The acc is 0.8785, 0.8651, 0.8900
Time Consumption for one epoch is 15.062573909759521s
======================================= Epoch 8 =======================================
================= Test Set =================
The acc is 0.8785, 0.8651, 0.8900
Time Consumption for one epoch is 14.806349754333496s
======================================= Epoch 9 =======================================
================= Test Set =================
The acc is 0.8785, 0.8651, 0.8900
Time Consumption for one epoch is 14.30527639389038s
======================================= Epoch 10 =======================================
================= Test Set =================
+++++++++++ Find New Best Min ACC +++++++++++
The acc is 0.8849, 0.8721, 0.8960
Time Consumption for one epoch is 14.596699714660645s
======================================= Epoch 11 =======================================
================= Test Set =================
The acc is 0.8849, 0.8721, 0.8960
Time Consumption for one epoch is 14.178914070129395s
======================================= Epoch 12 =======================================
================= Test Set =================
The acc is 0.8849, 0.8721, 0.8960
Time Consumption for one epoch is 14.372774124145508s
======================================= Epoch 13 =======================================
================= Test Set =================
The acc is 0.8849, 0.8721, 0.8960
Time Consumption for one epoch is 14.510495662689209s
======================================= Epoch 14 =======================================
================= Test Set =================
+++++++++++ Find New Best Min ACC +++++++++++
The acc is 0.8903, 0.8744, 0.9040
Time Consumption for one epoch is 14.359503746032715s
======================================= Epoch 15 =======================================
================= Test Set =================
+++++++++++ Find New Best Min ACC +++++++++++
The acc is 0.8968, 0.8744, 0.9160
Time Consumption for one epoch is 14.50306749343872s
======================================= Epoch 16 =======================================
================= Test Set =================
+++++++++++ Find New Best Min ACC +++++++++++
The acc is 0.9000, 0.8860, 0.9120
Time Consumption for one epoch is 14.238370418548584s
======================================= Epoch 17 =======================================
================= Test Set =================
The acc is 0.9000, 0.8860, 0.9120
Time Consumption for one epoch is 14.415483474731445s
======================================= Epoch 18 =======================================
================= Test Set =================
The acc is 0.9000, 0.8860, 0.9120
Time Consumption for one epoch is 15.360619068145752s
======================================= Epoch 19 =======================================
================= Test Set =================
The acc is 0.9000, 0.8860, 0.9120
Time Consumption for one epoch is 14.010740280151367s
The final acc is 0.9000, 0.8860, 0.9120
