Namespace(data_dir='/data/yihua/dataset/celeba/celeba.hdf5', result_dir='results', checkpoint=None, resume=False, domain_attrs='Male', target_attrs='High_Cheekbones', exp_name=None, batch_size=512, lr=0.0001, wd=2e-05, epochs=20, seed=42, num_workers=8, arch='resnet9', evaluate=False, gv=0.2, gr=0.5)
======================================= Epoch 0 =======================================
================= Test Set =================
+++++++++++ Find New Best Min ACC +++++++++++
The acc is 0.8404, 0.7835, 0.8547
Time Consumption for one epoch is 144.3186309337616s
======================================= Epoch 1 =======================================
================= Test Set =================
+++++++++++ Find New Best Min ACC +++++++++++
The acc is 0.8585, 0.8128, 0.8699
Time Consumption for one epoch is 139.8298740386963s
======================================= Epoch 2 =======================================
================= Test Set =================
The acc is 0.8585, 0.8128, 0.8699
Time Consumption for one epoch is 139.81652688980103s
======================================= Epoch 3 =======================================
================= Test Set =================
+++++++++++ Find New Best Min ACC +++++++++++
The acc is 0.8705, 0.8264, 0.8815
Time Consumption for one epoch is 142.09911847114563s
======================================= Epoch 4 =======================================
================= Test Set =================
The acc is 0.8705, 0.8264, 0.8815
Time Consumption for one epoch is 139.46391344070435s
======================================= Epoch 5 =======================================
================= Test Set =================
The acc is 0.8705, 0.8264, 0.8815
Time Consumption for one epoch is 142.73687958717346s
======================================= Epoch 6 =======================================
================= Test Set =================
+++++++++++ Find New Best Min ACC +++++++++++
The acc is 0.8724, 0.8264, 0.8838
Time Consumption for one epoch is 140.87120294570923s
======================================= Epoch 7 =======================================
================= Test Set =================
+++++++++++ Find New Best Min ACC +++++++++++
The acc is 0.8732, 0.8372, 0.8822
Time Consumption for one epoch is 141.49958300590515s
======================================= Epoch 8 =======================================
================= Test Set =================
The acc is 0.8732, 0.8372, 0.8822
Time Consumption for one epoch is 141.75622367858887s
======================================= Epoch 9 =======================================
================= Test Set =================
The acc is 0.8732, 0.8372, 0.8822
Time Consumption for one epoch is 142.1734516620636s
======================================= Epoch 10 =======================================
================= Test Set =================
The acc is 0.8732, 0.8372, 0.8822
Time Consumption for one epoch is 141.65430998802185s
======================================= Epoch 11 =======================================
================= Test Set =================
+++++++++++ Find New Best Min ACC +++++++++++
The acc is 0.8764, 0.8388, 0.8857
Time Consumption for one epoch is 142.3613338470459s
======================================= Epoch 12 =======================================
================= Test Set =================
The acc is 0.8764, 0.8388, 0.8857
Time Consumption for one epoch is 139.34523057937622s
======================================= Epoch 13 =======================================
================= Test Set =================
+++++++++++ Find New Best Min ACC +++++++++++
The acc is 0.8789, 0.8388, 0.8890
Time Consumption for one epoch is 140.96994853019714s
======================================= Epoch 14 =======================================
================= Test Set =================
The acc is 0.8789, 0.8388, 0.8890
Time Consumption for one epoch is 140.75983452796936s
======================================= Epoch 15 =======================================
================= Test Set =================
The acc is 0.8789, 0.8388, 0.8890
Time Consumption for one epoch is 141.47129917144775s
======================================= Epoch 16 =======================================
================= Test Set =================
The acc is 0.8789, 0.8388, 0.8890
Time Consumption for one epoch is 139.73772740364075s
======================================= Epoch 17 =======================================
================= Test Set =================
The acc is 0.8789, 0.8388, 0.8890
Time Consumption for one epoch is 142.93855500221252s
======================================= Epoch 18 =======================================
================= Test Set =================
+++++++++++ Find New Best Min ACC +++++++++++
The acc is 0.8808, 0.8428, 0.8903
Time Consumption for one epoch is 142.88767004013062s
======================================= Epoch 19 =======================================
================= Test Set =================
The acc is 0.8808, 0.8428, 0.8903
Time Consumption for one epoch is 141.2085084915161s
The final acc is 0.8808, 0.8428, 0.8903
