Namespace(data_dir='/data/yihua/dataset/celeba/celeba.hdf5', result_dir='rotation_study', checkpoint=None, resume=False, domain_attrs='Male', target_attrs='Blond_Hair', exp_name=None, batch_size=512, lr=0.0001, wd=2e-05, epochs=20, seed=2021, num_workers=8, arch='resnet18', evaluate=False, total_num=5000, test_num=1000, gv=150.0, gr=0.3, minor_ratio=0.2, add_aug='rotation')
======================================= Epoch 0 =======================================
================= Test Set =================
+++++++++++ Find New Best Min ACC +++++++++++
The acc is 0.4624, 0.4186, 0.5000
Time Consumption for one epoch is 22.19426918029785s
======================================= Epoch 1 =======================================
================= Test Set =================
+++++++++++ Find New Best Min ACC +++++++++++
The acc is 0.5376, 0.5814, 0.5000
Time Consumption for one epoch is 20.694275617599487s
======================================= Epoch 2 =======================================
================= Test Set =================
The acc is 0.5376, 0.5814, 0.5000
Time Consumption for one epoch is 19.570868730545044s
======================================= Epoch 3 =======================================
================= Test Set =================
The acc is 0.5376, 0.5814, 0.5000
Time Consumption for one epoch is 20.717037439346313s
======================================= Epoch 4 =======================================
================= Test Set =================
+++++++++++ Find New Best Min ACC +++++++++++
The acc is 0.7409, 0.7349, 0.7460
Time Consumption for one epoch is 20.382089138031006s
======================================= Epoch 5 =======================================
================= Test Set =================
+++++++++++ Find New Best Min ACC +++++++++++
The acc is 0.8398, 0.8233, 0.8540
Time Consumption for one epoch is 20.974348068237305s
======================================= Epoch 6 =======================================
================= Test Set =================
+++++++++++ Find New Best Min ACC +++++++++++
The acc is 0.8505, 0.8256, 0.8720
Time Consumption for one epoch is 20.33012294769287s
======================================= Epoch 7 =======================================
================= Test Set =================
+++++++++++ Find New Best Min ACC +++++++++++
The acc is 0.8731, 0.8512, 0.8920
Time Consumption for one epoch is 20.02782964706421s
======================================= Epoch 8 =======================================
================= Test Set =================
The acc is 0.8731, 0.8512, 0.8920
Time Consumption for one epoch is 20.593215703964233s
======================================= Epoch 9 =======================================
================= Test Set =================
The acc is 0.8731, 0.8512, 0.8920
Time Consumption for one epoch is 20.17807412147522s
======================================= Epoch 10 =======================================
================= Test Set =================
The acc is 0.8731, 0.8512, 0.8920
Time Consumption for one epoch is 20.76167917251587s
======================================= Epoch 11 =======================================
================= Test Set =================
The acc is 0.8731, 0.8512, 0.8920
Time Consumption for one epoch is 19.845820426940918s
======================================= Epoch 12 =======================================
================= Test Set =================
+++++++++++ Find New Best Min ACC +++++++++++
The acc is 0.8763, 0.8581, 0.8920
Time Consumption for one epoch is 20.556586742401123s
======================================= Epoch 13 =======================================
================= Test Set =================
+++++++++++ Find New Best Min ACC +++++++++++
The acc is 0.8882, 0.8744, 0.9000
Time Consumption for one epoch is 22.114315032958984s
======================================= Epoch 14 =======================================
================= Test Set =================
The acc is 0.8882, 0.8744, 0.9000
Time Consumption for one epoch is 20.993030309677124s
======================================= Epoch 15 =======================================
================= Test Set =================
The acc is 0.8882, 0.8744, 0.9000
Time Consumption for one epoch is 19.43021059036255s
======================================= Epoch 16 =======================================
================= Test Set =================
The acc is 0.8882, 0.8744, 0.9000
Time Consumption for one epoch is 21.48214316368103s
======================================= Epoch 17 =======================================
================= Test Set =================
+++++++++++ Find New Best Min ACC +++++++++++
The acc is 0.8914, 0.8814, 0.9000
Time Consumption for one epoch is 21.62773847579956s
======================================= Epoch 18 =======================================
================= Test Set =================
+++++++++++ Find New Best Min ACC +++++++++++
The acc is 0.8925, 0.8837, 0.9000
Time Consumption for one epoch is 20.80609965324402s
======================================= Epoch 19 =======================================
================= Test Set =================
The acc is 0.8925, 0.8837, 0.9000
Time Consumption for one epoch is 19.578545093536377s
The final acc is 0.8925, 0.8837, 0.9000
