Namespace(data_dir='/data/yihua/dataset/celeba/celeba.hdf5', result_dir='crop_study', checkpoint=None, resume=False, domain_attrs='Male', target_attrs='Blond_Hair', exp_name=None, batch_size=512, lr=0.0001, wd=2e-05, epochs=20, seed=2021, num_workers=8, arch='resnet18', evaluate=False, total_num=5000, test_num=1000, gv=100.0, gr=0.5, minor_ratio=0.2, add_aug='crop')
======================================= Epoch 0 =======================================
================= Test Set =================
+++++++++++ Find New Best Min ACC +++++++++++
The acc is 0.5430, 0.5837, 0.5080
Time Consumption for one epoch is 22.950801849365234s
======================================= Epoch 1 =======================================
================= Test Set =================
The acc is 0.5430, 0.5837, 0.5080
Time Consumption for one epoch is 20.517949104309082s
======================================= Epoch 2 =======================================
================= Test Set =================
The acc is 0.5430, 0.5837, 0.5080
Time Consumption for one epoch is 20.66436457633972s
======================================= Epoch 3 =======================================
================= Test Set =================
The acc is 0.5430, 0.5837, 0.5080
Time Consumption for one epoch is 20.16674280166626s
======================================= Epoch 4 =======================================
================= Test Set =================
+++++++++++ Find New Best Min ACC +++++++++++
The acc is 0.5968, 0.6209, 0.5760
Time Consumption for one epoch is 20.674516201019287s
======================================= Epoch 5 =======================================
================= Test Set =================
+++++++++++ Find New Best Min ACC +++++++++++
The acc is 0.8344, 0.7977, 0.8660
Time Consumption for one epoch is 20.89086365699768s
======================================= Epoch 6 =======================================
================= Test Set =================
The acc is 0.8344, 0.7977, 0.8660
Time Consumption for one epoch is 21.177891969680786s
======================================= Epoch 7 =======================================
================= Test Set =================
The acc is 0.8344, 0.7977, 0.8660
Time Consumption for one epoch is 20.634929656982422s
======================================= Epoch 8 =======================================
================= Test Set =================
The acc is 0.8344, 0.7977, 0.8660
Time Consumption for one epoch is 20.469701051712036s
======================================= Epoch 9 =======================================
================= Test Set =================
+++++++++++ Find New Best Min ACC +++++++++++
The acc is 0.8860, 0.8558, 0.9120
Time Consumption for one epoch is 22.044087171554565s
======================================= Epoch 10 =======================================
================= Test Set =================
+++++++++++ Find New Best Min ACC +++++++++++
The acc is 0.8903, 0.8814, 0.8980
Time Consumption for one epoch is 20.975741863250732s
======================================= Epoch 11 =======================================
================= Test Set =================
The acc is 0.8903, 0.8814, 0.8980
Time Consumption for one epoch is 22.94596815109253s
======================================= Epoch 12 =======================================
================= Test Set =================
The acc is 0.8903, 0.8814, 0.8980
Time Consumption for one epoch is 21.400967597961426s
======================================= Epoch 13 =======================================
================= Test Set =================
The acc is 0.8903, 0.8814, 0.8980
Time Consumption for one epoch is 22.010492086410522s
======================================= Epoch 14 =======================================
================= Test Set =================
The acc is 0.8903, 0.8814, 0.8980
Time Consumption for one epoch is 21.37798833847046s
======================================= Epoch 15 =======================================
================= Test Set =================
+++++++++++ Find New Best Min ACC +++++++++++
The acc is 0.8914, 0.8721, 0.9080
Time Consumption for one epoch is 20.3936665058136s
======================================= Epoch 16 =======================================
================= Test Set =================
The acc is 0.8914, 0.8721, 0.9080
Time Consumption for one epoch is 21.85706114768982s
======================================= Epoch 17 =======================================
================= Test Set =================
+++++++++++ Find New Best Min ACC +++++++++++
The acc is 0.8989, 0.8791, 0.9160
Time Consumption for one epoch is 21.08857226371765s
======================================= Epoch 18 =======================================
================= Test Set =================
+++++++++++ Find New Best Min ACC +++++++++++
The acc is 0.9011, 0.8837, 0.9160
Time Consumption for one epoch is 19.592901945114136s
======================================= Epoch 19 =======================================
================= Test Set =================
The acc is 0.9011, 0.8837, 0.9160
Time Consumption for one epoch is 21.383283615112305s
The final acc is 0.9011, 0.8837, 0.9160
