Namespace(data_dir='/data/yihua/dataset/celeba/celeba.hdf5', result_dir='crop_study', checkpoint=None, resume=False, domain_attrs='Male', target_attrs='Blond_Hair', exp_name=None, batch_size=512, lr=0.0001, wd=2e-05, epochs=20, seed=2021, num_workers=8, arch='resnet18', evaluate=False, total_num=5000, test_num=1000, gv=220.0, gr=0.3, minor_ratio=0.2, add_aug='crop')
======================================= Epoch 0 =======================================
================= Test Set =================
+++++++++++ Find New Best Min ACC +++++++++++
The acc is 0.5215, 0.4767, 0.5600
Time Consumption for one epoch is 22.11031222343445s
======================================= Epoch 1 =======================================
================= Test Set =================
+++++++++++ Find New Best Min ACC +++++++++++
The acc is 0.5452, 0.5814, 0.5140
Time Consumption for one epoch is 21.356014251708984s
======================================= Epoch 2 =======================================
================= Test Set =================
The acc is 0.5452, 0.5814, 0.5140
Time Consumption for one epoch is 20.768309116363525s
======================================= Epoch 3 =======================================
================= Test Set =================
+++++++++++ Find New Best Min ACC +++++++++++
The acc is 0.5935, 0.6186, 0.5720
Time Consumption for one epoch is 21.975347757339478s
======================================= Epoch 4 =======================================
================= Test Set =================
+++++++++++ Find New Best Min ACC +++++++++++
The acc is 0.7774, 0.7628, 0.7900
Time Consumption for one epoch is 20.27077865600586s
======================================= Epoch 5 =======================================
================= Test Set =================
+++++++++++ Find New Best Min ACC +++++++++++
The acc is 0.8333, 0.8116, 0.8520
Time Consumption for one epoch is 19.314470767974854s
======================================= Epoch 6 =======================================
================= Test Set =================
+++++++++++ Find New Best Min ACC +++++++++++
The acc is 0.8484, 0.8349, 0.8600
Time Consumption for one epoch is 19.62987208366394s
======================================= Epoch 7 =======================================
================= Test Set =================
The acc is 0.8484, 0.8349, 0.8600
Time Consumption for one epoch is 19.76537775993347s
======================================= Epoch 8 =======================================
================= Test Set =================
The acc is 0.8484, 0.8349, 0.8600
Time Consumption for one epoch is 20.007680892944336s
======================================= Epoch 9 =======================================
================= Test Set =================
The acc is 0.8484, 0.8349, 0.8600
Time Consumption for one epoch is 20.46211886405945s
======================================= Epoch 10 =======================================
================= Test Set =================
The acc is 0.8484, 0.8349, 0.8600
Time Consumption for one epoch is 21.141247510910034s
======================================= Epoch 11 =======================================
================= Test Set =================
+++++++++++ Find New Best Min ACC +++++++++++
The acc is 0.8570, 0.8442, 0.8680
Time Consumption for one epoch is 20.110207557678223s
======================================= Epoch 12 =======================================
================= Test Set =================
The acc is 0.8570, 0.8442, 0.8680
Time Consumption for one epoch is 20.699870824813843s
======================================= Epoch 13 =======================================
================= Test Set =================
The acc is 0.8570, 0.8442, 0.8680
Time Consumption for one epoch is 20.15189528465271s
======================================= Epoch 14 =======================================
================= Test Set =================
The acc is 0.8570, 0.8442, 0.8680
Time Consumption for one epoch is 19.355854034423828s
======================================= Epoch 15 =======================================
================= Test Set =================
The acc is 0.8570, 0.8442, 0.8680
Time Consumption for one epoch is 19.108137845993042s
======================================= Epoch 16 =======================================
================= Test Set =================
+++++++++++ Find New Best Min ACC +++++++++++
The acc is 0.8968, 0.8837, 0.9080
Time Consumption for one epoch is 21.672935009002686s
======================================= Epoch 17 =======================================
================= Test Set =================
The acc is 0.8968, 0.8837, 0.9080
Time Consumption for one epoch is 20.47694993019104s
======================================= Epoch 18 =======================================
================= Test Set =================
The acc is 0.8968, 0.8837, 0.9080
Time Consumption for one epoch is 19.796694040298462s
======================================= Epoch 19 =======================================
================= Test Set =================
The acc is 0.8968, 0.8837, 0.9080
Time Consumption for one epoch is 21.704936742782593s
The final acc is 0.8968, 0.8837, 0.9080
