Namespace(data_dir='/data/yihua/dataset/celeba/celeba.hdf5', result_dir='crop_study', checkpoint=None, resume=False, domain_attrs='Male', target_attrs='Blond_Hair', exp_name=None, batch_size=512, lr=0.0001, wd=2e-05, epochs=20, seed=2020, num_workers=8, arch='resnet18', evaluate=False, total_num=5000, test_num=1000, gv=160.0, gr=0.3, minor_ratio=0.2, add_aug='crop')
======================================= Epoch 0 =======================================
================= Test Set =================
+++++++++++ Find New Best Min ACC +++++++++++
The acc is 0.4624, 0.4186, 0.5000
Time Consumption for one epoch is 21.091534852981567s
======================================= Epoch 1 =======================================
================= Test Set =================
+++++++++++ Find New Best Min ACC +++++++++++
The acc is 0.5333, 0.5767, 0.4960
Time Consumption for one epoch is 20.557509660720825s
======================================= Epoch 2 =======================================
================= Test Set =================
+++++++++++ Find New Best Min ACC +++++++++++
The acc is 0.5978, 0.6302, 0.5700
Time Consumption for one epoch is 20.131970167160034s
======================================= Epoch 3 =======================================
================= Test Set =================
+++++++++++ Find New Best Min ACC +++++++++++
The acc is 0.6720, 0.6791, 0.6660
Time Consumption for one epoch is 22.03820490837097s
======================================= Epoch 4 =======================================
================= Test Set =================
+++++++++++ Find New Best Min ACC +++++++++++
The acc is 0.7140, 0.6930, 0.7320
Time Consumption for one epoch is 21.146010160446167s
======================================= Epoch 5 =======================================
================= Test Set =================
+++++++++++ Find New Best Min ACC +++++++++++
The acc is 0.8688, 0.8419, 0.8920
Time Consumption for one epoch is 20.37905716896057s
======================================= Epoch 6 =======================================
================= Test Set =================
+++++++++++ Find New Best Min ACC +++++++++++
The acc is 0.8720, 0.8558, 0.8860
Time Consumption for one epoch is 21.305023670196533s
======================================= Epoch 7 =======================================
================= Test Set =================
+++++++++++ Find New Best Min ACC +++++++++++
The acc is 0.8731, 0.8395, 0.9020
Time Consumption for one epoch is 20.954948663711548s
======================================= Epoch 8 =======================================
================= Test Set =================
+++++++++++ Find New Best Min ACC +++++++++++
The acc is 0.8860, 0.8651, 0.9040
Time Consumption for one epoch is 21.140702486038208s
======================================= Epoch 9 =======================================
================= Test Set =================
The acc is 0.8860, 0.8651, 0.9040
Time Consumption for one epoch is 21.348323345184326s
======================================= Epoch 10 =======================================
================= Test Set =================
The acc is 0.8860, 0.8651, 0.9040
Time Consumption for one epoch is 19.165125846862793s
======================================= Epoch 11 =======================================
================= Test Set =================
The acc is 0.8860, 0.8651, 0.9040
Time Consumption for one epoch is 20.74407458305359s
======================================= Epoch 12 =======================================
================= Test Set =================
The acc is 0.8860, 0.8651, 0.9040
Time Consumption for one epoch is 19.467933893203735s
======================================= Epoch 13 =======================================
================= Test Set =================
The acc is 0.8860, 0.8651, 0.9040
Time Consumption for one epoch is 21.474128484725952s
======================================= Epoch 14 =======================================
================= Test Set =================
The acc is 0.8860, 0.8651, 0.9040
Time Consumption for one epoch is 21.606783390045166s
======================================= Epoch 15 =======================================
================= Test Set =================
The acc is 0.8860, 0.8651, 0.9040
Time Consumption for one epoch is 21.123320817947388s
======================================= Epoch 16 =======================================
================= Test Set =================
The acc is 0.8860, 0.8651, 0.9040
Time Consumption for one epoch is 20.51267981529236s
======================================= Epoch 17 =======================================
================= Test Set =================
The acc is 0.8860, 0.8651, 0.9040
Time Consumption for one epoch is 20.63457489013672s
======================================= Epoch 18 =======================================
================= Test Set =================
+++++++++++ Find New Best Min ACC +++++++++++
The acc is 0.8914, 0.8698, 0.9100
Time Consumption for one epoch is 21.963163375854492s
======================================= Epoch 19 =======================================
================= Test Set =================
The acc is 0.8914, 0.8698, 0.9100
Time Consumption for one epoch is 20.659111976623535s
The final acc is 0.8914, 0.8698, 0.9100
