Namespace(data_dir='/data/yihua/dataset/celeba/celeba.hdf5', result_dir='results', checkpoint=None, resume=False, domain_attrs='Male', target_attrs='Heavy_Makeup', exp_name=None, batch_size=512, lr=0.0001, wd=2e-05, epochs=20, seed=2021, num_workers=8, arch='resnet9', evaluate=False, gv=10.0, gr=0.3)
======================================= Epoch 0 =======================================
================= Test Set =================
+++++++++++ Find New Best Min ACC +++++++++++
The acc is 0.5000, 0.5000, 0.5000
Time Consumption for one epoch is 9.840209484100342s
======================================= Epoch 1 =======================================
================= Test Set =================
The acc is 0.5000, 0.5000, 0.5000
Time Consumption for one epoch is 9.450732946395874s
======================================= Epoch 2 =======================================
================= Test Set =================
The acc is 0.5000, 0.5000, 0.5000
Time Consumption for one epoch is 7.840839862823486s
======================================= Epoch 3 =======================================
================= Test Set =================
+++++++++++ Find New Best Min ACC +++++++++++
The acc is 0.5227, 0.5455, 0.5170
Time Consumption for one epoch is 9.002196550369263s
======================================= Epoch 4 =======================================
================= Test Set =================
+++++++++++ Find New Best Min ACC +++++++++++
The acc is 0.5636, 0.5000, 0.5795
Time Consumption for one epoch is 10.356778144836426s
======================================= Epoch 5 =======================================
================= Test Set =================
+++++++++++ Find New Best Min ACC +++++++++++
The acc is 0.6091, 0.5000, 0.6364
Time Consumption for one epoch is 7.976477861404419s
======================================= Epoch 6 =======================================
================= Test Set =================
+++++++++++ Find New Best Min ACC +++++++++++
The acc is 0.6273, 0.5227, 0.6534
Time Consumption for one epoch is 8.201500654220581s
======================================= Epoch 7 =======================================
================= Test Set =================
The acc is 0.6273, 0.5227, 0.6534
Time Consumption for one epoch is 9.068005084991455s
======================================= Epoch 8 =======================================
================= Test Set =================
+++++++++++ Find New Best Min ACC +++++++++++
The acc is 0.6364, 0.5455, 0.6591
Time Consumption for one epoch is 8.222418069839478s
======================================= Epoch 9 =======================================
================= Test Set =================
The acc is 0.6364, 0.5455, 0.6591
Time Consumption for one epoch is 9.656223058700562s
======================================= Epoch 10 =======================================
================= Test Set =================
+++++++++++ Find New Best Min ACC +++++++++++
The acc is 0.6591, 0.6591, 0.6591
Time Consumption for one epoch is 9.542991876602173s
======================================= Epoch 11 =======================================
================= Test Set =================
The acc is 0.6591, 0.6591, 0.6591
Time Consumption for one epoch is 8.149443864822388s
======================================= Epoch 12 =======================================
================= Test Set =================
+++++++++++ Find New Best Min ACC +++++++++++
The acc is 0.6773, 0.6818, 0.6761
Time Consumption for one epoch is 8.597942113876343s
======================================= Epoch 13 =======================================
================= Test Set =================
The acc is 0.6773, 0.6818, 0.6761
Time Consumption for one epoch is 9.0706467628479s
======================================= Epoch 14 =======================================
================= Test Set =================
The acc is 0.6773, 0.6818, 0.6761
Time Consumption for one epoch is 7.6790759563446045s
======================================= Epoch 15 =======================================
================= Test Set =================
The acc is 0.6773, 0.6818, 0.6761
Time Consumption for one epoch is 8.342806816101074s
======================================= Epoch 16 =======================================
================= Test Set =================
The acc is 0.6773, 0.6818, 0.6761
Time Consumption for one epoch is 9.732909202575684s
======================================= Epoch 17 =======================================
================= Test Set =================
The acc is 0.6773, 0.6818, 0.6761
Time Consumption for one epoch is 8.510370016098022s
======================================= Epoch 18 =======================================
================= Test Set =================
The acc is 0.6773, 0.6818, 0.6761
Time Consumption for one epoch is 8.198057174682617s
======================================= Epoch 19 =======================================
================= Test Set =================
The acc is 0.6773, 0.6818, 0.6761
Time Consumption for one epoch is 9.302669286727905s
The final acc is 0.6773, 0.6818, 0.6761
