Namespace(data_dir='/data/yihua/dataset/celeba/celeba.hdf5', result_dir='results', checkpoint=None, resume=False, domain_attrs='Male', target_attrs='High_Cheekbones', exp_name=None, batch_size=512, lr=0.0001, wd=2e-05, epochs=20, seed=2022, num_workers=8, arch='resnet9', evaluate=False, gv=0.2, gr=0.5)
======================================= Epoch 0 =======================================
================= Test Set =================
+++++++++++ Find New Best Min ACC +++++++++++
The acc is 0.8443, 0.8031, 0.8546
Time Consumption for one epoch is 145.85292172431946s
======================================= Epoch 1 =======================================
================= Test Set =================
+++++++++++ Find New Best Min ACC +++++++++++
The acc is 0.8578, 0.8136, 0.8689
Time Consumption for one epoch is 140.76420640945435s
======================================= Epoch 2 =======================================
================= Test Set =================
The acc is 0.8578, 0.8136, 0.8689
Time Consumption for one epoch is 144.13083338737488s
======================================= Epoch 3 =======================================
================= Test Set =================
+++++++++++ Find New Best Min ACC +++++++++++
The acc is 0.8665, 0.8184, 0.8785
Time Consumption for one epoch is 143.56052350997925s
======================================= Epoch 4 =======================================
================= Test Set =================
+++++++++++ Find New Best Min ACC +++++++++++
The acc is 0.8673, 0.8172, 0.8798
Time Consumption for one epoch is 143.4338779449463s
======================================= Epoch 5 =======================================
================= Test Set =================
The acc is 0.8673, 0.8172, 0.8798
Time Consumption for one epoch is 140.67170763015747s
======================================= Epoch 6 =======================================
================= Test Set =================
+++++++++++ Find New Best Min ACC +++++++++++
The acc is 0.8736, 0.8316, 0.8841
Time Consumption for one epoch is 144.2245807647705s
======================================= Epoch 7 =======================================
================= Test Set =================
The acc is 0.8736, 0.8316, 0.8841
Time Consumption for one epoch is 143.05110883712769s
======================================= Epoch 8 =======================================
================= Test Set =================
The acc is 0.8736, 0.8316, 0.8841
Time Consumption for one epoch is 142.3893644809723s
======================================= Epoch 9 =======================================
================= Test Set =================
+++++++++++ Find New Best Min ACC +++++++++++
The acc is 0.8759, 0.8304, 0.8873
Time Consumption for one epoch is 142.6192445755005s
======================================= Epoch 10 =======================================
================= Test Set =================
The acc is 0.8759, 0.8304, 0.8873
Time Consumption for one epoch is 145.26278972625732s
======================================= Epoch 11 =======================================
================= Test Set =================
The acc is 0.8759, 0.8304, 0.8873
Time Consumption for one epoch is 143.27307438850403s
======================================= Epoch 12 =======================================
================= Test Set =================
The acc is 0.8759, 0.8304, 0.8873
Time Consumption for one epoch is 145.51770210266113s
======================================= Epoch 13 =======================================
================= Test Set =================
The acc is 0.8759, 0.8304, 0.8873
Time Consumption for one epoch is 144.26994490623474s
======================================= Epoch 14 =======================================
================= Test Set =================
The acc is 0.8759, 0.8304, 0.8873
Time Consumption for one epoch is 142.56495714187622s
======================================= Epoch 15 =======================================
================= Test Set =================
The acc is 0.8759, 0.8304, 0.8873
Time Consumption for one epoch is 145.0644187927246s
======================================= Epoch 16 =======================================
================= Test Set =================
+++++++++++ Find New Best Min ACC +++++++++++
The acc is 0.8797, 0.8308, 0.8920
Time Consumption for one epoch is 143.7227499485016s
======================================= Epoch 17 =======================================
================= Test Set =================
+++++++++++ Find New Best Min ACC +++++++++++
The acc is 0.8801, 0.8324, 0.8920
Time Consumption for one epoch is 145.3429093360901s
======================================= Epoch 18 =======================================
================= Test Set =================
The acc is 0.8801, 0.8324, 0.8920
Time Consumption for one epoch is 143.03655457496643s
======================================= Epoch 19 =======================================
================= Test Set =================
The acc is 0.8801, 0.8324, 0.8920
Time Consumption for one epoch is 141.77257680892944s
The final acc is 0.8801, 0.8324, 0.8920
