Namespace(data_dir='/data/yihua/dataset/celeba/celeba.hdf5', result_dir='results', checkpoint=None, resume=False, domain_attrs='Male', target_attrs='Heavy_Makeup', exp_name=None, batch_size=512, lr=0.0001, wd=2e-05, epochs=20, seed=2024, num_workers=8, arch='resnet9', evaluate=False, gv=1e-05, gr=0.1)
======================================= Epoch 0 =======================================
================= Test Set =================
+++++++++++ Find New Best Min ACC +++++++++++
The acc is 0.5000, 0.5000, 0.5000
Time Consumption for one epoch is 9.121526002883911s
======================================= Epoch 1 =======================================
================= Test Set =================
The acc is 0.5000, 0.5000, 0.5000
Time Consumption for one epoch is 7.895503044128418s
======================================= Epoch 2 =======================================
================= Test Set =================
The acc is 0.5000, 0.5000, 0.5000
Time Consumption for one epoch is 9.547881603240967s
======================================= Epoch 3 =======================================
================= Test Set =================
+++++++++++ Find New Best Min ACC +++++++++++
The acc is 0.5045, 0.5227, 0.5000
Time Consumption for one epoch is 10.360779285430908s
======================================= Epoch 4 =======================================
================= Test Set =================
The acc is 0.5045, 0.5227, 0.5000
Time Consumption for one epoch is 8.605701684951782s
======================================= Epoch 5 =======================================
================= Test Set =================
The acc is 0.5045, 0.5227, 0.5000
Time Consumption for one epoch is 7.7220540046691895s
======================================= Epoch 6 =======================================
================= Test Set =================
The acc is 0.5045, 0.5227, 0.5000
Time Consumption for one epoch is 7.471170425415039s
======================================= Epoch 7 =======================================
================= Test Set =================
The acc is 0.5045, 0.5227, 0.5000
Time Consumption for one epoch is 9.248243570327759s
======================================= Epoch 8 =======================================
================= Test Set =================
The acc is 0.5045, 0.5227, 0.5000
Time Consumption for one epoch is 8.519938230514526s
======================================= Epoch 9 =======================================
================= Test Set =================
+++++++++++ Find New Best Min ACC +++++++++++
The acc is 0.5955, 0.4773, 0.6250
Time Consumption for one epoch is 8.260334491729736s
======================================= Epoch 10 =======================================
================= Test Set =================
+++++++++++ Find New Best Min ACC +++++++++++
The acc is 0.6227, 0.5000, 0.6534
Time Consumption for one epoch is 7.601194858551025s
======================================= Epoch 11 =======================================
================= Test Set =================
+++++++++++ Find New Best Min ACC +++++++++++
The acc is 0.6682, 0.5909, 0.6875
Time Consumption for one epoch is 8.005818367004395s
======================================= Epoch 12 =======================================
================= Test Set =================
The acc is 0.6682, 0.5909, 0.6875
Time Consumption for one epoch is 8.660269021987915s
======================================= Epoch 13 =======================================
================= Test Set =================
The acc is 0.6682, 0.5909, 0.6875
Time Consumption for one epoch is 8.71003007888794s
======================================= Epoch 14 =======================================
================= Test Set =================
The acc is 0.6682, 0.5909, 0.6875
Time Consumption for one epoch is 8.736525297164917s
======================================= Epoch 15 =======================================
================= Test Set =================
The acc is 0.6682, 0.5909, 0.6875
Time Consumption for one epoch is 8.352346420288086s
======================================= Epoch 16 =======================================
================= Test Set =================
+++++++++++ Find New Best Min ACC +++++++++++
The acc is 0.6727, 0.5909, 0.6932
Time Consumption for one epoch is 8.342766046524048s
======================================= Epoch 17 =======================================
================= Test Set =================
The acc is 0.6727, 0.5909, 0.6932
Time Consumption for one epoch is 9.244442701339722s
======================================= Epoch 18 =======================================
================= Test Set =================
The acc is 0.6727, 0.5909, 0.6932
Time Consumption for one epoch is 8.022411823272705s
======================================= Epoch 19 =======================================
================= Test Set =================
+++++++++++ Find New Best Min ACC +++++++++++
The acc is 0.6773, 0.5682, 0.7045
Time Consumption for one epoch is 8.842330694198608s
The final acc is 0.6773, 0.5682, 0.7045
