Namespace(data_dir='/data/yihua/dataset/celeba/celeba.hdf5', result_dir='results', checkpoint=None, resume=False, domain_attrs='Male', target_attrs='Blond_Hair', exp_name=None, batch_size=512, lr=0.0001, wd=2e-05, epochs=20, seed=2022, num_workers=8, arch='resnet9', evaluate=False, gv=0.05, gr=0.3)
======================================= Epoch 0 =======================================
================= Test Set =================
+++++++++++ Find New Best Min ACC +++++++++++
The acc is 0.6072, 0.5528, 0.6208
Time Consumption for one epoch is 31.39885449409485s
======================================= Epoch 1 =======================================
================= Test Set =================
+++++++++++ Find New Best Min ACC +++++++++++
The acc is 0.8844, 0.8361, 0.8965
Time Consumption for one epoch is 27.877671241760254s
======================================= Epoch 2 =======================================
================= Test Set =================
+++++++++++ Find New Best Min ACC +++++++++++
The acc is 0.8856, 0.8417, 0.8965
Time Consumption for one epoch is 27.25473976135254s
======================================= Epoch 3 =======================================
================= Test Set =================
The acc is 0.8856, 0.8417, 0.8965
Time Consumption for one epoch is 27.644007682800293s
======================================= Epoch 4 =======================================
================= Test Set =================
+++++++++++ Find New Best Min ACC +++++++++++
The acc is 0.9056, 0.8750, 0.9132
Time Consumption for one epoch is 28.078428030014038s
======================================= Epoch 5 =======================================
================= Test Set =================
The acc is 0.9056, 0.8750, 0.9132
Time Consumption for one epoch is 27.257590293884277s
======================================= Epoch 6 =======================================
================= Test Set =================
The acc is 0.9056, 0.8750, 0.9132
Time Consumption for one epoch is 28.3829984664917s
======================================= Epoch 7 =======================================
================= Test Set =================
+++++++++++ Find New Best Min ACC +++++++++++
The acc is 0.9089, 0.8778, 0.9167
Time Consumption for one epoch is 27.66771388053894s
======================================= Epoch 8 =======================================
================= Test Set =================
The acc is 0.9089, 0.8778, 0.9167
Time Consumption for one epoch is 28.056426763534546s
======================================= Epoch 9 =======================================
================= Test Set =================
+++++++++++ Find New Best Min ACC +++++++++++
The acc is 0.9156, 0.9028, 0.9187
Time Consumption for one epoch is 27.65121340751648s
======================================= Epoch 10 =======================================
================= Test Set =================
+++++++++++ Find New Best Min ACC +++++++++++
The acc is 0.9233, 0.9139, 0.9257
Time Consumption for one epoch is 28.0894296169281s
======================================= Epoch 11 =======================================
================= Test Set =================
The acc is 0.9233, 0.9139, 0.9257
Time Consumption for one epoch is 28.238558053970337s
======================================= Epoch 12 =======================================
================= Test Set =================
The acc is 0.9233, 0.9139, 0.9257
Time Consumption for one epoch is 26.99775266647339s
======================================= Epoch 13 =======================================
================= Test Set =================
The acc is 0.9233, 0.9139, 0.9257
Time Consumption for one epoch is 27.76070261001587s
======================================= Epoch 14 =======================================
================= Test Set =================
The acc is 0.9233, 0.9139, 0.9257
Time Consumption for one epoch is 27.411981344223022s
======================================= Epoch 15 =======================================
================= Test Set =================
The acc is 0.9233, 0.9139, 0.9257
Time Consumption for one epoch is 27.544487237930298s
======================================= Epoch 16 =======================================
================= Test Set =================
The acc is 0.9233, 0.9139, 0.9257
Time Consumption for one epoch is 27.536678075790405s
======================================= Epoch 17 =======================================
================= Test Set =================
The acc is 0.9233, 0.9139, 0.9257
Time Consumption for one epoch is 27.365205764770508s
======================================= Epoch 18 =======================================
================= Test Set =================
The acc is 0.9233, 0.9139, 0.9257
Time Consumption for one epoch is 26.454293251037598s
======================================= Epoch 19 =======================================
================= Test Set =================
The acc is 0.9233, 0.9139, 0.9257
Time Consumption for one epoch is 27.952861785888672s
The final acc is 0.9233, 0.9139, 0.9257
