Namespace(data_dir='/data/yihua/dataset/celeba/celeba.hdf5', result_dir='results', checkpoint=None, resume=False, domain_attrs='Male', target_attrs='High_Cheekbones', exp_name=None, batch_size=512, lr=0.0001, wd=2e-05, epochs=20, seed=42, num_workers=8, arch='resnet9', evaluate=False, gv=0.3, gr=0.5)
======================================= Epoch 0 =======================================
================= Test Set =================
+++++++++++ Find New Best Min ACC +++++++++++
The acc is 0.8309, 0.7759, 0.8447
Time Consumption for one epoch is 142.33763647079468s
======================================= Epoch 1 =======================================
================= Test Set =================
+++++++++++ Find New Best Min ACC +++++++++++
The acc is 0.8632, 0.8168, 0.8748
Time Consumption for one epoch is 140.84868788719177s
======================================= Epoch 2 =======================================
================= Test Set =================
+++++++++++ Find New Best Min ACC +++++++++++
The acc is 0.8636, 0.8152, 0.8757
Time Consumption for one epoch is 139.33018708229065s
======================================= Epoch 3 =======================================
================= Test Set =================
+++++++++++ Find New Best Min ACC +++++++++++
The acc is 0.8723, 0.8244, 0.8842
Time Consumption for one epoch is 140.35851979255676s
======================================= Epoch 4 =======================================
================= Test Set =================
The acc is 0.8723, 0.8244, 0.8842
Time Consumption for one epoch is 139.872967004776s
======================================= Epoch 5 =======================================
================= Test Set =================
The acc is 0.8723, 0.8244, 0.8842
Time Consumption for one epoch is 141.44071578979492s
======================================= Epoch 6 =======================================
================= Test Set =================
+++++++++++ Find New Best Min ACC +++++++++++
The acc is 0.8727, 0.8252, 0.8845
Time Consumption for one epoch is 140.3765845298767s
======================================= Epoch 7 =======================================
================= Test Set =================
+++++++++++ Find New Best Min ACC +++++++++++
The acc is 0.8734, 0.8348, 0.8830
Time Consumption for one epoch is 141.28460669517517s
======================================= Epoch 8 =======================================
================= Test Set =================
+++++++++++ Find New Best Min ACC +++++++++++
The acc is 0.8741, 0.8296, 0.8852
Time Consumption for one epoch is 141.04759216308594s
======================================= Epoch 9 =======================================
================= Test Set =================
The acc is 0.8741, 0.8296, 0.8852
Time Consumption for one epoch is 140.23319458961487s
======================================= Epoch 10 =======================================
================= Test Set =================
The acc is 0.8741, 0.8296, 0.8852
Time Consumption for one epoch is 140.94381761550903s
======================================= Epoch 11 =======================================
================= Test Set =================
+++++++++++ Find New Best Min ACC +++++++++++
The acc is 0.8744, 0.8328, 0.8847
Time Consumption for one epoch is 141.08347821235657s
======================================= Epoch 12 =======================================
================= Test Set =================
The acc is 0.8744, 0.8328, 0.8847
Time Consumption for one epoch is 140.46559977531433s
======================================= Epoch 13 =======================================
================= Test Set =================
+++++++++++ Find New Best Min ACC +++++++++++
The acc is 0.8772, 0.8388, 0.8868
Time Consumption for one epoch is 140.19301295280457s
======================================= Epoch 14 =======================================
================= Test Set =================
The acc is 0.8772, 0.8388, 0.8868
Time Consumption for one epoch is 139.66896724700928s
======================================= Epoch 15 =======================================
================= Test Set =================
The acc is 0.8772, 0.8388, 0.8868
Time Consumption for one epoch is 140.33460021018982s
======================================= Epoch 16 =======================================
================= Test Set =================
+++++++++++ Find New Best Min ACC +++++++++++
The acc is 0.8772, 0.8352, 0.8878
Time Consumption for one epoch is 140.0867841243744s
======================================= Epoch 17 =======================================
================= Test Set =================
The acc is 0.8772, 0.8352, 0.8878
Time Consumption for one epoch is 141.56115698814392s
======================================= Epoch 18 =======================================
================= Test Set =================
+++++++++++ Find New Best Min ACC +++++++++++
The acc is 0.8806, 0.8412, 0.8905
Time Consumption for one epoch is 139.84264206886292s
======================================= Epoch 19 =======================================
================= Test Set =================
+++++++++++ Find New Best Min ACC +++++++++++
The acc is 0.8808, 0.8404, 0.8909
Time Consumption for one epoch is 140.367924451828s
The final acc is 0.8808, 0.8404, 0.8909
