Namespace(data_dir='/data/yihua/dataset/celeba/celeba.hdf5', result_dir='results', checkpoint=None, resume=False, domain_attrs='Male', target_attrs='Blond_Hair', exp_name=None, batch_size=512, lr=0.0001, wd=2e-05, epochs=20, seed=2021, num_workers=8, arch='resnet9', evaluate=False, gv=0.1, gr=0.1)
======================================= Epoch 0 =======================================
================= Test Set =================
+++++++++++ Find New Best Min ACC +++++++++++
The acc is 0.5650, 0.5528, 0.5681
Time Consumption for one epoch is 26.23150897026062s
======================================= Epoch 1 =======================================
================= Test Set =================
+++++++++++ Find New Best Min ACC +++++++++++
The acc is 0.8744, 0.8306, 0.8854
Time Consumption for one epoch is 22.54435920715332s
======================================= Epoch 2 =======================================
================= Test Set =================
+++++++++++ Find New Best Min ACC +++++++++++
The acc is 0.8856, 0.8389, 0.8972
Time Consumption for one epoch is 23.96588969230652s
======================================= Epoch 3 =======================================
================= Test Set =================
The acc is 0.8856, 0.8389, 0.8972
Time Consumption for one epoch is 22.308478593826294s
======================================= Epoch 4 =======================================
================= Test Set =================
+++++++++++ Find New Best Min ACC +++++++++++
The acc is 0.8972, 0.8806, 0.9014
Time Consumption for one epoch is 23.926901817321777s
======================================= Epoch 5 =======================================
================= Test Set =================
+++++++++++ Find New Best Min ACC +++++++++++
The acc is 0.9028, 0.8861, 0.9069
Time Consumption for one epoch is 24.51831030845642s
======================================= Epoch 6 =======================================
================= Test Set =================
The acc is 0.9028, 0.8861, 0.9069
Time Consumption for one epoch is 24.07490110397339s
======================================= Epoch 7 =======================================
================= Test Set =================
+++++++++++ Find New Best Min ACC +++++++++++
The acc is 0.9089, 0.8861, 0.9146
Time Consumption for one epoch is 23.742332696914673s
======================================= Epoch 8 =======================================
================= Test Set =================
The acc is 0.9089, 0.8861, 0.9146
Time Consumption for one epoch is 23.88619637489319s
======================================= Epoch 9 =======================================
================= Test Set =================
The acc is 0.9089, 0.8861, 0.9146
Time Consumption for one epoch is 24.891714572906494s
======================================= Epoch 10 =======================================
================= Test Set =================
The acc is 0.9089, 0.8861, 0.9146
Time Consumption for one epoch is 23.355828523635864s
======================================= Epoch 11 =======================================
================= Test Set =================
+++++++++++ Find New Best Min ACC +++++++++++
The acc is 0.9178, 0.9028, 0.9215
Time Consumption for one epoch is 23.36325168609619s
======================================= Epoch 12 =======================================
================= Test Set =================
The acc is 0.9178, 0.9028, 0.9215
Time Consumption for one epoch is 23.550563097000122s
======================================= Epoch 13 =======================================
================= Test Set =================
The acc is 0.9178, 0.9028, 0.9215
Time Consumption for one epoch is 24.193307638168335s
======================================= Epoch 14 =======================================
================= Test Set =================
+++++++++++ Find New Best Min ACC +++++++++++
The acc is 0.9217, 0.9139, 0.9236
Time Consumption for one epoch is 24.37143874168396s
======================================= Epoch 15 =======================================
================= Test Set =================
The acc is 0.9217, 0.9139, 0.9236
Time Consumption for one epoch is 23.59523916244507s
======================================= Epoch 16 =======================================
================= Test Set =================
The acc is 0.9217, 0.9139, 0.9236
Time Consumption for one epoch is 22.938476085662842s
======================================= Epoch 17 =======================================
================= Test Set =================
The acc is 0.9217, 0.9139, 0.9236
Time Consumption for one epoch is 23.192522048950195s
======================================= Epoch 18 =======================================
================= Test Set =================
The acc is 0.9217, 0.9139, 0.9236
Time Consumption for one epoch is 23.60189151763916s
======================================= Epoch 19 =======================================
================= Test Set =================
The acc is 0.9217, 0.9139, 0.9236
Time Consumption for one epoch is 25.00892400741577s
The final acc is 0.9217, 0.9139, 0.9236
