Namespace(data_dir='/data/yihua/dataset/celeba/celeba.hdf5', result_dir='results', checkpoint=None, resume=False, domain_attrs='Male', target_attrs='High_Cheekbones', exp_name=None, batch_size=512, lr=0.0001, wd=2e-05, epochs=20, seed=42, num_workers=8, arch='resnet18', evaluate=False, gv=0.2, gr=0.3)
======================================= Epoch 0 =======================================
================= Test Set =================
+++++++++++ Find New Best Min ACC +++++++++++
The acc is 0.81, 0.78, 0.82
Time Consumption for one epoch is 271.27637577056885s
======================================= Epoch 1 =======================================
================= Test Set =================
+++++++++++ Find New Best Min ACC +++++++++++
The acc is 0.86, 0.81, 0.88
Time Consumption for one epoch is 268.73785424232483s
======================================= Epoch 2 =======================================
================= Test Set =================
+++++++++++ Find New Best Min ACC +++++++++++
The acc is 0.87, 0.82, 0.88
Time Consumption for one epoch is 267.93989300727844s
======================================= Epoch 3 =======================================
================= Test Set =================
The acc is 0.87, 0.82, 0.88
Time Consumption for one epoch is 267.70577573776245s
======================================= Epoch 4 =======================================
================= Test Set =================
The acc is 0.87, 0.82, 0.88
Time Consumption for one epoch is 267.6380407810211s
======================================= Epoch 5 =======================================
================= Test Set =================
+++++++++++ Find New Best Min ACC +++++++++++
The acc is 0.87, 0.83, 0.88
Time Consumption for one epoch is 268.001855134964s
======================================= Epoch 6 =======================================
================= Test Set =================
+++++++++++ Find New Best Min ACC +++++++++++
The acc is 0.87, 0.82, 0.88
Time Consumption for one epoch is 267.71794033050537s
======================================= Epoch 7 =======================================
================= Test Set =================
+++++++++++ Find New Best Min ACC +++++++++++
The acc is 0.88, 0.83, 0.89
Time Consumption for one epoch is 268.03042221069336s
======================================= Epoch 8 =======================================
================= Test Set =================
The acc is 0.88, 0.83, 0.89
Time Consumption for one epoch is 267.9563386440277s
======================================= Epoch 9 =======================================
================= Test Set =================
The acc is 0.88, 0.83, 0.89
Time Consumption for one epoch is 267.42040252685547s
======================================= Epoch 10 =======================================
================= Test Set =================
The acc is 0.88, 0.83, 0.89
Time Consumption for one epoch is 267.5049669742584s
======================================= Epoch 11 =======================================
================= Test Set =================
The acc is 0.88, 0.83, 0.89
Time Consumption for one epoch is 267.2768568992615s
======================================= Epoch 12 =======================================
================= Test Set =================
The acc is 0.88, 0.83, 0.89
Time Consumption for one epoch is 267.3476085662842s
======================================= Epoch 13 =======================================
================= Test Set =================
The acc is 0.88, 0.83, 0.89
Time Consumption for one epoch is 268.2010862827301s
======================================= Epoch 14 =======================================
================= Test Set =================
The acc is 0.88, 0.83, 0.89
Time Consumption for one epoch is 267.72795009613037s
======================================= Epoch 15 =======================================
================= Test Set =================
The acc is 0.88, 0.83, 0.89
Time Consumption for one epoch is 267.02832770347595s
======================================= Epoch 16 =======================================
================= Test Set =================
+++++++++++ Find New Best Min ACC +++++++++++
The acc is 0.88, 0.84, 0.89
Time Consumption for one epoch is 267.88450264930725s
======================================= Epoch 17 =======================================
================= Test Set =================
+++++++++++ Find New Best Min ACC +++++++++++
The acc is 0.88, 0.84, 0.89
Time Consumption for one epoch is 267.6052796840668s
======================================= Epoch 18 =======================================
================= Test Set =================
+++++++++++ Find New Best Min ACC +++++++++++
The acc is 0.88, 0.84, 0.89
Time Consumption for one epoch is 268.1212959289551s
======================================= Epoch 19 =======================================
================= Test Set =================
The acc is 0.88, 0.84, 0.89
Time Consumption for one epoch is 267.09996032714844s
The final acc is 0.88, 0.84, 0.89
