Namespace(data_dir='/data/yihua/dataset/celeba/celeba.hdf5', result_dir='rotation_study', checkpoint=None, resume=False, domain_attrs='Male', target_attrs='Blond_Hair', exp_name=None, batch_size=512, lr=0.0001, wd=2e-05, epochs=20, seed=2020, num_workers=8, arch='resnet18', evaluate=False, total_num=5000, test_num=1000, gv=30.0, gr=0.5, minor_ratio=0.2, add_aug='rotation')
======================================= Epoch 0 =======================================
================= Test Set =================
+++++++++++ Find New Best Min ACC +++++++++++
The acc is 0.4624, 0.4186, 0.5000
Time Consumption for one epoch is 24.241670846939087s
======================================= Epoch 1 =======================================
================= Test Set =================
+++++++++++ Find New Best Min ACC +++++++++++
The acc is 0.5161, 0.5651, 0.4740
Time Consumption for one epoch is 20.24486231803894s
======================================= Epoch 2 =======================================
================= Test Set =================
+++++++++++ Find New Best Min ACC +++++++++++
The acc is 0.5839, 0.6163, 0.5560
Time Consumption for one epoch is 21.24815034866333s
======================================= Epoch 3 =======================================
================= Test Set =================
+++++++++++ Find New Best Min ACC +++++++++++
The acc is 0.6333, 0.6488, 0.6200
Time Consumption for one epoch is 21.759538650512695s
======================================= Epoch 4 =======================================
================= Test Set =================
+++++++++++ Find New Best Min ACC +++++++++++
The acc is 0.8333, 0.8163, 0.8480
Time Consumption for one epoch is 22.107224225997925s
======================================= Epoch 5 =======================================
================= Test Set =================
The acc is 0.8333, 0.8163, 0.8480
Time Consumption for one epoch is 20.642526149749756s
======================================= Epoch 6 =======================================
================= Test Set =================
+++++++++++ Find New Best Min ACC +++++++++++
The acc is 0.8731, 0.8535, 0.8900
Time Consumption for one epoch is 19.936352968215942s
======================================= Epoch 7 =======================================
================= Test Set =================
+++++++++++ Find New Best Min ACC +++++++++++
The acc is 0.8742, 0.8512, 0.8940
Time Consumption for one epoch is 22.343605041503906s
======================================= Epoch 8 =======================================
================= Test Set =================
The acc is 0.8742, 0.8512, 0.8940
Time Consumption for one epoch is 21.579130172729492s
======================================= Epoch 9 =======================================
================= Test Set =================
+++++++++++ Find New Best Min ACC +++++++++++
The acc is 0.8871, 0.8721, 0.9000
Time Consumption for one epoch is 21.357622861862183s
======================================= Epoch 10 =======================================
================= Test Set =================
The acc is 0.8871, 0.8721, 0.9000
Time Consumption for one epoch is 23.161526203155518s
======================================= Epoch 11 =======================================
================= Test Set =================
The acc is 0.8871, 0.8721, 0.9000
Time Consumption for one epoch is 22.684707164764404s
======================================= Epoch 12 =======================================
================= Test Set =================
The acc is 0.8871, 0.8721, 0.9000
Time Consumption for one epoch is 21.524810075759888s
======================================= Epoch 13 =======================================
================= Test Set =================
The acc is 0.8871, 0.8721, 0.9000
Time Consumption for one epoch is 22.12523055076599s
======================================= Epoch 14 =======================================
================= Test Set =================
The acc is 0.8871, 0.8721, 0.9000
Time Consumption for one epoch is 20.836872816085815s
======================================= Epoch 15 =======================================
================= Test Set =================
The acc is 0.8871, 0.8721, 0.9000
Time Consumption for one epoch is 22.169636011123657s
======================================= Epoch 16 =======================================
================= Test Set =================
+++++++++++ Find New Best Min ACC +++++++++++
The acc is 0.8892, 0.8721, 0.9040
Time Consumption for one epoch is 21.853201866149902s
======================================= Epoch 17 =======================================
================= Test Set =================
+++++++++++ Find New Best Min ACC +++++++++++
The acc is 0.8903, 0.8791, 0.9000
Time Consumption for one epoch is 20.89816188812256s
======================================= Epoch 18 =======================================
================= Test Set =================
The acc is 0.8903, 0.8791, 0.9000
Time Consumption for one epoch is 23.266554832458496s
======================================= Epoch 19 =======================================
================= Test Set =================
The acc is 0.8903, 0.8791, 0.9000
Time Consumption for one epoch is 21.24694538116455s
The final acc is 0.8903, 0.8791, 0.9000
