Namespace(data_dir='/data/yihua/dataset/celeba/celeba.hdf5', result_dir='results', checkpoint=None, resume=False, domain_attrs='Male', target_attrs='Blond_Hair', exp_name=None, batch_size=512, lr=0.0001, wd=2e-05, epochs=20, seed=42, num_workers=8, arch='resnet9', evaluate=False, gv=0.15, gr=0.1)
======================================= Epoch 0 =======================================
================= Test Set =================
+++++++++++ Find New Best Min ACC +++++++++++
The acc is 0.6261, 0.5667, 0.6410
Time Consumption for one epoch is 28.967873334884644s
======================================= Epoch 1 =======================================
================= Test Set =================
+++++++++++ Find New Best Min ACC +++++++++++
The acc is 0.8761, 0.8361, 0.8861
Time Consumption for one epoch is 24.8809335231781s
======================================= Epoch 2 =======================================
================= Test Set =================
+++++++++++ Find New Best Min ACC +++++++++++
The acc is 0.8956, 0.8500, 0.9069
Time Consumption for one epoch is 24.864334106445312s
======================================= Epoch 3 =======================================
================= Test Set =================
The acc is 0.8956, 0.8500, 0.9069
Time Consumption for one epoch is 24.510360956192017s
======================================= Epoch 4 =======================================
================= Test Set =================
+++++++++++ Find New Best Min ACC +++++++++++
The acc is 0.8983, 0.8556, 0.9090
Time Consumption for one epoch is 25.514166355133057s
======================================= Epoch 5 =======================================
================= Test Set =================
+++++++++++ Find New Best Min ACC +++++++++++
The acc is 0.9111, 0.9000, 0.9139
Time Consumption for one epoch is 23.727002382278442s
======================================= Epoch 6 =======================================
================= Test Set =================
The acc is 0.9111, 0.9000, 0.9139
Time Consumption for one epoch is 23.07444477081299s
======================================= Epoch 7 =======================================
================= Test Set =================
The acc is 0.9111, 0.9000, 0.9139
Time Consumption for one epoch is 24.118388175964355s
======================================= Epoch 8 =======================================
================= Test Set =================
+++++++++++ Find New Best Min ACC +++++++++++
The acc is 0.9122, 0.9083, 0.9132
Time Consumption for one epoch is 24.98612356185913s
======================================= Epoch 9 =======================================
================= Test Set =================
The acc is 0.9122, 0.9083, 0.9132
Time Consumption for one epoch is 24.491645097732544s
======================================= Epoch 10 =======================================
================= Test Set =================
The acc is 0.9122, 0.9083, 0.9132
Time Consumption for one epoch is 24.27845311164856s
======================================= Epoch 11 =======================================
================= Test Set =================
The acc is 0.9122, 0.9083, 0.9132
Time Consumption for one epoch is 24.92952561378479s
======================================= Epoch 12 =======================================
================= Test Set =================
+++++++++++ Find New Best Min ACC +++++++++++
The acc is 0.9189, 0.9083, 0.9215
Time Consumption for one epoch is 23.789825677871704s
======================================= Epoch 13 =======================================
================= Test Set =================
The acc is 0.9189, 0.9083, 0.9215
Time Consumption for one epoch is 26.580076456069946s
======================================= Epoch 14 =======================================
================= Test Set =================
The acc is 0.9189, 0.9083, 0.9215
Time Consumption for one epoch is 25.444005966186523s
======================================= Epoch 15 =======================================
================= Test Set =================
The acc is 0.9189, 0.9083, 0.9215
Time Consumption for one epoch is 24.65091609954834s
======================================= Epoch 16 =======================================
================= Test Set =================
+++++++++++ Find New Best Min ACC +++++++++++
The acc is 0.9194, 0.9083, 0.9222
Time Consumption for one epoch is 25.222928047180176s
======================================= Epoch 17 =======================================
================= Test Set =================
The acc is 0.9194, 0.9083, 0.9222
Time Consumption for one epoch is 24.392810821533203s
======================================= Epoch 18 =======================================
================= Test Set =================
The acc is 0.9194, 0.9083, 0.9222
Time Consumption for one epoch is 25.1588876247406s
======================================= Epoch 19 =======================================
================= Test Set =================
The acc is 0.9194, 0.9083, 0.9222
Time Consumption for one epoch is 24.396281003952026s
The final acc is 0.9194, 0.9083, 0.9222
