Namespace(data_dir='/data/yihua/dataset/celeba/celeba.hdf5', result_dir='results', checkpoint=None, resume=False, domain_attrs='Male', target_attrs='Blond_Hair', exp_name=None, batch_size=512, lr=0.0001, wd=2e-05, epochs=20, seed=2020, num_workers=8, arch='resnet9', evaluate=False, gv=0.45, gr=0.1)
======================================= Epoch 0 =======================================
================= Test Set =================
+++++++++++ Find New Best Min ACC +++++++++++
The acc is 0.7633, 0.7056, 0.7778
Time Consumption for one epoch is 26.927984714508057s
======================================= Epoch 1 =======================================
================= Test Set =================
+++++++++++ Find New Best Min ACC +++++++++++
The acc is 0.8728, 0.8083, 0.8889
Time Consumption for one epoch is 25.448596715927124s
======================================= Epoch 2 =======================================
================= Test Set =================
+++++++++++ Find New Best Min ACC +++++++++++
The acc is 0.8900, 0.8556, 0.8986
Time Consumption for one epoch is 24.78953742980957s
======================================= Epoch 3 =======================================
================= Test Set =================
+++++++++++ Find New Best Min ACC +++++++++++
The acc is 0.9006, 0.8611, 0.9104
Time Consumption for one epoch is 23.574159383773804s
======================================= Epoch 4 =======================================
================= Test Set =================
The acc is 0.9006, 0.8611, 0.9104
Time Consumption for one epoch is 23.58814764022827s
======================================= Epoch 5 =======================================
================= Test Set =================
+++++++++++ Find New Best Min ACC +++++++++++
The acc is 0.9050, 0.8806, 0.9111
Time Consumption for one epoch is 24.257689952850342s
======================================= Epoch 6 =======================================
================= Test Set =================
+++++++++++ Find New Best Min ACC +++++++++++
The acc is 0.9056, 0.8750, 0.9132
Time Consumption for one epoch is 23.596694707870483s
======================================= Epoch 7 =======================================
================= Test Set =================
+++++++++++ Find New Best Min ACC +++++++++++
The acc is 0.9139, 0.9028, 0.9167
Time Consumption for one epoch is 24.997265577316284s
======================================= Epoch 8 =======================================
================= Test Set =================
The acc is 0.9139, 0.9028, 0.9167
Time Consumption for one epoch is 24.285001516342163s
======================================= Epoch 9 =======================================
================= Test Set =================
The acc is 0.9139, 0.9028, 0.9167
Time Consumption for one epoch is 23.484572410583496s
======================================= Epoch 10 =======================================
================= Test Set =================
The acc is 0.9139, 0.9028, 0.9167
Time Consumption for one epoch is 24.316140174865723s
======================================= Epoch 11 =======================================
================= Test Set =================
The acc is 0.9139, 0.9028, 0.9167
Time Consumption for one epoch is 24.009323596954346s
======================================= Epoch 12 =======================================
================= Test Set =================
The acc is 0.9139, 0.9028, 0.9167
Time Consumption for one epoch is 24.062612056732178s
======================================= Epoch 13 =======================================
================= Test Set =================
The acc is 0.9139, 0.9028, 0.9167
Time Consumption for one epoch is 25.209132432937622s
======================================= Epoch 14 =======================================
================= Test Set =================
The acc is 0.9139, 0.9028, 0.9167
Time Consumption for one epoch is 22.149446964263916s
======================================= Epoch 15 =======================================
================= Test Set =================
The acc is 0.9139, 0.9028, 0.9167
Time Consumption for one epoch is 24.07713294029236s
======================================= Epoch 16 =======================================
================= Test Set =================
+++++++++++ Find New Best Min ACC +++++++++++
The acc is 0.9222, 0.9139, 0.9243
Time Consumption for one epoch is 25.091857194900513s
======================================= Epoch 17 =======================================
================= Test Set =================
The acc is 0.9222, 0.9139, 0.9243
Time Consumption for one epoch is 24.016294479370117s
======================================= Epoch 18 =======================================
================= Test Set =================
+++++++++++ Find New Best Min ACC +++++++++++
The acc is 0.9228, 0.9111, 0.9257
Time Consumption for one epoch is 25.043604373931885s
======================================= Epoch 19 =======================================
================= Test Set =================
The acc is 0.9228, 0.9111, 0.9257
Time Consumption for one epoch is 24.12714123725891s
The final acc is 0.9228, 0.9111, 0.9257
