Namespace(data_dir='/data/yihua/dataset/celeba/celeba.hdf5', result_dir='results', checkpoint=None, resume=False, domain_attrs='Male', target_attrs='Blond_Hair', exp_name=None, batch_size=512, lr=0.0001, wd=2e-05, epochs=20, seed=42, num_workers=8, arch='resnet9', evaluate=False, gv=0.3, gr=0.5)
======================================= Epoch 0 =======================================
================= Test Set =================
+++++++++++ Find New Best Min ACC +++++++++++
The acc is 0.8244, 0.7833, 0.8347
Time Consumption for one epoch is 30.644230127334595s
======================================= Epoch 1 =======================================
================= Test Set =================
+++++++++++ Find New Best Min ACC +++++++++++
The acc is 0.8717, 0.8167, 0.8854
Time Consumption for one epoch is 25.29647445678711s
======================================= Epoch 2 =======================================
================= Test Set =================
+++++++++++ Find New Best Min ACC +++++++++++
The acc is 0.8828, 0.8417, 0.8931
Time Consumption for one epoch is 25.74448275566101s
======================================= Epoch 3 =======================================
================= Test Set =================
+++++++++++ Find New Best Min ACC +++++++++++
The acc is 0.8928, 0.8444, 0.9049
Time Consumption for one epoch is 27.891437292099s
======================================= Epoch 4 =======================================
================= Test Set =================
The acc is 0.8928, 0.8444, 0.9049
Time Consumption for one epoch is 25.30354404449463s
======================================= Epoch 5 =======================================
================= Test Set =================
+++++++++++ Find New Best Min ACC +++++++++++
The acc is 0.8989, 0.8639, 0.9076
Time Consumption for one epoch is 25.95447087287903s
======================================= Epoch 6 =======================================
================= Test Set =================
+++++++++++ Find New Best Min ACC +++++++++++
The acc is 0.9017, 0.8861, 0.9056
Time Consumption for one epoch is 26.37890934944153s
======================================= Epoch 7 =======================================
================= Test Set =================
+++++++++++ Find New Best Min ACC +++++++++++
The acc is 0.9061, 0.8750, 0.9139
Time Consumption for one epoch is 24.93930196762085s
======================================= Epoch 8 =======================================
================= Test Set =================
The acc is 0.9061, 0.8750, 0.9139
Time Consumption for one epoch is 25.810771226882935s
======================================= Epoch 9 =======================================
================= Test Set =================
+++++++++++ Find New Best Min ACC +++++++++++
The acc is 0.9178, 0.9028, 0.9215
Time Consumption for one epoch is 26.995055675506592s
======================================= Epoch 10 =======================================
================= Test Set =================
The acc is 0.9178, 0.9028, 0.9215
Time Consumption for one epoch is 26.09514355659485s
======================================= Epoch 11 =======================================
================= Test Set =================
The acc is 0.9178, 0.9028, 0.9215
Time Consumption for one epoch is 26.127416610717773s
======================================= Epoch 12 =======================================
================= Test Set =================
The acc is 0.9178, 0.9028, 0.9215
Time Consumption for one epoch is 27.19929027557373s
======================================= Epoch 13 =======================================
================= Test Set =================
The acc is 0.9178, 0.9028, 0.9215
Time Consumption for one epoch is 25.66391086578369s
======================================= Epoch 14 =======================================
================= Test Set =================
The acc is 0.9178, 0.9028, 0.9215
Time Consumption for one epoch is 25.90852975845337s
======================================= Epoch 15 =======================================
================= Test Set =================
The acc is 0.9178, 0.9028, 0.9215
Time Consumption for one epoch is 27.0729238986969s
======================================= Epoch 16 =======================================
================= Test Set =================
The acc is 0.9178, 0.9028, 0.9215
Time Consumption for one epoch is 26.823673486709595s
======================================= Epoch 17 =======================================
================= Test Set =================
The acc is 0.9178, 0.9028, 0.9215
Time Consumption for one epoch is 27.758317470550537s
======================================= Epoch 18 =======================================
================= Test Set =================
The acc is 0.9178, 0.9028, 0.9215
Time Consumption for one epoch is 25.377212524414062s
======================================= Epoch 19 =======================================
================= Test Set =================
The acc is 0.9178, 0.9028, 0.9215
Time Consumption for one epoch is 25.642311096191406s
The final acc is 0.9178, 0.9028, 0.9215
