Namespace(data_dir='/data/yihua/dataset/celeba/celeba.hdf5', result_dir='results', checkpoint=None, resume=False, domain_attrs='Male', target_attrs='High_Cheekbones', exp_name=None, batch_size=512, lr=0.0001, wd=2e-05, epochs=20, seed=42, num_workers=8, arch='resnet18', evaluate=False, gv=0.0, gr=0.0)
======================================= Epoch 0 =======================================
================= Test Set =================
+++++++++++ Find New Best Min ACC +++++++++++
The acc is 0.7795, 0.7366, 0.7902
Time Consumption for one epoch is 255.91595458984375s
======================================= Epoch 1 =======================================
================= Test Set =================
+++++++++++ Find New Best Min ACC +++++++++++
The acc is 0.8505, 0.7975, 0.8638
Time Consumption for one epoch is 253.16621589660645s
======================================= Epoch 2 =======================================
================= Test Set =================
+++++++++++ Find New Best Min ACC +++++++++++
The acc is 0.8655, 0.8119, 0.8789
Time Consumption for one epoch is 253.33705186843872s
======================================= Epoch 3 =======================================
================= Test Set =================
The acc is 0.8655, 0.8119, 0.8789
Time Consumption for one epoch is 254.46783542633057s
======================================= Epoch 4 =======================================
================= Test Set =================
The acc is 0.8655, 0.8119, 0.8789
Time Consumption for one epoch is 254.2081835269928s
======================================= Epoch 5 =======================================
================= Test Set =================
+++++++++++ Find New Best Min ACC +++++++++++
The acc is 0.8669, 0.8240, 0.8776
Time Consumption for one epoch is 254.8854341506958s
======================================= Epoch 6 =======================================
================= Test Set =================
The acc is 0.8669, 0.8240, 0.8776
Time Consumption for one epoch is 252.9150083065033s
======================================= Epoch 7 =======================================
================= Test Set =================
The acc is 0.8669, 0.8240, 0.8776
Time Consumption for one epoch is 253.90889382362366s
======================================= Epoch 8 =======================================
================= Test Set =================
+++++++++++ Find New Best Min ACC +++++++++++
The acc is 0.8729, 0.8300, 0.8836
Time Consumption for one epoch is 254.51103854179382s
======================================= Epoch 9 =======================================
================= Test Set =================
The acc is 0.8729, 0.8300, 0.8836
Time Consumption for one epoch is 253.9593641757965s
======================================= Epoch 10 =======================================
================= Test Set =================
The acc is 0.8729, 0.8300, 0.8836
Time Consumption for one epoch is 253.33768129348755s
======================================= Epoch 11 =======================================
================= Test Set =================
The acc is 0.8729, 0.8300, 0.8836
Time Consumption for one epoch is 253.31578063964844s
======================================= Epoch 12 =======================================
================= Test Set =================
The acc is 0.8729, 0.8300, 0.8836
Time Consumption for one epoch is 252.42083621025085s
======================================= Epoch 13 =======================================
================= Test Set =================
+++++++++++ Find New Best Min ACC +++++++++++
The acc is 0.8745, 0.8320, 0.8851
Time Consumption for one epoch is 253.86336374282837s
======================================= Epoch 14 =======================================
================= Test Set =================
The acc is 0.8745, 0.8320, 0.8851
Time Consumption for one epoch is 253.41859889030457s
======================================= Epoch 15 =======================================
================= Test Set =================
The acc is 0.8745, 0.8320, 0.8851
Time Consumption for one epoch is 252.66259264945984s
======================================= Epoch 16 =======================================
================= Test Set =================
+++++++++++ Find New Best Min ACC +++++++++++
The acc is 0.8784, 0.8324, 0.8900
Time Consumption for one epoch is 253.89468479156494s
======================================= Epoch 17 =======================================
================= Test Set =================
The acc is 0.8784, 0.8324, 0.8900
Time Consumption for one epoch is 253.1334433555603s
======================================= Epoch 18 =======================================
================= Test Set =================
+++++++++++ Find New Best Min ACC +++++++++++
The acc is 0.8787, 0.8372, 0.8891
Time Consumption for one epoch is 252.96769618988037s
======================================= Epoch 19 =======================================
================= Test Set =================
+++++++++++ Find New Best Min ACC +++++++++++
The acc is 0.8792, 0.8376, 0.8896
Time Consumption for one epoch is 253.49310421943665s
The final acc is 0.8792, 0.8376, 0.8896
