Namespace(data_dir='/data/yihua/dataset/celeba/celeba.hdf5', result_dir='rotation_study', checkpoint=None, resume=False, domain_attrs='Male', target_attrs='Blond_Hair', exp_name=None, batch_size=512, lr=0.0001, wd=2e-05, epochs=20, seed=2021, num_workers=8, arch='resnet18', evaluate=False, total_num=5000, test_num=1000, gv=30.0, gr=0.5, minor_ratio=0.2, add_aug='rotation')
======================================= Epoch 0 =======================================
================= Test Set =================
+++++++++++ Find New Best Min ACC +++++++++++
The acc is 0.4624, 0.4186, 0.5000
Time Consumption for one epoch is 23.312002658843994s
======================================= Epoch 1 =======================================
================= Test Set =================
+++++++++++ Find New Best Min ACC +++++++++++
The acc is 0.5441, 0.5791, 0.5140
Time Consumption for one epoch is 21.18476390838623s
======================================= Epoch 2 =======================================
================= Test Set =================
The acc is 0.5441, 0.5791, 0.5140
Time Consumption for one epoch is 20.78602147102356s
======================================= Epoch 3 =======================================
================= Test Set =================
The acc is 0.5441, 0.5791, 0.5140
Time Consumption for one epoch is 22.20037055015564s
======================================= Epoch 4 =======================================
================= Test Set =================
+++++++++++ Find New Best Min ACC +++++++++++
The acc is 0.8000, 0.7791, 0.8180
Time Consumption for one epoch is 19.34226894378662s
======================================= Epoch 5 =======================================
================= Test Set =================
+++++++++++ Find New Best Min ACC +++++++++++
The acc is 0.8581, 0.8209, 0.8900
Time Consumption for one epoch is 21.02588129043579s
======================================= Epoch 6 =======================================
================= Test Set =================
+++++++++++ Find New Best Min ACC +++++++++++
The acc is 0.8667, 0.8419, 0.8880
Time Consumption for one epoch is 20.38462209701538s
======================================= Epoch 7 =======================================
================= Test Set =================
+++++++++++ Find New Best Min ACC +++++++++++
The acc is 0.8742, 0.8535, 0.8920
Time Consumption for one epoch is 21.251709461212158s
======================================= Epoch 8 =======================================
================= Test Set =================
The acc is 0.8742, 0.8535, 0.8920
Time Consumption for one epoch is 21.1667218208313s
======================================= Epoch 9 =======================================
================= Test Set =================
+++++++++++ Find New Best Min ACC +++++++++++
The acc is 0.8785, 0.8442, 0.9080
Time Consumption for one epoch is 20.7402606010437s
======================================= Epoch 10 =======================================
================= Test Set =================
+++++++++++ Find New Best Min ACC +++++++++++
The acc is 0.8871, 0.8674, 0.9040
Time Consumption for one epoch is 22.2815101146698s
======================================= Epoch 11 =======================================
================= Test Set =================
The acc is 0.8871, 0.8674, 0.9040
Time Consumption for one epoch is 20.18966031074524s
======================================= Epoch 12 =======================================
================= Test Set =================
The acc is 0.8871, 0.8674, 0.9040
Time Consumption for one epoch is 20.812939405441284s
======================================= Epoch 13 =======================================
================= Test Set =================
The acc is 0.8871, 0.8674, 0.9040
Time Consumption for one epoch is 21.303601264953613s
======================================= Epoch 14 =======================================
================= Test Set =================
The acc is 0.8871, 0.8674, 0.9040
Time Consumption for one epoch is 19.663613319396973s
======================================= Epoch 15 =======================================
================= Test Set =================
The acc is 0.8871, 0.8674, 0.9040
Time Consumption for one epoch is 20.370750665664673s
======================================= Epoch 16 =======================================
================= Test Set =================
+++++++++++ Find New Best Min ACC +++++++++++
The acc is 0.8882, 0.8698, 0.9040
Time Consumption for one epoch is 20.75519824028015s
======================================= Epoch 17 =======================================
================= Test Set =================
+++++++++++ Find New Best Min ACC +++++++++++
The acc is 0.8989, 0.8860, 0.9100
Time Consumption for one epoch is 20.66987919807434s
======================================= Epoch 18 =======================================
================= Test Set =================
The acc is 0.8989, 0.8860, 0.9100
Time Consumption for one epoch is 21.79654622077942s
======================================= Epoch 19 =======================================
================= Test Set =================
The acc is 0.8989, 0.8860, 0.9100
Time Consumption for one epoch is 20.72821021080017s
The final acc is 0.8989, 0.8860, 0.9100
