Namespace(data_dir='/data/yihua/dataset/celeba/celeba.hdf5', result_dir='results', checkpoint=None, resume=False, domain_attrs='Male', target_attrs='Blond_Hair', exp_name=None, batch_size=512, lr=0.0001, wd=2e-05, epochs=20, seed=2022, num_workers=8, arch='resnet18', evaluate=False, gv=0.001, gr=0.3)
======================================= Epoch 0 =======================================
================= Test Set =================
+++++++++++ Find New Best Min ACC +++++++++++
The acc is 0.5000, 0.5000, 0.5000
Time Consumption for one epoch is 46.51785087585449s
======================================= Epoch 1 =======================================
================= Test Set =================
+++++++++++ Find New Best Min ACC +++++++++++
The acc is 0.8706, 0.7917, 0.8903
Time Consumption for one epoch is 44.44660401344299s
======================================= Epoch 2 =======================================
================= Test Set =================
+++++++++++ Find New Best Min ACC +++++++++++
The acc is 0.9039, 0.8833, 0.9090
Time Consumption for one epoch is 43.62508726119995s
======================================= Epoch 3 =======================================
================= Test Set =================
The acc is 0.9039, 0.8833, 0.9090
Time Consumption for one epoch is 40.892728328704834s
======================================= Epoch 4 =======================================
================= Test Set =================
The acc is 0.9039, 0.8833, 0.9090
Time Consumption for one epoch is 42.830395221710205s
======================================= Epoch 5 =======================================
================= Test Set =================
The acc is 0.9039, 0.8833, 0.9090
Time Consumption for one epoch is 41.7377188205719s
======================================= Epoch 6 =======================================
================= Test Set =================
The acc is 0.9039, 0.8833, 0.9090
Time Consumption for one epoch is 44.534533739089966s
======================================= Epoch 7 =======================================
================= Test Set =================
The acc is 0.9039, 0.8833, 0.9090
Time Consumption for one epoch is 43.19758868217468s
======================================= Epoch 8 =======================================
================= Test Set =================
The acc is 0.9039, 0.8833, 0.9090
Time Consumption for one epoch is 42.43586182594299s
======================================= Epoch 9 =======================================
================= Test Set =================
The acc is 0.9039, 0.8833, 0.9090
Time Consumption for one epoch is 41.19945406913757s
======================================= Epoch 10 =======================================
================= Test Set =================
The acc is 0.9039, 0.8833, 0.9090
Time Consumption for one epoch is 42.29665732383728s
======================================= Epoch 11 =======================================
================= Test Set =================
The acc is 0.9039, 0.8833, 0.9090
Time Consumption for one epoch is 43.511006116867065s
======================================= Epoch 12 =======================================
================= Test Set =================
The acc is 0.9039, 0.8833, 0.9090
Time Consumption for one epoch is 43.70276141166687s
======================================= Epoch 13 =======================================
================= Test Set =================
The acc is 0.9039, 0.8833, 0.9090
Time Consumption for one epoch is 42.74584364891052s
======================================= Epoch 14 =======================================
================= Test Set =================
+++++++++++ Find New Best Min ACC +++++++++++
The acc is 0.9072, 0.8778, 0.9146
Time Consumption for one epoch is 43.48741555213928s
======================================= Epoch 15 =======================================
================= Test Set =================
+++++++++++ Find New Best Min ACC +++++++++++
The acc is 0.9200, 0.9111, 0.9222
Time Consumption for one epoch is 42.94994759559631s
======================================= Epoch 16 =======================================
================= Test Set =================
The acc is 0.9200, 0.9111, 0.9222
Time Consumption for one epoch is 44.18949055671692s
======================================= Epoch 17 =======================================
================= Test Set =================
The acc is 0.9200, 0.9111, 0.9222
Time Consumption for one epoch is 43.776105880737305s
======================================= Epoch 18 =======================================
================= Test Set =================
+++++++++++ Find New Best Min ACC +++++++++++
The acc is 0.9206, 0.9139, 0.9222
Time Consumption for one epoch is 43.383572578430176s
======================================= Epoch 19 =======================================
================= Test Set =================
+++++++++++ Find New Best Min ACC +++++++++++
The acc is 0.9211, 0.9139, 0.9229
Time Consumption for one epoch is 43.3348662853241s
The final acc is 0.9211, 0.9139, 0.9229
