Namespace(data_dir='/data/yihua/dataset/celeba/celeba.hdf5', result_dir='results', checkpoint=None, resume=False, domain_attrs='Male', target_attrs='Blond_Hair', exp_name=None, batch_size=512, lr=0.0001, wd=2e-05, epochs=20, seed=2021, num_workers=8, arch='resnet18', evaluate=False, gv=1.0, gr=0.5)
======================================= Epoch 0 =======================================
================= Test Set =================
+++++++++++ Find New Best Min ACC +++++++++++
The acc is 0.8339, 0.8028, 0.8417
Time Consumption for one epoch is 46.54912972450256s
======================================= Epoch 1 =======================================
================= Test Set =================
+++++++++++ Find New Best Min ACC +++++++++++
The acc is 0.8617, 0.7861, 0.8806
Time Consumption for one epoch is 44.31378793716431s
======================================= Epoch 2 =======================================
================= Test Set =================
+++++++++++ Find New Best Min ACC +++++++++++
The acc is 0.8878, 0.8472, 0.8979
Time Consumption for one epoch is 44.21915674209595s
======================================= Epoch 3 =======================================
================= Test Set =================
The acc is 0.8878, 0.8472, 0.8979
Time Consumption for one epoch is 44.04785513877869s
======================================= Epoch 4 =======================================
================= Test Set =================
+++++++++++ Find New Best Min ACC +++++++++++
The acc is 0.8889, 0.8750, 0.8924
Time Consumption for one epoch is 44.999186515808105s
======================================= Epoch 5 =======================================
================= Test Set =================
+++++++++++ Find New Best Min ACC +++++++++++
The acc is 0.8978, 0.8639, 0.9062
Time Consumption for one epoch is 46.005497217178345s
======================================= Epoch 6 =======================================
================= Test Set =================
+++++++++++ Find New Best Min ACC +++++++++++
The acc is 0.9033, 0.8861, 0.9076
Time Consumption for one epoch is 44.45837163925171s
======================================= Epoch 7 =======================================
================= Test Set =================
+++++++++++ Find New Best Min ACC +++++++++++
The acc is 0.9150, 0.9056, 0.9174
Time Consumption for one epoch is 43.72431421279907s
======================================= Epoch 8 =======================================
================= Test Set =================
The acc is 0.9150, 0.9056, 0.9174
Time Consumption for one epoch is 43.1088969707489s
======================================= Epoch 9 =======================================
================= Test Set =================
+++++++++++ Find New Best Min ACC +++++++++++
The acc is 0.9167, 0.9056, 0.9194
Time Consumption for one epoch is 43.93596124649048s
======================================= Epoch 10 =======================================
================= Test Set =================
The acc is 0.9167, 0.9056, 0.9194
Time Consumption for one epoch is 43.43693208694458s
======================================= Epoch 11 =======================================
================= Test Set =================
The acc is 0.9167, 0.9056, 0.9194
Time Consumption for one epoch is 45.43634009361267s
======================================= Epoch 12 =======================================
================= Test Set =================
+++++++++++ Find New Best Min ACC +++++++++++
The acc is 0.9189, 0.8972, 0.9243
Time Consumption for one epoch is 45.98391652107239s
======================================= Epoch 13 =======================================
================= Test Set =================
The acc is 0.9189, 0.8972, 0.9243
Time Consumption for one epoch is 45.50500774383545s
======================================= Epoch 14 =======================================
================= Test Set =================
The acc is 0.9189, 0.8972, 0.9243
Time Consumption for one epoch is 45.21911954879761s
======================================= Epoch 15 =======================================
================= Test Set =================
The acc is 0.9189, 0.8972, 0.9243
Time Consumption for one epoch is 43.90089011192322s
======================================= Epoch 16 =======================================
================= Test Set =================
The acc is 0.9189, 0.8972, 0.9243
Time Consumption for one epoch is 44.486348152160645s
======================================= Epoch 17 =======================================
================= Test Set =================
+++++++++++ Find New Best Min ACC +++++++++++
The acc is 0.9194, 0.9028, 0.9236
Time Consumption for one epoch is 46.07858753204346s
======================================= Epoch 18 =======================================
================= Test Set =================
The acc is 0.9194, 0.9028, 0.9236
Time Consumption for one epoch is 44.951087474823s
======================================= Epoch 19 =======================================
================= Test Set =================
+++++++++++ Find New Best Min ACC +++++++++++
The acc is 0.9200, 0.9028, 0.9243
Time Consumption for one epoch is 44.465534925460815s
The final acc is 0.9200, 0.9028, 0.9243
