Namespace(data_dir='/data/yihua/dataset/celeba/celeba.hdf5', result_dir='results', checkpoint=None, resume=False, domain_attrs='Male', target_attrs='Blond_Hair', exp_name=None, batch_size=512, lr=0.0001, wd=2e-05, epochs=20, seed=42, num_workers=8, arch='resnet9', evaluate=False, gv=0.2, gr=0.1)
======================================= Epoch 0 =======================================
================= Test Set =================
+++++++++++ Find New Best Min ACC +++++++++++
The acc is 0.6489, 0.5778, 0.6667
Time Consumption for one epoch is 28.991150617599487s
======================================= Epoch 1 =======================================
================= Test Set =================
+++++++++++ Find New Best Min ACC +++++++++++
The acc is 0.8772, 0.8444, 0.8854
Time Consumption for one epoch is 25.037450075149536s
======================================= Epoch 2 =======================================
================= Test Set =================
+++++++++++ Find New Best Min ACC +++++++++++
The acc is 0.8950, 0.8500, 0.9062
Time Consumption for one epoch is 24.32944679260254s
======================================= Epoch 3 =======================================
================= Test Set =================
The acc is 0.8950, 0.8500, 0.9062
Time Consumption for one epoch is 24.592137575149536s
======================================= Epoch 4 =======================================
================= Test Set =================
+++++++++++ Find New Best Min ACC +++++++++++
The acc is 0.9006, 0.8611, 0.9104
Time Consumption for one epoch is 24.61458945274353s
======================================= Epoch 5 =======================================
================= Test Set =================
+++++++++++ Find New Best Min ACC +++++++++++
The acc is 0.9094, 0.8917, 0.9139
Time Consumption for one epoch is 26.515958070755005s
======================================= Epoch 6 =======================================
================= Test Set =================
The acc is 0.9094, 0.8917, 0.9139
Time Consumption for one epoch is 24.594406843185425s
======================================= Epoch 7 =======================================
================= Test Set =================
The acc is 0.9094, 0.8917, 0.9139
Time Consumption for one epoch is 23.787853240966797s
======================================= Epoch 8 =======================================
================= Test Set =================
The acc is 0.9094, 0.8917, 0.9139
Time Consumption for one epoch is 23.137839794158936s
======================================= Epoch 9 =======================================
================= Test Set =================
The acc is 0.9094, 0.8917, 0.9139
Time Consumption for one epoch is 24.373538732528687s
======================================= Epoch 10 =======================================
================= Test Set =================
+++++++++++ Find New Best Min ACC +++++++++++
The acc is 0.9139, 0.8833, 0.9215
Time Consumption for one epoch is 24.78243112564087s
======================================= Epoch 11 =======================================
================= Test Set =================
The acc is 0.9139, 0.8833, 0.9215
Time Consumption for one epoch is 25.37532639503479s
======================================= Epoch 12 =======================================
================= Test Set =================
+++++++++++ Find New Best Min ACC +++++++++++
The acc is 0.9144, 0.9028, 0.9174
Time Consumption for one epoch is 24.696396589279175s
======================================= Epoch 13 =======================================
================= Test Set =================
The acc is 0.9144, 0.9028, 0.9174
Time Consumption for one epoch is 25.13457465171814s
======================================= Epoch 14 =======================================
================= Test Set =================
The acc is 0.9144, 0.9028, 0.9174
Time Consumption for one epoch is 25.400676012039185s
======================================= Epoch 15 =======================================
================= Test Set =================
+++++++++++ Find New Best Min ACC +++++++++++
The acc is 0.9172, 0.8972, 0.9222
Time Consumption for one epoch is 23.34843134880066s
======================================= Epoch 16 =======================================
================= Test Set =================
+++++++++++ Find New Best Min ACC +++++++++++
The acc is 0.9200, 0.9111, 0.9222
Time Consumption for one epoch is 25.381131887435913s
======================================= Epoch 17 =======================================
================= Test Set =================
The acc is 0.9200, 0.9111, 0.9222
Time Consumption for one epoch is 23.650731801986694s
======================================= Epoch 18 =======================================
================= Test Set =================
The acc is 0.9200, 0.9111, 0.9222
Time Consumption for one epoch is 25.57429599761963s
======================================= Epoch 19 =======================================
================= Test Set =================
The acc is 0.9200, 0.9111, 0.9222
Time Consumption for one epoch is 24.429133892059326s
The final acc is 0.9200, 0.9111, 0.9222
