Namespace(data_dir='/data/yihua/dataset/celeba/celeba.hdf5', result_dir='rotation_study', checkpoint=None, resume=False, domain_attrs='Male', target_attrs='Blond_Hair', exp_name=None, batch_size=512, lr=0.0001, wd=2e-05, epochs=20, seed=2021, num_workers=8, arch='resnet18', evaluate=False, total_num=5000, test_num=1000, gv=150.0, gr=0.5, minor_ratio=0.2, add_aug='rotation')
======================================= Epoch 0 =======================================
================= Test Set =================
+++++++++++ Find New Best Min ACC +++++++++++
The acc is 0.4624, 0.4186, 0.5000
Time Consumption for one epoch is 24.109326362609863s
======================================= Epoch 1 =======================================
================= Test Set =================
+++++++++++ Find New Best Min ACC +++++++++++
The acc is 0.5430, 0.5767, 0.5140
Time Consumption for one epoch is 22.35148048400879s
======================================= Epoch 2 =======================================
================= Test Set =================
The acc is 0.5430, 0.5767, 0.5140
Time Consumption for one epoch is 21.242409467697144s
======================================= Epoch 3 =======================================
================= Test Set =================
The acc is 0.5430, 0.5767, 0.5140
Time Consumption for one epoch is 22.35978603363037s
======================================= Epoch 4 =======================================
================= Test Set =================
+++++++++++ Find New Best Min ACC +++++++++++
The acc is 0.6516, 0.6698, 0.6360
Time Consumption for one epoch is 20.188605546951294s
======================================= Epoch 5 =======================================
================= Test Set =================
+++++++++++ Find New Best Min ACC +++++++++++
The acc is 0.7806, 0.7395, 0.8160
Time Consumption for one epoch is 20.718616008758545s
======================================= Epoch 6 =======================================
================= Test Set =================
+++++++++++ Find New Best Min ACC +++++++++++
The acc is 0.8548, 0.8279, 0.8780
Time Consumption for one epoch is 19.933464765548706s
======================================= Epoch 7 =======================================
================= Test Set =================
+++++++++++ Find New Best Min ACC +++++++++++
The acc is 0.8699, 0.8512, 0.8860
Time Consumption for one epoch is 20.341431140899658s
======================================= Epoch 8 =======================================
================= Test Set =================
The acc is 0.8699, 0.8512, 0.8860
Time Consumption for one epoch is 20.030821800231934s
======================================= Epoch 9 =======================================
================= Test Set =================
+++++++++++ Find New Best Min ACC +++++++++++
The acc is 0.8882, 0.8628, 0.9100
Time Consumption for one epoch is 21.916517972946167s
======================================= Epoch 10 =======================================
================= Test Set =================
The acc is 0.8882, 0.8628, 0.9100
Time Consumption for one epoch is 19.451438188552856s
======================================= Epoch 11 =======================================
================= Test Set =================
The acc is 0.8882, 0.8628, 0.9100
Time Consumption for one epoch is 20.60739254951477s
======================================= Epoch 12 =======================================
================= Test Set =================
The acc is 0.8882, 0.8628, 0.9100
Time Consumption for one epoch is 21.26042914390564s
======================================= Epoch 13 =======================================
================= Test Set =================
The acc is 0.8882, 0.8628, 0.9100
Time Consumption for one epoch is 22.215846061706543s
======================================= Epoch 14 =======================================
================= Test Set =================
The acc is 0.8882, 0.8628, 0.9100
Time Consumption for one epoch is 21.24962854385376s
======================================= Epoch 15 =======================================
================= Test Set =================
The acc is 0.8882, 0.8628, 0.9100
Time Consumption for one epoch is 20.436280250549316s
======================================= Epoch 16 =======================================
================= Test Set =================
+++++++++++ Find New Best Min ACC +++++++++++
The acc is 0.8935, 0.8814, 0.9040
Time Consumption for one epoch is 19.73228120803833s
======================================= Epoch 17 =======================================
================= Test Set =================
The acc is 0.8935, 0.8814, 0.9040
Time Consumption for one epoch is 20.74903964996338s
======================================= Epoch 18 =======================================
================= Test Set =================
+++++++++++ Find New Best Min ACC +++++++++++
The acc is 0.8989, 0.8791, 0.9160
Time Consumption for one epoch is 22.283915042877197s
======================================= Epoch 19 =======================================
================= Test Set =================
The acc is 0.8989, 0.8791, 0.9160
Time Consumption for one epoch is 21.115933179855347s
The final acc is 0.8989, 0.8791, 0.9160
