Namespace(data_dir='/data/yihua/dataset/celeba/celeba.hdf5', result_dir='results', checkpoint=None, resume=False, domain_attrs='Male', target_attrs='Blond_Hair', exp_name=None, batch_size=512, lr=0.0001, wd=2e-05, epochs=20, seed=42, num_workers=8, arch='resnet9', evaluate=False, gv=0.05, gr=0.3)
======================================= Epoch 0 =======================================
================= Test Set =================
+++++++++++ Find New Best Min ACC +++++++++++
The acc is 0.6050, 0.5583, 0.6167
Time Consumption for one epoch is 29.695072650909424s
======================================= Epoch 1 =======================================
================= Test Set =================
+++++++++++ Find New Best Min ACC +++++++++++
The acc is 0.8850, 0.8444, 0.8951
Time Consumption for one epoch is 25.623165369033813s
======================================= Epoch 2 =======================================
================= Test Set =================
+++++++++++ Find New Best Min ACC +++++++++++
The acc is 0.8911, 0.8444, 0.9028
Time Consumption for one epoch is 25.396844625473022s
======================================= Epoch 3 =======================================
================= Test Set =================
+++++++++++ Find New Best Min ACC +++++++++++
The acc is 0.8917, 0.8556, 0.9007
Time Consumption for one epoch is 26.111384868621826s
======================================= Epoch 4 =======================================
================= Test Set =================
+++++++++++ Find New Best Min ACC +++++++++++
The acc is 0.8933, 0.8500, 0.9042
Time Consumption for one epoch is 26.3490629196167s
======================================= Epoch 5 =======================================
================= Test Set =================
+++++++++++ Find New Best Min ACC +++++++++++
The acc is 0.9089, 0.8889, 0.9139
Time Consumption for one epoch is 25.16288709640503s
======================================= Epoch 6 =======================================
================= Test Set =================
+++++++++++ Find New Best Min ACC +++++++++++
The acc is 0.9106, 0.8778, 0.9187
Time Consumption for one epoch is 25.755590677261353s
======================================= Epoch 7 =======================================
================= Test Set =================
The acc is 0.9106, 0.8778, 0.9187
Time Consumption for one epoch is 26.31385850906372s
======================================= Epoch 8 =======================================
================= Test Set =================
+++++++++++ Find New Best Min ACC +++++++++++
The acc is 0.9111, 0.8917, 0.9160
Time Consumption for one epoch is 26.56687092781067s
======================================= Epoch 9 =======================================
================= Test Set =================
The acc is 0.9111, 0.8917, 0.9160
Time Consumption for one epoch is 26.099613666534424s
======================================= Epoch 10 =======================================
================= Test Set =================
+++++++++++ Find New Best Min ACC +++++++++++
The acc is 0.9139, 0.8861, 0.9208
Time Consumption for one epoch is 25.77247714996338s
======================================= Epoch 11 =======================================
================= Test Set =================
+++++++++++ Find New Best Min ACC +++++++++++
The acc is 0.9156, 0.8917, 0.9215
Time Consumption for one epoch is 26.216704845428467s
======================================= Epoch 12 =======================================
================= Test Set =================
The acc is 0.9156, 0.8917, 0.9215
Time Consumption for one epoch is 26.621326208114624s
======================================= Epoch 13 =======================================
================= Test Set =================
The acc is 0.9156, 0.8917, 0.9215
Time Consumption for one epoch is 24.376163005828857s
======================================= Epoch 14 =======================================
================= Test Set =================
The acc is 0.9156, 0.8917, 0.9215
Time Consumption for one epoch is 24.355730533599854s
======================================= Epoch 15 =======================================
================= Test Set =================
The acc is 0.9156, 0.8917, 0.9215
Time Consumption for one epoch is 25.20112156867981s
======================================= Epoch 16 =======================================
================= Test Set =================
+++++++++++ Find New Best Min ACC +++++++++++
The acc is 0.9178, 0.9000, 0.9222
Time Consumption for one epoch is 27.250871419906616s
======================================= Epoch 17 =======================================
================= Test Set =================
The acc is 0.9178, 0.9000, 0.9222
Time Consumption for one epoch is 27.032971382141113s
======================================= Epoch 18 =======================================
================= Test Set =================
The acc is 0.9178, 0.9000, 0.9222
Time Consumption for one epoch is 25.56653332710266s
======================================= Epoch 19 =======================================
================= Test Set =================
The acc is 0.9178, 0.9000, 0.9222
Time Consumption for one epoch is 26.504462242126465s
The final acc is 0.9178, 0.9000, 0.9222
