Namespace(data_dir='/data/yihua/dataset/celeba/celeba.hdf5', result_dir='rotation_study', checkpoint=None, resume=False, domain_attrs='Male', target_attrs='Blond_Hair', exp_name=None, batch_size=512, lr=0.0001, wd=2e-05, epochs=20, seed=2022, num_workers=8, arch='resnet9', evaluate=False, total_num=5000, test_num=1000, gv=150.0, gr=0.5, minor_ratio=0.2, add_aug='rotation')
======================================= Epoch 0 =======================================
================= Test Set =================
+++++++++++ Find New Best Min ACC +++++++++++
The acc is 0.4624, 0.4186, 0.5000
Time Consumption for one epoch is 16.63591742515564s
======================================= Epoch 1 =======================================
================= Test Set =================
The acc is 0.4624, 0.4186, 0.5000
Time Consumption for one epoch is 14.71159029006958s
======================================= Epoch 2 =======================================
================= Test Set =================
+++++++++++ Find New Best Min ACC +++++++++++
The acc is 0.6355, 0.5674, 0.6940
Time Consumption for one epoch is 14.846919059753418s
======================================= Epoch 3 =======================================
================= Test Set =================
+++++++++++ Find New Best Min ACC +++++++++++
The acc is 0.8269, 0.8000, 0.8500
Time Consumption for one epoch is 14.80415153503418s
======================================= Epoch 4 =======================================
================= Test Set =================
+++++++++++ Find New Best Min ACC +++++++++++
The acc is 0.8505, 0.8349, 0.8640
Time Consumption for one epoch is 14.904697179794312s
======================================= Epoch 5 =======================================
================= Test Set =================
+++++++++++ Find New Best Min ACC +++++++++++
The acc is 0.8817, 0.8698, 0.8920
Time Consumption for one epoch is 14.864967584609985s
======================================= Epoch 6 =======================================
================= Test Set =================
The acc is 0.8817, 0.8698, 0.8920
Time Consumption for one epoch is 14.352296829223633s
======================================= Epoch 7 =======================================
================= Test Set =================
The acc is 0.8817, 0.8698, 0.8920
Time Consumption for one epoch is 14.948455095291138s
======================================= Epoch 8 =======================================
================= Test Set =================
The acc is 0.8817, 0.8698, 0.8920
Time Consumption for one epoch is 14.542586326599121s
======================================= Epoch 9 =======================================
================= Test Set =================
+++++++++++ Find New Best Min ACC +++++++++++
The acc is 0.8839, 0.8767, 0.8900
Time Consumption for one epoch is 14.658778667449951s
======================================= Epoch 10 =======================================
================= Test Set =================
The acc is 0.8839, 0.8767, 0.8900
Time Consumption for one epoch is 14.975507736206055s
======================================= Epoch 11 =======================================
================= Test Set =================
The acc is 0.8839, 0.8767, 0.8900
Time Consumption for one epoch is 14.674551010131836s
======================================= Epoch 12 =======================================
================= Test Set =================
+++++++++++ Find New Best Min ACC +++++++++++
The acc is 0.8892, 0.8791, 0.8980
Time Consumption for one epoch is 15.026419878005981s
======================================= Epoch 13 =======================================
================= Test Set =================
The acc is 0.8892, 0.8791, 0.8980
Time Consumption for one epoch is 14.305487632751465s
======================================= Epoch 14 =======================================
================= Test Set =================
The acc is 0.8892, 0.8791, 0.8980
Time Consumption for one epoch is 14.465009927749634s
======================================= Epoch 15 =======================================
================= Test Set =================
The acc is 0.8892, 0.8791, 0.8980
Time Consumption for one epoch is 14.940203666687012s
======================================= Epoch 16 =======================================
================= Test Set =================
+++++++++++ Find New Best Min ACC +++++++++++
The acc is 0.8903, 0.8767, 0.9020
Time Consumption for one epoch is 14.957664012908936s
======================================= Epoch 17 =======================================
================= Test Set =================
+++++++++++ Find New Best Min ACC +++++++++++
The acc is 0.8935, 0.8791, 0.9060
Time Consumption for one epoch is 15.22350811958313s
======================================= Epoch 18 =======================================
================= Test Set =================
+++++++++++ Find New Best Min ACC +++++++++++
The acc is 0.8978, 0.8860, 0.9080
Time Consumption for one epoch is 14.95017695426941s
======================================= Epoch 19 =======================================
================= Test Set =================
The acc is 0.8978, 0.8860, 0.9080
Time Consumption for one epoch is 14.702810049057007s
The final acc is 0.8978, 0.8860, 0.9080
