Namespace(data_dir='/data/yihua/dataset/celeba/celeba.hdf5', result_dir='rotation_study', checkpoint=None, resume=False, domain_attrs='Male', target_attrs='Blond_Hair', exp_name=None, batch_size=512, lr=0.0001, wd=2e-05, epochs=20, seed=2020, num_workers=8, arch='resnet9', evaluate=False, total_num=5000, test_num=1000, gv=30.0, gr=0.3, minor_ratio=0.2, add_aug='rotation')
======================================= Epoch 0 =======================================
================= Test Set =================
+++++++++++ Find New Best Min ACC +++++++++++
The acc is 0.4624, 0.4186, 0.5000
Time Consumption for one epoch is 15.839171409606934s
======================================= Epoch 1 =======================================
================= Test Set =================
+++++++++++ Find New Best Min ACC +++++++++++
The acc is 0.5194, 0.4581, 0.5720
Time Consumption for one epoch is 15.017064571380615s
======================================= Epoch 2 =======================================
================= Test Set =================
+++++++++++ Find New Best Min ACC +++++++++++
The acc is 0.7527, 0.7326, 0.7700
Time Consumption for one epoch is 14.838510513305664s
======================================= Epoch 3 =======================================
================= Test Set =================
+++++++++++ Find New Best Min ACC +++++++++++
The acc is 0.7935, 0.7744, 0.8100
Time Consumption for one epoch is 14.938852787017822s
======================================= Epoch 4 =======================================
================= Test Set =================
+++++++++++ Find New Best Min ACC +++++++++++
The acc is 0.8495, 0.8186, 0.8760
Time Consumption for one epoch is 14.540923833847046s
======================================= Epoch 5 =======================================
================= Test Set =================
+++++++++++ Find New Best Min ACC +++++++++++
The acc is 0.8731, 0.8419, 0.9000
Time Consumption for one epoch is 15.009052276611328s
======================================= Epoch 6 =======================================
================= Test Set =================
+++++++++++ Find New Best Min ACC +++++++++++
The acc is 0.8806, 0.8674, 0.8920
Time Consumption for one epoch is 14.99279236793518s
======================================= Epoch 7 =======================================
================= Test Set =================
The acc is 0.8806, 0.8674, 0.8920
Time Consumption for one epoch is 14.426533222198486s
======================================= Epoch 8 =======================================
================= Test Set =================
The acc is 0.8806, 0.8674, 0.8920
Time Consumption for one epoch is 14.083975076675415s
======================================= Epoch 9 =======================================
================= Test Set =================
The acc is 0.8806, 0.8674, 0.8920
Time Consumption for one epoch is 13.966490745544434s
======================================= Epoch 10 =======================================
================= Test Set =================
+++++++++++ Find New Best Min ACC +++++++++++
The acc is 0.8849, 0.8674, 0.9000
Time Consumption for one epoch is 14.747322797775269s
======================================= Epoch 11 =======================================
================= Test Set =================
+++++++++++ Find New Best Min ACC +++++++++++
The acc is 0.8882, 0.8721, 0.9020
Time Consumption for one epoch is 14.944396018981934s
======================================= Epoch 12 =======================================
================= Test Set =================
The acc is 0.8882, 0.8721, 0.9020
Time Consumption for one epoch is 14.429702281951904s
======================================= Epoch 13 =======================================
================= Test Set =================
The acc is 0.8882, 0.8721, 0.9020
Time Consumption for one epoch is 14.609372615814209s
======================================= Epoch 14 =======================================
================= Test Set =================
+++++++++++ Find New Best Min ACC +++++++++++
The acc is 0.8935, 0.8767, 0.9080
Time Consumption for one epoch is 14.566959142684937s
======================================= Epoch 15 =======================================
================= Test Set =================
The acc is 0.8935, 0.8767, 0.9080
Time Consumption for one epoch is 14.873319625854492s
======================================= Epoch 16 =======================================
================= Test Set =================
+++++++++++ Find New Best Min ACC +++++++++++
The acc is 0.8978, 0.8837, 0.9100
Time Consumption for one epoch is 14.75626540184021s
======================================= Epoch 17 =======================================
================= Test Set =================
The acc is 0.8978, 0.8837, 0.9100
Time Consumption for one epoch is 14.589626550674438s
======================================= Epoch 18 =======================================
================= Test Set =================
The acc is 0.8978, 0.8837, 0.9100
Time Consumption for one epoch is 14.829568862915039s
======================================= Epoch 19 =======================================
================= Test Set =================
The acc is 0.8978, 0.8837, 0.9100
Time Consumption for one epoch is 14.708658695220947s
The final acc is 0.8978, 0.8837, 0.9100
