Namespace(data_dir='/data/yihua/dataset/celeba/celeba.hdf5', result_dir='crop_study', checkpoint=None, resume=False, domain_attrs='Male', target_attrs='Blond_Hair', exp_name=None, batch_size=512, lr=0.0001, wd=2e-05, epochs=20, seed=2022, num_workers=8, arch='resnet9', evaluate=False, total_num=5000, test_num=1000, gv=180.0, gr=0.5, minor_ratio=0.2, add_aug='crop')
======================================= Epoch 0 =======================================
================= Test Set =================
+++++++++++ Find New Best Min ACC +++++++++++
The acc is 0.4624, 0.4186, 0.5000
Time Consumption for one epoch is 16.429875373840332s
======================================= Epoch 1 =======================================
================= Test Set =================
The acc is 0.4624, 0.4186, 0.5000
Time Consumption for one epoch is 14.400259256362915s
======================================= Epoch 2 =======================================
================= Test Set =================
+++++++++++ Find New Best Min ACC +++++++++++
The acc is 0.5462, 0.4698, 0.6120
Time Consumption for one epoch is 14.630736112594604s
======================================= Epoch 3 =======================================
================= Test Set =================
+++++++++++ Find New Best Min ACC +++++++++++
The acc is 0.7269, 0.6581, 0.7860
Time Consumption for one epoch is 15.372512817382812s
======================================= Epoch 4 =======================================
================= Test Set =================
+++++++++++ Find New Best Min ACC +++++++++++
The acc is 0.8591, 0.8442, 0.8720
Time Consumption for one epoch is 15.173619747161865s
======================================= Epoch 5 =======================================
================= Test Set =================
+++++++++++ Find New Best Min ACC +++++++++++
The acc is 0.8656, 0.8465, 0.8820
Time Consumption for one epoch is 14.569077491760254s
======================================= Epoch 6 =======================================
================= Test Set =================
+++++++++++ Find New Best Min ACC +++++++++++
The acc is 0.8774, 0.8558, 0.8960
Time Consumption for one epoch is 15.118220090866089s
======================================= Epoch 7 =======================================
================= Test Set =================
The acc is 0.8774, 0.8558, 0.8960
Time Consumption for one epoch is 14.649882316589355s
======================================= Epoch 8 =======================================
================= Test Set =================
+++++++++++ Find New Best Min ACC +++++++++++
The acc is 0.8785, 0.8488, 0.9040
Time Consumption for one epoch is 15.159159660339355s
======================================= Epoch 9 =======================================
================= Test Set =================
The acc is 0.8785, 0.8488, 0.9040
Time Consumption for one epoch is 14.532243251800537s
======================================= Epoch 10 =======================================
================= Test Set =================
The acc is 0.8785, 0.8488, 0.9040
Time Consumption for one epoch is 15.069701671600342s
======================================= Epoch 11 =======================================
================= Test Set =================
+++++++++++ Find New Best Min ACC +++++++++++
The acc is 0.8935, 0.8884, 0.8980
Time Consumption for one epoch is 15.125701189041138s
======================================= Epoch 12 =======================================
================= Test Set =================
+++++++++++ Find New Best Min ACC +++++++++++
The acc is 0.8957, 0.8814, 0.9080
Time Consumption for one epoch is 15.043316125869751s
======================================= Epoch 13 =======================================
================= Test Set =================
The acc is 0.8957, 0.8814, 0.9080
Time Consumption for one epoch is 14.601080656051636s
======================================= Epoch 14 =======================================
================= Test Set =================
The acc is 0.8957, 0.8814, 0.9080
Time Consumption for one epoch is 14.695085048675537s
======================================= Epoch 15 =======================================
================= Test Set =================
The acc is 0.8957, 0.8814, 0.9080
Time Consumption for one epoch is 14.364727973937988s
======================================= Epoch 16 =======================================
================= Test Set =================
The acc is 0.8957, 0.8814, 0.9080
Time Consumption for one epoch is 15.000425100326538s
======================================= Epoch 17 =======================================
================= Test Set =================
+++++++++++ Find New Best Min ACC +++++++++++
The acc is 0.8989, 0.8953, 0.9020
Time Consumption for one epoch is 15.413342237472534s
======================================= Epoch 18 =======================================
================= Test Set =================
The acc is 0.8989, 0.8953, 0.9020
Time Consumption for one epoch is 14.650808811187744s
======================================= Epoch 19 =======================================
================= Test Set =================
+++++++++++ Find New Best Min ACC +++++++++++
The acc is 0.9011, 0.8977, 0.9040
Time Consumption for one epoch is 14.547196865081787s
The final acc is 0.9011, 0.8977, 0.9040
