Namespace(data_dir='/data/yihua/dataset/celeba/celeba.hdf5', result_dir='rotation_study', checkpoint=None, resume=False, domain_attrs='Male', target_attrs='Blond_Hair', exp_name=None, batch_size=512, lr=0.0001, wd=2e-05, epochs=20, seed=2020, num_workers=8, arch='resnet18', evaluate=False, total_num=5000, test_num=1000, gv=90.0, gr=0.5, minor_ratio=0.2, add_aug='rotation')
======================================= Epoch 0 =======================================
================= Test Set =================
+++++++++++ Find New Best Min ACC +++++++++++
The acc is 0.4624, 0.4186, 0.5000
Time Consumption for one epoch is 21.998645782470703s
======================================= Epoch 1 =======================================
================= Test Set =================
+++++++++++ Find New Best Min ACC +++++++++++
The acc is 0.5280, 0.5698, 0.4920
Time Consumption for one epoch is 20.96301531791687s
======================================= Epoch 2 =======================================
================= Test Set =================
+++++++++++ Find New Best Min ACC +++++++++++
The acc is 0.5903, 0.6186, 0.5660
Time Consumption for one epoch is 20.43809676170349s
======================================= Epoch 3 =======================================
================= Test Set =================
The acc is 0.5903, 0.6186, 0.5660
Time Consumption for one epoch is 20.34418749809265s
======================================= Epoch 4 =======================================
================= Test Set =================
+++++++++++ Find New Best Min ACC +++++++++++
The acc is 0.7452, 0.7349, 0.7540
Time Consumption for one epoch is 21.662460565567017s
======================================= Epoch 5 =======================================
================= Test Set =================
+++++++++++ Find New Best Min ACC +++++++++++
The acc is 0.8344, 0.8070, 0.8580
Time Consumption for one epoch is 21.061299562454224s
======================================= Epoch 6 =======================================
================= Test Set =================
+++++++++++ Find New Best Min ACC +++++++++++
The acc is 0.8688, 0.8442, 0.8900
Time Consumption for one epoch is 20.728111028671265s
======================================= Epoch 7 =======================================
================= Test Set =================
+++++++++++ Find New Best Min ACC +++++++++++
The acc is 0.8731, 0.8512, 0.8920
Time Consumption for one epoch is 21.754776000976562s
======================================= Epoch 8 =======================================
================= Test Set =================
The acc is 0.8731, 0.8512, 0.8920
Time Consumption for one epoch is 19.688899040222168s
======================================= Epoch 9 =======================================
================= Test Set =================
+++++++++++ Find New Best Min ACC +++++++++++
The acc is 0.8957, 0.8791, 0.9100
Time Consumption for one epoch is 19.610116720199585s
======================================= Epoch 10 =======================================
================= Test Set =================
The acc is 0.8957, 0.8791, 0.9100
Time Consumption for one epoch is 21.0790696144104s
======================================= Epoch 11 =======================================
================= Test Set =================
The acc is 0.8957, 0.8791, 0.9100
Time Consumption for one epoch is 20.32960557937622s
======================================= Epoch 12 =======================================
================= Test Set =================
The acc is 0.8957, 0.8791, 0.9100
Time Consumption for one epoch is 20.96193838119507s
======================================= Epoch 13 =======================================
================= Test Set =================
The acc is 0.8957, 0.8791, 0.9100
Time Consumption for one epoch is 21.884286165237427s
======================================= Epoch 14 =======================================
================= Test Set =================
The acc is 0.8957, 0.8791, 0.9100
Time Consumption for one epoch is 22.293830394744873s
======================================= Epoch 15 =======================================
================= Test Set =================
The acc is 0.8957, 0.8791, 0.9100
Time Consumption for one epoch is 22.139009714126587s
======================================= Epoch 16 =======================================
================= Test Set =================
The acc is 0.8957, 0.8791, 0.9100
Time Consumption for one epoch is 21.591073036193848s
======================================= Epoch 17 =======================================
================= Test Set =================
The acc is 0.8957, 0.8791, 0.9100
Time Consumption for one epoch is 19.759406089782715s
======================================= Epoch 18 =======================================
================= Test Set =================
The acc is 0.8957, 0.8791, 0.9100
Time Consumption for one epoch is 22.607995748519897s
======================================= Epoch 19 =======================================
================= Test Set =================
The acc is 0.8957, 0.8791, 0.9100
Time Consumption for one epoch is 20.038399934768677s
The final acc is 0.8957, 0.8791, 0.9100
