Namespace(data_dir='/data/yihua/dataset/celeba/celeba.hdf5', result_dir='results', checkpoint=None, resume=False, domain_attrs='Male', target_attrs='Blond_Hair', exp_name=None, batch_size=512, lr=0.0001, wd=2e-05, epochs=20, seed=2022, num_workers=8, arch='resnet18', evaluate=False, gv=0.01, gr=0.5)
======================================= Epoch 0 =======================================
================= Test Set =================
+++++++++++ Find New Best Min ACC +++++++++++
The acc is 0.5033, 0.4972, 0.5049
Time Consumption for one epoch is 46.56890034675598s
======================================= Epoch 1 =======================================
================= Test Set =================
+++++++++++ Find New Best Min ACC +++++++++++
The acc is 0.8817, 0.8389, 0.8924
Time Consumption for one epoch is 46.459200382232666s
======================================= Epoch 2 =======================================
================= Test Set =================
+++++++++++ Find New Best Min ACC +++++++++++
The acc is 0.8956, 0.8694, 0.9021
Time Consumption for one epoch is 45.517171144485474s
======================================= Epoch 3 =======================================
================= Test Set =================
+++++++++++ Find New Best Min ACC +++++++++++
The acc is 0.8994, 0.8639, 0.9083
Time Consumption for one epoch is 44.480608224868774s
======================================= Epoch 4 =======================================
================= Test Set =================
The acc is 0.8994, 0.8639, 0.9083
Time Consumption for one epoch is 43.552133560180664s
======================================= Epoch 5 =======================================
================= Test Set =================
+++++++++++ Find New Best Min ACC +++++++++++
The acc is 0.9039, 0.8889, 0.9076
Time Consumption for one epoch is 44.500322580337524s
======================================= Epoch 6 =======================================
================= Test Set =================
+++++++++++ Find New Best Min ACC +++++++++++
The acc is 0.9111, 0.8944, 0.9153
Time Consumption for one epoch is 45.66900086402893s
======================================= Epoch 7 =======================================
================= Test Set =================
The acc is 0.9111, 0.8944, 0.9153
Time Consumption for one epoch is 43.21265125274658s
======================================= Epoch 8 =======================================
================= Test Set =================
+++++++++++ Find New Best Min ACC +++++++++++
The acc is 0.9161, 0.9083, 0.9181
Time Consumption for one epoch is 44.40467667579651s
======================================= Epoch 9 =======================================
================= Test Set =================
The acc is 0.9161, 0.9083, 0.9181
Time Consumption for one epoch is 43.62760353088379s
======================================= Epoch 10 =======================================
================= Test Set =================
The acc is 0.9161, 0.9083, 0.9181
Time Consumption for one epoch is 45.27658200263977s
======================================= Epoch 11 =======================================
================= Test Set =================
The acc is 0.9161, 0.9083, 0.9181
Time Consumption for one epoch is 43.35251998901367s
======================================= Epoch 12 =======================================
================= Test Set =================
+++++++++++ Find New Best Min ACC +++++++++++
The acc is 0.9167, 0.9000, 0.9208
Time Consumption for one epoch is 45.63447189331055s
======================================= Epoch 13 =======================================
================= Test Set =================
The acc is 0.9167, 0.9000, 0.9208
Time Consumption for one epoch is 44.51533555984497s
======================================= Epoch 14 =======================================
================= Test Set =================
The acc is 0.9167, 0.9000, 0.9208
Time Consumption for one epoch is 45.54177761077881s
======================================= Epoch 15 =======================================
================= Test Set =================
The acc is 0.9167, 0.9000, 0.9208
Time Consumption for one epoch is 45.301624059677124s
======================================= Epoch 16 =======================================
================= Test Set =================
The acc is 0.9167, 0.9000, 0.9208
Time Consumption for one epoch is 45.43663167953491s
======================================= Epoch 17 =======================================
================= Test Set =================
The acc is 0.9167, 0.9000, 0.9208
Time Consumption for one epoch is 45.01194930076599s
======================================= Epoch 18 =======================================
================= Test Set =================
The acc is 0.9167, 0.9000, 0.9208
Time Consumption for one epoch is 43.48892283439636s
======================================= Epoch 19 =======================================
================= Test Set =================
The acc is 0.9167, 0.9000, 0.9208
Time Consumption for one epoch is 43.65150499343872s
The final acc is 0.9167, 0.9000, 0.9208
