Namespace(data_dir='/data/yihua/dataset/celeba/celeba.hdf5', result_dir='rotation_study', checkpoint=None, resume=False, domain_attrs='Male', target_attrs='Blond_Hair', exp_name=None, batch_size=512, lr=0.0001, wd=2e-05, epochs=20, seed=2020, num_workers=8, arch='resnet18', evaluate=False, total_num=5000, test_num=1000, gv=150.0, gr=0.5, minor_ratio=0.2, add_aug='rotation')
======================================= Epoch 0 =======================================
================= Test Set =================
+++++++++++ Find New Best Min ACC +++++++++++
The acc is 0.4624, 0.4186, 0.5000
Time Consumption for one epoch is 22.869351625442505s
======================================= Epoch 1 =======================================
================= Test Set =================
+++++++++++ Find New Best Min ACC +++++++++++
The acc is 0.5215, 0.5651, 0.4840
Time Consumption for one epoch is 21.781832456588745s
======================================= Epoch 2 =======================================
================= Test Set =================
+++++++++++ Find New Best Min ACC +++++++++++
The acc is 0.5677, 0.6000, 0.5400
Time Consumption for one epoch is 21.146413803100586s
======================================= Epoch 3 =======================================
================= Test Set =================
+++++++++++ Find New Best Min ACC +++++++++++
The acc is 0.6806, 0.6837, 0.6780
Time Consumption for one epoch is 21.176074743270874s
======================================= Epoch 4 =======================================
================= Test Set =================
+++++++++++ Find New Best Min ACC +++++++++++
The acc is 0.8505, 0.8163, 0.8800
Time Consumption for one epoch is 21.208619117736816s
======================================= Epoch 5 =======================================
================= Test Set =================
The acc is 0.8505, 0.8163, 0.8800
Time Consumption for one epoch is 21.006895065307617s
======================================= Epoch 6 =======================================
================= Test Set =================
+++++++++++ Find New Best Min ACC +++++++++++
The acc is 0.8613, 0.8419, 0.8780
Time Consumption for one epoch is 21.41010284423828s
======================================= Epoch 7 =======================================
================= Test Set =================
+++++++++++ Find New Best Min ACC +++++++++++
The acc is 0.8624, 0.8372, 0.8840
Time Consumption for one epoch is 20.301384449005127s
======================================= Epoch 8 =======================================
================= Test Set =================
The acc is 0.8624, 0.8372, 0.8840
Time Consumption for one epoch is 19.574732065200806s
======================================= Epoch 9 =======================================
================= Test Set =================
+++++++++++ Find New Best Min ACC +++++++++++
The acc is 0.8849, 0.8558, 0.9100
Time Consumption for one epoch is 19.61913800239563s
======================================= Epoch 10 =======================================
================= Test Set =================
The acc is 0.8849, 0.8558, 0.9100
Time Consumption for one epoch is 21.271018266677856s
======================================= Epoch 11 =======================================
================= Test Set =================
The acc is 0.8849, 0.8558, 0.9100
Time Consumption for one epoch is 21.89763855934143s
======================================= Epoch 12 =======================================
================= Test Set =================
The acc is 0.8849, 0.8558, 0.9100
Time Consumption for one epoch is 22.531463861465454s
======================================= Epoch 13 =======================================
================= Test Set =================
+++++++++++ Find New Best Min ACC +++++++++++
The acc is 0.8935, 0.8767, 0.9080
Time Consumption for one epoch is 19.882328271865845s
======================================= Epoch 14 =======================================
================= Test Set =================
The acc is 0.8935, 0.8767, 0.9080
Time Consumption for one epoch is 20.1026611328125s
======================================= Epoch 15 =======================================
================= Test Set =================
The acc is 0.8935, 0.8767, 0.9080
Time Consumption for one epoch is 20.972046613693237s
======================================= Epoch 16 =======================================
================= Test Set =================
The acc is 0.8935, 0.8767, 0.9080
Time Consumption for one epoch is 20.636985301971436s
======================================= Epoch 17 =======================================
================= Test Set =================
The acc is 0.8935, 0.8767, 0.9080
Time Consumption for one epoch is 20.517855405807495s
======================================= Epoch 18 =======================================
================= Test Set =================
The acc is 0.8935, 0.8767, 0.9080
Time Consumption for one epoch is 20.431145668029785s
======================================= Epoch 19 =======================================
================= Test Set =================
The acc is 0.8935, 0.8767, 0.9080
Time Consumption for one epoch is 21.83550238609314s
The final acc is 0.8935, 0.8767, 0.9080
