Namespace(data_dir='/data/yihua/dataset/celeba/celeba.hdf5', result_dir='crop_study', checkpoint=None, resume=False, domain_attrs='Male', target_attrs='Blond_Hair', exp_name=None, batch_size=512, lr=0.0001, wd=2e-05, epochs=20, seed=2022, num_workers=8, arch='resnet18', evaluate=False, total_num=5000, test_num=1000, gv=220.0, gr=0.3, minor_ratio=0.2, add_aug='crop')
======================================= Epoch 0 =======================================
================= Test Set =================
+++++++++++ Find New Best Min ACC +++++++++++
The acc is 0.5376, 0.5814, 0.5000
Time Consumption for one epoch is 22.213337898254395s
======================================= Epoch 1 =======================================
================= Test Set =================
+++++++++++ Find New Best Min ACC +++++++++++
The acc is 0.6613, 0.6512, 0.6700
Time Consumption for one epoch is 20.15767002105713s
======================================= Epoch 2 =======================================
================= Test Set =================
The acc is 0.6613, 0.6512, 0.6700
Time Consumption for one epoch is 19.62272000312805s
======================================= Epoch 3 =======================================
================= Test Set =================
The acc is 0.6613, 0.6512, 0.6700
Time Consumption for one epoch is 20.132354259490967s
======================================= Epoch 4 =======================================
================= Test Set =================
+++++++++++ Find New Best Min ACC +++++++++++
The acc is 0.7226, 0.7070, 0.7360
Time Consumption for one epoch is 19.726584911346436s
======================================= Epoch 5 =======================================
================= Test Set =================
The acc is 0.7226, 0.7070, 0.7360
Time Consumption for one epoch is 20.16424822807312s
======================================= Epoch 6 =======================================
================= Test Set =================
+++++++++++ Find New Best Min ACC +++++++++++
The acc is 0.8527, 0.8186, 0.8820
Time Consumption for one epoch is 20.76695227622986s
======================================= Epoch 7 =======================================
================= Test Set =================
+++++++++++ Find New Best Min ACC +++++++++++
The acc is 0.8817, 0.8581, 0.9020
Time Consumption for one epoch is 19.464484930038452s
======================================= Epoch 8 =======================================
================= Test Set =================
The acc is 0.8817, 0.8581, 0.9020
Time Consumption for one epoch is 20.900169849395752s
======================================= Epoch 9 =======================================
================= Test Set =================
The acc is 0.8817, 0.8581, 0.9020
Time Consumption for one epoch is 20.084691286087036s
======================================= Epoch 10 =======================================
================= Test Set =================
The acc is 0.8817, 0.8581, 0.9020
Time Consumption for one epoch is 19.4600989818573s
======================================= Epoch 11 =======================================
================= Test Set =================
The acc is 0.8817, 0.8581, 0.9020
Time Consumption for one epoch is 21.71869397163391s
======================================= Epoch 12 =======================================
================= Test Set =================
The acc is 0.8817, 0.8581, 0.9020
Time Consumption for one epoch is 19.045703649520874s
======================================= Epoch 13 =======================================
================= Test Set =================
+++++++++++ Find New Best Min ACC +++++++++++
The acc is 0.8839, 0.8628, 0.9020
Time Consumption for one epoch is 20.45043110847473s
======================================= Epoch 14 =======================================
================= Test Set =================
+++++++++++ Find New Best Min ACC +++++++++++
The acc is 0.8871, 0.8767, 0.8960
Time Consumption for one epoch is 19.92460536956787s
======================================= Epoch 15 =======================================
================= Test Set =================
+++++++++++ Find New Best Min ACC +++++++++++
The acc is 0.8957, 0.8907, 0.9000
Time Consumption for one epoch is 19.44280695915222s
======================================= Epoch 16 =======================================
================= Test Set =================
The acc is 0.8957, 0.8907, 0.9000
Time Consumption for one epoch is 20.393592834472656s
======================================= Epoch 17 =======================================
================= Test Set =================
The acc is 0.8957, 0.8907, 0.9000
Time Consumption for one epoch is 19.16523814201355s
======================================= Epoch 18 =======================================
================= Test Set =================
+++++++++++ Find New Best Min ACC +++++++++++
The acc is 0.8968, 0.8860, 0.9060
Time Consumption for one epoch is 20.338953495025635s
======================================= Epoch 19 =======================================
================= Test Set =================
+++++++++++ Find New Best Min ACC +++++++++++
The acc is 0.8978, 0.8907, 0.9040
Time Consumption for one epoch is 20.320743560791016s
The final acc is 0.8978, 0.8907, 0.9040
