Namespace(data_dir='/data/yihua/dataset/celeba/celeba.hdf5', result_dir='results', checkpoint=None, resume=False, domain_attrs='Male', target_attrs='Heavy_Makeup', exp_name=None, batch_size=512, lr=0.0001, wd=2e-05, epochs=20, seed=2022, num_workers=8, arch='resnet9', evaluate=False, gv=1e-06, gr=0.5)
======================================= Epoch 0 =======================================
================= Test Set =================
+++++++++++ Find New Best Min ACC +++++++++++
The acc is 0.5000, 0.5000, 0.5000
Time Consumption for one epoch is 9.623707056045532s
======================================= Epoch 1 =======================================
================= Test Set =================
The acc is 0.5000, 0.5000, 0.5000
Time Consumption for one epoch is 8.194767475128174s
======================================= Epoch 2 =======================================
================= Test Set =================
+++++++++++ Find New Best Min ACC +++++++++++
The acc is 0.5500, 0.5682, 0.5455
Time Consumption for one epoch is 7.843984842300415s
======================================= Epoch 3 =======================================
================= Test Set =================
The acc is 0.5500, 0.5682, 0.5455
Time Consumption for one epoch is 8.728091716766357s
======================================= Epoch 4 =======================================
================= Test Set =================
The acc is 0.5500, 0.5682, 0.5455
Time Consumption for one epoch is 7.587243556976318s
======================================= Epoch 5 =======================================
================= Test Set =================
The acc is 0.5500, 0.5682, 0.5455
Time Consumption for one epoch is 7.497147083282471s
======================================= Epoch 6 =======================================
================= Test Set =================
The acc is 0.5500, 0.5682, 0.5455
Time Consumption for one epoch is 8.741581916809082s
======================================= Epoch 7 =======================================
================= Test Set =================
The acc is 0.5500, 0.5682, 0.5455
Time Consumption for one epoch is 8.718703746795654s
======================================= Epoch 8 =======================================
================= Test Set =================
+++++++++++ Find New Best Min ACC +++++++++++
The acc is 0.5773, 0.5227, 0.5909
Time Consumption for one epoch is 7.760051965713501s
======================================= Epoch 9 =======================================
================= Test Set =================
+++++++++++ Find New Best Min ACC +++++++++++
The acc is 0.5955, 0.5455, 0.6080
Time Consumption for one epoch is 7.812605619430542s
======================================= Epoch 10 =======================================
================= Test Set =================
+++++++++++ Find New Best Min ACC +++++++++++
The acc is 0.6136, 0.4773, 0.6477
Time Consumption for one epoch is 8.502411842346191s
======================================= Epoch 11 =======================================
================= Test Set =================
+++++++++++ Find New Best Min ACC +++++++++++
The acc is 0.6773, 0.6136, 0.6932
Time Consumption for one epoch is 9.405131340026855s
======================================= Epoch 12 =======================================
================= Test Set =================
+++++++++++ Find New Best Min ACC +++++++++++
The acc is 0.6955, 0.6136, 0.7159
Time Consumption for one epoch is 8.312151432037354s
======================================= Epoch 13 =======================================
================= Test Set =================
The acc is 0.6955, 0.6136, 0.7159
Time Consumption for one epoch is 8.522265434265137s
======================================= Epoch 14 =======================================
================= Test Set =================
The acc is 0.6955, 0.6136, 0.7159
Time Consumption for one epoch is 11.279636144638062s
======================================= Epoch 15 =======================================
================= Test Set =================
The acc is 0.6955, 0.6136, 0.7159
Time Consumption for one epoch is 7.329601764678955s
======================================= Epoch 16 =======================================
================= Test Set =================
The acc is 0.6955, 0.6136, 0.7159
Time Consumption for one epoch is 8.388468742370605s
======================================= Epoch 17 =======================================
================= Test Set =================
+++++++++++ Find New Best Min ACC +++++++++++
The acc is 0.7091, 0.6818, 0.7159
Time Consumption for one epoch is 9.662641286849976s
======================================= Epoch 18 =======================================
================= Test Set =================
The acc is 0.7091, 0.6818, 0.7159
Time Consumption for one epoch is 9.240341186523438s
======================================= Epoch 19 =======================================
================= Test Set =================
The acc is 0.7091, 0.6818, 0.7159
Time Consumption for one epoch is 8.806715726852417s
The final acc is 0.7091, 0.6818, 0.7159
