Namespace(data_dir='/data/yihua/dataset/celeba/celeba.hdf5', result_dir='results', checkpoint=None, resume=False, domain_attrs='Male', target_attrs='High_Cheekbones', exp_name=None, batch_size=512, lr=0.0001, wd=2e-05, epochs=20, seed=2022, num_workers=8, arch='resnet9', evaluate=False, gv=0.05, gr=0.5)
======================================= Epoch 0 =======================================
================= Test Set =================
+++++++++++ Find New Best Min ACC +++++++++++
The acc is 0.8469, 0.8023, 0.8581
Time Consumption for one epoch is 145.21470427513123s
======================================= Epoch 1 =======================================
================= Test Set =================
+++++++++++ Find New Best Min ACC +++++++++++
The acc is 0.8554, 0.8111, 0.8664
Time Consumption for one epoch is 141.5193009376526s
======================================= Epoch 2 =======================================
================= Test Set =================
The acc is 0.8554, 0.8111, 0.8664
Time Consumption for one epoch is 145.17584657669067s
======================================= Epoch 3 =======================================
================= Test Set =================
+++++++++++ Find New Best Min ACC +++++++++++
The acc is 0.8703, 0.8216, 0.8825
Time Consumption for one epoch is 142.37022852897644s
======================================= Epoch 4 =======================================
================= Test Set =================
The acc is 0.8703, 0.8216, 0.8825
Time Consumption for one epoch is 143.3030240535736s
======================================= Epoch 5 =======================================
================= Test Set =================
+++++++++++ Find New Best Min ACC +++++++++++
The acc is 0.8704, 0.8272, 0.8812
Time Consumption for one epoch is 145.34275221824646s
======================================= Epoch 6 =======================================
================= Test Set =================
+++++++++++ Find New Best Min ACC +++++++++++
The acc is 0.8738, 0.8304, 0.8846
Time Consumption for one epoch is 143.59080862998962s
======================================= Epoch 7 =======================================
================= Test Set =================
The acc is 0.8738, 0.8304, 0.8846
Time Consumption for one epoch is 142.00217747688293s
======================================= Epoch 8 =======================================
================= Test Set =================
The acc is 0.8738, 0.8304, 0.8846
Time Consumption for one epoch is 143.39379978179932s
======================================= Epoch 9 =======================================
================= Test Set =================
+++++++++++ Find New Best Min ACC +++++++++++
The acc is 0.8754, 0.8296, 0.8869
Time Consumption for one epoch is 144.49263286590576s
======================================= Epoch 10 =======================================
================= Test Set =================
The acc is 0.8754, 0.8296, 0.8869
Time Consumption for one epoch is 144.39503455162048s
======================================= Epoch 11 =======================================
================= Test Set =================
The acc is 0.8754, 0.8296, 0.8869
Time Consumption for one epoch is 141.23144006729126s
======================================= Epoch 12 =======================================
================= Test Set =================
+++++++++++ Find New Best Min ACC +++++++++++
The acc is 0.8773, 0.8340, 0.8882
Time Consumption for one epoch is 142.79831624031067s
======================================= Epoch 13 =======================================
================= Test Set =================
The acc is 0.8773, 0.8340, 0.8882
Time Consumption for one epoch is 145.321364402771s
======================================= Epoch 14 =======================================
================= Test Set =================
The acc is 0.8773, 0.8340, 0.8882
Time Consumption for one epoch is 144.47466850280762s
======================================= Epoch 15 =======================================
================= Test Set =================
The acc is 0.8773, 0.8340, 0.8882
Time Consumption for one epoch is 142.5783224105835s
======================================= Epoch 16 =======================================
================= Test Set =================
+++++++++++ Find New Best Min ACC +++++++++++
The acc is 0.8788, 0.8368, 0.8894
Time Consumption for one epoch is 144.48158526420593s
======================================= Epoch 17 =======================================
================= Test Set =================
The acc is 0.8788, 0.8368, 0.8894
Time Consumption for one epoch is 142.8068687915802s
======================================= Epoch 18 =======================================
================= Test Set =================
The acc is 0.8788, 0.8368, 0.8894
Time Consumption for one epoch is 142.68073987960815s
======================================= Epoch 19 =======================================
================= Test Set =================
+++++++++++ Find New Best Min ACC +++++++++++
The acc is 0.8796, 0.8392, 0.8897
Time Consumption for one epoch is 140.77321457862854s
The final acc is 0.8796, 0.8392, 0.8897
