Namespace(data_dir='/data/yihua/dataset/celeba/celeba.hdf5', result_dir='results', checkpoint=None, resume=False, domain_attrs='Male', target_attrs='Blond_Hair', exp_name=None, batch_size=512, lr=0.0001, wd=2e-05, epochs=20, seed=42, num_workers=8, arch='resnet9', evaluate=False, gv=0.25, gr=0.3)
======================================= Epoch 0 =======================================
================= Test Set =================
+++++++++++ Find New Best Min ACC +++++++++++
The acc is 0.7311, 0.6972, 0.7396
Time Consumption for one epoch is 28.83345079421997s
======================================= Epoch 1 =======================================
================= Test Set =================
+++++++++++ Find New Best Min ACC +++++++++++
The acc is 0.8811, 0.8361, 0.8924
Time Consumption for one epoch is 25.469093084335327s
======================================= Epoch 2 =======================================
================= Test Set =================
+++++++++++ Find New Best Min ACC +++++++++++
The acc is 0.8906, 0.8306, 0.9056
Time Consumption for one epoch is 26.660412073135376s
======================================= Epoch 3 =======================================
================= Test Set =================
The acc is 0.8906, 0.8306, 0.9056
Time Consumption for one epoch is 25.94259762763977s
======================================= Epoch 4 =======================================
================= Test Set =================
The acc is 0.8906, 0.8306, 0.9056
Time Consumption for one epoch is 26.555769205093384s
======================================= Epoch 5 =======================================
================= Test Set =================
+++++++++++ Find New Best Min ACC +++++++++++
The acc is 0.9072, 0.9028, 0.9083
Time Consumption for one epoch is 24.60069251060486s
======================================= Epoch 6 =======================================
================= Test Set =================
The acc is 0.9072, 0.9028, 0.9083
Time Consumption for one epoch is 25.56347131729126s
======================================= Epoch 7 =======================================
================= Test Set =================
The acc is 0.9072, 0.9028, 0.9083
Time Consumption for one epoch is 26.186784029006958s
======================================= Epoch 8 =======================================
================= Test Set =================
+++++++++++ Find New Best Min ACC +++++++++++
The acc is 0.9144, 0.8889, 0.9208
Time Consumption for one epoch is 27.371002912521362s
======================================= Epoch 9 =======================================
================= Test Set =================
The acc is 0.9144, 0.8889, 0.9208
Time Consumption for one epoch is 25.52149534225464s
======================================= Epoch 10 =======================================
================= Test Set =================
+++++++++++ Find New Best Min ACC +++++++++++
The acc is 0.9156, 0.8889, 0.9222
Time Consumption for one epoch is 24.930863857269287s
======================================= Epoch 11 =======================================
================= Test Set =================
The acc is 0.9156, 0.8889, 0.9222
Time Consumption for one epoch is 25.747456073760986s
======================================= Epoch 12 =======================================
================= Test Set =================
The acc is 0.9156, 0.8889, 0.9222
Time Consumption for one epoch is 26.169941663742065s
======================================= Epoch 13 =======================================
================= Test Set =================
The acc is 0.9156, 0.8889, 0.9222
Time Consumption for one epoch is 25.515185594558716s
======================================= Epoch 14 =======================================
================= Test Set =================
The acc is 0.9156, 0.8889, 0.9222
Time Consumption for one epoch is 25.6258385181427s
======================================= Epoch 15 =======================================
================= Test Set =================
+++++++++++ Find New Best Min ACC +++++++++++
The acc is 0.9228, 0.9083, 0.9264
Time Consumption for one epoch is 26.47478413581848s
======================================= Epoch 16 =======================================
================= Test Set =================
The acc is 0.9228, 0.9083, 0.9264
Time Consumption for one epoch is 25.258901596069336s
======================================= Epoch 17 =======================================
================= Test Set =================
The acc is 0.9228, 0.9083, 0.9264
Time Consumption for one epoch is 26.26315426826477s
======================================= Epoch 18 =======================================
================= Test Set =================
The acc is 0.9228, 0.9083, 0.9264
Time Consumption for one epoch is 25.62291955947876s
======================================= Epoch 19 =======================================
================= Test Set =================
The acc is 0.9228, 0.9083, 0.9264
Time Consumption for one epoch is 26.670554876327515s
The final acc is 0.9228, 0.9083, 0.9264
