Namespace(data_dir='/data/yihua/dataset/celeba/celeba.hdf5', result_dir='rotation_study', checkpoint=None, resume=False, domain_attrs='Male', target_attrs='Blond_Hair', exp_name=None, batch_size=512, lr=0.0001, wd=2e-05, epochs=20, seed=2020, num_workers=8, arch='resnet9', evaluate=False, total_num=5000, test_num=1000, gv=0.0, gr=0.5, minor_ratio=0.2, add_aug='rotation')
======================================= Epoch 0 =======================================
================= Test Set =================
+++++++++++ Find New Best Min ACC +++++++++++
The acc is 0.4624, 0.4186, 0.5000
Time Consumption for one epoch is 16.460874557495117s
======================================= Epoch 1 =======================================
================= Test Set =================
The acc is 0.4624, 0.4186, 0.5000
Time Consumption for one epoch is 14.644901990890503s
======================================= Epoch 2 =======================================
================= Test Set =================
+++++++++++ Find New Best Min ACC +++++++++++
The acc is 0.6968, 0.6512, 0.7360
Time Consumption for one epoch is 14.398829936981201s
======================================= Epoch 3 =======================================
================= Test Set =================
+++++++++++ Find New Best Min ACC +++++++++++
The acc is 0.8183, 0.7930, 0.8400
Time Consumption for one epoch is 14.7734956741333s
======================================= Epoch 4 =======================================
================= Test Set =================
+++++++++++ Find New Best Min ACC +++++++++++
The acc is 0.8366, 0.8070, 0.8620
Time Consumption for one epoch is 14.59644365310669s
======================================= Epoch 5 =======================================
================= Test Set =================
+++++++++++ Find New Best Min ACC +++++++++++
The acc is 0.8602, 0.8233, 0.8920
Time Consumption for one epoch is 14.993436098098755s
======================================= Epoch 6 =======================================
================= Test Set =================
The acc is 0.8602, 0.8233, 0.8920
Time Consumption for one epoch is 14.992106199264526s
======================================= Epoch 7 =======================================
================= Test Set =================
+++++++++++ Find New Best Min ACC +++++++++++
The acc is 0.8914, 0.8814, 0.9000
Time Consumption for one epoch is 14.813730478286743s
======================================= Epoch 8 =======================================
================= Test Set =================
The acc is 0.8914, 0.8814, 0.9000
Time Consumption for one epoch is 14.801210641860962s
======================================= Epoch 9 =======================================
================= Test Set =================
The acc is 0.8914, 0.8814, 0.9000
Time Consumption for one epoch is 14.600891351699829s
======================================= Epoch 10 =======================================
================= Test Set =================
The acc is 0.8914, 0.8814, 0.9000
Time Consumption for one epoch is 13.9596586227417s
======================================= Epoch 11 =======================================
================= Test Set =================
+++++++++++ Find New Best Min ACC +++++++++++
The acc is 0.9043, 0.8907, 0.9160
Time Consumption for one epoch is 14.692148685455322s
======================================= Epoch 12 =======================================
================= Test Set =================
The acc is 0.9043, 0.8907, 0.9160
Time Consumption for one epoch is 14.347161769866943s
======================================= Epoch 13 =======================================
================= Test Set =================
The acc is 0.9043, 0.8907, 0.9160
Time Consumption for one epoch is 14.424396276473999s
======================================= Epoch 14 =======================================
================= Test Set =================
The acc is 0.9043, 0.8907, 0.9160
Time Consumption for one epoch is 14.59814167022705s
======================================= Epoch 15 =======================================
================= Test Set =================
The acc is 0.9043, 0.8907, 0.9160
Time Consumption for one epoch is 13.951896667480469s
======================================= Epoch 16 =======================================
================= Test Set =================
The acc is 0.9043, 0.8907, 0.9160
Time Consumption for one epoch is 14.93078351020813s
======================================= Epoch 17 =======================================
================= Test Set =================
The acc is 0.9043, 0.8907, 0.9160
Time Consumption for one epoch is 14.208820104598999s
======================================= Epoch 18 =======================================
================= Test Set =================
The acc is 0.9043, 0.8907, 0.9160
Time Consumption for one epoch is 14.094277620315552s
======================================= Epoch 19 =======================================
================= Test Set =================
The acc is 0.9043, 0.8907, 0.9160
Time Consumption for one epoch is 14.556906461715698s
The final acc is 0.9043, 0.8907, 0.9160
