Namespace(data_dir='/data/yihua/dataset/celeba/celeba.hdf5', result_dir='results', checkpoint=None, resume=False, domain_attrs='Male', target_attrs='Blond_Hair', exp_name=None, batch_size=512, lr=0.0001, wd=2e-05, epochs=20, seed=42, num_workers=8, arch='resnet9', evaluate=False, gv=0.1, gr=0.1)
======================================= Epoch 0 =======================================
================= Test Set =================
+++++++++++ Find New Best Min ACC +++++++++++
The acc is 0.6039, 0.5528, 0.6167
Time Consumption for one epoch is 28.80398416519165s
======================================= Epoch 1 =======================================
================= Test Set =================
+++++++++++ Find New Best Min ACC +++++++++++
The acc is 0.8772, 0.8389, 0.8868
Time Consumption for one epoch is 24.253628969192505s
======================================= Epoch 2 =======================================
================= Test Set =================
+++++++++++ Find New Best Min ACC +++++++++++
The acc is 0.8939, 0.8528, 0.9042
Time Consumption for one epoch is 25.35530138015747s
======================================= Epoch 3 =======================================
================= Test Set =================
The acc is 0.8939, 0.8528, 0.9042
Time Consumption for one epoch is 23.204617977142334s
======================================= Epoch 4 =======================================
================= Test Set =================
+++++++++++ Find New Best Min ACC +++++++++++
The acc is 0.8989, 0.8583, 0.9090
Time Consumption for one epoch is 27.044689178466797s
======================================= Epoch 5 =======================================
================= Test Set =================
+++++++++++ Find New Best Min ACC +++++++++++
The acc is 0.9050, 0.8944, 0.9076
Time Consumption for one epoch is 25.301177263259888s
======================================= Epoch 6 =======================================
================= Test Set =================
The acc is 0.9050, 0.8944, 0.9076
Time Consumption for one epoch is 23.958526134490967s
======================================= Epoch 7 =======================================
================= Test Set =================
The acc is 0.9050, 0.8944, 0.9076
Time Consumption for one epoch is 25.308253288269043s
======================================= Epoch 8 =======================================
================= Test Set =================
+++++++++++ Find New Best Min ACC +++++++++++
The acc is 0.9106, 0.9111, 0.9104
Time Consumption for one epoch is 26.207693576812744s
======================================= Epoch 9 =======================================
================= Test Set =================
The acc is 0.9106, 0.9111, 0.9104
Time Consumption for one epoch is 24.82887840270996s
======================================= Epoch 10 =======================================
================= Test Set =================
The acc is 0.9106, 0.9111, 0.9104
Time Consumption for one epoch is 25.115121364593506s
======================================= Epoch 11 =======================================
================= Test Set =================
+++++++++++ Find New Best Min ACC +++++++++++
The acc is 0.9206, 0.8972, 0.9264
Time Consumption for one epoch is 25.04202651977539s
======================================= Epoch 12 =======================================
================= Test Set =================
The acc is 0.9206, 0.8972, 0.9264
Time Consumption for one epoch is 26.19589376449585s
======================================= Epoch 13 =======================================
================= Test Set =================
The acc is 0.9206, 0.8972, 0.9264
Time Consumption for one epoch is 26.04106593132019s
======================================= Epoch 14 =======================================
================= Test Set =================
The acc is 0.9206, 0.8972, 0.9264
Time Consumption for one epoch is 24.47618007659912s
======================================= Epoch 15 =======================================
================= Test Set =================
The acc is 0.9206, 0.8972, 0.9264
Time Consumption for one epoch is 25.785548448562622s
======================================= Epoch 16 =======================================
================= Test Set =================
The acc is 0.9206, 0.8972, 0.9264
Time Consumption for one epoch is 24.638914585113525s
======================================= Epoch 17 =======================================
================= Test Set =================
The acc is 0.9206, 0.8972, 0.9264
Time Consumption for one epoch is 24.74149250984192s
======================================= Epoch 18 =======================================
================= Test Set =================
The acc is 0.9206, 0.8972, 0.9264
Time Consumption for one epoch is 24.194671154022217s
======================================= Epoch 19 =======================================
================= Test Set =================
The acc is 0.9206, 0.8972, 0.9264
Time Consumption for one epoch is 24.30034327507019s
The final acc is 0.9206, 0.8972, 0.9264
