Namespace(data_dir='/data/yihua/dataset/celeba/celeba.hdf5', result_dir='results', checkpoint=None, resume=False, domain_attrs='Male', target_attrs='High_Cheekbones', exp_name=None, batch_size=512, lr=0.0001, wd=2e-05, epochs=20, seed=2022, num_workers=8, arch='resnet9', evaluate=False, gv=0.45, gr=0.5)
======================================= Epoch 0 =======================================
================= Test Set =================
+++++++++++ Find New Best Min ACC +++++++++++
The acc is 0.8380, 0.7995, 0.8476
Time Consumption for one epoch is 144.14145421981812s
======================================= Epoch 1 =======================================
================= Test Set =================
+++++++++++ Find New Best Min ACC +++++++++++
The acc is 0.8529, 0.8099, 0.8636
Time Consumption for one epoch is 141.7816514968872s
======================================= Epoch 2 =======================================
================= Test Set =================
+++++++++++ Find New Best Min ACC +++++++++++
The acc is 0.8536, 0.7979, 0.8675
Time Consumption for one epoch is 143.78403759002686s
======================================= Epoch 3 =======================================
================= Test Set =================
+++++++++++ Find New Best Min ACC +++++++++++
The acc is 0.8679, 0.8200, 0.8799
Time Consumption for one epoch is 141.80817437171936s
======================================= Epoch 4 =======================================
================= Test Set =================
+++++++++++ Find New Best Min ACC +++++++++++
The acc is 0.8690, 0.8204, 0.8811
Time Consumption for one epoch is 142.78681206703186s
======================================= Epoch 5 =======================================
================= Test Set =================
The acc is 0.8690, 0.8204, 0.8811
Time Consumption for one epoch is 145.4768726825714s
======================================= Epoch 6 =======================================
================= Test Set =================
+++++++++++ Find New Best Min ACC +++++++++++
The acc is 0.8748, 0.8268, 0.8868
Time Consumption for one epoch is 143.88653373718262s
======================================= Epoch 7 =======================================
================= Test Set =================
The acc is 0.8748, 0.8268, 0.8868
Time Consumption for one epoch is 143.03500056266785s
======================================= Epoch 8 =======================================
================= Test Set =================
The acc is 0.8748, 0.8268, 0.8868
Time Consumption for one epoch is 142.94969487190247s
======================================= Epoch 9 =======================================
================= Test Set =================
The acc is 0.8748, 0.8268, 0.8868
Time Consumption for one epoch is 142.38728523254395s
======================================= Epoch 10 =======================================
================= Test Set =================
The acc is 0.8748, 0.8268, 0.8868
Time Consumption for one epoch is 142.82962131500244s
======================================= Epoch 11 =======================================
================= Test Set =================
The acc is 0.8748, 0.8268, 0.8868
Time Consumption for one epoch is 141.79414677619934s
======================================= Epoch 12 =======================================
================= Test Set =================
The acc is 0.8748, 0.8268, 0.8868
Time Consumption for one epoch is 143.48759412765503s
======================================= Epoch 13 =======================================
================= Test Set =================
The acc is 0.8748, 0.8268, 0.8868
Time Consumption for one epoch is 144.30394625663757s
======================================= Epoch 14 =======================================
================= Test Set =================
+++++++++++ Find New Best Min ACC +++++++++++
The acc is 0.8773, 0.8300, 0.8892
Time Consumption for one epoch is 143.4350302219391s
======================================= Epoch 15 =======================================
================= Test Set =================
The acc is 0.8773, 0.8300, 0.8892
Time Consumption for one epoch is 143.71029448509216s
======================================= Epoch 16 =======================================
================= Test Set =================
+++++++++++ Find New Best Min ACC +++++++++++
The acc is 0.8795, 0.8364, 0.8903
Time Consumption for one epoch is 144.37196850776672s
======================================= Epoch 17 =======================================
================= Test Set =================
+++++++++++ Find New Best Min ACC +++++++++++
The acc is 0.8797, 0.8364, 0.8905
Time Consumption for one epoch is 142.13847422599792s
======================================= Epoch 18 =======================================
================= Test Set =================
The acc is 0.8797, 0.8364, 0.8905
Time Consumption for one epoch is 142.97199416160583s
======================================= Epoch 19 =======================================
================= Test Set =================
The acc is 0.8797, 0.8364, 0.8905
Time Consumption for one epoch is 142.86983227729797s
The final acc is 0.8797, 0.8364, 0.8905
