Namespace(data_dir='/data/yihua/dataset/celeba/celeba.hdf5', result_dir='crop_study', checkpoint=None, resume=False, domain_attrs='Male', target_attrs='Blond_Hair', exp_name=None, batch_size=512, lr=0.0001, wd=2e-05, epochs=20, seed=2021, num_workers=8, arch='resnet9', evaluate=False, total_num=5000, test_num=1000, gv=160.0, gr=0.1, minor_ratio=0.2, add_aug='crop')
======================================= Epoch 0 =======================================
================= Test Set =================
+++++++++++ Find New Best Min ACC +++++++++++
The acc is 0.4624, 0.4186, 0.5000
Time Consumption for one epoch is 16.02713894844055s
======================================= Epoch 1 =======================================
================= Test Set =================
The acc is 0.4624, 0.4186, 0.5000
Time Consumption for one epoch is 14.581753015518188s
======================================= Epoch 2 =======================================
================= Test Set =================
+++++++++++ Find New Best Min ACC +++++++++++
The acc is 0.6043, 0.5442, 0.6560
Time Consumption for one epoch is 14.79588007926941s
======================================= Epoch 3 =======================================
================= Test Set =================
+++++++++++ Find New Best Min ACC +++++++++++
The acc is 0.6387, 0.6535, 0.6260
Time Consumption for one epoch is 13.944493770599365s
======================================= Epoch 4 =======================================
================= Test Set =================
+++++++++++ Find New Best Min ACC +++++++++++
The acc is 0.8312, 0.8000, 0.8580
Time Consumption for one epoch is 14.911926746368408s
======================================= Epoch 5 =======================================
================= Test Set =================
+++++++++++ Find New Best Min ACC +++++++++++
The acc is 0.8548, 0.8233, 0.8820
Time Consumption for one epoch is 14.585577249526978s
======================================= Epoch 6 =======================================
================= Test Set =================
+++++++++++ Find New Best Min ACC +++++++++++
The acc is 0.8688, 0.8372, 0.8960
Time Consumption for one epoch is 14.109988451004028s
======================================= Epoch 7 =======================================
================= Test Set =================
+++++++++++ Find New Best Min ACC +++++++++++
The acc is 0.8785, 0.8535, 0.9000
Time Consumption for one epoch is 14.093960285186768s
======================================= Epoch 8 =======================================
================= Test Set =================
The acc is 0.8785, 0.8535, 0.9000
Time Consumption for one epoch is 14.177184820175171s
======================================= Epoch 9 =======================================
================= Test Set =================
+++++++++++ Find New Best Min ACC +++++++++++
The acc is 0.8849, 0.8628, 0.9040
Time Consumption for one epoch is 14.363774538040161s
======================================= Epoch 10 =======================================
================= Test Set =================
The acc is 0.8849, 0.8628, 0.9040
Time Consumption for one epoch is 14.379170179367065s
======================================= Epoch 11 =======================================
================= Test Set =================
+++++++++++ Find New Best Min ACC +++++++++++
The acc is 0.8892, 0.8721, 0.9040
Time Consumption for one epoch is 14.253360748291016s
======================================= Epoch 12 =======================================
================= Test Set =================
The acc is 0.8892, 0.8721, 0.9040
Time Consumption for one epoch is 14.376580476760864s
======================================= Epoch 13 =======================================
================= Test Set =================
The acc is 0.8892, 0.8721, 0.9040
Time Consumption for one epoch is 14.155434608459473s
======================================= Epoch 14 =======================================
================= Test Set =================
+++++++++++ Find New Best Min ACC +++++++++++
The acc is 0.8935, 0.8837, 0.9020
Time Consumption for one epoch is 14.229276895523071s
======================================= Epoch 15 =======================================
================= Test Set =================
The acc is 0.8935, 0.8837, 0.9020
Time Consumption for one epoch is 13.809597730636597s
======================================= Epoch 16 =======================================
================= Test Set =================
The acc is 0.8935, 0.8837, 0.9020
Time Consumption for one epoch is 14.71815013885498s
======================================= Epoch 17 =======================================
================= Test Set =================
+++++++++++ Find New Best Min ACC +++++++++++
The acc is 0.8968, 0.8721, 0.9180
Time Consumption for one epoch is 14.6680326461792s
======================================= Epoch 18 =======================================
================= Test Set =================
The acc is 0.8968, 0.8721, 0.9180
Time Consumption for one epoch is 14.006552934646606s
======================================= Epoch 19 =======================================
================= Test Set =================
The acc is 0.8968, 0.8721, 0.9180
Time Consumption for one epoch is 14.594308614730835s
The final acc is 0.8968, 0.8721, 0.9180
