Namespace(data_dir='/data/yihua/dataset/celeba/celeba.hdf5', result_dir='results', checkpoint=None, resume=False, domain_attrs='Male', target_attrs='Blond_Hair', exp_name=None, batch_size=512, lr=0.0001, wd=2e-05, epochs=20, seed=2021, num_workers=8, arch='resnet18', evaluate=False, gv=0.1, gr=0.1)
======================================= Epoch 0 =======================================
================= Test Set =================
+++++++++++ Find New Best Min ACC +++++++++++
The acc is 0.5756, 0.5250, 0.5882
Time Consumption for one epoch is 45.26933789253235s
======================================= Epoch 1 =======================================
================= Test Set =================
+++++++++++ Find New Best Min ACC +++++++++++
The acc is 0.8494, 0.7861, 0.8653
Time Consumption for one epoch is 42.05577778816223s
======================================= Epoch 2 =======================================
================= Test Set =================
+++++++++++ Find New Best Min ACC +++++++++++
The acc is 0.8644, 0.8000, 0.8806
Time Consumption for one epoch is 43.2348256111145s
======================================= Epoch 3 =======================================
================= Test Set =================
The acc is 0.8644, 0.8000, 0.8806
Time Consumption for one epoch is 42.26578998565674s
======================================= Epoch 4 =======================================
================= Test Set =================
+++++++++++ Find New Best Min ACC +++++++++++
The acc is 0.8650, 0.8472, 0.8694
Time Consumption for one epoch is 43.11817407608032s
======================================= Epoch 5 =======================================
================= Test Set =================
+++++++++++ Find New Best Min ACC +++++++++++
The acc is 0.8950, 0.8778, 0.8993
Time Consumption for one epoch is 42.42864918708801s
======================================= Epoch 6 =======================================
================= Test Set =================
+++++++++++ Find New Best Min ACC +++++++++++
The acc is 0.8983, 0.8806, 0.9028
Time Consumption for one epoch is 41.756831884384155s
======================================= Epoch 7 =======================================
================= Test Set =================
The acc is 0.8983, 0.8806, 0.9028
Time Consumption for one epoch is 41.02372932434082s
======================================= Epoch 8 =======================================
================= Test Set =================
The acc is 0.8983, 0.8806, 0.9028
Time Consumption for one epoch is 39.87725281715393s
======================================= Epoch 9 =======================================
================= Test Set =================
+++++++++++ Find New Best Min ACC +++++++++++
The acc is 0.9061, 0.8889, 0.9104
Time Consumption for one epoch is 40.948018074035645s
======================================= Epoch 10 =======================================
================= Test Set =================
+++++++++++ Find New Best Min ACC +++++++++++
The acc is 0.9144, 0.9056, 0.9167
Time Consumption for one epoch is 41.81289219856262s
======================================= Epoch 11 =======================================
================= Test Set =================
The acc is 0.9144, 0.9056, 0.9167
Time Consumption for one epoch is 41.40717911720276s
======================================= Epoch 12 =======================================
================= Test Set =================
The acc is 0.9144, 0.9056, 0.9167
Time Consumption for one epoch is 40.71221685409546s
======================================= Epoch 13 =======================================
================= Test Set =================
The acc is 0.9144, 0.9056, 0.9167
Time Consumption for one epoch is 41.97505593299866s
======================================= Epoch 14 =======================================
================= Test Set =================
The acc is 0.9144, 0.9056, 0.9167
Time Consumption for one epoch is 42.50066065788269s
======================================= Epoch 15 =======================================
================= Test Set =================
The acc is 0.9144, 0.9056, 0.9167
Time Consumption for one epoch is 40.95855927467346s
======================================= Epoch 16 =======================================
================= Test Set =================
The acc is 0.9144, 0.9056, 0.9167
Time Consumption for one epoch is 40.53446340560913s
======================================= Epoch 17 =======================================
================= Test Set =================
The acc is 0.9144, 0.9056, 0.9167
Time Consumption for one epoch is 42.464271545410156s
======================================= Epoch 18 =======================================
================= Test Set =================
The acc is 0.9144, 0.9056, 0.9167
Time Consumption for one epoch is 40.989519119262695s
======================================= Epoch 19 =======================================
================= Test Set =================
The acc is 0.9144, 0.9056, 0.9167
Time Consumption for one epoch is 39.53158926963806s
The final acc is 0.9144, 0.9056, 0.9167
