Namespace(data_dir='/data/yihua/dataset/celeba/celeba.hdf5', result_dir='results', checkpoint=None, resume=False, domain_attrs='Male', target_attrs='Blond_Hair', exp_name=None, batch_size=512, lr=0.0001, wd=2e-05, epochs=20, seed=2021, num_workers=8, arch='resnet9', evaluate=False, gv=0.05, gr=0.5)
======================================= Epoch 0 =======================================
================= Test Set =================
+++++++++++ Find New Best Min ACC +++++++++++
The acc is 0.7128, 0.6556, 0.7271
Time Consumption for one epoch is 31.246241807937622s
======================================= Epoch 1 =======================================
================= Test Set =================
+++++++++++ Find New Best Min ACC +++++++++++
The acc is 0.8833, 0.8639, 0.8882
Time Consumption for one epoch is 28.62657904624939s
======================================= Epoch 2 =======================================
================= Test Set =================
The acc is 0.8833, 0.8639, 0.8882
Time Consumption for one epoch is 25.511028051376343s
======================================= Epoch 3 =======================================
================= Test Set =================
+++++++++++ Find New Best Min ACC +++++++++++
The acc is 0.8889, 0.8500, 0.8986
Time Consumption for one epoch is 29.293153285980225s
======================================= Epoch 4 =======================================
================= Test Set =================
+++++++++++ Find New Best Min ACC +++++++++++
The acc is 0.9056, 0.8917, 0.9090
Time Consumption for one epoch is 28.40037178993225s
======================================= Epoch 5 =======================================
================= Test Set =================
+++++++++++ Find New Best Min ACC +++++++++++
The acc is 0.9067, 0.8917, 0.9104
Time Consumption for one epoch is 29.14716935157776s
======================================= Epoch 6 =======================================
================= Test Set =================
The acc is 0.9067, 0.8917, 0.9104
Time Consumption for one epoch is 29.00074291229248s
======================================= Epoch 7 =======================================
================= Test Set =================
The acc is 0.9067, 0.8917, 0.9104
Time Consumption for one epoch is 27.362752437591553s
======================================= Epoch 8 =======================================
================= Test Set =================
+++++++++++ Find New Best Min ACC +++++++++++
The acc is 0.9156, 0.9139, 0.9160
Time Consumption for one epoch is 29.431535482406616s
======================================= Epoch 9 =======================================
================= Test Set =================
The acc is 0.9156, 0.9139, 0.9160
Time Consumption for one epoch is 28.710566520690918s
======================================= Epoch 10 =======================================
================= Test Set =================
The acc is 0.9156, 0.9139, 0.9160
Time Consumption for one epoch is 28.456907272338867s
======================================= Epoch 11 =======================================
================= Test Set =================
The acc is 0.9156, 0.9139, 0.9160
Time Consumption for one epoch is 28.58409357070923s
======================================= Epoch 12 =======================================
================= Test Set =================
The acc is 0.9156, 0.9139, 0.9160
Time Consumption for one epoch is 26.61328911781311s
======================================= Epoch 13 =======================================
================= Test Set =================
The acc is 0.9156, 0.9139, 0.9160
Time Consumption for one epoch is 29.32395625114441s
======================================= Epoch 14 =======================================
================= Test Set =================
The acc is 0.9156, 0.9139, 0.9160
Time Consumption for one epoch is 28.633269786834717s
======================================= Epoch 15 =======================================
================= Test Set =================
+++++++++++ Find New Best Min ACC +++++++++++
The acc is 0.9183, 0.9139, 0.9194
Time Consumption for one epoch is 28.9165301322937s
======================================= Epoch 16 =======================================
================= Test Set =================
The acc is 0.9183, 0.9139, 0.9194
Time Consumption for one epoch is 28.98143720626831s
======================================= Epoch 17 =======================================
================= Test Set =================
The acc is 0.9183, 0.9139, 0.9194
Time Consumption for one epoch is 26.746867656707764s
======================================= Epoch 18 =======================================
================= Test Set =================
The acc is 0.9183, 0.9139, 0.9194
Time Consumption for one epoch is 28.341834783554077s
======================================= Epoch 19 =======================================
================= Test Set =================
The acc is 0.9183, 0.9139, 0.9194
Time Consumption for one epoch is 28.569483280181885s
The final acc is 0.9183, 0.9139, 0.9194
