Namespace(data_dir='/data/yihua/dataset/celeba/celeba.hdf5', result_dir='results', checkpoint=None, resume=False, domain_attrs='Male', target_attrs='High_Cheekbones', exp_name=None, batch_size=512, lr=0.0001, wd=2e-05, epochs=20, seed=2022, num_workers=8, arch='resnet9', evaluate=False, gv=0.15, gr=0.3)
======================================= Epoch 0 =======================================
================= Test Set =================
+++++++++++ Find New Best Min ACC +++++++++++
The acc is 0.8291, 0.7871, 0.8395
Time Consumption for one epoch is 137.14965963363647s
======================================= Epoch 1 =======================================
================= Test Set =================
+++++++++++ Find New Best Min ACC +++++++++++
The acc is 0.8552, 0.8196, 0.8641
Time Consumption for one epoch is 132.27873849868774s
======================================= Epoch 2 =======================================
================= Test Set =================
+++++++++++ Find New Best Min ACC +++++++++++
The acc is 0.8660, 0.8188, 0.8778
Time Consumption for one epoch is 133.3474588394165s
======================================= Epoch 3 =======================================
================= Test Set =================
The acc is 0.8660, 0.8188, 0.8778
Time Consumption for one epoch is 133.60301208496094s
======================================= Epoch 4 =======================================
================= Test Set =================
The acc is 0.8660, 0.8188, 0.8778
Time Consumption for one epoch is 135.08763647079468s
======================================= Epoch 5 =======================================
================= Test Set =================
+++++++++++ Find New Best Min ACC +++++++++++
The acc is 0.8760, 0.8356, 0.8860
Time Consumption for one epoch is 135.03633904457092s
======================================= Epoch 6 =======================================
================= Test Set =================
The acc is 0.8760, 0.8356, 0.8860
Time Consumption for one epoch is 134.1484797000885s
======================================= Epoch 7 =======================================
================= Test Set =================
The acc is 0.8760, 0.8356, 0.8860
Time Consumption for one epoch is 134.81812143325806s
======================================= Epoch 8 =======================================
================= Test Set =================
The acc is 0.8760, 0.8356, 0.8860
Time Consumption for one epoch is 133.37446522712708s
======================================= Epoch 9 =======================================
================= Test Set =================
The acc is 0.8760, 0.8356, 0.8860
Time Consumption for one epoch is 135.24760699272156s
======================================= Epoch 10 =======================================
================= Test Set =================
The acc is 0.8760, 0.8356, 0.8860
Time Consumption for one epoch is 133.53830575942993s
======================================= Epoch 11 =======================================
================= Test Set =================
+++++++++++ Find New Best Min ACC +++++++++++
The acc is 0.8763, 0.8260, 0.8889
Time Consumption for one epoch is 134.20874643325806s
======================================= Epoch 12 =======================================
================= Test Set =================
The acc is 0.8763, 0.8260, 0.8889
Time Consumption for one epoch is 134.28614354133606s
======================================= Epoch 13 =======================================
================= Test Set =================
+++++++++++ Find New Best Min ACC +++++++++++
The acc is 0.8770, 0.8344, 0.8877
Time Consumption for one epoch is 134.99575400352478s
======================================= Epoch 14 =======================================
================= Test Set =================
The acc is 0.8770, 0.8344, 0.8877
Time Consumption for one epoch is 133.75360441207886s
======================================= Epoch 15 =======================================
================= Test Set =================
The acc is 0.8770, 0.8344, 0.8877
Time Consumption for one epoch is 134.40495538711548s
======================================= Epoch 16 =======================================
================= Test Set =================
+++++++++++ Find New Best Min ACC +++++++++++
The acc is 0.8772, 0.8392, 0.8867
Time Consumption for one epoch is 134.77026414871216s
======================================= Epoch 17 =======================================
================= Test Set =================
+++++++++++ Find New Best Min ACC +++++++++++
The acc is 0.8774, 0.8360, 0.8878
Time Consumption for one epoch is 134.6053352355957s
======================================= Epoch 18 =======================================
================= Test Set =================
+++++++++++ Find New Best Min ACC +++++++++++
The acc is 0.8776, 0.8380, 0.8875
Time Consumption for one epoch is 133.91307997703552s
======================================= Epoch 19 =======================================
================= Test Set =================
+++++++++++ Find New Best Min ACC +++++++++++
The acc is 0.8789, 0.8340, 0.8902
Time Consumption for one epoch is 134.8088948726654s
The final acc is 0.8789, 0.8340, 0.8902
