Namespace(data_dir='/data/yihua/dataset/celeba/celeba.hdf5', result_dir='rotation_study', checkpoint=None, resume=False, domain_attrs='Male', target_attrs='Blond_Hair', exp_name=None, batch_size=512, lr=0.0001, wd=2e-05, epochs=20, seed=2020, num_workers=8, arch='resnet9', evaluate=False, total_num=5000, test_num=1000, gv=180.0, gr=0.1, minor_ratio=0.2, add_aug='rotation')
======================================= Epoch 0 =======================================
================= Test Set =================
+++++++++++ Find New Best Min ACC +++++++++++
The acc is 0.4624, 0.4186, 0.5000
Time Consumption for one epoch is 16.328838109970093s
======================================= Epoch 1 =======================================
================= Test Set =================
The acc is 0.4624, 0.4186, 0.5000
Time Consumption for one epoch is 14.275488376617432s
======================================= Epoch 2 =======================================
================= Test Set =================
+++++++++++ Find New Best Min ACC +++++++++++
The acc is 0.6215, 0.5977, 0.6420
Time Consumption for one epoch is 13.822336912155151s
======================================= Epoch 3 =======================================
================= Test Set =================
+++++++++++ Find New Best Min ACC +++++++++++
The acc is 0.7505, 0.7395, 0.7600
Time Consumption for one epoch is 14.675400733947754s
======================================= Epoch 4 =======================================
================= Test Set =================
+++++++++++ Find New Best Min ACC +++++++++++
The acc is 0.8473, 0.8163, 0.8740
Time Consumption for one epoch is 14.24916934967041s
======================================= Epoch 5 =======================================
================= Test Set =================
+++++++++++ Find New Best Min ACC +++++++++++
The acc is 0.8699, 0.8419, 0.8940
Time Consumption for one epoch is 14.573627233505249s
======================================= Epoch 6 =======================================
================= Test Set =================
+++++++++++ Find New Best Min ACC +++++++++++
The acc is 0.8785, 0.8581, 0.8960
Time Consumption for one epoch is 14.288946390151978s
======================================= Epoch 7 =======================================
================= Test Set =================
The acc is 0.8785, 0.8581, 0.8960
Time Consumption for one epoch is 13.98048186302185s
======================================= Epoch 8 =======================================
================= Test Set =================
The acc is 0.8785, 0.8581, 0.8960
Time Consumption for one epoch is 13.968836545944214s
======================================= Epoch 9 =======================================
================= Test Set =================
The acc is 0.8785, 0.8581, 0.8960
Time Consumption for one epoch is 14.278295755386353s
======================================= Epoch 10 =======================================
================= Test Set =================
+++++++++++ Find New Best Min ACC +++++++++++
The acc is 0.8860, 0.8605, 0.9080
Time Consumption for one epoch is 13.580881595611572s
======================================= Epoch 11 =======================================
================= Test Set =================
+++++++++++ Find New Best Min ACC +++++++++++
The acc is 0.8946, 0.8767, 0.9100
Time Consumption for one epoch is 14.466033697128296s
======================================= Epoch 12 =======================================
================= Test Set =================
The acc is 0.8946, 0.8767, 0.9100
Time Consumption for one epoch is 13.570189714431763s
======================================= Epoch 13 =======================================
================= Test Set =================
The acc is 0.8946, 0.8767, 0.9100
Time Consumption for one epoch is 14.01233434677124s
======================================= Epoch 14 =======================================
================= Test Set =================
The acc is 0.8946, 0.8767, 0.9100
Time Consumption for one epoch is 13.500328779220581s
======================================= Epoch 15 =======================================
================= Test Set =================
The acc is 0.8946, 0.8767, 0.9100
Time Consumption for one epoch is 13.958882331848145s
======================================= Epoch 16 =======================================
================= Test Set =================
The acc is 0.8946, 0.8767, 0.9100
Time Consumption for one epoch is 13.874582290649414s
======================================= Epoch 17 =======================================
================= Test Set =================
+++++++++++ Find New Best Min ACC +++++++++++
The acc is 0.8968, 0.8907, 0.9020
Time Consumption for one epoch is 14.21326494216919s
======================================= Epoch 18 =======================================
================= Test Set =================
+++++++++++ Find New Best Min ACC +++++++++++
The acc is 0.8989, 0.8930, 0.9040
Time Consumption for one epoch is 14.10170602798462s
======================================= Epoch 19 =======================================
================= Test Set =================
The acc is 0.8989, 0.8930, 0.9040
Time Consumption for one epoch is 13.725531101226807s
The final acc is 0.8989, 0.8930, 0.9040
