Namespace(data_dir='/data/yihua/dataset/celeba/celeba.hdf5', result_dir='crop_study', checkpoint=None, resume=False, domain_attrs='Male', target_attrs='Blond_Hair', exp_name=None, batch_size=512, lr=0.0001, wd=2e-05, epochs=20, seed=2021, num_workers=8, arch='resnet18', evaluate=False, total_num=5000, test_num=1000, gv=100.0, gr=0.1, minor_ratio=0.2, add_aug='crop')
======================================= Epoch 0 =======================================
================= Test Set =================
+++++++++++ Find New Best Min ACC +++++++++++
The acc is 0.4946, 0.4535, 0.5300
Time Consumption for one epoch is 20.539833545684814s
======================================= Epoch 1 =======================================
================= Test Set =================
+++++++++++ Find New Best Min ACC +++++++++++
The acc is 0.5376, 0.5814, 0.5000
Time Consumption for one epoch is 18.787450790405273s
======================================= Epoch 2 =======================================
================= Test Set =================
The acc is 0.5376, 0.5814, 0.5000
Time Consumption for one epoch is 20.638096809387207s
======================================= Epoch 3 =======================================
================= Test Set =================
The acc is 0.5376, 0.5814, 0.5000
Time Consumption for one epoch is 20.558654069900513s
======================================= Epoch 4 =======================================
================= Test Set =================
+++++++++++ Find New Best Min ACC +++++++++++
The acc is 0.5527, 0.5930, 0.5180
Time Consumption for one epoch is 19.477813005447388s
======================================= Epoch 5 =======================================
================= Test Set =================
+++++++++++ Find New Best Min ACC +++++++++++
The acc is 0.6591, 0.6605, 0.6580
Time Consumption for one epoch is 19.91446089744568s
======================================= Epoch 6 =======================================
================= Test Set =================
+++++++++++ Find New Best Min ACC +++++++++++
The acc is 0.8204, 0.7791, 0.8560
Time Consumption for one epoch is 19.738754510879517s
======================================= Epoch 7 =======================================
================= Test Set =================
+++++++++++ Find New Best Min ACC +++++++++++
The acc is 0.8624, 0.8279, 0.8920
Time Consumption for one epoch is 18.41704297065735s
======================================= Epoch 8 =======================================
================= Test Set =================
+++++++++++ Find New Best Min ACC +++++++++++
The acc is 0.8731, 0.8628, 0.8820
Time Consumption for one epoch is 21.731575965881348s
======================================= Epoch 9 =======================================
================= Test Set =================
+++++++++++ Find New Best Min ACC +++++++++++
The acc is 0.8903, 0.8698, 0.9080
Time Consumption for one epoch is 20.16622233390808s
======================================= Epoch 10 =======================================
================= Test Set =================
The acc is 0.8903, 0.8698, 0.9080
Time Consumption for one epoch is 20.173542737960815s
======================================= Epoch 11 =======================================
================= Test Set =================
The acc is 0.8903, 0.8698, 0.9080
Time Consumption for one epoch is 19.186710357666016s
======================================= Epoch 12 =======================================
================= Test Set =================
The acc is 0.8903, 0.8698, 0.9080
Time Consumption for one epoch is 18.87187385559082s
======================================= Epoch 13 =======================================
================= Test Set =================
The acc is 0.8903, 0.8698, 0.9080
Time Consumption for one epoch is 20.03311538696289s
======================================= Epoch 14 =======================================
================= Test Set =================
The acc is 0.8903, 0.8698, 0.9080
Time Consumption for one epoch is 18.45220112800598s
======================================= Epoch 15 =======================================
================= Test Set =================
The acc is 0.8903, 0.8698, 0.9080
Time Consumption for one epoch is 18.769471168518066s
======================================= Epoch 16 =======================================
================= Test Set =================
+++++++++++ Find New Best Min ACC +++++++++++
The acc is 0.8978, 0.8837, 0.9100
Time Consumption for one epoch is 20.154807806015015s
======================================= Epoch 17 =======================================
================= Test Set =================
The acc is 0.8978, 0.8837, 0.9100
Time Consumption for one epoch is 18.67353081703186s
======================================= Epoch 18 =======================================
================= Test Set =================
The acc is 0.8978, 0.8837, 0.9100
Time Consumption for one epoch is 18.896622896194458s
======================================= Epoch 19 =======================================
================= Test Set =================
The acc is 0.8978, 0.8837, 0.9100
Time Consumption for one epoch is 21.04112219810486s
The final acc is 0.8978, 0.8837, 0.9100
