Namespace(data_dir='/data/yihua/dataset/celeba/celeba.hdf5', result_dir='rotation_study', checkpoint=None, resume=False, domain_attrs='Male', target_attrs='Blond_Hair', exp_name=None, batch_size=512, lr=0.0001, wd=2e-05, epochs=20, seed=2021, num_workers=8, arch='resnet18', evaluate=False, total_num=5000, test_num=1000, gv=90.0, gr=0.5, minor_ratio=0.2, add_aug='rotation')
======================================= Epoch 0 =======================================
================= Test Set =================
+++++++++++ Find New Best Min ACC +++++++++++
The acc is 0.4624, 0.4186, 0.5000
Time Consumption for one epoch is 24.96286368370056s
======================================= Epoch 1 =======================================
================= Test Set =================
+++++++++++ Find New Best Min ACC +++++++++++
The acc is 0.5398, 0.5814, 0.5040
Time Consumption for one epoch is 20.352484226226807s
======================================= Epoch 2 =======================================
================= Test Set =================
The acc is 0.5398, 0.5814, 0.5040
Time Consumption for one epoch is 20.395553827285767s
======================================= Epoch 3 =======================================
================= Test Set =================
The acc is 0.5398, 0.5814, 0.5040
Time Consumption for one epoch is 19.836772441864014s
======================================= Epoch 4 =======================================
================= Test Set =================
+++++++++++ Find New Best Min ACC +++++++++++
The acc is 0.6742, 0.6674, 0.6800
Time Consumption for one epoch is 20.07105040550232s
======================================= Epoch 5 =======================================
================= Test Set =================
+++++++++++ Find New Best Min ACC +++++++++++
The acc is 0.8516, 0.8163, 0.8820
Time Consumption for one epoch is 21.749140739440918s
======================================= Epoch 6 =======================================
================= Test Set =================
+++++++++++ Find New Best Min ACC +++++++++++
The acc is 0.8613, 0.8395, 0.8800
Time Consumption for one epoch is 20.864907264709473s
======================================= Epoch 7 =======================================
================= Test Set =================
+++++++++++ Find New Best Min ACC +++++++++++
The acc is 0.8720, 0.8372, 0.9020
Time Consumption for one epoch is 20.128862857818604s
======================================= Epoch 8 =======================================
================= Test Set =================
The acc is 0.8720, 0.8372, 0.9020
Time Consumption for one epoch is 20.925158977508545s
======================================= Epoch 9 =======================================
================= Test Set =================
+++++++++++ Find New Best Min ACC +++++++++++
The acc is 0.8742, 0.8395, 0.9040
Time Consumption for one epoch is 21.065096139907837s
======================================= Epoch 10 =======================================
================= Test Set =================
The acc is 0.8742, 0.8395, 0.9040
Time Consumption for one epoch is 19.81197714805603s
======================================= Epoch 11 =======================================
================= Test Set =================
The acc is 0.8742, 0.8395, 0.9040
Time Consumption for one epoch is 20.417946338653564s
======================================= Epoch 12 =======================================
================= Test Set =================
The acc is 0.8742, 0.8395, 0.9040
Time Consumption for one epoch is 21.148850202560425s
======================================= Epoch 13 =======================================
================= Test Set =================
The acc is 0.8742, 0.8395, 0.9040
Time Consumption for one epoch is 20.545100927352905s
======================================= Epoch 14 =======================================
================= Test Set =================
The acc is 0.8742, 0.8395, 0.9040
Time Consumption for one epoch is 19.95215368270874s
======================================= Epoch 15 =======================================
================= Test Set =================
+++++++++++ Find New Best Min ACC +++++++++++
The acc is 0.8763, 0.8442, 0.9040
Time Consumption for one epoch is 20.094459772109985s
======================================= Epoch 16 =======================================
================= Test Set =================
+++++++++++ Find New Best Min ACC +++++++++++
The acc is 0.8978, 0.8767, 0.9160
Time Consumption for one epoch is 20.866120100021362s
======================================= Epoch 17 =======================================
================= Test Set =================
+++++++++++ Find New Best Min ACC +++++++++++
The acc is 0.9022, 0.8837, 0.9180
Time Consumption for one epoch is 20.974490880966187s
======================================= Epoch 18 =======================================
================= Test Set =================
The acc is 0.9022, 0.8837, 0.9180
Time Consumption for one epoch is 21.719303846359253s
======================================= Epoch 19 =======================================
================= Test Set =================
The acc is 0.9022, 0.8837, 0.9180
Time Consumption for one epoch is 21.617446422576904s
The final acc is 0.9022, 0.8837, 0.9180
