Namespace(data_dir='/data/yihua/dataset/celeba/celeba.hdf5', result_dir='results', checkpoint=None, resume=False, domain_attrs='Male', target_attrs='Heavy_Makeup', exp_name=None, batch_size=512, lr=0.0001, wd=2e-05, epochs=20, seed=42, num_workers=8, arch='resnet9', evaluate=False, gv=0.3, gr=0.3)
======================================= Epoch 0 =======================================
================= Test Set =================
+++++++++++ Find New Best Min ACC +++++++++++
The acc is 0.5000, 0.5000, 0.5000
Time Consumption for one epoch is 9.354958772659302s
======================================= Epoch 1 =======================================
================= Test Set =================
The acc is 0.5000, 0.5000, 0.5000
Time Consumption for one epoch is 7.587500095367432s
======================================= Epoch 2 =======================================
================= Test Set =================
The acc is 0.5000, 0.5000, 0.5000
Time Consumption for one epoch is 8.516628742218018s
======================================= Epoch 3 =======================================
================= Test Set =================
The acc is 0.5000, 0.5000, 0.5000
Time Consumption for one epoch is 8.579782009124756s
======================================= Epoch 4 =======================================
================= Test Set =================
The acc is 0.5000, 0.5000, 0.5000
Time Consumption for one epoch is 8.890339136123657s
======================================= Epoch 5 =======================================
================= Test Set =================
+++++++++++ Find New Best Min ACC +++++++++++
The acc is 0.5409, 0.5227, 0.5455
Time Consumption for one epoch is 8.869686603546143s
======================================= Epoch 6 =======================================
================= Test Set =================
The acc is 0.5409, 0.5227, 0.5455
Time Consumption for one epoch is 7.2564167976379395s
======================================= Epoch 7 =======================================
================= Test Set =================
+++++++++++ Find New Best Min ACC +++++++++++
The acc is 0.6273, 0.5227, 0.6534
Time Consumption for one epoch is 7.091494560241699s
======================================= Epoch 8 =======================================
================= Test Set =================
The acc is 0.6273, 0.5227, 0.6534
Time Consumption for one epoch is 9.829786539077759s
======================================= Epoch 9 =======================================
================= Test Set =================
+++++++++++ Find New Best Min ACC +++++++++++
The acc is 0.6773, 0.5455, 0.7102
Time Consumption for one epoch is 9.236620426177979s
======================================= Epoch 10 =======================================
================= Test Set =================
The acc is 0.6773, 0.5455, 0.7102
Time Consumption for one epoch is 8.12587594985962s
======================================= Epoch 11 =======================================
================= Test Set =================
The acc is 0.6773, 0.5455, 0.7102
Time Consumption for one epoch is 7.843245029449463s
======================================= Epoch 12 =======================================
================= Test Set =================
+++++++++++ Find New Best Min ACC +++++++++++
The acc is 0.7045, 0.6818, 0.7102
Time Consumption for one epoch is 8.124888181686401s
======================================= Epoch 13 =======================================
================= Test Set =================
The acc is 0.7045, 0.6818, 0.7102
Time Consumption for one epoch is 7.985136032104492s
======================================= Epoch 14 =======================================
================= Test Set =================
The acc is 0.7045, 0.6818, 0.7102
Time Consumption for one epoch is 8.199385643005371s
======================================= Epoch 15 =======================================
================= Test Set =================
The acc is 0.7045, 0.6818, 0.7102
Time Consumption for one epoch is 8.496290445327759s
======================================= Epoch 16 =======================================
================= Test Set =================
The acc is 0.7045, 0.6818, 0.7102
Time Consumption for one epoch is 9.356757640838623s
======================================= Epoch 17 =======================================
================= Test Set =================
The acc is 0.7045, 0.6818, 0.7102
Time Consumption for one epoch is 8.690988540649414s
======================================= Epoch 18 =======================================
================= Test Set =================
The acc is 0.7045, 0.6818, 0.7102
Time Consumption for one epoch is 9.22798204421997s
======================================= Epoch 19 =======================================
================= Test Set =================
The acc is 0.7045, 0.6818, 0.7102
Time Consumption for one epoch is 8.427343845367432s
The final acc is 0.7045, 0.6818, 0.7102
