Namespace(data_dir='/data/yihua/dataset/celeba/celeba.hdf5', result_dir='results', checkpoint=None, resume=False, domain_attrs='Male', target_attrs='Blond_Hair', exp_name=None, batch_size=512, lr=0.0001, wd=2e-05, epochs=20, seed=2021, num_workers=8, arch='resnet9', evaluate=False, gv=0.3, gr=0.5)
======================================= Epoch 0 =======================================
================= Test Set =================
+++++++++++ Find New Best Min ACC +++++++++++
The acc is 0.8217, 0.7917, 0.8292
Time Consumption for one epoch is 32.0841224193573s
======================================= Epoch 1 =======================================
================= Test Set =================
+++++++++++ Find New Best Min ACC +++++++++++
The acc is 0.8867, 0.8694, 0.8910
Time Consumption for one epoch is 27.58922266960144s
======================================= Epoch 2 =======================================
================= Test Set =================
The acc is 0.8867, 0.8694, 0.8910
Time Consumption for one epoch is 29.17324733734131s
======================================= Epoch 3 =======================================
================= Test Set =================
+++++++++++ Find New Best Min ACC +++++++++++
The acc is 0.8939, 0.8472, 0.9056
Time Consumption for one epoch is 29.58866786956787s
======================================= Epoch 4 =======================================
================= Test Set =================
+++++++++++ Find New Best Min ACC +++++++++++
The acc is 0.9039, 0.8722, 0.9118
Time Consumption for one epoch is 28.498159408569336s
======================================= Epoch 5 =======================================
================= Test Set =================
+++++++++++ Find New Best Min ACC +++++++++++
The acc is 0.9122, 0.9000, 0.9153
Time Consumption for one epoch is 29.02437400817871s
======================================= Epoch 6 =======================================
================= Test Set =================
The acc is 0.9122, 0.9000, 0.9153
Time Consumption for one epoch is 27.293609142303467s
======================================= Epoch 7 =======================================
================= Test Set =================
The acc is 0.9122, 0.9000, 0.9153
Time Consumption for one epoch is 29.280704736709595s
======================================= Epoch 8 =======================================
================= Test Set =================
+++++++++++ Find New Best Min ACC +++++++++++
The acc is 0.9167, 0.9083, 0.9187
Time Consumption for one epoch is 28.559219360351562s
======================================= Epoch 9 =======================================
================= Test Set =================
The acc is 0.9167, 0.9083, 0.9187
Time Consumption for one epoch is 29.090156316757202s
======================================= Epoch 10 =======================================
================= Test Set =================
The acc is 0.9167, 0.9083, 0.9187
Time Consumption for one epoch is 29.417409658432007s
======================================= Epoch 11 =======================================
================= Test Set =================
The acc is 0.9167, 0.9083, 0.9187
Time Consumption for one epoch is 26.064682483673096s
======================================= Epoch 12 =======================================
================= Test Set =================
The acc is 0.9167, 0.9083, 0.9187
Time Consumption for one epoch is 28.168478965759277s
======================================= Epoch 13 =======================================
================= Test Set =================
The acc is 0.9167, 0.9083, 0.9187
Time Consumption for one epoch is 28.017412900924683s
======================================= Epoch 14 =======================================
================= Test Set =================
The acc is 0.9167, 0.9083, 0.9187
Time Consumption for one epoch is 29.042776346206665s
======================================= Epoch 15 =======================================
================= Test Set =================
The acc is 0.9167, 0.9083, 0.9187
Time Consumption for one epoch is 29.185155630111694s
======================================= Epoch 16 =======================================
================= Test Set =================
+++++++++++ Find New Best Min ACC +++++++++++
The acc is 0.9172, 0.9083, 0.9194
Time Consumption for one epoch is 27.999295234680176s
======================================= Epoch 17 =======================================
================= Test Set =================
The acc is 0.9172, 0.9083, 0.9194
Time Consumption for one epoch is 28.69661808013916s
======================================= Epoch 18 =======================================
================= Test Set =================
The acc is 0.9172, 0.9083, 0.9194
Time Consumption for one epoch is 29.412425994873047s
======================================= Epoch 19 =======================================
================= Test Set =================
The acc is 0.9172, 0.9083, 0.9194
Time Consumption for one epoch is 28.40690851211548s
The final acc is 0.9172, 0.9083, 0.9194
