Namespace(data_dir='/data/yihua/dataset/celeba/celeba.hdf5', result_dir='results', checkpoint=None, resume=False, domain_attrs='Male', target_attrs='Blond_Hair', exp_name=None, batch_size=512, lr=0.0001, wd=2e-05, epochs=20, seed=2021, num_workers=8, arch='resnet9', evaluate=False, gv=0.4, gr=0.5)
======================================= Epoch 0 =======================================
================= Test Set =================
+++++++++++ Find New Best Min ACC +++++++++++
The acc is 0.8400, 0.8056, 0.8486
Time Consumption for one epoch is 28.05817437171936s
======================================= Epoch 1 =======================================
================= Test Set =================
+++++++++++ Find New Best Min ACC +++++++++++
The acc is 0.8817, 0.8528, 0.8889
Time Consumption for one epoch is 25.868242979049683s
======================================= Epoch 2 =======================================
================= Test Set =================
The acc is 0.8817, 0.8528, 0.8889
Time Consumption for one epoch is 25.082003593444824s
======================================= Epoch 3 =======================================
================= Test Set =================
+++++++++++ Find New Best Min ACC +++++++++++
The acc is 0.8900, 0.8472, 0.9007
Time Consumption for one epoch is 24.129844427108765s
======================================= Epoch 4 =======================================
================= Test Set =================
+++++++++++ Find New Best Min ACC +++++++++++
The acc is 0.8989, 0.8500, 0.9111
Time Consumption for one epoch is 24.845743656158447s
======================================= Epoch 5 =======================================
================= Test Set =================
The acc is 0.8989, 0.8500, 0.9111
Time Consumption for one epoch is 26.110018730163574s
======================================= Epoch 6 =======================================
================= Test Set =================
+++++++++++ Find New Best Min ACC +++++++++++
The acc is 0.9011, 0.8611, 0.9111
Time Consumption for one epoch is 25.783612489700317s
======================================= Epoch 7 =======================================
================= Test Set =================
+++++++++++ Find New Best Min ACC +++++++++++
The acc is 0.9044, 0.8667, 0.9139
Time Consumption for one epoch is 26.892517805099487s
======================================= Epoch 8 =======================================
================= Test Set =================
+++++++++++ Find New Best Min ACC +++++++++++
The acc is 0.9106, 0.8889, 0.9160
Time Consumption for one epoch is 25.729278802871704s
======================================= Epoch 9 =======================================
================= Test Set =================
The acc is 0.9106, 0.8889, 0.9160
Time Consumption for one epoch is 25.83623695373535s
======================================= Epoch 10 =======================================
================= Test Set =================
The acc is 0.9106, 0.8889, 0.9160
Time Consumption for one epoch is 25.159122943878174s
======================================= Epoch 11 =======================================
================= Test Set =================
The acc is 0.9106, 0.8889, 0.9160
Time Consumption for one epoch is 26.488070487976074s
======================================= Epoch 12 =======================================
================= Test Set =================
+++++++++++ Find New Best Min ACC +++++++++++
The acc is 0.9161, 0.9028, 0.9194
Time Consumption for one epoch is 25.235721588134766s
======================================= Epoch 13 =======================================
================= Test Set =================
The acc is 0.9161, 0.9028, 0.9194
Time Consumption for one epoch is 26.446571350097656s
======================================= Epoch 14 =======================================
================= Test Set =================
The acc is 0.9161, 0.9028, 0.9194
Time Consumption for one epoch is 24.583005905151367s
======================================= Epoch 15 =======================================
================= Test Set =================
+++++++++++ Find New Best Min ACC +++++++++++
The acc is 0.9178, 0.9194, 0.9174
Time Consumption for one epoch is 24.949406385421753s
======================================= Epoch 16 =======================================
================= Test Set =================
+++++++++++ Find New Best Min ACC +++++++++++
The acc is 0.9200, 0.9167, 0.9208
Time Consumption for one epoch is 24.524553775787354s
======================================= Epoch 17 =======================================
================= Test Set =================
The acc is 0.9200, 0.9167, 0.9208
Time Consumption for one epoch is 26.122154712677002s
======================================= Epoch 18 =======================================
================= Test Set =================
The acc is 0.9200, 0.9167, 0.9208
Time Consumption for one epoch is 25.11775493621826s
======================================= Epoch 19 =======================================
================= Test Set =================
The acc is 0.9200, 0.9167, 0.9208
Time Consumption for one epoch is 26.07443356513977s
The final acc is 0.9200, 0.9167, 0.9208
