Namespace(data_dir='/data/yihua/dataset/celeba/celeba.hdf5', result_dir='results', checkpoint=None, resume=False, domain_attrs='Male', target_attrs='Blond_Hair', exp_name=None, batch_size=512, lr=0.0001, wd=2e-05, epochs=20, seed=2021, num_workers=8, arch='resnet9', evaluate=False, gv=1e-05, gr=0.3)
======================================= Epoch 0 =======================================
================= Test Set =================
+++++++++++ Find New Best Min ACC +++++++++++
The acc is 0.5728, 0.5417, 0.5806
Time Consumption for one epoch is 28.18936562538147s
======================================= Epoch 1 =======================================
================= Test Set =================
+++++++++++ Find New Best Min ACC +++++++++++
The acc is 0.8839, 0.8556, 0.8910
Time Consumption for one epoch is 25.173816919326782s
======================================= Epoch 2 =======================================
================= Test Set =================
The acc is 0.8839, 0.8556, 0.8910
Time Consumption for one epoch is 24.231069803237915s
======================================= Epoch 3 =======================================
================= Test Set =================
The acc is 0.8839, 0.8556, 0.8910
Time Consumption for one epoch is 24.072799921035767s
======================================= Epoch 4 =======================================
================= Test Set =================
+++++++++++ Find New Best Min ACC +++++++++++
The acc is 0.8989, 0.8750, 0.9049
Time Consumption for one epoch is 23.380202531814575s
======================================= Epoch 5 =======================================
================= Test Set =================
+++++++++++ Find New Best Min ACC +++++++++++
The acc is 0.9094, 0.8944, 0.9132
Time Consumption for one epoch is 25.18980574607849s
======================================= Epoch 6 =======================================
================= Test Set =================
+++++++++++ Find New Best Min ACC +++++++++++
The acc is 0.9133, 0.8806, 0.9215
Time Consumption for one epoch is 24.627132177352905s
======================================= Epoch 7 =======================================
================= Test Set =================
+++++++++++ Find New Best Min ACC +++++++++++
The acc is 0.9156, 0.9167, 0.9153
Time Consumption for one epoch is 23.705508947372437s
======================================= Epoch 8 =======================================
================= Test Set =================
+++++++++++ Find New Best Min ACC +++++++++++
The acc is 0.9161, 0.8917, 0.9222
Time Consumption for one epoch is 25.796710729599s
======================================= Epoch 9 =======================================
================= Test Set =================
The acc is 0.9161, 0.8917, 0.9222
Time Consumption for one epoch is 25.05219793319702s
======================================= Epoch 10 =======================================
================= Test Set =================
The acc is 0.9161, 0.8917, 0.9222
Time Consumption for one epoch is 25.003986597061157s
======================================= Epoch 11 =======================================
================= Test Set =================
The acc is 0.9161, 0.8917, 0.9222
Time Consumption for one epoch is 24.825682640075684s
======================================= Epoch 12 =======================================
================= Test Set =================
The acc is 0.9161, 0.8917, 0.9222
Time Consumption for one epoch is 23.794014930725098s
======================================= Epoch 13 =======================================
================= Test Set =================
The acc is 0.9161, 0.8917, 0.9222
Time Consumption for one epoch is 24.266900777816772s
======================================= Epoch 14 =======================================
================= Test Set =================
The acc is 0.9161, 0.8917, 0.9222
Time Consumption for one epoch is 23.36595892906189s
======================================= Epoch 15 =======================================
================= Test Set =================
The acc is 0.9161, 0.8917, 0.9222
Time Consumption for one epoch is 24.310829162597656s
======================================= Epoch 16 =======================================
================= Test Set =================
+++++++++++ Find New Best Min ACC +++++++++++
The acc is 0.9189, 0.8972, 0.9243
Time Consumption for one epoch is 24.951061725616455s
======================================= Epoch 17 =======================================
================= Test Set =================
The acc is 0.9189, 0.8972, 0.9243
Time Consumption for one epoch is 23.9749493598938s
======================================= Epoch 18 =======================================
================= Test Set =================
The acc is 0.9189, 0.8972, 0.9243
Time Consumption for one epoch is 25.755276203155518s
======================================= Epoch 19 =======================================
================= Test Set =================
The acc is 0.9189, 0.8972, 0.9243
Time Consumption for one epoch is 24.262651205062866s
The final acc is 0.9189, 0.8972, 0.9243
