Namespace(data_dir='/data/yihua/dataset/celeba/celeba.hdf5', result_dir='rotation_study', checkpoint=None, resume=False, domain_attrs='Male', target_attrs='Blond_Hair', exp_name=None, batch_size=512, lr=0.0001, wd=2e-05, epochs=20, seed=2020, num_workers=8, arch='resnet18', evaluate=False, total_num=5000, test_num=1000, gv=180.0, gr=0.1, minor_ratio=0.2, add_aug='rotation')
======================================= Epoch 0 =======================================
================= Test Set =================
+++++++++++ Find New Best Min ACC +++++++++++
The acc is 0.4624, 0.4186, 0.5000
Time Consumption for one epoch is 22.194676637649536s
======================================= Epoch 1 =======================================
================= Test Set =================
The acc is 0.4624, 0.4186, 0.5000
Time Consumption for one epoch is 20.389785289764404s
======================================= Epoch 2 =======================================
================= Test Set =================
+++++++++++ Find New Best Min ACC +++++++++++
The acc is 0.5054, 0.5302, 0.4840
Time Consumption for one epoch is 19.382304191589355s
======================================= Epoch 3 =======================================
================= Test Set =================
+++++++++++ Find New Best Min ACC +++++++++++
The acc is 0.5581, 0.6093, 0.5140
Time Consumption for one epoch is 18.71816372871399s
======================================= Epoch 4 =======================================
================= Test Set =================
+++++++++++ Find New Best Min ACC +++++++++++
The acc is 0.5753, 0.6209, 0.5360
Time Consumption for one epoch is 18.771149396896362s
======================================= Epoch 5 =======================================
================= Test Set =================
+++++++++++ Find New Best Min ACC +++++++++++
The acc is 0.8247, 0.7977, 0.8480
Time Consumption for one epoch is 18.758699893951416s
======================================= Epoch 6 =======================================
================= Test Set =================
+++++++++++ Find New Best Min ACC +++++++++++
The acc is 0.8710, 0.8395, 0.8980
Time Consumption for one epoch is 18.94713854789734s
======================================= Epoch 7 =======================================
================= Test Set =================
+++++++++++ Find New Best Min ACC +++++++++++
The acc is 0.8839, 0.8651, 0.9000
Time Consumption for one epoch is 19.674671173095703s
======================================= Epoch 8 =======================================
================= Test Set =================
The acc is 0.8839, 0.8651, 0.9000
Time Consumption for one epoch is 19.05498719215393s
======================================= Epoch 9 =======================================
================= Test Set =================
The acc is 0.8839, 0.8651, 0.9000
Time Consumption for one epoch is 18.3805034160614s
======================================= Epoch 10 =======================================
================= Test Set =================
The acc is 0.8839, 0.8651, 0.9000
Time Consumption for one epoch is 18.93637204170227s
======================================= Epoch 11 =======================================
================= Test Set =================
The acc is 0.8839, 0.8651, 0.9000
Time Consumption for one epoch is 19.17379665374756s
======================================= Epoch 12 =======================================
================= Test Set =================
The acc is 0.8839, 0.8651, 0.9000
Time Consumption for one epoch is 20.239066123962402s
======================================= Epoch 13 =======================================
================= Test Set =================
The acc is 0.8839, 0.8651, 0.9000
Time Consumption for one epoch is 20.793699741363525s
======================================= Epoch 14 =======================================
================= Test Set =================
The acc is 0.8839, 0.8651, 0.9000
Time Consumption for one epoch is 18.939488649368286s
======================================= Epoch 15 =======================================
================= Test Set =================
The acc is 0.8839, 0.8651, 0.9000
Time Consumption for one epoch is 20.403939247131348s
======================================= Epoch 16 =======================================
================= Test Set =================
+++++++++++ Find New Best Min ACC +++++++++++
The acc is 0.8925, 0.8744, 0.9080
Time Consumption for one epoch is 18.610511302947998s
======================================= Epoch 17 =======================================
================= Test Set =================
The acc is 0.8925, 0.8744, 0.9080
Time Consumption for one epoch is 19.1179256439209s
======================================= Epoch 18 =======================================
================= Test Set =================
The acc is 0.8925, 0.8744, 0.9080
Time Consumption for one epoch is 21.205278396606445s
======================================= Epoch 19 =======================================
================= Test Set =================
The acc is 0.8925, 0.8744, 0.9080
Time Consumption for one epoch is 21.75674843788147s
The final acc is 0.8925, 0.8744, 0.9080
