Namespace(data_dir='/data/yihua/dataset/celeba/celeba.hdf5', result_dir='results', checkpoint=None, resume=False, domain_attrs='Male', target_attrs='High_Cheekbones', exp_name=None, batch_size=512, lr=0.0001, wd=2e-05, epochs=20, seed=2022, num_workers=8, arch='resnet9', evaluate=False, gv=0.3, gr=0.5)
======================================= Epoch 0 =======================================
================= Test Set =================
+++++++++++ Find New Best Min ACC +++++++++++
The acc is 0.8435, 0.8039, 0.8534
Time Consumption for one epoch is 148.34859824180603s
======================================= Epoch 1 =======================================
================= Test Set =================
+++++++++++ Find New Best Min ACC +++++++++++
The acc is 0.8582, 0.8136, 0.8694
Time Consumption for one epoch is 142.74907612800598s
======================================= Epoch 2 =======================================
================= Test Set =================
The acc is 0.8582, 0.8136, 0.8694
Time Consumption for one epoch is 142.2458643913269s
======================================= Epoch 3 =======================================
================= Test Set =================
+++++++++++ Find New Best Min ACC +++++++++++
The acc is 0.8596, 0.8148, 0.8708
Time Consumption for one epoch is 143.12519478797913s
======================================= Epoch 4 =======================================
================= Test Set =================
+++++++++++ Find New Best Min ACC +++++++++++
The acc is 0.8667, 0.8200, 0.8783
Time Consumption for one epoch is 144.3912854194641s
======================================= Epoch 5 =======================================
================= Test Set =================
+++++++++++ Find New Best Min ACC +++++++++++
The acc is 0.8672, 0.8200, 0.8790
Time Consumption for one epoch is 143.99433755874634s
======================================= Epoch 6 =======================================
================= Test Set =================
+++++++++++ Find New Best Min ACC +++++++++++
The acc is 0.8768, 0.8356, 0.8872
Time Consumption for one epoch is 143.30974531173706s
======================================= Epoch 7 =======================================
================= Test Set =================
The acc is 0.8768, 0.8356, 0.8872
Time Consumption for one epoch is 142.54483771324158s
======================================= Epoch 8 =======================================
================= Test Set =================
The acc is 0.8768, 0.8356, 0.8872
Time Consumption for one epoch is 144.33361649513245s
======================================= Epoch 9 =======================================
================= Test Set =================
The acc is 0.8768, 0.8356, 0.8872
Time Consumption for one epoch is 141.51814222335815s
======================================= Epoch 10 =======================================
================= Test Set =================
The acc is 0.8768, 0.8356, 0.8872
Time Consumption for one epoch is 144.5328094959259s
======================================= Epoch 11 =======================================
================= Test Set =================
The acc is 0.8768, 0.8356, 0.8872
Time Consumption for one epoch is 145.25170159339905s
======================================= Epoch 12 =======================================
================= Test Set =================
The acc is 0.8768, 0.8356, 0.8872
Time Consumption for one epoch is 144.66916823387146s
======================================= Epoch 13 =======================================
================= Test Set =================
The acc is 0.8768, 0.8356, 0.8872
Time Consumption for one epoch is 142.93508005142212s
======================================= Epoch 14 =======================================
================= Test Set =================
The acc is 0.8768, 0.8356, 0.8872
Time Consumption for one epoch is 144.5724971294403s
======================================= Epoch 15 =======================================
================= Test Set =================
The acc is 0.8768, 0.8356, 0.8872
Time Consumption for one epoch is 142.6669363975525s
======================================= Epoch 16 =======================================
================= Test Set =================
+++++++++++ Find New Best Min ACC +++++++++++
The acc is 0.8806, 0.8396, 0.8909
Time Consumption for one epoch is 142.58562564849854s
======================================= Epoch 17 =======================================
================= Test Set =================
The acc is 0.8806, 0.8396, 0.8909
Time Consumption for one epoch is 144.0047254562378s
======================================= Epoch 18 =======================================
================= Test Set =================
The acc is 0.8806, 0.8396, 0.8909
Time Consumption for one epoch is 142.90309762954712s
======================================= Epoch 19 =======================================
================= Test Set =================
The acc is 0.8806, 0.8396, 0.8909
Time Consumption for one epoch is 143.2746798992157s
The final acc is 0.8806, 0.8396, 0.8909
