Namespace(data_dir='/data/yihua/dataset/celeba/celeba.hdf5', result_dir='crop_study', checkpoint=None, resume=False, domain_attrs='Male', target_attrs='Blond_Hair', exp_name=None, batch_size=512, lr=0.0001, wd=2e-05, epochs=20, seed=2021, num_workers=8, arch='resnet18', evaluate=False, total_num=5000, test_num=1000, gv=200.0, gr=0.5, minor_ratio=0.2, add_aug='crop')
======================================= Epoch 0 =======================================
================= Test Set =================
+++++++++++ Find New Best Min ACC +++++++++++
The acc is 0.4667, 0.4233, 0.5040
Time Consumption for one epoch is 21.509824514389038s
======================================= Epoch 1 =======================================
================= Test Set =================
+++++++++++ Find New Best Min ACC +++++++++++
The acc is 0.5376, 0.5814, 0.5000
Time Consumption for one epoch is 22.505945920944214s
======================================= Epoch 2 =======================================
================= Test Set =================
The acc is 0.5376, 0.5814, 0.5000
Time Consumption for one epoch is 21.480008840560913s
======================================= Epoch 3 =======================================
================= Test Set =================
The acc is 0.5376, 0.5814, 0.5000
Time Consumption for one epoch is 21.34507417678833s
======================================= Epoch 4 =======================================
================= Test Set =================
+++++++++++ Find New Best Min ACC +++++++++++
The acc is 0.6656, 0.6744, 0.6580
Time Consumption for one epoch is 21.467287302017212s
======================================= Epoch 5 =======================================
================= Test Set =================
+++++++++++ Find New Best Min ACC +++++++++++
The acc is 0.8376, 0.8047, 0.8660
Time Consumption for one epoch is 22.29665780067444s
======================================= Epoch 6 =======================================
================= Test Set =================
The acc is 0.8376, 0.8047, 0.8660
Time Consumption for one epoch is 20.352380990982056s
======================================= Epoch 7 =======================================
================= Test Set =================
The acc is 0.8376, 0.8047, 0.8660
Time Consumption for one epoch is 22.479700803756714s
======================================= Epoch 8 =======================================
================= Test Set =================
The acc is 0.8376, 0.8047, 0.8660
Time Consumption for one epoch is 20.49629020690918s
======================================= Epoch 9 =======================================
================= Test Set =================
+++++++++++ Find New Best Min ACC +++++++++++
The acc is 0.8731, 0.8512, 0.8920
Time Consumption for one epoch is 19.61757802963257s
======================================= Epoch 10 =======================================
================= Test Set =================
+++++++++++ Find New Best Min ACC +++++++++++
The acc is 0.8839, 0.8698, 0.8960
Time Consumption for one epoch is 21.383054733276367s
======================================= Epoch 11 =======================================
================= Test Set =================
The acc is 0.8839, 0.8698, 0.8960
Time Consumption for one epoch is 19.94061851501465s
======================================= Epoch 12 =======================================
================= Test Set =================
The acc is 0.8839, 0.8698, 0.8960
Time Consumption for one epoch is 21.680370330810547s
======================================= Epoch 13 =======================================
================= Test Set =================
The acc is 0.8839, 0.8698, 0.8960
Time Consumption for one epoch is 20.96848487854004s
======================================= Epoch 14 =======================================
================= Test Set =================
The acc is 0.8839, 0.8698, 0.8960
Time Consumption for one epoch is 21.081048727035522s
======================================= Epoch 15 =======================================
================= Test Set =================
+++++++++++ Find New Best Min ACC +++++++++++
The acc is 0.8849, 0.8651, 0.9020
Time Consumption for one epoch is 19.781883478164673s
======================================= Epoch 16 =======================================
================= Test Set =================
+++++++++++ Find New Best Min ACC +++++++++++
The acc is 0.8946, 0.8791, 0.9080
Time Consumption for one epoch is 21.020307064056396s
======================================= Epoch 17 =======================================
================= Test Set =================
+++++++++++ Find New Best Min ACC +++++++++++
The acc is 0.8968, 0.8744, 0.9160
Time Consumption for one epoch is 20.313719272613525s
======================================= Epoch 18 =======================================
================= Test Set =================
The acc is 0.8968, 0.8744, 0.9160
Time Consumption for one epoch is 20.977388858795166s
======================================= Epoch 19 =======================================
================= Test Set =================
The acc is 0.8968, 0.8744, 0.9160
Time Consumption for one epoch is 22.289209365844727s
The final acc is 0.8968, 0.8744, 0.9160
