Namespace(data_dir='/data/yihua/dataset/celeba/celeba.hdf5', result_dir='results', checkpoint=None, resume=False, domain_attrs='Male', target_attrs='Heavy_Makeup', exp_name=None, batch_size=512, lr=0.0001, wd=2e-05, epochs=20, seed=2023, num_workers=8, arch='resnet9', evaluate=False, gv=0.0001, gr=0.5)
======================================= Epoch 0 =======================================
================= Test Set =================
+++++++++++ Find New Best Min ACC +++++++++++
The acc is 0.5000, 0.5000, 0.5000
Time Consumption for one epoch is 8.812038898468018s
======================================= Epoch 1 =======================================
================= Test Set =================
+++++++++++ Find New Best Min ACC +++++++++++
The acc is 0.5045, 0.5227, 0.5000
Time Consumption for one epoch is 8.500606536865234s
======================================= Epoch 2 =======================================
================= Test Set =================
The acc is 0.5045, 0.5227, 0.5000
Time Consumption for one epoch is 9.247260332107544s
======================================= Epoch 3 =======================================
================= Test Set =================
The acc is 0.5045, 0.5227, 0.5000
Time Consumption for one epoch is 8.173279523849487s
======================================= Epoch 4 =======================================
================= Test Set =================
The acc is 0.5045, 0.5227, 0.5000
Time Consumption for one epoch is 7.791632175445557s
======================================= Epoch 5 =======================================
================= Test Set =================
The acc is 0.5045, 0.5227, 0.5000
Time Consumption for one epoch is 8.931036710739136s
======================================= Epoch 6 =======================================
================= Test Set =================
The acc is 0.5045, 0.5227, 0.5000
Time Consumption for one epoch is 7.793232440948486s
======================================= Epoch 7 =======================================
================= Test Set =================
+++++++++++ Find New Best Min ACC +++++++++++
The acc is 0.5273, 0.5455, 0.5227
Time Consumption for one epoch is 8.013252973556519s
======================================= Epoch 8 =======================================
================= Test Set =================
+++++++++++ Find New Best Min ACC +++++++++++
The acc is 0.6136, 0.5909, 0.6193
Time Consumption for one epoch is 9.524372100830078s
======================================= Epoch 9 =======================================
================= Test Set =================
+++++++++++ Find New Best Min ACC +++++++++++
The acc is 0.6227, 0.5682, 0.6364
Time Consumption for one epoch is 9.06225037574768s
======================================= Epoch 10 =======================================
================= Test Set =================
+++++++++++ Find New Best Min ACC +++++++++++
The acc is 0.6318, 0.5682, 0.6477
Time Consumption for one epoch is 8.025612115859985s
======================================= Epoch 11 =======================================
================= Test Set =================
+++++++++++ Find New Best Min ACC +++++++++++
The acc is 0.6364, 0.5227, 0.6648
Time Consumption for one epoch is 8.29679799079895s
======================================= Epoch 12 =======================================
================= Test Set =================
+++++++++++ Find New Best Min ACC +++++++++++
The acc is 0.6955, 0.5000, 0.7443
Time Consumption for one epoch is 7.523704290390015s
======================================= Epoch 13 =======================================
================= Test Set =================
The acc is 0.6955, 0.5000, 0.7443
Time Consumption for one epoch is 8.643930435180664s
======================================= Epoch 14 =======================================
================= Test Set =================
The acc is 0.6955, 0.5000, 0.7443
Time Consumption for one epoch is 9.670941829681396s
======================================= Epoch 15 =======================================
================= Test Set =================
The acc is 0.6955, 0.5000, 0.7443
Time Consumption for one epoch is 8.903960466384888s
======================================= Epoch 16 =======================================
================= Test Set =================
The acc is 0.6955, 0.5000, 0.7443
Time Consumption for one epoch is 9.129280090332031s
======================================= Epoch 17 =======================================
================= Test Set =================
The acc is 0.6955, 0.5000, 0.7443
Time Consumption for one epoch is 7.674929618835449s
======================================= Epoch 18 =======================================
================= Test Set =================
The acc is 0.6955, 0.5000, 0.7443
Time Consumption for one epoch is 8.070314645767212s
======================================= Epoch 19 =======================================
================= Test Set =================
The acc is 0.6955, 0.5000, 0.7443
Time Consumption for one epoch is 10.265840291976929s
The final acc is 0.6955, 0.5000, 0.7443
