Namespace(data_dir='/data/yihua/dataset/celeba/celeba.hdf5', result_dir='results', checkpoint=None, resume=False, domain_attrs='Male', target_attrs='Blond_Hair', exp_name=None, batch_size=512, lr=0.0001, wd=2e-05, epochs=20, seed=2022, num_workers=8, arch='resnet9', evaluate=False, gv=0.0001, gr=0.3)
======================================= Epoch 0 =======================================
================= Test Set =================
+++++++++++ Find New Best Min ACC +++++++++++
The acc is 0.6544, 0.5917, 0.6701
Time Consumption for one epoch is 26.785508155822754s
======================================= Epoch 1 =======================================
================= Test Set =================
+++++++++++ Find New Best Min ACC +++++++++++
The acc is 0.8761, 0.8500, 0.8826
Time Consumption for one epoch is 25.201756477355957s
======================================= Epoch 2 =======================================
================= Test Set =================
+++++++++++ Find New Best Min ACC +++++++++++
The acc is 0.8833, 0.8278, 0.8972
Time Consumption for one epoch is 24.675337553024292s
======================================= Epoch 3 =======================================
================= Test Set =================
+++++++++++ Find New Best Min ACC +++++++++++
The acc is 0.8939, 0.8778, 0.8979
Time Consumption for one epoch is 26.046314477920532s
======================================= Epoch 4 =======================================
================= Test Set =================
+++++++++++ Find New Best Min ACC +++++++++++
The acc is 0.9022, 0.8556, 0.9139
Time Consumption for one epoch is 25.487857341766357s
======================================= Epoch 5 =======================================
================= Test Set =================
The acc is 0.9022, 0.8556, 0.9139
Time Consumption for one epoch is 24.06206226348877s
======================================= Epoch 6 =======================================
================= Test Set =================
+++++++++++ Find New Best Min ACC +++++++++++
The acc is 0.9144, 0.8917, 0.9201
Time Consumption for one epoch is 25.891170740127563s
======================================= Epoch 7 =======================================
================= Test Set =================
The acc is 0.9144, 0.8917, 0.9201
Time Consumption for one epoch is 26.356112480163574s
======================================= Epoch 8 =======================================
================= Test Set =================
The acc is 0.9144, 0.8917, 0.9201
Time Consumption for one epoch is 24.012446641921997s
======================================= Epoch 9 =======================================
================= Test Set =================
+++++++++++ Find New Best Min ACC +++++++++++
The acc is 0.9161, 0.8972, 0.9208
Time Consumption for one epoch is 25.105924606323242s
======================================= Epoch 10 =======================================
================= Test Set =================
+++++++++++ Find New Best Min ACC +++++++++++
The acc is 0.9178, 0.9000, 0.9222
Time Consumption for one epoch is 23.9300754070282s
======================================= Epoch 11 =======================================
================= Test Set =================
The acc is 0.9178, 0.9000, 0.9222
Time Consumption for one epoch is 24.677130222320557s
======================================= Epoch 12 =======================================
================= Test Set =================
+++++++++++ Find New Best Min ACC +++++++++++
The acc is 0.9189, 0.9139, 0.9201
Time Consumption for one epoch is 25.84433913230896s
======================================= Epoch 13 =======================================
================= Test Set =================
The acc is 0.9189, 0.9139, 0.9201
Time Consumption for one epoch is 25.62523579597473s
======================================= Epoch 14 =======================================
================= Test Set =================
The acc is 0.9189, 0.9139, 0.9201
Time Consumption for one epoch is 25.573076486587524s
======================================= Epoch 15 =======================================
================= Test Set =================
The acc is 0.9189, 0.9139, 0.9201
Time Consumption for one epoch is 24.89984703063965s
======================================= Epoch 16 =======================================
================= Test Set =================
The acc is 0.9189, 0.9139, 0.9201
Time Consumption for one epoch is 26.046239376068115s
======================================= Epoch 17 =======================================
================= Test Set =================
The acc is 0.9189, 0.9139, 0.9201
Time Consumption for one epoch is 24.728803396224976s
======================================= Epoch 18 =======================================
================= Test Set =================
The acc is 0.9189, 0.9139, 0.9201
Time Consumption for one epoch is 25.36241888999939s
======================================= Epoch 19 =======================================
================= Test Set =================
The acc is 0.9189, 0.9139, 0.9201
Time Consumption for one epoch is 25.022586822509766s
The final acc is 0.9189, 0.9139, 0.9201
