Namespace(data_dir='/data/yihua/dataset/celeba/celeba.hdf5', result_dir='crop_study', checkpoint=None, resume=False, domain_attrs='Male', target_attrs='Blond_Hair', exp_name=None, batch_size=512, lr=0.0001, wd=2e-05, epochs=20, seed=2021, num_workers=8, arch='resnet9', evaluate=False, total_num=5000, test_num=1000, gv=120.0, gr=0.1, minor_ratio=0.2, add_aug='crop')
======================================= Epoch 0 =======================================
================= Test Set =================
+++++++++++ Find New Best Min ACC +++++++++++
The acc is 0.4624, 0.4186, 0.5000
Time Consumption for one epoch is 16.17782688140869s
======================================= Epoch 1 =======================================
================= Test Set =================
The acc is 0.4624, 0.4186, 0.5000
Time Consumption for one epoch is 14.400113582611084s
======================================= Epoch 2 =======================================
================= Test Set =================
+++++++++++ Find New Best Min ACC +++++++++++
The acc is 0.5925, 0.5442, 0.6340
Time Consumption for one epoch is 14.577553749084473s
======================================= Epoch 3 =======================================
================= Test Set =================
+++++++++++ Find New Best Min ACC +++++++++++
The acc is 0.6785, 0.6837, 0.6740
Time Consumption for one epoch is 14.092772722244263s
======================================= Epoch 4 =======================================
================= Test Set =================
+++++++++++ Find New Best Min ACC +++++++++++
The acc is 0.8387, 0.8140, 0.8600
Time Consumption for one epoch is 14.76289176940918s
======================================= Epoch 5 =======================================
================= Test Set =================
+++++++++++ Find New Best Min ACC +++++++++++
The acc is 0.8548, 0.8372, 0.8700
Time Consumption for one epoch is 14.547296047210693s
======================================= Epoch 6 =======================================
================= Test Set =================
+++++++++++ Find New Best Min ACC +++++++++++
The acc is 0.8645, 0.8372, 0.8880
Time Consumption for one epoch is 14.240300178527832s
======================================= Epoch 7 =======================================
================= Test Set =================
+++++++++++ Find New Best Min ACC +++++++++++
The acc is 0.8742, 0.8395, 0.9040
Time Consumption for one epoch is 14.0976083278656s
======================================= Epoch 8 =======================================
================= Test Set =================
+++++++++++ Find New Best Min ACC +++++++++++
The acc is 0.8849, 0.8698, 0.8980
Time Consumption for one epoch is 14.230808973312378s
======================================= Epoch 9 =======================================
================= Test Set =================
+++++++++++ Find New Best Min ACC +++++++++++
The acc is 0.8882, 0.8628, 0.9100
Time Consumption for one epoch is 14.618637561798096s
======================================= Epoch 10 =======================================
================= Test Set =================
The acc is 0.8882, 0.8628, 0.9100
Time Consumption for one epoch is 13.57903504371643s
======================================= Epoch 11 =======================================
================= Test Set =================
The acc is 0.8882, 0.8628, 0.9100
Time Consumption for one epoch is 14.364372968673706s
======================================= Epoch 12 =======================================
================= Test Set =================
The acc is 0.8882, 0.8628, 0.9100
Time Consumption for one epoch is 14.265755653381348s
======================================= Epoch 13 =======================================
================= Test Set =================
The acc is 0.8882, 0.8628, 0.9100
Time Consumption for one epoch is 14.246279239654541s
======================================= Epoch 14 =======================================
================= Test Set =================
+++++++++++ Find New Best Min ACC +++++++++++
The acc is 0.8989, 0.8884, 0.9080
Time Consumption for one epoch is 14.227524280548096s
======================================= Epoch 15 =======================================
================= Test Set =================
The acc is 0.8989, 0.8884, 0.9080
Time Consumption for one epoch is 14.365889549255371s
======================================= Epoch 16 =======================================
================= Test Set =================
The acc is 0.8989, 0.8884, 0.9080
Time Consumption for one epoch is 14.221261024475098s
======================================= Epoch 17 =======================================
================= Test Set =================
The acc is 0.8989, 0.8884, 0.9080
Time Consumption for one epoch is 14.559617280960083s
======================================= Epoch 18 =======================================
================= Test Set =================
The acc is 0.8989, 0.8884, 0.9080
Time Consumption for one epoch is 14.424603700637817s
======================================= Epoch 19 =======================================
================= Test Set =================
The acc is 0.8989, 0.8884, 0.9080
Time Consumption for one epoch is 14.261510610580444s
The final acc is 0.8989, 0.8884, 0.9080
