Namespace(data_dir='/data/yihua/dataset/celeba/celeba.hdf5', result_dir='rotation_study', checkpoint=None, resume=False, domain_attrs='Male', target_attrs='Blond_Hair', exp_name=None, batch_size=512, lr=0.0001, wd=2e-05, epochs=20, seed=2022, num_workers=8, arch='resnet9', evaluate=False, total_num=5000, test_num=1000, gv=30.0, gr=0.5, minor_ratio=0.2, add_aug='rotation')
======================================= Epoch 0 =======================================
================= Test Set =================
+++++++++++ Find New Best Min ACC +++++++++++
The acc is 0.4624, 0.4186, 0.5000
Time Consumption for one epoch is 16.486830949783325s
======================================= Epoch 1 =======================================
================= Test Set =================
The acc is 0.4624, 0.4186, 0.5000
Time Consumption for one epoch is 15.100315570831299s
======================================= Epoch 2 =======================================
================= Test Set =================
+++++++++++ Find New Best Min ACC +++++++++++
The acc is 0.6731, 0.6186, 0.7200
Time Consumption for one epoch is 14.90712833404541s
======================================= Epoch 3 =======================================
================= Test Set =================
+++++++++++ Find New Best Min ACC +++++++++++
The acc is 0.8333, 0.8209, 0.8440
Time Consumption for one epoch is 14.430066585540771s
======================================= Epoch 4 =======================================
================= Test Set =================
The acc is 0.8333, 0.8209, 0.8440
Time Consumption for one epoch is 14.297622680664062s
======================================= Epoch 5 =======================================
================= Test Set =================
+++++++++++ Find New Best Min ACC +++++++++++
The acc is 0.8817, 0.8605, 0.9000
Time Consumption for one epoch is 14.445323705673218s
======================================= Epoch 6 =======================================
================= Test Set =================
+++++++++++ Find New Best Min ACC +++++++++++
The acc is 0.8828, 0.8581, 0.9040
Time Consumption for one epoch is 14.755000829696655s
======================================= Epoch 7 =======================================
================= Test Set =================
The acc is 0.8828, 0.8581, 0.9040
Time Consumption for one epoch is 14.290015459060669s
======================================= Epoch 8 =======================================
================= Test Set =================
The acc is 0.8828, 0.8581, 0.9040
Time Consumption for one epoch is 14.397886753082275s
======================================= Epoch 9 =======================================
================= Test Set =================
+++++++++++ Find New Best Min ACC +++++++++++
The acc is 0.8849, 0.8698, 0.8980
Time Consumption for one epoch is 14.762724161148071s
======================================= Epoch 10 =======================================
================= Test Set =================
The acc is 0.8849, 0.8698, 0.8980
Time Consumption for one epoch is 15.006356716156006s
======================================= Epoch 11 =======================================
================= Test Set =================
+++++++++++ Find New Best Min ACC +++++++++++
The acc is 0.8892, 0.8791, 0.8980
Time Consumption for one epoch is 14.342040777206421s
======================================= Epoch 12 =======================================
================= Test Set =================
+++++++++++ Find New Best Min ACC +++++++++++
The acc is 0.8957, 0.8907, 0.9000
Time Consumption for one epoch is 14.638576745986938s
======================================= Epoch 13 =======================================
================= Test Set =================
The acc is 0.8957, 0.8907, 0.9000
Time Consumption for one epoch is 15.308791160583496s
======================================= Epoch 14 =======================================
================= Test Set =================
The acc is 0.8957, 0.8907, 0.9000
Time Consumption for one epoch is 15.384620428085327s
======================================= Epoch 15 =======================================
================= Test Set =================
The acc is 0.8957, 0.8907, 0.9000
Time Consumption for one epoch is 14.940903425216675s
======================================= Epoch 16 =======================================
================= Test Set =================
The acc is 0.8957, 0.8907, 0.9000
Time Consumption for one epoch is 14.771323919296265s
======================================= Epoch 17 =======================================
================= Test Set =================
+++++++++++ Find New Best Min ACC +++++++++++
The acc is 0.8968, 0.8884, 0.9040
Time Consumption for one epoch is 15.49273157119751s
======================================= Epoch 18 =======================================
================= Test Set =================
+++++++++++ Find New Best Min ACC +++++++++++
The acc is 0.8978, 0.8884, 0.9060
Time Consumption for one epoch is 15.180121660232544s
======================================= Epoch 19 =======================================
================= Test Set =================
The acc is 0.8978, 0.8884, 0.9060
Time Consumption for one epoch is 14.691240787506104s
The final acc is 0.8978, 0.8884, 0.9060
