Namespace(data_dir='/data/yihua/dataset/celeba/celeba.hdf5', result_dir='results', checkpoint=None, resume=False, domain_attrs='Male', target_attrs='Heavy_Makeup', exp_name=None, batch_size=512, lr=0.0001, wd=2e-05, epochs=20, seed=2023, num_workers=8, arch='resnet9', evaluate=False, gv=1e-06, gr=0.1)
======================================= Epoch 0 =======================================
================= Test Set =================
+++++++++++ Find New Best Min ACC +++++++++++
The acc is 0.5000, 0.5000, 0.5000
Time Consumption for one epoch is 8.40890383720398s
======================================= Epoch 1 =======================================
================= Test Set =================
+++++++++++ Find New Best Min ACC +++++++++++
The acc is 0.5636, 0.4773, 0.5852
Time Consumption for one epoch is 8.62456464767456s
======================================= Epoch 2 =======================================
================= Test Set =================
The acc is 0.5636, 0.4773, 0.5852
Time Consumption for one epoch is 9.521242618560791s
======================================= Epoch 3 =======================================
================= Test Set =================
The acc is 0.5636, 0.4773, 0.5852
Time Consumption for one epoch is 8.946061134338379s
======================================= Epoch 4 =======================================
================= Test Set =================
The acc is 0.5636, 0.4773, 0.5852
Time Consumption for one epoch is 7.8206799030303955s
======================================= Epoch 5 =======================================
================= Test Set =================
The acc is 0.5636, 0.4773, 0.5852
Time Consumption for one epoch is 6.986183166503906s
======================================= Epoch 6 =======================================
================= Test Set =================
The acc is 0.5636, 0.4773, 0.5852
Time Consumption for one epoch is 7.5868072509765625s
======================================= Epoch 7 =======================================
================= Test Set =================
The acc is 0.5636, 0.4773, 0.5852
Time Consumption for one epoch is 8.217228174209595s
======================================= Epoch 8 =======================================
================= Test Set =================
The acc is 0.5636, 0.4773, 0.5852
Time Consumption for one epoch is 8.540939807891846s
======================================= Epoch 9 =======================================
================= Test Set =================
+++++++++++ Find New Best Min ACC +++++++++++
The acc is 0.5864, 0.4773, 0.6136
Time Consumption for one epoch is 8.174145221710205s
======================================= Epoch 10 =======================================
================= Test Set =================
+++++++++++ Find New Best Min ACC +++++++++++
The acc is 0.6045, 0.4545, 0.6420
Time Consumption for one epoch is 9.750912189483643s
======================================= Epoch 11 =======================================
================= Test Set =================
+++++++++++ Find New Best Min ACC +++++++++++
The acc is 0.6318, 0.5455, 0.6534
Time Consumption for one epoch is 8.871241569519043s
======================================= Epoch 12 =======================================
================= Test Set =================
+++++++++++ Find New Best Min ACC +++++++++++
The acc is 0.6364, 0.5909, 0.6477
Time Consumption for one epoch is 8.302437782287598s
======================================= Epoch 13 =======================================
================= Test Set =================
The acc is 0.6364, 0.5909, 0.6477
Time Consumption for one epoch is 7.184684753417969s
======================================= Epoch 14 =======================================
================= Test Set =================
+++++++++++ Find New Best Min ACC +++++++++++
The acc is 0.6773, 0.5682, 0.7045
Time Consumption for one epoch is 7.3543407917022705s
======================================= Epoch 15 =======================================
================= Test Set =================
The acc is 0.6773, 0.5682, 0.7045
Time Consumption for one epoch is 7.302227735519409s
======================================= Epoch 16 =======================================
================= Test Set =================
The acc is 0.6773, 0.5682, 0.7045
Time Consumption for one epoch is 7.010232448577881s
======================================= Epoch 17 =======================================
================= Test Set =================
The acc is 0.6773, 0.5682, 0.7045
Time Consumption for one epoch is 8.228980779647827s
======================================= Epoch 18 =======================================
================= Test Set =================
The acc is 0.6773, 0.5682, 0.7045
Time Consumption for one epoch is 9.108652830123901s
======================================= Epoch 19 =======================================
================= Test Set =================
The acc is 0.6773, 0.5682, 0.7045
Time Consumption for one epoch is 8.16231894493103s
The final acc is 0.6773, 0.5682, 0.7045
