Namespace(data_dir='/data/yihua/dataset/celeba/celeba.hdf5', result_dir='rotation_study', checkpoint=None, resume=False, domain_attrs='Male', target_attrs='Blond_Hair', exp_name=None, batch_size=512, lr=0.0001, wd=2e-05, epochs=20, seed=2022, num_workers=8, arch='resnet18', evaluate=False, total_num=5000, test_num=1000, gv=90.0, gr=0.1, minor_ratio=0.2, add_aug='rotation')
======================================= Epoch 0 =======================================
================= Test Set =================
+++++++++++ Find New Best Min ACC +++++++++++
The acc is 0.4624, 0.4186, 0.5000
Time Consumption for one epoch is 21.852397680282593s
======================================= Epoch 1 =======================================
================= Test Set =================
+++++++++++ Find New Best Min ACC +++++++++++
The acc is 0.5376, 0.5837, 0.4980
Time Consumption for one epoch is 20.066784620285034s
======================================= Epoch 2 =======================================
================= Test Set =================
The acc is 0.5376, 0.5837, 0.4980
Time Consumption for one epoch is 20.000816583633423s
======================================= Epoch 3 =======================================
================= Test Set =================
+++++++++++ Find New Best Min ACC +++++++++++
The acc is 0.6527, 0.6651, 0.6420
Time Consumption for one epoch is 20.636046886444092s
======================================= Epoch 4 =======================================
================= Test Set =================
The acc is 0.6527, 0.6651, 0.6420
Time Consumption for one epoch is 20.56554341316223s
======================================= Epoch 5 =======================================
================= Test Set =================
+++++++++++ Find New Best Min ACC +++++++++++
The acc is 0.8441, 0.8023, 0.8800
Time Consumption for one epoch is 21.004608154296875s
======================================= Epoch 6 =======================================
================= Test Set =================
The acc is 0.8441, 0.8023, 0.8800
Time Consumption for one epoch is 20.235881567001343s
======================================= Epoch 7 =======================================
================= Test Set =================
The acc is 0.8441, 0.8023, 0.8800
Time Consumption for one epoch is 18.85266923904419s
======================================= Epoch 8 =======================================
================= Test Set =================
+++++++++++ Find New Best Min ACC +++++++++++
The acc is 0.8559, 0.8140, 0.8920
Time Consumption for one epoch is 20.058316946029663s
======================================= Epoch 9 =======================================
================= Test Set =================
The acc is 0.8559, 0.8140, 0.8920
Time Consumption for one epoch is 18.984479188919067s
======================================= Epoch 10 =======================================
================= Test Set =================
+++++++++++ Find New Best Min ACC +++++++++++
The acc is 0.8570, 0.8233, 0.8860
Time Consumption for one epoch is 19.846462726593018s
======================================= Epoch 11 =======================================
================= Test Set =================
+++++++++++ Find New Best Min ACC +++++++++++
The acc is 0.8710, 0.8605, 0.8800
Time Consumption for one epoch is 19.69563364982605s
======================================= Epoch 12 =======================================
================= Test Set =================
The acc is 0.8710, 0.8605, 0.8800
Time Consumption for one epoch is 21.482269525527954s
======================================= Epoch 13 =======================================
================= Test Set =================
+++++++++++ Find New Best Min ACC +++++++++++
The acc is 0.8817, 0.8674, 0.8940
Time Consumption for one epoch is 18.62242317199707s
======================================= Epoch 14 =======================================
================= Test Set =================
The acc is 0.8817, 0.8674, 0.8940
Time Consumption for one epoch is 20.516249895095825s
======================================= Epoch 15 =======================================
================= Test Set =================
The acc is 0.8817, 0.8674, 0.8940
Time Consumption for one epoch is 21.22736120223999s
======================================= Epoch 16 =======================================
================= Test Set =================
+++++++++++ Find New Best Min ACC +++++++++++
The acc is 0.8914, 0.8814, 0.9000
Time Consumption for one epoch is 20.186843872070312s
======================================= Epoch 17 =======================================
================= Test Set =================
The acc is 0.8914, 0.8814, 0.9000
Time Consumption for one epoch is 19.856464862823486s
======================================= Epoch 18 =======================================
================= Test Set =================
+++++++++++ Find New Best Min ACC +++++++++++
The acc is 0.8935, 0.8884, 0.8980
Time Consumption for one epoch is 20.189621686935425s
======================================= Epoch 19 =======================================
================= Test Set =================
The acc is 0.8935, 0.8884, 0.8980
Time Consumption for one epoch is 22.70641040802002s
The final acc is 0.8935, 0.8884, 0.8980
