Namespace(data_dir='/data/yihua/dataset/celeba/celeba.hdf5', result_dir='results', checkpoint=None, resume=False, domain_attrs='Male', target_attrs='High_Cheekbones', exp_name=None, batch_size=512, lr=0.0001, wd=2e-05, epochs=20, seed=2022, num_workers=8, arch='resnet9', evaluate=False, gv=0.15, gr=0.1)
======================================= Epoch 0 =======================================
================= Test Set =================
+++++++++++ Find New Best Min ACC +++++++++++
The acc is 0.7956, 0.7755, 0.8007
Time Consumption for one epoch is 132.5250654220581s
======================================= Epoch 1 =======================================
================= Test Set =================
+++++++++++ Find New Best Min ACC +++++++++++
The acc is 0.8378, 0.7915, 0.8494
Time Consumption for one epoch is 130.7492218017578s
======================================= Epoch 2 =======================================
================= Test Set =================
+++++++++++ Find New Best Min ACC +++++++++++
The acc is 0.8445, 0.8111, 0.8529
Time Consumption for one epoch is 129.88363003730774s
======================================= Epoch 3 =======================================
================= Test Set =================
The acc is 0.8445, 0.8111, 0.8529
Time Consumption for one epoch is 129.2702763080597s
======================================= Epoch 4 =======================================
================= Test Set =================
+++++++++++ Find New Best Min ACC +++++++++++
The acc is 0.8456, 0.8059, 0.8555
Time Consumption for one epoch is 129.03407907485962s
======================================= Epoch 5 =======================================
================= Test Set =================
+++++++++++ Find New Best Min ACC +++++++++++
The acc is 0.8625, 0.8196, 0.8732
Time Consumption for one epoch is 129.57191109657288s
======================================= Epoch 6 =======================================
================= Test Set =================
The acc is 0.8625, 0.8196, 0.8732
Time Consumption for one epoch is 130.79697561264038s
======================================= Epoch 7 =======================================
================= Test Set =================
+++++++++++ Find New Best Min ACC +++++++++++
The acc is 0.8739, 0.8280, 0.8853
Time Consumption for one epoch is 129.8085823059082s
======================================= Epoch 8 =======================================
================= Test Set =================
The acc is 0.8739, 0.8280, 0.8853
Time Consumption for one epoch is 127.83604454994202s
======================================= Epoch 9 =======================================
================= Test Set =================
The acc is 0.8739, 0.8280, 0.8853
Time Consumption for one epoch is 130.31431198120117s
======================================= Epoch 10 =======================================
================= Test Set =================
+++++++++++ Find New Best Min ACC +++++++++++
The acc is 0.8761, 0.8352, 0.8863
Time Consumption for one epoch is 129.99003791809082s
======================================= Epoch 11 =======================================
================= Test Set =================
The acc is 0.8761, 0.8352, 0.8863
Time Consumption for one epoch is 130.4322702884674s
======================================= Epoch 12 =======================================
================= Test Set =================
The acc is 0.8761, 0.8352, 0.8863
Time Consumption for one epoch is 128.99274277687073s
======================================= Epoch 13 =======================================
================= Test Set =================
The acc is 0.8761, 0.8352, 0.8863
Time Consumption for one epoch is 130.45906448364258s
======================================= Epoch 14 =======================================
================= Test Set =================
The acc is 0.8761, 0.8352, 0.8863
Time Consumption for one epoch is 128.8414556980133s
======================================= Epoch 15 =======================================
================= Test Set =================
The acc is 0.8761, 0.8352, 0.8863
Time Consumption for one epoch is 127.81891345977783s
======================================= Epoch 16 =======================================
================= Test Set =================
+++++++++++ Find New Best Min ACC +++++++++++
The acc is 0.8786, 0.8368, 0.8891
Time Consumption for one epoch is 130.5893189907074s
======================================= Epoch 17 =======================================
================= Test Set =================
The acc is 0.8786, 0.8368, 0.8891
Time Consumption for one epoch is 130.98029446601868s
======================================= Epoch 18 =======================================
================= Test Set =================
The acc is 0.8786, 0.8368, 0.8891
Time Consumption for one epoch is 129.43731093406677s
======================================= Epoch 19 =======================================
================= Test Set =================
The acc is 0.8786, 0.8368, 0.8891
Time Consumption for one epoch is 129.47338104248047s
The final acc is 0.8786, 0.8368, 0.8891
