Namespace(data_dir='/data/yihua/dataset/celeba/celeba.hdf5', result_dir='crop_study', checkpoint=None, resume=False, domain_attrs='Male', target_attrs='Blond_Hair', exp_name=None, batch_size=512, lr=0.0001, wd=2e-05, epochs=20, seed=2021, num_workers=8, arch='resnet9', evaluate=False, total_num=5000, test_num=1000, gv=160.0, gr=0.5, minor_ratio=0.2, add_aug='crop')
======================================= Epoch 0 =======================================
================= Test Set =================
+++++++++++ Find New Best Min ACC +++++++++++
The acc is 0.4624, 0.4186, 0.5000
Time Consumption for one epoch is 16.961798429489136s
======================================= Epoch 1 =======================================
================= Test Set =================
The acc is 0.4624, 0.4186, 0.5000
Time Consumption for one epoch is 14.986331939697266s
======================================= Epoch 2 =======================================
================= Test Set =================
+++++++++++ Find New Best Min ACC +++++++++++
The acc is 0.7065, 0.6581, 0.7480
Time Consumption for one epoch is 14.219367742538452s
======================================= Epoch 3 =======================================
================= Test Set =================
The acc is 0.7065, 0.6581, 0.7480
Time Consumption for one epoch is 14.706431150436401s
======================================= Epoch 4 =======================================
================= Test Set =================
+++++++++++ Find New Best Min ACC +++++++++++
The acc is 0.8409, 0.8279, 0.8520
Time Consumption for one epoch is 15.01457166671753s
======================================= Epoch 5 =======================================
================= Test Set =================
+++++++++++ Find New Best Min ACC +++++++++++
The acc is 0.8602, 0.8326, 0.8840
Time Consumption for one epoch is 15.526943922042847s
======================================= Epoch 6 =======================================
================= Test Set =================
+++++++++++ Find New Best Min ACC +++++++++++
The acc is 0.8742, 0.8488, 0.8960
Time Consumption for one epoch is 14.597997426986694s
======================================= Epoch 7 =======================================
================= Test Set =================
+++++++++++ Find New Best Min ACC +++++++++++
The acc is 0.8806, 0.8698, 0.8900
Time Consumption for one epoch is 15.119362831115723s
======================================= Epoch 8 =======================================
================= Test Set =================
The acc is 0.8806, 0.8698, 0.8900
Time Consumption for one epoch is 14.491898775100708s
======================================= Epoch 9 =======================================
================= Test Set =================
The acc is 0.8806, 0.8698, 0.8900
Time Consumption for one epoch is 14.630769729614258s
======================================= Epoch 10 =======================================
================= Test Set =================
+++++++++++ Find New Best Min ACC +++++++++++
The acc is 0.8914, 0.8651, 0.9140
Time Consumption for one epoch is 15.294217348098755s
======================================= Epoch 11 =======================================
================= Test Set =================
The acc is 0.8914, 0.8651, 0.9140
Time Consumption for one epoch is 14.878982305526733s
======================================= Epoch 12 =======================================
================= Test Set =================
+++++++++++ Find New Best Min ACC +++++++++++
The acc is 0.8968, 0.8884, 0.9040
Time Consumption for one epoch is 14.96629548072815s
======================================= Epoch 13 =======================================
================= Test Set =================
The acc is 0.8968, 0.8884, 0.9040
Time Consumption for one epoch is 14.103650569915771s
======================================= Epoch 14 =======================================
================= Test Set =================
The acc is 0.8968, 0.8884, 0.9040
Time Consumption for one epoch is 14.904446601867676s
======================================= Epoch 15 =======================================
================= Test Set =================
The acc is 0.8968, 0.8884, 0.9040
Time Consumption for one epoch is 14.584722518920898s
======================================= Epoch 16 =======================================
================= Test Set =================
+++++++++++ Find New Best Min ACC +++++++++++
The acc is 0.8989, 0.8884, 0.9080
Time Consumption for one epoch is 14.880795001983643s
======================================= Epoch 17 =======================================
================= Test Set =================
The acc is 0.8989, 0.8884, 0.9080
Time Consumption for one epoch is 14.70300817489624s
======================================= Epoch 18 =======================================
================= Test Set =================
The acc is 0.8989, 0.8884, 0.9080
Time Consumption for one epoch is 15.396970987319946s
======================================= Epoch 19 =======================================
================= Test Set =================
The acc is 0.8989, 0.8884, 0.9080
Time Consumption for one epoch is 15.446286678314209s
The final acc is 0.8989, 0.8884, 0.9080
