Namespace(data_dir='/data/yihua/dataset/celeba/celeba.hdf5', result_dir='results', checkpoint=None, resume=False, domain_attrs='Male', target_attrs='High_Cheekbones', exp_name=None, batch_size=512, lr=0.0001, wd=2e-05, epochs=20, seed=2022, num_workers=8, arch='resnet9', evaluate=False, gv=0.4, gr=0.3)
======================================= Epoch 0 =======================================
================= Test Set =================
+++++++++++ Find New Best Min ACC +++++++++++
The acc is 0.8298, 0.7815, 0.8419
Time Consumption for one epoch is 137.9410915374756s
======================================= Epoch 1 =======================================
================= Test Set =================
+++++++++++ Find New Best Min ACC +++++++++++
The acc is 0.8469, 0.8035, 0.8578
Time Consumption for one epoch is 134.77584385871887s
======================================= Epoch 2 =======================================
================= Test Set =================
+++++++++++ Find New Best Min ACC +++++++++++
The acc is 0.8586, 0.8152, 0.8694
Time Consumption for one epoch is 134.37787628173828s
======================================= Epoch 3 =======================================
================= Test Set =================
The acc is 0.8586, 0.8152, 0.8694
Time Consumption for one epoch is 133.70895195007324s
======================================= Epoch 4 =======================================
================= Test Set =================
The acc is 0.8586, 0.8152, 0.8694
Time Consumption for one epoch is 133.1458809375763s
======================================= Epoch 5 =======================================
================= Test Set =================
+++++++++++ Find New Best Min ACC +++++++++++
The acc is 0.8716, 0.8288, 0.8823
Time Consumption for one epoch is 135.00002121925354s
======================================= Epoch 6 =======================================
================= Test Set =================
The acc is 0.8716, 0.8288, 0.8823
Time Consumption for one epoch is 133.88736486434937s
======================================= Epoch 7 =======================================
================= Test Set =================
The acc is 0.8716, 0.8288, 0.8823
Time Consumption for one epoch is 134.410062789917s
======================================= Epoch 8 =======================================
================= Test Set =================
The acc is 0.8716, 0.8288, 0.8823
Time Consumption for one epoch is 133.8772418498993s
======================================= Epoch 9 =======================================
================= Test Set =================
The acc is 0.8716, 0.8288, 0.8823
Time Consumption for one epoch is 135.2308714389801s
======================================= Epoch 10 =======================================
================= Test Set =================
+++++++++++ Find New Best Min ACC +++++++++++
The acc is 0.8728, 0.8296, 0.8836
Time Consumption for one epoch is 134.20126485824585s
======================================= Epoch 11 =======================================
================= Test Set =================
The acc is 0.8728, 0.8296, 0.8836
Time Consumption for one epoch is 134.50887179374695s
======================================= Epoch 12 =======================================
================= Test Set =================
The acc is 0.8728, 0.8296, 0.8836
Time Consumption for one epoch is 133.8145031929016s
======================================= Epoch 13 =======================================
================= Test Set =================
The acc is 0.8728, 0.8296, 0.8836
Time Consumption for one epoch is 134.8746600151062s
======================================= Epoch 14 =======================================
================= Test Set =================
The acc is 0.8728, 0.8296, 0.8836
Time Consumption for one epoch is 131.7936007976532s
======================================= Epoch 15 =======================================
================= Test Set =================
The acc is 0.8728, 0.8296, 0.8836
Time Consumption for one epoch is 134.73532843589783s
======================================= Epoch 16 =======================================
================= Test Set =================
+++++++++++ Find New Best Min ACC +++++++++++
The acc is 0.8747, 0.8352, 0.8845
Time Consumption for one epoch is 134.6870641708374s
======================================= Epoch 17 =======================================
================= Test Set =================
+++++++++++ Find New Best Min ACC +++++++++++
The acc is 0.8776, 0.8364, 0.8879
Time Consumption for one epoch is 135.81557512283325s
======================================= Epoch 18 =======================================
================= Test Set =================
The acc is 0.8776, 0.8364, 0.8879
Time Consumption for one epoch is 133.96463680267334s
======================================= Epoch 19 =======================================
================= Test Set =================
+++++++++++ Find New Best Min ACC +++++++++++
The acc is 0.8790, 0.8348, 0.8901
Time Consumption for one epoch is 134.40280556678772s
The final acc is 0.8790, 0.8348, 0.8901
