Namespace(data_dir='/data/yihua/dataset/celeba/celeba.hdf5', result_dir='results', checkpoint=None, resume=False, domain_attrs='Male', target_attrs='Blond_Hair', exp_name=None, batch_size=512, lr=0.0001, wd=2e-05, epochs=20, seed=2020, num_workers=8, arch='resnet9', evaluate=False, gv=0.05, gr=0.1)
======================================= Epoch 0 =======================================
================= Test Set =================
+++++++++++ Find New Best Min ACC +++++++++++
The acc is 0.6778, 0.6056, 0.6958
Time Consumption for one epoch is 31.050096035003662s
======================================= Epoch 1 =======================================
================= Test Set =================
+++++++++++ Find New Best Min ACC +++++++++++
The acc is 0.8128, 0.7333, 0.8326
Time Consumption for one epoch is 26.711833715438843s
======================================= Epoch 2 =======================================
================= Test Set =================
+++++++++++ Find New Best Min ACC +++++++++++
The acc is 0.8883, 0.8694, 0.8931
Time Consumption for one epoch is 25.76593279838562s
======================================= Epoch 3 =======================================
================= Test Set =================
+++++++++++ Find New Best Min ACC +++++++++++
The acc is 0.9017, 0.8583, 0.9125
Time Consumption for one epoch is 24.317883014678955s
======================================= Epoch 4 =======================================
================= Test Set =================
The acc is 0.9017, 0.8583, 0.9125
Time Consumption for one epoch is 26.56785774230957s
======================================= Epoch 5 =======================================
================= Test Set =================
+++++++++++ Find New Best Min ACC +++++++++++
The acc is 0.9061, 0.8917, 0.9097
Time Consumption for one epoch is 26.361456394195557s
======================================= Epoch 6 =======================================
================= Test Set =================
+++++++++++ Find New Best Min ACC +++++++++++
The acc is 0.9083, 0.8889, 0.9132
Time Consumption for one epoch is 27.462545156478882s
======================================= Epoch 7 =======================================
================= Test Set =================
+++++++++++ Find New Best Min ACC +++++++++++
The acc is 0.9167, 0.9028, 0.9201
Time Consumption for one epoch is 27.354069709777832s
======================================= Epoch 8 =======================================
================= Test Set =================
The acc is 0.9167, 0.9028, 0.9201
Time Consumption for one epoch is 24.58849859237671s
======================================= Epoch 9 =======================================
================= Test Set =================
The acc is 0.9167, 0.9028, 0.9201
Time Consumption for one epoch is 27.734835147857666s
======================================= Epoch 10 =======================================
================= Test Set =================
The acc is 0.9167, 0.9028, 0.9201
Time Consumption for one epoch is 27.009596347808838s
======================================= Epoch 11 =======================================
================= Test Set =================
The acc is 0.9167, 0.9028, 0.9201
Time Consumption for one epoch is 25.676050662994385s
======================================= Epoch 12 =======================================
================= Test Set =================
The acc is 0.9167, 0.9028, 0.9201
Time Consumption for one epoch is 26.79493236541748s
======================================= Epoch 13 =======================================
================= Test Set =================
The acc is 0.9167, 0.9028, 0.9201
Time Consumption for one epoch is 26.726922035217285s
======================================= Epoch 14 =======================================
================= Test Set =================
The acc is 0.9167, 0.9028, 0.9201
Time Consumption for one epoch is 24.761013746261597s
======================================= Epoch 15 =======================================
================= Test Set =================
The acc is 0.9167, 0.9028, 0.9201
Time Consumption for one epoch is 27.177748680114746s
======================================= Epoch 16 =======================================
================= Test Set =================
+++++++++++ Find New Best Min ACC +++++++++++
The acc is 0.9206, 0.9083, 0.9236
Time Consumption for one epoch is 27.223618984222412s
======================================= Epoch 17 =======================================
================= Test Set =================
+++++++++++ Find New Best Min ACC +++++++++++
The acc is 0.9239, 0.9139, 0.9264
Time Consumption for one epoch is 28.33459997177124s
======================================= Epoch 18 =======================================
================= Test Set =================
The acc is 0.9239, 0.9139, 0.9264
Time Consumption for one epoch is 26.19747018814087s
======================================= Epoch 19 =======================================
================= Test Set =================
The acc is 0.9239, 0.9139, 0.9264
Time Consumption for one epoch is 26.81534218788147s
The final acc is 0.9239, 0.9139, 0.9264
