Namespace(data_dir='/data/yihua/dataset/celeba/celeba.hdf5', result_dir='results', checkpoint=None, resume=False, domain_attrs='Male', target_attrs='Heavy_Makeup', exp_name=None, batch_size=512, lr=0.0001, wd=2e-05, epochs=20, seed=2023, num_workers=8, arch='resnet9', evaluate=False, gv=0.1, gr=0.3)
======================================= Epoch 0 =======================================
================= Test Set =================
+++++++++++ Find New Best Min ACC +++++++++++
The acc is 0.5000, 0.5000, 0.5000
Time Consumption for one epoch is 9.803308010101318s
======================================= Epoch 1 =======================================
================= Test Set =================
The acc is 0.5000, 0.5000, 0.5000
Time Consumption for one epoch is 7.734769344329834s
======================================= Epoch 2 =======================================
================= Test Set =================
The acc is 0.5000, 0.5000, 0.5000
Time Consumption for one epoch is 7.227235555648804s
======================================= Epoch 3 =======================================
================= Test Set =================
The acc is 0.5000, 0.5000, 0.5000
Time Consumption for one epoch is 7.91659951210022s
======================================= Epoch 4 =======================================
================= Test Set =================
+++++++++++ Find New Best Min ACC +++++++++++
The acc is 0.5045, 0.5227, 0.5000
Time Consumption for one epoch is 8.147464990615845s
======================================= Epoch 5 =======================================
================= Test Set =================
The acc is 0.5045, 0.5227, 0.5000
Time Consumption for one epoch is 9.309072971343994s
======================================= Epoch 6 =======================================
================= Test Set =================
The acc is 0.5045, 0.5227, 0.5000
Time Consumption for one epoch is 8.064969778060913s
======================================= Epoch 7 =======================================
================= Test Set =================
+++++++++++ Find New Best Min ACC +++++++++++
The acc is 0.5545, 0.5000, 0.5682
Time Consumption for one epoch is 7.390461444854736s
======================================= Epoch 8 =======================================
================= Test Set =================
+++++++++++ Find New Best Min ACC +++++++++++
The acc is 0.6273, 0.5455, 0.6477
Time Consumption for one epoch is 7.2733659744262695s
======================================= Epoch 9 =======================================
================= Test Set =================
+++++++++++ Find New Best Min ACC +++++++++++
The acc is 0.6409, 0.5455, 0.6648
Time Consumption for one epoch is 7.781293869018555s
======================================= Epoch 10 =======================================
================= Test Set =================
The acc is 0.6409, 0.5455, 0.6648
Time Consumption for one epoch is 8.542500734329224s
======================================= Epoch 11 =======================================
================= Test Set =================
+++++++++++ Find New Best Min ACC +++++++++++
The acc is 0.6500, 0.5000, 0.6875
Time Consumption for one epoch is 8.146986722946167s
======================================= Epoch 12 =======================================
================= Test Set =================
The acc is 0.6500, 0.5000, 0.6875
Time Consumption for one epoch is 7.538570404052734s
======================================= Epoch 13 =======================================
================= Test Set =================
+++++++++++ Find New Best Min ACC +++++++++++
The acc is 0.6545, 0.5000, 0.6932
Time Consumption for one epoch is 8.00942063331604s
======================================= Epoch 14 =======================================
================= Test Set =================
+++++++++++ Find New Best Min ACC +++++++++++
The acc is 0.6864, 0.6818, 0.6875
Time Consumption for one epoch is 8.500489950180054s
======================================= Epoch 15 =======================================
================= Test Set =================
The acc is 0.6864, 0.6818, 0.6875
Time Consumption for one epoch is 8.454082489013672s
======================================= Epoch 16 =======================================
================= Test Set =================
+++++++++++ Find New Best Min ACC +++++++++++
The acc is 0.6909, 0.5682, 0.7216
Time Consumption for one epoch is 9.700752973556519s
======================================= Epoch 17 =======================================
================= Test Set =================
+++++++++++ Find New Best Min ACC +++++++++++
The acc is 0.7000, 0.5682, 0.7330
Time Consumption for one epoch is 8.855028867721558s
======================================= Epoch 18 =======================================
================= Test Set =================
The acc is 0.7000, 0.5682, 0.7330
Time Consumption for one epoch is 7.5524866580963135s
======================================= Epoch 19 =======================================
================= Test Set =================
The acc is 0.7000, 0.5682, 0.7330
Time Consumption for one epoch is 7.830825567245483s
The final acc is 0.7000, 0.5682, 0.7330
