Namespace(data_dir='/data/yihua/dataset/celeba/celeba.hdf5', result_dir='results', checkpoint=None, resume=False, domain_attrs='Male', target_attrs='Heavy_Makeup', exp_name=None, batch_size=512, lr=0.0001, wd=2e-05, epochs=20, seed=2023, num_workers=8, arch='resnet9', evaluate=False, gv=0.1, gr=0.5)
======================================= Epoch 0 =======================================
================= Test Set =================
+++++++++++ Find New Best Min ACC +++++++++++
The acc is 0.5000, 0.5000, 0.5000
Time Consumption for one epoch is 8.635279893875122s
======================================= Epoch 1 =======================================
================= Test Set =================
The acc is 0.5000, 0.5000, 0.5000
Time Consumption for one epoch is 9.7588529586792s
======================================= Epoch 2 =======================================
================= Test Set =================
The acc is 0.5000, 0.5000, 0.5000
Time Consumption for one epoch is 8.989550828933716s
======================================= Epoch 3 =======================================
================= Test Set =================
The acc is 0.5000, 0.5000, 0.5000
Time Consumption for one epoch is 7.642332315444946s
======================================= Epoch 4 =======================================
================= Test Set =================
+++++++++++ Find New Best Min ACC +++++++++++
The acc is 0.5045, 0.5227, 0.5000
Time Consumption for one epoch is 8.402473449707031s
======================================= Epoch 5 =======================================
================= Test Set =================
The acc is 0.5045, 0.5227, 0.5000
Time Consumption for one epoch is 8.847875356674194s
======================================= Epoch 6 =======================================
================= Test Set =================
The acc is 0.5045, 0.5227, 0.5000
Time Consumption for one epoch is 9.465984582901001s
======================================= Epoch 7 =======================================
================= Test Set =================
+++++++++++ Find New Best Min ACC +++++++++++
The acc is 0.5727, 0.5909, 0.5682
Time Consumption for one epoch is 9.792925357818604s
======================================= Epoch 8 =======================================
================= Test Set =================
+++++++++++ Find New Best Min ACC +++++++++++
The acc is 0.6318, 0.5455, 0.6534
Time Consumption for one epoch is 8.369801759719849s
======================================= Epoch 9 =======================================
================= Test Set =================
The acc is 0.6318, 0.5455, 0.6534
Time Consumption for one epoch is 8.721543788909912s
======================================= Epoch 10 =======================================
================= Test Set =================
+++++++++++ Find New Best Min ACC +++++++++++
The acc is 0.6409, 0.5227, 0.6705
Time Consumption for one epoch is 9.897103071212769s
======================================= Epoch 11 =======================================
================= Test Set =================
+++++++++++ Find New Best Min ACC +++++++++++
The acc is 0.6500, 0.5455, 0.6761
Time Consumption for one epoch is 9.063087701797485s
======================================= Epoch 12 =======================================
================= Test Set =================
The acc is 0.6500, 0.5455, 0.6761
Time Consumption for one epoch is 7.567438840866089s
======================================= Epoch 13 =======================================
================= Test Set =================
The acc is 0.6500, 0.5455, 0.6761
Time Consumption for one epoch is 8.537031173706055s
======================================= Epoch 14 =======================================
================= Test Set =================
+++++++++++ Find New Best Min ACC +++++++++++
The acc is 0.6545, 0.6364, 0.6591
Time Consumption for one epoch is 7.487928152084351s
======================================= Epoch 15 =======================================
================= Test Set =================
+++++++++++ Find New Best Min ACC +++++++++++
The acc is 0.6864, 0.6136, 0.7045
Time Consumption for one epoch is 7.93126106262207s
======================================= Epoch 16 =======================================
================= Test Set =================
+++++++++++ Find New Best Min ACC +++++++++++
The acc is 0.7000, 0.6818, 0.7045
Time Consumption for one epoch is 8.766205549240112s
======================================= Epoch 17 =======================================
================= Test Set =================
The acc is 0.7000, 0.6818, 0.7045
Time Consumption for one epoch is 9.111793279647827s
======================================= Epoch 18 =======================================
================= Test Set =================
+++++++++++ Find New Best Min ACC +++++++++++
The acc is 0.7045, 0.6364, 0.7216
Time Consumption for one epoch is 9.519558906555176s
======================================= Epoch 19 =======================================
================= Test Set =================
The acc is 0.7045, 0.6364, 0.7216
Time Consumption for one epoch is 10.174172163009644s
The final acc is 0.7045, 0.6364, 0.7216
