Namespace(data_dir='/data/yihua/dataset/celeba/celeba.hdf5', result_dir='results', checkpoint=None, resume=False, domain_attrs='Male', target_attrs='Heavy_Makeup', exp_name=None, batch_size=512, lr=0.0001, wd=2e-05, epochs=20, seed=2020, num_workers=8, arch='resnet9', evaluate=False, gv=0.0001, gr=0.1)
======================================= Epoch 0 =======================================
================= Test Set =================
+++++++++++ Find New Best Min ACC +++++++++++
The acc is 0.5000, 0.5000, 0.5000
Time Consumption for one epoch is 8.65382695198059s
======================================= Epoch 1 =======================================
================= Test Set =================
The acc is 0.5000, 0.5000, 0.5000
Time Consumption for one epoch is 8.829812288284302s
======================================= Epoch 2 =======================================
================= Test Set =================
The acc is 0.5000, 0.5000, 0.5000
Time Consumption for one epoch is 7.67154598236084s
======================================= Epoch 3 =======================================
================= Test Set =================
The acc is 0.5000, 0.5000, 0.5000
Time Consumption for one epoch is 7.505107402801514s
======================================= Epoch 4 =======================================
================= Test Set =================
The acc is 0.5000, 0.5000, 0.5000
Time Consumption for one epoch is 9.406370639801025s
======================================= Epoch 5 =======================================
================= Test Set =================
The acc is 0.5000, 0.5000, 0.5000
Time Consumption for one epoch is 8.973522424697876s
======================================= Epoch 6 =======================================
================= Test Set =================
+++++++++++ Find New Best Min ACC +++++++++++
The acc is 0.5182, 0.5000, 0.5227
Time Consumption for one epoch is 8.696579933166504s
======================================= Epoch 7 =======================================
================= Test Set =================
+++++++++++ Find New Best Min ACC +++++++++++
The acc is 0.5773, 0.4545, 0.6080
Time Consumption for one epoch is 8.354053020477295s
======================================= Epoch 8 =======================================
================= Test Set =================
The acc is 0.5773, 0.4545, 0.6080
Time Consumption for one epoch is 9.276569366455078s
======================================= Epoch 9 =======================================
================= Test Set =================
The acc is 0.5773, 0.4545, 0.6080
Time Consumption for one epoch is 7.849384784698486s
======================================= Epoch 10 =======================================
================= Test Set =================
The acc is 0.5773, 0.4545, 0.6080
Time Consumption for one epoch is 8.557761430740356s
======================================= Epoch 11 =======================================
================= Test Set =================
+++++++++++ Find New Best Min ACC +++++++++++
The acc is 0.6182, 0.5000, 0.6477
Time Consumption for one epoch is 10.20515751838684s
======================================= Epoch 12 =======================================
================= Test Set =================
+++++++++++ Find New Best Min ACC +++++++++++
The acc is 0.6273, 0.5455, 0.6477
Time Consumption for one epoch is 8.95584487915039s
======================================= Epoch 13 =======================================
================= Test Set =================
The acc is 0.6273, 0.5455, 0.6477
Time Consumption for one epoch is 9.915841579437256s
======================================= Epoch 14 =======================================
================= Test Set =================
+++++++++++ Find New Best Min ACC +++++++++++
The acc is 0.6545, 0.5909, 0.6705
Time Consumption for one epoch is 9.522879362106323s
======================================= Epoch 15 =======================================
================= Test Set =================
The acc is 0.6545, 0.5909, 0.6705
Time Consumption for one epoch is 7.9636335372924805s
======================================= Epoch 16 =======================================
================= Test Set =================
The acc is 0.6545, 0.5909, 0.6705
Time Consumption for one epoch is 9.265032052993774s
======================================= Epoch 17 =======================================
================= Test Set =================
The acc is 0.6545, 0.5909, 0.6705
Time Consumption for one epoch is 8.273378133773804s
======================================= Epoch 18 =======================================
================= Test Set =================
+++++++++++ Find New Best Min ACC +++++++++++
The acc is 0.6636, 0.5682, 0.6875
Time Consumption for one epoch is 8.545355558395386s
======================================= Epoch 19 =======================================
================= Test Set =================
The acc is 0.6636, 0.5682, 0.6875
Time Consumption for one epoch is 9.13519549369812s
The final acc is 0.6636, 0.5682, 0.6875
