Namespace(data_dir='/data/yihua/dataset/celeba/celeba.hdf5', result_dir='rotation_study', checkpoint=None, resume=False, domain_attrs='Male', target_attrs='Blond_Hair', exp_name=None, batch_size=512, lr=0.0001, wd=2e-05, epochs=20, seed=2020, num_workers=8, arch='resnet9', evaluate=False, total_num=5000, test_num=1000, gv=60.0, gr=0.5, minor_ratio=0.2, add_aug='rotation')
======================================= Epoch 0 =======================================
================= Test Set =================
+++++++++++ Find New Best Min ACC +++++++++++
The acc is 0.4624, 0.4186, 0.5000
Time Consumption for one epoch is 16.246768712997437s
======================================= Epoch 1 =======================================
================= Test Set =================
+++++++++++ Find New Best Min ACC +++++++++++
The acc is 0.4656, 0.4209, 0.5040
Time Consumption for one epoch is 14.551459312438965s
======================================= Epoch 2 =======================================
================= Test Set =================
+++++++++++ Find New Best Min ACC +++++++++++
The acc is 0.6774, 0.6395, 0.7100
Time Consumption for one epoch is 14.506290197372437s
======================================= Epoch 3 =======================================
================= Test Set =================
+++++++++++ Find New Best Min ACC +++++++++++
The acc is 0.7914, 0.7698, 0.8100
Time Consumption for one epoch is 15.109396696090698s
======================================= Epoch 4 =======================================
================= Test Set =================
+++++++++++ Find New Best Min ACC +++++++++++
The acc is 0.8075, 0.7581, 0.8500
Time Consumption for one epoch is 14.836313962936401s
======================================= Epoch 5 =======================================
================= Test Set =================
+++++++++++ Find New Best Min ACC +++++++++++
The acc is 0.8645, 0.8349, 0.8900
Time Consumption for one epoch is 15.47863221168518s
======================================= Epoch 6 =======================================
================= Test Set =================
The acc is 0.8645, 0.8349, 0.8900
Time Consumption for one epoch is 15.013890504837036s
======================================= Epoch 7 =======================================
================= Test Set =================
+++++++++++ Find New Best Min ACC +++++++++++
The acc is 0.8871, 0.8721, 0.9000
Time Consumption for one epoch is 15.066436767578125s
======================================= Epoch 8 =======================================
================= Test Set =================
+++++++++++ Find New Best Min ACC +++++++++++
The acc is 0.8882, 0.8791, 0.8960
Time Consumption for one epoch is 14.770739078521729s
======================================= Epoch 9 =======================================
================= Test Set =================
The acc is 0.8882, 0.8791, 0.8960
Time Consumption for one epoch is 14.137770175933838s
======================================= Epoch 10 =======================================
================= Test Set =================
+++++++++++ Find New Best Min ACC +++++++++++
The acc is 0.8989, 0.8791, 0.9160
Time Consumption for one epoch is 14.521722793579102s
======================================= Epoch 11 =======================================
================= Test Set =================
+++++++++++ Find New Best Min ACC +++++++++++
The acc is 0.9043, 0.8907, 0.9160
Time Consumption for one epoch is 15.199655532836914s
======================================= Epoch 12 =======================================
================= Test Set =================
The acc is 0.9043, 0.8907, 0.9160
Time Consumption for one epoch is 14.336473941802979s
======================================= Epoch 13 =======================================
================= Test Set =================
The acc is 0.9043, 0.8907, 0.9160
Time Consumption for one epoch is 14.431000709533691s
======================================= Epoch 14 =======================================
================= Test Set =================
The acc is 0.9043, 0.8907, 0.9160
Time Consumption for one epoch is 14.920812606811523s
======================================= Epoch 15 =======================================
================= Test Set =================
The acc is 0.9043, 0.8907, 0.9160
Time Consumption for one epoch is 14.773512363433838s
======================================= Epoch 16 =======================================
================= Test Set =================
The acc is 0.9043, 0.8907, 0.9160
Time Consumption for one epoch is 14.473953247070312s
======================================= Epoch 17 =======================================
================= Test Set =================
The acc is 0.9043, 0.8907, 0.9160
Time Consumption for one epoch is 14.864256858825684s
======================================= Epoch 18 =======================================
================= Test Set =================
The acc is 0.9043, 0.8907, 0.9160
Time Consumption for one epoch is 15.164584159851074s
======================================= Epoch 19 =======================================
================= Test Set =================
The acc is 0.9043, 0.8907, 0.9160
Time Consumption for one epoch is 13.853396654129028s
The final acc is 0.9043, 0.8907, 0.9160
