Namespace(data_dir='/data/yihua/dataset/celeba/celeba.hdf5', result_dir='results', checkpoint=None, resume=False, domain_attrs='Male', target_attrs='Heavy_Makeup', exp_name=None, batch_size=512, lr=0.0001, wd=2e-05, epochs=20, seed=2021, num_workers=8, arch='resnet9', evaluate=False, gv=1e-06, gr=0.3)
======================================= Epoch 0 =======================================
================= Test Set =================
+++++++++++ Find New Best Min ACC +++++++++++
The acc is 0.5000, 0.5000, 0.5000
Time Consumption for one epoch is 8.759739875793457s
======================================= Epoch 1 =======================================
================= Test Set =================
The acc is 0.5000, 0.5000, 0.5000
Time Consumption for one epoch is 8.85854196548462s
======================================= Epoch 2 =======================================
================= Test Set =================
+++++++++++ Find New Best Min ACC +++++++++++
The acc is 0.5045, 0.5227, 0.5000
Time Consumption for one epoch is 8.827152490615845s
======================================= Epoch 3 =======================================
================= Test Set =================
The acc is 0.5045, 0.5227, 0.5000
Time Consumption for one epoch is 8.319923877716064s
======================================= Epoch 4 =======================================
================= Test Set =================
The acc is 0.5045, 0.5227, 0.5000
Time Consumption for one epoch is 9.907177448272705s
======================================= Epoch 5 =======================================
================= Test Set =================
The acc is 0.5045, 0.5227, 0.5000
Time Consumption for one epoch is 8.960773468017578s
======================================= Epoch 6 =======================================
================= Test Set =================
The acc is 0.5045, 0.5227, 0.5000
Time Consumption for one epoch is 8.050325393676758s
======================================= Epoch 7 =======================================
================= Test Set =================
The acc is 0.5045, 0.5227, 0.5000
Time Consumption for one epoch is 9.734146118164062s
======================================= Epoch 8 =======================================
================= Test Set =================
+++++++++++ Find New Best Min ACC +++++++++++
The acc is 0.5136, 0.5000, 0.5170
Time Consumption for one epoch is 8.760289669036865s
======================================= Epoch 9 =======================================
================= Test Set =================
+++++++++++ Find New Best Min ACC +++++++++++
The acc is 0.5273, 0.4773, 0.5398
Time Consumption for one epoch is 8.559905767440796s
======================================= Epoch 10 =======================================
================= Test Set =================
+++++++++++ Find New Best Min ACC +++++++++++
The acc is 0.6500, 0.5682, 0.6705
Time Consumption for one epoch is 9.618000030517578s
======================================= Epoch 11 =======================================
================= Test Set =================
The acc is 0.6500, 0.5682, 0.6705
Time Consumption for one epoch is 8.302107334136963s
======================================= Epoch 12 =======================================
================= Test Set =================
The acc is 0.6500, 0.5682, 0.6705
Time Consumption for one epoch is 8.772928237915039s
======================================= Epoch 13 =======================================
================= Test Set =================
+++++++++++ Find New Best Min ACC +++++++++++
The acc is 0.6773, 0.5682, 0.7045
Time Consumption for one epoch is 8.828328132629395s
======================================= Epoch 14 =======================================
================= Test Set =================
+++++++++++ Find New Best Min ACC +++++++++++
The acc is 0.7273, 0.6818, 0.7386
Time Consumption for one epoch is 9.211421728134155s
======================================= Epoch 15 =======================================
================= Test Set =================
The acc is 0.7273, 0.6818, 0.7386
Time Consumption for one epoch is 9.182359218597412s
======================================= Epoch 16 =======================================
================= Test Set =================
The acc is 0.7273, 0.6818, 0.7386
Time Consumption for one epoch is 9.56852674484253s
======================================= Epoch 17 =======================================
================= Test Set =================
The acc is 0.7273, 0.6818, 0.7386
Time Consumption for one epoch is 8.307465076446533s
======================================= Epoch 18 =======================================
================= Test Set =================
The acc is 0.7273, 0.6818, 0.7386
Time Consumption for one epoch is 10.753347635269165s
======================================= Epoch 19 =======================================
================= Test Set =================
The acc is 0.7273, 0.6818, 0.7386
Time Consumption for one epoch is 8.87061619758606s
The final acc is 0.7273, 0.6818, 0.7386
