Namespace(data_dir='/data/yihua/dataset/celeba/celeba.hdf5', result_dir='rotation_study', checkpoint=None, resume=False, domain_attrs='Male', target_attrs='Blond_Hair', exp_name=None, batch_size=512, lr=0.0001, wd=2e-05, epochs=20, seed=2020, num_workers=8, arch='resnet9', evaluate=False, total_num=5000, test_num=1000, gv=120.0, gr=0.3, minor_ratio=0.2, add_aug='rotation')
======================================= Epoch 0 =======================================
================= Test Set =================
+++++++++++ Find New Best Min ACC +++++++++++
The acc is 0.4624, 0.4186, 0.5000
Time Consumption for one epoch is 16.343744039535522s
======================================= Epoch 1 =======================================
================= Test Set =================
+++++++++++ Find New Best Min ACC +++++++++++
The acc is 0.5258, 0.4581, 0.5840
Time Consumption for one epoch is 14.968453645706177s
======================================= Epoch 2 =======================================
================= Test Set =================
+++++++++++ Find New Best Min ACC +++++++++++
The acc is 0.7591, 0.7372, 0.7780
Time Consumption for one epoch is 14.414426326751709s
======================================= Epoch 3 =======================================
================= Test Set =================
+++++++++++ Find New Best Min ACC +++++++++++
The acc is 0.8344, 0.8047, 0.8600
Time Consumption for one epoch is 14.524857997894287s
======================================= Epoch 4 =======================================
================= Test Set =================
+++++++++++ Find New Best Min ACC +++++++++++
The acc is 0.8430, 0.8116, 0.8700
Time Consumption for one epoch is 14.84074592590332s
======================================= Epoch 5 =======================================
================= Test Set =================
+++++++++++ Find New Best Min ACC +++++++++++
The acc is 0.8688, 0.8395, 0.8940
Time Consumption for one epoch is 15.007519006729126s
======================================= Epoch 6 =======================================
================= Test Set =================
The acc is 0.8688, 0.8395, 0.8940
Time Consumption for one epoch is 14.549049854278564s
======================================= Epoch 7 =======================================
================= Test Set =================
The acc is 0.8688, 0.8395, 0.8940
Time Consumption for one epoch is 14.928584575653076s
======================================= Epoch 8 =======================================
================= Test Set =================
The acc is 0.8688, 0.8395, 0.8940
Time Consumption for one epoch is 14.27024793624878s
======================================= Epoch 9 =======================================
================= Test Set =================
The acc is 0.8688, 0.8395, 0.8940
Time Consumption for one epoch is 14.364542245864868s
======================================= Epoch 10 =======================================
================= Test Set =================
+++++++++++ Find New Best Min ACC +++++++++++
The acc is 0.8796, 0.8605, 0.8960
Time Consumption for one epoch is 14.601917505264282s
======================================= Epoch 11 =======================================
================= Test Set =================
The acc is 0.8796, 0.8605, 0.8960
Time Consumption for one epoch is 14.557735681533813s
======================================= Epoch 12 =======================================
================= Test Set =================
+++++++++++ Find New Best Min ACC +++++++++++
The acc is 0.8806, 0.8698, 0.8900
Time Consumption for one epoch is 14.355737686157227s
======================================= Epoch 13 =======================================
================= Test Set =================
The acc is 0.8806, 0.8698, 0.8900
Time Consumption for one epoch is 14.637143850326538s
======================================= Epoch 14 =======================================
================= Test Set =================
+++++++++++ Find New Best Min ACC +++++++++++
The acc is 0.8892, 0.8721, 0.9040
Time Consumption for one epoch is 14.214879274368286s
======================================= Epoch 15 =======================================
================= Test Set =================
+++++++++++ Find New Best Min ACC +++++++++++
The acc is 0.8957, 0.8721, 0.9160
Time Consumption for one epoch is 14.42044711112976s
======================================= Epoch 16 =======================================
================= Test Set =================
+++++++++++ Find New Best Min ACC +++++++++++
The acc is 0.8989, 0.8791, 0.9160
Time Consumption for one epoch is 14.711004495620728s
======================================= Epoch 17 =======================================
================= Test Set =================
The acc is 0.8989, 0.8791, 0.9160
Time Consumption for one epoch is 14.69623613357544s
======================================= Epoch 18 =======================================
================= Test Set =================
The acc is 0.8989, 0.8791, 0.9160
Time Consumption for one epoch is 14.610189437866211s
======================================= Epoch 19 =======================================
================= Test Set =================
The acc is 0.8989, 0.8791, 0.9160
Time Consumption for one epoch is 13.914291143417358s
The final acc is 0.8989, 0.8791, 0.9160
