Namespace(data_dir='/data/yihua/dataset/celeba/celeba.hdf5', result_dir='results', checkpoint=None, resume=False, domain_attrs='Male', target_attrs='Blond_Hair', exp_name=None, batch_size=512, lr=0.0001, wd=2e-05, epochs=20, seed=2021, num_workers=8, arch='resnet9', evaluate=False, gv=1.0, gr=0.5)
======================================= Epoch 0 =======================================
================= Test Set =================
+++++++++++ Find New Best Min ACC +++++++++++
The acc is 0.8489, 0.8139, 0.8576
Time Consumption for one epoch is 27.52570652961731s
======================================= Epoch 1 =======================================
================= Test Set =================
+++++++++++ Find New Best Min ACC +++++++++++
The acc is 0.8639, 0.8444, 0.8688
Time Consumption for one epoch is 26.212464809417725s
======================================= Epoch 2 =======================================
================= Test Set =================
The acc is 0.8639, 0.8444, 0.8688
Time Consumption for one epoch is 24.980220079421997s
======================================= Epoch 3 =======================================
================= Test Set =================
+++++++++++ Find New Best Min ACC +++++++++++
The acc is 0.8861, 0.8361, 0.8986
Time Consumption for one epoch is 25.935617446899414s
======================================= Epoch 4 =======================================
================= Test Set =================
+++++++++++ Find New Best Min ACC +++++++++++
The acc is 0.9022, 0.8667, 0.9111
Time Consumption for one epoch is 24.082597970962524s
======================================= Epoch 5 =======================================
================= Test Set =================
+++++++++++ Find New Best Min ACC +++++++++++
The acc is 0.9061, 0.8944, 0.9090
Time Consumption for one epoch is 26.55323624610901s
======================================= Epoch 6 =======================================
================= Test Set =================
The acc is 0.9061, 0.8944, 0.9090
Time Consumption for one epoch is 25.1909019947052s
======================================= Epoch 7 =======================================
================= Test Set =================
The acc is 0.9061, 0.8944, 0.9090
Time Consumption for one epoch is 25.89677596092224s
======================================= Epoch 8 =======================================
================= Test Set =================
+++++++++++ Find New Best Min ACC +++++++++++
The acc is 0.9139, 0.8889, 0.9201
Time Consumption for one epoch is 24.8832950592041s
======================================= Epoch 9 =======================================
================= Test Set =================
The acc is 0.9139, 0.8889, 0.9201
Time Consumption for one epoch is 25.000109910964966s
======================================= Epoch 10 =======================================
================= Test Set =================
The acc is 0.9139, 0.8889, 0.9201
Time Consumption for one epoch is 26.042353868484497s
======================================= Epoch 11 =======================================
================= Test Set =================
The acc is 0.9139, 0.8889, 0.9201
Time Consumption for one epoch is 25.488678455352783s
======================================= Epoch 12 =======================================
================= Test Set =================
The acc is 0.9139, 0.8889, 0.9201
Time Consumption for one epoch is 26.118979930877686s
======================================= Epoch 13 =======================================
================= Test Set =================
The acc is 0.9139, 0.8889, 0.9201
Time Consumption for one epoch is 26.316627025604248s
======================================= Epoch 14 =======================================
================= Test Set =================
+++++++++++ Find New Best Min ACC +++++++++++
The acc is 0.9150, 0.9028, 0.9181
Time Consumption for one epoch is 27.015236139297485s
======================================= Epoch 15 =======================================
================= Test Set =================
The acc is 0.9150, 0.9028, 0.9181
Time Consumption for one epoch is 26.020945072174072s
======================================= Epoch 16 =======================================
================= Test Set =================
+++++++++++ Find New Best Min ACC +++++++++++
The acc is 0.9178, 0.9028, 0.9215
Time Consumption for one epoch is 25.776939153671265s
======================================= Epoch 17 =======================================
================= Test Set =================
The acc is 0.9178, 0.9028, 0.9215
Time Consumption for one epoch is 25.36084794998169s
======================================= Epoch 18 =======================================
================= Test Set =================
The acc is 0.9178, 0.9028, 0.9215
Time Consumption for one epoch is 24.6696994304657s
======================================= Epoch 19 =======================================
================= Test Set =================
The acc is 0.9178, 0.9028, 0.9215
Time Consumption for one epoch is 25.11140513420105s
The final acc is 0.9178, 0.9028, 0.9215
