Namespace(data_dir='/data/yihua/dataset/celeba/celeba.hdf5', result_dir='results', checkpoint=None, resume=False, domain_attrs='Male', target_attrs='Heavy_Makeup', exp_name=None, batch_size=512, lr=0.0001, wd=2e-05, epochs=20, seed=42, num_workers=8, arch='resnet9', evaluate=False, gv=0.2, gr=0.3)
======================================= Epoch 0 =======================================
================= Test Set =================
+++++++++++ Find New Best Min ACC +++++++++++
The acc is 0.5000, 0.5000, 0.5000
Time Consumption for one epoch is 10.670578002929688s
======================================= Epoch 1 =======================================
================= Test Set =================
The acc is 0.5000, 0.5000, 0.5000
Time Consumption for one epoch is 8.695048570632935s
======================================= Epoch 2 =======================================
================= Test Set =================
The acc is 0.5000, 0.5000, 0.5000
Time Consumption for one epoch is 8.69195032119751s
======================================= Epoch 3 =======================================
================= Test Set =================
The acc is 0.5000, 0.5000, 0.5000
Time Consumption for one epoch is 8.247562408447266s
======================================= Epoch 4 =======================================
================= Test Set =================
The acc is 0.5000, 0.5000, 0.5000
Time Consumption for one epoch is 9.406524658203125s
======================================= Epoch 5 =======================================
================= Test Set =================
+++++++++++ Find New Best Min ACC +++++++++++
The acc is 0.5091, 0.5000, 0.5114
Time Consumption for one epoch is 8.939385890960693s
======================================= Epoch 6 =======================================
================= Test Set =================
+++++++++++ Find New Best Min ACC +++++++++++
The acc is 0.5318, 0.5227, 0.5341
Time Consumption for one epoch is 7.730040550231934s
======================================= Epoch 7 =======================================
================= Test Set =================
+++++++++++ Find New Best Min ACC +++++++++++
The acc is 0.5955, 0.5000, 0.6193
Time Consumption for one epoch is 8.041092157363892s
======================================= Epoch 8 =======================================
================= Test Set =================
+++++++++++ Find New Best Min ACC +++++++++++
The acc is 0.6182, 0.5227, 0.6420
Time Consumption for one epoch is 7.989664077758789s
======================================= Epoch 9 =======================================
================= Test Set =================
+++++++++++ Find New Best Min ACC +++++++++++
The acc is 0.6864, 0.5682, 0.7159
Time Consumption for one epoch is 10.046979427337646s
======================================= Epoch 10 =======================================
================= Test Set =================
The acc is 0.6864, 0.5682, 0.7159
Time Consumption for one epoch is 7.972471475601196s
======================================= Epoch 11 =======================================
================= Test Set =================
The acc is 0.6864, 0.5682, 0.7159
Time Consumption for one epoch is 7.572740077972412s
======================================= Epoch 12 =======================================
================= Test Set =================
+++++++++++ Find New Best Min ACC +++++++++++
The acc is 0.7000, 0.5909, 0.7273
Time Consumption for one epoch is 7.829368829727173s
======================================= Epoch 13 =======================================
================= Test Set =================
The acc is 0.7000, 0.5909, 0.7273
Time Consumption for one epoch is 7.83777642250061s
======================================= Epoch 14 =======================================
================= Test Set =================
The acc is 0.7000, 0.5909, 0.7273
Time Consumption for one epoch is 8.565602779388428s
======================================= Epoch 15 =======================================
================= Test Set =================
The acc is 0.7000, 0.5909, 0.7273
Time Consumption for one epoch is 7.969495058059692s
======================================= Epoch 16 =======================================
================= Test Set =================
The acc is 0.7000, 0.5909, 0.7273
Time Consumption for one epoch is 8.556977987289429s
======================================= Epoch 17 =======================================
================= Test Set =================
The acc is 0.7000, 0.5909, 0.7273
Time Consumption for one epoch is 8.437628269195557s
======================================= Epoch 18 =======================================
================= Test Set =================
The acc is 0.7000, 0.5909, 0.7273
Time Consumption for one epoch is 8.691443681716919s
======================================= Epoch 19 =======================================
================= Test Set =================
The acc is 0.7000, 0.5909, 0.7273
Time Consumption for one epoch is 8.898253440856934s
The final acc is 0.7000, 0.5909, 0.7273
