Namespace(data_dir='/data/yihua/dataset/celeba/celeba.hdf5', result_dir='rotation_study', checkpoint=None, resume=False, domain_attrs='Male', target_attrs='Blond_Hair', exp_name=None, batch_size=512, lr=0.0001, wd=2e-05, epochs=20, seed=2021, num_workers=8, arch='resnet9', evaluate=False, total_num=5000, test_num=1000, gv=60.0, gr=0.3, minor_ratio=0.2, add_aug='rotation')
======================================= Epoch 0 =======================================
================= Test Set =================
+++++++++++ Find New Best Min ACC +++++++++++
The acc is 0.4624, 0.4186, 0.5000
Time Consumption for one epoch is 16.44526720046997s
======================================= Epoch 1 =======================================
================= Test Set =================
The acc is 0.4624, 0.4186, 0.5000
Time Consumption for one epoch is 14.206271886825562s
======================================= Epoch 2 =======================================
================= Test Set =================
+++++++++++ Find New Best Min ACC +++++++++++
The acc is 0.7000, 0.6628, 0.7320
Time Consumption for one epoch is 14.079667329788208s
======================================= Epoch 3 =======================================
================= Test Set =================
+++++++++++ Find New Best Min ACC +++++++++++
The acc is 0.7774, 0.7465, 0.8040
Time Consumption for one epoch is 14.710578441619873s
======================================= Epoch 4 =======================================
================= Test Set =================
+++++++++++ Find New Best Min ACC +++++++++++
The acc is 0.8355, 0.8140, 0.8540
Time Consumption for one epoch is 14.327579021453857s
======================================= Epoch 5 =======================================
================= Test Set =================
+++++++++++ Find New Best Min ACC +++++++++++
The acc is 0.8398, 0.7977, 0.8760
Time Consumption for one epoch is 14.130718231201172s
======================================= Epoch 6 =======================================
================= Test Set =================
The acc is 0.8398, 0.7977, 0.8760
Time Consumption for one epoch is 14.116183996200562s
======================================= Epoch 7 =======================================
================= Test Set =================
+++++++++++ Find New Best Min ACC +++++++++++
The acc is 0.8516, 0.8256, 0.8740
Time Consumption for one epoch is 14.495063304901123s
======================================= Epoch 8 =======================================
================= Test Set =================
+++++++++++ Find New Best Min ACC +++++++++++
The acc is 0.8753, 0.8419, 0.9040
Time Consumption for one epoch is 14.306761741638184s
======================================= Epoch 9 =======================================
================= Test Set =================
The acc is 0.8753, 0.8419, 0.9040
Time Consumption for one epoch is 14.138252973556519s
======================================= Epoch 10 =======================================
================= Test Set =================
+++++++++++ Find New Best Min ACC +++++++++++
The acc is 0.8860, 0.8651, 0.9040
Time Consumption for one epoch is 14.765711545944214s
======================================= Epoch 11 =======================================
================= Test Set =================
The acc is 0.8860, 0.8651, 0.9040
Time Consumption for one epoch is 14.655811548233032s
======================================= Epoch 12 =======================================
================= Test Set =================
The acc is 0.8860, 0.8651, 0.9040
Time Consumption for one epoch is 14.272542476654053s
======================================= Epoch 13 =======================================
================= Test Set =================
The acc is 0.8860, 0.8651, 0.9040
Time Consumption for one epoch is 14.436215162277222s
======================================= Epoch 14 =======================================
================= Test Set =================
+++++++++++ Find New Best Min ACC +++++++++++
The acc is 0.8925, 0.8721, 0.9100
Time Consumption for one epoch is 15.105910778045654s
======================================= Epoch 15 =======================================
================= Test Set =================
The acc is 0.8925, 0.8721, 0.9100
Time Consumption for one epoch is 14.230149507522583s
======================================= Epoch 16 =======================================
================= Test Set =================
The acc is 0.8925, 0.8721, 0.9100
Time Consumption for one epoch is 14.698219299316406s
======================================= Epoch 17 =======================================
================= Test Set =================
The acc is 0.8925, 0.8721, 0.9100
Time Consumption for one epoch is 14.88068151473999s
======================================= Epoch 18 =======================================
================= Test Set =================
The acc is 0.8925, 0.8721, 0.9100
Time Consumption for one epoch is 14.371720314025879s
======================================= Epoch 19 =======================================
================= Test Set =================
The acc is 0.8925, 0.8721, 0.9100
Time Consumption for one epoch is 14.419833421707153s
The final acc is 0.8925, 0.8721, 0.9100
