Namespace(data_dir='/data/yihua/dataset/celeba/celeba.hdf5', result_dir='crop_study', checkpoint=None, resume=False, domain_attrs='Male', target_attrs='Blond_Hair', exp_name=None, batch_size=512, lr=0.0001, wd=2e-05, epochs=20, seed=2022, num_workers=8, arch='resnet9', evaluate=False, total_num=5000, test_num=1000, gv=140.0, gr=0.5, minor_ratio=0.2, add_aug='crop')
======================================= Epoch 0 =======================================
================= Test Set =================
+++++++++++ Find New Best Min ACC +++++++++++
The acc is 0.4624, 0.4186, 0.5000
Time Consumption for one epoch is 17.31368398666382s
======================================= Epoch 1 =======================================
================= Test Set =================
The acc is 0.4624, 0.4186, 0.5000
Time Consumption for one epoch is 14.432574987411499s
======================================= Epoch 2 =======================================
================= Test Set =================
+++++++++++ Find New Best Min ACC +++++++++++
The acc is 0.5086, 0.4419, 0.5660
Time Consumption for one epoch is 14.66861081123352s
======================================= Epoch 3 =======================================
================= Test Set =================
+++++++++++ Find New Best Min ACC +++++++++++
The acc is 0.7742, 0.7256, 0.8160
Time Consumption for one epoch is 14.508439540863037s
======================================= Epoch 4 =======================================
================= Test Set =================
+++++++++++ Find New Best Min ACC +++++++++++
The acc is 0.8505, 0.8302, 0.8680
Time Consumption for one epoch is 14.5987868309021s
======================================= Epoch 5 =======================================
================= Test Set =================
+++++++++++ Find New Best Min ACC +++++++++++
The acc is 0.8731, 0.8558, 0.8880
Time Consumption for one epoch is 15.051867008209229s
======================================= Epoch 6 =======================================
================= Test Set =================
+++++++++++ Find New Best Min ACC +++++++++++
The acc is 0.8871, 0.8628, 0.9080
Time Consumption for one epoch is 15.01176929473877s
======================================= Epoch 7 =======================================
================= Test Set =================
The acc is 0.8871, 0.8628, 0.9080
Time Consumption for one epoch is 14.669244527816772s
======================================= Epoch 8 =======================================
================= Test Set =================
The acc is 0.8871, 0.8628, 0.9080
Time Consumption for one epoch is 14.52977728843689s
======================================= Epoch 9 =======================================
================= Test Set =================
The acc is 0.8871, 0.8628, 0.9080
Time Consumption for one epoch is 14.50586199760437s
======================================= Epoch 10 =======================================
================= Test Set =================
The acc is 0.8871, 0.8628, 0.9080
Time Consumption for one epoch is 14.145169496536255s
======================================= Epoch 11 =======================================
================= Test Set =================
+++++++++++ Find New Best Min ACC +++++++++++
The acc is 0.9000, 0.8907, 0.9080
Time Consumption for one epoch is 14.365645408630371s
======================================= Epoch 12 =======================================
================= Test Set =================
The acc is 0.9000, 0.8907, 0.9080
Time Consumption for one epoch is 14.273610353469849s
======================================= Epoch 13 =======================================
================= Test Set =================
The acc is 0.9000, 0.8907, 0.9080
Time Consumption for one epoch is 13.963792324066162s
======================================= Epoch 14 =======================================
================= Test Set =================
The acc is 0.9000, 0.8907, 0.9080
Time Consumption for one epoch is 14.657428741455078s
======================================= Epoch 15 =======================================
================= Test Set =================
The acc is 0.9000, 0.8907, 0.9080
Time Consumption for one epoch is 14.311973571777344s
======================================= Epoch 16 =======================================
================= Test Set =================
The acc is 0.9000, 0.8907, 0.9080
Time Consumption for one epoch is 13.496870994567871s
======================================= Epoch 17 =======================================
================= Test Set =================
+++++++++++ Find New Best Min ACC +++++++++++
The acc is 0.9011, 0.8977, 0.9040
Time Consumption for one epoch is 14.646999835968018s
======================================= Epoch 18 =======================================
================= Test Set =================
+++++++++++ Find New Best Min ACC +++++++++++
The acc is 0.9022, 0.8930, 0.9100
Time Consumption for one epoch is 15.214141368865967s
======================================= Epoch 19 =======================================
================= Test Set =================
The acc is 0.9022, 0.8930, 0.9100
Time Consumption for one epoch is 14.891573429107666s
The final acc is 0.9022, 0.8930, 0.9100
