Namespace(data_dir='/data/yihua/dataset/celeba/celeba.hdf5', result_dir='results', checkpoint=None, resume=False, domain_attrs='Male', target_attrs='Blond_Hair', exp_name=None, batch_size=512, lr=0.0001, wd=2e-05, epochs=20, seed=2021, num_workers=8, arch='resnet9', evaluate=False, gv=0.001, gr=0.3)
======================================= Epoch 0 =======================================
================= Test Set =================
+++++++++++ Find New Best Min ACC +++++++++++
The acc is 0.5889, 0.5389, 0.6014
Time Consumption for one epoch is 26.439887046813965s
======================================= Epoch 1 =======================================
================= Test Set =================
+++++++++++ Find New Best Min ACC +++++++++++
The acc is 0.8811, 0.8528, 0.8882
Time Consumption for one epoch is 24.862720727920532s
======================================= Epoch 2 =======================================
================= Test Set =================
The acc is 0.8811, 0.8528, 0.8882
Time Consumption for one epoch is 25.53072953224182s
======================================= Epoch 3 =======================================
================= Test Set =================
+++++++++++ Find New Best Min ACC +++++++++++
The acc is 0.8906, 0.8389, 0.9035
Time Consumption for one epoch is 24.849353790283203s
======================================= Epoch 4 =======================================
================= Test Set =================
The acc is 0.8906, 0.8389, 0.9035
Time Consumption for one epoch is 24.013816118240356s
======================================= Epoch 5 =======================================
================= Test Set =================
+++++++++++ Find New Best Min ACC +++++++++++
The acc is 0.9094, 0.8833, 0.9160
Time Consumption for one epoch is 24.51296830177307s
======================================= Epoch 6 =======================================
================= Test Set =================
+++++++++++ Find New Best Min ACC +++++++++++
The acc is 0.9150, 0.8833, 0.9229
Time Consumption for one epoch is 23.68707823753357s
======================================= Epoch 7 =======================================
================= Test Set =================
The acc is 0.9150, 0.8833, 0.9229
Time Consumption for one epoch is 24.879060983657837s
======================================= Epoch 8 =======================================
================= Test Set =================
The acc is 0.9150, 0.8833, 0.9229
Time Consumption for one epoch is 25.43915295600891s
======================================= Epoch 9 =======================================
================= Test Set =================
The acc is 0.9150, 0.8833, 0.9229
Time Consumption for one epoch is 24.064579010009766s
======================================= Epoch 10 =======================================
================= Test Set =================
The acc is 0.9150, 0.8833, 0.9229
Time Consumption for one epoch is 25.014012575149536s
======================================= Epoch 11 =======================================
================= Test Set =================
The acc is 0.9150, 0.8833, 0.9229
Time Consumption for one epoch is 25.147123336791992s
======================================= Epoch 12 =======================================
================= Test Set =================
The acc is 0.9150, 0.8833, 0.9229
Time Consumption for one epoch is 25.844798803329468s
======================================= Epoch 13 =======================================
================= Test Set =================
The acc is 0.9150, 0.8833, 0.9229
Time Consumption for one epoch is 24.961657285690308s
======================================= Epoch 14 =======================================
================= Test Set =================
The acc is 0.9150, 0.8833, 0.9229
Time Consumption for one epoch is 24.03199005126953s
======================================= Epoch 15 =======================================
================= Test Set =================
The acc is 0.9150, 0.8833, 0.9229
Time Consumption for one epoch is 23.735564708709717s
======================================= Epoch 16 =======================================
================= Test Set =================
+++++++++++ Find New Best Min ACC +++++++++++
The acc is 0.9178, 0.8972, 0.9229
Time Consumption for one epoch is 25.37206196784973s
======================================= Epoch 17 =======================================
================= Test Set =================
The acc is 0.9178, 0.8972, 0.9229
Time Consumption for one epoch is 23.87690234184265s
======================================= Epoch 18 =======================================
================= Test Set =================
The acc is 0.9178, 0.8972, 0.9229
Time Consumption for one epoch is 23.724895477294922s
======================================= Epoch 19 =======================================
================= Test Set =================
+++++++++++ Find New Best Min ACC +++++++++++
The acc is 0.9189, 0.8944, 0.9250
Time Consumption for one epoch is 25.725752592086792s
The final acc is 0.9189, 0.8944, 0.9250
