Namespace(data_dir='/data/yihua/dataset/celeba/celeba.hdf5', result_dir='rotation_study', checkpoint=None, resume=False, domain_attrs='Male', target_attrs='Blond_Hair', exp_name=None, batch_size=512, lr=0.0001, wd=2e-05, epochs=20, seed=2021, num_workers=8, arch='resnet9', evaluate=False, total_num=5000, test_num=1000, gv=120.0, gr=0.1, minor_ratio=0.2, add_aug='rotation')
======================================= Epoch 0 =======================================
================= Test Set =================
+++++++++++ Find New Best Min ACC +++++++++++
The acc is 0.4624, 0.4186, 0.5000
Time Consumption for one epoch is 16.432599544525146s
======================================= Epoch 1 =======================================
================= Test Set =================
The acc is 0.4624, 0.4186, 0.5000
Time Consumption for one epoch is 14.179306268692017s
======================================= Epoch 2 =======================================
================= Test Set =================
+++++++++++ Find New Best Min ACC +++++++++++
The acc is 0.6215, 0.5674, 0.6680
Time Consumption for one epoch is 14.256654024124146s
======================================= Epoch 3 =======================================
================= Test Set =================
+++++++++++ Find New Best Min ACC +++++++++++
The acc is 0.6570, 0.6605, 0.6540
Time Consumption for one epoch is 14.074386596679688s
======================================= Epoch 4 =======================================
================= Test Set =================
+++++++++++ Find New Best Min ACC +++++++++++
The acc is 0.7774, 0.7488, 0.8020
Time Consumption for one epoch is 14.526620864868164s
======================================= Epoch 5 =======================================
================= Test Set =================
+++++++++++ Find New Best Min ACC +++++++++++
The acc is 0.8484, 0.8256, 0.8680
Time Consumption for one epoch is 14.243556261062622s
======================================= Epoch 6 =======================================
================= Test Set =================
+++++++++++ Find New Best Min ACC +++++++++++
The acc is 0.8720, 0.8535, 0.8880
Time Consumption for one epoch is 14.880393505096436s
======================================= Epoch 7 =======================================
================= Test Set =================
+++++++++++ Find New Best Min ACC +++++++++++
The acc is 0.8763, 0.8488, 0.9000
Time Consumption for one epoch is 14.166757822036743s
======================================= Epoch 8 =======================================
================= Test Set =================
+++++++++++ Find New Best Min ACC +++++++++++
The acc is 0.8849, 0.8628, 0.9040
Time Consumption for one epoch is 14.397912502288818s
======================================= Epoch 9 =======================================
================= Test Set =================
The acc is 0.8849, 0.8628, 0.9040
Time Consumption for one epoch is 14.23735761642456s
======================================= Epoch 10 =======================================
================= Test Set =================
The acc is 0.8849, 0.8628, 0.9040
Time Consumption for one epoch is 14.264806032180786s
======================================= Epoch 11 =======================================
================= Test Set =================
The acc is 0.8849, 0.8628, 0.9040
Time Consumption for one epoch is 13.75496792793274s
======================================= Epoch 12 =======================================
================= Test Set =================
The acc is 0.8849, 0.8628, 0.9040
Time Consumption for one epoch is 14.107619524002075s
======================================= Epoch 13 =======================================
================= Test Set =================
The acc is 0.8849, 0.8628, 0.9040
Time Consumption for one epoch is 14.208814859390259s
======================================= Epoch 14 =======================================
================= Test Set =================
The acc is 0.8849, 0.8628, 0.9040
Time Consumption for one epoch is 14.153357028961182s
======================================= Epoch 15 =======================================
================= Test Set =================
The acc is 0.8849, 0.8628, 0.9040
Time Consumption for one epoch is 14.010621309280396s
======================================= Epoch 16 =======================================
================= Test Set =================
+++++++++++ Find New Best Min ACC +++++++++++
The acc is 0.8882, 0.8721, 0.9020
Time Consumption for one epoch is 14.166149854660034s
======================================= Epoch 17 =======================================
================= Test Set =================
+++++++++++ Find New Best Min ACC +++++++++++
The acc is 0.8914, 0.8744, 0.9060
Time Consumption for one epoch is 14.352791547775269s
======================================= Epoch 18 =======================================
================= Test Set =================
The acc is 0.8914, 0.8744, 0.9060
Time Consumption for one epoch is 13.533873796463013s
======================================= Epoch 19 =======================================
================= Test Set =================
+++++++++++ Find New Best Min ACC +++++++++++
The acc is 0.8935, 0.8791, 0.9060
Time Consumption for one epoch is 14.213749408721924s
The final acc is 0.8935, 0.8791, 0.9060
