Namespace(data_dir='/data/yihua/dataset/celeba/celeba.hdf5', result_dir='results', checkpoint=None, resume=False, domain_attrs='Male', target_attrs='Blond_Hair', exp_name=None, batch_size=512, lr=0.0001, wd=2e-05, epochs=20, seed=2020, num_workers=8, arch='resnet9', evaluate=False, gv=0.1, gr=0.1)
======================================= Epoch 0 =======================================
================= Test Set =================
+++++++++++ Find New Best Min ACC +++++++++++
The acc is 0.7389, 0.6722, 0.7556
Time Consumption for one epoch is 26.09145736694336s
======================================= Epoch 1 =======================================
================= Test Set =================
+++++++++++ Find New Best Min ACC +++++++++++
The acc is 0.8156, 0.7417, 0.8340
Time Consumption for one epoch is 23.72556209564209s
======================================= Epoch 2 =======================================
================= Test Set =================
+++++++++++ Find New Best Min ACC +++++++++++
The acc is 0.8878, 0.8583, 0.8951
Time Consumption for one epoch is 25.037318468093872s
======================================= Epoch 3 =======================================
================= Test Set =================
+++++++++++ Find New Best Min ACC +++++++++++
The acc is 0.9017, 0.8583, 0.9125
Time Consumption for one epoch is 24.207781314849854s
======================================= Epoch 4 =======================================
================= Test Set =================
The acc is 0.9017, 0.8583, 0.9125
Time Consumption for one epoch is 24.005159854888916s
======================================= Epoch 5 =======================================
================= Test Set =================
+++++++++++ Find New Best Min ACC +++++++++++
The acc is 0.9072, 0.8861, 0.9125
Time Consumption for one epoch is 23.69580316543579s
======================================= Epoch 6 =======================================
================= Test Set =================
+++++++++++ Find New Best Min ACC +++++++++++
The acc is 0.9128, 0.8917, 0.9181
Time Consumption for one epoch is 23.681793451309204s
======================================= Epoch 7 =======================================
================= Test Set =================
+++++++++++ Find New Best Min ACC +++++++++++
The acc is 0.9183, 0.9083, 0.9208
Time Consumption for one epoch is 24.967114686965942s
======================================= Epoch 8 =======================================
================= Test Set =================
The acc is 0.9183, 0.9083, 0.9208
Time Consumption for one epoch is 23.606256008148193s
======================================= Epoch 9 =======================================
================= Test Set =================
The acc is 0.9183, 0.9083, 0.9208
Time Consumption for one epoch is 22.814838647842407s
======================================= Epoch 10 =======================================
================= Test Set =================
The acc is 0.9183, 0.9083, 0.9208
Time Consumption for one epoch is 23.86189866065979s
======================================= Epoch 11 =======================================
================= Test Set =================
The acc is 0.9183, 0.9083, 0.9208
Time Consumption for one epoch is 23.482236623764038s
======================================= Epoch 12 =======================================
================= Test Set =================
The acc is 0.9183, 0.9083, 0.9208
Time Consumption for one epoch is 21.854363441467285s
======================================= Epoch 13 =======================================
================= Test Set =================
The acc is 0.9183, 0.9083, 0.9208
Time Consumption for one epoch is 22.766509532928467s
======================================= Epoch 14 =======================================
================= Test Set =================
The acc is 0.9183, 0.9083, 0.9208
Time Consumption for one epoch is 23.832589626312256s
======================================= Epoch 15 =======================================
================= Test Set =================
The acc is 0.9183, 0.9083, 0.9208
Time Consumption for one epoch is 23.521443605422974s
======================================= Epoch 16 =======================================
================= Test Set =================
+++++++++++ Find New Best Min ACC +++++++++++
The acc is 0.9244, 0.9167, 0.9264
Time Consumption for one epoch is 23.20476984977722s
======================================= Epoch 17 =======================================
================= Test Set =================
The acc is 0.9244, 0.9167, 0.9264
Time Consumption for one epoch is 23.691939115524292s
======================================= Epoch 18 =======================================
================= Test Set =================
The acc is 0.9244, 0.9167, 0.9264
Time Consumption for one epoch is 24.12881112098694s
======================================= Epoch 19 =======================================
================= Test Set =================
The acc is 0.9244, 0.9167, 0.9264
Time Consumption for one epoch is 23.836180686950684s
The final acc is 0.9244, 0.9167, 0.9264
