Namespace(data_dir='/data/yihua/dataset/celeba/celeba.hdf5', result_dir='crop_study', checkpoint=None, resume=False, domain_attrs='Male', target_attrs='Blond_Hair', exp_name=None, batch_size=512, lr=0.0001, wd=2e-05, epochs=20, seed=2021, num_workers=8, arch='resnet18', evaluate=False, total_num=5000, test_num=1000, gv=160.0, gr=0.3, minor_ratio=0.2, add_aug='crop')
======================================= Epoch 0 =======================================
================= Test Set =================
+++++++++++ Find New Best Min ACC +++++++++++
The acc is 0.6903, 0.6512, 0.7240
Time Consumption for one epoch is 21.974852561950684s
======================================= Epoch 1 =======================================
================= Test Set =================
The acc is 0.6903, 0.6512, 0.7240
Time Consumption for one epoch is 19.439059019088745s
======================================= Epoch 2 =======================================
================= Test Set =================
The acc is 0.6903, 0.6512, 0.7240
Time Consumption for one epoch is 20.188380479812622s
======================================= Epoch 3 =======================================
================= Test Set =================
The acc is 0.6903, 0.6512, 0.7240
Time Consumption for one epoch is 20.016152143478394s
======================================= Epoch 4 =======================================
================= Test Set =================
The acc is 0.6903, 0.6512, 0.7240
Time Consumption for one epoch is 19.564740657806396s
======================================= Epoch 5 =======================================
================= Test Set =================
+++++++++++ Find New Best Min ACC +++++++++++
The acc is 0.8430, 0.8116, 0.8700
Time Consumption for one epoch is 20.913360834121704s
======================================= Epoch 6 =======================================
================= Test Set =================
+++++++++++ Find New Best Min ACC +++++++++++
The acc is 0.8828, 0.8651, 0.8980
Time Consumption for one epoch is 19.351695775985718s
======================================= Epoch 7 =======================================
================= Test Set =================
The acc is 0.8828, 0.8651, 0.8980
Time Consumption for one epoch is 19.456161499023438s
======================================= Epoch 8 =======================================
================= Test Set =================
The acc is 0.8828, 0.8651, 0.8980
Time Consumption for one epoch is 20.310689687728882s
======================================= Epoch 9 =======================================
================= Test Set =================
The acc is 0.8828, 0.8651, 0.8980
Time Consumption for one epoch is 20.583617210388184s
======================================= Epoch 10 =======================================
================= Test Set =================
+++++++++++ Find New Best Min ACC +++++++++++
The acc is 0.8860, 0.8721, 0.8980
Time Consumption for one epoch is 19.533695220947266s
======================================= Epoch 11 =======================================
================= Test Set =================
The acc is 0.8860, 0.8721, 0.8980
Time Consumption for one epoch is 21.33614468574524s
======================================= Epoch 12 =======================================
================= Test Set =================
The acc is 0.8860, 0.8721, 0.8980
Time Consumption for one epoch is 20.29753065109253s
======================================= Epoch 13 =======================================
================= Test Set =================
The acc is 0.8860, 0.8721, 0.8980
Time Consumption for one epoch is 20.43721842765808s
======================================= Epoch 14 =======================================
================= Test Set =================
The acc is 0.8860, 0.8721, 0.8980
Time Consumption for one epoch is 19.99491786956787s
======================================= Epoch 15 =======================================
================= Test Set =================
The acc is 0.8860, 0.8721, 0.8980
Time Consumption for one epoch is 20.030361652374268s
======================================= Epoch 16 =======================================
================= Test Set =================
+++++++++++ Find New Best Min ACC +++++++++++
The acc is 0.9000, 0.8837, 0.9140
Time Consumption for one epoch is 19.983549118041992s
======================================= Epoch 17 =======================================
================= Test Set =================
The acc is 0.9000, 0.8837, 0.9140
Time Consumption for one epoch is 21.671616077423096s
======================================= Epoch 18 =======================================
================= Test Set =================
The acc is 0.9000, 0.8837, 0.9140
Time Consumption for one epoch is 19.26351022720337s
======================================= Epoch 19 =======================================
================= Test Set =================
The acc is 0.9000, 0.8837, 0.9140
Time Consumption for one epoch is 20.138246536254883s
The final acc is 0.9000, 0.8837, 0.9140
