Namespace(data_dir='/data/yihua/dataset/celeba/celeba.hdf5', result_dir='results', checkpoint=None, resume=False, domain_attrs='Male', target_attrs='Blond_Hair', exp_name=None, batch_size=512, lr=0.0001, wd=2e-05, epochs=20, seed=2021, num_workers=8, arch='resnet9', evaluate=False, gv=1e-05, gr=0.5)
======================================= Epoch 0 =======================================
================= Test Set =================
+++++++++++ Find New Best Min ACC +++++++++++
The acc is 0.6200, 0.5833, 0.6292
Time Consumption for one epoch is 28.317469120025635s
======================================= Epoch 1 =======================================
================= Test Set =================
+++++++++++ Find New Best Min ACC +++++++++++
The acc is 0.8839, 0.8556, 0.8910
Time Consumption for one epoch is 26.04390001296997s
======================================= Epoch 2 =======================================
================= Test Set =================
The acc is 0.8839, 0.8556, 0.8910
Time Consumption for one epoch is 24.03241229057312s
======================================= Epoch 3 =======================================
================= Test Set =================
The acc is 0.8839, 0.8556, 0.8910
Time Consumption for one epoch is 25.98975443840027s
======================================= Epoch 4 =======================================
================= Test Set =================
+++++++++++ Find New Best Min ACC +++++++++++
The acc is 0.9033, 0.8861, 0.9076
Time Consumption for one epoch is 24.83209228515625s
======================================= Epoch 5 =======================================
================= Test Set =================
The acc is 0.9033, 0.8861, 0.9076
Time Consumption for one epoch is 25.618147373199463s
======================================= Epoch 6 =======================================
================= Test Set =================
The acc is 0.9033, 0.8861, 0.9076
Time Consumption for one epoch is 25.565539360046387s
======================================= Epoch 7 =======================================
================= Test Set =================
+++++++++++ Find New Best Min ACC +++++++++++
The acc is 0.9111, 0.8806, 0.9187
Time Consumption for one epoch is 25.41657567024231s
======================================= Epoch 8 =======================================
================= Test Set =================
The acc is 0.9111, 0.8806, 0.9187
Time Consumption for one epoch is 25.44607925415039s
======================================= Epoch 9 =======================================
================= Test Set =================
The acc is 0.9111, 0.8806, 0.9187
Time Consumption for one epoch is 25.133716344833374s
======================================= Epoch 10 =======================================
================= Test Set =================
+++++++++++ Find New Best Min ACC +++++++++++
The acc is 0.9172, 0.9056, 0.9201
Time Consumption for one epoch is 25.655315399169922s
======================================= Epoch 11 =======================================
================= Test Set =================
The acc is 0.9172, 0.9056, 0.9201
Time Consumption for one epoch is 26.27343440055847s
======================================= Epoch 12 =======================================
================= Test Set =================
The acc is 0.9172, 0.9056, 0.9201
Time Consumption for one epoch is 26.6550395488739s
======================================= Epoch 13 =======================================
================= Test Set =================
The acc is 0.9172, 0.9056, 0.9201
Time Consumption for one epoch is 25.158524751663208s
======================================= Epoch 14 =======================================
================= Test Set =================
The acc is 0.9172, 0.9056, 0.9201
Time Consumption for one epoch is 24.93634557723999s
======================================= Epoch 15 =======================================
================= Test Set =================
The acc is 0.9172, 0.9056, 0.9201
Time Consumption for one epoch is 26.082804918289185s
======================================= Epoch 16 =======================================
================= Test Set =================
+++++++++++ Find New Best Min ACC +++++++++++
The acc is 0.9200, 0.9111, 0.9222
Time Consumption for one epoch is 24.98050022125244s
======================================= Epoch 17 =======================================
================= Test Set =================
+++++++++++ Find New Best Min ACC +++++++++++
The acc is 0.9217, 0.9028, 0.9264
Time Consumption for one epoch is 26.033575296401978s
======================================= Epoch 18 =======================================
================= Test Set =================
The acc is 0.9217, 0.9028, 0.9264
Time Consumption for one epoch is 25.40997838973999s
======================================= Epoch 19 =======================================
================= Test Set =================
+++++++++++ Find New Best Min ACC +++++++++++
The acc is 0.9228, 0.9028, 0.9278
Time Consumption for one epoch is 26.184210538864136s
The final acc is 0.9228, 0.9028, 0.9278
