Namespace(data_dir='/data/yihua/dataset/celeba/celeba.hdf5', result_dir='results', checkpoint=None, resume=False, domain_attrs='Male', target_attrs='High_Cheekbones', exp_name=None, batch_size=512, lr=0.0001, wd=2e-05, epochs=20, seed=42, num_workers=8, arch='resnet18', evaluate=False, gv=0.05, gr=0.3)
======================================= Epoch 0 =======================================
================= Test Set =================
+++++++++++ Find New Best Min ACC +++++++++++
The acc is 0.83, 0.79, 0.84
Time Consumption for one epoch is 270.3665430545807s
======================================= Epoch 1 =======================================
================= Test Set =================
+++++++++++ Find New Best Min ACC +++++++++++
The acc is 0.83, 0.79, 0.84
Time Consumption for one epoch is 268.3715600967407s
======================================= Epoch 2 =======================================
================= Test Set =================
+++++++++++ Find New Best Min ACC +++++++++++
The acc is 0.86, 0.81, 0.87
Time Consumption for one epoch is 267.88360261917114s
======================================= Epoch 3 =======================================
================= Test Set =================
+++++++++++ Find New Best Min ACC +++++++++++
The acc is 0.87, 0.82, 0.88
Time Consumption for one epoch is 268.1081690788269s
======================================= Epoch 4 =======================================
================= Test Set =================
The acc is 0.87, 0.82, 0.88
Time Consumption for one epoch is 267.15634870529175s
======================================= Epoch 5 =======================================
================= Test Set =================
The acc is 0.87, 0.82, 0.88
Time Consumption for one epoch is 266.839679479599s
======================================= Epoch 6 =======================================
================= Test Set =================
+++++++++++ Find New Best Min ACC +++++++++++
The acc is 0.87, 0.82, 0.88
Time Consumption for one epoch is 267.47081565856934s
======================================= Epoch 7 =======================================
================= Test Set =================
The acc is 0.87, 0.82, 0.88
Time Consumption for one epoch is 266.1401631832123s
======================================= Epoch 8 =======================================
================= Test Set =================
The acc is 0.87, 0.82, 0.88
Time Consumption for one epoch is 266.6483356952667s
======================================= Epoch 9 =======================================
================= Test Set =================
+++++++++++ Find New Best Min ACC +++++++++++
The acc is 0.88, 0.83, 0.89
Time Consumption for one epoch is 268.06776762008667s
======================================= Epoch 10 =======================================
================= Test Set =================
The acc is 0.88, 0.83, 0.89
Time Consumption for one epoch is 267.2170934677124s
======================================= Epoch 11 =======================================
================= Test Set =================
The acc is 0.88, 0.83, 0.89
Time Consumption for one epoch is 267.5383861064911s
======================================= Epoch 12 =======================================
================= Test Set =================
The acc is 0.88, 0.83, 0.89
Time Consumption for one epoch is 266.42055678367615s
======================================= Epoch 13 =======================================
================= Test Set =================
The acc is 0.88, 0.83, 0.89
Time Consumption for one epoch is 267.6415238380432s
======================================= Epoch 14 =======================================
================= Test Set =================
The acc is 0.88, 0.83, 0.89
Time Consumption for one epoch is 266.3711824417114s
======================================= Epoch 15 =======================================
================= Test Set =================
The acc is 0.88, 0.83, 0.89
Time Consumption for one epoch is 266.66765666007996s
======================================= Epoch 16 =======================================
================= Test Set =================
+++++++++++ Find New Best Min ACC +++++++++++
The acc is 0.88, 0.84, 0.89
Time Consumption for one epoch is 268.19607067108154s
======================================= Epoch 17 =======================================
================= Test Set =================
The acc is 0.88, 0.84, 0.89
Time Consumption for one epoch is 267.07398414611816s
======================================= Epoch 18 =======================================
================= Test Set =================
The acc is 0.88, 0.84, 0.89
Time Consumption for one epoch is 266.8461570739746s
======================================= Epoch 19 =======================================
================= Test Set =================
The acc is 0.88, 0.84, 0.89
Time Consumption for one epoch is 266.5704941749573s
The final acc is 0.88, 0.84, 0.89
