Namespace(data_dir='/data/yihua/dataset/celeba/celeba.hdf5', result_dir='crop_study', checkpoint=None, resume=False, domain_attrs='Male', target_attrs='Blond_Hair', exp_name=None, batch_size=512, lr=0.0001, wd=2e-05, epochs=20, seed=2020, num_workers=8, arch='resnet9', evaluate=False, total_num=5000, test_num=1000, gv=220.0, gr=0.3, minor_ratio=0.2, add_aug='crop')
======================================= Epoch 0 =======================================
================= Test Set =================
+++++++++++ Find New Best Min ACC +++++++++++
The acc is 0.4624, 0.4186, 0.5000
Time Consumption for one epoch is 16.214285135269165s
======================================= Epoch 1 =======================================
================= Test Set =================
+++++++++++ Find New Best Min ACC +++++++++++
The acc is 0.4645, 0.4209, 0.5020
Time Consumption for one epoch is 14.209202527999878s
======================================= Epoch 2 =======================================
================= Test Set =================
+++++++++++ Find New Best Min ACC +++++++++++
The acc is 0.7473, 0.7186, 0.7720
Time Consumption for one epoch is 14.92518138885498s
======================================= Epoch 3 =======================================
================= Test Set =================
+++++++++++ Find New Best Min ACC +++++++++++
The acc is 0.8301, 0.8070, 0.8500
Time Consumption for one epoch is 14.8462553024292s
======================================= Epoch 4 =======================================
================= Test Set =================
+++++++++++ Find New Best Min ACC +++++++++++
The acc is 0.8355, 0.7953, 0.8700
Time Consumption for one epoch is 14.315010786056519s
======================================= Epoch 5 =======================================
================= Test Set =================
+++++++++++ Find New Best Min ACC +++++++++++
The acc is 0.8806, 0.8558, 0.9020
Time Consumption for one epoch is 14.933245420455933s
======================================= Epoch 6 =======================================
================= Test Set =================
The acc is 0.8806, 0.8558, 0.9020
Time Consumption for one epoch is 14.351975679397583s
======================================= Epoch 7 =======================================
================= Test Set =================
+++++++++++ Find New Best Min ACC +++++++++++
The acc is 0.8860, 0.8767, 0.8940
Time Consumption for one epoch is 14.871477842330933s
======================================= Epoch 8 =======================================
================= Test Set =================
The acc is 0.8860, 0.8767, 0.8940
Time Consumption for one epoch is 14.787740468978882s
======================================= Epoch 9 =======================================
================= Test Set =================
The acc is 0.8860, 0.8767, 0.8940
Time Consumption for one epoch is 14.386343717575073s
======================================= Epoch 10 =======================================
================= Test Set =================
+++++++++++ Find New Best Min ACC +++++++++++
The acc is 0.8892, 0.8837, 0.8940
Time Consumption for one epoch is 14.690386533737183s
======================================= Epoch 11 =======================================
================= Test Set =================
The acc is 0.8892, 0.8837, 0.8940
Time Consumption for one epoch is 14.687353610992432s
======================================= Epoch 12 =======================================
================= Test Set =================
The acc is 0.8892, 0.8837, 0.8940
Time Consumption for one epoch is 14.194580316543579s
======================================= Epoch 13 =======================================
================= Test Set =================
The acc is 0.8892, 0.8837, 0.8940
Time Consumption for one epoch is 14.812645673751831s
======================================= Epoch 14 =======================================
================= Test Set =================
+++++++++++ Find New Best Min ACC +++++++++++
The acc is 0.8903, 0.8721, 0.9060
Time Consumption for one epoch is 14.194890260696411s
======================================= Epoch 15 =======================================
================= Test Set =================
+++++++++++ Find New Best Min ACC +++++++++++
The acc is 0.8925, 0.8744, 0.9080
Time Consumption for one epoch is 14.450186014175415s
======================================= Epoch 16 =======================================
================= Test Set =================
+++++++++++ Find New Best Min ACC +++++++++++
The acc is 0.8989, 0.8860, 0.9100
Time Consumption for one epoch is 14.404559850692749s
======================================= Epoch 17 =======================================
================= Test Set =================
The acc is 0.8989, 0.8860, 0.9100
Time Consumption for one epoch is 14.574216842651367s
======================================= Epoch 18 =======================================
================= Test Set =================
The acc is 0.8989, 0.8860, 0.9100
Time Consumption for one epoch is 14.660205125808716s
======================================= Epoch 19 =======================================
================= Test Set =================
The acc is 0.8989, 0.8860, 0.9100
Time Consumption for one epoch is 14.59703540802002s
The final acc is 0.8989, 0.8860, 0.9100
