Namespace(data_dir='/data/yihua/dataset/celeba/celeba.hdf5', result_dir='crop_study', checkpoint=None, resume=False, domain_attrs='Male', target_attrs='Blond_Hair', exp_name=None, batch_size=512, lr=0.0001, wd=2e-05, epochs=20, seed=2022, num_workers=8, arch='resnet18', evaluate=False, total_num=5000, test_num=1000, gv=160.0, gr=0.5, minor_ratio=0.2, add_aug='crop')
======================================= Epoch 0 =======================================
================= Test Set =================
+++++++++++ Find New Best Min ACC +++++++++++
The acc is 0.5366, 0.5814, 0.4980
Time Consumption for one epoch is 22.566213607788086s
======================================= Epoch 1 =======================================
================= Test Set =================
+++++++++++ Find New Best Min ACC +++++++++++
The acc is 0.5376, 0.5814, 0.5000
Time Consumption for one epoch is 19.805707693099976s
======================================= Epoch 2 =======================================
================= Test Set =================
The acc is 0.5376, 0.5814, 0.5000
Time Consumption for one epoch is 20.824813842773438s
======================================= Epoch 3 =======================================
================= Test Set =================
+++++++++++ Find New Best Min ACC +++++++++++
The acc is 0.5505, 0.6023, 0.5060
Time Consumption for one epoch is 20.787678003311157s
======================================= Epoch 4 =======================================
================= Test Set =================
+++++++++++ Find New Best Min ACC +++++++++++
The acc is 0.7613, 0.7163, 0.8000
Time Consumption for one epoch is 21.28608465194702s
======================================= Epoch 5 =======================================
================= Test Set =================
+++++++++++ Find New Best Min ACC +++++++++++
The acc is 0.8581, 0.8163, 0.8940
Time Consumption for one epoch is 19.95278811454773s
======================================= Epoch 6 =======================================
================= Test Set =================
+++++++++++ Find New Best Min ACC +++++++++++
The acc is 0.8710, 0.8395, 0.8980
Time Consumption for one epoch is 21.85923147201538s
======================================= Epoch 7 =======================================
================= Test Set =================
+++++++++++ Find New Best Min ACC +++++++++++
The acc is 0.8806, 0.8581, 0.9000
Time Consumption for one epoch is 20.731168746948242s
======================================= Epoch 8 =======================================
================= Test Set =================
The acc is 0.8806, 0.8581, 0.9000
Time Consumption for one epoch is 19.95315647125244s
======================================= Epoch 9 =======================================
================= Test Set =================
+++++++++++ Find New Best Min ACC +++++++++++
The acc is 0.8849, 0.8651, 0.9020
Time Consumption for one epoch is 20.669477701187134s
======================================= Epoch 10 =======================================
================= Test Set =================
The acc is 0.8849, 0.8651, 0.9020
Time Consumption for one epoch is 21.981090545654297s
======================================= Epoch 11 =======================================
================= Test Set =================
+++++++++++ Find New Best Min ACC +++++++++++
The acc is 0.8882, 0.8744, 0.9000
Time Consumption for one epoch is 21.165212869644165s
======================================= Epoch 12 =======================================
================= Test Set =================
The acc is 0.8882, 0.8744, 0.9000
Time Consumption for one epoch is 20.811065196990967s
======================================= Epoch 13 =======================================
================= Test Set =================
The acc is 0.8882, 0.8744, 0.9000
Time Consumption for one epoch is 21.36236572265625s
======================================= Epoch 14 =======================================
================= Test Set =================
The acc is 0.8882, 0.8744, 0.9000
Time Consumption for one epoch is 21.384111881256104s
======================================= Epoch 15 =======================================
================= Test Set =================
The acc is 0.8882, 0.8744, 0.9000
Time Consumption for one epoch is 21.943395137786865s
======================================= Epoch 16 =======================================
================= Test Set =================
The acc is 0.8882, 0.8744, 0.9000
Time Consumption for one epoch is 21.608778953552246s
======================================= Epoch 17 =======================================
================= Test Set =================
The acc is 0.8882, 0.8744, 0.9000
Time Consumption for one epoch is 20.404521465301514s
======================================= Epoch 18 =======================================
================= Test Set =================
+++++++++++ Find New Best Min ACC +++++++++++
The acc is 0.8914, 0.8884, 0.8940
Time Consumption for one epoch is 21.025795221328735s
======================================= Epoch 19 =======================================
================= Test Set =================
+++++++++++ Find New Best Min ACC +++++++++++
The acc is 0.8935, 0.8907, 0.8960
Time Consumption for one epoch is 20.59039855003357s
The final acc is 0.8935, 0.8907, 0.8960
