Namespace(data_dir='/data/yihua/dataset/celeba/celeba.hdf5', result_dir='crop_study', checkpoint=None, resume=False, domain_attrs='Male', target_attrs='Blond_Hair', exp_name=None, batch_size=512, lr=0.0001, wd=2e-05, epochs=20, seed=2022, num_workers=8, arch='resnet18', evaluate=False, total_num=5000, test_num=1000, gv=180.0, gr=0.5, minor_ratio=0.2, add_aug='crop')
======================================= Epoch 0 =======================================
================= Test Set =================
+++++++++++ Find New Best Min ACC +++++++++++
The acc is 0.5376, 0.5814, 0.5000
Time Consumption for one epoch is 21.75508213043213s
======================================= Epoch 1 =======================================
================= Test Set =================
The acc is 0.5376, 0.5814, 0.5000
Time Consumption for one epoch is 20.28866219520569s
======================================= Epoch 2 =======================================
================= Test Set =================
The acc is 0.5376, 0.5814, 0.5000
Time Consumption for one epoch is 19.944457292556763s
======================================= Epoch 3 =======================================
================= Test Set =================
+++++++++++ Find New Best Min ACC +++++++++++
The acc is 0.5774, 0.6209, 0.5400
Time Consumption for one epoch is 20.100383043289185s
======================================= Epoch 4 =======================================
================= Test Set =================
+++++++++++ Find New Best Min ACC +++++++++++
The acc is 0.8269, 0.8093, 0.8420
Time Consumption for one epoch is 22.587024927139282s
======================================= Epoch 5 =======================================
================= Test Set =================
+++++++++++ Find New Best Min ACC +++++++++++
The acc is 0.8548, 0.8326, 0.8740
Time Consumption for one epoch is 23.076122999191284s
======================================= Epoch 6 =======================================
================= Test Set =================
+++++++++++ Find New Best Min ACC +++++++++++
The acc is 0.8699, 0.8442, 0.8920
Time Consumption for one epoch is 22.466388702392578s
======================================= Epoch 7 =======================================
================= Test Set =================
The acc is 0.8699, 0.8442, 0.8920
Time Consumption for one epoch is 20.988804817199707s
======================================= Epoch 8 =======================================
================= Test Set =================
+++++++++++ Find New Best Min ACC +++++++++++
The acc is 0.8817, 0.8581, 0.9020
Time Consumption for one epoch is 19.552725315093994s
======================================= Epoch 9 =======================================
================= Test Set =================
The acc is 0.8817, 0.8581, 0.9020
Time Consumption for one epoch is 22.01950693130493s
======================================= Epoch 10 =======================================
================= Test Set =================
The acc is 0.8817, 0.8581, 0.9020
Time Consumption for one epoch is 20.744744300842285s
======================================= Epoch 11 =======================================
================= Test Set =================
The acc is 0.8817, 0.8581, 0.9020
Time Consumption for one epoch is 20.660070180892944s
======================================= Epoch 12 =======================================
================= Test Set =================
The acc is 0.8817, 0.8581, 0.9020
Time Consumption for one epoch is 21.63916802406311s
======================================= Epoch 13 =======================================
================= Test Set =================
The acc is 0.8817, 0.8581, 0.9020
Time Consumption for one epoch is 20.596333026885986s
======================================= Epoch 14 =======================================
================= Test Set =================
+++++++++++ Find New Best Min ACC +++++++++++
The acc is 0.8882, 0.8698, 0.9040
Time Consumption for one epoch is 22.361310720443726s
======================================= Epoch 15 =======================================
================= Test Set =================
+++++++++++ Find New Best Min ACC +++++++++++
The acc is 0.8903, 0.8767, 0.9020
Time Consumption for one epoch is 21.265231370925903s
======================================= Epoch 16 =======================================
================= Test Set =================
+++++++++++ Find New Best Min ACC +++++++++++
The acc is 0.8925, 0.8814, 0.9020
Time Consumption for one epoch is 21.24098253250122s
======================================= Epoch 17 =======================================
================= Test Set =================
+++++++++++ Find New Best Min ACC +++++++++++
The acc is 0.8935, 0.8837, 0.9020
Time Consumption for one epoch is 22.241591691970825s
======================================= Epoch 18 =======================================
================= Test Set =================
+++++++++++ Find New Best Min ACC +++++++++++
The acc is 0.9022, 0.8977, 0.9060
Time Consumption for one epoch is 20.83116054534912s
======================================= Epoch 19 =======================================
================= Test Set =================
+++++++++++ Find New Best Min ACC +++++++++++
The acc is 0.9032, 0.8977, 0.9080
Time Consumption for one epoch is 21.878902673721313s
The final acc is 0.9032, 0.8977, 0.9080
