Namespace(data_dir='/data/yihua/dataset/celeba/celeba.hdf5', result_dir='results', checkpoint=None, resume=False, domain_attrs='Male', target_attrs='Blond_Hair', exp_name=None, batch_size=512, lr=0.0001, wd=2e-05, epochs=20, seed=2022, num_workers=8, arch='resnet18', evaluate=False, gv=1.0, gr=0.3)
======================================= Epoch 0 =======================================
================= Test Set =================
+++++++++++ Find New Best Min ACC +++++++++++
The acc is 0.8111, 0.7806, 0.8187
Time Consumption for one epoch is 46.3683500289917s
======================================= Epoch 1 =======================================
================= Test Set =================
+++++++++++ Find New Best Min ACC +++++++++++
The acc is 0.8672, 0.8000, 0.8840
Time Consumption for one epoch is 43.50559115409851s
======================================= Epoch 2 =======================================
================= Test Set =================
The acc is 0.8672, 0.8000, 0.8840
Time Consumption for one epoch is 43.118804931640625s
======================================= Epoch 3 =======================================
================= Test Set =================
+++++++++++ Find New Best Min ACC +++++++++++
The acc is 0.8889, 0.8694, 0.8938
Time Consumption for one epoch is 43.134499073028564s
======================================= Epoch 4 =======================================
================= Test Set =================
+++++++++++ Find New Best Min ACC +++++++++++
The acc is 0.9083, 0.8917, 0.9125
Time Consumption for one epoch is 43.35920763015747s
======================================= Epoch 5 =======================================
================= Test Set =================
The acc is 0.9083, 0.8917, 0.9125
Time Consumption for one epoch is 43.349339723587036s
======================================= Epoch 6 =======================================
================= Test Set =================
The acc is 0.9083, 0.8917, 0.9125
Time Consumption for one epoch is 44.167627573013306s
======================================= Epoch 7 =======================================
================= Test Set =================
+++++++++++ Find New Best Min ACC +++++++++++
The acc is 0.9167, 0.9028, 0.9201
Time Consumption for one epoch is 42.554078102111816s
======================================= Epoch 8 =======================================
================= Test Set =================
The acc is 0.9167, 0.9028, 0.9201
Time Consumption for one epoch is 43.44183611869812s
======================================= Epoch 9 =======================================
================= Test Set =================
The acc is 0.9167, 0.9028, 0.9201
Time Consumption for one epoch is 41.090275049209595s
======================================= Epoch 10 =======================================
================= Test Set =================
The acc is 0.9167, 0.9028, 0.9201
Time Consumption for one epoch is 43.974820137023926s
======================================= Epoch 11 =======================================
================= Test Set =================
+++++++++++ Find New Best Min ACC +++++++++++
The acc is 0.9183, 0.9194, 0.9181
Time Consumption for one epoch is 43.24850630760193s
======================================= Epoch 12 =======================================
================= Test Set =================
The acc is 0.9183, 0.9194, 0.9181
Time Consumption for one epoch is 42.791528940200806s
======================================= Epoch 13 =======================================
================= Test Set =================
The acc is 0.9183, 0.9194, 0.9181
Time Consumption for one epoch is 42.830599308013916s
======================================= Epoch 14 =======================================
================= Test Set =================
The acc is 0.9183, 0.9194, 0.9181
Time Consumption for one epoch is 43.548282861709595s
======================================= Epoch 15 =======================================
================= Test Set =================
The acc is 0.9183, 0.9194, 0.9181
Time Consumption for one epoch is 42.66019535064697s
======================================= Epoch 16 =======================================
================= Test Set =================
The acc is 0.9183, 0.9194, 0.9181
Time Consumption for one epoch is 42.92471146583557s
======================================= Epoch 17 =======================================
================= Test Set =================
The acc is 0.9183, 0.9194, 0.9181
Time Consumption for one epoch is 43.3509087562561s
======================================= Epoch 18 =======================================
================= Test Set =================
The acc is 0.9183, 0.9194, 0.9181
Time Consumption for one epoch is 42.339871644973755s
======================================= Epoch 19 =======================================
================= Test Set =================
The acc is 0.9183, 0.9194, 0.9181
Time Consumption for one epoch is 42.73547339439392s
The final acc is 0.9183, 0.9194, 0.9181
