Namespace(data_dir='/data/yihua/dataset/celeba/celeba.hdf5', result_dir='results', checkpoint=None, resume=False, domain_attrs='Male', target_attrs='Heavy_Makeup', exp_name=None, batch_size=512, lr=0.0001, wd=2e-05, epochs=20, seed=2021, num_workers=8, arch='resnet9', evaluate=False, gv=0.0001, gr=0.1)
======================================= Epoch 0 =======================================
================= Test Set =================
+++++++++++ Find New Best Min ACC +++++++++++
The acc is 0.5000, 0.5000, 0.5000
Time Consumption for one epoch is 8.944622039794922s
======================================= Epoch 1 =======================================
================= Test Set =================
The acc is 0.5000, 0.5000, 0.5000
Time Consumption for one epoch is 7.787369728088379s
======================================= Epoch 2 =======================================
================= Test Set =================
+++++++++++ Find New Best Min ACC +++++++++++
The acc is 0.5045, 0.5227, 0.5000
Time Consumption for one epoch is 8.285660028457642s
======================================= Epoch 3 =======================================
================= Test Set =================
The acc is 0.5045, 0.5227, 0.5000
Time Consumption for one epoch is 8.738142967224121s
======================================= Epoch 4 =======================================
================= Test Set =================
+++++++++++ Find New Best Min ACC +++++++++++
The acc is 0.5091, 0.5227, 0.5057
Time Consumption for one epoch is 7.540139198303223s
======================================= Epoch 5 =======================================
================= Test Set =================
The acc is 0.5091, 0.5227, 0.5057
Time Consumption for one epoch is 9.058033227920532s
======================================= Epoch 6 =======================================
================= Test Set =================
The acc is 0.5091, 0.5227, 0.5057
Time Consumption for one epoch is 8.954860210418701s
======================================= Epoch 7 =======================================
================= Test Set =================
The acc is 0.5091, 0.5227, 0.5057
Time Consumption for one epoch is 7.510507345199585s
======================================= Epoch 8 =======================================
================= Test Set =================
+++++++++++ Find New Best Min ACC +++++++++++
The acc is 0.5227, 0.5455, 0.5170
Time Consumption for one epoch is 8.293816804885864s
======================================= Epoch 9 =======================================
================= Test Set =================
+++++++++++ Find New Best Min ACC +++++++++++
The acc is 0.5682, 0.5227, 0.5795
Time Consumption for one epoch is 9.063833951950073s
======================================= Epoch 10 =======================================
================= Test Set =================
+++++++++++ Find New Best Min ACC +++++++++++
The acc is 0.6273, 0.4545, 0.6705
Time Consumption for one epoch is 8.811088562011719s
======================================= Epoch 11 =======================================
================= Test Set =================
+++++++++++ Find New Best Min ACC +++++++++++
The acc is 0.6727, 0.5682, 0.6989
Time Consumption for one epoch is 9.675976514816284s
======================================= Epoch 12 =======================================
================= Test Set =================
The acc is 0.6727, 0.5682, 0.6989
Time Consumption for one epoch is 8.2563955783844s
======================================= Epoch 13 =======================================
================= Test Set =================
The acc is 0.6727, 0.5682, 0.6989
Time Consumption for one epoch is 8.37974214553833s
======================================= Epoch 14 =======================================
================= Test Set =================
The acc is 0.6727, 0.5682, 0.6989
Time Consumption for one epoch is 8.44601321220398s
======================================= Epoch 15 =======================================
================= Test Set =================
+++++++++++ Find New Best Min ACC +++++++++++
The acc is 0.6955, 0.5682, 0.7273
Time Consumption for one epoch is 8.130831956863403s
======================================= Epoch 16 =======================================
================= Test Set =================
The acc is 0.6955, 0.5682, 0.7273
Time Consumption for one epoch is 7.828697443008423s
======================================= Epoch 17 =======================================
================= Test Set =================
The acc is 0.6955, 0.5682, 0.7273
Time Consumption for one epoch is 9.963155269622803s
======================================= Epoch 18 =======================================
================= Test Set =================
The acc is 0.6955, 0.5682, 0.7273
Time Consumption for one epoch is 7.081600189208984s
======================================= Epoch 19 =======================================
================= Test Set =================
The acc is 0.6955, 0.5682, 0.7273
Time Consumption for one epoch is 9.351160764694214s
The final acc is 0.6955, 0.5682, 0.7273
