Namespace(data_dir='/data/yihua/dataset/celeba/celeba.hdf5', result_dir='results', checkpoint=None, resume=False, domain_attrs='Male', target_attrs='Heavy_Makeup', exp_name=None, batch_size=512, lr=0.0001, wd=2e-05, epochs=20, seed=2022, num_workers=8, arch='resnet9', evaluate=False, gv=1e-06, gr=0.3)
======================================= Epoch 0 =======================================
================= Test Set =================
+++++++++++ Find New Best Min ACC +++++++++++
The acc is 0.5000, 0.5000, 0.5000
Time Consumption for one epoch is 11.181373119354248s
======================================= Epoch 1 =======================================
================= Test Set =================
The acc is 0.5000, 0.5000, 0.5000
Time Consumption for one epoch is 9.366737127304077s
======================================= Epoch 2 =======================================
================= Test Set =================
+++++++++++ Find New Best Min ACC +++++++++++
The acc is 0.5273, 0.5000, 0.5341
Time Consumption for one epoch is 9.936620473861694s
======================================= Epoch 3 =======================================
================= Test Set =================
The acc is 0.5273, 0.5000, 0.5341
Time Consumption for one epoch is 9.170251369476318s
======================================= Epoch 4 =======================================
================= Test Set =================
The acc is 0.5273, 0.5000, 0.5341
Time Consumption for one epoch is 8.372263193130493s
======================================= Epoch 5 =======================================
================= Test Set =================
The acc is 0.5273, 0.5000, 0.5341
Time Consumption for one epoch is 9.374300241470337s
======================================= Epoch 6 =======================================
================= Test Set =================
The acc is 0.5273, 0.5000, 0.5341
Time Consumption for one epoch is 10.25674033164978s
======================================= Epoch 7 =======================================
================= Test Set =================
The acc is 0.5273, 0.5000, 0.5341
Time Consumption for one epoch is 8.93309760093689s
======================================= Epoch 8 =======================================
================= Test Set =================
+++++++++++ Find New Best Min ACC +++++++++++
The acc is 0.5455, 0.5455, 0.5455
Time Consumption for one epoch is 10.0551438331604s
======================================= Epoch 9 =======================================
================= Test Set =================
+++++++++++ Find New Best Min ACC +++++++++++
The acc is 0.6136, 0.4773, 0.6477
Time Consumption for one epoch is 7.837319374084473s
======================================= Epoch 10 =======================================
================= Test Set =================
+++++++++++ Find New Best Min ACC +++++++++++
The acc is 0.6318, 0.5455, 0.6534
Time Consumption for one epoch is 8.623900175094604s
======================================= Epoch 11 =======================================
================= Test Set =================
The acc is 0.6318, 0.5455, 0.6534
Time Consumption for one epoch is 10.99698281288147s
======================================= Epoch 12 =======================================
================= Test Set =================
+++++++++++ Find New Best Min ACC +++++++++++
The acc is 0.6636, 0.5455, 0.6932
Time Consumption for one epoch is 8.005078554153442s
======================================= Epoch 13 =======================================
================= Test Set =================
+++++++++++ Find New Best Min ACC +++++++++++
The acc is 0.6727, 0.6136, 0.6875
Time Consumption for one epoch is 7.728656530380249s
======================================= Epoch 14 =======================================
================= Test Set =================
The acc is 0.6727, 0.6136, 0.6875
Time Consumption for one epoch is 8.464557409286499s
======================================= Epoch 15 =======================================
================= Test Set =================
The acc is 0.6727, 0.6136, 0.6875
Time Consumption for one epoch is 9.606806993484497s
======================================= Epoch 16 =======================================
================= Test Set =================
+++++++++++ Find New Best Min ACC +++++++++++
The acc is 0.6909, 0.5909, 0.7159
Time Consumption for one epoch is 7.391355752944946s
======================================= Epoch 17 =======================================
================= Test Set =================
+++++++++++ Find New Best Min ACC +++++++++++
The acc is 0.7136, 0.6364, 0.7330
Time Consumption for one epoch is 8.577837228775024s
======================================= Epoch 18 =======================================
================= Test Set =================
The acc is 0.7136, 0.6364, 0.7330
Time Consumption for one epoch is 9.025437831878662s
======================================= Epoch 19 =======================================
================= Test Set =================
The acc is 0.7136, 0.6364, 0.7330
Time Consumption for one epoch is 7.9455344676971436s
The final acc is 0.7136, 0.6364, 0.7330
