Namespace(data_dir='/data/yihua/dataset/celeba/celeba.hdf5', result_dir='results', checkpoint=None, resume=False, domain_attrs='Male', target_attrs='Heavy_Makeup', exp_name=None, batch_size=512, lr=0.0001, wd=2e-05, epochs=20, seed=2021, num_workers=8, arch='resnet9', evaluate=False, gv=0.0001, gr=0.3)
======================================= Epoch 0 =======================================
================= Test Set =================
+++++++++++ Find New Best Min ACC +++++++++++
The acc is 0.5000, 0.5000, 0.5000
Time Consumption for one epoch is 8.918491125106812s
======================================= Epoch 1 =======================================
================= Test Set =================
The acc is 0.5000, 0.5000, 0.5000
Time Consumption for one epoch is 8.261013269424438s
======================================= Epoch 2 =======================================
================= Test Set =================
+++++++++++ Find New Best Min ACC +++++++++++
The acc is 0.5045, 0.5227, 0.5000
Time Consumption for one epoch is 8.96660828590393s
======================================= Epoch 3 =======================================
================= Test Set =================
The acc is 0.5045, 0.5227, 0.5000
Time Consumption for one epoch is 7.958933115005493s
======================================= Epoch 4 =======================================
================= Test Set =================
The acc is 0.5045, 0.5227, 0.5000
Time Consumption for one epoch is 8.499988079071045s
======================================= Epoch 5 =======================================
================= Test Set =================
+++++++++++ Find New Best Min ACC +++++++++++
The acc is 0.5091, 0.5227, 0.5057
Time Consumption for one epoch is 9.564671754837036s
======================================= Epoch 6 =======================================
================= Test Set =================
The acc is 0.5091, 0.5227, 0.5057
Time Consumption for one epoch is 8.28476619720459s
======================================= Epoch 7 =======================================
================= Test Set =================
The acc is 0.5091, 0.5227, 0.5057
Time Consumption for one epoch is 7.831296682357788s
======================================= Epoch 8 =======================================
================= Test Set =================
The acc is 0.5091, 0.5227, 0.5057
Time Consumption for one epoch is 9.181158304214478s
======================================= Epoch 9 =======================================
================= Test Set =================
+++++++++++ Find New Best Min ACC +++++++++++
The acc is 0.5136, 0.4773, 0.5227
Time Consumption for one epoch is 7.8477561473846436s
======================================= Epoch 10 =======================================
================= Test Set =================
+++++++++++ Find New Best Min ACC +++++++++++
The acc is 0.6545, 0.5682, 0.6761
Time Consumption for one epoch is 8.662169694900513s
======================================= Epoch 11 =======================================
================= Test Set =================
The acc is 0.6545, 0.5682, 0.6761
Time Consumption for one epoch is 9.970276355743408s
======================================= Epoch 12 =======================================
================= Test Set =================
The acc is 0.6545, 0.5682, 0.6761
Time Consumption for one epoch is 8.798856019973755s
======================================= Epoch 13 =======================================
================= Test Set =================
+++++++++++ Find New Best Min ACC +++++++++++
The acc is 0.6864, 0.6136, 0.7045
Time Consumption for one epoch is 9.884024143218994s
======================================= Epoch 14 =======================================
================= Test Set =================
+++++++++++ Find New Best Min ACC +++++++++++
The acc is 0.7091, 0.7045, 0.7102
Time Consumption for one epoch is 9.327937126159668s
======================================= Epoch 15 =======================================
================= Test Set =================
The acc is 0.7091, 0.7045, 0.7102
Time Consumption for one epoch is 7.303512096405029s
======================================= Epoch 16 =======================================
================= Test Set =================
The acc is 0.7091, 0.7045, 0.7102
Time Consumption for one epoch is 8.810819149017334s
======================================= Epoch 17 =======================================
================= Test Set =================
+++++++++++ Find New Best Min ACC +++++++++++
The acc is 0.7273, 0.6591, 0.7443
Time Consumption for one epoch is 9.37597107887268s
======================================= Epoch 18 =======================================
================= Test Set =================
The acc is 0.7273, 0.6591, 0.7443
Time Consumption for one epoch is 8.6694655418396s
======================================= Epoch 19 =======================================
================= Test Set =================
The acc is 0.7273, 0.6591, 0.7443
Time Consumption for one epoch is 8.366703510284424s
The final acc is 0.7273, 0.6591, 0.7443
