Namespace(data_dir='/data/yihua/dataset/celeba/celeba.hdf5', result_dir='results', checkpoint=None, resume=False, domain_attrs='Male', target_attrs='Blond_Hair', exp_name=None, batch_size=512, lr=0.0001, wd=2e-05, epochs=20, seed=2020, num_workers=8, arch='resnet9', evaluate=False, gv=0.15, gr=0.3)
======================================= Epoch 0 =======================================
================= Test Set =================
+++++++++++ Find New Best Min ACC +++++++++++
The acc is 0.7639, 0.7056, 0.7785
Time Consumption for one epoch is 30.62253165245056s
======================================= Epoch 1 =======================================
================= Test Set =================
+++++++++++ Find New Best Min ACC +++++++++++
The acc is 0.8783, 0.8389, 0.8882
Time Consumption for one epoch is 26.185041904449463s
======================================= Epoch 2 =======================================
================= Test Set =================
+++++++++++ Find New Best Min ACC +++++++++++
The acc is 0.8972, 0.8361, 0.9125
Time Consumption for one epoch is 29.12092685699463s
======================================= Epoch 3 =======================================
================= Test Set =================
The acc is 0.8972, 0.8361, 0.9125
Time Consumption for one epoch is 27.27169942855835s
======================================= Epoch 4 =======================================
================= Test Set =================
The acc is 0.8972, 0.8361, 0.9125
Time Consumption for one epoch is 27.135490655899048s
======================================= Epoch 5 =======================================
================= Test Set =================
+++++++++++ Find New Best Min ACC +++++++++++
The acc is 0.8978, 0.8889, 0.9000
Time Consumption for one epoch is 28.70345902442932s
======================================= Epoch 6 =======================================
================= Test Set =================
+++++++++++ Find New Best Min ACC +++++++++++
The acc is 0.9133, 0.8917, 0.9187
Time Consumption for one epoch is 24.318840265274048s
======================================= Epoch 7 =======================================
================= Test Set =================
The acc is 0.9133, 0.8917, 0.9187
Time Consumption for one epoch is 27.123055934906006s
======================================= Epoch 8 =======================================
================= Test Set =================
The acc is 0.9133, 0.8917, 0.9187
Time Consumption for one epoch is 28.548845767974854s
======================================= Epoch 9 =======================================
================= Test Set =================
+++++++++++ Find New Best Min ACC +++++++++++
The acc is 0.9194, 0.8861, 0.9278
Time Consumption for one epoch is 27.48810887336731s
======================================= Epoch 10 =======================================
================= Test Set =================
The acc is 0.9194, 0.8861, 0.9278
Time Consumption for one epoch is 27.809457063674927s
======================================= Epoch 11 =======================================
================= Test Set =================
The acc is 0.9194, 0.8861, 0.9278
Time Consumption for one epoch is 27.130879640579224s
======================================= Epoch 12 =======================================
================= Test Set =================
The acc is 0.9194, 0.8861, 0.9278
Time Consumption for one epoch is 26.83217716217041s
======================================= Epoch 13 =======================================
================= Test Set =================
The acc is 0.9194, 0.8861, 0.9278
Time Consumption for one epoch is 27.33662748336792s
======================================= Epoch 14 =======================================
================= Test Set =================
The acc is 0.9194, 0.8861, 0.9278
Time Consumption for one epoch is 27.43631339073181s
======================================= Epoch 15 =======================================
================= Test Set =================
The acc is 0.9194, 0.8861, 0.9278
Time Consumption for one epoch is 27.24140501022339s
======================================= Epoch 16 =======================================
================= Test Set =================
The acc is 0.9194, 0.8861, 0.9278
Time Consumption for one epoch is 26.27239727973938s
======================================= Epoch 17 =======================================
================= Test Set =================
+++++++++++ Find New Best Min ACC +++++++++++
The acc is 0.9211, 0.9028, 0.9257
Time Consumption for one epoch is 28.201754570007324s
======================================= Epoch 18 =======================================
================= Test Set =================
The acc is 0.9211, 0.9028, 0.9257
Time Consumption for one epoch is 28.6094172000885s
======================================= Epoch 19 =======================================
================= Test Set =================
The acc is 0.9211, 0.9028, 0.9257
Time Consumption for one epoch is 28.358503580093384s
The final acc is 0.9211, 0.9028, 0.9257
