Namespace(data_dir='/data/yihua/dataset/celeba/celeba.hdf5', result_dir='results', checkpoint=None, resume=False, domain_attrs='Male', target_attrs='Blond_Hair', exp_name=None, batch_size=512, lr=0.0001, wd=2e-05, epochs=20, seed=2021, num_workers=8, arch='resnet9', evaluate=False, gv=1.0, gr=0.3)
======================================= Epoch 0 =======================================
================= Test Set =================
+++++++++++ Find New Best Min ACC +++++++++++
The acc is 0.8111, 0.7833, 0.8181
Time Consumption for one epoch is 27.53478765487671s
======================================= Epoch 1 =======================================
================= Test Set =================
+++++++++++ Find New Best Min ACC +++++++++++
The acc is 0.8150, 0.7722, 0.8257
Time Consumption for one epoch is 25.447097063064575s
======================================= Epoch 2 =======================================
================= Test Set =================
+++++++++++ Find New Best Min ACC +++++++++++
The acc is 0.8539, 0.7833, 0.8715
Time Consumption for one epoch is 23.798551559448242s
======================================= Epoch 3 =======================================
================= Test Set =================
+++++++++++ Find New Best Min ACC +++++++++++
The acc is 0.8861, 0.8472, 0.8958
Time Consumption for one epoch is 23.116076946258545s
======================================= Epoch 4 =======================================
================= Test Set =================
The acc is 0.8861, 0.8472, 0.8958
Time Consumption for one epoch is 23.693543910980225s
======================================= Epoch 5 =======================================
================= Test Set =================
+++++++++++ Find New Best Min ACC +++++++++++
The acc is 0.8994, 0.8750, 0.9056
Time Consumption for one epoch is 24.987126350402832s
======================================= Epoch 6 =======================================
================= Test Set =================
+++++++++++ Find New Best Min ACC +++++++++++
The acc is 0.9056, 0.8694, 0.9146
Time Consumption for one epoch is 23.7270348072052s
======================================= Epoch 7 =======================================
================= Test Set =================
+++++++++++ Find New Best Min ACC +++++++++++
The acc is 0.9089, 0.8778, 0.9167
Time Consumption for one epoch is 24.741034984588623s
======================================= Epoch 8 =======================================
================= Test Set =================
+++++++++++ Find New Best Min ACC +++++++++++
The acc is 0.9133, 0.8694, 0.9243
Time Consumption for one epoch is 24.783483028411865s
======================================= Epoch 9 =======================================
================= Test Set =================
The acc is 0.9133, 0.8694, 0.9243
Time Consumption for one epoch is 25.34071111679077s
======================================= Epoch 10 =======================================
================= Test Set =================
The acc is 0.9133, 0.8694, 0.9243
Time Consumption for one epoch is 25.74549698829651s
======================================= Epoch 11 =======================================
================= Test Set =================
The acc is 0.9133, 0.8694, 0.9243
Time Consumption for one epoch is 24.213165521621704s
======================================= Epoch 12 =======================================
================= Test Set =================
The acc is 0.9133, 0.8694, 0.9243
Time Consumption for one epoch is 24.680981874465942s
======================================= Epoch 13 =======================================
================= Test Set =================
The acc is 0.9133, 0.8694, 0.9243
Time Consumption for one epoch is 24.62262511253357s
======================================= Epoch 14 =======================================
================= Test Set =================
The acc is 0.9133, 0.8694, 0.9243
Time Consumption for one epoch is 24.45246458053589s
======================================= Epoch 15 =======================================
================= Test Set =================
+++++++++++ Find New Best Min ACC +++++++++++
The acc is 0.9200, 0.9111, 0.9222
Time Consumption for one epoch is 24.422791957855225s
======================================= Epoch 16 =======================================
================= Test Set =================
+++++++++++ Find New Best Min ACC +++++++++++
The acc is 0.9211, 0.9083, 0.9243
Time Consumption for one epoch is 25.736794233322144s
======================================= Epoch 17 =======================================
================= Test Set =================
The acc is 0.9211, 0.9083, 0.9243
Time Consumption for one epoch is 23.614151000976562s
======================================= Epoch 18 =======================================
================= Test Set =================
The acc is 0.9211, 0.9083, 0.9243
Time Consumption for one epoch is 23.954923391342163s
======================================= Epoch 19 =======================================
================= Test Set =================
The acc is 0.9211, 0.9083, 0.9243
Time Consumption for one epoch is 23.554699420928955s
The final acc is 0.9211, 0.9083, 0.9243
