Namespace(data_dir='/data/yihua/dataset/celeba/celeba.hdf5', result_dir='crop_study', checkpoint=None, resume=False, domain_attrs='Male', target_attrs='Blond_Hair', exp_name=None, batch_size=512, lr=0.0001, wd=2e-05, epochs=20, seed=2022, num_workers=8, arch='resnet9', evaluate=False, total_num=5000, test_num=1000, gv=180.0, gr=0.3, minor_ratio=0.2, add_aug='crop')
======================================= Epoch 0 =======================================
================= Test Set =================
+++++++++++ Find New Best Min ACC +++++++++++
The acc is 0.4624, 0.4186, 0.5000
Time Consumption for one epoch is 16.57410740852356s
======================================= Epoch 1 =======================================
================= Test Set =================
The acc is 0.4624, 0.4186, 0.5000
Time Consumption for one epoch is 14.636346817016602s
======================================= Epoch 2 =======================================
================= Test Set =================
+++++++++++ Find New Best Min ACC +++++++++++
The acc is 0.4839, 0.4256, 0.5340
Time Consumption for one epoch is 14.808655977249146s
======================================= Epoch 3 =======================================
================= Test Set =================
+++++++++++ Find New Best Min ACC +++++++++++
The acc is 0.7602, 0.7000, 0.8120
Time Consumption for one epoch is 15.001107692718506s
======================================= Epoch 4 =======================================
================= Test Set =================
+++++++++++ Find New Best Min ACC +++++++++++
The acc is 0.7860, 0.7488, 0.8180
Time Consumption for one epoch is 14.806837797164917s
======================================= Epoch 5 =======================================
================= Test Set =================
+++++++++++ Find New Best Min ACC +++++++++++
The acc is 0.8742, 0.8674, 0.8800
Time Consumption for one epoch is 14.730349779129028s
======================================= Epoch 6 =======================================
================= Test Set =================
The acc is 0.8742, 0.8674, 0.8800
Time Consumption for one epoch is 14.384680271148682s
======================================= Epoch 7 =======================================
================= Test Set =================
The acc is 0.8742, 0.8674, 0.8800
Time Consumption for one epoch is 14.228911638259888s
======================================= Epoch 8 =======================================
================= Test Set =================
The acc is 0.8742, 0.8674, 0.8800
Time Consumption for one epoch is 14.800982475280762s
======================================= Epoch 9 =======================================
================= Test Set =================
+++++++++++ Find New Best Min ACC +++++++++++
The acc is 0.8839, 0.8698, 0.8960
Time Consumption for one epoch is 14.888728618621826s
======================================= Epoch 10 =======================================
================= Test Set =================
The acc is 0.8839, 0.8698, 0.8960
Time Consumption for one epoch is 14.837377309799194s
======================================= Epoch 11 =======================================
================= Test Set =================
The acc is 0.8839, 0.8698, 0.8960
Time Consumption for one epoch is 14.412328243255615s
======================================= Epoch 12 =======================================
================= Test Set =================
+++++++++++ Find New Best Min ACC +++++++++++
The acc is 0.8860, 0.8721, 0.8980
Time Consumption for one epoch is 14.766677618026733s
======================================= Epoch 13 =======================================
================= Test Set =================
+++++++++++ Find New Best Min ACC +++++++++++
The acc is 0.8882, 0.8651, 0.9080
Time Consumption for one epoch is 14.505656003952026s
======================================= Epoch 14 =======================================
================= Test Set =================
The acc is 0.8882, 0.8651, 0.9080
Time Consumption for one epoch is 14.1042160987854s
======================================= Epoch 15 =======================================
================= Test Set =================
+++++++++++ Find New Best Min ACC +++++++++++
The acc is 0.9000, 0.8884, 0.9100
Time Consumption for one epoch is 14.870895147323608s
======================================= Epoch 16 =======================================
================= Test Set =================
The acc is 0.9000, 0.8884, 0.9100
Time Consumption for one epoch is 14.484216928482056s
======================================= Epoch 17 =======================================
================= Test Set =================
The acc is 0.9000, 0.8884, 0.9100
Time Consumption for one epoch is 14.315391778945923s
======================================= Epoch 18 =======================================
================= Test Set =================
The acc is 0.9000, 0.8884, 0.9100
Time Consumption for one epoch is 14.56945514678955s
======================================= Epoch 19 =======================================
================= Test Set =================
+++++++++++ Find New Best Min ACC +++++++++++
The acc is 0.9011, 0.8860, 0.9140
Time Consumption for one epoch is 15.068521976470947s
The final acc is 0.9011, 0.8860, 0.9140
