Namespace(data_dir='/data/yihua/dataset/celeba/celeba.hdf5', result_dir='results', checkpoint=None, resume=False, domain_attrs='Male', target_attrs='Heavy_Makeup', exp_name=None, batch_size=512, lr=0.0001, wd=2e-05, epochs=20, seed=2021, num_workers=8, arch='resnet9', evaluate=False, gv=0.1, gr=0.3)
======================================= Epoch 0 =======================================
================= Test Set =================
+++++++++++ Find New Best Min ACC +++++++++++
The acc is 0.5000, 0.5000, 0.5000
Time Consumption for one epoch is 10.585139036178589s
======================================= Epoch 1 =======================================
================= Test Set =================
The acc is 0.5000, 0.5000, 0.5000
Time Consumption for one epoch is 9.110502004623413s
======================================= Epoch 2 =======================================
================= Test Set =================
The acc is 0.5000, 0.5000, 0.5000
Time Consumption for one epoch is 7.951313734054565s
======================================= Epoch 3 =======================================
================= Test Set =================
The acc is 0.5000, 0.5000, 0.5000
Time Consumption for one epoch is 9.760601282119751s
======================================= Epoch 4 =======================================
================= Test Set =================
The acc is 0.5000, 0.5000, 0.5000
Time Consumption for one epoch is 7.730837821960449s
======================================= Epoch 5 =======================================
================= Test Set =================
The acc is 0.5000, 0.5000, 0.5000
Time Consumption for one epoch is 8.526376008987427s
======================================= Epoch 6 =======================================
================= Test Set =================
+++++++++++ Find New Best Min ACC +++++++++++
The acc is 0.5045, 0.5227, 0.5000
Time Consumption for one epoch is 10.543906450271606s
======================================= Epoch 7 =======================================
================= Test Set =================
+++++++++++ Find New Best Min ACC +++++++++++
The acc is 0.5136, 0.5455, 0.5057
Time Consumption for one epoch is 8.291167736053467s
======================================= Epoch 8 =======================================
================= Test Set =================
+++++++++++ Find New Best Min ACC +++++++++++
The acc is 0.5591, 0.5455, 0.5625
Time Consumption for one epoch is 8.447014093399048s
======================================= Epoch 9 =======================================
================= Test Set =================
The acc is 0.5591, 0.5455, 0.5625
Time Consumption for one epoch is 8.794124126434326s
======================================= Epoch 10 =======================================
================= Test Set =================
+++++++++++ Find New Best Min ACC +++++++++++
The acc is 0.6318, 0.5682, 0.6477
Time Consumption for one epoch is 8.520731925964355s
======================================= Epoch 11 =======================================
================= Test Set =================
+++++++++++ Find New Best Min ACC +++++++++++
The acc is 0.6545, 0.5227, 0.6875
Time Consumption for one epoch is 9.19758677482605s
======================================= Epoch 12 =======================================
================= Test Set =================
The acc is 0.6545, 0.5227, 0.6875
Time Consumption for one epoch is 9.195984125137329s
======================================= Epoch 13 =======================================
================= Test Set =================
+++++++++++ Find New Best Min ACC +++++++++++
The acc is 0.6591, 0.5682, 0.6818
Time Consumption for one epoch is 8.664376974105835s
======================================= Epoch 14 =======================================
================= Test Set =================
The acc is 0.6591, 0.5682, 0.6818
Time Consumption for one epoch is 8.546926021575928s
======================================= Epoch 15 =======================================
================= Test Set =================
+++++++++++ Find New Best Min ACC +++++++++++
The acc is 0.6773, 0.5682, 0.7045
Time Consumption for one epoch is 8.967805624008179s
======================================= Epoch 16 =======================================
================= Test Set =================
+++++++++++ Find New Best Min ACC +++++++++++
The acc is 0.6818, 0.5682, 0.7102
Time Consumption for one epoch is 9.078418254852295s
======================================= Epoch 17 =======================================
================= Test Set =================
+++++++++++ Find New Best Min ACC +++++++++++
The acc is 0.7000, 0.6136, 0.7216
Time Consumption for one epoch is 10.363382577896118s
======================================= Epoch 18 =======================================
================= Test Set =================
The acc is 0.7000, 0.6136, 0.7216
Time Consumption for one epoch is 7.776932001113892s
======================================= Epoch 19 =======================================
================= Test Set =================
+++++++++++ Find New Best Min ACC +++++++++++
The acc is 0.7136, 0.6136, 0.7386
Time Consumption for one epoch is 9.218125581741333s
The final acc is 0.7136, 0.6136, 0.7386
