Namespace(data_dir='/data/yihua/dataset/celeba/celeba.hdf5', result_dir='results', checkpoint=None, resume=False, domain_attrs='Male', target_attrs='Heavy_Makeup', exp_name=None, batch_size=512, lr=0.0001, wd=2e-05, epochs=20, seed=2024, num_workers=8, arch='resnet9', evaluate=False, gv=10.0, gr=0.5)
======================================= Epoch 0 =======================================
================= Test Set =================
+++++++++++ Find New Best Min ACC +++++++++++
The acc is 0.5000, 0.5000, 0.5000
Time Consumption for one epoch is 9.540276050567627s
======================================= Epoch 1 =======================================
================= Test Set =================
+++++++++++ Find New Best Min ACC +++++++++++
The acc is 0.5500, 0.5000, 0.5625
Time Consumption for one epoch is 8.184387922286987s
======================================= Epoch 2 =======================================
================= Test Set =================
+++++++++++ Find New Best Min ACC +++++++++++
The acc is 0.6227, 0.5682, 0.6364
Time Consumption for one epoch is 8.49018406867981s
======================================= Epoch 3 =======================================
================= Test Set =================
The acc is 0.6227, 0.5682, 0.6364
Time Consumption for one epoch is 9.553809642791748s
======================================= Epoch 4 =======================================
================= Test Set =================
The acc is 0.6227, 0.5682, 0.6364
Time Consumption for one epoch is 7.661866903305054s
======================================= Epoch 5 =======================================
================= Test Set =================
The acc is 0.6227, 0.5682, 0.6364
Time Consumption for one epoch is 8.529850959777832s
======================================= Epoch 6 =======================================
================= Test Set =================
The acc is 0.6227, 0.5682, 0.6364
Time Consumption for one epoch is 8.84015440940857s
======================================= Epoch 7 =======================================
================= Test Set =================
+++++++++++ Find New Best Min ACC +++++++++++
The acc is 0.6318, 0.5227, 0.6591
Time Consumption for one epoch is 9.33342432975769s
======================================= Epoch 8 =======================================
================= Test Set =================
The acc is 0.6318, 0.5227, 0.6591
Time Consumption for one epoch is 9.669965028762817s
======================================= Epoch 9 =======================================
================= Test Set =================
The acc is 0.6318, 0.5227, 0.6591
Time Consumption for one epoch is 8.87070345878601s
======================================= Epoch 10 =======================================
================= Test Set =================
The acc is 0.6318, 0.5227, 0.6591
Time Consumption for one epoch is 8.344443321228027s
======================================= Epoch 11 =======================================
================= Test Set =================
+++++++++++ Find New Best Min ACC +++++++++++
The acc is 0.6500, 0.5682, 0.6705
Time Consumption for one epoch is 8.754764080047607s
======================================= Epoch 12 =======================================
================= Test Set =================
The acc is 0.6500, 0.5682, 0.6705
Time Consumption for one epoch is 10.274309873580933s
======================================= Epoch 13 =======================================
================= Test Set =================
+++++++++++ Find New Best Min ACC +++++++++++
The acc is 0.6727, 0.6591, 0.6761
Time Consumption for one epoch is 9.161576747894287s
======================================= Epoch 14 =======================================
================= Test Set =================
The acc is 0.6727, 0.6591, 0.6761
Time Consumption for one epoch is 8.181073904037476s
======================================= Epoch 15 =======================================
================= Test Set =================
The acc is 0.6727, 0.6591, 0.6761
Time Consumption for one epoch is 7.836430311203003s
======================================= Epoch 16 =======================================
================= Test Set =================
The acc is 0.6727, 0.6591, 0.6761
Time Consumption for one epoch is 8.122704982757568s
======================================= Epoch 17 =======================================
================= Test Set =================
The acc is 0.6727, 0.6591, 0.6761
Time Consumption for one epoch is 8.517750024795532s
======================================= Epoch 18 =======================================
================= Test Set =================
The acc is 0.6727, 0.6591, 0.6761
Time Consumption for one epoch is 10.132229328155518s
======================================= Epoch 19 =======================================
================= Test Set =================
The acc is 0.6727, 0.6591, 0.6761
Time Consumption for one epoch is 8.713837385177612s
The final acc is 0.6727, 0.6591, 0.6761
