Namespace(data_dir='/data/yihua/dataset/celeba/celeba.hdf5', result_dir='results', checkpoint=None, resume=False, domain_attrs='Male', target_attrs='Blond_Hair', exp_name=None, batch_size=512, lr=0.0001, wd=2e-05, epochs=20, seed=2021, num_workers=8, arch='resnet9', evaluate=False, gv=0.45, gr=0.1)
======================================= Epoch 0 =======================================
================= Test Set =================
+++++++++++ Find New Best Min ACC +++++++++++
The acc is 0.5878, 0.5528, 0.5965
Time Consumption for one epoch is 26.833032608032227s
======================================= Epoch 1 =======================================
================= Test Set =================
+++++++++++ Find New Best Min ACC +++++++++++
The acc is 0.8872, 0.8472, 0.8972
Time Consumption for one epoch is 23.606738090515137s
======================================= Epoch 2 =======================================
================= Test Set =================
The acc is 0.8872, 0.8472, 0.8972
Time Consumption for one epoch is 23.391874074935913s
======================================= Epoch 3 =======================================
================= Test Set =================
+++++++++++ Find New Best Min ACC +++++++++++
The acc is 0.8900, 0.8472, 0.9007
Time Consumption for one epoch is 23.727949142456055s
======================================= Epoch 4 =======================================
================= Test Set =================
+++++++++++ Find New Best Min ACC +++++++++++
The acc is 0.9033, 0.8778, 0.9097
Time Consumption for one epoch is 24.783400774002075s
======================================= Epoch 5 =======================================
================= Test Set =================
The acc is 0.9033, 0.8778, 0.9097
Time Consumption for one epoch is 23.83094048500061s
======================================= Epoch 6 =======================================
================= Test Set =================
The acc is 0.9033, 0.8778, 0.9097
Time Consumption for one epoch is 24.447854042053223s
======================================= Epoch 7 =======================================
================= Test Set =================
+++++++++++ Find New Best Min ACC +++++++++++
The acc is 0.9139, 0.8944, 0.9187
Time Consumption for one epoch is 22.801374435424805s
======================================= Epoch 8 =======================================
================= Test Set =================
The acc is 0.9139, 0.8944, 0.9187
Time Consumption for one epoch is 23.318675994873047s
======================================= Epoch 9 =======================================
================= Test Set =================
The acc is 0.9139, 0.8944, 0.9187
Time Consumption for one epoch is 24.198120832443237s
======================================= Epoch 10 =======================================
================= Test Set =================
The acc is 0.9139, 0.8944, 0.9187
Time Consumption for one epoch is 23.620543241500854s
======================================= Epoch 11 =======================================
================= Test Set =================
The acc is 0.9139, 0.8944, 0.9187
Time Consumption for one epoch is 24.546188831329346s
======================================= Epoch 12 =======================================
================= Test Set =================
The acc is 0.9139, 0.8944, 0.9187
Time Consumption for one epoch is 23.45546317100525s
======================================= Epoch 13 =======================================
================= Test Set =================
The acc is 0.9139, 0.8944, 0.9187
Time Consumption for one epoch is 23.495624542236328s
======================================= Epoch 14 =======================================
================= Test Set =================
+++++++++++ Find New Best Min ACC +++++++++++
The acc is 0.9189, 0.9028, 0.9229
Time Consumption for one epoch is 23.506160974502563s
======================================= Epoch 15 =======================================
================= Test Set =================
The acc is 0.9189, 0.9028, 0.9229
Time Consumption for one epoch is 22.610252380371094s
======================================= Epoch 16 =======================================
================= Test Set =================
+++++++++++ Find New Best Min ACC +++++++++++
The acc is 0.9217, 0.9000, 0.9271
Time Consumption for one epoch is 24.275458335876465s
======================================= Epoch 17 =======================================
================= Test Set =================
+++++++++++ Find New Best Min ACC +++++++++++
The acc is 0.9244, 0.9194, 0.9257
Time Consumption for one epoch is 23.584580659866333s
======================================= Epoch 18 =======================================
================= Test Set =================
The acc is 0.9244, 0.9194, 0.9257
Time Consumption for one epoch is 22.921689748764038s
======================================= Epoch 19 =======================================
================= Test Set =================
The acc is 0.9244, 0.9194, 0.9257
Time Consumption for one epoch is 23.589470624923706s
The final acc is 0.9244, 0.9194, 0.9257
