Namespace(data_dir='/data/yihua/dataset/celeba/celeba.hdf5', result_dir='results', checkpoint=None, resume=False, domain_attrs='Male', target_attrs='Blond_Hair', exp_name=None, batch_size=512, lr=0.0001, wd=2e-05, epochs=20, seed=2020, num_workers=8, arch='resnet9', evaluate=False, gv=0.001, gr=0.1)
======================================= Epoch 0 =======================================
================= Test Set =================
+++++++++++ Find New Best Min ACC +++++++++++
The acc is 0.6611, 0.5833, 0.6806
Time Consumption for one epoch is 26.6989529132843s
======================================= Epoch 1 =======================================
================= Test Set =================
+++++++++++ Find New Best Min ACC +++++++++++
The acc is 0.8728, 0.8083, 0.8889
Time Consumption for one epoch is 24.73254632949829s
======================================= Epoch 2 =======================================
================= Test Set =================
+++++++++++ Find New Best Min ACC +++++++++++
The acc is 0.8878, 0.8750, 0.8910
Time Consumption for one epoch is 23.027235507965088s
======================================= Epoch 3 =======================================
================= Test Set =================
+++++++++++ Find New Best Min ACC +++++++++++
The acc is 0.9000, 0.8639, 0.9090
Time Consumption for one epoch is 23.67319083213806s
======================================= Epoch 4 =======================================
================= Test Set =================
The acc is 0.9000, 0.8639, 0.9090
Time Consumption for one epoch is 23.498472690582275s
======================================= Epoch 5 =======================================
================= Test Set =================
+++++++++++ Find New Best Min ACC +++++++++++
The acc is 0.9089, 0.8917, 0.9132
Time Consumption for one epoch is 24.982672929763794s
======================================= Epoch 6 =======================================
================= Test Set =================
+++++++++++ Find New Best Min ACC +++++++++++
The acc is 0.9100, 0.8972, 0.9132
Time Consumption for one epoch is 24.622504949569702s
======================================= Epoch 7 =======================================
================= Test Set =================
+++++++++++ Find New Best Min ACC +++++++++++
The acc is 0.9139, 0.8889, 0.9201
Time Consumption for one epoch is 24.524452209472656s
======================================= Epoch 8 =======================================
================= Test Set =================
The acc is 0.9139, 0.8889, 0.9201
Time Consumption for one epoch is 24.159550189971924s
======================================= Epoch 9 =======================================
================= Test Set =================
The acc is 0.9139, 0.8889, 0.9201
Time Consumption for one epoch is 24.410038948059082s
======================================= Epoch 10 =======================================
================= Test Set =================
The acc is 0.9139, 0.8889, 0.9201
Time Consumption for one epoch is 24.395432472229004s
======================================= Epoch 11 =======================================
================= Test Set =================
+++++++++++ Find New Best Min ACC +++++++++++
The acc is 0.9161, 0.9083, 0.9181
Time Consumption for one epoch is 24.401233673095703s
======================================= Epoch 12 =======================================
================= Test Set =================
The acc is 0.9161, 0.9083, 0.9181
Time Consumption for one epoch is 24.48127031326294s
======================================= Epoch 13 =======================================
================= Test Set =================
The acc is 0.9161, 0.9083, 0.9181
Time Consumption for one epoch is 24.439274787902832s
======================================= Epoch 14 =======================================
================= Test Set =================
The acc is 0.9161, 0.9083, 0.9181
Time Consumption for one epoch is 24.311848402023315s
======================================= Epoch 15 =======================================
================= Test Set =================
The acc is 0.9161, 0.9083, 0.9181
Time Consumption for one epoch is 24.988803148269653s
======================================= Epoch 16 =======================================
================= Test Set =================
+++++++++++ Find New Best Min ACC +++++++++++
The acc is 0.9189, 0.9083, 0.9215
Time Consumption for one epoch is 24.111860275268555s
======================================= Epoch 17 =======================================
================= Test Set =================
+++++++++++ Find New Best Min ACC +++++++++++
The acc is 0.9206, 0.9111, 0.9229
Time Consumption for one epoch is 25.53192973136902s
======================================= Epoch 18 =======================================
================= Test Set =================
+++++++++++ Find New Best Min ACC +++++++++++
The acc is 0.9217, 0.9056, 0.9257
Time Consumption for one epoch is 24.24615979194641s
======================================= Epoch 19 =======================================
================= Test Set =================
The acc is 0.9217, 0.9056, 0.9257
Time Consumption for one epoch is 24.112371921539307s
The final acc is 0.9217, 0.9056, 0.9257
