Namespace(data_dir='/data/yihua/dataset/celeba/celeba.hdf5', result_dir='crop_study', checkpoint=None, resume=False, domain_attrs='Male', target_attrs='Blond_Hair', exp_name=None, batch_size=512, lr=0.0001, wd=2e-05, epochs=20, seed=2022, num_workers=8, arch='resnet18', evaluate=False, total_num=5000, test_num=1000, gv=180.0, gr=0.3, minor_ratio=0.2, add_aug='crop')
======================================= Epoch 0 =======================================
================= Test Set =================
+++++++++++ Find New Best Min ACC +++++++++++
The acc is 0.5376, 0.5814, 0.5000
Time Consumption for one epoch is 21.225244998931885s
======================================= Epoch 1 =======================================
================= Test Set =================
The acc is 0.5376, 0.5814, 0.5000
Time Consumption for one epoch is 19.55089521408081s
======================================= Epoch 2 =======================================
================= Test Set =================
The acc is 0.5376, 0.5814, 0.5000
Time Consumption for one epoch is 19.735685110092163s
======================================= Epoch 3 =======================================
================= Test Set =================
+++++++++++ Find New Best Min ACC +++++++++++
The acc is 0.5656, 0.6093, 0.5280
Time Consumption for one epoch is 19.52250385284424s
======================================= Epoch 4 =======================================
================= Test Set =================
+++++++++++ Find New Best Min ACC +++++++++++
The acc is 0.6699, 0.6698, 0.6700
Time Consumption for one epoch is 20.23187017440796s
======================================= Epoch 5 =======================================
================= Test Set =================
The acc is 0.6699, 0.6698, 0.6700
Time Consumption for one epoch is 21.58415412902832s
======================================= Epoch 6 =======================================
================= Test Set =================
+++++++++++ Find New Best Min ACC +++++++++++
The acc is 0.8290, 0.7791, 0.8720
Time Consumption for one epoch is 20.706616401672363s
======================================= Epoch 7 =======================================
================= Test Set =================
+++++++++++ Find New Best Min ACC +++++++++++
The acc is 0.8753, 0.8442, 0.9020
Time Consumption for one epoch is 20.986921072006226s
======================================= Epoch 8 =======================================
================= Test Set =================
The acc is 0.8753, 0.8442, 0.9020
Time Consumption for one epoch is 20.111960887908936s
======================================= Epoch 9 =======================================
================= Test Set =================
The acc is 0.8753, 0.8442, 0.9020
Time Consumption for one epoch is 21.18506145477295s
======================================= Epoch 10 =======================================
================= Test Set =================
The acc is 0.8753, 0.8442, 0.9020
Time Consumption for one epoch is 20.335001468658447s
======================================= Epoch 11 =======================================
================= Test Set =================
+++++++++++ Find New Best Min ACC +++++++++++
The acc is 0.8860, 0.8628, 0.9060
Time Consumption for one epoch is 22.401360034942627s
======================================= Epoch 12 =======================================
================= Test Set =================
The acc is 0.8860, 0.8628, 0.9060
Time Consumption for one epoch is 20.61506462097168s
======================================= Epoch 13 =======================================
================= Test Set =================
The acc is 0.8860, 0.8628, 0.9060
Time Consumption for one epoch is 20.1811363697052s
======================================= Epoch 14 =======================================
================= Test Set =================
+++++++++++ Find New Best Min ACC +++++++++++
The acc is 0.8882, 0.8744, 0.9000
Time Consumption for one epoch is 19.13163709640503s
======================================= Epoch 15 =======================================
================= Test Set =================
The acc is 0.8882, 0.8744, 0.9000
Time Consumption for one epoch is 21.144709587097168s
======================================= Epoch 16 =======================================
================= Test Set =================
+++++++++++ Find New Best Min ACC +++++++++++
The acc is 0.8903, 0.8744, 0.9040
Time Consumption for one epoch is 21.460934162139893s
======================================= Epoch 17 =======================================
================= Test Set =================
+++++++++++ Find New Best Min ACC +++++++++++
The acc is 0.8925, 0.8744, 0.9080
Time Consumption for one epoch is 21.982743501663208s
======================================= Epoch 18 =======================================
================= Test Set =================
+++++++++++ Find New Best Min ACC +++++++++++
The acc is 0.9022, 0.8907, 0.9120
Time Consumption for one epoch is 21.839491367340088s
======================================= Epoch 19 =======================================
================= Test Set =================
+++++++++++ Find New Best Min ACC +++++++++++
The acc is 0.9032, 0.8930, 0.9120
Time Consumption for one epoch is 22.205933332443237s
The final acc is 0.9032, 0.8930, 0.9120
