Namespace(data_dir='/data/yihua/dataset/celeba/celeba.hdf5', result_dir='results', checkpoint=None, resume=False, domain_attrs='Male', target_attrs='Heavy_Makeup', exp_name=None, batch_size=512, lr=0.0001, wd=2e-05, epochs=20, seed=2024, num_workers=8, arch='resnet9', evaluate=False, gv=1e-05, gr=0.3)
======================================= Epoch 0 =======================================
================= Test Set =================
+++++++++++ Find New Best Min ACC +++++++++++
The acc is 0.5000, 0.5000, 0.5000
Time Consumption for one epoch is 9.972838878631592s
======================================= Epoch 1 =======================================
================= Test Set =================
The acc is 0.5000, 0.5000, 0.5000
Time Consumption for one epoch is 7.924485921859741s
======================================= Epoch 2 =======================================
================= Test Set =================
The acc is 0.5000, 0.5000, 0.5000
Time Consumption for one epoch is 7.42865777015686s
======================================= Epoch 3 =======================================
================= Test Set =================
The acc is 0.5000, 0.5000, 0.5000
Time Consumption for one epoch is 8.83142375946045s
======================================= Epoch 4 =======================================
================= Test Set =================
The acc is 0.5000, 0.5000, 0.5000
Time Consumption for one epoch is 10.02308464050293s
======================================= Epoch 5 =======================================
================= Test Set =================
The acc is 0.5000, 0.5000, 0.5000
Time Consumption for one epoch is 8.566751718521118s
======================================= Epoch 6 =======================================
================= Test Set =================
The acc is 0.5000, 0.5000, 0.5000
Time Consumption for one epoch is 7.719366788864136s
======================================= Epoch 7 =======================================
================= Test Set =================
The acc is 0.5000, 0.5000, 0.5000
Time Consumption for one epoch is 7.46637487411499s
======================================= Epoch 8 =======================================
================= Test Set =================
The acc is 0.5000, 0.5000, 0.5000
Time Consumption for one epoch is 7.619720458984375s
======================================= Epoch 9 =======================================
================= Test Set =================
+++++++++++ Find New Best Min ACC +++++++++++
The acc is 0.5409, 0.5227, 0.5455
Time Consumption for one epoch is 10.650760889053345s
======================================= Epoch 10 =======================================
================= Test Set =================
+++++++++++ Find New Best Min ACC +++++++++++
The acc is 0.5545, 0.4773, 0.5739
Time Consumption for one epoch is 7.778605937957764s
======================================= Epoch 11 =======================================
================= Test Set =================
+++++++++++ Find New Best Min ACC +++++++++++
The acc is 0.6091, 0.5227, 0.6307
Time Consumption for one epoch is 8.115428447723389s
======================================= Epoch 12 =======================================
================= Test Set =================
+++++++++++ Find New Best Min ACC +++++++++++
The acc is 0.6682, 0.5455, 0.6989
Time Consumption for one epoch is 7.7061309814453125s
======================================= Epoch 13 =======================================
================= Test Set =================
The acc is 0.6682, 0.5455, 0.6989
Time Consumption for one epoch is 8.6033616065979s
======================================= Epoch 14 =======================================
================= Test Set =================
The acc is 0.6682, 0.5455, 0.6989
Time Consumption for one epoch is 8.94994592666626s
======================================= Epoch 15 =======================================
================= Test Set =================
+++++++++++ Find New Best Min ACC +++++++++++
The acc is 0.6864, 0.5682, 0.7159
Time Consumption for one epoch is 9.886254787445068s
======================================= Epoch 16 =======================================
================= Test Set =================
The acc is 0.6864, 0.5682, 0.7159
Time Consumption for one epoch is 8.518688917160034s
======================================= Epoch 17 =======================================
================= Test Set =================
The acc is 0.6864, 0.5682, 0.7159
Time Consumption for one epoch is 7.1350319385528564s
======================================= Epoch 18 =======================================
================= Test Set =================
The acc is 0.6864, 0.5682, 0.7159
Time Consumption for one epoch is 8.1614408493042s
======================================= Epoch 19 =======================================
================= Test Set =================
The acc is 0.6864, 0.5682, 0.7159
Time Consumption for one epoch is 9.35675597190857s
The final acc is 0.6864, 0.5682, 0.7159
