Namespace(data_dir='/data/yihua/dataset/celeba/celeba.hdf5', result_dir='results', checkpoint=None, resume=False, domain_attrs='Male', target_attrs='Heavy_Makeup', exp_name=None, batch_size=512, lr=0.0001, wd=2e-05, epochs=20, seed=2023, num_workers=8, arch='resnet9', evaluate=False, gv=1.0, gr=0.1)
======================================= Epoch 0 =======================================
================= Test Set =================
+++++++++++ Find New Best Min ACC +++++++++++
The acc is 0.5000, 0.5000, 0.5000
Time Consumption for one epoch is 8.921635150909424s
======================================= Epoch 1 =======================================
================= Test Set =================
The acc is 0.5000, 0.5000, 0.5000
Time Consumption for one epoch is 8.987891435623169s
======================================= Epoch 2 =======================================
================= Test Set =================
+++++++++++ Find New Best Min ACC +++++++++++
The acc is 0.5091, 0.5227, 0.5057
Time Consumption for one epoch is 8.800240755081177s
======================================= Epoch 3 =======================================
================= Test Set =================
+++++++++++ Find New Best Min ACC +++++++++++
The acc is 0.5182, 0.4773, 0.5284
Time Consumption for one epoch is 7.800243139266968s
======================================= Epoch 4 =======================================
================= Test Set =================
The acc is 0.5182, 0.4773, 0.5284
Time Consumption for one epoch is 7.747793436050415s
======================================= Epoch 5 =======================================
================= Test Set =================
The acc is 0.5182, 0.4773, 0.5284
Time Consumption for one epoch is 8.403340101242065s
======================================= Epoch 6 =======================================
================= Test Set =================
+++++++++++ Find New Best Min ACC +++++++++++
The acc is 0.5682, 0.4545, 0.5966
Time Consumption for one epoch is 9.188227653503418s
======================================= Epoch 7 =======================================
================= Test Set =================
+++++++++++ Find New Best Min ACC +++++++++++
The acc is 0.5955, 0.5455, 0.6080
Time Consumption for one epoch is 7.870877027511597s
======================================= Epoch 8 =======================================
================= Test Set =================
+++++++++++ Find New Best Min ACC +++++++++++
The acc is 0.6136, 0.5455, 0.6307
Time Consumption for one epoch is 8.102147579193115s
======================================= Epoch 9 =======================================
================= Test Set =================
The acc is 0.6136, 0.5455, 0.6307
Time Consumption for one epoch is 7.887535333633423s
======================================= Epoch 10 =======================================
================= Test Set =================
The acc is 0.6136, 0.5455, 0.6307
Time Consumption for one epoch is 7.664149522781372s
======================================= Epoch 11 =======================================
================= Test Set =================
+++++++++++ Find New Best Min ACC +++++++++++
The acc is 0.6591, 0.5909, 0.6761
Time Consumption for one epoch is 8.42950177192688s
======================================= Epoch 12 =======================================
================= Test Set =================
The acc is 0.6591, 0.5909, 0.6761
Time Consumption for one epoch is 8.456211566925049s
======================================= Epoch 13 =======================================
================= Test Set =================
The acc is 0.6591, 0.5909, 0.6761
Time Consumption for one epoch is 8.48318076133728s
======================================= Epoch 14 =======================================
================= Test Set =================
The acc is 0.6591, 0.5909, 0.6761
Time Consumption for one epoch is 8.142453908920288s
======================================= Epoch 15 =======================================
================= Test Set =================
The acc is 0.6591, 0.5909, 0.6761
Time Consumption for one epoch is 7.1135265827178955s
======================================= Epoch 16 =======================================
================= Test Set =================
The acc is 0.6591, 0.5909, 0.6761
Time Consumption for one epoch is 8.351723194122314s
======================================= Epoch 17 =======================================
================= Test Set =================
The acc is 0.6591, 0.5909, 0.6761
Time Consumption for one epoch is 8.476037979125977s
======================================= Epoch 18 =======================================
================= Test Set =================
The acc is 0.6591, 0.5909, 0.6761
Time Consumption for one epoch is 7.123471975326538s
======================================= Epoch 19 =======================================
================= Test Set =================
The acc is 0.6591, 0.5909, 0.6761
Time Consumption for one epoch is 8.833258390426636s
The final acc is 0.6591, 0.5909, 0.6761
