Namespace(data_dir='/data/yihua/dataset/celeba/celeba.hdf5', result_dir='results', checkpoint=None, resume=False, domain_attrs='Male', target_attrs='High_Cheekbones', exp_name=None, batch_size=512, lr=0.0001, wd=2e-05, epochs=20, seed=2022, num_workers=8, arch='resnet9', evaluate=False, gv=0.2, gr=0.1)
======================================= Epoch 0 =======================================
================= Test Set =================
+++++++++++ Find New Best Min ACC +++++++++++
The acc is 0.7890, 0.7674, 0.7944
Time Consumption for one epoch is 132.04297375679016s
======================================= Epoch 1 =======================================
================= Test Set =================
+++++++++++ Find New Best Min ACC +++++++++++
The acc is 0.8339, 0.7839, 0.8465
Time Consumption for one epoch is 129.5616159439087s
======================================= Epoch 2 =======================================
================= Test Set =================
+++++++++++ Find New Best Min ACC +++++++++++
The acc is 0.8558, 0.8188, 0.8651
Time Consumption for one epoch is 128.35174417495728s
======================================= Epoch 3 =======================================
================= Test Set =================
The acc is 0.8558, 0.8188, 0.8651
Time Consumption for one epoch is 128.5216462612152s
======================================= Epoch 4 =======================================
================= Test Set =================
The acc is 0.8558, 0.8188, 0.8651
Time Consumption for one epoch is 129.83115649223328s
======================================= Epoch 5 =======================================
================= Test Set =================
+++++++++++ Find New Best Min ACC +++++++++++
The acc is 0.8663, 0.8180, 0.8784
Time Consumption for one epoch is 129.84613585472107s
======================================= Epoch 6 =======================================
================= Test Set =================
The acc is 0.8663, 0.8180, 0.8784
Time Consumption for one epoch is 129.94703125953674s
======================================= Epoch 7 =======================================
================= Test Set =================
+++++++++++ Find New Best Min ACC +++++++++++
The acc is 0.8718, 0.8248, 0.8835
Time Consumption for one epoch is 130.27463817596436s
======================================= Epoch 8 =======================================
================= Test Set =================
+++++++++++ Find New Best Min ACC +++++++++++
The acc is 0.8744, 0.8288, 0.8858
Time Consumption for one epoch is 129.84928607940674s
======================================= Epoch 9 =======================================
================= Test Set =================
The acc is 0.8744, 0.8288, 0.8858
Time Consumption for one epoch is 130.0606632232666s
======================================= Epoch 10 =======================================
================= Test Set =================
The acc is 0.8744, 0.8288, 0.8858
Time Consumption for one epoch is 130.30100750923157s
======================================= Epoch 11 =======================================
================= Test Set =================
The acc is 0.8744, 0.8288, 0.8858
Time Consumption for one epoch is 130.03910088539124s
======================================= Epoch 12 =======================================
================= Test Set =================
The acc is 0.8744, 0.8288, 0.8858
Time Consumption for one epoch is 129.15452790260315s
======================================= Epoch 13 =======================================
================= Test Set =================
The acc is 0.8744, 0.8288, 0.8858
Time Consumption for one epoch is 130.21865677833557s
======================================= Epoch 14 =======================================
================= Test Set =================
The acc is 0.8744, 0.8288, 0.8858
Time Consumption for one epoch is 129.49602437019348s
======================================= Epoch 15 =======================================
================= Test Set =================
The acc is 0.8744, 0.8288, 0.8858
Time Consumption for one epoch is 130.24805355072021s
======================================= Epoch 16 =======================================
================= Test Set =================
+++++++++++ Find New Best Min ACC +++++++++++
The acc is 0.8788, 0.8400, 0.8886
Time Consumption for one epoch is 129.7284698486328s
======================================= Epoch 17 =======================================
================= Test Set =================
The acc is 0.8788, 0.8400, 0.8886
Time Consumption for one epoch is 129.24790930747986s
======================================= Epoch 18 =======================================
================= Test Set =================
The acc is 0.8788, 0.8400, 0.8886
Time Consumption for one epoch is 129.11555409431458s
======================================= Epoch 19 =======================================
================= Test Set =================
+++++++++++ Find New Best Min ACC +++++++++++
The acc is 0.8790, 0.8372, 0.8895
Time Consumption for one epoch is 129.27116656303406s
The final acc is 0.8790, 0.8372, 0.8895
