Namespace(data_dir='/data/yihua/dataset/celeba/celeba.hdf5', result_dir='results', checkpoint=None, resume=False, domain_attrs='Male', target_attrs='Heavy_Makeup', exp_name=None, batch_size=512, lr=0.0001, wd=2e-05, epochs=20, seed=2022, num_workers=8, arch='resnet9', evaluate=False, gv=1e-05, gr=0.5)
======================================= Epoch 0 =======================================
================= Test Set =================
+++++++++++ Find New Best Min ACC +++++++++++
The acc is 0.5000, 0.5000, 0.5000
Time Consumption for one epoch is 9.498924016952515s
======================================= Epoch 1 =======================================
================= Test Set =================
The acc is 0.5000, 0.5000, 0.5000
Time Consumption for one epoch is 9.091565608978271s
======================================= Epoch 2 =======================================
================= Test Set =================
+++++++++++ Find New Best Min ACC +++++++++++
The acc is 0.5500, 0.5682, 0.5455
Time Consumption for one epoch is 8.997918844223022s
======================================= Epoch 3 =======================================
================= Test Set =================
The acc is 0.5500, 0.5682, 0.5455
Time Consumption for one epoch is 8.486615896224976s
======================================= Epoch 4 =======================================
================= Test Set =================
The acc is 0.5500, 0.5682, 0.5455
Time Consumption for one epoch is 8.738648891448975s
======================================= Epoch 5 =======================================
================= Test Set =================
The acc is 0.5500, 0.5682, 0.5455
Time Consumption for one epoch is 8.946438789367676s
======================================= Epoch 6 =======================================
================= Test Set =================
The acc is 0.5500, 0.5682, 0.5455
Time Consumption for one epoch is 7.767500877380371s
======================================= Epoch 7 =======================================
================= Test Set =================
The acc is 0.5500, 0.5682, 0.5455
Time Consumption for one epoch is 8.663306951522827s
======================================= Epoch 8 =======================================
================= Test Set =================
+++++++++++ Find New Best Min ACC +++++++++++
The acc is 0.5864, 0.5682, 0.5909
Time Consumption for one epoch is 9.842618942260742s
======================================= Epoch 9 =======================================
================= Test Set =================
+++++++++++ Find New Best Min ACC +++++++++++
The acc is 0.6136, 0.5455, 0.6307
Time Consumption for one epoch is 8.924536228179932s
======================================= Epoch 10 =======================================
================= Test Set =================
The acc is 0.6136, 0.5455, 0.6307
Time Consumption for one epoch is 10.115140199661255s
======================================= Epoch 11 =======================================
================= Test Set =================
+++++++++++ Find New Best Min ACC +++++++++++
The acc is 0.6773, 0.6364, 0.6875
Time Consumption for one epoch is 8.540131330490112s
======================================= Epoch 12 =======================================
================= Test Set =================
The acc is 0.6773, 0.6364, 0.6875
Time Consumption for one epoch is 9.419944763183594s
======================================= Epoch 13 =======================================
================= Test Set =================
The acc is 0.6773, 0.6364, 0.6875
Time Consumption for one epoch is 8.341527700424194s
======================================= Epoch 14 =======================================
================= Test Set =================
The acc is 0.6773, 0.6364, 0.6875
Time Consumption for one epoch is 8.27618408203125s
======================================= Epoch 15 =======================================
================= Test Set =================
+++++++++++ Find New Best Min ACC +++++++++++
The acc is 0.6909, 0.6591, 0.6989
Time Consumption for one epoch is 9.205432653427124s
======================================= Epoch 16 =======================================
================= Test Set =================
The acc is 0.6909, 0.6591, 0.6989
Time Consumption for one epoch is 8.78866195678711s
======================================= Epoch 17 =======================================
================= Test Set =================
+++++++++++ Find New Best Min ACC +++++++++++
The acc is 0.7091, 0.6591, 0.7216
Time Consumption for one epoch is 9.745412111282349s
======================================= Epoch 18 =======================================
================= Test Set =================
The acc is 0.7091, 0.6591, 0.7216
Time Consumption for one epoch is 8.129338264465332s
======================================= Epoch 19 =======================================
================= Test Set =================
+++++++++++ Find New Best Min ACC +++++++++++
The acc is 0.7136, 0.7045, 0.7159
Time Consumption for one epoch is 10.20545744895935s
The final acc is 0.7136, 0.7045, 0.7159
