Namespace(data_dir='/data/yihua/dataset/celeba/celeba.hdf5', result_dir='results', checkpoint=None, resume=False, domain_attrs='Male', target_attrs='High_Cheekbones', exp_name=None, batch_size=512, lr=0.0001, wd=2e-05, epochs=20, seed=2022, num_workers=8, arch='resnet9', evaluate=False, gv=0.1, gr=0.1)
======================================= Epoch 0 =======================================
================= Test Set =================
+++++++++++ Find New Best Min ACC +++++++++++
The acc is 0.7886, 0.7711, 0.7929
Time Consumption for one epoch is 132.4340054988861s
======================================= Epoch 1 =======================================
================= Test Set =================
+++++++++++ Find New Best Min ACC +++++++++++
The acc is 0.8511, 0.8055, 0.8625
Time Consumption for one epoch is 131.04571223258972s
======================================= Epoch 2 =======================================
================= Test Set =================
+++++++++++ Find New Best Min ACC +++++++++++
The acc is 0.8558, 0.8204, 0.8646
Time Consumption for one epoch is 129.77575540542603s
======================================= Epoch 3 =======================================
================= Test Set =================
The acc is 0.8558, 0.8204, 0.8646
Time Consumption for one epoch is 129.28869891166687s
======================================= Epoch 4 =======================================
================= Test Set =================
+++++++++++ Find New Best Min ACC +++++++++++
The acc is 0.8581, 0.8091, 0.8703
Time Consumption for one epoch is 128.89439630508423s
======================================= Epoch 5 =======================================
================= Test Set =================
+++++++++++ Find New Best Min ACC +++++++++++
The acc is 0.8643, 0.8224, 0.8747
Time Consumption for one epoch is 130.58045721054077s
======================================= Epoch 6 =======================================
================= Test Set =================
The acc is 0.8643, 0.8224, 0.8747
Time Consumption for one epoch is 128.19864082336426s
======================================= Epoch 7 =======================================
================= Test Set =================
+++++++++++ Find New Best Min ACC +++++++++++
The acc is 0.8732, 0.8312, 0.8836
Time Consumption for one epoch is 129.7340543270111s
======================================= Epoch 8 =======================================
================= Test Set =================
The acc is 0.8732, 0.8312, 0.8836
Time Consumption for one epoch is 129.11415338516235s
======================================= Epoch 9 =======================================
================= Test Set =================
The acc is 0.8732, 0.8312, 0.8836
Time Consumption for one epoch is 129.24388599395752s
======================================= Epoch 10 =======================================
================= Test Set =================
+++++++++++ Find New Best Min ACC +++++++++++
The acc is 0.8739, 0.8340, 0.8838
Time Consumption for one epoch is 130.37628889083862s
======================================= Epoch 11 =======================================
================= Test Set =================
The acc is 0.8739, 0.8340, 0.8838
Time Consumption for one epoch is 130.0311667919159s
======================================= Epoch 12 =======================================
================= Test Set =================
The acc is 0.8739, 0.8340, 0.8838
Time Consumption for one epoch is 130.56160593032837s
======================================= Epoch 13 =======================================
================= Test Set =================
The acc is 0.8739, 0.8340, 0.8838
Time Consumption for one epoch is 129.97004914283752s
======================================= Epoch 14 =======================================
================= Test Set =================
The acc is 0.8739, 0.8340, 0.8838
Time Consumption for one epoch is 129.95791459083557s
======================================= Epoch 15 =======================================
================= Test Set =================
The acc is 0.8739, 0.8340, 0.8838
Time Consumption for one epoch is 129.17022728919983s
======================================= Epoch 16 =======================================
================= Test Set =================
+++++++++++ Find New Best Min ACC +++++++++++
The acc is 0.8789, 0.8380, 0.8892
Time Consumption for one epoch is 130.42668628692627s
======================================= Epoch 17 =======================================
================= Test Set =================
The acc is 0.8789, 0.8380, 0.8892
Time Consumption for one epoch is 129.9842712879181s
======================================= Epoch 18 =======================================
================= Test Set =================
The acc is 0.8789, 0.8380, 0.8892
Time Consumption for one epoch is 129.32343697547913s
======================================= Epoch 19 =======================================
================= Test Set =================
The acc is 0.8789, 0.8380, 0.8892
Time Consumption for one epoch is 129.4118149280548s
The final acc is 0.8789, 0.8380, 0.8892
