Namespace(data_dir='/data/yihua/dataset/celeba/celeba.hdf5', result_dir='results', checkpoint=None, resume=False, domain_attrs='Male', target_attrs='Blond_Hair', exp_name=None, batch_size=512, lr=0.0001, wd=2e-05, epochs=20, seed=2022, num_workers=8, arch='resnet9', evaluate=False, gv=0.25, gr=0.1)
======================================= Epoch 0 =======================================
================= Test Set =================
+++++++++++ Find New Best Min ACC +++++++++++
The acc is 0.5550, 0.5250, 0.5625
Time Consumption for one epoch is 29.744706392288208s
======================================= Epoch 1 =======================================
================= Test Set =================
+++++++++++ Find New Best Min ACC +++++++++++
The acc is 0.8522, 0.7917, 0.8674
Time Consumption for one epoch is 27.30349349975586s
======================================= Epoch 2 =======================================
================= Test Set =================
The acc is 0.8522, 0.7917, 0.8674
Time Consumption for one epoch is 25.751856327056885s
======================================= Epoch 3 =======================================
================= Test Set =================
+++++++++++ Find New Best Min ACC +++++++++++
The acc is 0.9006, 0.8583, 0.9111
Time Consumption for one epoch is 26.94877529144287s
======================================= Epoch 4 =======================================
================= Test Set =================
The acc is 0.9006, 0.8583, 0.9111
Time Consumption for one epoch is 26.325134754180908s
======================================= Epoch 5 =======================================
================= Test Set =================
+++++++++++ Find New Best Min ACC +++++++++++
The acc is 0.9050, 0.8639, 0.9153
Time Consumption for one epoch is 25.84919762611389s
======================================= Epoch 6 =======================================
================= Test Set =================
The acc is 0.9050, 0.8639, 0.9153
Time Consumption for one epoch is 27.338043212890625s
======================================= Epoch 7 =======================================
================= Test Set =================
The acc is 0.9050, 0.8639, 0.9153
Time Consumption for one epoch is 26.49422001838684s
======================================= Epoch 8 =======================================
================= Test Set =================
The acc is 0.9050, 0.8639, 0.9153
Time Consumption for one epoch is 27.181312799453735s
======================================= Epoch 9 =======================================
================= Test Set =================
+++++++++++ Find New Best Min ACC +++++++++++
The acc is 0.9178, 0.9083, 0.9201
Time Consumption for one epoch is 27.437974214553833s
======================================= Epoch 10 =======================================
================= Test Set =================
The acc is 0.9178, 0.9083, 0.9201
Time Consumption for one epoch is 25.66081690788269s
======================================= Epoch 11 =======================================
================= Test Set =================
The acc is 0.9178, 0.9083, 0.9201
Time Consumption for one epoch is 26.95305871963501s
======================================= Epoch 12 =======================================
================= Test Set =================
The acc is 0.9178, 0.9083, 0.9201
Time Consumption for one epoch is 25.276819467544556s
======================================= Epoch 13 =======================================
================= Test Set =================
The acc is 0.9178, 0.9083, 0.9201
Time Consumption for one epoch is 25.917688846588135s
======================================= Epoch 14 =======================================
================= Test Set =================
The acc is 0.9178, 0.9083, 0.9201
Time Consumption for one epoch is 25.869174480438232s
======================================= Epoch 15 =======================================
================= Test Set =================
The acc is 0.9178, 0.9083, 0.9201
Time Consumption for one epoch is 25.353031396865845s
======================================= Epoch 16 =======================================
================= Test Set =================
The acc is 0.9178, 0.9083, 0.9201
Time Consumption for one epoch is 26.49435067176819s
======================================= Epoch 17 =======================================
================= Test Set =================
+++++++++++ Find New Best Min ACC +++++++++++
The acc is 0.9222, 0.9083, 0.9257
Time Consumption for one epoch is 26.126142263412476s
======================================= Epoch 18 =======================================
================= Test Set =================
The acc is 0.9222, 0.9083, 0.9257
Time Consumption for one epoch is 27.181178331375122s
======================================= Epoch 19 =======================================
================= Test Set =================
The acc is 0.9222, 0.9083, 0.9257
Time Consumption for one epoch is 26.365509033203125s
The final acc is 0.9222, 0.9083, 0.9257
