Namespace(data_dir='/data/yihua/dataset/celeba/celeba.hdf5', result_dir='results', checkpoint=None, resume=False, domain_attrs='Male', target_attrs='High_Cheekbones', exp_name=None, batch_size=512, lr=0.0001, wd=2e-05, epochs=20, seed=42, num_workers=8, arch='resnet18', evaluate=False, gv=0.25, gr=0.5)
======================================= Epoch 0 =======================================
================= Test Set =================
+++++++++++ Find New Best Min ACC +++++++++++
The acc is 0.8530, 0.8039, 0.8652
Time Consumption for one epoch is 280.9443430900574s
======================================= Epoch 1 =======================================
================= Test Set =================
+++++++++++ Find New Best Min ACC +++++++++++
The acc is 0.8594, 0.8119, 0.8712
Time Consumption for one epoch is 277.5177311897278s
======================================= Epoch 2 =======================================
================= Test Set =================
+++++++++++ Find New Best Min ACC +++++++++++
The acc is 0.8672, 0.8196, 0.8791
Time Consumption for one epoch is 278.19584226608276s
======================================= Epoch 3 =======================================
================= Test Set =================
The acc is 0.8672, 0.8196, 0.8791
Time Consumption for one epoch is 276.5545103549957s
======================================= Epoch 4 =======================================
================= Test Set =================
The acc is 0.8672, 0.8196, 0.8791
Time Consumption for one epoch is 279.15544414520264s
======================================= Epoch 5 =======================================
================= Test Set =================
The acc is 0.8672, 0.8196, 0.8791
Time Consumption for one epoch is 278.3714349269867s
======================================= Epoch 6 =======================================
================= Test Set =================
+++++++++++ Find New Best Min ACC +++++++++++
The acc is 0.8730, 0.8276, 0.8843
Time Consumption for one epoch is 282.8012533187866s
======================================= Epoch 7 =======================================
================= Test Set =================
The acc is 0.8730, 0.8276, 0.8843
Time Consumption for one epoch is 279.9691677093506s
======================================= Epoch 8 =======================================
================= Test Set =================
The acc is 0.8730, 0.8276, 0.8843
Time Consumption for one epoch is 282.8907117843628s
======================================= Epoch 9 =======================================
================= Test Set =================
The acc is 0.8730, 0.8276, 0.8843
Time Consumption for one epoch is 278.7280538082123s
======================================= Epoch 10 =======================================
================= Test Set =================
+++++++++++ Find New Best Min ACC +++++++++++
The acc is 0.8752, 0.8312, 0.8861
Time Consumption for one epoch is 284.655166387558s
======================================= Epoch 11 =======================================
================= Test Set =================
The acc is 0.8752, 0.8312, 0.8861
Time Consumption for one epoch is 279.6520709991455s
======================================= Epoch 12 =======================================
================= Test Set =================
The acc is 0.8752, 0.8312, 0.8861
Time Consumption for one epoch is 283.7691798210144s
======================================= Epoch 13 =======================================
================= Test Set =================
+++++++++++ Find New Best Min ACC +++++++++++
The acc is 0.8761, 0.8248, 0.8890
Time Consumption for one epoch is 281.17460799217224s
======================================= Epoch 14 =======================================
================= Test Set =================
The acc is 0.8761, 0.8248, 0.8890
Time Consumption for one epoch is 282.03987431526184s
======================================= Epoch 15 =======================================
================= Test Set =================
+++++++++++ Find New Best Min ACC +++++++++++
The acc is 0.8768, 0.8356, 0.8871
Time Consumption for one epoch is 280.7292478084564s
======================================= Epoch 16 =======================================
================= Test Set =================
+++++++++++ Find New Best Min ACC +++++++++++
The acc is 0.8771, 0.8288, 0.8892
Time Consumption for one epoch is 281.1893379688263s
======================================= Epoch 17 =======================================
================= Test Set =================
+++++++++++ Find New Best Min ACC +++++++++++
The acc is 0.8784, 0.8348, 0.8894
Time Consumption for one epoch is 283.704541683197s
======================================= Epoch 18 =======================================
================= Test Set =================
+++++++++++ Find New Best Min ACC +++++++++++
The acc is 0.8785, 0.8352, 0.8894
Time Consumption for one epoch is 283.6461217403412s
======================================= Epoch 19 =======================================
================= Test Set =================
The acc is 0.8785, 0.8352, 0.8894
Time Consumption for one epoch is 280.906329870224s
The final acc is 0.8785, 0.8352, 0.8894
