Namespace(data_dir='/data/yihua/dataset/celeba/celeba.hdf5', result_dir='rotation_study', checkpoint=None, resume=False, domain_attrs='Male', target_attrs='Blond_Hair', exp_name=None, batch_size=512, lr=0.0001, wd=2e-05, epochs=20, seed=2022, num_workers=8, arch='resnet18', evaluate=False, total_num=5000, test_num=1000, gv=150.0, gr=0.3, minor_ratio=0.2, add_aug='rotation')
======================================= Epoch 0 =======================================
================= Test Set =================
+++++++++++ Find New Best Min ACC +++++++++++
The acc is 0.5376, 0.5814, 0.5000
Time Consumption for one epoch is 22.078197717666626s
======================================= Epoch 1 =======================================
================= Test Set =================
+++++++++++ Find New Best Min ACC +++++++++++
The acc is 0.7527, 0.7256, 0.7760
Time Consumption for one epoch is 21.784859657287598s
======================================= Epoch 2 =======================================
================= Test Set =================
The acc is 0.7527, 0.7256, 0.7760
Time Consumption for one epoch is 20.43906307220459s
======================================= Epoch 3 =======================================
================= Test Set =================
The acc is 0.7527, 0.7256, 0.7760
Time Consumption for one epoch is 21.054824352264404s
======================================= Epoch 4 =======================================
================= Test Set =================
The acc is 0.7527, 0.7256, 0.7760
Time Consumption for one epoch is 22.120583057403564s
======================================= Epoch 5 =======================================
================= Test Set =================
The acc is 0.7527, 0.7256, 0.7760
Time Consumption for one epoch is 20.768967151641846s
======================================= Epoch 6 =======================================
================= Test Set =================
The acc is 0.7527, 0.7256, 0.7760
Time Consumption for one epoch is 21.263723611831665s
======================================= Epoch 7 =======================================
================= Test Set =================
+++++++++++ Find New Best Min ACC +++++++++++
The acc is 0.8452, 0.8186, 0.8680
Time Consumption for one epoch is 20.203323125839233s
======================================= Epoch 8 =======================================
================= Test Set =================
The acc is 0.8452, 0.8186, 0.8680
Time Consumption for one epoch is 21.526447772979736s
======================================= Epoch 9 =======================================
================= Test Set =================
The acc is 0.8452, 0.8186, 0.8680
Time Consumption for one epoch is 21.718812704086304s
======================================= Epoch 10 =======================================
================= Test Set =================
The acc is 0.8452, 0.8186, 0.8680
Time Consumption for one epoch is 20.56896185874939s
======================================= Epoch 11 =======================================
================= Test Set =================
The acc is 0.8452, 0.8186, 0.8680
Time Consumption for one epoch is 20.162398099899292s
======================================= Epoch 12 =======================================
================= Test Set =================
+++++++++++ Find New Best Min ACC +++++++++++
The acc is 0.8828, 0.8651, 0.8980
Time Consumption for one epoch is 19.993820905685425s
======================================= Epoch 13 =======================================
================= Test Set =================
+++++++++++ Find New Best Min ACC +++++++++++
The acc is 0.8860, 0.8721, 0.8980
Time Consumption for one epoch is 20.760029077529907s
======================================= Epoch 14 =======================================
================= Test Set =================
The acc is 0.8860, 0.8721, 0.8980
Time Consumption for one epoch is 20.590051889419556s
======================================= Epoch 15 =======================================
================= Test Set =================
+++++++++++ Find New Best Min ACC +++++++++++
The acc is 0.8925, 0.8791, 0.9040
Time Consumption for one epoch is 20.411402225494385s
======================================= Epoch 16 =======================================
================= Test Set =================
+++++++++++ Find New Best Min ACC +++++++++++
The acc is 0.8957, 0.8767, 0.9120
Time Consumption for one epoch is 20.33942723274231s
======================================= Epoch 17 =======================================
================= Test Set =================
The acc is 0.8957, 0.8767, 0.9120
Time Consumption for one epoch is 19.533528804779053s
======================================= Epoch 18 =======================================
================= Test Set =================
The acc is 0.8957, 0.8767, 0.9120
Time Consumption for one epoch is 19.373507499694824s
======================================= Epoch 19 =======================================
================= Test Set =================
The acc is 0.8957, 0.8767, 0.9120
Time Consumption for one epoch is 21.169772624969482s
The final acc is 0.8957, 0.8767, 0.9120
