Namespace(data_dir='/data/yihua/dataset/celeba/celeba.hdf5', result_dir='crop_study', checkpoint=None, resume=False, domain_attrs='Male', target_attrs='Blond_Hair', exp_name=None, batch_size=512, lr=0.0001, wd=2e-05, epochs=20, seed=2021, num_workers=8, arch='resnet9', evaluate=False, total_num=5000, test_num=1000, gv=200.0, gr=0.5, minor_ratio=0.2, add_aug='crop')
======================================= Epoch 0 =======================================
================= Test Set =================
+++++++++++ Find New Best Min ACC +++++++++++
The acc is 0.4624, 0.4186, 0.5000
Time Consumption for one epoch is 17.216801643371582s
======================================= Epoch 1 =======================================
================= Test Set =================
The acc is 0.4624, 0.4186, 0.5000
Time Consumption for one epoch is 14.485832452774048s
======================================= Epoch 2 =======================================
================= Test Set =================
+++++++++++ Find New Best Min ACC +++++++++++
The acc is 0.6097, 0.5535, 0.6580
Time Consumption for one epoch is 15.300909996032715s
======================================= Epoch 3 =======================================
================= Test Set =================
+++++++++++ Find New Best Min ACC +++++++++++
The acc is 0.6527, 0.6465, 0.6580
Time Consumption for one epoch is 15.098058462142944s
======================================= Epoch 4 =======================================
================= Test Set =================
+++++++++++ Find New Best Min ACC +++++++++++
The acc is 0.8280, 0.7977, 0.8540
Time Consumption for one epoch is 14.11377215385437s
======================================= Epoch 5 =======================================
================= Test Set =================
+++++++++++ Find New Best Min ACC +++++++++++
The acc is 0.8634, 0.8372, 0.8860
Time Consumption for one epoch is 14.880435228347778s
======================================= Epoch 6 =======================================
================= Test Set =================
+++++++++++ Find New Best Min ACC +++++++++++
The acc is 0.8753, 0.8488, 0.8980
Time Consumption for one epoch is 14.958189487457275s
======================================= Epoch 7 =======================================
================= Test Set =================
+++++++++++ Find New Best Min ACC +++++++++++
The acc is 0.8774, 0.8674, 0.8860
Time Consumption for one epoch is 14.94260048866272s
======================================= Epoch 8 =======================================
================= Test Set =================
+++++++++++ Find New Best Min ACC +++++++++++
The acc is 0.8871, 0.8628, 0.9080
Time Consumption for one epoch is 14.995252132415771s
======================================= Epoch 9 =======================================
================= Test Set =================
The acc is 0.8871, 0.8628, 0.9080
Time Consumption for one epoch is 14.834360599517822s
======================================= Epoch 10 =======================================
================= Test Set =================
The acc is 0.8871, 0.8628, 0.9080
Time Consumption for one epoch is 14.230745792388916s
======================================= Epoch 11 =======================================
================= Test Set =================
The acc is 0.8871, 0.8628, 0.9080
Time Consumption for one epoch is 14.898067474365234s
======================================= Epoch 12 =======================================
================= Test Set =================
The acc is 0.8871, 0.8628, 0.9080
Time Consumption for one epoch is 14.031453132629395s
======================================= Epoch 13 =======================================
================= Test Set =================
+++++++++++ Find New Best Min ACC +++++++++++
The acc is 0.8903, 0.8767, 0.9020
Time Consumption for one epoch is 14.662677764892578s
======================================= Epoch 14 =======================================
================= Test Set =================
The acc is 0.8903, 0.8767, 0.9020
Time Consumption for one epoch is 14.64546823501587s
======================================= Epoch 15 =======================================
================= Test Set =================
The acc is 0.8903, 0.8767, 0.9020
Time Consumption for one epoch is 14.510882377624512s
======================================= Epoch 16 =======================================
================= Test Set =================
+++++++++++ Find New Best Min ACC +++++++++++
The acc is 0.9000, 0.8953, 0.9040
Time Consumption for one epoch is 14.91611623764038s
======================================= Epoch 17 =======================================
================= Test Set =================
The acc is 0.9000, 0.8953, 0.9040
Time Consumption for one epoch is 14.796805620193481s
======================================= Epoch 18 =======================================
================= Test Set =================
The acc is 0.9000, 0.8953, 0.9040
Time Consumption for one epoch is 14.47548770904541s
======================================= Epoch 19 =======================================
================= Test Set =================
The acc is 0.9000, 0.8953, 0.9040
Time Consumption for one epoch is 15.040151834487915s
The final acc is 0.9000, 0.8953, 0.9040
