Namespace(data_dir='/data/yihua/dataset/celeba/celeba.hdf5', result_dir='results', checkpoint=None, resume=False, domain_attrs='Male', target_attrs='Heavy_Makeup', exp_name=None, batch_size=512, lr=0.0001, wd=2e-05, epochs=20, seed=2023, num_workers=8, arch='resnet9', evaluate=False, gv=0.01, gr=0.3)
======================================= Epoch 0 =======================================
================= Test Set =================
+++++++++++ Find New Best Min ACC +++++++++++
The acc is 0.5000, 0.5227, 0.4943
Time Consumption for one epoch is 8.903444528579712s
======================================= Epoch 1 =======================================
================= Test Set =================
The acc is 0.5000, 0.5227, 0.4943
Time Consumption for one epoch is 8.732347011566162s
======================================= Epoch 2 =======================================
================= Test Set =================
The acc is 0.5000, 0.5227, 0.4943
Time Consumption for one epoch is 9.234239339828491s
======================================= Epoch 3 =======================================
================= Test Set =================
The acc is 0.5000, 0.5227, 0.4943
Time Consumption for one epoch is 9.082508563995361s
======================================= Epoch 4 =======================================
================= Test Set =================
The acc is 0.5000, 0.5227, 0.4943
Time Consumption for one epoch is 9.210611343383789s
======================================= Epoch 5 =======================================
================= Test Set =================
The acc is 0.5000, 0.5227, 0.4943
Time Consumption for one epoch is 8.523245573043823s
======================================= Epoch 6 =======================================
================= Test Set =================
+++++++++++ Find New Best Min ACC +++++++++++
The acc is 0.5045, 0.4545, 0.5170
Time Consumption for one epoch is 9.942427635192871s
======================================= Epoch 7 =======================================
================= Test Set =================
+++++++++++ Find New Best Min ACC +++++++++++
The acc is 0.5227, 0.5000, 0.5284
Time Consumption for one epoch is 8.890201330184937s
======================================= Epoch 8 =======================================
================= Test Set =================
+++++++++++ Find New Best Min ACC +++++++++++
The acc is 0.5909, 0.5227, 0.6080
Time Consumption for one epoch is 8.023569345474243s
======================================= Epoch 9 =======================================
================= Test Set =================
+++++++++++ Find New Best Min ACC +++++++++++
The acc is 0.6591, 0.5455, 0.6875
Time Consumption for one epoch is 9.164008378982544s
======================================= Epoch 10 =======================================
================= Test Set =================
The acc is 0.6591, 0.5455, 0.6875
Time Consumption for one epoch is 8.497859716415405s
======================================= Epoch 11 =======================================
================= Test Set =================
+++++++++++ Find New Best Min ACC +++++++++++
The acc is 0.6773, 0.5227, 0.7159
Time Consumption for one epoch is 9.46393609046936s
======================================= Epoch 12 =======================================
================= Test Set =================
The acc is 0.6773, 0.5227, 0.7159
Time Consumption for one epoch is 8.571298599243164s
======================================= Epoch 13 =======================================
================= Test Set =================
+++++++++++ Find New Best Min ACC +++++++++++
The acc is 0.6818, 0.5000, 0.7273
Time Consumption for one epoch is 9.182471752166748s
======================================= Epoch 14 =======================================
================= Test Set =================
The acc is 0.6818, 0.5000, 0.7273
Time Consumption for one epoch is 8.512930154800415s
======================================= Epoch 15 =======================================
================= Test Set =================
The acc is 0.6818, 0.5000, 0.7273
Time Consumption for one epoch is 7.738746166229248s
======================================= Epoch 16 =======================================
================= Test Set =================
The acc is 0.6818, 0.5000, 0.7273
Time Consumption for one epoch is 9.584580898284912s
======================================= Epoch 17 =======================================
================= Test Set =================
+++++++++++ Find New Best Min ACC +++++++++++
The acc is 0.7091, 0.5682, 0.7443
Time Consumption for one epoch is 8.664326906204224s
======================================= Epoch 18 =======================================
================= Test Set =================
The acc is 0.7091, 0.5682, 0.7443
Time Consumption for one epoch is 8.487834453582764s
======================================= Epoch 19 =======================================
================= Test Set =================
The acc is 0.7091, 0.5682, 0.7443
Time Consumption for one epoch is 8.463895320892334s
The final acc is 0.7091, 0.5682, 0.7443
