Namespace(data_dir='/data/yihua/dataset/celeba/celeba.hdf5', result_dir='results', checkpoint=None, resume=False, domain_attrs='Male', target_attrs='High_Cheekbones', exp_name=None, batch_size=512, lr=0.0001, wd=2e-05, epochs=20, seed=42, num_workers=8, arch='resnet9', evaluate=False, gv=0.2, gr=0.1)
======================================= Epoch 0 =======================================
================= Test Set =================
+++++++++++ Find New Best Min ACC +++++++++++
The acc is 0.8435, 0.7851, 0.8581
Time Consumption for one epoch is 131.58558630943298s
======================================= Epoch 1 =======================================
================= Test Set =================
The acc is 0.8435, 0.7851, 0.8581
Time Consumption for one epoch is 128.07785940170288s
======================================= Epoch 2 =======================================
================= Test Set =================
+++++++++++ Find New Best Min ACC +++++++++++
The acc is 0.8489, 0.8123, 0.8581
Time Consumption for one epoch is 130.75527095794678s
======================================= Epoch 3 =======================================
================= Test Set =================
+++++++++++ Find New Best Min ACC +++++++++++
The acc is 0.8623, 0.8224, 0.8722
Time Consumption for one epoch is 129.00933003425598s
======================================= Epoch 4 =======================================
================= Test Set =================
+++++++++++ Find New Best Min ACC +++++++++++
The acc is 0.8684, 0.8276, 0.8786
Time Consumption for one epoch is 129.1714584827423s
======================================= Epoch 5 =======================================
================= Test Set =================
+++++++++++ Find New Best Min ACC +++++++++++
The acc is 0.8715, 0.8288, 0.8821
Time Consumption for one epoch is 130.0114164352417s
======================================= Epoch 6 =======================================
================= Test Set =================
The acc is 0.8715, 0.8288, 0.8821
Time Consumption for one epoch is 129.10703778266907s
======================================= Epoch 7 =======================================
================= Test Set =================
The acc is 0.8715, 0.8288, 0.8821
Time Consumption for one epoch is 129.71354413032532s
======================================= Epoch 8 =======================================
================= Test Set =================
The acc is 0.8715, 0.8288, 0.8821
Time Consumption for one epoch is 130.56960487365723s
======================================= Epoch 9 =======================================
================= Test Set =================
The acc is 0.8715, 0.8288, 0.8821
Time Consumption for one epoch is 129.21204686164856s
======================================= Epoch 10 =======================================
================= Test Set =================
+++++++++++ Find New Best Min ACC +++++++++++
The acc is 0.8760, 0.8296, 0.8876
Time Consumption for one epoch is 129.92175436019897s
======================================= Epoch 11 =======================================
================= Test Set =================
The acc is 0.8760, 0.8296, 0.8876
Time Consumption for one epoch is 128.26413345336914s
======================================= Epoch 12 =======================================
================= Test Set =================
The acc is 0.8760, 0.8296, 0.8876
Time Consumption for one epoch is 128.97481322288513s
======================================= Epoch 13 =======================================
================= Test Set =================
The acc is 0.8760, 0.8296, 0.8876
Time Consumption for one epoch is 128.86109852790833s
======================================= Epoch 14 =======================================
================= Test Set =================
The acc is 0.8760, 0.8296, 0.8876
Time Consumption for one epoch is 129.24955129623413s
======================================= Epoch 15 =======================================
================= Test Set =================
The acc is 0.8760, 0.8296, 0.8876
Time Consumption for one epoch is 128.75579953193665s
======================================= Epoch 16 =======================================
================= Test Set =================
+++++++++++ Find New Best Min ACC +++++++++++
The acc is 0.8774, 0.8316, 0.8889
Time Consumption for one epoch is 129.3363697528839s
======================================= Epoch 17 =======================================
================= Test Set =================
+++++++++++ Find New Best Min ACC +++++++++++
The acc is 0.8805, 0.8348, 0.8919
Time Consumption for one epoch is 129.12206363677979s
======================================= Epoch 18 =======================================
================= Test Set =================
The acc is 0.8805, 0.8348, 0.8919
Time Consumption for one epoch is 129.50356554985046s
======================================= Epoch 19 =======================================
================= Test Set =================
The acc is 0.8805, 0.8348, 0.8919
Time Consumption for one epoch is 127.97387981414795s
The final acc is 0.8805, 0.8348, 0.8919
